[2024-06-13T08:49:43.836+0000] {local_task_job_runner.py:120} INFO - ::group::Pre task execution logs
[2024-06-13T08:49:43.851+0000] {taskinstance.py:2076} INFO - Dependencies all met for dep_context=non-requeueable deps ti=<TaskInstance: f1_data_pipeline_taskflow_with_kafka.consume_and_load_raceDim manual__2024-06-13T08:49:27.975611+00:00 [queued]>
[2024-06-13T08:49:43.856+0000] {taskinstance.py:2076} INFO - Dependencies all met for dep_context=requeueable deps ti=<TaskInstance: f1_data_pipeline_taskflow_with_kafka.consume_and_load_raceDim manual__2024-06-13T08:49:27.975611+00:00 [queued]>
[2024-06-13T08:49:43.857+0000] {taskinstance.py:2306} INFO - Starting attempt 1 of 1
[2024-06-13T08:49:43.864+0000] {taskinstance.py:2330} INFO - Executing <Task(_PythonDecoratedOperator): consume_and_load_raceDim> on 2024-06-13 08:49:27.975611+00:00
[2024-06-13T08:49:43.869+0000] {warnings.py:110} WARNING - /home/***/.local/lib/python3.12/site-packages/***/task/task_runner/standard_task_runner.py:61: DeprecationWarning: This process (pid=762) is multi-threaded, use of fork() may lead to deadlocks in the child.
  pid = os.fork()

[2024-06-13T08:49:43.870+0000] {standard_task_runner.py:63} INFO - Started process 764 to run task
[2024-06-13T08:49:43.871+0000] {standard_task_runner.py:90} INFO - Running: ['***', 'tasks', 'run', 'f1_data_pipeline_taskflow_with_kafka', 'consume_and_load_raceDim', 'manual__2024-06-13T08:49:27.975611+00:00', '--job-id', '58', '--raw', '--subdir', 'DAGS_FOLDER/kafka_data_scrape.py', '--cfg-path', '/tmp/tmpa9f74jjz']
[2024-06-13T08:49:43.872+0000] {standard_task_runner.py:91} INFO - Job 58: Subtask consume_and_load_raceDim
[2024-06-13T08:49:43.904+0000] {task_command.py:426} INFO - Running <TaskInstance: f1_data_pipeline_taskflow_with_kafka.consume_and_load_raceDim manual__2024-06-13T08:49:27.975611+00:00 [running]> on host c97498906c69
[2024-06-13T08:49:43.958+0000] {taskinstance.py:2648} INFO - Exporting env vars: AIRFLOW_CTX_DAG_OWNER='***' AIRFLOW_CTX_DAG_ID='f1_data_pipeline_taskflow_with_kafka' AIRFLOW_CTX_TASK_ID='consume_and_load_raceDim' AIRFLOW_CTX_EXECUTION_DATE='2024-06-13T08:49:27.975611+00:00' AIRFLOW_CTX_TRY_NUMBER='1' AIRFLOW_CTX_DAG_RUN_ID='manual__2024-06-13T08:49:27.975611+00:00'
[2024-06-13T08:49:43.959+0000] {taskinstance.py:430} INFO - ::endgroup::
[2024-06-13T08:49:43.961+0000] {conn.py:362} INFO - <BrokerConnection node_id=bootstrap-0 host=kafka:9092 <connecting> [IPv4 ('192.168.0.6', 9092)]>: connecting to kafka:9092 [('192.168.0.6', 9092) IPv4]
[2024-06-13T08:49:43.961+0000] {conn.py:957} INFO - Probing node bootstrap-0 broker version
[2024-06-13T08:49:43.962+0000] {conn.py:393} INFO - <BrokerConnection node_id=bootstrap-0 host=kafka:9092 <connecting> [IPv4 ('192.168.0.6', 9092)]>: Connection complete.
[2024-06-13T08:49:44.065+0000] {conn.py:1019} INFO - Broker version identified as 2.6.0
[2024-06-13T08:49:44.066+0000] {conn.py:1020} INFO - Set configuration api_version=(2, 6, 0) to skip auto check_version requests on startup
[2024-06-13T08:49:44.067+0000] {consumer.py:122} WARNING - group_id is None: disabling auto-commit.
[2024-06-13T08:49:44.067+0000] {subscription_state.py:167} INFO - Updating subscribed topics to: ('f1_data_topic_race',)
[2024-06-13T08:49:44.068+0000] {crypto.py:82} WARNING - empty cryptography key - values will not be stored encrypted.
[2024-06-13T08:49:44.068+0000] {base.py:84} INFO - Using connection ID 'sourcedb_connection' for task execution.
[2024-06-13T08:49:44.094+0000] {subscription_state.py:253} INFO - Updated partition assignment: [('f1_data_topic_race', 0)]
[2024-06-13T08:49:44.094+0000] {conn.py:362} INFO - <BrokerConnection node_id=1 host=kafka:9092 <connecting> [IPv4 ('192.168.0.6', 9092)]>: connecting to kafka:9092 [('192.168.0.6', 9092) IPv4]
[2024-06-13T08:49:44.095+0000] {conn.py:393} INFO - <BrokerConnection node_id=1 host=kafka:9092 <connecting> [IPv4 ('192.168.0.6', 9092)]>: Connection complete.
[2024-06-13T08:49:44.095+0000] {conn.py:673} INFO - <BrokerConnection node_id=bootstrap-0 host=kafka:9092 <connected> [IPv4 ('192.168.0.6', 9092)]>: Closing connection. 
[2024-06-13T08:49:44.202+0000] {taskinstance.py:441} INFO - ::group::Post task execution logs
[2024-06-13T08:49:44.202+0000] {taskinstance.py:2905} ERROR - Task failed with exception
Traceback (most recent call last):
  File "/home/airflow/.local/lib/python3.12/site-packages/airflow/models/taskinstance.py", line 465, in _execute_task
    result = _execute_callable(context=context, **execute_callable_kwargs)
             ^^^^^^^^^^^^^^^^^^^^^^^^^^^^^^^^^^^^^^^^^^^^^^^^^^^^^^^^^^^^^
  File "/home/airflow/.local/lib/python3.12/site-packages/airflow/models/taskinstance.py", line 432, in _execute_callable
    return execute_callable(context=context, **execute_callable_kwargs)
           ^^^^^^^^^^^^^^^^^^^^^^^^^^^^^^^^^^^^^^^^^^^^^^^^^^^^^^^^^^^^
  File "/home/airflow/.local/lib/python3.12/site-packages/airflow/models/baseoperator.py", line 400, in wrapper
    return func(self, *args, **kwargs)
           ^^^^^^^^^^^^^^^^^^^^^^^^^^^
  File "/home/airflow/.local/lib/python3.12/site-packages/airflow/decorators/base.py", line 265, in execute
    return_value = super().execute(context)
                   ^^^^^^^^^^^^^^^^^^^^^^^^
  File "/home/airflow/.local/lib/python3.12/site-packages/airflow/models/baseoperator.py", line 400, in wrapper
    return func(self, *args, **kwargs)
           ^^^^^^^^^^^^^^^^^^^^^^^^^^^
  File "/home/airflow/.local/lib/python3.12/site-packages/airflow/operators/python.py", line 235, in execute
    return_value = self.execute_callable()
                   ^^^^^^^^^^^^^^^^^^^^^^^
  File "/home/airflow/.local/lib/python3.12/site-packages/airflow/operators/python.py", line 252, in execute_callable
    return self.python_callable(*self.op_args, **self.op_kwargs)
           ^^^^^^^^^^^^^^^^^^^^^^^^^^^^^^^^^^^^^^^^^^^^^^^^^^^^^
  File "/opt/airflow/dags/kafka_data_scrape.py", line 447, in consume_and_load_raceDim
    on_conflict_stmt = insert_stmt.on_conflict_do_update(
                       ^^^^^^^^^^^^^^^^^^^^^^^^^^^^^^^^^
AttributeError: 'Insert' object has no attribute 'on_conflict_do_update'
[2024-06-13T08:49:44.216+0000] {taskinstance.py:1206} INFO - Marking task as FAILED. dag_id=f1_data_pipeline_taskflow_with_kafka, task_id=consume_and_load_raceDim, run_id=manual__2024-06-13T08:49:27.975611+00:00, execution_date=20240613T084927, start_date=20240613T084943, end_date=20240613T084944
[2024-06-13T08:49:44.224+0000] {standard_task_runner.py:110} ERROR - Failed to execute job 58 for task consume_and_load_raceDim ('Insert' object has no attribute 'on_conflict_do_update'; 764)
[2024-06-13T08:49:44.244+0000] {local_task_job_runner.py:240} INFO - Task exited with return code 1
[2024-06-13T08:49:44.255+0000] {taskinstance.py:3498} INFO - 0 downstream tasks scheduled from follow-on schedule check
[2024-06-13T08:49:44.256+0000] {local_task_job_runner.py:222} INFO - ::endgroup::
