[2024-06-14T07:29:35.392+0000] {local_task_job_runner.py:120} INFO - ::group::Pre task execution logs
[2024-06-14T07:29:35.546+0000] {taskinstance.py:2076} INFO - Dependencies all met for dep_context=non-requeueable deps ti=<TaskInstance: f1_data_pipeline_taskflow.raceStatusDim_transform scheduled__2024-06-13T00:00:00+00:00 [queued]>
[2024-06-14T07:29:35.554+0000] {taskinstance.py:2076} INFO - Dependencies all met for dep_context=requeueable deps ti=<TaskInstance: f1_data_pipeline_taskflow.raceStatusDim_transform scheduled__2024-06-13T00:00:00+00:00 [queued]>
[2024-06-14T07:29:35.554+0000] {taskinstance.py:2306} INFO - Starting attempt 1 of 1
[2024-06-14T07:29:35.566+0000] {taskinstance.py:2330} INFO - Executing <Task(_PythonDecoratedOperator): raceStatusDim_transform> on 2024-06-13 00:00:00+00:00
[2024-06-14T07:29:35.572+0000] {warnings.py:110} WARNING - /home/***/.local/lib/python3.12/site-packages/***/task/task_runner/standard_task_runner.py:61: DeprecationWarning: This process (pid=499) is multi-threaded, use of fork() may lead to deadlocks in the child.
  pid = os.fork()

[2024-06-14T07:29:35.573+0000] {standard_task_runner.py:63} INFO - Started process 522 to run task
[2024-06-14T07:29:35.573+0000] {standard_task_runner.py:90} INFO - Running: ['***', 'tasks', 'run', 'f1_data_pipeline_taskflow', 'raceStatusDim_transform', 'scheduled__2024-06-13T00:00:00+00:00', '--job-id', '5', '--raw', '--subdir', 'DAGS_FOLDER/etl_dag.py', '--cfg-path', '/tmp/tmp32a5vfqq']
[2024-06-14T07:29:35.575+0000] {standard_task_runner.py:91} INFO - Job 5: Subtask raceStatusDim_transform
[2024-06-14T07:29:35.618+0000] {task_command.py:426} INFO - Running <TaskInstance: f1_data_pipeline_taskflow.raceStatusDim_transform scheduled__2024-06-13T00:00:00+00:00 [running]> on host aece75d0a06d
[2024-06-14T07:29:38.119+0000] {taskinstance.py:2648} INFO - Exporting env vars: AIRFLOW_CTX_DAG_OWNER='***' AIRFLOW_CTX_DAG_ID='f1_data_pipeline_taskflow' AIRFLOW_CTX_TASK_ID='raceStatusDim_transform' AIRFLOW_CTX_EXECUTION_DATE='2024-06-13T00:00:00+00:00' AIRFLOW_CTX_TRY_NUMBER='1' AIRFLOW_CTX_DAG_RUN_ID='scheduled__2024-06-13T00:00:00+00:00'
[2024-06-14T07:29:38.122+0000] {taskinstance.py:430} INFO - ::endgroup::
[2024-06-14T07:29:38.190+0000] {python.py:237} INFO - Done. Returned value was:         statusId        status
0              1      Finished
298258        43       Exhaust
298661         4     Collision
304122        11        +1 Lap
445393        29      Puncture
...          ...           ...
516480        24  Differential
516609        96      Excluded
516819        15       +5 Laps
517303       139       Illness
517350        14       +4 Laps

[65 rows x 2 columns]
[2024-06-14T07:29:38.198+0000] {taskinstance.py:441} INFO - ::group::Post task execution logs
[2024-06-14T07:29:38.233+0000] {taskinstance.py:1206} INFO - Marking task as SUCCESS. dag_id=f1_data_pipeline_taskflow, task_id=raceStatusDim_transform, run_id=scheduled__2024-06-13T00:00:00+00:00, execution_date=20240613T000000, start_date=20240614T072935, end_date=20240614T072938
[2024-06-14T07:29:38.550+0000] {local_task_job_runner.py:240} INFO - Task exited with return code 0
[2024-06-14T07:29:38.580+0000] {taskinstance.py:3498} INFO - 1 downstream tasks scheduled from follow-on schedule check
[2024-06-14T07:29:38.582+0000] {local_task_job_runner.py:222} INFO - ::endgroup::
[2024-06-14T07:56:09.274+0000] {local_task_job_runner.py:120} INFO - ::group::Pre task execution logs
[2024-06-14T07:56:09.296+0000] {taskinstance.py:2076} INFO - Dependencies all met for dep_context=non-requeueable deps ti=<TaskInstance: f1_data_pipeline_taskflow.raceStatusDim_transform scheduled__2024-06-13T00:00:00+00:00 [queued]>
[2024-06-14T07:56:09.305+0000] {taskinstance.py:2076} INFO - Dependencies all met for dep_context=requeueable deps ti=<TaskInstance: f1_data_pipeline_taskflow.raceStatusDim_transform scheduled__2024-06-13T00:00:00+00:00 [queued]>
[2024-06-14T07:56:09.306+0000] {taskinstance.py:2306} INFO - Starting attempt 1 of 1
[2024-06-14T07:56:09.317+0000] {taskinstance.py:2330} INFO - Executing <Task(_PythonDecoratedOperator): raceStatusDim_transform> on 2024-06-13 00:00:00+00:00
[2024-06-14T07:56:09.323+0000] {warnings.py:110} WARNING - /home/***/.local/lib/python3.12/site-packages/***/task/task_runner/standard_task_runner.py:61: DeprecationWarning: This process (pid=103) is multi-threaded, use of fork() may lead to deadlocks in the child.
  pid = os.fork()

[2024-06-14T07:56:09.324+0000] {standard_task_runner.py:63} INFO - Started process 124 to run task
[2024-06-14T07:56:09.325+0000] {standard_task_runner.py:90} INFO - Running: ['***', 'tasks', 'run', 'f1_data_pipeline_taskflow', 'raceStatusDim_transform', 'scheduled__2024-06-13T00:00:00+00:00', '--job-id', '11', '--raw', '--subdir', 'DAGS_FOLDER/etl_dag.py', '--cfg-path', '/tmp/tmpvbfd3zcf']
[2024-06-14T07:56:09.326+0000] {standard_task_runner.py:91} INFO - Job 11: Subtask raceStatusDim_transform
[2024-06-14T07:56:09.371+0000] {task_command.py:426} INFO - Running <TaskInstance: f1_data_pipeline_taskflow.raceStatusDim_transform scheduled__2024-06-13T00:00:00+00:00 [running]> on host 22673327f9c1
[2024-06-14T07:56:12.353+0000] {taskinstance.py:2648} INFO - Exporting env vars: AIRFLOW_CTX_DAG_OWNER='***' AIRFLOW_CTX_DAG_ID='f1_data_pipeline_taskflow' AIRFLOW_CTX_TASK_ID='raceStatusDim_transform' AIRFLOW_CTX_EXECUTION_DATE='2024-06-13T00:00:00+00:00' AIRFLOW_CTX_TRY_NUMBER='1' AIRFLOW_CTX_DAG_RUN_ID='scheduled__2024-06-13T00:00:00+00:00'
[2024-06-14T07:56:12.378+0000] {taskinstance.py:430} INFO - ::endgroup::
[2024-06-14T07:56:12.453+0000] {python.py:237} INFO - Done. Returned value was:         statusId        status
0              1      Finished
298258        43       Exhaust
298661         4     Collision
304122        11        +1 Lap
445393        29      Puncture
...          ...           ...
516480        24  Differential
516609        96      Excluded
516819        15       +5 Laps
517303       139       Illness
517350        14       +4 Laps

[65 rows x 2 columns]
[2024-06-14T07:56:12.461+0000] {taskinstance.py:441} INFO - ::group::Post task execution logs
[2024-06-14T07:56:12.508+0000] {taskinstance.py:1206} INFO - Marking task as SUCCESS. dag_id=f1_data_pipeline_taskflow, task_id=raceStatusDim_transform, run_id=scheduled__2024-06-13T00:00:00+00:00, execution_date=20240613T000000, start_date=20240614T075609, end_date=20240614T075612
[2024-06-14T07:56:12.612+0000] {local_task_job_runner.py:240} INFO - Task exited with return code 0
[2024-06-14T07:56:13.107+0000] {taskinstance.py:3498} INFO - 0 downstream tasks scheduled from follow-on schedule check
[2024-06-14T07:56:13.116+0000] {local_task_job_runner.py:222} INFO - ::endgroup::
[2024-06-14T08:03:01.899+0000] {local_task_job_runner.py:120} INFO - ::group::Pre task execution logs
[2024-06-14T08:03:02.101+0000] {taskinstance.py:2076} INFO - Dependencies all met for dep_context=non-requeueable deps ti=<TaskInstance: f1_data_pipeline_taskflow.raceStatusDim_transform scheduled__2024-06-13T00:00:00+00:00 [queued]>
[2024-06-14T08:03:02.112+0000] {taskinstance.py:2076} INFO - Dependencies all met for dep_context=requeueable deps ti=<TaskInstance: f1_data_pipeline_taskflow.raceStatusDim_transform scheduled__2024-06-13T00:00:00+00:00 [queued]>
[2024-06-14T08:03:02.112+0000] {taskinstance.py:2306} INFO - Starting attempt 1 of 1
[2024-06-14T08:03:02.126+0000] {taskinstance.py:2330} INFO - Executing <Task(_PythonDecoratedOperator): raceStatusDim_transform> on 2024-06-13 00:00:00+00:00
[2024-06-14T08:03:02.134+0000] {warnings.py:110} WARNING - /home/***/.local/lib/python3.12/site-packages/***/task/task_runner/standard_task_runner.py:61: DeprecationWarning: This process (pid=135) is multi-threaded, use of fork() may lead to deadlocks in the child.
  pid = os.fork()

[2024-06-14T08:03:02.135+0000] {standard_task_runner.py:63} INFO - Started process 155 to run task
[2024-06-14T08:03:02.136+0000] {standard_task_runner.py:90} INFO - Running: ['***', 'tasks', 'run', 'f1_data_pipeline_taskflow', 'raceStatusDim_transform', 'scheduled__2024-06-13T00:00:00+00:00', '--job-id', '14', '--raw', '--subdir', 'DAGS_FOLDER/etl_dag.py', '--cfg-path', '/tmp/tmp23mxalmm']
[2024-06-14T08:03:02.138+0000] {standard_task_runner.py:91} INFO - Job 14: Subtask raceStatusDim_transform
[2024-06-14T08:03:02.198+0000] {task_command.py:426} INFO - Running <TaskInstance: f1_data_pipeline_taskflow.raceStatusDim_transform scheduled__2024-06-13T00:00:00+00:00 [running]> on host 73204506bf77
[2024-06-14T08:03:05.048+0000] {taskinstance.py:2648} INFO - Exporting env vars: AIRFLOW_CTX_DAG_OWNER='***' AIRFLOW_CTX_DAG_ID='f1_data_pipeline_taskflow' AIRFLOW_CTX_TASK_ID='raceStatusDim_transform' AIRFLOW_CTX_EXECUTION_DATE='2024-06-13T00:00:00+00:00' AIRFLOW_CTX_TRY_NUMBER='1' AIRFLOW_CTX_DAG_RUN_ID='scheduled__2024-06-13T00:00:00+00:00'
[2024-06-14T08:03:05.059+0000] {taskinstance.py:430} INFO - ::endgroup::
[2024-06-14T08:03:05.169+0000] {python.py:237} INFO - Done. Returned value was:         statusId        status
0              1      Finished
298258        43       Exhaust
298661         4     Collision
304122        11        +1 Lap
445393        29      Puncture
...          ...           ...
516480        24  Differential
516609        96      Excluded
516819        15       +5 Laps
517303       139       Illness
517350        14       +4 Laps

[65 rows x 2 columns]
[2024-06-14T08:03:05.182+0000] {taskinstance.py:441} INFO - ::group::Post task execution logs
[2024-06-14T08:03:05.228+0000] {taskinstance.py:1206} INFO - Marking task as SUCCESS. dag_id=f1_data_pipeline_taskflow, task_id=raceStatusDim_transform, run_id=scheduled__2024-06-13T00:00:00+00:00, execution_date=20240613T000000, start_date=20240614T080302, end_date=20240614T080305
[2024-06-14T08:03:05.327+0000] {local_task_job_runner.py:240} INFO - Task exited with return code 0
[2024-06-14T08:03:05.531+0000] {local_task_job_runner.py:222} INFO - ::endgroup::
[2024-06-14T08:04:58.162+0000] {local_task_job_runner.py:120} INFO - ::group::Pre task execution logs
[2024-06-14T08:04:58.321+0000] {taskinstance.py:2076} INFO - Dependencies all met for dep_context=non-requeueable deps ti=<TaskInstance: f1_data_pipeline_taskflow.raceStatusDim_transform scheduled__2024-06-13T00:00:00+00:00 [queued]>
[2024-06-14T08:04:58.329+0000] {taskinstance.py:2076} INFO - Dependencies all met for dep_context=requeueable deps ti=<TaskInstance: f1_data_pipeline_taskflow.raceStatusDim_transform scheduled__2024-06-13T00:00:00+00:00 [queued]>
[2024-06-14T08:04:58.329+0000] {taskinstance.py:2306} INFO - Starting attempt 1 of 1
[2024-06-14T08:04:58.340+0000] {taskinstance.py:2330} INFO - Executing <Task(_PythonDecoratedOperator): raceStatusDim_transform> on 2024-06-13 00:00:00+00:00
[2024-06-14T08:04:58.346+0000] {warnings.py:110} WARNING - /home/***/.local/lib/python3.12/site-packages/***/task/task_runner/standard_task_runner.py:61: DeprecationWarning: This process (pid=101) is multi-threaded, use of fork() may lead to deadlocks in the child.
  pid = os.fork()

[2024-06-14T08:04:58.347+0000] {standard_task_runner.py:63} INFO - Started process 121 to run task
[2024-06-14T08:04:58.348+0000] {standard_task_runner.py:90} INFO - Running: ['***', 'tasks', 'run', 'f1_data_pipeline_taskflow', 'raceStatusDim_transform', 'scheduled__2024-06-13T00:00:00+00:00', '--job-id', '4', '--raw', '--subdir', 'DAGS_FOLDER/etl_dag.py', '--cfg-path', '/tmp/tmpmgmkd1e0']
[2024-06-14T08:04:58.350+0000] {standard_task_runner.py:91} INFO - Job 4: Subtask raceStatusDim_transform
[2024-06-14T08:04:58.396+0000] {task_command.py:426} INFO - Running <TaskInstance: f1_data_pipeline_taskflow.raceStatusDim_transform scheduled__2024-06-13T00:00:00+00:00 [running]> on host 75ebf4a056df
[2024-06-14T08:05:00.904+0000] {taskinstance.py:2648} INFO - Exporting env vars: AIRFLOW_CTX_DAG_OWNER='***' AIRFLOW_CTX_DAG_ID='f1_data_pipeline_taskflow' AIRFLOW_CTX_TASK_ID='raceStatusDim_transform' AIRFLOW_CTX_EXECUTION_DATE='2024-06-13T00:00:00+00:00' AIRFLOW_CTX_TRY_NUMBER='1' AIRFLOW_CTX_DAG_RUN_ID='scheduled__2024-06-13T00:00:00+00:00'
[2024-06-14T08:05:00.905+0000] {taskinstance.py:430} INFO - ::endgroup::
[2024-06-14T08:05:00.974+0000] {python.py:237} INFO - Done. Returned value was:         statusId        status
0              1      Finished
298258        43       Exhaust
298661         4     Collision
304122        11        +1 Lap
445393        29      Puncture
...          ...           ...
516480        24  Differential
516609        96      Excluded
516819        15       +5 Laps
517303       139       Illness
517350        14       +4 Laps

[65 rows x 2 columns]
[2024-06-14T08:05:00.981+0000] {taskinstance.py:441} INFO - ::group::Post task execution logs
[2024-06-14T08:05:01.004+0000] {taskinstance.py:1206} INFO - Marking task as SUCCESS. dag_id=f1_data_pipeline_taskflow, task_id=raceStatusDim_transform, run_id=scheduled__2024-06-13T00:00:00+00:00, execution_date=20240613T000000, start_date=20240614T080458, end_date=20240614T080501
[2024-06-14T08:05:01.074+0000] {local_task_job_runner.py:240} INFO - Task exited with return code 0
[2024-06-14T08:05:01.106+0000] {taskinstance.py:3498} INFO - 1 downstream tasks scheduled from follow-on schedule check
[2024-06-14T08:05:01.108+0000] {local_task_job_runner.py:222} INFO - ::endgroup::
[2024-06-14T08:33:24.659+0000] {local_task_job_runner.py:120} INFO - ::group::Pre task execution logs
[2024-06-14T08:33:24.686+0000] {taskinstance.py:2076} INFO - Dependencies all met for dep_context=non-requeueable deps ti=<TaskInstance: f1_data_pipeline_taskflow.raceStatusDim_transform scheduled__2024-06-13T00:00:00+00:00 [queued]>
[2024-06-14T08:33:24.694+0000] {taskinstance.py:2076} INFO - Dependencies all met for dep_context=requeueable deps ti=<TaskInstance: f1_data_pipeline_taskflow.raceStatusDim_transform scheduled__2024-06-13T00:00:00+00:00 [queued]>
[2024-06-14T08:33:24.694+0000] {taskinstance.py:2306} INFO - Starting attempt 1 of 1
[2024-06-14T08:33:24.706+0000] {taskinstance.py:2330} INFO - Executing <Task(_PythonDecoratedOperator): raceStatusDim_transform> on 2024-06-13 00:00:00+00:00
[2024-06-14T08:33:24.713+0000] {warnings.py:110} WARNING - /home/***/.local/lib/python3.12/site-packages/***/task/task_runner/standard_task_runner.py:61: DeprecationWarning: This process (pid=113) is multi-threaded, use of fork() may lead to deadlocks in the child.
  pid = os.fork()

[2024-06-14T08:33:24.715+0000] {standard_task_runner.py:63} INFO - Started process 131 to run task
[2024-06-14T08:33:24.715+0000] {standard_task_runner.py:90} INFO - Running: ['***', 'tasks', 'run', 'f1_data_pipeline_taskflow', 'raceStatusDim_transform', 'scheduled__2024-06-13T00:00:00+00:00', '--job-id', '5', '--raw', '--subdir', 'DAGS_FOLDER/etl_dag.py', '--cfg-path', '/tmp/tmp6m7f8h9u']
[2024-06-14T08:33:24.717+0000] {standard_task_runner.py:91} INFO - Job 5: Subtask raceStatusDim_transform
[2024-06-14T08:33:24.766+0000] {task_command.py:426} INFO - Running <TaskInstance: f1_data_pipeline_taskflow.raceStatusDim_transform scheduled__2024-06-13T00:00:00+00:00 [running]> on host 02396e2d7ca5
[2024-06-14T08:33:27.358+0000] {taskinstance.py:2648} INFO - Exporting env vars: AIRFLOW_CTX_DAG_OWNER='***' AIRFLOW_CTX_DAG_ID='f1_data_pipeline_taskflow' AIRFLOW_CTX_TASK_ID='raceStatusDim_transform' AIRFLOW_CTX_EXECUTION_DATE='2024-06-13T00:00:00+00:00' AIRFLOW_CTX_TRY_NUMBER='1' AIRFLOW_CTX_DAG_RUN_ID='scheduled__2024-06-13T00:00:00+00:00'
[2024-06-14T08:33:27.372+0000] {taskinstance.py:430} INFO - ::endgroup::
[2024-06-14T08:33:27.441+0000] {python.py:237} INFO - Done. Returned value was:         statusId        status
0              1      Finished
298258        43       Exhaust
298661         4     Collision
304122        11        +1 Lap
445393        29      Puncture
...          ...           ...
516480        24  Differential
516609        96      Excluded
516819        15       +5 Laps
517303       139       Illness
517350        14       +4 Laps

[65 rows x 2 columns]
[2024-06-14T08:33:27.454+0000] {taskinstance.py:441} INFO - ::group::Post task execution logs
[2024-06-14T08:33:27.544+0000] {taskinstance.py:1206} INFO - Marking task as SUCCESS. dag_id=f1_data_pipeline_taskflow, task_id=raceStatusDim_transform, run_id=scheduled__2024-06-13T00:00:00+00:00, execution_date=20240613T000000, start_date=20240614T083324, end_date=20240614T083327
[2024-06-14T08:33:27.614+0000] {local_task_job_runner.py:240} INFO - Task exited with return code 0
[2024-06-14T08:33:27.933+0000] {taskinstance.py:3498} INFO - 1 downstream tasks scheduled from follow-on schedule check
[2024-06-14T08:33:27.942+0000] {local_task_job_runner.py:222} INFO - ::endgroup::
[2024-06-14T08:56:27.789+0000] {local_task_job_runner.py:120} INFO - ::group::Pre task execution logs
[2024-06-14T08:56:27.976+0000] {taskinstance.py:2076} INFO - Dependencies all met for dep_context=non-requeueable deps ti=<TaskInstance: f1_data_pipeline_taskflow.raceStatusDim_transform scheduled__2024-06-13T00:00:00+00:00 [queued]>
[2024-06-14T08:56:27.987+0000] {taskinstance.py:2076} INFO - Dependencies all met for dep_context=requeueable deps ti=<TaskInstance: f1_data_pipeline_taskflow.raceStatusDim_transform scheduled__2024-06-13T00:00:00+00:00 [queued]>
[2024-06-14T08:56:27.987+0000] {taskinstance.py:2306} INFO - Starting attempt 1 of 1
[2024-06-14T08:56:28.004+0000] {taskinstance.py:2330} INFO - Executing <Task(_PythonDecoratedOperator): raceStatusDim_transform> on 2024-06-13 00:00:00+00:00
[2024-06-14T08:56:28.011+0000] {warnings.py:110} WARNING - /home/***/.local/lib/python3.12/site-packages/***/task/task_runner/standard_task_runner.py:61: DeprecationWarning: This process (pid=194) is multi-threaded, use of fork() may lead to deadlocks in the child.
  pid = os.fork()

[2024-06-14T08:56:28.012+0000] {standard_task_runner.py:63} INFO - Started process 217 to run task
[2024-06-14T08:56:28.012+0000] {standard_task_runner.py:90} INFO - Running: ['***', 'tasks', 'run', 'f1_data_pipeline_taskflow', 'raceStatusDim_transform', 'scheduled__2024-06-13T00:00:00+00:00', '--job-id', '4', '--raw', '--subdir', 'DAGS_FOLDER/etl_dag.py', '--cfg-path', '/tmp/tmp0ixsrfz3']
[2024-06-14T08:56:28.016+0000] {standard_task_runner.py:91} INFO - Job 4: Subtask raceStatusDim_transform
[2024-06-14T08:56:28.080+0000] {task_command.py:426} INFO - Running <TaskInstance: f1_data_pipeline_taskflow.raceStatusDim_transform scheduled__2024-06-13T00:00:00+00:00 [running]> on host 78c0b56418d0
[2024-06-14T08:56:30.605+0000] {taskinstance.py:2648} INFO - Exporting env vars: AIRFLOW_CTX_DAG_OWNER='***' AIRFLOW_CTX_DAG_ID='f1_data_pipeline_taskflow' AIRFLOW_CTX_TASK_ID='raceStatusDim_transform' AIRFLOW_CTX_EXECUTION_DATE='2024-06-13T00:00:00+00:00' AIRFLOW_CTX_TRY_NUMBER='1' AIRFLOW_CTX_DAG_RUN_ID='scheduled__2024-06-13T00:00:00+00:00'
[2024-06-14T08:56:30.614+0000] {taskinstance.py:430} INFO - ::endgroup::
[2024-06-14T08:56:30.729+0000] {python.py:237} INFO - Done. Returned value was:         statusId        status
0              1      Finished
298258        43       Exhaust
298661         4     Collision
304122        11        +1 Lap
445393        29      Puncture
...          ...           ...
516480        24  Differential
516609        96      Excluded
516819        15       +5 Laps
517303       139       Illness
517350        14       +4 Laps

[65 rows x 2 columns]
[2024-06-14T08:56:30.735+0000] {taskinstance.py:441} INFO - ::group::Post task execution logs
[2024-06-14T08:56:30.762+0000] {taskinstance.py:1206} INFO - Marking task as SUCCESS. dag_id=f1_data_pipeline_taskflow, task_id=raceStatusDim_transform, run_id=scheduled__2024-06-13T00:00:00+00:00, execution_date=20240613T000000, start_date=20240614T085627, end_date=20240614T085630
[2024-06-14T08:56:30.834+0000] {local_task_job_runner.py:240} INFO - Task exited with return code 0
[2024-06-14T08:56:30.979+0000] {local_task_job_runner.py:222} INFO - ::endgroup::
[2024-06-14T09:05:18.280+0000] {local_task_job_runner.py:120} INFO - ::group::Pre task execution logs
[2024-06-14T09:05:18.302+0000] {taskinstance.py:2076} INFO - Dependencies all met for dep_context=non-requeueable deps ti=<TaskInstance: f1_data_pipeline_taskflow.raceStatusDim_transform scheduled__2024-06-13T00:00:00+00:00 [queued]>
[2024-06-14T09:05:18.309+0000] {taskinstance.py:2076} INFO - Dependencies all met for dep_context=requeueable deps ti=<TaskInstance: f1_data_pipeline_taskflow.raceStatusDim_transform scheduled__2024-06-13T00:00:00+00:00 [queued]>
[2024-06-14T09:05:18.310+0000] {taskinstance.py:2306} INFO - Starting attempt 1 of 1
[2024-06-14T09:05:18.323+0000] {taskinstance.py:2330} INFO - Executing <Task(_PythonDecoratedOperator): raceStatusDim_transform> on 2024-06-13 00:00:00+00:00
[2024-06-14T09:05:18.329+0000] {warnings.py:110} WARNING - /home/***/.local/lib/python3.12/site-packages/***/task/task_runner/standard_task_runner.py:61: DeprecationWarning: This process (pid=135) is multi-threaded, use of fork() may lead to deadlocks in the child.
  pid = os.fork()

[2024-06-14T09:05:18.330+0000] {standard_task_runner.py:63} INFO - Started process 153 to run task
[2024-06-14T09:05:18.331+0000] {standard_task_runner.py:90} INFO - Running: ['***', 'tasks', 'run', 'f1_data_pipeline_taskflow', 'raceStatusDim_transform', 'scheduled__2024-06-13T00:00:00+00:00', '--job-id', '5', '--raw', '--subdir', 'DAGS_FOLDER/etl_dag.py', '--cfg-path', '/tmp/tmpz_bx7ike']
[2024-06-14T09:05:18.333+0000] {standard_task_runner.py:91} INFO - Job 5: Subtask raceStatusDim_transform
[2024-06-14T09:05:18.394+0000] {task_command.py:426} INFO - Running <TaskInstance: f1_data_pipeline_taskflow.raceStatusDim_transform scheduled__2024-06-13T00:00:00+00:00 [running]> on host 2998375d03a6
[2024-06-14T09:05:20.686+0000] {taskinstance.py:2648} INFO - Exporting env vars: AIRFLOW_CTX_DAG_OWNER='***' AIRFLOW_CTX_DAG_ID='f1_data_pipeline_taskflow' AIRFLOW_CTX_TASK_ID='raceStatusDim_transform' AIRFLOW_CTX_EXECUTION_DATE='2024-06-13T00:00:00+00:00' AIRFLOW_CTX_TRY_NUMBER='1' AIRFLOW_CTX_DAG_RUN_ID='scheduled__2024-06-13T00:00:00+00:00'
[2024-06-14T09:05:20.689+0000] {taskinstance.py:430} INFO - ::endgroup::
[2024-06-14T09:05:20.751+0000] {python.py:237} INFO - Done. Returned value was:         statusId        status
0              1      Finished
298258        43       Exhaust
298661         4     Collision
304122        11        +1 Lap
445393        29      Puncture
...          ...           ...
516480        24  Differential
516609        96      Excluded
516819        15       +5 Laps
517303       139       Illness
517350        14       +4 Laps

[65 rows x 2 columns]
[2024-06-14T09:05:20.756+0000] {taskinstance.py:441} INFO - ::group::Post task execution logs
[2024-06-14T09:05:20.811+0000] {taskinstance.py:1206} INFO - Marking task as SUCCESS. dag_id=f1_data_pipeline_taskflow, task_id=raceStatusDim_transform, run_id=scheduled__2024-06-13T00:00:00+00:00, execution_date=20240613T000000, start_date=20240614T090518, end_date=20240614T090520
[2024-06-14T09:05:20.870+0000] {local_task_job_runner.py:240} INFO - Task exited with return code 0
[2024-06-14T09:05:20.907+0000] {taskinstance.py:3498} INFO - 1 downstream tasks scheduled from follow-on schedule check
[2024-06-14T09:05:20.909+0000] {local_task_job_runner.py:222} INFO - ::endgroup::
[2024-06-14T09:27:20.830+0000] {local_task_job_runner.py:120} INFO - ::group::Pre task execution logs
[2024-06-14T09:27:20.853+0000] {taskinstance.py:2076} INFO - Dependencies all met for dep_context=non-requeueable deps ti=<TaskInstance: f1_data_pipeline_taskflow.raceStatusDim_transform scheduled__2024-06-13T00:00:00+00:00 [queued]>
[2024-06-14T09:27:20.862+0000] {taskinstance.py:2076} INFO - Dependencies all met for dep_context=requeueable deps ti=<TaskInstance: f1_data_pipeline_taskflow.raceStatusDim_transform scheduled__2024-06-13T00:00:00+00:00 [queued]>
[2024-06-14T09:27:20.862+0000] {taskinstance.py:2306} INFO - Starting attempt 1 of 1
[2024-06-14T09:27:20.874+0000] {taskinstance.py:2330} INFO - Executing <Task(_PythonDecoratedOperator): raceStatusDim_transform> on 2024-06-13 00:00:00+00:00
[2024-06-14T09:27:20.881+0000] {warnings.py:110} WARNING - /home/***/.local/lib/python3.12/site-packages/***/task/task_runner/standard_task_runner.py:61: DeprecationWarning: This process (pid=131) is multi-threaded, use of fork() may lead to deadlocks in the child.
  pid = os.fork()

[2024-06-14T09:27:20.883+0000] {standard_task_runner.py:63} INFO - Started process 148 to run task
[2024-06-14T09:27:20.884+0000] {standard_task_runner.py:90} INFO - Running: ['***', 'tasks', 'run', 'f1_data_pipeline_taskflow', 'raceStatusDim_transform', 'scheduled__2024-06-13T00:00:00+00:00', '--job-id', '8', '--raw', '--subdir', 'DAGS_FOLDER/etl_dag.py', '--cfg-path', '/tmp/tmp0ozm7u6a']
[2024-06-14T09:27:20.887+0000] {standard_task_runner.py:91} INFO - Job 8: Subtask raceStatusDim_transform
[2024-06-14T09:27:20.955+0000] {task_command.py:426} INFO - Running <TaskInstance: f1_data_pipeline_taskflow.raceStatusDim_transform scheduled__2024-06-13T00:00:00+00:00 [running]> on host 05f8e2de7bcc
[2024-06-14T09:27:23.715+0000] {taskinstance.py:2648} INFO - Exporting env vars: AIRFLOW_CTX_DAG_OWNER='***' AIRFLOW_CTX_DAG_ID='f1_data_pipeline_taskflow' AIRFLOW_CTX_TASK_ID='raceStatusDim_transform' AIRFLOW_CTX_EXECUTION_DATE='2024-06-13T00:00:00+00:00' AIRFLOW_CTX_TRY_NUMBER='1' AIRFLOW_CTX_DAG_RUN_ID='scheduled__2024-06-13T00:00:00+00:00'
[2024-06-14T09:27:23.734+0000] {taskinstance.py:430} INFO - ::endgroup::
[2024-06-14T09:27:23.811+0000] {python.py:237} INFO - Done. Returned value was:         statusId        status
0              1      Finished
298258        43       Exhaust
298661         4     Collision
304122        11        +1 Lap
445393        29      Puncture
...          ...           ...
516480        24  Differential
516609        96      Excluded
516819        15       +5 Laps
517303       139       Illness
517350        14       +4 Laps

[65 rows x 2 columns]
[2024-06-14T09:27:23.818+0000] {taskinstance.py:441} INFO - ::group::Post task execution logs
[2024-06-14T09:27:23.899+0000] {taskinstance.py:1206} INFO - Marking task as SUCCESS. dag_id=f1_data_pipeline_taskflow, task_id=raceStatusDim_transform, run_id=scheduled__2024-06-13T00:00:00+00:00, execution_date=20240613T000000, start_date=20240614T092720, end_date=20240614T092723
[2024-06-14T09:27:23.980+0000] {local_task_job_runner.py:240} INFO - Task exited with return code 0
[2024-06-14T09:27:24.141+0000] {local_task_job_runner.py:222} INFO - ::endgroup::
[2024-06-14T10:47:06.442+0000] {local_task_job_runner.py:120} INFO - ::group::Pre task execution logs
[2024-06-14T10:47:06.469+0000] {taskinstance.py:2076} INFO - Dependencies all met for dep_context=non-requeueable deps ti=<TaskInstance: f1_data_pipeline_taskflow.raceStatusDim_transform scheduled__2024-06-13T00:00:00+00:00 [queued]>
[2024-06-14T10:47:06.476+0000] {taskinstance.py:2076} INFO - Dependencies all met for dep_context=requeueable deps ti=<TaskInstance: f1_data_pipeline_taskflow.raceStatusDim_transform scheduled__2024-06-13T00:00:00+00:00 [queued]>
[2024-06-14T10:47:06.476+0000] {taskinstance.py:2306} INFO - Starting attempt 1 of 1
[2024-06-14T10:47:06.492+0000] {taskinstance.py:2330} INFO - Executing <Task(_PythonDecoratedOperator): raceStatusDim_transform> on 2024-06-13 00:00:00+00:00
[2024-06-14T10:47:06.499+0000] {warnings.py:110} WARNING - /home/***/.local/lib/python3.12/site-packages/***/task/task_runner/standard_task_runner.py:61: DeprecationWarning: This process (pid=110) is multi-threaded, use of fork() may lead to deadlocks in the child.
  pid = os.fork()

[2024-06-14T10:47:06.500+0000] {standard_task_runner.py:63} INFO - Started process 127 to run task
[2024-06-14T10:47:06.500+0000] {standard_task_runner.py:90} INFO - Running: ['***', 'tasks', 'run', 'f1_data_pipeline_taskflow', 'raceStatusDim_transform', 'scheduled__2024-06-13T00:00:00+00:00', '--job-id', '7', '--raw', '--subdir', 'DAGS_FOLDER/etl_dag.py', '--cfg-path', '/tmp/tmpajj9ci4t']
[2024-06-14T10:47:06.502+0000] {standard_task_runner.py:91} INFO - Job 7: Subtask raceStatusDim_transform
[2024-06-14T10:47:06.553+0000] {task_command.py:426} INFO - Running <TaskInstance: f1_data_pipeline_taskflow.raceStatusDim_transform scheduled__2024-06-13T00:00:00+00:00 [running]> on host 3182b36e244b
[2024-06-14T10:47:10.380+0000] {local_task_job_runner.py:240} INFO - Task exited with return code -9
[2024-06-14T10:47:10.492+0000] {taskinstance.py:3498} INFO - 0 downstream tasks scheduled from follow-on schedule check
[2024-06-14T10:47:10.495+0000] {local_task_job_runner.py:222} INFO - ::endgroup::
[2024-06-14T10:51:53.922+0000] {local_task_job_runner.py:120} INFO - ::group::Pre task execution logs
[2024-06-14T10:51:53.945+0000] {taskinstance.py:2076} INFO - Dependencies all met for dep_context=non-requeueable deps ti=<TaskInstance: f1_data_pipeline_taskflow.raceStatusDim_transform scheduled__2024-06-13T00:00:00+00:00 [queued]>
[2024-06-14T10:51:53.954+0000] {taskinstance.py:2076} INFO - Dependencies all met for dep_context=requeueable deps ti=<TaskInstance: f1_data_pipeline_taskflow.raceStatusDim_transform scheduled__2024-06-13T00:00:00+00:00 [queued]>
[2024-06-14T10:51:53.955+0000] {taskinstance.py:2306} INFO - Starting attempt 1 of 1
[2024-06-14T10:51:53.967+0000] {taskinstance.py:2330} INFO - Executing <Task(_PythonDecoratedOperator): raceStatusDim_transform> on 2024-06-13 00:00:00+00:00
[2024-06-14T10:51:53.975+0000] {warnings.py:110} WARNING - /home/***/.local/lib/python3.12/site-packages/***/task/task_runner/standard_task_runner.py:61: DeprecationWarning: This process (pid=164) is multi-threaded, use of fork() may lead to deadlocks in the child.
  pid = os.fork()

[2024-06-14T10:51:53.977+0000] {standard_task_runner.py:63} INFO - Started process 184 to run task
[2024-06-14T10:51:53.976+0000] {standard_task_runner.py:90} INFO - Running: ['***', 'tasks', 'run', 'f1_data_pipeline_taskflow', 'raceStatusDim_transform', 'scheduled__2024-06-13T00:00:00+00:00', '--job-id', '15', '--raw', '--subdir', 'DAGS_FOLDER/etl_dag.py', '--cfg-path', '/tmp/tmpy7xn1d7q']
[2024-06-14T10:51:53.978+0000] {standard_task_runner.py:91} INFO - Job 15: Subtask raceStatusDim_transform
[2024-06-14T10:51:54.045+0000] {task_command.py:426} INFO - Running <TaskInstance: f1_data_pipeline_taskflow.raceStatusDim_transform scheduled__2024-06-13T00:00:00+00:00 [running]> on host e391edf20c31
[2024-06-14T10:51:57.166+0000] {taskinstance.py:2648} INFO - Exporting env vars: AIRFLOW_CTX_DAG_OWNER='***' AIRFLOW_CTX_DAG_ID='f1_data_pipeline_taskflow' AIRFLOW_CTX_TASK_ID='raceStatusDim_transform' AIRFLOW_CTX_EXECUTION_DATE='2024-06-13T00:00:00+00:00' AIRFLOW_CTX_TRY_NUMBER='1' AIRFLOW_CTX_DAG_RUN_ID='scheduled__2024-06-13T00:00:00+00:00'
[2024-06-14T10:51:57.168+0000] {taskinstance.py:430} INFO - ::endgroup::
[2024-06-14T10:51:57.220+0000] {python.py:237} INFO - Done. Returned value was:         statusId        status
0              1      Finished
298258        43       Exhaust
298661         4     Collision
304122        11        +1 Lap
445393        29      Puncture
...          ...           ...
516480        24  Differential
516609        96      Excluded
516819        15       +5 Laps
517303       139       Illness
517350        14       +4 Laps

[65 rows x 2 columns]
[2024-06-14T10:51:57.227+0000] {taskinstance.py:441} INFO - ::group::Post task execution logs
[2024-06-14T10:51:57.260+0000] {taskinstance.py:1206} INFO - Marking task as SUCCESS. dag_id=f1_data_pipeline_taskflow, task_id=raceStatusDim_transform, run_id=scheduled__2024-06-13T00:00:00+00:00, execution_date=20240613T000000, start_date=20240614T105153, end_date=20240614T105157
[2024-06-14T10:51:57.325+0000] {local_task_job_runner.py:240} INFO - Task exited with return code 0
[2024-06-14T10:51:57.362+0000] {taskinstance.py:3498} INFO - 1 downstream tasks scheduled from follow-on schedule check
[2024-06-14T10:51:57.364+0000] {local_task_job_runner.py:222} INFO - ::endgroup::
[2024-06-14T10:55:37.704+0000] {local_task_job_runner.py:120} INFO - ::group::Pre task execution logs
[2024-06-14T10:55:37.733+0000] {taskinstance.py:2076} INFO - Dependencies all met for dep_context=non-requeueable deps ti=<TaskInstance: f1_data_pipeline_taskflow.raceStatusDim_transform scheduled__2024-06-13T00:00:00+00:00 [queued]>
[2024-06-14T10:55:37.744+0000] {taskinstance.py:2076} INFO - Dependencies all met for dep_context=requeueable deps ti=<TaskInstance: f1_data_pipeline_taskflow.raceStatusDim_transform scheduled__2024-06-13T00:00:00+00:00 [queued]>
[2024-06-14T10:55:37.745+0000] {taskinstance.py:2306} INFO - Starting attempt 1 of 1
[2024-06-14T10:55:37.761+0000] {taskinstance.py:2330} INFO - Executing <Task(_PythonDecoratedOperator): raceStatusDim_transform> on 2024-06-13 00:00:00+00:00
[2024-06-14T10:55:37.767+0000] {warnings.py:110} WARNING - /home/***/.local/lib/python3.12/site-packages/***/task/task_runner/standard_task_runner.py:61: DeprecationWarning: This process (pid=94) is multi-threaded, use of fork() may lead to deadlocks in the child.
  pid = os.fork()

[2024-06-14T10:55:37.768+0000] {standard_task_runner.py:63} INFO - Started process 112 to run task
[2024-06-14T10:55:37.769+0000] {standard_task_runner.py:90} INFO - Running: ['***', 'tasks', 'run', 'f1_data_pipeline_taskflow', 'raceStatusDim_transform', 'scheduled__2024-06-13T00:00:00+00:00', '--job-id', '6', '--raw', '--subdir', 'DAGS_FOLDER/etl_dag.py', '--cfg-path', '/tmp/tmpaumgdsjh']
[2024-06-14T10:55:37.772+0000] {standard_task_runner.py:91} INFO - Job 6: Subtask raceStatusDim_transform
[2024-06-14T10:55:37.823+0000] {task_command.py:426} INFO - Running <TaskInstance: f1_data_pipeline_taskflow.raceStatusDim_transform scheduled__2024-06-13T00:00:00+00:00 [running]> on host c9e393690dc3
[2024-06-14T10:55:40.124+0000] {taskinstance.py:2648} INFO - Exporting env vars: AIRFLOW_CTX_DAG_OWNER='***' AIRFLOW_CTX_DAG_ID='f1_data_pipeline_taskflow' AIRFLOW_CTX_TASK_ID='raceStatusDim_transform' AIRFLOW_CTX_EXECUTION_DATE='2024-06-13T00:00:00+00:00' AIRFLOW_CTX_TRY_NUMBER='1' AIRFLOW_CTX_DAG_RUN_ID='scheduled__2024-06-13T00:00:00+00:00'
[2024-06-14T10:55:40.127+0000] {taskinstance.py:430} INFO - ::endgroup::
[2024-06-14T10:55:40.197+0000] {python.py:237} INFO - Done. Returned value was:         statusId        status
0              1      Finished
298258        43       Exhaust
298661         4     Collision
304122        11        +1 Lap
445393        29      Puncture
...          ...           ...
516480        24  Differential
516609        96      Excluded
516819        15       +5 Laps
517303       139       Illness
517350        14       +4 Laps

[65 rows x 2 columns]
[2024-06-14T10:55:40.207+0000] {taskinstance.py:441} INFO - ::group::Post task execution logs
[2024-06-14T10:55:40.357+0000] {taskinstance.py:1206} INFO - Marking task as SUCCESS. dag_id=f1_data_pipeline_taskflow, task_id=raceStatusDim_transform, run_id=scheduled__2024-06-13T00:00:00+00:00, execution_date=20240613T000000, start_date=20240614T105537, end_date=20240614T105540
[2024-06-14T10:55:40.416+0000] {local_task_job_runner.py:240} INFO - Task exited with return code 0
[2024-06-14T10:55:40.774+0000] {taskinstance.py:3498} INFO - 1 downstream tasks scheduled from follow-on schedule check
[2024-06-14T10:55:40.783+0000] {local_task_job_runner.py:222} INFO - ::endgroup::
[2024-06-14T11:03:44.334+0000] {local_task_job_runner.py:120} INFO - ::group::Pre task execution logs
[2024-06-14T11:03:44.353+0000] {taskinstance.py:2076} INFO - Dependencies all met for dep_context=non-requeueable deps ti=<TaskInstance: f1_data_pipeline_taskflow.raceStatusDim_transform scheduled__2024-06-13T00:00:00+00:00 [queued]>
[2024-06-14T11:03:44.362+0000] {taskinstance.py:2076} INFO - Dependencies all met for dep_context=requeueable deps ti=<TaskInstance: f1_data_pipeline_taskflow.raceStatusDim_transform scheduled__2024-06-13T00:00:00+00:00 [queued]>
[2024-06-14T11:03:44.362+0000] {taskinstance.py:2306} INFO - Starting attempt 1 of 1
[2024-06-14T11:03:44.375+0000] {taskinstance.py:2330} INFO - Executing <Task(_PythonDecoratedOperator): raceStatusDim_transform> on 2024-06-13 00:00:00+00:00
[2024-06-14T11:03:44.381+0000] {warnings.py:110} WARNING - /home/***/.local/lib/python3.12/site-packages/***/task/task_runner/standard_task_runner.py:61: DeprecationWarning: This process (pid=156) is multi-threaded, use of fork() may lead to deadlocks in the child.
  pid = os.fork()

[2024-06-14T11:03:44.382+0000] {standard_task_runner.py:63} INFO - Started process 174 to run task
[2024-06-14T11:03:44.382+0000] {standard_task_runner.py:90} INFO - Running: ['***', 'tasks', 'run', 'f1_data_pipeline_taskflow', 'raceStatusDim_transform', 'scheduled__2024-06-13T00:00:00+00:00', '--job-id', '15', '--raw', '--subdir', 'DAGS_FOLDER/etl_dag.py', '--cfg-path', '/tmp/tmpsxdbbqmx']
[2024-06-14T11:03:44.384+0000] {standard_task_runner.py:91} INFO - Job 15: Subtask raceStatusDim_transform
[2024-06-14T11:03:44.435+0000] {task_command.py:426} INFO - Running <TaskInstance: f1_data_pipeline_taskflow.raceStatusDim_transform scheduled__2024-06-13T00:00:00+00:00 [running]> on host cfca011b7e89
[2024-06-14T11:03:47.393+0000] {taskinstance.py:2648} INFO - Exporting env vars: AIRFLOW_CTX_DAG_OWNER='***' AIRFLOW_CTX_DAG_ID='f1_data_pipeline_taskflow' AIRFLOW_CTX_TASK_ID='raceStatusDim_transform' AIRFLOW_CTX_EXECUTION_DATE='2024-06-13T00:00:00+00:00' AIRFLOW_CTX_TRY_NUMBER='1' AIRFLOW_CTX_DAG_RUN_ID='scheduled__2024-06-13T00:00:00+00:00'
[2024-06-14T11:03:47.395+0000] {taskinstance.py:430} INFO - ::endgroup::
[2024-06-14T11:03:47.453+0000] {python.py:237} INFO - Done. Returned value was:         statusId        status
0              1      Finished
298258        43       Exhaust
298661         4     Collision
304122        11        +1 Lap
445393        29      Puncture
...          ...           ...
516480        24  Differential
516609        96      Excluded
516819        15       +5 Laps
517303       139       Illness
517350        14       +4 Laps

[65 rows x 2 columns]
[2024-06-14T11:03:47.459+0000] {taskinstance.py:441} INFO - ::group::Post task execution logs
[2024-06-14T11:03:47.528+0000] {taskinstance.py:1206} INFO - Marking task as SUCCESS. dag_id=f1_data_pipeline_taskflow, task_id=raceStatusDim_transform, run_id=scheduled__2024-06-13T00:00:00+00:00, execution_date=20240613T000000, start_date=20240614T110344, end_date=20240614T110347
[2024-06-14T11:03:47.632+0000] {local_task_job_runner.py:240} INFO - Task exited with return code 0
[2024-06-14T11:03:47.643+0000] {local_task_job_runner.py:222} INFO - ::endgroup::
[2024-06-14T11:08:15.376+0000] {local_task_job_runner.py:120} INFO - ::group::Pre task execution logs
[2024-06-14T11:08:15.396+0000] {taskinstance.py:2076} INFO - Dependencies all met for dep_context=non-requeueable deps ti=<TaskInstance: f1_data_pipeline_taskflow.raceStatusDim_transform scheduled__2024-06-13T00:00:00+00:00 [queued]>
[2024-06-14T11:08:15.403+0000] {taskinstance.py:2076} INFO - Dependencies all met for dep_context=requeueable deps ti=<TaskInstance: f1_data_pipeline_taskflow.raceStatusDim_transform scheduled__2024-06-13T00:00:00+00:00 [queued]>
[2024-06-14T11:08:15.403+0000] {taskinstance.py:2306} INFO - Starting attempt 1 of 1
[2024-06-14T11:08:15.415+0000] {taskinstance.py:2330} INFO - Executing <Task(_PythonDecoratedOperator): raceStatusDim_transform> on 2024-06-13 00:00:00+00:00
[2024-06-14T11:08:15.421+0000] {warnings.py:110} WARNING - /home/***/.local/lib/python3.12/site-packages/***/task/task_runner/standard_task_runner.py:61: DeprecationWarning: This process (pid=113) is multi-threaded, use of fork() may lead to deadlocks in the child.
  pid = os.fork()

[2024-06-14T11:08:15.422+0000] {standard_task_runner.py:63} INFO - Started process 128 to run task
[2024-06-14T11:08:15.423+0000] {standard_task_runner.py:90} INFO - Running: ['***', 'tasks', 'run', 'f1_data_pipeline_taskflow', 'raceStatusDim_transform', 'scheduled__2024-06-13T00:00:00+00:00', '--job-id', '6', '--raw', '--subdir', 'DAGS_FOLDER/etl_dag.py', '--cfg-path', '/tmp/tmp1fz6suyy']
[2024-06-14T11:08:15.425+0000] {standard_task_runner.py:91} INFO - Job 6: Subtask raceStatusDim_transform
[2024-06-14T11:08:15.497+0000] {task_command.py:426} INFO - Running <TaskInstance: f1_data_pipeline_taskflow.raceStatusDim_transform scheduled__2024-06-13T00:00:00+00:00 [running]> on host 6e52e947d844
[2024-06-14T11:08:18.115+0000] {taskinstance.py:2648} INFO - Exporting env vars: AIRFLOW_CTX_DAG_OWNER='***' AIRFLOW_CTX_DAG_ID='f1_data_pipeline_taskflow' AIRFLOW_CTX_TASK_ID='raceStatusDim_transform' AIRFLOW_CTX_EXECUTION_DATE='2024-06-13T00:00:00+00:00' AIRFLOW_CTX_TRY_NUMBER='1' AIRFLOW_CTX_DAG_RUN_ID='scheduled__2024-06-13T00:00:00+00:00'
[2024-06-14T11:08:18.118+0000] {taskinstance.py:430} INFO - ::endgroup::
[2024-06-14T11:08:18.196+0000] {python.py:237} INFO - Done. Returned value was:         statusId        status
0              1      Finished
298258        43       Exhaust
298661         4     Collision
304122        11        +1 Lap
445393        29      Puncture
...          ...           ...
516480        24  Differential
516609        96      Excluded
516819        15       +5 Laps
517303       139       Illness
517350        14       +4 Laps

[65 rows x 2 columns]
[2024-06-14T11:08:18.203+0000] {taskinstance.py:441} INFO - ::group::Post task execution logs
[2024-06-14T11:08:18.289+0000] {taskinstance.py:1206} INFO - Marking task as SUCCESS. dag_id=f1_data_pipeline_taskflow, task_id=raceStatusDim_transform, run_id=scheduled__2024-06-13T00:00:00+00:00, execution_date=20240613T000000, start_date=20240614T110815, end_date=20240614T110818
[2024-06-14T11:08:18.347+0000] {local_task_job_runner.py:240} INFO - Task exited with return code 0
[2024-06-14T11:08:18.385+0000] {taskinstance.py:3498} INFO - 1 downstream tasks scheduled from follow-on schedule check
[2024-06-14T11:08:18.388+0000] {local_task_job_runner.py:222} INFO - ::endgroup::
[2024-06-14T11:15:47.529+0000] {local_task_job_runner.py:120} INFO - ::group::Pre task execution logs
[2024-06-14T11:15:47.552+0000] {taskinstance.py:2076} INFO - Dependencies all met for dep_context=non-requeueable deps ti=<TaskInstance: f1_data_pipeline_taskflow.raceStatusDim_transform scheduled__2024-06-13T00:00:00+00:00 [queued]>
[2024-06-14T11:15:47.562+0000] {taskinstance.py:2076} INFO - Dependencies all met for dep_context=requeueable deps ti=<TaskInstance: f1_data_pipeline_taskflow.raceStatusDim_transform scheduled__2024-06-13T00:00:00+00:00 [queued]>
[2024-06-14T11:15:47.562+0000] {taskinstance.py:2306} INFO - Starting attempt 1 of 1
[2024-06-14T11:15:47.577+0000] {taskinstance.py:2330} INFO - Executing <Task(_PythonDecoratedOperator): raceStatusDim_transform> on 2024-06-13 00:00:00+00:00
[2024-06-14T11:15:47.585+0000] {warnings.py:110} WARNING - /home/***/.local/lib/python3.12/site-packages/***/task/task_runner/standard_task_runner.py:61: DeprecationWarning: This process (pid=126) is multi-threaded, use of fork() may lead to deadlocks in the child.
  pid = os.fork()

[2024-06-14T11:15:47.586+0000] {standard_task_runner.py:63} INFO - Started process 148 to run task
[2024-06-14T11:15:47.588+0000] {standard_task_runner.py:90} INFO - Running: ['***', 'tasks', 'run', 'f1_data_pipeline_taskflow', 'raceStatusDim_transform', 'scheduled__2024-06-13T00:00:00+00:00', '--job-id', '13', '--raw', '--subdir', 'DAGS_FOLDER/etl_dag.py', '--cfg-path', '/tmp/tmphxloht72']
[2024-06-14T11:15:47.591+0000] {standard_task_runner.py:91} INFO - Job 13: Subtask raceStatusDim_transform
[2024-06-14T11:15:47.651+0000] {task_command.py:426} INFO - Running <TaskInstance: f1_data_pipeline_taskflow.raceStatusDim_transform scheduled__2024-06-13T00:00:00+00:00 [running]> on host 82d779af27dd
[2024-06-14T11:15:52.775+0000] {taskinstance.py:2648} INFO - Exporting env vars: AIRFLOW_CTX_DAG_OWNER='***' AIRFLOW_CTX_DAG_ID='f1_data_pipeline_taskflow' AIRFLOW_CTX_TASK_ID='raceStatusDim_transform' AIRFLOW_CTX_EXECUTION_DATE='2024-06-13T00:00:00+00:00' AIRFLOW_CTX_TRY_NUMBER='1' AIRFLOW_CTX_DAG_RUN_ID='scheduled__2024-06-13T00:00:00+00:00'
[2024-06-14T11:15:52.778+0000] {taskinstance.py:430} INFO - ::endgroup::
[2024-06-14T11:15:52.867+0000] {python.py:237} INFO - Done. Returned value was:         statusId        status
0              1      Finished
298258        43       Exhaust
298661         4     Collision
304122        11        +1 Lap
445393        29      Puncture
...          ...           ...
516480        24  Differential
516609        96      Excluded
516819        15       +5 Laps
517303       139       Illness
517350        14       +4 Laps

[65 rows x 2 columns]
[2024-06-14T11:15:52.874+0000] {taskinstance.py:441} INFO - ::group::Post task execution logs
[2024-06-14T11:15:52.925+0000] {taskinstance.py:1206} INFO - Marking task as SUCCESS. dag_id=f1_data_pipeline_taskflow, task_id=raceStatusDim_transform, run_id=scheduled__2024-06-13T00:00:00+00:00, execution_date=20240613T000000, start_date=20240614T111547, end_date=20240614T111552
[2024-06-14T11:15:53.061+0000] {local_task_job_runner.py:240} INFO - Task exited with return code 0
[2024-06-14T11:15:53.092+0000] {taskinstance.py:3498} INFO - 1 downstream tasks scheduled from follow-on schedule check
[2024-06-14T11:15:53.094+0000] {local_task_job_runner.py:222} INFO - ::endgroup::
[2024-06-14T11:21:09.410+0000] {local_task_job_runner.py:120} INFO - ::group::Pre task execution logs
[2024-06-14T11:21:09.434+0000] {taskinstance.py:2076} INFO - Dependencies all met for dep_context=non-requeueable deps ti=<TaskInstance: f1_data_pipeline_taskflow.raceStatusDim_transform scheduled__2024-06-13T00:00:00+00:00 [queued]>
[2024-06-14T11:21:09.442+0000] {taskinstance.py:2076} INFO - Dependencies all met for dep_context=requeueable deps ti=<TaskInstance: f1_data_pipeline_taskflow.raceStatusDim_transform scheduled__2024-06-13T00:00:00+00:00 [queued]>
[2024-06-14T11:21:09.442+0000] {taskinstance.py:2306} INFO - Starting attempt 1 of 1
[2024-06-14T11:21:09.454+0000] {taskinstance.py:2330} INFO - Executing <Task(_PythonDecoratedOperator): raceStatusDim_transform> on 2024-06-13 00:00:00+00:00
[2024-06-14T11:21:09.461+0000] {warnings.py:110} WARNING - /home/***/.local/lib/python3.12/site-packages/***/task/task_runner/standard_task_runner.py:61: DeprecationWarning: This process (pid=102) is multi-threaded, use of fork() may lead to deadlocks in the child.
  pid = os.fork()

[2024-06-14T11:21:09.463+0000] {standard_task_runner.py:63} INFO - Started process 119 to run task
[2024-06-14T11:21:09.463+0000] {standard_task_runner.py:90} INFO - Running: ['***', 'tasks', 'run', 'f1_data_pipeline_taskflow', 'raceStatusDim_transform', 'scheduled__2024-06-13T00:00:00+00:00', '--job-id', '7', '--raw', '--subdir', 'DAGS_FOLDER/etl_dag.py', '--cfg-path', '/tmp/tmpa40bxn57']
[2024-06-14T11:21:09.465+0000] {standard_task_runner.py:91} INFO - Job 7: Subtask raceStatusDim_transform
[2024-06-14T11:21:09.514+0000] {task_command.py:426} INFO - Running <TaskInstance: f1_data_pipeline_taskflow.raceStatusDim_transform scheduled__2024-06-13T00:00:00+00:00 [running]> on host 385858123cc9
[2024-06-14T11:21:11.936+0000] {taskinstance.py:2648} INFO - Exporting env vars: AIRFLOW_CTX_DAG_OWNER='***' AIRFLOW_CTX_DAG_ID='f1_data_pipeline_taskflow' AIRFLOW_CTX_TASK_ID='raceStatusDim_transform' AIRFLOW_CTX_EXECUTION_DATE='2024-06-13T00:00:00+00:00' AIRFLOW_CTX_TRY_NUMBER='1' AIRFLOW_CTX_DAG_RUN_ID='scheduled__2024-06-13T00:00:00+00:00'
[2024-06-14T11:21:11.943+0000] {taskinstance.py:430} INFO - ::endgroup::
[2024-06-14T11:21:12.025+0000] {python.py:237} INFO - Done. Returned value was:         statusId        status
0              1      Finished
298258        43       Exhaust
298661         4     Collision
304122        11        +1 Lap
445393        29      Puncture
...          ...           ...
516480        24  Differential
516609        96      Excluded
516819        15       +5 Laps
517303       139       Illness
517350        14       +4 Laps

[65 rows x 2 columns]
[2024-06-14T11:21:12.032+0000] {taskinstance.py:441} INFO - ::group::Post task execution logs
[2024-06-14T11:21:12.086+0000] {taskinstance.py:1206} INFO - Marking task as SUCCESS. dag_id=f1_data_pipeline_taskflow, task_id=raceStatusDim_transform, run_id=scheduled__2024-06-13T00:00:00+00:00, execution_date=20240613T000000, start_date=20240614T112109, end_date=20240614T112112
[2024-06-14T11:21:12.155+0000] {local_task_job_runner.py:240} INFO - Task exited with return code 0
[2024-06-14T11:21:12.427+0000] {taskinstance.py:3498} INFO - 1 downstream tasks scheduled from follow-on schedule check
[2024-06-14T11:21:12.435+0000] {local_task_job_runner.py:222} INFO - ::endgroup::
[2024-06-14T11:26:11.456+0000] {local_task_job_runner.py:120} INFO - ::group::Pre task execution logs
[2024-06-14T11:26:11.476+0000] {taskinstance.py:2076} INFO - Dependencies all met for dep_context=non-requeueable deps ti=<TaskInstance: f1_data_pipeline_taskflow.raceStatusDim_transform scheduled__2024-06-13T00:00:00+00:00 [queued]>
[2024-06-14T11:26:11.485+0000] {taskinstance.py:2076} INFO - Dependencies all met for dep_context=requeueable deps ti=<TaskInstance: f1_data_pipeline_taskflow.raceStatusDim_transform scheduled__2024-06-13T00:00:00+00:00 [queued]>
[2024-06-14T11:26:11.485+0000] {taskinstance.py:2306} INFO - Starting attempt 1 of 1
[2024-06-14T11:26:11.498+0000] {taskinstance.py:2330} INFO - Executing <Task(_PythonDecoratedOperator): raceStatusDim_transform> on 2024-06-13 00:00:00+00:00
[2024-06-14T11:26:11.504+0000] {warnings.py:110} WARNING - /home/***/.local/lib/python3.12/site-packages/***/task/task_runner/standard_task_runner.py:61: DeprecationWarning: This process (pid=127) is multi-threaded, use of fork() may lead to deadlocks in the child.
  pid = os.fork()

[2024-06-14T11:26:11.506+0000] {standard_task_runner.py:63} INFO - Started process 148 to run task
[2024-06-14T11:26:11.507+0000] {standard_task_runner.py:90} INFO - Running: ['***', 'tasks', 'run', 'f1_data_pipeline_taskflow', 'raceStatusDim_transform', 'scheduled__2024-06-13T00:00:00+00:00', '--job-id', '9', '--raw', '--subdir', 'DAGS_FOLDER/etl_dag.py', '--cfg-path', '/tmp/tmpk8tnnnqz']
[2024-06-14T11:26:11.510+0000] {standard_task_runner.py:91} INFO - Job 9: Subtask raceStatusDim_transform
[2024-06-14T11:26:11.572+0000] {task_command.py:426} INFO - Running <TaskInstance: f1_data_pipeline_taskflow.raceStatusDim_transform scheduled__2024-06-13T00:00:00+00:00 [running]> on host 3da481cb81cd
[2024-06-14T11:26:15.205+0000] {taskinstance.py:2648} INFO - Exporting env vars: AIRFLOW_CTX_DAG_OWNER='***' AIRFLOW_CTX_DAG_ID='f1_data_pipeline_taskflow' AIRFLOW_CTX_TASK_ID='raceStatusDim_transform' AIRFLOW_CTX_EXECUTION_DATE='2024-06-13T00:00:00+00:00' AIRFLOW_CTX_TRY_NUMBER='1' AIRFLOW_CTX_DAG_RUN_ID='scheduled__2024-06-13T00:00:00+00:00'
[2024-06-14T11:26:15.206+0000] {taskinstance.py:430} INFO - ::endgroup::
[2024-06-14T11:26:15.281+0000] {python.py:237} INFO - Done. Returned value was:         statusId        status
0              1      Finished
298258        43       Exhaust
298661         4     Collision
304122        11        +1 Lap
445393        29      Puncture
...          ...           ...
516480        24  Differential
516609        96      Excluded
516819        15       +5 Laps
517303       139       Illness
517350        14       +4 Laps

[65 rows x 2 columns]
[2024-06-14T11:26:15.288+0000] {taskinstance.py:441} INFO - ::group::Post task execution logs
[2024-06-14T11:26:15.330+0000] {taskinstance.py:1206} INFO - Marking task as SUCCESS. dag_id=f1_data_pipeline_taskflow, task_id=raceStatusDim_transform, run_id=scheduled__2024-06-13T00:00:00+00:00, execution_date=20240613T000000, start_date=20240614T112611, end_date=20240614T112615
[2024-06-14T11:26:15.418+0000] {local_task_job_runner.py:240} INFO - Task exited with return code 0
[2024-06-14T11:26:15.429+0000] {local_task_job_runner.py:222} INFO - ::endgroup::
[2024-06-14T11:30:44.299+0000] {local_task_job_runner.py:120} INFO - ::group::Pre task execution logs
[2024-06-14T11:30:44.322+0000] {taskinstance.py:2076} INFO - Dependencies all met for dep_context=non-requeueable deps ti=<TaskInstance: f1_data_pipeline_taskflow.raceStatusDim_transform scheduled__2024-06-13T00:00:00+00:00 [queued]>
[2024-06-14T11:30:44.330+0000] {taskinstance.py:2076} INFO - Dependencies all met for dep_context=requeueable deps ti=<TaskInstance: f1_data_pipeline_taskflow.raceStatusDim_transform scheduled__2024-06-13T00:00:00+00:00 [queued]>
[2024-06-14T11:30:44.330+0000] {taskinstance.py:2306} INFO - Starting attempt 1 of 1
[2024-06-14T11:30:44.347+0000] {taskinstance.py:2330} INFO - Executing <Task(_PythonDecoratedOperator): raceStatusDim_transform> on 2024-06-13 00:00:00+00:00
[2024-06-14T11:30:44.353+0000] {warnings.py:110} WARNING - /home/***/.local/lib/python3.12/site-packages/***/task/task_runner/standard_task_runner.py:61: DeprecationWarning: This process (pid=106) is multi-threaded, use of fork() may lead to deadlocks in the child.
  pid = os.fork()

[2024-06-14T11:30:44.355+0000] {standard_task_runner.py:63} INFO - Started process 127 to run task
[2024-06-14T11:30:44.355+0000] {standard_task_runner.py:90} INFO - Running: ['***', 'tasks', 'run', 'f1_data_pipeline_taskflow', 'raceStatusDim_transform', 'scheduled__2024-06-13T00:00:00+00:00', '--job-id', '10', '--raw', '--subdir', 'DAGS_FOLDER/etl_dag.py', '--cfg-path', '/tmp/tmpqh9tw42z']
[2024-06-14T11:30:44.358+0000] {standard_task_runner.py:91} INFO - Job 10: Subtask raceStatusDim_transform
[2024-06-14T11:30:44.410+0000] {task_command.py:426} INFO - Running <TaskInstance: f1_data_pipeline_taskflow.raceStatusDim_transform scheduled__2024-06-13T00:00:00+00:00 [running]> on host 397171faad63
[2024-06-14T11:30:47.708+0000] {taskinstance.py:2648} INFO - Exporting env vars: AIRFLOW_CTX_DAG_OWNER='***' AIRFLOW_CTX_DAG_ID='f1_data_pipeline_taskflow' AIRFLOW_CTX_TASK_ID='raceStatusDim_transform' AIRFLOW_CTX_EXECUTION_DATE='2024-06-13T00:00:00+00:00' AIRFLOW_CTX_TRY_NUMBER='1' AIRFLOW_CTX_DAG_RUN_ID='scheduled__2024-06-13T00:00:00+00:00'
[2024-06-14T11:30:47.710+0000] {taskinstance.py:430} INFO - ::endgroup::
[2024-06-14T11:30:47.793+0000] {python.py:237} INFO - Done. Returned value was:         statusId        status
0              1      Finished
298258        43       Exhaust
298661         4     Collision
304122        11        +1 Lap
445393        29      Puncture
...          ...           ...
516480        24  Differential
516609        96      Excluded
516819        15       +5 Laps
517303       139       Illness
517350        14       +4 Laps

[65 rows x 2 columns]
[2024-06-14T11:30:47.800+0000] {taskinstance.py:441} INFO - ::group::Post task execution logs
[2024-06-14T11:30:47.864+0000] {taskinstance.py:1206} INFO - Marking task as SUCCESS. dag_id=f1_data_pipeline_taskflow, task_id=raceStatusDim_transform, run_id=scheduled__2024-06-13T00:00:00+00:00, execution_date=20240613T000000, start_date=20240614T113044, end_date=20240614T113047
[2024-06-14T11:30:47.943+0000] {local_task_job_runner.py:240} INFO - Task exited with return code 0
[2024-06-14T11:30:47.977+0000] {taskinstance.py:3498} INFO - 1 downstream tasks scheduled from follow-on schedule check
[2024-06-14T11:30:47.979+0000] {local_task_job_runner.py:222} INFO - ::endgroup::
[2024-06-14T11:35:24.604+0000] {local_task_job_runner.py:120} INFO - ::group::Pre task execution logs
[2024-06-14T11:35:24.626+0000] {taskinstance.py:2076} INFO - Dependencies all met for dep_context=non-requeueable deps ti=<TaskInstance: f1_data_pipeline_taskflow.raceStatusDim_transform scheduled__2024-06-13T00:00:00+00:00 [queued]>
[2024-06-14T11:35:24.633+0000] {taskinstance.py:2076} INFO - Dependencies all met for dep_context=requeueable deps ti=<TaskInstance: f1_data_pipeline_taskflow.raceStatusDim_transform scheduled__2024-06-13T00:00:00+00:00 [queued]>
[2024-06-14T11:35:24.634+0000] {taskinstance.py:2306} INFO - Starting attempt 1 of 1
[2024-06-14T11:35:24.647+0000] {taskinstance.py:2330} INFO - Executing <Task(_PythonDecoratedOperator): raceStatusDim_transform> on 2024-06-13 00:00:00+00:00
[2024-06-14T11:35:24.652+0000] {warnings.py:110} WARNING - /home/***/.local/lib/python3.12/site-packages/***/task/task_runner/standard_task_runner.py:61: DeprecationWarning: This process (pid=105) is multi-threaded, use of fork() may lead to deadlocks in the child.
  pid = os.fork()

[2024-06-14T11:35:24.654+0000] {standard_task_runner.py:63} INFO - Started process 121 to run task
[2024-06-14T11:35:24.654+0000] {standard_task_runner.py:90} INFO - Running: ['***', 'tasks', 'run', 'f1_data_pipeline_taskflow', 'raceStatusDim_transform', 'scheduled__2024-06-13T00:00:00+00:00', '--job-id', '6', '--raw', '--subdir', 'DAGS_FOLDER/etl_dag.py', '--cfg-path', '/tmp/tmpptdn97xd']
[2024-06-14T11:35:24.656+0000] {standard_task_runner.py:91} INFO - Job 6: Subtask raceStatusDim_transform
[2024-06-14T11:35:24.700+0000] {task_command.py:426} INFO - Running <TaskInstance: f1_data_pipeline_taskflow.raceStatusDim_transform scheduled__2024-06-13T00:00:00+00:00 [running]> on host d0ca0375d865
[2024-06-14T11:35:26.589+0000] {taskinstance.py:2648} INFO - Exporting env vars: AIRFLOW_CTX_DAG_OWNER='***' AIRFLOW_CTX_DAG_ID='f1_data_pipeline_taskflow' AIRFLOW_CTX_TASK_ID='raceStatusDim_transform' AIRFLOW_CTX_EXECUTION_DATE='2024-06-13T00:00:00+00:00' AIRFLOW_CTX_TRY_NUMBER='1' AIRFLOW_CTX_DAG_RUN_ID='scheduled__2024-06-13T00:00:00+00:00'
[2024-06-14T11:35:26.591+0000] {taskinstance.py:430} INFO - ::endgroup::
[2024-06-14T11:35:26.677+0000] {python.py:237} INFO - Done. Returned value was:         statusId        status
0              1      Finished
298258        43       Exhaust
298661         4     Collision
304122        11        +1 Lap
445393        29      Puncture
...          ...           ...
516480        24  Differential
516609        96      Excluded
516819        15       +5 Laps
517303       139       Illness
517350        14       +4 Laps

[65 rows x 2 columns]
[2024-06-14T11:35:26.689+0000] {taskinstance.py:441} INFO - ::group::Post task execution logs
[2024-06-14T11:35:26.726+0000] {taskinstance.py:1206} INFO - Marking task as SUCCESS. dag_id=f1_data_pipeline_taskflow, task_id=raceStatusDim_transform, run_id=scheduled__2024-06-13T00:00:00+00:00, execution_date=20240613T000000, start_date=20240614T113524, end_date=20240614T113526
[2024-06-14T11:35:26.772+0000] {local_task_job_runner.py:240} INFO - Task exited with return code 0
[2024-06-14T11:35:26.812+0000] {taskinstance.py:3498} INFO - 1 downstream tasks scheduled from follow-on schedule check
[2024-06-14T11:35:26.816+0000] {local_task_job_runner.py:222} INFO - ::endgroup::
[2024-06-14T11:42:45.771+0000] {local_task_job_runner.py:120} INFO - ::group::Pre task execution logs
[2024-06-14T11:42:45.793+0000] {taskinstance.py:2076} INFO - Dependencies all met for dep_context=non-requeueable deps ti=<TaskInstance: f1_data_pipeline_taskflow.raceStatusDim_transform scheduled__2024-06-13T00:00:00+00:00 [queued]>
[2024-06-14T11:42:45.802+0000] {taskinstance.py:2076} INFO - Dependencies all met for dep_context=requeueable deps ti=<TaskInstance: f1_data_pipeline_taskflow.raceStatusDim_transform scheduled__2024-06-13T00:00:00+00:00 [queued]>
[2024-06-14T11:42:45.802+0000] {taskinstance.py:2306} INFO - Starting attempt 1 of 1
[2024-06-14T11:42:45.820+0000] {taskinstance.py:2330} INFO - Executing <Task(_PythonDecoratedOperator): raceStatusDim_transform> on 2024-06-13 00:00:00+00:00
[2024-06-14T11:42:45.827+0000] {warnings.py:110} WARNING - /home/***/.local/lib/python3.12/site-packages/***/task/task_runner/standard_task_runner.py:61: DeprecationWarning: This process (pid=113) is multi-threaded, use of fork() may lead to deadlocks in the child.
  pid = os.fork()

[2024-06-14T11:42:45.829+0000] {standard_task_runner.py:63} INFO - Started process 130 to run task
[2024-06-14T11:42:45.829+0000] {standard_task_runner.py:90} INFO - Running: ['***', 'tasks', 'run', 'f1_data_pipeline_taskflow', 'raceStatusDim_transform', 'scheduled__2024-06-13T00:00:00+00:00', '--job-id', '9', '--raw', '--subdir', 'DAGS_FOLDER/etl_dag.py', '--cfg-path', '/tmp/tmpfwg2vtgs']
[2024-06-14T11:42:45.831+0000] {standard_task_runner.py:91} INFO - Job 9: Subtask raceStatusDim_transform
[2024-06-14T11:42:45.890+0000] {task_command.py:426} INFO - Running <TaskInstance: f1_data_pipeline_taskflow.raceStatusDim_transform scheduled__2024-06-13T00:00:00+00:00 [running]> on host aae9b98b8a12
[2024-06-14T11:42:47.920+0000] {taskinstance.py:2648} INFO - Exporting env vars: AIRFLOW_CTX_DAG_OWNER='***' AIRFLOW_CTX_DAG_ID='f1_data_pipeline_taskflow' AIRFLOW_CTX_TASK_ID='raceStatusDim_transform' AIRFLOW_CTX_EXECUTION_DATE='2024-06-13T00:00:00+00:00' AIRFLOW_CTX_TRY_NUMBER='1' AIRFLOW_CTX_DAG_RUN_ID='scheduled__2024-06-13T00:00:00+00:00'
[2024-06-14T11:42:47.923+0000] {taskinstance.py:430} INFO - ::endgroup::
[2024-06-14T11:42:47.984+0000] {python.py:237} INFO - Done. Returned value was:         statusId        status
0              1      Finished
298258        43       Exhaust
298661         4     Collision
304122        11        +1 Lap
445393        29      Puncture
...          ...           ...
516480        24  Differential
516609        96      Excluded
516819        15       +5 Laps
517303       139       Illness
517350        14       +4 Laps

[65 rows x 2 columns]
[2024-06-14T11:42:47.993+0000] {taskinstance.py:441} INFO - ::group::Post task execution logs
[2024-06-14T11:42:48.037+0000] {taskinstance.py:1206} INFO - Marking task as SUCCESS. dag_id=f1_data_pipeline_taskflow, task_id=raceStatusDim_transform, run_id=scheduled__2024-06-13T00:00:00+00:00, execution_date=20240613T000000, start_date=20240614T114245, end_date=20240614T114248
[2024-06-14T11:42:48.134+0000] {local_task_job_runner.py:240} INFO - Task exited with return code 0
[2024-06-14T11:42:48.143+0000] {local_task_job_runner.py:222} INFO - ::endgroup::
[2024-06-14T12:17:18.130+0000] {local_task_job_runner.py:120} INFO - ::group::Pre task execution logs
[2024-06-14T12:17:18.151+0000] {taskinstance.py:2076} INFO - Dependencies all met for dep_context=non-requeueable deps ti=<TaskInstance: f1_data_pipeline_taskflow.raceStatusDim_transform scheduled__2024-06-13T00:00:00+00:00 [queued]>
[2024-06-14T12:17:18.158+0000] {taskinstance.py:2076} INFO - Dependencies all met for dep_context=requeueable deps ti=<TaskInstance: f1_data_pipeline_taskflow.raceStatusDim_transform scheduled__2024-06-13T00:00:00+00:00 [queued]>
[2024-06-14T12:17:18.158+0000] {taskinstance.py:2306} INFO - Starting attempt 1 of 1
[2024-06-14T12:17:18.169+0000] {taskinstance.py:2330} INFO - Executing <Task(_PythonDecoratedOperator): raceStatusDim_transform> on 2024-06-13 00:00:00+00:00
[2024-06-14T12:17:18.176+0000] {warnings.py:110} WARNING - /home/***/.local/lib/python3.12/site-packages/***/task/task_runner/standard_task_runner.py:61: DeprecationWarning: This process (pid=101) is multi-threaded, use of fork() may lead to deadlocks in the child.
  pid = os.fork()

[2024-06-14T12:17:18.177+0000] {standard_task_runner.py:63} INFO - Started process 120 to run task
[2024-06-14T12:17:18.177+0000] {standard_task_runner.py:90} INFO - Running: ['***', 'tasks', 'run', 'f1_data_pipeline_taskflow', 'raceStatusDim_transform', 'scheduled__2024-06-13T00:00:00+00:00', '--job-id', '10', '--raw', '--subdir', 'DAGS_FOLDER/etl_dag.py', '--cfg-path', '/tmp/tmpfozkyzf_']
[2024-06-14T12:17:18.179+0000] {standard_task_runner.py:91} INFO - Job 10: Subtask raceStatusDim_transform
[2024-06-14T12:17:18.229+0000] {task_command.py:426} INFO - Running <TaskInstance: f1_data_pipeline_taskflow.raceStatusDim_transform scheduled__2024-06-13T00:00:00+00:00 [running]> on host e4ecbb11494f
[2024-06-14T12:17:19.976+0000] {taskinstance.py:2648} INFO - Exporting env vars: AIRFLOW_CTX_DAG_OWNER='***' AIRFLOW_CTX_DAG_ID='f1_data_pipeline_taskflow' AIRFLOW_CTX_TASK_ID='raceStatusDim_transform' AIRFLOW_CTX_EXECUTION_DATE='2024-06-13T00:00:00+00:00' AIRFLOW_CTX_TRY_NUMBER='1' AIRFLOW_CTX_DAG_RUN_ID='scheduled__2024-06-13T00:00:00+00:00'
[2024-06-14T12:17:19.978+0000] {taskinstance.py:430} INFO - ::endgroup::
[2024-06-14T12:17:20.042+0000] {python.py:237} INFO - Done. Returned value was:         statusId        status
0              1      Finished
298258        43       Exhaust
298661         4     Collision
304122        11        +1 Lap
445393        29      Puncture
...          ...           ...
516480        24  Differential
516609        96      Excluded
516819        15       +5 Laps
517303       139       Illness
517350        14       +4 Laps

[65 rows x 2 columns]
[2024-06-14T12:17:20.054+0000] {taskinstance.py:441} INFO - ::group::Post task execution logs
[2024-06-14T12:17:20.089+0000] {taskinstance.py:1206} INFO - Marking task as SUCCESS. dag_id=f1_data_pipeline_taskflow, task_id=raceStatusDim_transform, run_id=scheduled__2024-06-13T00:00:00+00:00, execution_date=20240613T000000, start_date=20240614T121718, end_date=20240614T121720
[2024-06-14T12:17:20.130+0000] {local_task_job_runner.py:240} INFO - Task exited with return code 0
[2024-06-14T12:17:20.157+0000] {taskinstance.py:3498} INFO - 1 downstream tasks scheduled from follow-on schedule check
[2024-06-14T12:17:20.159+0000] {local_task_job_runner.py:222} INFO - ::endgroup::
[2024-06-14T12:44:49.260+0000] {local_task_job_runner.py:120} INFO - ::group::Pre task execution logs
[2024-06-14T12:44:49.282+0000] {taskinstance.py:2076} INFO - Dependencies all met for dep_context=non-requeueable deps ti=<TaskInstance: f1_data_pipeline_taskflow.raceStatusDim_transform scheduled__2024-06-13T00:00:00+00:00 [queued]>
[2024-06-14T12:44:49.289+0000] {taskinstance.py:2076} INFO - Dependencies all met for dep_context=requeueable deps ti=<TaskInstance: f1_data_pipeline_taskflow.raceStatusDim_transform scheduled__2024-06-13T00:00:00+00:00 [queued]>
[2024-06-14T12:44:49.289+0000] {taskinstance.py:2306} INFO - Starting attempt 1 of 1
[2024-06-14T12:44:49.300+0000] {taskinstance.py:2330} INFO - Executing <Task(_PythonDecoratedOperator): raceStatusDim_transform> on 2024-06-13 00:00:00+00:00
[2024-06-14T12:44:49.306+0000] {warnings.py:110} WARNING - /home/***/.local/lib/python3.12/site-packages/***/task/task_runner/standard_task_runner.py:61: DeprecationWarning: This process (pid=97) is multi-threaded, use of fork() may lead to deadlocks in the child.
  pid = os.fork()

[2024-06-14T12:44:49.307+0000] {standard_task_runner.py:63} INFO - Started process 113 to run task
[2024-06-14T12:44:49.307+0000] {standard_task_runner.py:90} INFO - Running: ['***', 'tasks', 'run', 'f1_data_pipeline_taskflow', 'raceStatusDim_transform', 'scheduled__2024-06-13T00:00:00+00:00', '--job-id', '5', '--raw', '--subdir', 'DAGS_FOLDER/etl_dag.py', '--cfg-path', '/tmp/tmpmtivt8w3']
[2024-06-14T12:44:49.309+0000] {standard_task_runner.py:91} INFO - Job 5: Subtask raceStatusDim_transform
[2024-06-14T12:44:49.355+0000] {task_command.py:426} INFO - Running <TaskInstance: f1_data_pipeline_taskflow.raceStatusDim_transform scheduled__2024-06-13T00:00:00+00:00 [running]> on host 23fced7d152c
[2024-06-14T12:44:51.153+0000] {taskinstance.py:2648} INFO - Exporting env vars: AIRFLOW_CTX_DAG_OWNER='***' AIRFLOW_CTX_DAG_ID='f1_data_pipeline_taskflow' AIRFLOW_CTX_TASK_ID='raceStatusDim_transform' AIRFLOW_CTX_EXECUTION_DATE='2024-06-13T00:00:00+00:00' AIRFLOW_CTX_TRY_NUMBER='1' AIRFLOW_CTX_DAG_RUN_ID='scheduled__2024-06-13T00:00:00+00:00'
[2024-06-14T12:44:51.155+0000] {taskinstance.py:430} INFO - ::endgroup::
[2024-06-14T12:44:51.228+0000] {python.py:237} INFO - Done. Returned value was:         statusId        status
0              1      Finished
298258        43       Exhaust
298661         4     Collision
304122        11        +1 Lap
445393        29      Puncture
...          ...           ...
516480        24  Differential
516609        96      Excluded
516819        15       +5 Laps
517303       139       Illness
517350        14       +4 Laps

[65 rows x 2 columns]
[2024-06-14T12:44:51.236+0000] {taskinstance.py:441} INFO - ::group::Post task execution logs
[2024-06-14T12:44:51.284+0000] {taskinstance.py:1206} INFO - Marking task as SUCCESS. dag_id=f1_data_pipeline_taskflow, task_id=raceStatusDim_transform, run_id=scheduled__2024-06-13T00:00:00+00:00, execution_date=20240613T000000, start_date=20240614T124449, end_date=20240614T124451
[2024-06-14T12:44:51.345+0000] {local_task_job_runner.py:240} INFO - Task exited with return code 0
[2024-06-14T12:44:51.368+0000] {taskinstance.py:3498} INFO - 1 downstream tasks scheduled from follow-on schedule check
[2024-06-14T12:44:51.369+0000] {local_task_job_runner.py:222} INFO - ::endgroup::
[2024-06-14T13:32:22.733+0000] {local_task_job_runner.py:120} INFO - ::group::Pre task execution logs
[2024-06-14T13:32:22.752+0000] {taskinstance.py:2076} INFO - Dependencies all met for dep_context=non-requeueable deps ti=<TaskInstance: f1_data_pipeline_taskflow.raceStatusDim_transform scheduled__2024-06-13T00:00:00+00:00 [queued]>
[2024-06-14T13:32:22.760+0000] {taskinstance.py:2076} INFO - Dependencies all met for dep_context=requeueable deps ti=<TaskInstance: f1_data_pipeline_taskflow.raceStatusDim_transform scheduled__2024-06-13T00:00:00+00:00 [queued]>
[2024-06-14T13:32:22.760+0000] {taskinstance.py:2306} INFO - Starting attempt 1 of 1
[2024-06-14T13:32:22.773+0000] {taskinstance.py:2330} INFO - Executing <Task(_PythonDecoratedOperator): raceStatusDim_transform> on 2024-06-13 00:00:00+00:00
[2024-06-14T13:32:22.781+0000] {warnings.py:110} WARNING - /home/***/.local/lib/python3.12/site-packages/***/task/task_runner/standard_task_runner.py:61: DeprecationWarning: This process (pid=94) is multi-threaded, use of fork() may lead to deadlocks in the child.
  pid = os.fork()

[2024-06-14T13:32:22.783+0000] {standard_task_runner.py:63} INFO - Started process 110 to run task
[2024-06-14T13:32:22.783+0000] {standard_task_runner.py:90} INFO - Running: ['***', 'tasks', 'run', 'f1_data_pipeline_taskflow', 'raceStatusDim_transform', 'scheduled__2024-06-13T00:00:00+00:00', '--job-id', '8', '--raw', '--subdir', 'DAGS_FOLDER/etl_dag.py', '--cfg-path', '/tmp/tmpv0_7zuzz']
[2024-06-14T13:32:22.785+0000] {standard_task_runner.py:91} INFO - Job 8: Subtask raceStatusDim_transform
[2024-06-14T13:32:22.829+0000] {task_command.py:426} INFO - Running <TaskInstance: f1_data_pipeline_taskflow.raceStatusDim_transform scheduled__2024-06-13T00:00:00+00:00 [running]> on host 5a14b9f42b04
[2024-06-14T13:32:24.650+0000] {taskinstance.py:2648} INFO - Exporting env vars: AIRFLOW_CTX_DAG_OWNER='***' AIRFLOW_CTX_DAG_ID='f1_data_pipeline_taskflow' AIRFLOW_CTX_TASK_ID='raceStatusDim_transform' AIRFLOW_CTX_EXECUTION_DATE='2024-06-13T00:00:00+00:00' AIRFLOW_CTX_TRY_NUMBER='1' AIRFLOW_CTX_DAG_RUN_ID='scheduled__2024-06-13T00:00:00+00:00'
[2024-06-14T13:32:24.651+0000] {taskinstance.py:430} INFO - ::endgroup::
[2024-06-14T13:32:24.713+0000] {python.py:237} INFO - Done. Returned value was:         statusId        status
0              1      Finished
298258        43       Exhaust
298661         4     Collision
304122        11        +1 Lap
445393        29      Puncture
...          ...           ...
516480        24  Differential
516609        96      Excluded
516819        15       +5 Laps
517303       139       Illness
517350        14       +4 Laps

[65 rows x 2 columns]
[2024-06-14T13:32:24.720+0000] {taskinstance.py:441} INFO - ::group::Post task execution logs
[2024-06-14T13:32:24.773+0000] {taskinstance.py:1206} INFO - Marking task as SUCCESS. dag_id=f1_data_pipeline_taskflow, task_id=raceStatusDim_transform, run_id=scheduled__2024-06-13T00:00:00+00:00, execution_date=20240613T000000, start_date=20240614T133222, end_date=20240614T133224
[2024-06-14T13:32:24.829+0000] {local_task_job_runner.py:240} INFO - Task exited with return code 0
[2024-06-14T13:32:24.854+0000] {taskinstance.py:3498} INFO - 1 downstream tasks scheduled from follow-on schedule check
[2024-06-14T13:32:24.855+0000] {local_task_job_runner.py:222} INFO - ::endgroup::
[2024-06-14T13:56:35.617+0000] {local_task_job_runner.py:120} INFO - ::group::Pre task execution logs
[2024-06-14T13:56:35.639+0000] {taskinstance.py:2076} INFO - Dependencies all met for dep_context=non-requeueable deps ti=<TaskInstance: f1_data_pipeline_taskflow.raceStatusDim_transform scheduled__2024-06-13T00:00:00+00:00 [queued]>
[2024-06-14T13:56:35.646+0000] {taskinstance.py:2076} INFO - Dependencies all met for dep_context=requeueable deps ti=<TaskInstance: f1_data_pipeline_taskflow.raceStatusDim_transform scheduled__2024-06-13T00:00:00+00:00 [queued]>
[2024-06-14T13:56:35.647+0000] {taskinstance.py:2306} INFO - Starting attempt 1 of 1
[2024-06-14T13:56:35.656+0000] {taskinstance.py:2330} INFO - Executing <Task(_PythonDecoratedOperator): raceStatusDim_transform> on 2024-06-13 00:00:00+00:00
[2024-06-14T13:56:35.662+0000] {warnings.py:110} WARNING - /home/***/.local/lib/python3.12/site-packages/***/task/task_runner/standard_task_runner.py:61: DeprecationWarning: This process (pid=122) is multi-threaded, use of fork() may lead to deadlocks in the child.
  pid = os.fork()

[2024-06-14T13:56:35.663+0000] {standard_task_runner.py:63} INFO - Started process 134 to run task
[2024-06-14T13:56:35.664+0000] {standard_task_runner.py:90} INFO - Running: ['***', 'tasks', 'run', 'f1_data_pipeline_taskflow', 'raceStatusDim_transform', 'scheduled__2024-06-13T00:00:00+00:00', '--job-id', '5', '--raw', '--subdir', 'DAGS_FOLDER/etl_dag.py', '--cfg-path', '/tmp/tmpn8e28x_8']
[2024-06-14T13:56:35.666+0000] {standard_task_runner.py:91} INFO - Job 5: Subtask raceStatusDim_transform
[2024-06-14T13:56:35.713+0000] {task_command.py:426} INFO - Running <TaskInstance: f1_data_pipeline_taskflow.raceStatusDim_transform scheduled__2024-06-13T00:00:00+00:00 [running]> on host 32b182b24782
[2024-06-14T13:56:37.607+0000] {taskinstance.py:2648} INFO - Exporting env vars: AIRFLOW_CTX_DAG_OWNER='***' AIRFLOW_CTX_DAG_ID='f1_data_pipeline_taskflow' AIRFLOW_CTX_TASK_ID='raceStatusDim_transform' AIRFLOW_CTX_EXECUTION_DATE='2024-06-13T00:00:00+00:00' AIRFLOW_CTX_TRY_NUMBER='1' AIRFLOW_CTX_DAG_RUN_ID='scheduled__2024-06-13T00:00:00+00:00'
[2024-06-14T13:56:37.609+0000] {taskinstance.py:430} INFO - ::endgroup::
[2024-06-14T13:56:37.681+0000] {python.py:237} INFO - Done. Returned value was:         statusId        status
0              1      Finished
298258        43       Exhaust
298661         4     Collision
304122        11        +1 Lap
445393        29      Puncture
...          ...           ...
516480        24  Differential
516609        96      Excluded
516819        15       +5 Laps
517303       139       Illness
517350        14       +4 Laps

[65 rows x 2 columns]
[2024-06-14T13:56:37.690+0000] {taskinstance.py:441} INFO - ::group::Post task execution logs
[2024-06-14T13:56:37.739+0000] {taskinstance.py:1206} INFO - Marking task as SUCCESS. dag_id=f1_data_pipeline_taskflow, task_id=raceStatusDim_transform, run_id=scheduled__2024-06-13T00:00:00+00:00, execution_date=20240613T000000, start_date=20240614T135635, end_date=20240614T135637
[2024-06-14T13:56:37.791+0000] {local_task_job_runner.py:240} INFO - Task exited with return code 0
[2024-06-14T13:56:37.801+0000] {local_task_job_runner.py:222} INFO - ::endgroup::
