[2024-06-10T07:43:55.803+0000] {local_task_job_runner.py:120} INFO - ::group::Pre task execution logs
[2024-06-10T07:43:55.817+0000] {taskinstance.py:2076} INFO - Dependencies all met for dep_context=non-requeueable deps ti=<TaskInstance: f1_data_pipeline_taskflow.load_constructorStandings_task scheduled__2024-06-09T00:00:00+00:00 [queued]>
[2024-06-10T07:43:55.822+0000] {taskinstance.py:2076} INFO - Dependencies all met for dep_context=requeueable deps ti=<TaskInstance: f1_data_pipeline_taskflow.load_constructorStandings_task scheduled__2024-06-09T00:00:00+00:00 [queued]>
[2024-06-10T07:43:55.822+0000] {taskinstance.py:2306} INFO - Starting attempt 1 of 1
[2024-06-10T07:43:55.830+0000] {taskinstance.py:2330} INFO - Executing <Task(_PythonDecoratedOperator): load_constructorStandings_task> on 2024-06-09 00:00:00+00:00
[2024-06-10T07:43:55.836+0000] {warnings.py:110} WARNING - /home/***/.local/lib/python3.12/site-packages/***/task/task_runner/standard_task_runner.py:61: DeprecationWarning: This process (pid=414) is multi-threaded, use of fork() may lead to deadlocks in the child.
  pid = os.fork()

[2024-06-10T07:43:55.837+0000] {standard_task_runner.py:63} INFO - Started process 473 to run task
[2024-06-10T07:43:55.838+0000] {standard_task_runner.py:90} INFO - Running: ['***', 'tasks', 'run', 'f1_data_pipeline_taskflow', 'load_constructorStandings_task', 'scheduled__2024-06-09T00:00:00+00:00', '--job-id', '23', '--raw', '--subdir', 'DAGS_FOLDER/etl_dag.py', '--cfg-path', '/tmp/tmpw04qp98l']
[2024-06-10T07:43:55.839+0000] {standard_task_runner.py:91} INFO - Job 23: Subtask load_constructorStandings_task
[2024-06-10T07:43:55.885+0000] {task_command.py:426} INFO - Running <TaskInstance: f1_data_pipeline_taskflow.load_constructorStandings_task scheduled__2024-06-09T00:00:00+00:00 [running]> on host e8457e1e96c0
[2024-06-10T07:43:55.986+0000] {taskinstance.py:2648} INFO - Exporting env vars: AIRFLOW_CTX_DAG_OWNER='***' AIRFLOW_CTX_DAG_ID='f1_data_pipeline_taskflow' AIRFLOW_CTX_TASK_ID='load_constructorStandings_task' AIRFLOW_CTX_EXECUTION_DATE='2024-06-09T00:00:00+00:00' AIRFLOW_CTX_TRY_NUMBER='1' AIRFLOW_CTX_DAG_RUN_ID='scheduled__2024-06-09T00:00:00+00:00'
[2024-06-10T07:43:55.988+0000] {taskinstance.py:430} INFO - ::endgroup::
[2024-06-10T07:43:55.989+0000] {crypto.py:82} WARNING - empty cryptography key - values will not be stored encrypted.
[2024-06-10T07:43:55.989+0000] {base.py:84} INFO - Using connection ID 'sourcedb_connection' for task execution.
[2024-06-10T07:43:56.031+0000] {python.py:237} INFO - Done. Returned value was: None
[2024-06-10T07:43:56.031+0000] {taskinstance.py:441} INFO - ::group::Post task execution logs
[2024-06-10T07:43:56.039+0000] {taskinstance.py:1206} INFO - Marking task as SUCCESS. dag_id=f1_data_pipeline_taskflow, task_id=load_constructorStandings_task, run_id=scheduled__2024-06-09T00:00:00+00:00, execution_date=20240609T000000, start_date=20240610T074355, end_date=20240610T074356
[2024-06-10T07:43:56.091+0000] {local_task_job_runner.py:240} INFO - Task exited with return code 0
[2024-06-10T07:43:56.103+0000] {taskinstance.py:3498} INFO - 0 downstream tasks scheduled from follow-on schedule check
[2024-06-10T07:43:56.105+0000] {local_task_job_runner.py:222} INFO - ::endgroup::
[2024-06-10T08:20:14.669+0000] {local_task_job_runner.py:120} INFO - ::group::Pre task execution logs
[2024-06-10T08:20:14.688+0000] {taskinstance.py:2076} INFO - Dependencies all met for dep_context=non-requeueable deps ti=<TaskInstance: f1_data_pipeline_taskflow.load_constructorStandings_task scheduled__2024-06-09T00:00:00+00:00 [queued]>
[2024-06-10T08:20:14.695+0000] {taskinstance.py:2076} INFO - Dependencies all met for dep_context=requeueable deps ti=<TaskInstance: f1_data_pipeline_taskflow.load_constructorStandings_task scheduled__2024-06-09T00:00:00+00:00 [queued]>
[2024-06-10T08:20:14.695+0000] {taskinstance.py:2306} INFO - Starting attempt 1 of 1
[2024-06-10T08:20:14.714+0000] {taskinstance.py:2330} INFO - Executing <Task(_PythonDecoratedOperator): load_constructorStandings_task> on 2024-06-09 00:00:00+00:00
[2024-06-10T08:20:14.722+0000] {warnings.py:110} WARNING - /home/***/.local/lib/python3.12/site-packages/***/task/task_runner/standard_task_runner.py:61: DeprecationWarning: This process (pid=390) is multi-threaded, use of fork() may lead to deadlocks in the child.
  pid = os.fork()

[2024-06-10T08:20:14.724+0000] {standard_task_runner.py:63} INFO - Started process 407 to run task
[2024-06-10T08:20:14.723+0000] {standard_task_runner.py:90} INFO - Running: ['***', 'tasks', 'run', 'f1_data_pipeline_taskflow', 'load_constructorStandings_task', 'scheduled__2024-06-09T00:00:00+00:00', '--job-id', '21', '--raw', '--subdir', 'DAGS_FOLDER/etl_dag.py', '--cfg-path', '/tmp/tmp1_7e2a8p']
[2024-06-10T08:20:14.725+0000] {standard_task_runner.py:91} INFO - Job 21: Subtask load_constructorStandings_task
[2024-06-10T08:20:14.771+0000] {task_command.py:426} INFO - Running <TaskInstance: f1_data_pipeline_taskflow.load_constructorStandings_task scheduled__2024-06-09T00:00:00+00:00 [running]> on host 1d74a271cedb
[2024-06-10T08:20:14.888+0000] {taskinstance.py:2648} INFO - Exporting env vars: AIRFLOW_CTX_DAG_OWNER='***' AIRFLOW_CTX_DAG_ID='f1_data_pipeline_taskflow' AIRFLOW_CTX_TASK_ID='load_constructorStandings_task' AIRFLOW_CTX_EXECUTION_DATE='2024-06-09T00:00:00+00:00' AIRFLOW_CTX_TRY_NUMBER='1' AIRFLOW_CTX_DAG_RUN_ID='scheduled__2024-06-09T00:00:00+00:00'
[2024-06-10T08:20:14.889+0000] {taskinstance.py:430} INFO - ::endgroup::
[2024-06-10T08:20:14.890+0000] {crypto.py:82} WARNING - empty cryptography key - values will not be stored encrypted.
[2024-06-10T08:20:14.890+0000] {base.py:84} INFO - Using connection ID 'sourcedb_connection' for task execution.
[2024-06-10T08:20:14.932+0000] {python.py:237} INFO - Done. Returned value was: None
[2024-06-10T08:20:14.934+0000] {taskinstance.py:441} INFO - ::group::Post task execution logs
[2024-06-10T08:20:14.944+0000] {taskinstance.py:1206} INFO - Marking task as SUCCESS. dag_id=f1_data_pipeline_taskflow, task_id=load_constructorStandings_task, run_id=scheduled__2024-06-09T00:00:00+00:00, execution_date=20240609T000000, start_date=20240610T082014, end_date=20240610T082014
[2024-06-10T08:20:14.978+0000] {local_task_job_runner.py:240} INFO - Task exited with return code 0
[2024-06-10T08:20:15.018+0000] {taskinstance.py:3498} INFO - 0 downstream tasks scheduled from follow-on schedule check
[2024-06-10T08:20:15.020+0000] {local_task_job_runner.py:222} INFO - ::endgroup::
[2024-06-10T08:30:42.024+0000] {local_task_job_runner.py:120} INFO - ::group::Pre task execution logs
[2024-06-10T08:30:42.040+0000] {taskinstance.py:2076} INFO - Dependencies all met for dep_context=non-requeueable deps ti=<TaskInstance: f1_data_pipeline_taskflow.load_constructorStandings_task scheduled__2024-06-09T00:00:00+00:00 [queued]>
[2024-06-10T08:30:42.046+0000] {taskinstance.py:2076} INFO - Dependencies all met for dep_context=requeueable deps ti=<TaskInstance: f1_data_pipeline_taskflow.load_constructorStandings_task scheduled__2024-06-09T00:00:00+00:00 [queued]>
[2024-06-10T08:30:42.047+0000] {taskinstance.py:2306} INFO - Starting attempt 1 of 1
[2024-06-10T08:30:42.057+0000] {taskinstance.py:2330} INFO - Executing <Task(_PythonDecoratedOperator): load_constructorStandings_task> on 2024-06-09 00:00:00+00:00
[2024-06-10T08:30:42.063+0000] {warnings.py:110} WARNING - /home/***/.local/lib/python3.12/site-packages/***/task/task_runner/standard_task_runner.py:61: DeprecationWarning: This process (pid=388) is multi-threaded, use of fork() may lead to deadlocks in the child.
  pid = os.fork()

[2024-06-10T08:30:42.065+0000] {standard_task_runner.py:63} INFO - Started process 417 to run task
[2024-06-10T08:30:42.065+0000] {standard_task_runner.py:90} INFO - Running: ['***', 'tasks', 'run', 'f1_data_pipeline_taskflow', 'load_constructorStandings_task', 'scheduled__2024-06-09T00:00:00+00:00', '--job-id', '23', '--raw', '--subdir', 'DAGS_FOLDER/etl_dag.py', '--cfg-path', '/tmp/tmpahpa3s3d']
[2024-06-10T08:30:42.066+0000] {standard_task_runner.py:91} INFO - Job 23: Subtask load_constructorStandings_task
[2024-06-10T08:30:42.103+0000] {task_command.py:426} INFO - Running <TaskInstance: f1_data_pipeline_taskflow.load_constructorStandings_task scheduled__2024-06-09T00:00:00+00:00 [running]> on host c0d58a373fda
[2024-06-10T08:30:42.211+0000] {taskinstance.py:2648} INFO - Exporting env vars: AIRFLOW_CTX_DAG_OWNER='***' AIRFLOW_CTX_DAG_ID='f1_data_pipeline_taskflow' AIRFLOW_CTX_TASK_ID='load_constructorStandings_task' AIRFLOW_CTX_EXECUTION_DATE='2024-06-09T00:00:00+00:00' AIRFLOW_CTX_TRY_NUMBER='1' AIRFLOW_CTX_DAG_RUN_ID='scheduled__2024-06-09T00:00:00+00:00'
[2024-06-10T08:30:42.212+0000] {taskinstance.py:430} INFO - ::endgroup::
[2024-06-10T08:30:42.214+0000] {crypto.py:82} WARNING - empty cryptography key - values will not be stored encrypted.
[2024-06-10T08:30:42.214+0000] {base.py:84} INFO - Using connection ID 'sourcedb_connection' for task execution.
[2024-06-10T08:30:42.297+0000] {python.py:237} INFO - Done. Returned value was: None
[2024-06-10T08:30:42.300+0000] {taskinstance.py:441} INFO - ::group::Post task execution logs
[2024-06-10T08:30:42.312+0000] {taskinstance.py:1206} INFO - Marking task as SUCCESS. dag_id=f1_data_pipeline_taskflow, task_id=load_constructorStandings_task, run_id=scheduled__2024-06-09T00:00:00+00:00, execution_date=20240609T000000, start_date=20240610T083042, end_date=20240610T083042
[2024-06-10T08:30:42.359+0000] {local_task_job_runner.py:240} INFO - Task exited with return code 0
[2024-06-10T08:30:42.373+0000] {taskinstance.py:3498} INFO - 0 downstream tasks scheduled from follow-on schedule check
[2024-06-10T08:30:42.375+0000] {local_task_job_runner.py:222} INFO - ::endgroup::
[2024-06-10T08:45:42.225+0000] {local_task_job_runner.py:120} INFO - ::group::Pre task execution logs
[2024-06-10T08:45:42.241+0000] {taskinstance.py:2076} INFO - Dependencies all met for dep_context=non-requeueable deps ti=<TaskInstance: f1_data_pipeline_taskflow.load_constructorStandings_task scheduled__2024-06-09T00:00:00+00:00 [queued]>
[2024-06-10T08:45:42.248+0000] {taskinstance.py:2076} INFO - Dependencies all met for dep_context=requeueable deps ti=<TaskInstance: f1_data_pipeline_taskflow.load_constructorStandings_task scheduled__2024-06-09T00:00:00+00:00 [queued]>
[2024-06-10T08:45:42.248+0000] {taskinstance.py:2306} INFO - Starting attempt 1 of 1
[2024-06-10T08:45:42.263+0000] {taskinstance.py:2330} INFO - Executing <Task(_PythonDecoratedOperator): load_constructorStandings_task> on 2024-06-09 00:00:00+00:00
[2024-06-10T08:45:42.269+0000] {warnings.py:110} WARNING - /home/***/.local/lib/python3.12/site-packages/***/task/task_runner/standard_task_runner.py:61: DeprecationWarning: This process (pid=385) is multi-threaded, use of fork() may lead to deadlocks in the child.
  pid = os.fork()

[2024-06-10T08:45:42.271+0000] {standard_task_runner.py:63} INFO - Started process 403 to run task
[2024-06-10T08:45:42.271+0000] {standard_task_runner.py:90} INFO - Running: ['***', 'tasks', 'run', 'f1_data_pipeline_taskflow', 'load_constructorStandings_task', 'scheduled__2024-06-09T00:00:00+00:00', '--job-id', '22', '--raw', '--subdir', 'DAGS_FOLDER/etl_dag.py', '--cfg-path', '/tmp/tmpwj2xm44b']
[2024-06-10T08:45:42.273+0000] {standard_task_runner.py:91} INFO - Job 22: Subtask load_constructorStandings_task
[2024-06-10T08:45:42.310+0000] {task_command.py:426} INFO - Running <TaskInstance: f1_data_pipeline_taskflow.load_constructorStandings_task scheduled__2024-06-09T00:00:00+00:00 [running]> on host 27b2ec5a9b2d
[2024-06-10T08:45:42.448+0000] {taskinstance.py:2648} INFO - Exporting env vars: AIRFLOW_CTX_DAG_OWNER='***' AIRFLOW_CTX_DAG_ID='f1_data_pipeline_taskflow' AIRFLOW_CTX_TASK_ID='load_constructorStandings_task' AIRFLOW_CTX_EXECUTION_DATE='2024-06-09T00:00:00+00:00' AIRFLOW_CTX_TRY_NUMBER='1' AIRFLOW_CTX_DAG_RUN_ID='scheduled__2024-06-09T00:00:00+00:00'
[2024-06-10T08:45:42.455+0000] {taskinstance.py:430} INFO - ::endgroup::
[2024-06-10T08:45:42.460+0000] {crypto.py:82} WARNING - empty cryptography key - values will not be stored encrypted.
[2024-06-10T08:45:42.461+0000] {base.py:84} INFO - Using connection ID 'sourcedb_connection' for task execution.
[2024-06-10T08:45:42.541+0000] {python.py:237} INFO - Done. Returned value was: None
[2024-06-10T08:45:42.542+0000] {taskinstance.py:441} INFO - ::group::Post task execution logs
[2024-06-10T08:45:42.557+0000] {taskinstance.py:1206} INFO - Marking task as SUCCESS. dag_id=f1_data_pipeline_taskflow, task_id=load_constructorStandings_task, run_id=scheduled__2024-06-09T00:00:00+00:00, execution_date=20240609T000000, start_date=20240610T084542, end_date=20240610T084542
[2024-06-10T08:45:42.606+0000] {local_task_job_runner.py:240} INFO - Task exited with return code 0
[2024-06-10T08:45:42.625+0000] {taskinstance.py:3498} INFO - 0 downstream tasks scheduled from follow-on schedule check
[2024-06-10T08:45:42.627+0000] {local_task_job_runner.py:222} INFO - ::endgroup::
[2024-06-10T09:01:50.514+0000] {local_task_job_runner.py:120} INFO - ::group::Pre task execution logs
[2024-06-10T09:01:50.537+0000] {taskinstance.py:2076} INFO - Dependencies all met for dep_context=non-requeueable deps ti=<TaskInstance: f1_data_pipeline_taskflow.load_constructorStandings_task scheduled__2024-06-09T00:00:00+00:00 [queued]>
[2024-06-10T09:01:50.545+0000] {taskinstance.py:2076} INFO - Dependencies all met for dep_context=requeueable deps ti=<TaskInstance: f1_data_pipeline_taskflow.load_constructorStandings_task scheduled__2024-06-09T00:00:00+00:00 [queued]>
[2024-06-10T09:01:50.545+0000] {taskinstance.py:2306} INFO - Starting attempt 1 of 1
[2024-06-10T09:01:50.557+0000] {taskinstance.py:2330} INFO - Executing <Task(_PythonDecoratedOperator): load_constructorStandings_task> on 2024-06-09 00:00:00+00:00
[2024-06-10T09:01:50.564+0000] {warnings.py:110} WARNING - /home/***/.local/lib/python3.12/site-packages/***/task/task_runner/standard_task_runner.py:61: DeprecationWarning: This process (pid=390) is multi-threaded, use of fork() may lead to deadlocks in the child.
  pid = os.fork()

[2024-06-10T09:01:50.565+0000] {standard_task_runner.py:63} INFO - Started process 397 to run task
[2024-06-10T09:01:50.566+0000] {standard_task_runner.py:90} INFO - Running: ['***', 'tasks', 'run', 'f1_data_pipeline_taskflow', 'load_constructorStandings_task', 'scheduled__2024-06-09T00:00:00+00:00', '--job-id', '20', '--raw', '--subdir', 'DAGS_FOLDER/etl_dag.py', '--cfg-path', '/tmp/tmpmx7bn18z']
[2024-06-10T09:01:50.568+0000] {standard_task_runner.py:91} INFO - Job 20: Subtask load_constructorStandings_task
[2024-06-10T09:01:50.611+0000] {task_command.py:426} INFO - Running <TaskInstance: f1_data_pipeline_taskflow.load_constructorStandings_task scheduled__2024-06-09T00:00:00+00:00 [running]> on host 288f51e0edb6
[2024-06-10T09:01:50.718+0000] {taskinstance.py:2648} INFO - Exporting env vars: AIRFLOW_CTX_DAG_OWNER='***' AIRFLOW_CTX_DAG_ID='f1_data_pipeline_taskflow' AIRFLOW_CTX_TASK_ID='load_constructorStandings_task' AIRFLOW_CTX_EXECUTION_DATE='2024-06-09T00:00:00+00:00' AIRFLOW_CTX_TRY_NUMBER='1' AIRFLOW_CTX_DAG_RUN_ID='scheduled__2024-06-09T00:00:00+00:00'
[2024-06-10T09:01:50.721+0000] {taskinstance.py:430} INFO - ::endgroup::
[2024-06-10T09:01:50.722+0000] {crypto.py:82} WARNING - empty cryptography key - values will not be stored encrypted.
[2024-06-10T09:01:50.723+0000] {base.py:84} INFO - Using connection ID 'sourcedb_connection' for task execution.
[2024-06-10T09:01:50.770+0000] {python.py:237} INFO - Done. Returned value was: None
[2024-06-10T09:01:50.770+0000] {taskinstance.py:441} INFO - ::group::Post task execution logs
[2024-06-10T09:01:50.782+0000] {taskinstance.py:1206} INFO - Marking task as SUCCESS. dag_id=f1_data_pipeline_taskflow, task_id=load_constructorStandings_task, run_id=scheduled__2024-06-09T00:00:00+00:00, execution_date=20240609T000000, start_date=20240610T090150, end_date=20240610T090150
[2024-06-10T09:01:50.819+0000] {local_task_job_runner.py:240} INFO - Task exited with return code 0
[2024-06-10T09:01:50.867+0000] {taskinstance.py:3498} INFO - 0 downstream tasks scheduled from follow-on schedule check
[2024-06-10T09:01:50.876+0000] {local_task_job_runner.py:222} INFO - ::endgroup::
[2024-06-10T09:12:11.620+0000] {local_task_job_runner.py:120} INFO - ::group::Pre task execution logs
[2024-06-10T09:12:11.636+0000] {taskinstance.py:2076} INFO - Dependencies all met for dep_context=non-requeueable deps ti=<TaskInstance: f1_data_pipeline_taskflow.load_constructorStandings_task scheduled__2024-06-09T00:00:00+00:00 [queued]>
[2024-06-10T09:12:11.642+0000] {taskinstance.py:2076} INFO - Dependencies all met for dep_context=requeueable deps ti=<TaskInstance: f1_data_pipeline_taskflow.load_constructorStandings_task scheduled__2024-06-09T00:00:00+00:00 [queued]>
[2024-06-10T09:12:11.642+0000] {taskinstance.py:2306} INFO - Starting attempt 1 of 1
[2024-06-10T09:12:11.651+0000] {taskinstance.py:2330} INFO - Executing <Task(_PythonDecoratedOperator): load_constructorStandings_task> on 2024-06-09 00:00:00+00:00
[2024-06-10T09:12:11.657+0000] {warnings.py:110} WARNING - /home/***/.local/lib/python3.12/site-packages/***/task/task_runner/standard_task_runner.py:61: DeprecationWarning: This process (pid=418) is multi-threaded, use of fork() may lead to deadlocks in the child.
  pid = os.fork()

[2024-06-10T09:12:11.658+0000] {standard_task_runner.py:63} INFO - Started process 424 to run task
[2024-06-10T09:12:11.658+0000] {standard_task_runner.py:90} INFO - Running: ['***', 'tasks', 'run', 'f1_data_pipeline_taskflow', 'load_constructorStandings_task', 'scheduled__2024-06-09T00:00:00+00:00', '--job-id', '23', '--raw', '--subdir', 'DAGS_FOLDER/etl_dag.py', '--cfg-path', '/tmp/tmphudyjn_g']
[2024-06-10T09:12:11.660+0000] {standard_task_runner.py:91} INFO - Job 23: Subtask load_constructorStandings_task
[2024-06-10T09:12:11.697+0000] {task_command.py:426} INFO - Running <TaskInstance: f1_data_pipeline_taskflow.load_constructorStandings_task scheduled__2024-06-09T00:00:00+00:00 [running]> on host 474224cb5bf2
[2024-06-10T09:12:11.804+0000] {taskinstance.py:2648} INFO - Exporting env vars: AIRFLOW_CTX_DAG_OWNER='***' AIRFLOW_CTX_DAG_ID='f1_data_pipeline_taskflow' AIRFLOW_CTX_TASK_ID='load_constructorStandings_task' AIRFLOW_CTX_EXECUTION_DATE='2024-06-09T00:00:00+00:00' AIRFLOW_CTX_TRY_NUMBER='1' AIRFLOW_CTX_DAG_RUN_ID='scheduled__2024-06-09T00:00:00+00:00'
[2024-06-10T09:12:11.805+0000] {taskinstance.py:430} INFO - ::endgroup::
[2024-06-10T09:12:11.807+0000] {crypto.py:82} WARNING - empty cryptography key - values will not be stored encrypted.
[2024-06-10T09:12:11.807+0000] {base.py:84} INFO - Using connection ID 'sourcedb_connection' for task execution.
[2024-06-10T09:12:11.862+0000] {python.py:237} INFO - Done. Returned value was: None
[2024-06-10T09:12:11.863+0000] {taskinstance.py:441} INFO - ::group::Post task execution logs
[2024-06-10T09:12:11.886+0000] {taskinstance.py:1206} INFO - Marking task as SUCCESS. dag_id=f1_data_pipeline_taskflow, task_id=load_constructorStandings_task, run_id=scheduled__2024-06-09T00:00:00+00:00, execution_date=20240609T000000, start_date=20240610T091211, end_date=20240610T091211
[2024-06-10T09:12:11.951+0000] {local_task_job_runner.py:240} INFO - Task exited with return code 0
[2024-06-10T09:12:11.963+0000] {taskinstance.py:3498} INFO - 0 downstream tasks scheduled from follow-on schedule check
[2024-06-10T09:12:11.965+0000] {local_task_job_runner.py:222} INFO - ::endgroup::
[2024-06-10T09:47:00.877+0000] {local_task_job_runner.py:120} INFO - ::group::Pre task execution logs
[2024-06-10T09:47:00.893+0000] {taskinstance.py:2076} INFO - Dependencies all met for dep_context=non-requeueable deps ti=<TaskInstance: f1_data_pipeline_taskflow.load_constructorStandings_task scheduled__2024-06-09T00:00:00+00:00 [queued]>
[2024-06-10T09:47:00.899+0000] {taskinstance.py:2076} INFO - Dependencies all met for dep_context=requeueable deps ti=<TaskInstance: f1_data_pipeline_taskflow.load_constructorStandings_task scheduled__2024-06-09T00:00:00+00:00 [queued]>
[2024-06-10T09:47:00.899+0000] {taskinstance.py:2306} INFO - Starting attempt 1 of 1
[2024-06-10T09:47:00.907+0000] {taskinstance.py:2330} INFO - Executing <Task(_PythonDecoratedOperator): load_constructorStandings_task> on 2024-06-09 00:00:00+00:00
[2024-06-10T09:47:00.914+0000] {warnings.py:110} WARNING - /home/***/.local/lib/python3.12/site-packages/***/task/task_runner/standard_task_runner.py:61: DeprecationWarning: This process (pid=426) is multi-threaded, use of fork() may lead to deadlocks in the child.
  pid = os.fork()

[2024-06-10T09:47:00.915+0000] {standard_task_runner.py:63} INFO - Started process 431 to run task
[2024-06-10T09:47:00.915+0000] {standard_task_runner.py:90} INFO - Running: ['***', 'tasks', 'run', 'f1_data_pipeline_taskflow', 'load_constructorStandings_task', 'scheduled__2024-06-09T00:00:00+00:00', '--job-id', '19', '--raw', '--subdir', 'DAGS_FOLDER/etl_dag.py', '--cfg-path', '/tmp/tmpwrf4m40y']
[2024-06-10T09:47:00.917+0000] {standard_task_runner.py:91} INFO - Job 19: Subtask load_constructorStandings_task
[2024-06-10T09:47:00.951+0000] {task_command.py:426} INFO - Running <TaskInstance: f1_data_pipeline_taskflow.load_constructorStandings_task scheduled__2024-06-09T00:00:00+00:00 [running]> on host 1c3d326a454c
[2024-06-10T09:47:01.054+0000] {taskinstance.py:2648} INFO - Exporting env vars: AIRFLOW_CTX_DAG_OWNER='***' AIRFLOW_CTX_DAG_ID='f1_data_pipeline_taskflow' AIRFLOW_CTX_TASK_ID='load_constructorStandings_task' AIRFLOW_CTX_EXECUTION_DATE='2024-06-09T00:00:00+00:00' AIRFLOW_CTX_TRY_NUMBER='1' AIRFLOW_CTX_DAG_RUN_ID='scheduled__2024-06-09T00:00:00+00:00'
[2024-06-10T09:47:01.056+0000] {taskinstance.py:430} INFO - ::endgroup::
[2024-06-10T09:47:01.057+0000] {crypto.py:82} WARNING - empty cryptography key - values will not be stored encrypted.
[2024-06-10T09:47:01.057+0000] {base.py:84} INFO - Using connection ID 'sourcedb_connection' for task execution.
[2024-06-10T09:47:01.098+0000] {python.py:237} INFO - Done. Returned value was: None
[2024-06-10T09:47:01.099+0000] {taskinstance.py:441} INFO - ::group::Post task execution logs
[2024-06-10T09:47:01.106+0000] {taskinstance.py:1206} INFO - Marking task as SUCCESS. dag_id=f1_data_pipeline_taskflow, task_id=load_constructorStandings_task, run_id=scheduled__2024-06-09T00:00:00+00:00, execution_date=20240609T000000, start_date=20240610T094700, end_date=20240610T094701
[2024-06-10T09:47:01.128+0000] {local_task_job_runner.py:240} INFO - Task exited with return code 0
[2024-06-10T09:47:01.140+0000] {taskinstance.py:3498} INFO - 0 downstream tasks scheduled from follow-on schedule check
[2024-06-10T09:47:01.141+0000] {local_task_job_runner.py:222} INFO - ::endgroup::
[2024-06-10T11:55:48.270+0000] {local_task_job_runner.py:120} INFO - ::group::Pre task execution logs
[2024-06-10T11:55:48.286+0000] {taskinstance.py:2076} INFO - Dependencies all met for dep_context=non-requeueable deps ti=<TaskInstance: f1_data_pipeline_taskflow.load_constructorStandings_task scheduled__2024-06-09T00:00:00+00:00 [queued]>
[2024-06-10T11:55:48.291+0000] {taskinstance.py:2076} INFO - Dependencies all met for dep_context=requeueable deps ti=<TaskInstance: f1_data_pipeline_taskflow.load_constructorStandings_task scheduled__2024-06-09T00:00:00+00:00 [queued]>
[2024-06-10T11:55:48.291+0000] {taskinstance.py:2306} INFO - Starting attempt 1 of 1
[2024-06-10T11:55:48.300+0000] {taskinstance.py:2330} INFO - Executing <Task(_PythonDecoratedOperator): load_constructorStandings_task> on 2024-06-09 00:00:00+00:00
[2024-06-10T11:55:48.306+0000] {warnings.py:110} WARNING - /home/***/.local/lib/python3.12/site-packages/***/task/task_runner/standard_task_runner.py:61: DeprecationWarning: This process (pid=360) is multi-threaded, use of fork() may lead to deadlocks in the child.
  pid = os.fork()

[2024-06-10T11:55:48.307+0000] {standard_task_runner.py:63} INFO - Started process 388 to run task
[2024-06-10T11:55:48.307+0000] {standard_task_runner.py:90} INFO - Running: ['***', 'tasks', 'run', 'f1_data_pipeline_taskflow', 'load_constructorStandings_task', 'scheduled__2024-06-09T00:00:00+00:00', '--job-id', '20', '--raw', '--subdir', 'DAGS_FOLDER/etl_dag.py', '--cfg-path', '/tmp/tmpcygztyfc']
[2024-06-10T11:55:48.309+0000] {standard_task_runner.py:91} INFO - Job 20: Subtask load_constructorStandings_task
[2024-06-10T11:55:48.343+0000] {task_command.py:426} INFO - Running <TaskInstance: f1_data_pipeline_taskflow.load_constructorStandings_task scheduled__2024-06-09T00:00:00+00:00 [running]> on host aea94abb9e1c
[2024-06-10T11:55:48.458+0000] {taskinstance.py:2648} INFO - Exporting env vars: AIRFLOW_CTX_DAG_OWNER='***' AIRFLOW_CTX_DAG_ID='f1_data_pipeline_taskflow' AIRFLOW_CTX_TASK_ID='load_constructorStandings_task' AIRFLOW_CTX_EXECUTION_DATE='2024-06-09T00:00:00+00:00' AIRFLOW_CTX_TRY_NUMBER='1' AIRFLOW_CTX_DAG_RUN_ID='scheduled__2024-06-09T00:00:00+00:00'
[2024-06-10T11:55:48.460+0000] {taskinstance.py:430} INFO - ::endgroup::
[2024-06-10T11:55:48.461+0000] {crypto.py:82} WARNING - empty cryptography key - values will not be stored encrypted.
[2024-06-10T11:55:48.462+0000] {base.py:84} INFO - Using connection ID 'sourcedb_connection' for task execution.
[2024-06-10T11:55:48.524+0000] {python.py:237} INFO - Done. Returned value was: None
[2024-06-10T11:55:48.525+0000] {taskinstance.py:441} INFO - ::group::Post task execution logs
[2024-06-10T11:55:48.541+0000] {taskinstance.py:1206} INFO - Marking task as SUCCESS. dag_id=f1_data_pipeline_taskflow, task_id=load_constructorStandings_task, run_id=scheduled__2024-06-09T00:00:00+00:00, execution_date=20240609T000000, start_date=20240610T115548, end_date=20240610T115548
[2024-06-10T11:55:48.560+0000] {local_task_job_runner.py:240} INFO - Task exited with return code 0
[2024-06-10T11:55:48.577+0000] {taskinstance.py:3498} INFO - 0 downstream tasks scheduled from follow-on schedule check
[2024-06-10T11:55:48.579+0000] {local_task_job_runner.py:222} INFO - ::endgroup::
[2024-06-10T12:36:34.931+0000] {local_task_job_runner.py:120} INFO - ::group::Pre task execution logs
[2024-06-10T12:36:34.947+0000] {taskinstance.py:2076} INFO - Dependencies all met for dep_context=non-requeueable deps ti=<TaskInstance: f1_data_pipeline_taskflow.load_constructorStandings_task scheduled__2024-06-09T00:00:00+00:00 [queued]>
[2024-06-10T12:36:34.953+0000] {taskinstance.py:2076} INFO - Dependencies all met for dep_context=requeueable deps ti=<TaskInstance: f1_data_pipeline_taskflow.load_constructorStandings_task scheduled__2024-06-09T00:00:00+00:00 [queued]>
[2024-06-10T12:36:34.953+0000] {taskinstance.py:2306} INFO - Starting attempt 1 of 1
[2024-06-10T12:36:34.961+0000] {taskinstance.py:2330} INFO - Executing <Task(_PythonDecoratedOperator): load_constructorStandings_task> on 2024-06-09 00:00:00+00:00
[2024-06-10T12:36:34.968+0000] {warnings.py:110} WARNING - /home/***/.local/lib/python3.12/site-packages/***/task/task_runner/standard_task_runner.py:61: DeprecationWarning: This process (pid=387) is multi-threaded, use of fork() may lead to deadlocks in the child.
  pid = os.fork()

[2024-06-10T12:36:34.969+0000] {standard_task_runner.py:63} INFO - Started process 392 to run task
[2024-06-10T12:36:34.970+0000] {standard_task_runner.py:90} INFO - Running: ['***', 'tasks', 'run', 'f1_data_pipeline_taskflow', 'load_constructorStandings_task', 'scheduled__2024-06-09T00:00:00+00:00', '--job-id', '20', '--raw', '--subdir', 'DAGS_FOLDER/etl_dag.py', '--cfg-path', '/tmp/tmp9v17lcth']
[2024-06-10T12:36:34.971+0000] {standard_task_runner.py:91} INFO - Job 20: Subtask load_constructorStandings_task
[2024-06-10T12:36:35.005+0000] {task_command.py:426} INFO - Running <TaskInstance: f1_data_pipeline_taskflow.load_constructorStandings_task scheduled__2024-06-09T00:00:00+00:00 [running]> on host 61fa0c91c3b7
[2024-06-10T12:36:35.109+0000] {taskinstance.py:2648} INFO - Exporting env vars: AIRFLOW_CTX_DAG_OWNER='***' AIRFLOW_CTX_DAG_ID='f1_data_pipeline_taskflow' AIRFLOW_CTX_TASK_ID='load_constructorStandings_task' AIRFLOW_CTX_EXECUTION_DATE='2024-06-09T00:00:00+00:00' AIRFLOW_CTX_TRY_NUMBER='1' AIRFLOW_CTX_DAG_RUN_ID='scheduled__2024-06-09T00:00:00+00:00'
[2024-06-10T12:36:35.110+0000] {taskinstance.py:430} INFO - ::endgroup::
[2024-06-10T12:36:35.112+0000] {crypto.py:82} WARNING - empty cryptography key - values will not be stored encrypted.
[2024-06-10T12:36:35.112+0000] {base.py:84} INFO - Using connection ID 'sourcedb_connection' for task execution.
[2024-06-10T12:36:35.155+0000] {python.py:237} INFO - Done. Returned value was: None
[2024-06-10T12:36:35.156+0000] {taskinstance.py:441} INFO - ::group::Post task execution logs
[2024-06-10T12:36:35.169+0000] {taskinstance.py:1206} INFO - Marking task as SUCCESS. dag_id=f1_data_pipeline_taskflow, task_id=load_constructorStandings_task, run_id=scheduled__2024-06-09T00:00:00+00:00, execution_date=20240609T000000, start_date=20240610T123634, end_date=20240610T123635
[2024-06-10T12:36:35.223+0000] {local_task_job_runner.py:240} INFO - Task exited with return code 0
[2024-06-10T12:36:35.239+0000] {taskinstance.py:3498} INFO - 0 downstream tasks scheduled from follow-on schedule check
[2024-06-10T12:36:35.241+0000] {local_task_job_runner.py:222} INFO - ::endgroup::
[2024-06-10T12:43:09.466+0000] {local_task_job_runner.py:120} INFO - ::group::Pre task execution logs
[2024-06-10T12:43:09.487+0000] {taskinstance.py:2076} INFO - Dependencies all met for dep_context=non-requeueable deps ti=<TaskInstance: f1_data_pipeline_taskflow.load_constructorStandings_task scheduled__2024-06-09T00:00:00+00:00 [queued]>
[2024-06-10T12:43:09.494+0000] {taskinstance.py:2076} INFO - Dependencies all met for dep_context=requeueable deps ti=<TaskInstance: f1_data_pipeline_taskflow.load_constructorStandings_task scheduled__2024-06-09T00:00:00+00:00 [queued]>
[2024-06-10T12:43:09.495+0000] {taskinstance.py:2306} INFO - Starting attempt 1 of 1
[2024-06-10T12:43:09.507+0000] {taskinstance.py:2330} INFO - Executing <Task(_PythonDecoratedOperator): load_constructorStandings_task> on 2024-06-09 00:00:00+00:00
[2024-06-10T12:43:09.514+0000] {warnings.py:110} WARNING - /home/***/.local/lib/python3.12/site-packages/***/task/task_runner/standard_task_runner.py:61: DeprecationWarning: This process (pid=329) is multi-threaded, use of fork() may lead to deadlocks in the child.
  pid = os.fork()

[2024-06-10T12:43:09.515+0000] {standard_task_runner.py:63} INFO - Started process 334 to run task
[2024-06-10T12:43:09.515+0000] {standard_task_runner.py:90} INFO - Running: ['***', 'tasks', 'run', 'f1_data_pipeline_taskflow', 'load_constructorStandings_task', 'scheduled__2024-06-09T00:00:00+00:00', '--job-id', '20', '--raw', '--subdir', 'DAGS_FOLDER/etl_dag.py', '--cfg-path', '/tmp/tmpp2if59bs']
[2024-06-10T12:43:09.517+0000] {standard_task_runner.py:91} INFO - Job 20: Subtask load_constructorStandings_task
[2024-06-10T12:43:09.570+0000] {task_command.py:426} INFO - Running <TaskInstance: f1_data_pipeline_taskflow.load_constructorStandings_task scheduled__2024-06-09T00:00:00+00:00 [running]> on host 963d823f23ad
[2024-06-10T12:43:09.744+0000] {taskinstance.py:2648} INFO - Exporting env vars: AIRFLOW_CTX_DAG_OWNER='***' AIRFLOW_CTX_DAG_ID='f1_data_pipeline_taskflow' AIRFLOW_CTX_TASK_ID='load_constructorStandings_task' AIRFLOW_CTX_EXECUTION_DATE='2024-06-09T00:00:00+00:00' AIRFLOW_CTX_TRY_NUMBER='1' AIRFLOW_CTX_DAG_RUN_ID='scheduled__2024-06-09T00:00:00+00:00'
[2024-06-10T12:43:09.746+0000] {taskinstance.py:430} INFO - ::endgroup::
[2024-06-10T12:43:09.747+0000] {crypto.py:82} WARNING - empty cryptography key - values will not be stored encrypted.
[2024-06-10T12:43:09.747+0000] {base.py:84} INFO - Using connection ID 'sourcedb_connection' for task execution.
[2024-06-10T12:43:09.795+0000] {python.py:237} INFO - Done. Returned value was: None
[2024-06-10T12:43:09.796+0000] {taskinstance.py:441} INFO - ::group::Post task execution logs
[2024-06-10T12:43:09.805+0000] {taskinstance.py:1206} INFO - Marking task as SUCCESS. dag_id=f1_data_pipeline_taskflow, task_id=load_constructorStandings_task, run_id=scheduled__2024-06-09T00:00:00+00:00, execution_date=20240609T000000, start_date=20240610T124309, end_date=20240610T124309
[2024-06-10T12:43:09.849+0000] {local_task_job_runner.py:240} INFO - Task exited with return code 0
[2024-06-10T12:43:09.862+0000] {taskinstance.py:3498} INFO - 0 downstream tasks scheduled from follow-on schedule check
[2024-06-10T12:43:09.863+0000] {local_task_job_runner.py:222} INFO - ::endgroup::
[2024-06-10T12:53:18.901+0000] {local_task_job_runner.py:120} INFO - ::group::Pre task execution logs
[2024-06-10T12:53:18.918+0000] {taskinstance.py:2076} INFO - Dependencies all met for dep_context=non-requeueable deps ti=<TaskInstance: f1_data_pipeline_taskflow.load_constructorStandings_task scheduled__2024-06-09T00:00:00+00:00 [queued]>
[2024-06-10T12:53:18.924+0000] {taskinstance.py:2076} INFO - Dependencies all met for dep_context=requeueable deps ti=<TaskInstance: f1_data_pipeline_taskflow.load_constructorStandings_task scheduled__2024-06-09T00:00:00+00:00 [queued]>
[2024-06-10T12:53:18.925+0000] {taskinstance.py:2306} INFO - Starting attempt 1 of 1
[2024-06-10T12:53:18.935+0000] {taskinstance.py:2330} INFO - Executing <Task(_PythonDecoratedOperator): load_constructorStandings_task> on 2024-06-09 00:00:00+00:00
[2024-06-10T12:53:18.942+0000] {warnings.py:110} WARNING - /home/***/.local/lib/python3.12/site-packages/***/task/task_runner/standard_task_runner.py:61: DeprecationWarning: This process (pid=382) is multi-threaded, use of fork() may lead to deadlocks in the child.
  pid = os.fork()

[2024-06-10T12:53:18.943+0000] {standard_task_runner.py:63} INFO - Started process 443 to run task
[2024-06-10T12:53:18.943+0000] {standard_task_runner.py:90} INFO - Running: ['***', 'tasks', 'run', 'f1_data_pipeline_taskflow', 'load_constructorStandings_task', 'scheduled__2024-06-09T00:00:00+00:00', '--job-id', '24', '--raw', '--subdir', 'DAGS_FOLDER/etl_dag.py', '--cfg-path', '/tmp/tmpyaz1ufb4']
[2024-06-10T12:53:18.945+0000] {standard_task_runner.py:91} INFO - Job 24: Subtask load_constructorStandings_task
[2024-06-10T12:53:18.985+0000] {task_command.py:426} INFO - Running <TaskInstance: f1_data_pipeline_taskflow.load_constructorStandings_task scheduled__2024-06-09T00:00:00+00:00 [running]> on host dde96eecb2ac
[2024-06-10T12:53:19.092+0000] {taskinstance.py:2648} INFO - Exporting env vars: AIRFLOW_CTX_DAG_OWNER='***' AIRFLOW_CTX_DAG_ID='f1_data_pipeline_taskflow' AIRFLOW_CTX_TASK_ID='load_constructorStandings_task' AIRFLOW_CTX_EXECUTION_DATE='2024-06-09T00:00:00+00:00' AIRFLOW_CTX_TRY_NUMBER='1' AIRFLOW_CTX_DAG_RUN_ID='scheduled__2024-06-09T00:00:00+00:00'
[2024-06-10T12:53:19.094+0000] {taskinstance.py:430} INFO - ::endgroup::
[2024-06-10T12:53:19.095+0000] {crypto.py:82} WARNING - empty cryptography key - values will not be stored encrypted.
[2024-06-10T12:53:19.095+0000] {base.py:84} INFO - Using connection ID 'sourcedb_connection' for task execution.
[2024-06-10T12:53:19.137+0000] {python.py:237} INFO - Done. Returned value was: None
[2024-06-10T12:53:19.138+0000] {taskinstance.py:441} INFO - ::group::Post task execution logs
[2024-06-10T12:53:19.145+0000] {taskinstance.py:1206} INFO - Marking task as SUCCESS. dag_id=f1_data_pipeline_taskflow, task_id=load_constructorStandings_task, run_id=scheduled__2024-06-09T00:00:00+00:00, execution_date=20240609T000000, start_date=20240610T125318, end_date=20240610T125319
[2024-06-10T12:53:19.197+0000] {local_task_job_runner.py:240} INFO - Task exited with return code 0
[2024-06-10T12:53:19.208+0000] {taskinstance.py:3498} INFO - 0 downstream tasks scheduled from follow-on schedule check
[2024-06-10T12:53:19.210+0000] {local_task_job_runner.py:222} INFO - ::endgroup::
[2024-06-10T12:58:34.525+0000] {local_task_job_runner.py:120} INFO - ::group::Pre task execution logs
[2024-06-10T12:58:34.542+0000] {taskinstance.py:2076} INFO - Dependencies all met for dep_context=non-requeueable deps ti=<TaskInstance: f1_data_pipeline_taskflow.load_constructorStandings_task scheduled__2024-06-09T00:00:00+00:00 [queued]>
[2024-06-10T12:58:34.548+0000] {taskinstance.py:2076} INFO - Dependencies all met for dep_context=requeueable deps ti=<TaskInstance: f1_data_pipeline_taskflow.load_constructorStandings_task scheduled__2024-06-09T00:00:00+00:00 [queued]>
[2024-06-10T12:58:34.548+0000] {taskinstance.py:2306} INFO - Starting attempt 1 of 1
[2024-06-10T12:58:34.557+0000] {taskinstance.py:2330} INFO - Executing <Task(_PythonDecoratedOperator): load_constructorStandings_task> on 2024-06-09 00:00:00+00:00
[2024-06-10T12:58:34.564+0000] {warnings.py:110} WARNING - /home/***/.local/lib/python3.12/site-packages/***/task/task_runner/standard_task_runner.py:61: DeprecationWarning: This process (pid=341) is multi-threaded, use of fork() may lead to deadlocks in the child.
  pid = os.fork()

[2024-06-10T12:58:34.565+0000] {standard_task_runner.py:63} INFO - Started process 381 to run task
[2024-06-10T12:58:34.565+0000] {standard_task_runner.py:90} INFO - Running: ['***', 'tasks', 'run', 'f1_data_pipeline_taskflow', 'load_constructorStandings_task', 'scheduled__2024-06-09T00:00:00+00:00', '--job-id', '20', '--raw', '--subdir', 'DAGS_FOLDER/etl_dag.py', '--cfg-path', '/tmp/tmppfdl2r3o']
[2024-06-10T12:58:34.567+0000] {standard_task_runner.py:91} INFO - Job 20: Subtask load_constructorStandings_task
[2024-06-10T12:58:34.603+0000] {task_command.py:426} INFO - Running <TaskInstance: f1_data_pipeline_taskflow.load_constructorStandings_task scheduled__2024-06-09T00:00:00+00:00 [running]> on host 1827e5540201
[2024-06-10T12:58:34.716+0000] {taskinstance.py:2648} INFO - Exporting env vars: AIRFLOW_CTX_DAG_OWNER='***' AIRFLOW_CTX_DAG_ID='f1_data_pipeline_taskflow' AIRFLOW_CTX_TASK_ID='load_constructorStandings_task' AIRFLOW_CTX_EXECUTION_DATE='2024-06-09T00:00:00+00:00' AIRFLOW_CTX_TRY_NUMBER='1' AIRFLOW_CTX_DAG_RUN_ID='scheduled__2024-06-09T00:00:00+00:00'
[2024-06-10T12:58:34.719+0000] {taskinstance.py:430} INFO - ::endgroup::
[2024-06-10T12:58:34.720+0000] {crypto.py:82} WARNING - empty cryptography key - values will not be stored encrypted.
[2024-06-10T12:58:34.720+0000] {base.py:84} INFO - Using connection ID 'sourcedb_connection' for task execution.
[2024-06-10T12:58:34.771+0000] {python.py:237} INFO - Done. Returned value was: None
[2024-06-10T12:58:34.772+0000] {taskinstance.py:441} INFO - ::group::Post task execution logs
[2024-06-10T12:58:34.780+0000] {taskinstance.py:1206} INFO - Marking task as SUCCESS. dag_id=f1_data_pipeline_taskflow, task_id=load_constructorStandings_task, run_id=scheduled__2024-06-09T00:00:00+00:00, execution_date=20240609T000000, start_date=20240610T125834, end_date=20240610T125834
[2024-06-10T12:58:34.818+0000] {local_task_job_runner.py:240} INFO - Task exited with return code 0
[2024-06-10T12:58:34.834+0000] {taskinstance.py:3498} INFO - 0 downstream tasks scheduled from follow-on schedule check
[2024-06-10T12:58:34.836+0000] {local_task_job_runner.py:222} INFO - ::endgroup::
[2024-06-10T13:08:27.130+0000] {local_task_job_runner.py:120} INFO - ::group::Pre task execution logs
[2024-06-10T13:08:27.147+0000] {taskinstance.py:2076} INFO - Dependencies all met for dep_context=non-requeueable deps ti=<TaskInstance: f1_data_pipeline_taskflow.load_constructorStandings_task scheduled__2024-06-09T00:00:00+00:00 [queued]>
[2024-06-10T13:08:27.152+0000] {taskinstance.py:2076} INFO - Dependencies all met for dep_context=requeueable deps ti=<TaskInstance: f1_data_pipeline_taskflow.load_constructorStandings_task scheduled__2024-06-09T00:00:00+00:00 [queued]>
[2024-06-10T13:08:27.152+0000] {taskinstance.py:2306} INFO - Starting attempt 1 of 1
[2024-06-10T13:08:27.161+0000] {taskinstance.py:2330} INFO - Executing <Task(_PythonDecoratedOperator): load_constructorStandings_task> on 2024-06-09 00:00:00+00:00
[2024-06-10T13:08:27.168+0000] {warnings.py:110} WARNING - /home/***/.local/lib/python3.12/site-packages/***/task/task_runner/standard_task_runner.py:61: DeprecationWarning: This process (pid=385) is multi-threaded, use of fork() may lead to deadlocks in the child.
  pid = os.fork()

[2024-06-10T13:08:27.169+0000] {standard_task_runner.py:63} INFO - Started process 390 to run task
[2024-06-10T13:08:27.170+0000] {standard_task_runner.py:90} INFO - Running: ['***', 'tasks', 'run', 'f1_data_pipeline_taskflow', 'load_constructorStandings_task', 'scheduled__2024-06-09T00:00:00+00:00', '--job-id', '20', '--raw', '--subdir', 'DAGS_FOLDER/etl_dag.py', '--cfg-path', '/tmp/tmpiq03m8zz']
[2024-06-10T13:08:27.171+0000] {standard_task_runner.py:91} INFO - Job 20: Subtask load_constructorStandings_task
[2024-06-10T13:08:27.210+0000] {task_command.py:426} INFO - Running <TaskInstance: f1_data_pipeline_taskflow.load_constructorStandings_task scheduled__2024-06-09T00:00:00+00:00 [running]> on host 625f3a2113de
[2024-06-10T13:08:27.326+0000] {taskinstance.py:2648} INFO - Exporting env vars: AIRFLOW_CTX_DAG_OWNER='***' AIRFLOW_CTX_DAG_ID='f1_data_pipeline_taskflow' AIRFLOW_CTX_TASK_ID='load_constructorStandings_task' AIRFLOW_CTX_EXECUTION_DATE='2024-06-09T00:00:00+00:00' AIRFLOW_CTX_TRY_NUMBER='1' AIRFLOW_CTX_DAG_RUN_ID='scheduled__2024-06-09T00:00:00+00:00'
[2024-06-10T13:08:27.328+0000] {taskinstance.py:430} INFO - ::endgroup::
[2024-06-10T13:08:27.329+0000] {crypto.py:82} WARNING - empty cryptography key - values will not be stored encrypted.
[2024-06-10T13:08:27.329+0000] {base.py:84} INFO - Using connection ID 'sourcedb_connection' for task execution.
[2024-06-10T13:08:27.374+0000] {python.py:237} INFO - Done. Returned value was: None
[2024-06-10T13:08:27.375+0000] {taskinstance.py:441} INFO - ::group::Post task execution logs
[2024-06-10T13:08:27.383+0000] {taskinstance.py:1206} INFO - Marking task as SUCCESS. dag_id=f1_data_pipeline_taskflow, task_id=load_constructorStandings_task, run_id=scheduled__2024-06-09T00:00:00+00:00, execution_date=20240609T000000, start_date=20240610T130827, end_date=20240610T130827
[2024-06-10T13:08:27.423+0000] {local_task_job_runner.py:240} INFO - Task exited with return code 0
[2024-06-10T13:08:27.435+0000] {taskinstance.py:3498} INFO - 0 downstream tasks scheduled from follow-on schedule check
[2024-06-10T13:08:27.437+0000] {local_task_job_runner.py:222} INFO - ::endgroup::
[2024-06-10T13:23:36.008+0000] {local_task_job_runner.py:120} INFO - ::group::Pre task execution logs
[2024-06-10T13:23:36.025+0000] {taskinstance.py:2076} INFO - Dependencies all met for dep_context=non-requeueable deps ti=<TaskInstance: f1_data_pipeline_taskflow.load_constructorStandings_task scheduled__2024-06-09T00:00:00+00:00 [queued]>
[2024-06-10T13:23:36.031+0000] {taskinstance.py:2076} INFO - Dependencies all met for dep_context=requeueable deps ti=<TaskInstance: f1_data_pipeline_taskflow.load_constructorStandings_task scheduled__2024-06-09T00:00:00+00:00 [queued]>
[2024-06-10T13:23:36.031+0000] {taskinstance.py:2306} INFO - Starting attempt 1 of 1
[2024-06-10T13:23:36.039+0000] {taskinstance.py:2330} INFO - Executing <Task(_PythonDecoratedOperator): load_constructorStandings_task> on 2024-06-09 00:00:00+00:00
[2024-06-10T13:23:36.046+0000] {warnings.py:110} WARNING - /home/***/.local/lib/python3.12/site-packages/***/task/task_runner/standard_task_runner.py:61: DeprecationWarning: This process (pid=381) is multi-threaded, use of fork() may lead to deadlocks in the child.
  pid = os.fork()

[2024-06-10T13:23:36.047+0000] {standard_task_runner.py:63} INFO - Started process 445 to run task
[2024-06-10T13:23:36.047+0000] {standard_task_runner.py:90} INFO - Running: ['***', 'tasks', 'run', 'f1_data_pipeline_taskflow', 'load_constructorStandings_task', 'scheduled__2024-06-09T00:00:00+00:00', '--job-id', '24', '--raw', '--subdir', 'DAGS_FOLDER/etl_dag.py', '--cfg-path', '/tmp/tmpxal2wtod']
[2024-06-10T13:23:36.049+0000] {standard_task_runner.py:91} INFO - Job 24: Subtask load_constructorStandings_task
[2024-06-10T13:23:36.084+0000] {task_command.py:426} INFO - Running <TaskInstance: f1_data_pipeline_taskflow.load_constructorStandings_task scheduled__2024-06-09T00:00:00+00:00 [running]> on host d102255c9fd1
[2024-06-10T13:23:36.189+0000] {taskinstance.py:2648} INFO - Exporting env vars: AIRFLOW_CTX_DAG_OWNER='***' AIRFLOW_CTX_DAG_ID='f1_data_pipeline_taskflow' AIRFLOW_CTX_TASK_ID='load_constructorStandings_task' AIRFLOW_CTX_EXECUTION_DATE='2024-06-09T00:00:00+00:00' AIRFLOW_CTX_TRY_NUMBER='1' AIRFLOW_CTX_DAG_RUN_ID='scheduled__2024-06-09T00:00:00+00:00'
[2024-06-10T13:23:36.191+0000] {taskinstance.py:430} INFO - ::endgroup::
[2024-06-10T13:23:36.192+0000] {crypto.py:82} WARNING - empty cryptography key - values will not be stored encrypted.
[2024-06-10T13:23:36.192+0000] {base.py:84} INFO - Using connection ID 'sourcedb_connection' for task execution.
[2024-06-10T13:23:36.232+0000] {python.py:237} INFO - Done. Returned value was: None
[2024-06-10T13:23:36.233+0000] {taskinstance.py:441} INFO - ::group::Post task execution logs
[2024-06-10T13:23:36.240+0000] {taskinstance.py:1206} INFO - Marking task as SUCCESS. dag_id=f1_data_pipeline_taskflow, task_id=load_constructorStandings_task, run_id=scheduled__2024-06-09T00:00:00+00:00, execution_date=20240609T000000, start_date=20240610T132336, end_date=20240610T132336
[2024-06-10T13:23:36.261+0000] {local_task_job_runner.py:240} INFO - Task exited with return code 0
[2024-06-10T13:23:36.272+0000] {taskinstance.py:3498} INFO - 0 downstream tasks scheduled from follow-on schedule check
[2024-06-10T13:23:36.273+0000] {local_task_job_runner.py:222} INFO - ::endgroup::
[2024-06-10T13:35:55.814+0000] {local_task_job_runner.py:120} INFO - ::group::Pre task execution logs
[2024-06-10T13:35:55.831+0000] {taskinstance.py:2076} INFO - Dependencies all met for dep_context=non-requeueable deps ti=<TaskInstance: f1_data_pipeline_taskflow.load_constructorStandings_task scheduled__2024-06-09T00:00:00+00:00 [queued]>
[2024-06-10T13:35:55.837+0000] {taskinstance.py:2076} INFO - Dependencies all met for dep_context=requeueable deps ti=<TaskInstance: f1_data_pipeline_taskflow.load_constructorStandings_task scheduled__2024-06-09T00:00:00+00:00 [queued]>
[2024-06-10T13:35:55.838+0000] {taskinstance.py:2306} INFO - Starting attempt 1 of 1
[2024-06-10T13:35:55.848+0000] {taskinstance.py:2330} INFO - Executing <Task(_PythonDecoratedOperator): load_constructorStandings_task> on 2024-06-09 00:00:00+00:00
[2024-06-10T13:35:55.854+0000] {warnings.py:110} WARNING - /home/***/.local/lib/python3.12/site-packages/***/task/task_runner/standard_task_runner.py:61: DeprecationWarning: This process (pid=385) is multi-threaded, use of fork() may lead to deadlocks in the child.
  pid = os.fork()

[2024-06-10T13:35:55.855+0000] {standard_task_runner.py:63} INFO - Started process 393 to run task
[2024-06-10T13:35:55.856+0000] {standard_task_runner.py:90} INFO - Running: ['***', 'tasks', 'run', 'f1_data_pipeline_taskflow', 'load_constructorStandings_task', 'scheduled__2024-06-09T00:00:00+00:00', '--job-id', '20', '--raw', '--subdir', 'DAGS_FOLDER/etl_dag.py', '--cfg-path', '/tmp/tmpxk9xx6t8']
[2024-06-10T13:35:55.857+0000] {standard_task_runner.py:91} INFO - Job 20: Subtask load_constructorStandings_task
[2024-06-10T13:35:55.894+0000] {task_command.py:426} INFO - Running <TaskInstance: f1_data_pipeline_taskflow.load_constructorStandings_task scheduled__2024-06-09T00:00:00+00:00 [running]> on host 61e4f3dfec5c
[2024-06-10T13:35:56.025+0000] {taskinstance.py:2648} INFO - Exporting env vars: AIRFLOW_CTX_DAG_OWNER='***' AIRFLOW_CTX_DAG_ID='f1_data_pipeline_taskflow' AIRFLOW_CTX_TASK_ID='load_constructorStandings_task' AIRFLOW_CTX_EXECUTION_DATE='2024-06-09T00:00:00+00:00' AIRFLOW_CTX_TRY_NUMBER='1' AIRFLOW_CTX_DAG_RUN_ID='scheduled__2024-06-09T00:00:00+00:00'
[2024-06-10T13:35:56.027+0000] {taskinstance.py:430} INFO - ::endgroup::
[2024-06-10T13:35:56.029+0000] {crypto.py:82} WARNING - empty cryptography key - values will not be stored encrypted.
[2024-06-10T13:35:56.029+0000] {base.py:84} INFO - Using connection ID 'sourcedb_connection' for task execution.
[2024-06-10T13:35:56.093+0000] {python.py:237} INFO - Done. Returned value was: None
[2024-06-10T13:35:56.094+0000] {taskinstance.py:441} INFO - ::group::Post task execution logs
[2024-06-10T13:35:56.105+0000] {taskinstance.py:1206} INFO - Marking task as SUCCESS. dag_id=f1_data_pipeline_taskflow, task_id=load_constructorStandings_task, run_id=scheduled__2024-06-09T00:00:00+00:00, execution_date=20240609T000000, start_date=20240610T133555, end_date=20240610T133556
[2024-06-10T13:35:56.150+0000] {local_task_job_runner.py:240} INFO - Task exited with return code 0
[2024-06-10T13:35:56.184+0000] {taskinstance.py:3498} INFO - 0 downstream tasks scheduled from follow-on schedule check
[2024-06-10T13:35:56.190+0000] {local_task_job_runner.py:222} INFO - ::endgroup::
[2024-06-10T13:42:03.834+0000] {local_task_job_runner.py:120} INFO - ::group::Pre task execution logs
[2024-06-10T13:42:03.849+0000] {taskinstance.py:2076} INFO - Dependencies all met for dep_context=non-requeueable deps ti=<TaskInstance: f1_data_pipeline_taskflow.load_constructorStandings_task scheduled__2024-06-09T00:00:00+00:00 [queued]>
[2024-06-10T13:42:03.855+0000] {taskinstance.py:2076} INFO - Dependencies all met for dep_context=requeueable deps ti=<TaskInstance: f1_data_pipeline_taskflow.load_constructorStandings_task scheduled__2024-06-09T00:00:00+00:00 [queued]>
[2024-06-10T13:42:03.855+0000] {taskinstance.py:2306} INFO - Starting attempt 1 of 1
[2024-06-10T13:42:03.863+0000] {taskinstance.py:2330} INFO - Executing <Task(_PythonDecoratedOperator): load_constructorStandings_task> on 2024-06-09 00:00:00+00:00
[2024-06-10T13:42:03.869+0000] {warnings.py:110} WARNING - /home/***/.local/lib/python3.12/site-packages/***/task/task_runner/standard_task_runner.py:61: DeprecationWarning: This process (pid=325) is multi-threaded, use of fork() may lead to deadlocks in the child.
  pid = os.fork()

[2024-06-10T13:42:03.871+0000] {standard_task_runner.py:63} INFO - Started process 328 to run task
[2024-06-10T13:42:03.871+0000] {standard_task_runner.py:90} INFO - Running: ['***', 'tasks', 'run', 'f1_data_pipeline_taskflow', 'load_constructorStandings_task', 'scheduled__2024-06-09T00:00:00+00:00', '--job-id', '17', '--raw', '--subdir', 'DAGS_FOLDER/etl_dag.py', '--cfg-path', '/tmp/tmpujhjjzy9']
[2024-06-10T13:42:03.872+0000] {standard_task_runner.py:91} INFO - Job 17: Subtask load_constructorStandings_task
[2024-06-10T13:42:03.908+0000] {task_command.py:426} INFO - Running <TaskInstance: f1_data_pipeline_taskflow.load_constructorStandings_task scheduled__2024-06-09T00:00:00+00:00 [running]> on host 5feafd0b96fd
[2024-06-10T13:42:04.028+0000] {taskinstance.py:2648} INFO - Exporting env vars: AIRFLOW_CTX_DAG_OWNER='***' AIRFLOW_CTX_DAG_ID='f1_data_pipeline_taskflow' AIRFLOW_CTX_TASK_ID='load_constructorStandings_task' AIRFLOW_CTX_EXECUTION_DATE='2024-06-09T00:00:00+00:00' AIRFLOW_CTX_TRY_NUMBER='1' AIRFLOW_CTX_DAG_RUN_ID='scheduled__2024-06-09T00:00:00+00:00'
[2024-06-10T13:42:04.032+0000] {taskinstance.py:430} INFO - ::endgroup::
[2024-06-10T13:42:04.033+0000] {crypto.py:82} WARNING - empty cryptography key - values will not be stored encrypted.
[2024-06-10T13:42:04.033+0000] {base.py:84} INFO - Using connection ID 'sourcedb_connection' for task execution.
[2024-06-10T13:42:04.111+0000] {python.py:237} INFO - Done. Returned value was: None
[2024-06-10T13:42:04.112+0000] {taskinstance.py:441} INFO - ::group::Post task execution logs
[2024-06-10T13:42:04.120+0000] {taskinstance.py:1206} INFO - Marking task as SUCCESS. dag_id=f1_data_pipeline_taskflow, task_id=load_constructorStandings_task, run_id=scheduled__2024-06-09T00:00:00+00:00, execution_date=20240609T000000, start_date=20240610T134203, end_date=20240610T134204
[2024-06-10T13:42:04.164+0000] {local_task_job_runner.py:240} INFO - Task exited with return code 0
[2024-06-10T13:42:04.176+0000] {taskinstance.py:3498} INFO - 0 downstream tasks scheduled from follow-on schedule check
[2024-06-10T13:42:04.178+0000] {local_task_job_runner.py:222} INFO - ::endgroup::
[2024-06-10T13:47:17.648+0000] {local_task_job_runner.py:120} INFO - ::group::Pre task execution logs
[2024-06-10T13:47:17.665+0000] {taskinstance.py:2076} INFO - Dependencies all met for dep_context=non-requeueable deps ti=<TaskInstance: f1_data_pipeline_taskflow.load_constructorStandings_task scheduled__2024-06-09T00:00:00+00:00 [queued]>
[2024-06-10T13:47:17.670+0000] {taskinstance.py:2076} INFO - Dependencies all met for dep_context=requeueable deps ti=<TaskInstance: f1_data_pipeline_taskflow.load_constructorStandings_task scheduled__2024-06-09T00:00:00+00:00 [queued]>
[2024-06-10T13:47:17.671+0000] {taskinstance.py:2306} INFO - Starting attempt 1 of 1
[2024-06-10T13:47:17.680+0000] {taskinstance.py:2330} INFO - Executing <Task(_PythonDecoratedOperator): load_constructorStandings_task> on 2024-06-09 00:00:00+00:00
[2024-06-10T13:47:17.687+0000] {warnings.py:110} WARNING - /home/***/.local/lib/python3.12/site-packages/***/task/task_runner/standard_task_runner.py:61: DeprecationWarning: This process (pid=385) is multi-threaded, use of fork() may lead to deadlocks in the child.
  pid = os.fork()

[2024-06-10T13:47:17.688+0000] {standard_task_runner.py:63} INFO - Started process 448 to run task
[2024-06-10T13:47:17.688+0000] {standard_task_runner.py:90} INFO - Running: ['***', 'tasks', 'run', 'f1_data_pipeline_taskflow', 'load_constructorStandings_task', 'scheduled__2024-06-09T00:00:00+00:00', '--job-id', '22', '--raw', '--subdir', 'DAGS_FOLDER/etl_dag.py', '--cfg-path', '/tmp/tmpnmtm2mtf']
[2024-06-10T13:47:17.690+0000] {standard_task_runner.py:91} INFO - Job 22: Subtask load_constructorStandings_task
[2024-06-10T13:47:17.725+0000] {task_command.py:426} INFO - Running <TaskInstance: f1_data_pipeline_taskflow.load_constructorStandings_task scheduled__2024-06-09T00:00:00+00:00 [running]> on host 0d5d688e6061
[2024-06-10T13:47:17.827+0000] {taskinstance.py:2648} INFO - Exporting env vars: AIRFLOW_CTX_DAG_OWNER='***' AIRFLOW_CTX_DAG_ID='f1_data_pipeline_taskflow' AIRFLOW_CTX_TASK_ID='load_constructorStandings_task' AIRFLOW_CTX_EXECUTION_DATE='2024-06-09T00:00:00+00:00' AIRFLOW_CTX_TRY_NUMBER='1' AIRFLOW_CTX_DAG_RUN_ID='scheduled__2024-06-09T00:00:00+00:00'
[2024-06-10T13:47:17.829+0000] {taskinstance.py:430} INFO - ::endgroup::
[2024-06-10T13:47:17.830+0000] {crypto.py:82} WARNING - empty cryptography key - values will not be stored encrypted.
[2024-06-10T13:47:17.830+0000] {base.py:84} INFO - Using connection ID 'sourcedb_connection' for task execution.
[2024-06-10T13:47:17.871+0000] {python.py:237} INFO - Done. Returned value was: None
[2024-06-10T13:47:17.872+0000] {taskinstance.py:441} INFO - ::group::Post task execution logs
[2024-06-10T13:47:17.880+0000] {taskinstance.py:1206} INFO - Marking task as SUCCESS. dag_id=f1_data_pipeline_taskflow, task_id=load_constructorStandings_task, run_id=scheduled__2024-06-09T00:00:00+00:00, execution_date=20240609T000000, start_date=20240610T134717, end_date=20240610T134717
[2024-06-10T13:47:17.901+0000] {local_task_job_runner.py:240} INFO - Task exited with return code 0
[2024-06-10T13:47:17.914+0000] {taskinstance.py:3498} INFO - 0 downstream tasks scheduled from follow-on schedule check
[2024-06-10T13:47:17.915+0000] {local_task_job_runner.py:222} INFO - ::endgroup::
[2024-06-21T08:55:51.939+0000] {local_task_job_runner.py:120} INFO - ::group::Pre task execution logs
[2024-06-21T08:55:51.955+0000] {taskinstance.py:2076} INFO - Dependencies all met for dep_context=non-requeueable deps ti=<TaskInstance: f1_data_pipeline_taskflow.load_constructorStandings_task scheduled__2024-06-09T00:00:00+00:00 [queued]>
[2024-06-21T08:55:51.960+0000] {taskinstance.py:2076} INFO - Dependencies all met for dep_context=requeueable deps ti=<TaskInstance: f1_data_pipeline_taskflow.load_constructorStandings_task scheduled__2024-06-09T00:00:00+00:00 [queued]>
[2024-06-21T08:55:51.960+0000] {taskinstance.py:2306} INFO - Starting attempt 1 of 1
[2024-06-21T08:55:51.970+0000] {taskinstance.py:2330} INFO - Executing <Task(_PythonDecoratedOperator): load_constructorStandings_task> on 2024-06-09 00:00:00+00:00
[2024-06-21T08:55:51.976+0000] {warnings.py:110} WARNING - /home/***/.local/lib/python3.12/site-packages/***/task/task_runner/standard_task_runner.py:61: DeprecationWarning: This process (pid=402) is multi-threaded, use of fork() may lead to deadlocks in the child.
  pid = os.fork()

[2024-06-21T08:55:51.977+0000] {standard_task_runner.py:63} INFO - Started process 410 to run task
[2024-06-21T08:55:51.977+0000] {standard_task_runner.py:90} INFO - Running: ['***', 'tasks', 'run', 'f1_data_pipeline_taskflow', 'load_constructorStandings_task', 'scheduled__2024-06-09T00:00:00+00:00', '--job-id', '21', '--raw', '--subdir', 'DAGS_FOLDER/etl_dag.py', '--cfg-path', '/tmp/tmp52dqmg0h']
[2024-06-21T08:55:51.979+0000] {standard_task_runner.py:91} INFO - Job 21: Subtask load_constructorStandings_task
[2024-06-21T08:55:52.013+0000] {task_command.py:426} INFO - Running <TaskInstance: f1_data_pipeline_taskflow.load_constructorStandings_task scheduled__2024-06-09T00:00:00+00:00 [running]> on host da56922fb813
[2024-06-21T08:55:52.118+0000] {taskinstance.py:2648} INFO - Exporting env vars: AIRFLOW_CTX_DAG_OWNER='***' AIRFLOW_CTX_DAG_ID='f1_data_pipeline_taskflow' AIRFLOW_CTX_TASK_ID='load_constructorStandings_task' AIRFLOW_CTX_EXECUTION_DATE='2024-06-09T00:00:00+00:00' AIRFLOW_CTX_TRY_NUMBER='1' AIRFLOW_CTX_DAG_RUN_ID='scheduled__2024-06-09T00:00:00+00:00'
[2024-06-21T08:55:52.119+0000] {taskinstance.py:430} INFO - ::endgroup::
[2024-06-21T08:55:52.120+0000] {crypto.py:82} WARNING - empty cryptography key - values will not be stored encrypted.
[2024-06-21T08:55:52.121+0000] {base.py:84} INFO - Using connection ID 'sourcedb_connection' for task execution.
[2024-06-21T08:55:52.162+0000] {python.py:237} INFO - Done. Returned value was: None
[2024-06-21T08:55:52.162+0000] {taskinstance.py:441} INFO - ::group::Post task execution logs
[2024-06-21T08:55:52.170+0000] {taskinstance.py:1206} INFO - Marking task as SUCCESS. dag_id=f1_data_pipeline_taskflow, task_id=load_constructorStandings_task, run_id=scheduled__2024-06-09T00:00:00+00:00, execution_date=20240609T000000, start_date=20240621T085551, end_date=20240621T085552
[2024-06-21T08:55:52.231+0000] {local_task_job_runner.py:240} INFO - Task exited with return code 0
[2024-06-21T08:55:52.259+0000] {taskinstance.py:3498} INFO - 0 downstream tasks scheduled from follow-on schedule check
[2024-06-21T08:55:52.262+0000] {local_task_job_runner.py:222} INFO - ::endgroup::
[2024-06-21T11:08:07.276+0000] {local_task_job_runner.py:120} INFO - ::group::Pre task execution logs
[2024-06-21T11:08:07.291+0000] {taskinstance.py:2076} INFO - Dependencies all met for dep_context=non-requeueable deps ti=<TaskInstance: f1_data_pipeline_taskflow.load_constructorStandings_task scheduled__2024-06-09T00:00:00+00:00 [queued]>
[2024-06-21T11:08:07.297+0000] {taskinstance.py:2076} INFO - Dependencies all met for dep_context=requeueable deps ti=<TaskInstance: f1_data_pipeline_taskflow.load_constructorStandings_task scheduled__2024-06-09T00:00:00+00:00 [queued]>
[2024-06-21T11:08:07.297+0000] {taskinstance.py:2306} INFO - Starting attempt 1 of 1
[2024-06-21T11:08:07.305+0000] {taskinstance.py:2330} INFO - Executing <Task(_PythonDecoratedOperator): load_constructorStandings_task> on 2024-06-09 00:00:00+00:00
[2024-06-21T11:08:07.311+0000] {warnings.py:110} WARNING - /home/***/.local/lib/python3.12/site-packages/***/task/task_runner/standard_task_runner.py:61: DeprecationWarning: This process (pid=394) is multi-threaded, use of fork() may lead to deadlocks in the child.
  pid = os.fork()

[2024-06-21T11:08:07.312+0000] {standard_task_runner.py:63} INFO - Started process 401 to run task
[2024-06-21T11:08:07.313+0000] {standard_task_runner.py:90} INFO - Running: ['***', 'tasks', 'run', 'f1_data_pipeline_taskflow', 'load_constructorStandings_task', 'scheduled__2024-06-09T00:00:00+00:00', '--job-id', '20', '--raw', '--subdir', 'DAGS_FOLDER/etl_dag.py', '--cfg-path', '/tmp/tmproqvzboc']
[2024-06-21T11:08:07.314+0000] {standard_task_runner.py:91} INFO - Job 20: Subtask load_constructorStandings_task
[2024-06-21T11:08:07.352+0000] {task_command.py:426} INFO - Running <TaskInstance: f1_data_pipeline_taskflow.load_constructorStandings_task scheduled__2024-06-09T00:00:00+00:00 [running]> on host 55d87b1d1f78
[2024-06-21T11:08:07.454+0000] {taskinstance.py:2648} INFO - Exporting env vars: AIRFLOW_CTX_DAG_OWNER='***' AIRFLOW_CTX_DAG_ID='f1_data_pipeline_taskflow' AIRFLOW_CTX_TASK_ID='load_constructorStandings_task' AIRFLOW_CTX_EXECUTION_DATE='2024-06-09T00:00:00+00:00' AIRFLOW_CTX_TRY_NUMBER='1' AIRFLOW_CTX_DAG_RUN_ID='scheduled__2024-06-09T00:00:00+00:00'
[2024-06-21T11:08:07.455+0000] {taskinstance.py:430} INFO - ::endgroup::
[2024-06-21T11:08:07.456+0000] {crypto.py:82} WARNING - empty cryptography key - values will not be stored encrypted.
[2024-06-21T11:08:07.457+0000] {base.py:84} INFO - Using connection ID 'sourcedb_connection' for task execution.
[2024-06-21T11:08:07.500+0000] {python.py:237} INFO - Done. Returned value was: None
[2024-06-21T11:08:07.502+0000] {taskinstance.py:441} INFO - ::group::Post task execution logs
[2024-06-21T11:08:07.513+0000] {taskinstance.py:1206} INFO - Marking task as SUCCESS. dag_id=f1_data_pipeline_taskflow, task_id=load_constructorStandings_task, run_id=scheduled__2024-06-09T00:00:00+00:00, execution_date=20240609T000000, start_date=20240621T110807, end_date=20240621T110807
[2024-06-21T11:08:07.566+0000] {local_task_job_runner.py:240} INFO - Task exited with return code 0
[2024-06-21T11:08:07.585+0000] {taskinstance.py:3498} INFO - 0 downstream tasks scheduled from follow-on schedule check
[2024-06-21T11:08:07.586+0000] {local_task_job_runner.py:222} INFO - ::endgroup::
