[2024-06-10T07:43:46.930+0000] {local_task_job_runner.py:120} INFO - ::group::Pre task execution logs
[2024-06-10T07:43:46.953+0000] {taskinstance.py:2076} INFO - Dependencies all met for dep_context=non-requeueable deps ti=<TaskInstance: f1_data_pipeline_taskflow.raceStatusDim_transform scheduled__2024-06-09T00:00:00+00:00 [queued]>
[2024-06-10T07:43:46.960+0000] {taskinstance.py:2076} INFO - Dependencies all met for dep_context=requeueable deps ti=<TaskInstance: f1_data_pipeline_taskflow.raceStatusDim_transform scheduled__2024-06-09T00:00:00+00:00 [queued]>
[2024-06-10T07:43:46.960+0000] {taskinstance.py:2306} INFO - Starting attempt 1 of 1
[2024-06-10T07:43:46.972+0000] {taskinstance.py:2330} INFO - Executing <Task(_PythonDecoratedOperator): raceStatusDim_transform> on 2024-06-09 00:00:00+00:00
[2024-06-10T07:43:46.977+0000] {warnings.py:110} WARNING - /home/***/.local/lib/python3.12/site-packages/***/task/task_runner/standard_task_runner.py:61: DeprecationWarning: This process (pid=114) is multi-threaded, use of fork() may lead to deadlocks in the child.
  pid = os.fork()

[2024-06-10T07:43:46.978+0000] {standard_task_runner.py:63} INFO - Started process 133 to run task
[2024-06-10T07:43:46.979+0000] {standard_task_runner.py:90} INFO - Running: ['***', 'tasks', 'run', 'f1_data_pipeline_taskflow', 'raceStatusDim_transform', 'scheduled__2024-06-09T00:00:00+00:00', '--job-id', '7', '--raw', '--subdir', 'DAGS_FOLDER/etl_dag.py', '--cfg-path', '/tmp/tmp369sy_1c']
[2024-06-10T07:43:46.980+0000] {standard_task_runner.py:91} INFO - Job 7: Subtask raceStatusDim_transform
[2024-06-10T07:43:47.025+0000] {task_command.py:426} INFO - Running <TaskInstance: f1_data_pipeline_taskflow.raceStatusDim_transform scheduled__2024-06-09T00:00:00+00:00 [running]> on host e8457e1e96c0
[2024-06-10T07:43:49.554+0000] {taskinstance.py:2648} INFO - Exporting env vars: AIRFLOW_CTX_DAG_OWNER='***' AIRFLOW_CTX_DAG_ID='f1_data_pipeline_taskflow' AIRFLOW_CTX_TASK_ID='raceStatusDim_transform' AIRFLOW_CTX_EXECUTION_DATE='2024-06-09T00:00:00+00:00' AIRFLOW_CTX_TRY_NUMBER='1' AIRFLOW_CTX_DAG_RUN_ID='scheduled__2024-06-09T00:00:00+00:00'
[2024-06-10T07:43:49.556+0000] {taskinstance.py:430} INFO - ::endgroup::
[2024-06-10T07:43:49.603+0000] {python.py:237} INFO - Done. Returned value was:         statusId        status
0              1      Finished
298258        43       Exhaust
298661         4     Collision
304122        11        +1 Lap
445393        29      Puncture
...          ...           ...
516480        24  Differential
516609        96      Excluded
516819        15       +5 Laps
517303       139       Illness
517350        14       +4 Laps

[65 rows x 2 columns]
[2024-06-10T07:43:49.608+0000] {taskinstance.py:441} INFO - ::group::Post task execution logs
[2024-06-10T07:43:49.706+0000] {taskinstance.py:1206} INFO - Marking task as SUCCESS. dag_id=f1_data_pipeline_taskflow, task_id=raceStatusDim_transform, run_id=scheduled__2024-06-09T00:00:00+00:00, execution_date=20240609T000000, start_date=20240610T074346, end_date=20240610T074349
[2024-06-10T07:43:49.749+0000] {local_task_job_runner.py:240} INFO - Task exited with return code 0
[2024-06-10T07:43:49.781+0000] {taskinstance.py:3498} INFO - 2 downstream tasks scheduled from follow-on schedule check
[2024-06-10T07:43:49.783+0000] {local_task_job_runner.py:222} INFO - ::endgroup::
[2024-06-10T08:20:04.927+0000] {local_task_job_runner.py:120} INFO - ::group::Pre task execution logs
[2024-06-10T08:20:04.948+0000] {taskinstance.py:2076} INFO - Dependencies all met for dep_context=non-requeueable deps ti=<TaskInstance: f1_data_pipeline_taskflow.raceStatusDim_transform scheduled__2024-06-09T00:00:00+00:00 [queued]>
[2024-06-10T08:20:04.956+0000] {taskinstance.py:2076} INFO - Dependencies all met for dep_context=requeueable deps ti=<TaskInstance: f1_data_pipeline_taskflow.raceStatusDim_transform scheduled__2024-06-09T00:00:00+00:00 [queued]>
[2024-06-10T08:20:04.956+0000] {taskinstance.py:2306} INFO - Starting attempt 1 of 1
[2024-06-10T08:20:04.968+0000] {taskinstance.py:2330} INFO - Executing <Task(_PythonDecoratedOperator): raceStatusDim_transform> on 2024-06-09 00:00:00+00:00
[2024-06-10T08:20:04.975+0000] {warnings.py:110} WARNING - /home/***/.local/lib/python3.12/site-packages/***/task/task_runner/standard_task_runner.py:61: DeprecationWarning: This process (pid=100) is multi-threaded, use of fork() may lead to deadlocks in the child.
  pid = os.fork()

[2024-06-10T08:20:04.976+0000] {standard_task_runner.py:63} INFO - Started process 114 to run task
[2024-06-10T08:20:04.976+0000] {standard_task_runner.py:90} INFO - Running: ['***', 'tasks', 'run', 'f1_data_pipeline_taskflow', 'raceStatusDim_transform', 'scheduled__2024-06-09T00:00:00+00:00', '--job-id', '10', '--raw', '--subdir', 'DAGS_FOLDER/etl_dag.py', '--cfg-path', '/tmp/tmp6ngpu_61']
[2024-06-10T08:20:04.978+0000] {standard_task_runner.py:91} INFO - Job 10: Subtask raceStatusDim_transform
[2024-06-10T08:20:05.030+0000] {task_command.py:426} INFO - Running <TaskInstance: f1_data_pipeline_taskflow.raceStatusDim_transform scheduled__2024-06-09T00:00:00+00:00 [running]> on host 1d74a271cedb
[2024-06-10T08:20:09.036+0000] {taskinstance.py:2648} INFO - Exporting env vars: AIRFLOW_CTX_DAG_OWNER='***' AIRFLOW_CTX_DAG_ID='f1_data_pipeline_taskflow' AIRFLOW_CTX_TASK_ID='raceStatusDim_transform' AIRFLOW_CTX_EXECUTION_DATE='2024-06-09T00:00:00+00:00' AIRFLOW_CTX_TRY_NUMBER='1' AIRFLOW_CTX_DAG_RUN_ID='scheduled__2024-06-09T00:00:00+00:00'
[2024-06-10T08:20:09.045+0000] {taskinstance.py:430} INFO - ::endgroup::
[2024-06-10T08:20:09.109+0000] {python.py:237} INFO - Done. Returned value was:         statusId        status
0              1      Finished
298258        43       Exhaust
298661         4     Collision
304122        11        +1 Lap
445393        29      Puncture
...          ...           ...
516480        24  Differential
516609        96      Excluded
516819        15       +5 Laps
517303       139       Illness
517350        14       +4 Laps

[65 rows x 2 columns]
[2024-06-10T08:20:09.116+0000] {taskinstance.py:441} INFO - ::group::Post task execution logs
[2024-06-10T08:20:09.197+0000] {taskinstance.py:1206} INFO - Marking task as SUCCESS. dag_id=f1_data_pipeline_taskflow, task_id=raceStatusDim_transform, run_id=scheduled__2024-06-09T00:00:00+00:00, execution_date=20240609T000000, start_date=20240610T082004, end_date=20240610T082009
[2024-06-10T08:20:09.309+0000] {local_task_job_runner.py:240} INFO - Task exited with return code 0
[2024-06-10T08:20:09.362+0000] {local_task_job_runner.py:222} INFO - ::endgroup::
[2024-06-10T08:30:35.237+0000] {local_task_job_runner.py:120} INFO - ::group::Pre task execution logs
[2024-06-10T08:30:35.259+0000] {taskinstance.py:2076} INFO - Dependencies all met for dep_context=non-requeueable deps ti=<TaskInstance: f1_data_pipeline_taskflow.raceStatusDim_transform scheduled__2024-06-09T00:00:00+00:00 [queued]>
[2024-06-10T08:30:35.270+0000] {taskinstance.py:2076} INFO - Dependencies all met for dep_context=requeueable deps ti=<TaskInstance: f1_data_pipeline_taskflow.raceStatusDim_transform scheduled__2024-06-09T00:00:00+00:00 [queued]>
[2024-06-10T08:30:35.271+0000] {taskinstance.py:2306} INFO - Starting attempt 1 of 1
[2024-06-10T08:30:35.287+0000] {taskinstance.py:2330} INFO - Executing <Task(_PythonDecoratedOperator): raceStatusDim_transform> on 2024-06-09 00:00:00+00:00
[2024-06-10T08:30:35.294+0000] {warnings.py:110} WARNING - /home/***/.local/lib/python3.12/site-packages/***/task/task_runner/standard_task_runner.py:61: DeprecationWarning: This process (pid=88) is multi-threaded, use of fork() may lead to deadlocks in the child.
  pid = os.fork()

[2024-06-10T08:30:35.295+0000] {standard_task_runner.py:63} INFO - Started process 109 to run task
[2024-06-10T08:30:35.295+0000] {standard_task_runner.py:90} INFO - Running: ['***', 'tasks', 'run', 'f1_data_pipeline_taskflow', 'raceStatusDim_transform', 'scheduled__2024-06-09T00:00:00+00:00', '--job-id', '8', '--raw', '--subdir', 'DAGS_FOLDER/etl_dag.py', '--cfg-path', '/tmp/tmpmmqqxi_r']
[2024-06-10T08:30:35.298+0000] {standard_task_runner.py:91} INFO - Job 8: Subtask raceStatusDim_transform
[2024-06-10T08:30:35.344+0000] {task_command.py:426} INFO - Running <TaskInstance: f1_data_pipeline_taskflow.raceStatusDim_transform scheduled__2024-06-09T00:00:00+00:00 [running]> on host c0d58a373fda
[2024-06-10T08:30:37.514+0000] {taskinstance.py:2648} INFO - Exporting env vars: AIRFLOW_CTX_DAG_OWNER='***' AIRFLOW_CTX_DAG_ID='f1_data_pipeline_taskflow' AIRFLOW_CTX_TASK_ID='raceStatusDim_transform' AIRFLOW_CTX_EXECUTION_DATE='2024-06-09T00:00:00+00:00' AIRFLOW_CTX_TRY_NUMBER='1' AIRFLOW_CTX_DAG_RUN_ID='scheduled__2024-06-09T00:00:00+00:00'
[2024-06-10T08:30:37.516+0000] {taskinstance.py:430} INFO - ::endgroup::
[2024-06-10T08:30:37.572+0000] {python.py:237} INFO - Done. Returned value was:         statusId        status
0              1      Finished
298258        43       Exhaust
298661         4     Collision
304122        11        +1 Lap
445393        29      Puncture
...          ...           ...
516480        24  Differential
516609        96      Excluded
516819        15       +5 Laps
517303       139       Illness
517350        14       +4 Laps

[65 rows x 2 columns]
[2024-06-10T08:30:37.581+0000] {taskinstance.py:441} INFO - ::group::Post task execution logs
[2024-06-10T08:30:37.637+0000] {taskinstance.py:1206} INFO - Marking task as SUCCESS. dag_id=f1_data_pipeline_taskflow, task_id=raceStatusDim_transform, run_id=scheduled__2024-06-09T00:00:00+00:00, execution_date=20240609T000000, start_date=20240610T083035, end_date=20240610T083037
[2024-06-10T08:30:37.707+0000] {local_task_job_runner.py:240} INFO - Task exited with return code 0
[2024-06-10T08:30:37.738+0000] {taskinstance.py:3498} INFO - 2 downstream tasks scheduled from follow-on schedule check
[2024-06-10T08:30:37.741+0000] {local_task_job_runner.py:222} INFO - ::endgroup::
[2024-06-10T08:45:32.978+0000] {local_task_job_runner.py:120} INFO - ::group::Pre task execution logs
[2024-06-10T08:45:32.998+0000] {taskinstance.py:2076} INFO - Dependencies all met for dep_context=non-requeueable deps ti=<TaskInstance: f1_data_pipeline_taskflow.raceStatusDim_transform scheduled__2024-06-09T00:00:00+00:00 [queued]>
[2024-06-10T08:45:33.008+0000] {taskinstance.py:2076} INFO - Dependencies all met for dep_context=requeueable deps ti=<TaskInstance: f1_data_pipeline_taskflow.raceStatusDim_transform scheduled__2024-06-09T00:00:00+00:00 [queued]>
[2024-06-10T08:45:33.008+0000] {taskinstance.py:2306} INFO - Starting attempt 1 of 1
[2024-06-10T08:45:33.025+0000] {taskinstance.py:2330} INFO - Executing <Task(_PythonDecoratedOperator): raceStatusDim_transform> on 2024-06-09 00:00:00+00:00
[2024-06-10T08:45:33.032+0000] {warnings.py:110} WARNING - /home/***/.local/lib/python3.12/site-packages/***/task/task_runner/standard_task_runner.py:61: DeprecationWarning: This process (pid=94) is multi-threaded, use of fork() may lead to deadlocks in the child.
  pid = os.fork()

[2024-06-10T08:45:33.033+0000] {standard_task_runner.py:63} INFO - Started process 109 to run task
[2024-06-10T08:45:33.034+0000] {standard_task_runner.py:90} INFO - Running: ['***', 'tasks', 'run', 'f1_data_pipeline_taskflow', 'raceStatusDim_transform', 'scheduled__2024-06-09T00:00:00+00:00', '--job-id', '10', '--raw', '--subdir', 'DAGS_FOLDER/etl_dag.py', '--cfg-path', '/tmp/tmp9_t0lr2r']
[2024-06-10T08:45:33.036+0000] {standard_task_runner.py:91} INFO - Job 10: Subtask raceStatusDim_transform
[2024-06-10T08:45:33.083+0000] {task_command.py:426} INFO - Running <TaskInstance: f1_data_pipeline_taskflow.raceStatusDim_transform scheduled__2024-06-09T00:00:00+00:00 [running]> on host 27b2ec5a9b2d
[2024-06-10T08:45:35.510+0000] {taskinstance.py:2648} INFO - Exporting env vars: AIRFLOW_CTX_DAG_OWNER='***' AIRFLOW_CTX_DAG_ID='f1_data_pipeline_taskflow' AIRFLOW_CTX_TASK_ID='raceStatusDim_transform' AIRFLOW_CTX_EXECUTION_DATE='2024-06-09T00:00:00+00:00' AIRFLOW_CTX_TRY_NUMBER='1' AIRFLOW_CTX_DAG_RUN_ID='scheduled__2024-06-09T00:00:00+00:00'
[2024-06-10T08:45:35.514+0000] {taskinstance.py:430} INFO - ::endgroup::
[2024-06-10T08:45:35.578+0000] {python.py:237} INFO - Done. Returned value was:         statusId        status
0              1      Finished
298258        43       Exhaust
298661         4     Collision
304122        11        +1 Lap
445393        29      Puncture
...          ...           ...
516480        24  Differential
516609        96      Excluded
516819        15       +5 Laps
517303       139       Illness
517350        14       +4 Laps

[65 rows x 2 columns]
[2024-06-10T08:45:35.586+0000] {taskinstance.py:441} INFO - ::group::Post task execution logs
[2024-06-10T08:45:35.613+0000] {taskinstance.py:1206} INFO - Marking task as SUCCESS. dag_id=f1_data_pipeline_taskflow, task_id=raceStatusDim_transform, run_id=scheduled__2024-06-09T00:00:00+00:00, execution_date=20240609T000000, start_date=20240610T084532, end_date=20240610T084535
[2024-06-10T08:45:35.680+0000] {local_task_job_runner.py:240} INFO - Task exited with return code 0
[2024-06-10T08:45:35.750+0000] {local_task_job_runner.py:222} INFO - ::endgroup::
[2024-06-10T09:01:44.213+0000] {local_task_job_runner.py:120} INFO - ::group::Pre task execution logs
[2024-06-10T09:01:44.234+0000] {taskinstance.py:2076} INFO - Dependencies all met for dep_context=non-requeueable deps ti=<TaskInstance: f1_data_pipeline_taskflow.raceStatusDim_transform scheduled__2024-06-09T00:00:00+00:00 [queued]>
[2024-06-10T09:01:44.240+0000] {taskinstance.py:2076} INFO - Dependencies all met for dep_context=requeueable deps ti=<TaskInstance: f1_data_pipeline_taskflow.raceStatusDim_transform scheduled__2024-06-09T00:00:00+00:00 [queued]>
[2024-06-10T09:01:44.241+0000] {taskinstance.py:2306} INFO - Starting attempt 1 of 1
[2024-06-10T09:01:44.254+0000] {taskinstance.py:2330} INFO - Executing <Task(_PythonDecoratedOperator): raceStatusDim_transform> on 2024-06-09 00:00:00+00:00
[2024-06-10T09:01:44.260+0000] {warnings.py:110} WARNING - /home/***/.local/lib/python3.12/site-packages/***/task/task_runner/standard_task_runner.py:61: DeprecationWarning: This process (pid=95) is multi-threaded, use of fork() may lead to deadlocks in the child.
  pid = os.fork()

[2024-06-10T09:01:44.261+0000] {standard_task_runner.py:63} INFO - Started process 115 to run task
[2024-06-10T09:01:44.262+0000] {standard_task_runner.py:90} INFO - Running: ['***', 'tasks', 'run', 'f1_data_pipeline_taskflow', 'raceStatusDim_transform', 'scheduled__2024-06-09T00:00:00+00:00', '--job-id', '10', '--raw', '--subdir', 'DAGS_FOLDER/etl_dag.py', '--cfg-path', '/tmp/tmpd0wi05z5']
[2024-06-10T09:01:44.264+0000] {standard_task_runner.py:91} INFO - Job 10: Subtask raceStatusDim_transform
[2024-06-10T09:01:44.318+0000] {task_command.py:426} INFO - Running <TaskInstance: f1_data_pipeline_taskflow.raceStatusDim_transform scheduled__2024-06-09T00:00:00+00:00 [running]> on host 288f51e0edb6
[2024-06-10T09:01:46.479+0000] {taskinstance.py:2648} INFO - Exporting env vars: AIRFLOW_CTX_DAG_OWNER='***' AIRFLOW_CTX_DAG_ID='f1_data_pipeline_taskflow' AIRFLOW_CTX_TASK_ID='raceStatusDim_transform' AIRFLOW_CTX_EXECUTION_DATE='2024-06-09T00:00:00+00:00' AIRFLOW_CTX_TRY_NUMBER='1' AIRFLOW_CTX_DAG_RUN_ID='scheduled__2024-06-09T00:00:00+00:00'
[2024-06-10T09:01:46.481+0000] {taskinstance.py:430} INFO - ::endgroup::
[2024-06-10T09:01:46.529+0000] {python.py:237} INFO - Done. Returned value was:         statusId        status
0              1      Finished
298258        43       Exhaust
298661         4     Collision
304122        11        +1 Lap
445393        29      Puncture
...          ...           ...
516480        24  Differential
516609        96      Excluded
516819        15       +5 Laps
517303       139       Illness
517350        14       +4 Laps

[65 rows x 2 columns]
[2024-06-10T09:01:46.536+0000] {taskinstance.py:441} INFO - ::group::Post task execution logs
[2024-06-10T09:01:46.558+0000] {taskinstance.py:1206} INFO - Marking task as SUCCESS. dag_id=f1_data_pipeline_taskflow, task_id=raceStatusDim_transform, run_id=scheduled__2024-06-09T00:00:00+00:00, execution_date=20240609T000000, start_date=20240610T090144, end_date=20240610T090146
[2024-06-10T09:01:46.624+0000] {local_task_job_runner.py:240} INFO - Task exited with return code 0
[2024-06-10T09:01:46.650+0000] {taskinstance.py:3498} INFO - 2 downstream tasks scheduled from follow-on schedule check
[2024-06-10T09:01:46.652+0000] {local_task_job_runner.py:222} INFO - ::endgroup::
[2024-06-10T09:12:03.691+0000] {local_task_job_runner.py:120} INFO - ::group::Pre task execution logs
[2024-06-10T09:12:03.712+0000] {taskinstance.py:2076} INFO - Dependencies all met for dep_context=non-requeueable deps ti=<TaskInstance: f1_data_pipeline_taskflow.raceStatusDim_transform scheduled__2024-06-09T00:00:00+00:00 [queued]>
[2024-06-10T09:12:03.721+0000] {taskinstance.py:2076} INFO - Dependencies all met for dep_context=requeueable deps ti=<TaskInstance: f1_data_pipeline_taskflow.raceStatusDim_transform scheduled__2024-06-09T00:00:00+00:00 [queued]>
[2024-06-10T09:12:03.721+0000] {taskinstance.py:2306} INFO - Starting attempt 1 of 1
[2024-06-10T09:12:03.732+0000] {taskinstance.py:2330} INFO - Executing <Task(_PythonDecoratedOperator): raceStatusDim_transform> on 2024-06-09 00:00:00+00:00
[2024-06-10T09:12:03.737+0000] {warnings.py:110} WARNING - /home/***/.local/lib/python3.12/site-packages/***/task/task_runner/standard_task_runner.py:61: DeprecationWarning: This process (pid=88) is multi-threaded, use of fork() may lead to deadlocks in the child.
  pid = os.fork()

[2024-06-10T09:12:03.739+0000] {standard_task_runner.py:63} INFO - Started process 106 to run task
[2024-06-10T09:12:03.739+0000] {standard_task_runner.py:90} INFO - Running: ['***', 'tasks', 'run', 'f1_data_pipeline_taskflow', 'raceStatusDim_transform', 'scheduled__2024-06-09T00:00:00+00:00', '--job-id', '6', '--raw', '--subdir', 'DAGS_FOLDER/etl_dag.py', '--cfg-path', '/tmp/tmpzrx4m7ks']
[2024-06-10T09:12:03.741+0000] {standard_task_runner.py:91} INFO - Job 6: Subtask raceStatusDim_transform
[2024-06-10T09:12:03.790+0000] {task_command.py:426} INFO - Running <TaskInstance: f1_data_pipeline_taskflow.raceStatusDim_transform scheduled__2024-06-09T00:00:00+00:00 [running]> on host 474224cb5bf2
[2024-06-10T09:12:06.038+0000] {taskinstance.py:2648} INFO - Exporting env vars: AIRFLOW_CTX_DAG_OWNER='***' AIRFLOW_CTX_DAG_ID='f1_data_pipeline_taskflow' AIRFLOW_CTX_TASK_ID='raceStatusDim_transform' AIRFLOW_CTX_EXECUTION_DATE='2024-06-09T00:00:00+00:00' AIRFLOW_CTX_TRY_NUMBER='1' AIRFLOW_CTX_DAG_RUN_ID='scheduled__2024-06-09T00:00:00+00:00'
[2024-06-10T09:12:06.041+0000] {taskinstance.py:430} INFO - ::endgroup::
[2024-06-10T09:12:06.097+0000] {python.py:237} INFO - Done. Returned value was:         statusId        status
0              1      Finished
298258        43       Exhaust
298661         4     Collision
304122        11        +1 Lap
445393        29      Puncture
...          ...           ...
516480        24  Differential
516609        96      Excluded
516819        15       +5 Laps
517303       139       Illness
517350        14       +4 Laps

[65 rows x 2 columns]
[2024-06-10T09:12:06.108+0000] {taskinstance.py:441} INFO - ::group::Post task execution logs
[2024-06-10T09:12:06.187+0000] {taskinstance.py:1206} INFO - Marking task as SUCCESS. dag_id=f1_data_pipeline_taskflow, task_id=raceStatusDim_transform, run_id=scheduled__2024-06-09T00:00:00+00:00, execution_date=20240609T000000, start_date=20240610T091203, end_date=20240610T091206
[2024-06-10T09:12:06.243+0000] {local_task_job_runner.py:240} INFO - Task exited with return code 0
[2024-06-10T09:12:06.293+0000] {taskinstance.py:3498} INFO - 2 downstream tasks scheduled from follow-on schedule check
[2024-06-10T09:12:06.300+0000] {local_task_job_runner.py:222} INFO - ::endgroup::
[2024-06-10T09:46:54.200+0000] {local_task_job_runner.py:120} INFO - ::group::Pre task execution logs
[2024-06-10T09:46:54.222+0000] {taskinstance.py:2076} INFO - Dependencies all met for dep_context=non-requeueable deps ti=<TaskInstance: f1_data_pipeline_taskflow.raceStatusDim_transform scheduled__2024-06-09T00:00:00+00:00 [queued]>
[2024-06-10T09:46:54.232+0000] {taskinstance.py:2076} INFO - Dependencies all met for dep_context=requeueable deps ti=<TaskInstance: f1_data_pipeline_taskflow.raceStatusDim_transform scheduled__2024-06-09T00:00:00+00:00 [queued]>
[2024-06-10T09:46:54.232+0000] {taskinstance.py:2306} INFO - Starting attempt 1 of 1
[2024-06-10T09:46:54.249+0000] {taskinstance.py:2330} INFO - Executing <Task(_PythonDecoratedOperator): raceStatusDim_transform> on 2024-06-09 00:00:00+00:00
[2024-06-10T09:46:54.255+0000] {warnings.py:110} WARNING - /home/***/.local/lib/python3.12/site-packages/***/task/task_runner/standard_task_runner.py:61: DeprecationWarning: This process (pid=140) is multi-threaded, use of fork() may lead to deadlocks in the child.
  pid = os.fork()

[2024-06-10T09:46:54.256+0000] {standard_task_runner.py:63} INFO - Started process 162 to run task
[2024-06-10T09:46:54.257+0000] {standard_task_runner.py:90} INFO - Running: ['***', 'tasks', 'run', 'f1_data_pipeline_taskflow', 'raceStatusDim_transform', 'scheduled__2024-06-09T00:00:00+00:00', '--job-id', '13', '--raw', '--subdir', 'DAGS_FOLDER/etl_dag.py', '--cfg-path', '/tmp/tmpvl_yu21j']
[2024-06-10T09:46:54.258+0000] {standard_task_runner.py:91} INFO - Job 13: Subtask raceStatusDim_transform
[2024-06-10T09:46:54.302+0000] {task_command.py:426} INFO - Running <TaskInstance: f1_data_pipeline_taskflow.raceStatusDim_transform scheduled__2024-06-09T00:00:00+00:00 [running]> on host 1c3d326a454c
[2024-06-10T09:46:56.537+0000] {taskinstance.py:2648} INFO - Exporting env vars: AIRFLOW_CTX_DAG_OWNER='***' AIRFLOW_CTX_DAG_ID='f1_data_pipeline_taskflow' AIRFLOW_CTX_TASK_ID='raceStatusDim_transform' AIRFLOW_CTX_EXECUTION_DATE='2024-06-09T00:00:00+00:00' AIRFLOW_CTX_TRY_NUMBER='1' AIRFLOW_CTX_DAG_RUN_ID='scheduled__2024-06-09T00:00:00+00:00'
[2024-06-10T09:46:56.539+0000] {taskinstance.py:430} INFO - ::endgroup::
[2024-06-10T09:46:56.611+0000] {python.py:237} INFO - Done. Returned value was:         statusId        status
0              1      Finished
298258        43       Exhaust
298661         4     Collision
304122        11        +1 Lap
445393        29      Puncture
...          ...           ...
516480        24  Differential
516609        96      Excluded
516819        15       +5 Laps
517303       139       Illness
517350        14       +4 Laps

[65 rows x 2 columns]
[2024-06-10T09:46:56.619+0000] {taskinstance.py:441} INFO - ::group::Post task execution logs
[2024-06-10T09:46:56.688+0000] {taskinstance.py:1206} INFO - Marking task as SUCCESS. dag_id=f1_data_pipeline_taskflow, task_id=raceStatusDim_transform, run_id=scheduled__2024-06-09T00:00:00+00:00, execution_date=20240609T000000, start_date=20240610T094654, end_date=20240610T094656
[2024-06-10T09:46:56.773+0000] {local_task_job_runner.py:240} INFO - Task exited with return code 0
[2024-06-10T09:46:56.785+0000] {local_task_job_runner.py:222} INFO - ::endgroup::
[2024-06-10T11:55:42.015+0000] {local_task_job_runner.py:120} INFO - ::group::Pre task execution logs
[2024-06-10T11:55:42.034+0000] {taskinstance.py:2076} INFO - Dependencies all met for dep_context=non-requeueable deps ti=<TaskInstance: f1_data_pipeline_taskflow.raceStatusDim_transform scheduled__2024-06-09T00:00:00+00:00 [queued]>
[2024-06-10T11:55:42.044+0000] {taskinstance.py:2076} INFO - Dependencies all met for dep_context=requeueable deps ti=<TaskInstance: f1_data_pipeline_taskflow.raceStatusDim_transform scheduled__2024-06-09T00:00:00+00:00 [queued]>
[2024-06-10T11:55:42.044+0000] {taskinstance.py:2306} INFO - Starting attempt 1 of 1
[2024-06-10T11:55:42.058+0000] {taskinstance.py:2330} INFO - Executing <Task(_PythonDecoratedOperator): raceStatusDim_transform> on 2024-06-09 00:00:00+00:00
[2024-06-10T11:55:42.064+0000] {warnings.py:110} WARNING - /home/***/.local/lib/python3.12/site-packages/***/task/task_runner/standard_task_runner.py:61: DeprecationWarning: This process (pid=100) is multi-threaded, use of fork() may lead to deadlocks in the child.
  pid = os.fork()

[2024-06-10T11:55:42.065+0000] {standard_task_runner.py:63} INFO - Started process 118 to run task
[2024-06-10T11:55:42.066+0000] {standard_task_runner.py:90} INFO - Running: ['***', 'tasks', 'run', 'f1_data_pipeline_taskflow', 'raceStatusDim_transform', 'scheduled__2024-06-09T00:00:00+00:00', '--job-id', '13', '--raw', '--subdir', 'DAGS_FOLDER/etl_dag.py', '--cfg-path', '/tmp/tmp6nc_4d1p']
[2024-06-10T11:55:42.068+0000] {standard_task_runner.py:91} INFO - Job 13: Subtask raceStatusDim_transform
[2024-06-10T11:55:42.110+0000] {task_command.py:426} INFO - Running <TaskInstance: f1_data_pipeline_taskflow.raceStatusDim_transform scheduled__2024-06-09T00:00:00+00:00 [running]> on host aea94abb9e1c
[2024-06-10T11:55:44.423+0000] {taskinstance.py:2648} INFO - Exporting env vars: AIRFLOW_CTX_DAG_OWNER='***' AIRFLOW_CTX_DAG_ID='f1_data_pipeline_taskflow' AIRFLOW_CTX_TASK_ID='raceStatusDim_transform' AIRFLOW_CTX_EXECUTION_DATE='2024-06-09T00:00:00+00:00' AIRFLOW_CTX_TRY_NUMBER='1' AIRFLOW_CTX_DAG_RUN_ID='scheduled__2024-06-09T00:00:00+00:00'
[2024-06-10T11:55:44.429+0000] {taskinstance.py:430} INFO - ::endgroup::
[2024-06-10T11:55:44.511+0000] {python.py:237} INFO - Done. Returned value was:         statusId        status
0              1      Finished
298258        43       Exhaust
298661         4     Collision
304122        11        +1 Lap
445393        29      Puncture
...          ...           ...
516480        24  Differential
516609        96      Excluded
516819        15       +5 Laps
517303       139       Illness
517350        14       +4 Laps

[65 rows x 2 columns]
[2024-06-10T11:55:44.521+0000] {taskinstance.py:441} INFO - ::group::Post task execution logs
[2024-06-10T11:55:44.562+0000] {taskinstance.py:1206} INFO - Marking task as SUCCESS. dag_id=f1_data_pipeline_taskflow, task_id=raceStatusDim_transform, run_id=scheduled__2024-06-09T00:00:00+00:00, execution_date=20240609T000000, start_date=20240610T115542, end_date=20240610T115544
[2024-06-10T11:55:44.628+0000] {local_task_job_runner.py:240} INFO - Task exited with return code 0
[2024-06-10T11:55:44.643+0000] {local_task_job_runner.py:222} INFO - ::endgroup::
[2024-06-10T12:36:27.551+0000] {local_task_job_runner.py:120} INFO - ::group::Pre task execution logs
[2024-06-10T12:36:27.569+0000] {taskinstance.py:2076} INFO - Dependencies all met for dep_context=non-requeueable deps ti=<TaskInstance: f1_data_pipeline_taskflow.raceStatusDim_transform scheduled__2024-06-09T00:00:00+00:00 [queued]>
[2024-06-10T12:36:27.575+0000] {taskinstance.py:2076} INFO - Dependencies all met for dep_context=requeueable deps ti=<TaskInstance: f1_data_pipeline_taskflow.raceStatusDim_transform scheduled__2024-06-09T00:00:00+00:00 [queued]>
[2024-06-10T12:36:27.575+0000] {taskinstance.py:2306} INFO - Starting attempt 1 of 1
[2024-06-10T12:36:27.587+0000] {taskinstance.py:2330} INFO - Executing <Task(_PythonDecoratedOperator): raceStatusDim_transform> on 2024-06-09 00:00:00+00:00
[2024-06-10T12:36:27.592+0000] {warnings.py:110} WARNING - /home/***/.local/lib/python3.12/site-packages/***/task/task_runner/standard_task_runner.py:61: DeprecationWarning: This process (pid=99) is multi-threaded, use of fork() may lead to deadlocks in the child.
  pid = os.fork()

[2024-06-10T12:36:27.593+0000] {standard_task_runner.py:63} INFO - Started process 116 to run task
[2024-06-10T12:36:27.594+0000] {standard_task_runner.py:90} INFO - Running: ['***', 'tasks', 'run', 'f1_data_pipeline_taskflow', 'raceStatusDim_transform', 'scheduled__2024-06-09T00:00:00+00:00', '--job-id', '8', '--raw', '--subdir', 'DAGS_FOLDER/etl_dag.py', '--cfg-path', '/tmp/tmp4bhggng1']
[2024-06-10T12:36:27.597+0000] {standard_task_runner.py:91} INFO - Job 8: Subtask raceStatusDim_transform
[2024-06-10T12:36:27.644+0000] {task_command.py:426} INFO - Running <TaskInstance: f1_data_pipeline_taskflow.raceStatusDim_transform scheduled__2024-06-09T00:00:00+00:00 [running]> on host 61fa0c91c3b7
[2024-06-10T12:36:30.139+0000] {taskinstance.py:2648} INFO - Exporting env vars: AIRFLOW_CTX_DAG_OWNER='***' AIRFLOW_CTX_DAG_ID='f1_data_pipeline_taskflow' AIRFLOW_CTX_TASK_ID='raceStatusDim_transform' AIRFLOW_CTX_EXECUTION_DATE='2024-06-09T00:00:00+00:00' AIRFLOW_CTX_TRY_NUMBER='1' AIRFLOW_CTX_DAG_RUN_ID='scheduled__2024-06-09T00:00:00+00:00'
[2024-06-10T12:36:30.155+0000] {taskinstance.py:430} INFO - ::endgroup::
[2024-06-10T12:36:30.232+0000] {python.py:237} INFO - Done. Returned value was:         statusId        status
0              1      Finished
298258        43       Exhaust
298661         4     Collision
304122        11        +1 Lap
445393        29      Puncture
...          ...           ...
516480        24  Differential
516609        96      Excluded
516819        15       +5 Laps
517303       139       Illness
517350        14       +4 Laps

[65 rows x 2 columns]
[2024-06-10T12:36:30.241+0000] {taskinstance.py:441} INFO - ::group::Post task execution logs
[2024-06-10T12:36:30.301+0000] {taskinstance.py:1206} INFO - Marking task as SUCCESS. dag_id=f1_data_pipeline_taskflow, task_id=raceStatusDim_transform, run_id=scheduled__2024-06-09T00:00:00+00:00, execution_date=20240609T000000, start_date=20240610T123627, end_date=20240610T123630
[2024-06-10T12:36:30.347+0000] {local_task_job_runner.py:240} INFO - Task exited with return code 0
[2024-06-10T12:36:30.584+0000] {taskinstance.py:3498} INFO - 1 downstream tasks scheduled from follow-on schedule check
[2024-06-10T12:36:30.589+0000] {local_task_job_runner.py:222} INFO - ::endgroup::
[2024-06-10T12:43:04.297+0000] {local_task_job_runner.py:120} INFO - ::group::Pre task execution logs
[2024-06-10T12:43:04.318+0000] {taskinstance.py:2076} INFO - Dependencies all met for dep_context=non-requeueable deps ti=<TaskInstance: f1_data_pipeline_taskflow.raceStatusDim_transform scheduled__2024-06-09T00:00:00+00:00 [queued]>
[2024-06-10T12:43:04.326+0000] {taskinstance.py:2076} INFO - Dependencies all met for dep_context=requeueable deps ti=<TaskInstance: f1_data_pipeline_taskflow.raceStatusDim_transform scheduled__2024-06-09T00:00:00+00:00 [queued]>
[2024-06-10T12:43:04.327+0000] {taskinstance.py:2306} INFO - Starting attempt 1 of 1
[2024-06-10T12:43:04.340+0000] {taskinstance.py:2330} INFO - Executing <Task(_PythonDecoratedOperator): raceStatusDim_transform> on 2024-06-09 00:00:00+00:00
[2024-06-10T12:43:04.345+0000] {warnings.py:110} WARNING - /home/***/.local/lib/python3.12/site-packages/***/task/task_runner/standard_task_runner.py:61: DeprecationWarning: This process (pid=89) is multi-threaded, use of fork() may lead to deadlocks in the child.
  pid = os.fork()

[2024-06-10T12:43:04.347+0000] {standard_task_runner.py:63} INFO - Started process 107 to run task
[2024-06-10T12:43:04.349+0000] {standard_task_runner.py:90} INFO - Running: ['***', 'tasks', 'run', 'f1_data_pipeline_taskflow', 'raceStatusDim_transform', 'scheduled__2024-06-09T00:00:00+00:00', '--job-id', '7', '--raw', '--subdir', 'DAGS_FOLDER/etl_dag.py', '--cfg-path', '/tmp/tmp_m96ofma']
[2024-06-10T12:43:04.352+0000] {standard_task_runner.py:91} INFO - Job 7: Subtask raceStatusDim_transform
[2024-06-10T12:43:04.405+0000] {task_command.py:426} INFO - Running <TaskInstance: f1_data_pipeline_taskflow.raceStatusDim_transform scheduled__2024-06-09T00:00:00+00:00 [running]> on host 963d823f23ad
[2024-06-10T12:43:06.408+0000] {taskinstance.py:2648} INFO - Exporting env vars: AIRFLOW_CTX_DAG_OWNER='***' AIRFLOW_CTX_DAG_ID='f1_data_pipeline_taskflow' AIRFLOW_CTX_TASK_ID='raceStatusDim_transform' AIRFLOW_CTX_EXECUTION_DATE='2024-06-09T00:00:00+00:00' AIRFLOW_CTX_TRY_NUMBER='1' AIRFLOW_CTX_DAG_RUN_ID='scheduled__2024-06-09T00:00:00+00:00'
[2024-06-10T12:43:06.411+0000] {taskinstance.py:430} INFO - ::endgroup::
[2024-06-10T12:43:06.473+0000] {python.py:237} INFO - Done. Returned value was:         statusId        status
0              1      Finished
298258        43       Exhaust
298661         4     Collision
304122        11        +1 Lap
445393        29      Puncture
...          ...           ...
516480        24  Differential
516609        96      Excluded
516819        15       +5 Laps
517303       139       Illness
517350        14       +4 Laps

[65 rows x 2 columns]
[2024-06-10T12:43:06.479+0000] {taskinstance.py:441} INFO - ::group::Post task execution logs
[2024-06-10T12:43:06.550+0000] {taskinstance.py:1206} INFO - Marking task as SUCCESS. dag_id=f1_data_pipeline_taskflow, task_id=raceStatusDim_transform, run_id=scheduled__2024-06-09T00:00:00+00:00, execution_date=20240609T000000, start_date=20240610T124304, end_date=20240610T124306
[2024-06-10T12:43:06.600+0000] {local_task_job_runner.py:240} INFO - Task exited with return code 0
[2024-06-10T12:43:06.615+0000] {local_task_job_runner.py:222} INFO - ::endgroup::
[2024-06-10T12:53:09.371+0000] {local_task_job_runner.py:120} INFO - ::group::Pre task execution logs
[2024-06-10T12:53:09.393+0000] {taskinstance.py:2076} INFO - Dependencies all met for dep_context=non-requeueable deps ti=<TaskInstance: f1_data_pipeline_taskflow.raceStatusDim_transform scheduled__2024-06-09T00:00:00+00:00 [queued]>
[2024-06-10T12:53:09.402+0000] {taskinstance.py:2076} INFO - Dependencies all met for dep_context=requeueable deps ti=<TaskInstance: f1_data_pipeline_taskflow.raceStatusDim_transform scheduled__2024-06-09T00:00:00+00:00 [queued]>
[2024-06-10T12:53:09.403+0000] {taskinstance.py:2306} INFO - Starting attempt 1 of 1
[2024-06-10T12:53:09.415+0000] {taskinstance.py:2330} INFO - Executing <Task(_PythonDecoratedOperator): raceStatusDim_transform> on 2024-06-09 00:00:00+00:00
[2024-06-10T12:53:09.421+0000] {warnings.py:110} WARNING - /home/***/.local/lib/python3.12/site-packages/***/task/task_runner/standard_task_runner.py:61: DeprecationWarning: This process (pid=92) is multi-threaded, use of fork() may lead to deadlocks in the child.
  pid = os.fork()

[2024-06-10T12:53:09.422+0000] {standard_task_runner.py:63} INFO - Started process 114 to run task
[2024-06-10T12:53:09.424+0000] {standard_task_runner.py:90} INFO - Running: ['***', 'tasks', 'run', 'f1_data_pipeline_taskflow', 'raceStatusDim_transform', 'scheduled__2024-06-09T00:00:00+00:00', '--job-id', '13', '--raw', '--subdir', 'DAGS_FOLDER/etl_dag.py', '--cfg-path', '/tmp/tmpv06dtuy5']
[2024-06-10T12:53:09.426+0000] {standard_task_runner.py:91} INFO - Job 13: Subtask raceStatusDim_transform
[2024-06-10T12:53:09.477+0000] {task_command.py:426} INFO - Running <TaskInstance: f1_data_pipeline_taskflow.raceStatusDim_transform scheduled__2024-06-09T00:00:00+00:00 [running]> on host dde96eecb2ac
[2024-06-10T12:53:12.252+0000] {taskinstance.py:2648} INFO - Exporting env vars: AIRFLOW_CTX_DAG_OWNER='***' AIRFLOW_CTX_DAG_ID='f1_data_pipeline_taskflow' AIRFLOW_CTX_TASK_ID='raceStatusDim_transform' AIRFLOW_CTX_EXECUTION_DATE='2024-06-09T00:00:00+00:00' AIRFLOW_CTX_TRY_NUMBER='1' AIRFLOW_CTX_DAG_RUN_ID='scheduled__2024-06-09T00:00:00+00:00'
[2024-06-10T12:53:12.276+0000] {taskinstance.py:430} INFO - ::endgroup::
[2024-06-10T12:53:12.365+0000] {python.py:237} INFO - Done. Returned value was:         statusId        status
0              1      Finished
298258        43       Exhaust
298661         4     Collision
304122        11        +1 Lap
445393        29      Puncture
...          ...           ...
516480        24  Differential
516609        96      Excluded
516819        15       +5 Laps
517303       139       Illness
517350        14       +4 Laps

[65 rows x 2 columns]
[2024-06-10T12:53:12.374+0000] {taskinstance.py:441} INFO - ::group::Post task execution logs
[2024-06-10T12:53:12.412+0000] {taskinstance.py:1206} INFO - Marking task as SUCCESS. dag_id=f1_data_pipeline_taskflow, task_id=raceStatusDim_transform, run_id=scheduled__2024-06-09T00:00:00+00:00, execution_date=20240609T000000, start_date=20240610T125309, end_date=20240610T125312
[2024-06-10T12:53:12.476+0000] {local_task_job_runner.py:240} INFO - Task exited with return code 0
[2024-06-10T12:53:12.630+0000] {local_task_job_runner.py:222} INFO - ::endgroup::
[2024-06-10T12:58:28.816+0000] {local_task_job_runner.py:120} INFO - ::group::Pre task execution logs
[2024-06-10T12:58:28.837+0000] {taskinstance.py:2076} INFO - Dependencies all met for dep_context=non-requeueable deps ti=<TaskInstance: f1_data_pipeline_taskflow.raceStatusDim_transform scheduled__2024-06-09T00:00:00+00:00 [queued]>
[2024-06-10T12:58:28.845+0000] {taskinstance.py:2076} INFO - Dependencies all met for dep_context=requeueable deps ti=<TaskInstance: f1_data_pipeline_taskflow.raceStatusDim_transform scheduled__2024-06-09T00:00:00+00:00 [queued]>
[2024-06-10T12:58:28.845+0000] {taskinstance.py:2306} INFO - Starting attempt 1 of 1
[2024-06-10T12:58:28.858+0000] {taskinstance.py:2330} INFO - Executing <Task(_PythonDecoratedOperator): raceStatusDim_transform> on 2024-06-09 00:00:00+00:00
[2024-06-10T12:58:28.865+0000] {warnings.py:110} WARNING - /home/***/.local/lib/python3.12/site-packages/***/task/task_runner/standard_task_runner.py:61: DeprecationWarning: This process (pid=90) is multi-threaded, use of fork() may lead to deadlocks in the child.
  pid = os.fork()

[2024-06-10T12:58:28.866+0000] {standard_task_runner.py:63} INFO - Started process 113 to run task
[2024-06-10T12:58:28.867+0000] {standard_task_runner.py:90} INFO - Running: ['***', 'tasks', 'run', 'f1_data_pipeline_taskflow', 'raceStatusDim_transform', 'scheduled__2024-06-09T00:00:00+00:00', '--job-id', '14', '--raw', '--subdir', 'DAGS_FOLDER/etl_dag.py', '--cfg-path', '/tmp/tmpbk9dmt67']
[2024-06-10T12:58:28.870+0000] {standard_task_runner.py:91} INFO - Job 14: Subtask raceStatusDim_transform
[2024-06-10T12:58:28.928+0000] {task_command.py:426} INFO - Running <TaskInstance: f1_data_pipeline_taskflow.raceStatusDim_transform scheduled__2024-06-09T00:00:00+00:00 [running]> on host 1827e5540201
[2024-06-10T12:58:30.943+0000] {taskinstance.py:2648} INFO - Exporting env vars: AIRFLOW_CTX_DAG_OWNER='***' AIRFLOW_CTX_DAG_ID='f1_data_pipeline_taskflow' AIRFLOW_CTX_TASK_ID='raceStatusDim_transform' AIRFLOW_CTX_EXECUTION_DATE='2024-06-09T00:00:00+00:00' AIRFLOW_CTX_TRY_NUMBER='1' AIRFLOW_CTX_DAG_RUN_ID='scheduled__2024-06-09T00:00:00+00:00'
[2024-06-10T12:58:30.946+0000] {taskinstance.py:430} INFO - ::endgroup::
[2024-06-10T12:58:31.006+0000] {python.py:237} INFO - Done. Returned value was:         statusId        status
0              1      Finished
298258        43       Exhaust
298661         4     Collision
304122        11        +1 Lap
445393        29      Puncture
...          ...           ...
516480        24  Differential
516609        96      Excluded
516819        15       +5 Laps
517303       139       Illness
517350        14       +4 Laps

[65 rows x 2 columns]
[2024-06-10T12:58:31.012+0000] {taskinstance.py:441} INFO - ::group::Post task execution logs
[2024-06-10T12:58:31.057+0000] {taskinstance.py:1206} INFO - Marking task as SUCCESS. dag_id=f1_data_pipeline_taskflow, task_id=raceStatusDim_transform, run_id=scheduled__2024-06-09T00:00:00+00:00, execution_date=20240609T000000, start_date=20240610T125828, end_date=20240610T125831
[2024-06-10T12:58:31.106+0000] {local_task_job_runner.py:240} INFO - Task exited with return code 0
[2024-06-10T12:58:31.141+0000] {taskinstance.py:3498} INFO - 1 downstream tasks scheduled from follow-on schedule check
[2024-06-10T12:58:31.143+0000] {local_task_job_runner.py:222} INFO - ::endgroup::
[2024-06-10T13:08:19.874+0000] {local_task_job_runner.py:120} INFO - ::group::Pre task execution logs
[2024-06-10T13:08:19.899+0000] {taskinstance.py:2076} INFO - Dependencies all met for dep_context=non-requeueable deps ti=<TaskInstance: f1_data_pipeline_taskflow.raceStatusDim_transform scheduled__2024-06-09T00:00:00+00:00 [queued]>
[2024-06-10T13:08:19.909+0000] {taskinstance.py:2076} INFO - Dependencies all met for dep_context=requeueable deps ti=<TaskInstance: f1_data_pipeline_taskflow.raceStatusDim_transform scheduled__2024-06-09T00:00:00+00:00 [queued]>
[2024-06-10T13:08:19.909+0000] {taskinstance.py:2306} INFO - Starting attempt 1 of 1
[2024-06-10T13:08:19.932+0000] {taskinstance.py:2330} INFO - Executing <Task(_PythonDecoratedOperator): raceStatusDim_transform> on 2024-06-09 00:00:00+00:00
[2024-06-10T13:08:19.938+0000] {warnings.py:110} WARNING - /home/***/.local/lib/python3.12/site-packages/***/task/task_runner/standard_task_runner.py:61: DeprecationWarning: This process (pid=103) is multi-threaded, use of fork() may lead to deadlocks in the child.
  pid = os.fork()

[2024-06-10T13:08:19.940+0000] {standard_task_runner.py:63} INFO - Started process 116 to run task
[2024-06-10T13:08:19.941+0000] {standard_task_runner.py:90} INFO - Running: ['***', 'tasks', 'run', 'f1_data_pipeline_taskflow', 'raceStatusDim_transform', 'scheduled__2024-06-09T00:00:00+00:00', '--job-id', '9', '--raw', '--subdir', 'DAGS_FOLDER/etl_dag.py', '--cfg-path', '/tmp/tmp7o885vmm']
[2024-06-10T13:08:19.943+0000] {standard_task_runner.py:91} INFO - Job 9: Subtask raceStatusDim_transform
[2024-06-10T13:08:19.995+0000] {task_command.py:426} INFO - Running <TaskInstance: f1_data_pipeline_taskflow.raceStatusDim_transform scheduled__2024-06-09T00:00:00+00:00 [running]> on host 625f3a2113de
[2024-06-10T13:08:22.361+0000] {taskinstance.py:2648} INFO - Exporting env vars: AIRFLOW_CTX_DAG_OWNER='***' AIRFLOW_CTX_DAG_ID='f1_data_pipeline_taskflow' AIRFLOW_CTX_TASK_ID='raceStatusDim_transform' AIRFLOW_CTX_EXECUTION_DATE='2024-06-09T00:00:00+00:00' AIRFLOW_CTX_TRY_NUMBER='1' AIRFLOW_CTX_DAG_RUN_ID='scheduled__2024-06-09T00:00:00+00:00'
[2024-06-10T13:08:22.364+0000] {taskinstance.py:430} INFO - ::endgroup::
[2024-06-10T13:08:22.449+0000] {python.py:237} INFO - Done. Returned value was:         statusId        status
0              1      Finished
298258        43       Exhaust
298661         4     Collision
304122        11        +1 Lap
445393        29      Puncture
...          ...           ...
516480        24  Differential
516609        96      Excluded
516819        15       +5 Laps
517303       139       Illness
517350        14       +4 Laps

[65 rows x 2 columns]
[2024-06-10T13:08:22.456+0000] {taskinstance.py:441} INFO - ::group::Post task execution logs
[2024-06-10T13:08:22.522+0000] {taskinstance.py:1206} INFO - Marking task as SUCCESS. dag_id=f1_data_pipeline_taskflow, task_id=raceStatusDim_transform, run_id=scheduled__2024-06-09T00:00:00+00:00, execution_date=20240609T000000, start_date=20240610T130819, end_date=20240610T130822
[2024-06-10T13:08:22.612+0000] {local_task_job_runner.py:240} INFO - Task exited with return code 0
[2024-06-10T13:08:22.623+0000] {local_task_job_runner.py:222} INFO - ::endgroup::
[2024-06-10T13:23:26.781+0000] {local_task_job_runner.py:120} INFO - ::group::Pre task execution logs
[2024-06-10T13:23:26.808+0000] {taskinstance.py:2076} INFO - Dependencies all met for dep_context=non-requeueable deps ti=<TaskInstance: f1_data_pipeline_taskflow.raceStatusDim_transform scheduled__2024-06-09T00:00:00+00:00 [queued]>
[2024-06-10T13:23:26.818+0000] {taskinstance.py:2076} INFO - Dependencies all met for dep_context=requeueable deps ti=<TaskInstance: f1_data_pipeline_taskflow.raceStatusDim_transform scheduled__2024-06-09T00:00:00+00:00 [queued]>
[2024-06-10T13:23:26.819+0000] {taskinstance.py:2306} INFO - Starting attempt 1 of 1
[2024-06-10T13:23:26.833+0000] {taskinstance.py:2330} INFO - Executing <Task(_PythonDecoratedOperator): raceStatusDim_transform> on 2024-06-09 00:00:00+00:00
[2024-06-10T13:23:26.841+0000] {warnings.py:110} WARNING - /home/***/.local/lib/python3.12/site-packages/***/task/task_runner/standard_task_runner.py:61: DeprecationWarning: This process (pid=91) is multi-threaded, use of fork() may lead to deadlocks in the child.
  pid = os.fork()

[2024-06-10T13:23:26.842+0000] {standard_task_runner.py:63} INFO - Started process 109 to run task
[2024-06-10T13:23:26.843+0000] {standard_task_runner.py:90} INFO - Running: ['***', 'tasks', 'run', 'f1_data_pipeline_taskflow', 'raceStatusDim_transform', 'scheduled__2024-06-09T00:00:00+00:00', '--job-id', '7', '--raw', '--subdir', 'DAGS_FOLDER/etl_dag.py', '--cfg-path', '/tmp/tmpcyk8pg90']
[2024-06-10T13:23:26.845+0000] {standard_task_runner.py:91} INFO - Job 7: Subtask raceStatusDim_transform
[2024-06-10T13:23:26.896+0000] {task_command.py:426} INFO - Running <TaskInstance: f1_data_pipeline_taskflow.raceStatusDim_transform scheduled__2024-06-09T00:00:00+00:00 [running]> on host d102255c9fd1
[2024-06-10T13:23:29.291+0000] {taskinstance.py:2648} INFO - Exporting env vars: AIRFLOW_CTX_DAG_OWNER='***' AIRFLOW_CTX_DAG_ID='f1_data_pipeline_taskflow' AIRFLOW_CTX_TASK_ID='raceStatusDim_transform' AIRFLOW_CTX_EXECUTION_DATE='2024-06-09T00:00:00+00:00' AIRFLOW_CTX_TRY_NUMBER='1' AIRFLOW_CTX_DAG_RUN_ID='scheduled__2024-06-09T00:00:00+00:00'
[2024-06-10T13:23:29.329+0000] {taskinstance.py:430} INFO - ::endgroup::
[2024-06-10T13:23:29.387+0000] {python.py:237} INFO - Done. Returned value was:         statusId        status
0              1      Finished
298258        43       Exhaust
298661         4     Collision
304122        11        +1 Lap
445393        29      Puncture
...          ...           ...
516480        24  Differential
516609        96      Excluded
516819        15       +5 Laps
517303       139       Illness
517350        14       +4 Laps

[65 rows x 2 columns]
[2024-06-10T13:23:29.394+0000] {taskinstance.py:441} INFO - ::group::Post task execution logs
[2024-06-10T13:23:29.456+0000] {taskinstance.py:1206} INFO - Marking task as SUCCESS. dag_id=f1_data_pipeline_taskflow, task_id=raceStatusDim_transform, run_id=scheduled__2024-06-09T00:00:00+00:00, execution_date=20240609T000000, start_date=20240610T132326, end_date=20240610T132329
[2024-06-10T13:23:29.539+0000] {local_task_job_runner.py:240} INFO - Task exited with return code 0
[2024-06-10T13:23:29.694+0000] {local_task_job_runner.py:222} INFO - ::endgroup::
[2024-06-10T13:35:46.595+0000] {local_task_job_runner.py:120} INFO - ::group::Pre task execution logs
[2024-06-10T13:35:46.615+0000] {taskinstance.py:2076} INFO - Dependencies all met for dep_context=non-requeueable deps ti=<TaskInstance: f1_data_pipeline_taskflow.raceStatusDim_transform scheduled__2024-06-09T00:00:00+00:00 [queued]>
[2024-06-10T13:35:46.622+0000] {taskinstance.py:2076} INFO - Dependencies all met for dep_context=requeueable deps ti=<TaskInstance: f1_data_pipeline_taskflow.raceStatusDim_transform scheduled__2024-06-09T00:00:00+00:00 [queued]>
[2024-06-10T13:35:46.622+0000] {taskinstance.py:2306} INFO - Starting attempt 1 of 1
[2024-06-10T13:35:46.647+0000] {taskinstance.py:2330} INFO - Executing <Task(_PythonDecoratedOperator): raceStatusDim_transform> on 2024-06-09 00:00:00+00:00
[2024-06-10T13:35:46.653+0000] {warnings.py:110} WARNING - /home/***/.local/lib/python3.12/site-packages/***/task/task_runner/standard_task_runner.py:61: DeprecationWarning: This process (pid=98) is multi-threaded, use of fork() may lead to deadlocks in the child.
  pid = os.fork()

[2024-06-10T13:35:46.655+0000] {standard_task_runner.py:63} INFO - Started process 117 to run task
[2024-06-10T13:35:46.654+0000] {standard_task_runner.py:90} INFO - Running: ['***', 'tasks', 'run', 'f1_data_pipeline_taskflow', 'raceStatusDim_transform', 'scheduled__2024-06-09T00:00:00+00:00', '--job-id', '9', '--raw', '--subdir', 'DAGS_FOLDER/etl_dag.py', '--cfg-path', '/tmp/tmpdj5u_c7f']
[2024-06-10T13:35:46.656+0000] {standard_task_runner.py:91} INFO - Job 9: Subtask raceStatusDim_transform
[2024-06-10T13:35:46.702+0000] {task_command.py:426} INFO - Running <TaskInstance: f1_data_pipeline_taskflow.raceStatusDim_transform scheduled__2024-06-09T00:00:00+00:00 [running]> on host 61e4f3dfec5c
[2024-06-10T13:35:48.919+0000] {taskinstance.py:2648} INFO - Exporting env vars: AIRFLOW_CTX_DAG_OWNER='***' AIRFLOW_CTX_DAG_ID='f1_data_pipeline_taskflow' AIRFLOW_CTX_TASK_ID='raceStatusDim_transform' AIRFLOW_CTX_EXECUTION_DATE='2024-06-09T00:00:00+00:00' AIRFLOW_CTX_TRY_NUMBER='1' AIRFLOW_CTX_DAG_RUN_ID='scheduled__2024-06-09T00:00:00+00:00'
[2024-06-10T13:35:48.921+0000] {taskinstance.py:430} INFO - ::endgroup::
[2024-06-10T13:35:48.988+0000] {python.py:237} INFO - Done. Returned value was:         statusId        status
0              1      Finished
298258        43       Exhaust
298661         4     Collision
304122        11        +1 Lap
445393        29      Puncture
...          ...           ...
516480        24  Differential
516609        96      Excluded
516819        15       +5 Laps
517303       139       Illness
517350        14       +4 Laps

[65 rows x 2 columns]
[2024-06-10T13:35:48.998+0000] {taskinstance.py:441} INFO - ::group::Post task execution logs
[2024-06-10T13:35:49.029+0000] {taskinstance.py:1206} INFO - Marking task as SUCCESS. dag_id=f1_data_pipeline_taskflow, task_id=raceStatusDim_transform, run_id=scheduled__2024-06-09T00:00:00+00:00, execution_date=20240609T000000, start_date=20240610T133546, end_date=20240610T133549
[2024-06-10T13:35:49.084+0000] {local_task_job_runner.py:240} INFO - Task exited with return code 0
[2024-06-10T13:35:49.096+0000] {local_task_job_runner.py:222} INFO - ::endgroup::
[2024-06-10T13:41:59.006+0000] {local_task_job_runner.py:120} INFO - ::group::Pre task execution logs
[2024-06-10T13:41:59.026+0000] {taskinstance.py:2076} INFO - Dependencies all met for dep_context=non-requeueable deps ti=<TaskInstance: f1_data_pipeline_taskflow.raceStatusDim_transform scheduled__2024-06-09T00:00:00+00:00 [queued]>
[2024-06-10T13:41:59.035+0000] {taskinstance.py:2076} INFO - Dependencies all met for dep_context=requeueable deps ti=<TaskInstance: f1_data_pipeline_taskflow.raceStatusDim_transform scheduled__2024-06-09T00:00:00+00:00 [queued]>
[2024-06-10T13:41:59.036+0000] {taskinstance.py:2306} INFO - Starting attempt 1 of 1
[2024-06-10T13:41:59.048+0000] {taskinstance.py:2330} INFO - Executing <Task(_PythonDecoratedOperator): raceStatusDim_transform> on 2024-06-09 00:00:00+00:00
[2024-06-10T13:41:59.055+0000] {warnings.py:110} WARNING - /home/***/.local/lib/python3.12/site-packages/***/task/task_runner/standard_task_runner.py:61: DeprecationWarning: This process (pid=93) is multi-threaded, use of fork() may lead to deadlocks in the child.
  pid = os.fork()

[2024-06-10T13:41:59.056+0000] {standard_task_runner.py:63} INFO - Started process 108 to run task
[2024-06-10T13:41:59.056+0000] {standard_task_runner.py:90} INFO - Running: ['***', 'tasks', 'run', 'f1_data_pipeline_taskflow', 'raceStatusDim_transform', 'scheduled__2024-06-09T00:00:00+00:00', '--job-id', '11', '--raw', '--subdir', 'DAGS_FOLDER/etl_dag.py', '--cfg-path', '/tmp/tmp4afl25jx']
[2024-06-10T13:41:59.057+0000] {standard_task_runner.py:91} INFO - Job 11: Subtask raceStatusDim_transform
[2024-06-10T13:41:59.100+0000] {task_command.py:426} INFO - Running <TaskInstance: f1_data_pipeline_taskflow.raceStatusDim_transform scheduled__2024-06-09T00:00:00+00:00 [running]> on host 5feafd0b96fd
[2024-06-10T13:42:01.274+0000] {taskinstance.py:2648} INFO - Exporting env vars: AIRFLOW_CTX_DAG_OWNER='***' AIRFLOW_CTX_DAG_ID='f1_data_pipeline_taskflow' AIRFLOW_CTX_TASK_ID='raceStatusDim_transform' AIRFLOW_CTX_EXECUTION_DATE='2024-06-09T00:00:00+00:00' AIRFLOW_CTX_TRY_NUMBER='1' AIRFLOW_CTX_DAG_RUN_ID='scheduled__2024-06-09T00:00:00+00:00'
[2024-06-10T13:42:01.276+0000] {taskinstance.py:430} INFO - ::endgroup::
[2024-06-10T13:42:01.333+0000] {python.py:237} INFO - Done. Returned value was:         statusId        status
0              1      Finished
298258        43       Exhaust
298661         4     Collision
304122        11        +1 Lap
445393        29      Puncture
...          ...           ...
516480        24  Differential
516609        96      Excluded
516819        15       +5 Laps
517303       139       Illness
517350        14       +4 Laps

[65 rows x 2 columns]
[2024-06-10T13:42:01.339+0000] {taskinstance.py:441} INFO - ::group::Post task execution logs
[2024-06-10T13:42:01.371+0000] {taskinstance.py:1206} INFO - Marking task as SUCCESS. dag_id=f1_data_pipeline_taskflow, task_id=raceStatusDim_transform, run_id=scheduled__2024-06-09T00:00:00+00:00, execution_date=20240609T000000, start_date=20240610T134159, end_date=20240610T134201
[2024-06-10T13:42:01.432+0000] {local_task_job_runner.py:240} INFO - Task exited with return code 0
[2024-06-10T13:42:01.443+0000] {local_task_job_runner.py:222} INFO - ::endgroup::
[2024-06-10T13:47:08.305+0000] {local_task_job_runner.py:120} INFO - ::group::Pre task execution logs
[2024-06-10T13:47:08.327+0000] {taskinstance.py:2076} INFO - Dependencies all met for dep_context=non-requeueable deps ti=<TaskInstance: f1_data_pipeline_taskflow.raceStatusDim_transform scheduled__2024-06-09T00:00:00+00:00 [queued]>
[2024-06-10T13:47:08.335+0000] {taskinstance.py:2076} INFO - Dependencies all met for dep_context=requeueable deps ti=<TaskInstance: f1_data_pipeline_taskflow.raceStatusDim_transform scheduled__2024-06-09T00:00:00+00:00 [queued]>
[2024-06-10T13:47:08.336+0000] {taskinstance.py:2306} INFO - Starting attempt 1 of 1
[2024-06-10T13:47:08.349+0000] {taskinstance.py:2330} INFO - Executing <Task(_PythonDecoratedOperator): raceStatusDim_transform> on 2024-06-09 00:00:00+00:00
[2024-06-10T13:47:08.354+0000] {warnings.py:110} WARNING - /home/***/.local/lib/python3.12/site-packages/***/task/task_runner/standard_task_runner.py:61: DeprecationWarning: This process (pid=96) is multi-threaded, use of fork() may lead to deadlocks in the child.
  pid = os.fork()

[2024-06-10T13:47:08.355+0000] {standard_task_runner.py:63} INFO - Started process 114 to run task
[2024-06-10T13:47:08.356+0000] {standard_task_runner.py:90} INFO - Running: ['***', 'tasks', 'run', 'f1_data_pipeline_taskflow', 'raceStatusDim_transform', 'scheduled__2024-06-09T00:00:00+00:00', '--job-id', '8', '--raw', '--subdir', 'DAGS_FOLDER/etl_dag.py', '--cfg-path', '/tmp/tmphu4jj14b']
[2024-06-10T13:47:08.358+0000] {standard_task_runner.py:91} INFO - Job 8: Subtask raceStatusDim_transform
[2024-06-10T13:47:08.407+0000] {task_command.py:426} INFO - Running <TaskInstance: f1_data_pipeline_taskflow.raceStatusDim_transform scheduled__2024-06-09T00:00:00+00:00 [running]> on host 0d5d688e6061
[2024-06-10T13:47:10.621+0000] {taskinstance.py:2648} INFO - Exporting env vars: AIRFLOW_CTX_DAG_OWNER='***' AIRFLOW_CTX_DAG_ID='f1_data_pipeline_taskflow' AIRFLOW_CTX_TASK_ID='raceStatusDim_transform' AIRFLOW_CTX_EXECUTION_DATE='2024-06-09T00:00:00+00:00' AIRFLOW_CTX_TRY_NUMBER='1' AIRFLOW_CTX_DAG_RUN_ID='scheduled__2024-06-09T00:00:00+00:00'
[2024-06-10T13:47:10.624+0000] {taskinstance.py:430} INFO - ::endgroup::
[2024-06-10T13:47:10.686+0000] {python.py:237} INFO - Done. Returned value was:         statusId        status
0              1      Finished
298258        43       Exhaust
298661         4     Collision
304122        11        +1 Lap
445393        29      Puncture
...          ...           ...
516480        24  Differential
516609        96      Excluded
516819        15       +5 Laps
517303       139       Illness
517350        14       +4 Laps

[65 rows x 2 columns]
[2024-06-10T13:47:10.695+0000] {taskinstance.py:441} INFO - ::group::Post task execution logs
[2024-06-10T13:47:10.734+0000] {taskinstance.py:1206} INFO - Marking task as SUCCESS. dag_id=f1_data_pipeline_taskflow, task_id=raceStatusDim_transform, run_id=scheduled__2024-06-09T00:00:00+00:00, execution_date=20240609T000000, start_date=20240610T134708, end_date=20240610T134710
[2024-06-10T13:47:10.798+0000] {local_task_job_runner.py:240} INFO - Task exited with return code 0
[2024-06-10T13:47:10.810+0000] {local_task_job_runner.py:222} INFO - ::endgroup::
[2024-06-21T08:55:45.472+0000] {local_task_job_runner.py:120} INFO - ::group::Pre task execution logs
[2024-06-21T08:55:45.496+0000] {taskinstance.py:2076} INFO - Dependencies all met for dep_context=non-requeueable deps ti=<TaskInstance: f1_data_pipeline_taskflow.raceStatusDim_transform scheduled__2024-06-09T00:00:00+00:00 [queued]>
[2024-06-21T08:55:45.504+0000] {taskinstance.py:2076} INFO - Dependencies all met for dep_context=requeueable deps ti=<TaskInstance: f1_data_pipeline_taskflow.raceStatusDim_transform scheduled__2024-06-09T00:00:00+00:00 [queued]>
[2024-06-21T08:55:45.505+0000] {taskinstance.py:2306} INFO - Starting attempt 1 of 1
[2024-06-21T08:55:45.517+0000] {taskinstance.py:2330} INFO - Executing <Task(_PythonDecoratedOperator): raceStatusDim_transform> on 2024-06-09 00:00:00+00:00
[2024-06-21T08:55:45.523+0000] {warnings.py:110} WARNING - /home/***/.local/lib/python3.12/site-packages/***/task/task_runner/standard_task_runner.py:61: DeprecationWarning: This process (pid=109) is multi-threaded, use of fork() may lead to deadlocks in the child.
  pid = os.fork()

[2024-06-21T08:55:45.524+0000] {standard_task_runner.py:63} INFO - Started process 129 to run task
[2024-06-21T08:55:45.525+0000] {standard_task_runner.py:90} INFO - Running: ['***', 'tasks', 'run', 'f1_data_pipeline_taskflow', 'raceStatusDim_transform', 'scheduled__2024-06-09T00:00:00+00:00', '--job-id', '13', '--raw', '--subdir', 'DAGS_FOLDER/etl_dag.py', '--cfg-path', '/tmp/tmptpemqa1k']
[2024-06-21T08:55:45.526+0000] {standard_task_runner.py:91} INFO - Job 13: Subtask raceStatusDim_transform
[2024-06-21T08:55:45.572+0000] {task_command.py:426} INFO - Running <TaskInstance: f1_data_pipeline_taskflow.raceStatusDim_transform scheduled__2024-06-09T00:00:00+00:00 [running]> on host da56922fb813
[2024-06-21T08:55:47.841+0000] {taskinstance.py:2648} INFO - Exporting env vars: AIRFLOW_CTX_DAG_OWNER='***' AIRFLOW_CTX_DAG_ID='f1_data_pipeline_taskflow' AIRFLOW_CTX_TASK_ID='raceStatusDim_transform' AIRFLOW_CTX_EXECUTION_DATE='2024-06-09T00:00:00+00:00' AIRFLOW_CTX_TRY_NUMBER='1' AIRFLOW_CTX_DAG_RUN_ID='scheduled__2024-06-09T00:00:00+00:00'
[2024-06-21T08:55:47.843+0000] {taskinstance.py:430} INFO - ::endgroup::
[2024-06-21T08:55:47.906+0000] {python.py:237} INFO - Done. Returned value was:         statusId        status
0              1      Finished
298258        43       Exhaust
298661         4     Collision
304122        11        +1 Lap
445393        29      Puncture
...          ...           ...
516480        24  Differential
516609        96      Excluded
516819        15       +5 Laps
517303       139       Illness
517350        14       +4 Laps

[65 rows x 2 columns]
[2024-06-21T08:55:47.913+0000] {taskinstance.py:441} INFO - ::group::Post task execution logs
[2024-06-21T08:55:47.943+0000] {taskinstance.py:1206} INFO - Marking task as SUCCESS. dag_id=f1_data_pipeline_taskflow, task_id=raceStatusDim_transform, run_id=scheduled__2024-06-09T00:00:00+00:00, execution_date=20240609T000000, start_date=20240621T085545, end_date=20240621T085547
[2024-06-21T08:55:48.025+0000] {local_task_job_runner.py:240} INFO - Task exited with return code 0
[2024-06-21T08:55:48.034+0000] {local_task_job_runner.py:222} INFO - ::endgroup::
[2024-06-21T11:07:59.388+0000] {local_task_job_runner.py:120} INFO - ::group::Pre task execution logs
[2024-06-21T11:07:59.406+0000] {taskinstance.py:2076} INFO - Dependencies all met for dep_context=non-requeueable deps ti=<TaskInstance: f1_data_pipeline_taskflow.raceStatusDim_transform scheduled__2024-06-09T00:00:00+00:00 [queued]>
[2024-06-21T11:07:59.415+0000] {taskinstance.py:2076} INFO - Dependencies all met for dep_context=requeueable deps ti=<TaskInstance: f1_data_pipeline_taskflow.raceStatusDim_transform scheduled__2024-06-09T00:00:00+00:00 [queued]>
[2024-06-21T11:07:59.416+0000] {taskinstance.py:2306} INFO - Starting attempt 1 of 1
[2024-06-21T11:07:59.436+0000] {taskinstance.py:2330} INFO - Executing <Task(_PythonDecoratedOperator): raceStatusDim_transform> on 2024-06-09 00:00:00+00:00
[2024-06-21T11:07:59.442+0000] {warnings.py:110} WARNING - /home/***/.local/lib/python3.12/site-packages/***/task/task_runner/standard_task_runner.py:61: DeprecationWarning: This process (pid=101) is multi-threaded, use of fork() may lead to deadlocks in the child.
  pid = os.fork()

[2024-06-21T11:07:59.443+0000] {standard_task_runner.py:63} INFO - Started process 121 to run task
[2024-06-21T11:07:59.444+0000] {standard_task_runner.py:90} INFO - Running: ['***', 'tasks', 'run', 'f1_data_pipeline_taskflow', 'raceStatusDim_transform', 'scheduled__2024-06-09T00:00:00+00:00', '--job-id', '12', '--raw', '--subdir', 'DAGS_FOLDER/etl_dag.py', '--cfg-path', '/tmp/tmp361eywac']
[2024-06-21T11:07:59.446+0000] {standard_task_runner.py:91} INFO - Job 12: Subtask raceStatusDim_transform
[2024-06-21T11:07:59.512+0000] {task_command.py:426} INFO - Running <TaskInstance: f1_data_pipeline_taskflow.raceStatusDim_transform scheduled__2024-06-09T00:00:00+00:00 [running]> on host 55d87b1d1f78
[2024-06-21T11:08:02.080+0000] {taskinstance.py:2648} INFO - Exporting env vars: AIRFLOW_CTX_DAG_OWNER='***' AIRFLOW_CTX_DAG_ID='f1_data_pipeline_taskflow' AIRFLOW_CTX_TASK_ID='raceStatusDim_transform' AIRFLOW_CTX_EXECUTION_DATE='2024-06-09T00:00:00+00:00' AIRFLOW_CTX_TRY_NUMBER='1' AIRFLOW_CTX_DAG_RUN_ID='scheduled__2024-06-09T00:00:00+00:00'
[2024-06-21T11:08:02.083+0000] {taskinstance.py:430} INFO - ::endgroup::
[2024-06-21T11:08:02.160+0000] {python.py:237} INFO - Done. Returned value was:         statusId        status
0              1      Finished
298258        43       Exhaust
298661         4     Collision
304122        11        +1 Lap
445393        29      Puncture
...          ...           ...
516480        24  Differential
516609        96      Excluded
516819        15       +5 Laps
517303       139       Illness
517350        14       +4 Laps

[65 rows x 2 columns]
[2024-06-21T11:08:02.165+0000] {taskinstance.py:441} INFO - ::group::Post task execution logs
[2024-06-21T11:08:02.194+0000] {taskinstance.py:1206} INFO - Marking task as SUCCESS. dag_id=f1_data_pipeline_taskflow, task_id=raceStatusDim_transform, run_id=scheduled__2024-06-09T00:00:00+00:00, execution_date=20240609T000000, start_date=20240621T110759, end_date=20240621T110802
[2024-06-21T11:08:02.262+0000] {local_task_job_runner.py:240} INFO - Task exited with return code 0
[2024-06-21T11:08:02.294+0000] {taskinstance.py:3498} INFO - 1 downstream tasks scheduled from follow-on schedule check
[2024-06-21T11:08:02.296+0000] {local_task_job_runner.py:222} INFO - ::endgroup::
