[2024-06-11T07:51:04.406+0000] {local_task_job_runner.py:120} INFO - ::group::Pre task execution logs
[2024-06-11T07:51:04.429+0000] {taskinstance.py:2076} INFO - Dependencies all met for dep_context=non-requeueable deps ti=<TaskInstance: f1_data_pipeline_taskflow.constructorDim_transform scheduled__2024-06-10T00:00:00+00:00 [queued]>
[2024-06-11T07:51:04.439+0000] {taskinstance.py:2076} INFO - Dependencies all met for dep_context=requeueable deps ti=<TaskInstance: f1_data_pipeline_taskflow.constructorDim_transform scheduled__2024-06-10T00:00:00+00:00 [queued]>
[2024-06-11T07:51:04.440+0000] {taskinstance.py:2306} INFO - Starting attempt 1 of 1
[2024-06-11T07:51:04.453+0000] {taskinstance.py:2330} INFO - Executing <Task(_PythonDecoratedOperator): constructorDim_transform> on 2024-06-10 00:00:00+00:00
[2024-06-11T07:51:04.459+0000] {warnings.py:110} WARNING - /home/***/.local/lib/python3.12/site-packages/***/task/task_runner/standard_task_runner.py:61: DeprecationWarning: This process (pid=355) is multi-threaded, use of fork() may lead to deadlocks in the child.
  pid = os.fork()

[2024-06-11T07:51:04.461+0000] {standard_task_runner.py:63} INFO - Started process 367 to run task
[2024-06-11T07:51:04.461+0000] {standard_task_runner.py:90} INFO - Running: ['***', 'tasks', 'run', 'f1_data_pipeline_taskflow', 'constructorDim_transform', 'scheduled__2024-06-10T00:00:00+00:00', '--job-id', '7', '--raw', '--subdir', 'DAGS_FOLDER/etl_dag.py', '--cfg-path', '/tmp/tmpwbweqc2v']
[2024-06-11T07:51:04.463+0000] {standard_task_runner.py:91} INFO - Job 7: Subtask constructorDim_transform
[2024-06-11T07:51:04.511+0000] {task_command.py:426} INFO - Running <TaskInstance: f1_data_pipeline_taskflow.constructorDim_transform scheduled__2024-06-10T00:00:00+00:00 [running]> on host 774afe459216
[2024-06-11T07:51:06.522+0000] {taskinstance.py:2648} INFO - Exporting env vars: AIRFLOW_CTX_DAG_OWNER='***' AIRFLOW_CTX_DAG_ID='f1_data_pipeline_taskflow' AIRFLOW_CTX_TASK_ID='constructorDim_transform' AIRFLOW_CTX_EXECUTION_DATE='2024-06-10T00:00:00+00:00' AIRFLOW_CTX_TRY_NUMBER='1' AIRFLOW_CTX_DAG_RUN_ID='scheduled__2024-06-10T00:00:00+00:00'
[2024-06-11T07:51:06.525+0000] {taskinstance.py:430} INFO - ::endgroup::
[2024-06-11T07:51:06.695+0000] {python.py:237} INFO - Done. Returned value was:         constructorId  ...                                   url_constructors
0                   1  ...               http://en.wikipedia.org/wiki/McLaren
28696               9  ...       http://en.wikipedia.org/wiki/Red_Bull_Racing
73996               6  ...      http://en.wikipedia.org/wiki/Scuderia_Ferrari
118525            117  ...  http://en.wikipedia.org/wiki/Aston_Martin_in_F...
125663            131  ...  http://en.wikipedia.org/wiki/Mercedes-Benz_in_...
173941            214  ...        http://en.wikipedia.org/wiki/Alpine_F1_Team
181307             15  ...                http://en.wikipedia.org/wiki/Sauber
191700            207  ...           http://en.wikipedia.org/wiki/Caterham_F1
193332            208  ...              http://en.wikipedia.org/wiki/Lotus_F1
203641             51  ...  http://en.wikipedia.org/wiki/Alfa_Romeo_in_For...
211897             10  ...  http://en.wikipedia.org/wiki/Racing_Point_Forc...
229622            211  ...  http://en.wikipedia.org/wiki/Racing_Point_F1_Team
233527              5  ...   http://en.wikipedia.org/wiki/Scuderia_Toro_Rosso
248454              4  ...  http://en.wikipedia.org/wiki/Renault_in_Formul...
255351            213  ...   http://en.wikipedia.org/wiki/Scuderia_AlphaTauri
263628              3  ...  http://en.wikipedia.org/wiki/Williams_Grand_Pr...
286300            206  ...           http://en.wikipedia.org/wiki/Marussia_F1
287718            210  ...          http://en.wikipedia.org/wiki/Haas_F1_Team
297680            164  ...       http://en.wikipedia.org/wiki/Hispania_Racing
297735            209  ...      http://en.wikipedia.org/wiki/Manor_Motorsport

[20 rows x 5 columns]
[2024-06-11T07:51:06.704+0000] {taskinstance.py:441} INFO - ::group::Post task execution logs
[2024-06-11T07:51:06.768+0000] {taskinstance.py:1206} INFO - Marking task as SUCCESS. dag_id=f1_data_pipeline_taskflow, task_id=constructorDim_transform, run_id=scheduled__2024-06-10T00:00:00+00:00, execution_date=20240610T000000, start_date=20240611T075104, end_date=20240611T075106
[2024-06-11T07:51:06.837+0000] {local_task_job_runner.py:240} INFO - Task exited with return code 0
[2024-06-11T07:51:06.854+0000] {local_task_job_runner.py:222} INFO - ::endgroup::
[2024-06-11T09:15:26.139+0000] {local_task_job_runner.py:120} INFO - ::group::Pre task execution logs
[2024-06-11T09:15:26.157+0000] {taskinstance.py:2076} INFO - Dependencies all met for dep_context=non-requeueable deps ti=<TaskInstance: f1_data_pipeline_taskflow.constructorDim_transform scheduled__2024-06-10T00:00:00+00:00 [queued]>
[2024-06-11T09:15:26.165+0000] {taskinstance.py:2076} INFO - Dependencies all met for dep_context=requeueable deps ti=<TaskInstance: f1_data_pipeline_taskflow.constructorDim_transform scheduled__2024-06-10T00:00:00+00:00 [queued]>
[2024-06-11T09:15:26.165+0000] {taskinstance.py:2306} INFO - Starting attempt 1 of 1
[2024-06-11T09:15:26.177+0000] {taskinstance.py:2330} INFO - Executing <Task(_PythonDecoratedOperator): constructorDim_transform> on 2024-06-10 00:00:00+00:00
[2024-06-11T09:15:26.183+0000] {warnings.py:110} WARNING - /home/***/.local/lib/python3.12/site-packages/***/task/task_runner/standard_task_runner.py:61: DeprecationWarning: This process (pid=189) is multi-threaded, use of fork() may lead to deadlocks in the child.
  pid = os.fork()

[2024-06-11T09:15:26.184+0000] {standard_task_runner.py:63} INFO - Started process 206 to run task
[2024-06-11T09:15:26.184+0000] {standard_task_runner.py:90} INFO - Running: ['***', 'tasks', 'run', 'f1_data_pipeline_taskflow', 'constructorDim_transform', 'scheduled__2024-06-10T00:00:00+00:00', '--job-id', '8', '--raw', '--subdir', 'DAGS_FOLDER/etl_dag.py', '--cfg-path', '/tmp/tmp66ha6_n0']
[2024-06-11T09:15:26.186+0000] {standard_task_runner.py:91} INFO - Job 8: Subtask constructorDim_transform
[2024-06-11T09:15:26.232+0000] {task_command.py:426} INFO - Running <TaskInstance: f1_data_pipeline_taskflow.constructorDim_transform scheduled__2024-06-10T00:00:00+00:00 [running]> on host fdc9bf7b6fb8
[2024-06-11T09:15:28.977+0000] {taskinstance.py:2648} INFO - Exporting env vars: AIRFLOW_CTX_DAG_OWNER='***' AIRFLOW_CTX_DAG_ID='f1_data_pipeline_taskflow' AIRFLOW_CTX_TASK_ID='constructorDim_transform' AIRFLOW_CTX_EXECUTION_DATE='2024-06-10T00:00:00+00:00' AIRFLOW_CTX_TRY_NUMBER='1' AIRFLOW_CTX_DAG_RUN_ID='scheduled__2024-06-10T00:00:00+00:00'
[2024-06-11T09:15:29.000+0000] {taskinstance.py:430} INFO - ::endgroup::
[2024-06-11T09:15:29.135+0000] {python.py:237} INFO - Done. Returned value was:         constructorId  ...                                   url_constructors
0                   1  ...               http://en.wikipedia.org/wiki/McLaren
28696               9  ...       http://en.wikipedia.org/wiki/Red_Bull_Racing
73996               6  ...      http://en.wikipedia.org/wiki/Scuderia_Ferrari
118525            117  ...  http://en.wikipedia.org/wiki/Aston_Martin_in_F...
125663            131  ...  http://en.wikipedia.org/wiki/Mercedes-Benz_in_...
173941            214  ...        http://en.wikipedia.org/wiki/Alpine_F1_Team
181307             15  ...                http://en.wikipedia.org/wiki/Sauber
191700            207  ...           http://en.wikipedia.org/wiki/Caterham_F1
193332            208  ...              http://en.wikipedia.org/wiki/Lotus_F1
203641             51  ...  http://en.wikipedia.org/wiki/Alfa_Romeo_in_For...
211897             10  ...  http://en.wikipedia.org/wiki/Racing_Point_Forc...
229622            211  ...  http://en.wikipedia.org/wiki/Racing_Point_F1_Team
233527              5  ...   http://en.wikipedia.org/wiki/Scuderia_Toro_Rosso
248454              4  ...  http://en.wikipedia.org/wiki/Renault_in_Formul...
255351            213  ...   http://en.wikipedia.org/wiki/Scuderia_AlphaTauri
263628              3  ...  http://en.wikipedia.org/wiki/Williams_Grand_Pr...
286300            206  ...           http://en.wikipedia.org/wiki/Marussia_F1
287718            210  ...          http://en.wikipedia.org/wiki/Haas_F1_Team
297680            164  ...       http://en.wikipedia.org/wiki/Hispania_Racing
297735            209  ...      http://en.wikipedia.org/wiki/Manor_Motorsport

[20 rows x 5 columns]
[2024-06-11T09:15:29.147+0000] {taskinstance.py:441} INFO - ::group::Post task execution logs
[2024-06-11T09:15:29.176+0000] {taskinstance.py:1206} INFO - Marking task as SUCCESS. dag_id=f1_data_pipeline_taskflow, task_id=constructorDim_transform, run_id=scheduled__2024-06-10T00:00:00+00:00, execution_date=20240610T000000, start_date=20240611T091526, end_date=20240611T091529
[2024-06-11T09:15:29.238+0000] {local_task_job_runner.py:240} INFO - Task exited with return code 0
[2024-06-11T09:15:29.440+0000] {taskinstance.py:3498} INFO - 1 downstream tasks scheduled from follow-on schedule check
[2024-06-11T09:15:29.447+0000] {local_task_job_runner.py:222} INFO - ::endgroup::
[2024-06-11T11:21:29.459+0000] {local_task_job_runner.py:120} INFO - ::group::Pre task execution logs
[2024-06-11T11:21:29.481+0000] {taskinstance.py:2076} INFO - Dependencies all met for dep_context=non-requeueable deps ti=<TaskInstance: f1_data_pipeline_taskflow.constructorDim_transform scheduled__2024-06-10T00:00:00+00:00 [queued]>
[2024-06-11T11:21:29.489+0000] {taskinstance.py:2076} INFO - Dependencies all met for dep_context=requeueable deps ti=<TaskInstance: f1_data_pipeline_taskflow.constructorDim_transform scheduled__2024-06-10T00:00:00+00:00 [queued]>
[2024-06-11T11:21:29.489+0000] {taskinstance.py:2306} INFO - Starting attempt 1 of 1
[2024-06-11T11:21:29.502+0000] {taskinstance.py:2330} INFO - Executing <Task(_PythonDecoratedOperator): constructorDim_transform> on 2024-06-10 00:00:00+00:00
[2024-06-11T11:21:29.509+0000] {warnings.py:110} WARNING - /home/***/.local/lib/python3.12/site-packages/***/task/task_runner/standard_task_runner.py:61: DeprecationWarning: This process (pid=214) is multi-threaded, use of fork() may lead to deadlocks in the child.
  pid = os.fork()

[2024-06-11T11:21:29.510+0000] {standard_task_runner.py:63} INFO - Started process 233 to run task
[2024-06-11T11:21:29.510+0000] {standard_task_runner.py:90} INFO - Running: ['***', 'tasks', 'run', 'f1_data_pipeline_taskflow', 'constructorDim_transform', 'scheduled__2024-06-10T00:00:00+00:00', '--job-id', '14', '--raw', '--subdir', 'DAGS_FOLDER/etl_dag.py', '--cfg-path', '/tmp/tmppmvs_0zg']
[2024-06-11T11:21:29.512+0000] {standard_task_runner.py:91} INFO - Job 14: Subtask constructorDim_transform
[2024-06-11T11:21:29.564+0000] {task_command.py:426} INFO - Running <TaskInstance: f1_data_pipeline_taskflow.constructorDim_transform scheduled__2024-06-10T00:00:00+00:00 [running]> on host bc9f1e77df41
[2024-06-11T11:21:32.272+0000] {taskinstance.py:2648} INFO - Exporting env vars: AIRFLOW_CTX_DAG_OWNER='***' AIRFLOW_CTX_DAG_ID='f1_data_pipeline_taskflow' AIRFLOW_CTX_TASK_ID='constructorDim_transform' AIRFLOW_CTX_EXECUTION_DATE='2024-06-10T00:00:00+00:00' AIRFLOW_CTX_TRY_NUMBER='1' AIRFLOW_CTX_DAG_RUN_ID='scheduled__2024-06-10T00:00:00+00:00'
[2024-06-11T11:21:32.275+0000] {taskinstance.py:430} INFO - ::endgroup::
[2024-06-11T11:21:32.394+0000] {python.py:237} INFO - Done. Returned value was:         constructorId  ...                                   url_constructors
0                   1  ...               http://en.wikipedia.org/wiki/McLaren
28696               9  ...       http://en.wikipedia.org/wiki/Red_Bull_Racing
73996               6  ...      http://en.wikipedia.org/wiki/Scuderia_Ferrari
118525            117  ...  http://en.wikipedia.org/wiki/Aston_Martin_in_F...
125663            131  ...  http://en.wikipedia.org/wiki/Mercedes-Benz_in_...
173941            214  ...        http://en.wikipedia.org/wiki/Alpine_F1_Team
181307             15  ...                http://en.wikipedia.org/wiki/Sauber
191700            207  ...           http://en.wikipedia.org/wiki/Caterham_F1
193332            208  ...              http://en.wikipedia.org/wiki/Lotus_F1
203641             51  ...  http://en.wikipedia.org/wiki/Alfa_Romeo_in_For...
211897             10  ...  http://en.wikipedia.org/wiki/Racing_Point_Forc...
229622            211  ...  http://en.wikipedia.org/wiki/Racing_Point_F1_Team
233527              5  ...   http://en.wikipedia.org/wiki/Scuderia_Toro_Rosso
248454              4  ...  http://en.wikipedia.org/wiki/Renault_in_Formul...
255351            213  ...   http://en.wikipedia.org/wiki/Scuderia_AlphaTauri
263628              3  ...  http://en.wikipedia.org/wiki/Williams_Grand_Pr...
286300            206  ...           http://en.wikipedia.org/wiki/Marussia_F1
287718            210  ...          http://en.wikipedia.org/wiki/Haas_F1_Team
297680            164  ...       http://en.wikipedia.org/wiki/Hispania_Racing
297735            209  ...      http://en.wikipedia.org/wiki/Manor_Motorsport

[20 rows x 5 columns]
[2024-06-11T11:21:32.403+0000] {taskinstance.py:441} INFO - ::group::Post task execution logs
[2024-06-11T11:21:32.428+0000] {taskinstance.py:1206} INFO - Marking task as SUCCESS. dag_id=f1_data_pipeline_taskflow, task_id=constructorDim_transform, run_id=scheduled__2024-06-10T00:00:00+00:00, execution_date=20240610T000000, start_date=20240611T112129, end_date=20240611T112132
[2024-06-11T11:21:32.527+0000] {local_task_job_runner.py:240} INFO - Task exited with return code 0
[2024-06-11T11:21:32.593+0000] {taskinstance.py:3498} INFO - 1 downstream tasks scheduled from follow-on schedule check
[2024-06-11T11:21:32.597+0000] {local_task_job_runner.py:222} INFO - ::endgroup::
[2024-06-11T14:24:29.193+0000] {local_task_job_runner.py:120} INFO - ::group::Pre task execution logs
[2024-06-11T14:24:29.213+0000] {taskinstance.py:2076} INFO - Dependencies all met for dep_context=non-requeueable deps ti=<TaskInstance: f1_data_pipeline_taskflow.constructorDim_transform scheduled__2024-06-10T00:00:00+00:00 [queued]>
[2024-06-11T14:24:29.220+0000] {taskinstance.py:2076} INFO - Dependencies all met for dep_context=requeueable deps ti=<TaskInstance: f1_data_pipeline_taskflow.constructorDim_transform scheduled__2024-06-10T00:00:00+00:00 [queued]>
[2024-06-11T14:24:29.221+0000] {taskinstance.py:2306} INFO - Starting attempt 1 of 1
[2024-06-11T14:24:29.233+0000] {taskinstance.py:2330} INFO - Executing <Task(_PythonDecoratedOperator): constructorDim_transform> on 2024-06-10 00:00:00+00:00
[2024-06-11T14:24:29.239+0000] {warnings.py:110} WARNING - /home/***/.local/lib/python3.12/site-packages/***/task/task_runner/standard_task_runner.py:61: DeprecationWarning: This process (pid=300) is multi-threaded, use of fork() may lead to deadlocks in the child.
  pid = os.fork()

[2024-06-11T14:24:29.240+0000] {standard_task_runner.py:63} INFO - Started process 323 to run task
[2024-06-11T14:24:29.241+0000] {standard_task_runner.py:90} INFO - Running: ['***', 'tasks', 'run', 'f1_data_pipeline_taskflow', 'constructorDim_transform', 'scheduled__2024-06-10T00:00:00+00:00', '--job-id', '14', '--raw', '--subdir', 'DAGS_FOLDER/etl_dag.py', '--cfg-path', '/tmp/tmpiabw4c40']
[2024-06-11T14:24:29.243+0000] {standard_task_runner.py:91} INFO - Job 14: Subtask constructorDim_transform
[2024-06-11T14:24:29.286+0000] {task_command.py:426} INFO - Running <TaskInstance: f1_data_pipeline_taskflow.constructorDim_transform scheduled__2024-06-10T00:00:00+00:00 [running]> on host f99ae21f53ae
[2024-06-11T14:24:31.660+0000] {taskinstance.py:2648} INFO - Exporting env vars: AIRFLOW_CTX_DAG_OWNER='***' AIRFLOW_CTX_DAG_ID='f1_data_pipeline_taskflow' AIRFLOW_CTX_TASK_ID='constructorDim_transform' AIRFLOW_CTX_EXECUTION_DATE='2024-06-10T00:00:00+00:00' AIRFLOW_CTX_TRY_NUMBER='1' AIRFLOW_CTX_DAG_RUN_ID='scheduled__2024-06-10T00:00:00+00:00'
[2024-06-11T14:24:31.665+0000] {taskinstance.py:430} INFO - ::endgroup::
[2024-06-11T14:24:31.790+0000] {python.py:237} INFO - Done. Returned value was:         constructorId  ...                                   url_constructors
0                   1  ...               http://en.wikipedia.org/wiki/McLaren
28696               9  ...       http://en.wikipedia.org/wiki/Red_Bull_Racing
73996               6  ...      http://en.wikipedia.org/wiki/Scuderia_Ferrari
118525            117  ...  http://en.wikipedia.org/wiki/Aston_Martin_in_F...
125663            131  ...  http://en.wikipedia.org/wiki/Mercedes-Benz_in_...
173941            214  ...        http://en.wikipedia.org/wiki/Alpine_F1_Team
181307             15  ...                http://en.wikipedia.org/wiki/Sauber
191700            207  ...           http://en.wikipedia.org/wiki/Caterham_F1
193332            208  ...              http://en.wikipedia.org/wiki/Lotus_F1
203641             51  ...  http://en.wikipedia.org/wiki/Alfa_Romeo_in_For...
211897             10  ...  http://en.wikipedia.org/wiki/Racing_Point_Forc...
229622            211  ...  http://en.wikipedia.org/wiki/Racing_Point_F1_Team
233527              5  ...   http://en.wikipedia.org/wiki/Scuderia_Toro_Rosso
248454              4  ...  http://en.wikipedia.org/wiki/Renault_in_Formul...
255351            213  ...   http://en.wikipedia.org/wiki/Scuderia_AlphaTauri
263628              3  ...  http://en.wikipedia.org/wiki/Williams_Grand_Pr...
286300            206  ...           http://en.wikipedia.org/wiki/Marussia_F1
287718            210  ...          http://en.wikipedia.org/wiki/Haas_F1_Team
297680            164  ...       http://en.wikipedia.org/wiki/Hispania_Racing
297735            209  ...      http://en.wikipedia.org/wiki/Manor_Motorsport

[20 rows x 5 columns]
[2024-06-11T14:24:31.803+0000] {taskinstance.py:441} INFO - ::group::Post task execution logs
[2024-06-11T14:24:31.835+0000] {taskinstance.py:1206} INFO - Marking task as SUCCESS. dag_id=f1_data_pipeline_taskflow, task_id=constructorDim_transform, run_id=scheduled__2024-06-10T00:00:00+00:00, execution_date=20240610T000000, start_date=20240611T142429, end_date=20240611T142431
[2024-06-11T14:24:31.926+0000] {local_task_job_runner.py:240} INFO - Task exited with return code 0
[2024-06-11T14:24:31.947+0000] {taskinstance.py:3498} INFO - 1 downstream tasks scheduled from follow-on schedule check
[2024-06-11T14:24:31.948+0000] {local_task_job_runner.py:222} INFO - ::endgroup::
