[2024-06-04T12:39:15.014+0000] {local_task_job_runner.py:120} INFO - ::group::Pre task execution logs
[2024-06-04T12:39:15.032+0000] {taskinstance.py:2076} INFO - Dependencies all met for dep_context=non-requeueable deps ti=<TaskInstance: f1_data_pipeline_taskflow.lapsDim_transform manual__2024-06-04T12:38:42.333571+00:00 [queued]>
[2024-06-04T12:39:15.040+0000] {taskinstance.py:2076} INFO - Dependencies all met for dep_context=requeueable deps ti=<TaskInstance: f1_data_pipeline_taskflow.lapsDim_transform manual__2024-06-04T12:38:42.333571+00:00 [queued]>
[2024-06-04T12:39:15.040+0000] {taskinstance.py:2306} INFO - Starting attempt 1 of 1
[2024-06-04T12:39:15.051+0000] {taskinstance.py:2330} INFO - Executing <Task(_PythonDecoratedOperator): lapsDim_transform> on 2024-06-04 12:38:42.333571+00:00
[2024-06-04T12:39:15.058+0000] {warnings.py:110} WARNING - /home/***/.local/lib/python3.12/site-packages/***/task/task_runner/standard_task_runner.py:61: DeprecationWarning: This process (pid=705) is multi-threaded, use of fork() may lead to deadlocks in the child.
  pid = os.fork()

[2024-06-04T12:39:15.059+0000] {standard_task_runner.py:63} INFO - Started process 722 to run task
[2024-06-04T12:39:15.059+0000] {standard_task_runner.py:90} INFO - Running: ['***', 'tasks', 'run', 'f1_data_pipeline_taskflow', 'lapsDim_transform', 'manual__2024-06-04T12:38:42.333571+00:00', '--job-id', '31', '--raw', '--subdir', 'DAGS_FOLDER/etl_dag.py', '--cfg-path', '/tmp/tmp8u2lio9q']
[2024-06-04T12:39:15.060+0000] {standard_task_runner.py:91} INFO - Job 31: Subtask lapsDim_transform
[2024-06-04T12:39:15.106+0000] {task_command.py:426} INFO - Running <TaskInstance: f1_data_pipeline_taskflow.lapsDim_transform manual__2024-06-04T12:38:42.333571+00:00 [running]> on host 7aeb235ee08d
[2024-06-04T12:39:16.224+0000] {taskinstance.py:2648} INFO - Exporting env vars: AIRFLOW_CTX_DAG_OWNER='***' AIRFLOW_CTX_DAG_ID='f1_data_pipeline_taskflow' AIRFLOW_CTX_TASK_ID='lapsDim_transform' AIRFLOW_CTX_EXECUTION_DATE='2024-06-04T12:38:42.333571+00:00' AIRFLOW_CTX_TRY_NUMBER='1' AIRFLOW_CTX_DAG_RUN_ID='manual__2024-06-04T12:38:42.333571+00:00'
[2024-06-04T12:39:16.225+0000] {taskinstance.py:430} INFO - ::endgroup::
[2024-06-04T12:39:16.373+0000] {python.py:237} INFO - Done. Returned value was:         raceId  driverId  ...         milliseconds_laptimes position_laptimes
0          860        18  ... 1970-01-01 00:00:00.000099264                 1
2          860        18  ... 1970-01-01 00:00:00.000093414                 1
4          860        18  ... 1970-01-01 00:00:00.000093350                 1
6          860        18  ... 1970-01-01 00:00:00.000093131                 1
8          860        18  ... 1970-01-01 00:00:00.000092984                 1
...        ...       ...  ...                           ...               ...
518402     953       837  ... 1970-01-01 00:00:00.000079868                15
518405     953       837  ... 1970-01-01 00:00:00.000082086                15
518408     953       837  ... 1970-01-01 00:00:00.000088272                15
518411     953       837  ... 1970-01-01 00:00:00.000086970                15
518414     953       837  ... 1970-01-01 00:00:00.000084657                15

[256836 rows x 6 columns]
[2024-06-04T12:39:16.386+0000] {taskinstance.py:441} INFO - ::group::Post task execution logs
[2024-06-04T12:39:16.776+0000] {taskinstance.py:1206} INFO - Marking task as SUCCESS. dag_id=f1_data_pipeline_taskflow, task_id=lapsDim_transform, run_id=manual__2024-06-04T12:38:42.333571+00:00, execution_date=20240604T123842, start_date=20240604T123915, end_date=20240604T123916
[2024-06-04T12:39:16.801+0000] {local_task_job_runner.py:240} INFO - Task exited with return code 0
[2024-06-04T12:39:16.823+0000] {taskinstance.py:3498} INFO - 0 downstream tasks scheduled from follow-on schedule check
[2024-06-04T12:39:16.824+0000] {local_task_job_runner.py:222} INFO - ::endgroup::
