[2024-05-31T09:19:38.450+0000] {local_task_job_runner.py:120} INFO - ::group::Pre task execution logs
[2024-05-31T09:19:38.465+0000] {taskinstance.py:2076} INFO - Dependencies all met for dep_context=non-requeueable deps ti=<TaskInstance: f1_data_pipeline_taskflow.extract_data manual__2024-05-31T09:19:37.783390+00:00 [queued]>
[2024-05-31T09:19:38.470+0000] {taskinstance.py:2076} INFO - Dependencies all met for dep_context=requeueable deps ti=<TaskInstance: f1_data_pipeline_taskflow.extract_data manual__2024-05-31T09:19:37.783390+00:00 [queued]>
[2024-05-31T09:19:38.470+0000] {taskinstance.py:2306} INFO - Starting attempt 1 of 1
[2024-05-31T09:19:38.477+0000] {taskinstance.py:2330} INFO - Executing <Task(_PythonDecoratedOperator): extract_data> on 2024-05-31 09:19:37.783390+00:00
[2024-05-31T09:19:38.481+0000] {warnings.py:110} WARNING - /home/***/.local/lib/python3.12/site-packages/***/task/task_runner/standard_task_runner.py:61: DeprecationWarning: This process (pid=333) is multi-threaded, use of fork() may lead to deadlocks in the child.
  pid = os.fork()

[2024-05-31T09:19:38.482+0000] {standard_task_runner.py:63} INFO - Started process 335 to run task
[2024-05-31T09:19:38.482+0000] {standard_task_runner.py:90} INFO - Running: ['***', 'tasks', 'run', 'f1_data_pipeline_taskflow', 'extract_data', 'manual__2024-05-31T09:19:37.783390+00:00', '--job-id', '11', '--raw', '--subdir', 'DAGS_FOLDER/etl_dag.py', '--cfg-path', '/tmp/tmpd_ku660v']
[2024-05-31T09:19:38.483+0000] {standard_task_runner.py:91} INFO - Job 11: Subtask extract_data
[2024-05-31T09:19:38.511+0000] {task_command.py:426} INFO - Running <TaskInstance: f1_data_pipeline_taskflow.extract_data manual__2024-05-31T09:19:37.783390+00:00 [running]> on host b277d7b6eaf3
[2024-05-31T09:19:38.562+0000] {taskinstance.py:2648} INFO - Exporting env vars: AIRFLOW_CTX_DAG_OWNER='***' AIRFLOW_CTX_DAG_ID='f1_data_pipeline_taskflow' AIRFLOW_CTX_TASK_ID='extract_data' AIRFLOW_CTX_EXECUTION_DATE='2024-05-31T09:19:37.783390+00:00' AIRFLOW_CTX_TRY_NUMBER='1' AIRFLOW_CTX_DAG_RUN_ID='manual__2024-05-31T09:19:37.783390+00:00'
[2024-05-31T09:19:38.563+0000] {taskinstance.py:430} INFO - ::endgroup::
[2024-05-31T09:19:41.088+0000] {warnings.py:110} WARNING - /opt/***/dags/etl_dag.py:27: DtypeWarning: Columns (7,8,13,14,17,42,45,63) have mixed types. Specify dtype option on import or set low_memory=False.
  df = pd.read_csv(csv_path)

[2024-05-31T09:20:06.176+0000] {python.py:237} INFO - Done. Returned value was:         Unnamed: 0  resultId  ...  wins_constructorstandings    status
0                0     21232  ...                          1  Finished
1                1     21232  ...                          1  Finished
2                2     21232  ...                          1  Finished
3                3     21232  ...                          1  Finished
4                4     21232  ...                          1  Finished
...            ...       ...  ...                        ...       ...
518412      518412     23041  ...                          0   +4 Laps
518413      518413     23041  ...                          0   +4 Laps
518414      518414     23041  ...                          0   +4 Laps
518415      518415     23041  ...                          0   +4 Laps
518416      518416     23041  ...                          0   +4 Laps

[518417 rows x 72 columns]
[2024-05-31T09:20:06.228+0000] {taskinstance.py:441} INFO - ::group::Post task execution logs
[2024-05-31T09:20:07.658+0000] {taskinstance.py:1206} INFO - Marking task as SUCCESS. dag_id=f1_data_pipeline_taskflow, task_id=extract_data, run_id=manual__2024-05-31T09:19:37.783390+00:00, execution_date=20240531T091937, start_date=20240531T091938, end_date=20240531T092007
[2024-05-31T09:20:07.707+0000] {local_task_job_runner.py:240} INFO - Task exited with return code 0
[2024-05-31T09:20:07.723+0000] {taskinstance.py:3498} INFO - 2 downstream tasks scheduled from follow-on schedule check
[2024-05-31T09:20:07.724+0000] {local_task_job_runner.py:222} INFO - ::endgroup::
