[2024-06-05T07:10:03.290+0000] {local_task_job_runner.py:120} INFO - ::group::Pre task execution logs
[2024-06-05T07:10:03.311+0000] {taskinstance.py:2076} INFO - Dependencies all met for dep_context=non-requeueable deps ti=<TaskInstance: f1_data_pipeline_taskflow.load_driver_task scheduled__2024-06-04T00:00:00+00:00 [queued]>
[2024-06-05T07:10:03.317+0000] {taskinstance.py:2076} INFO - Dependencies all met for dep_context=requeueable deps ti=<TaskInstance: f1_data_pipeline_taskflow.load_driver_task scheduled__2024-06-04T00:00:00+00:00 [queued]>
[2024-06-05T07:10:03.318+0000] {taskinstance.py:2306} INFO - Starting attempt 1 of 1
[2024-06-05T07:10:03.327+0000] {taskinstance.py:2330} INFO - Executing <Task(_PythonDecoratedOperator): load_driver_task> on 2024-06-04 00:00:00+00:00
[2024-06-05T07:10:03.334+0000] {warnings.py:110} WARNING - /home/***/.local/lib/python3.12/site-packages/***/task/task_runner/standard_task_runner.py:61: DeprecationWarning: This process (pid=382) is multi-threaded, use of fork() may lead to deadlocks in the child.
  pid = os.fork()

[2024-06-05T07:10:03.335+0000] {standard_task_runner.py:63} INFO - Started process 391 to run task
[2024-06-05T07:10:03.335+0000] {standard_task_runner.py:90} INFO - Running: ['***', 'tasks', 'run', 'f1_data_pipeline_taskflow', 'load_driver_task', 'scheduled__2024-06-04T00:00:00+00:00', '--job-id', '13', '--raw', '--subdir', 'DAGS_FOLDER/etl_dag.py', '--cfg-path', '/tmp/tmpjtwivg96']
[2024-06-05T07:10:03.336+0000] {standard_task_runner.py:91} INFO - Job 13: Subtask load_driver_task
[2024-06-05T07:10:03.374+0000] {task_command.py:426} INFO - Running <TaskInstance: f1_data_pipeline_taskflow.load_driver_task scheduled__2024-06-04T00:00:00+00:00 [running]> on host add871a599c8
[2024-06-05T07:10:03.498+0000] {taskinstance.py:2648} INFO - Exporting env vars: AIRFLOW_CTX_DAG_OWNER='***' AIRFLOW_CTX_DAG_ID='f1_data_pipeline_taskflow' AIRFLOW_CTX_TASK_ID='load_driver_task' AIRFLOW_CTX_EXECUTION_DATE='2024-06-04T00:00:00+00:00' AIRFLOW_CTX_TRY_NUMBER='1' AIRFLOW_CTX_DAG_RUN_ID='scheduled__2024-06-04T00:00:00+00:00'
[2024-06-05T07:10:03.499+0000] {taskinstance.py:430} INFO - ::endgroup::
[2024-06-05T07:10:03.500+0000] {crypto.py:82} WARNING - empty cryptography key - values will not be stored encrypted.
[2024-06-05T07:10:03.500+0000] {base.py:84} INFO - Using connection ID 'sourcedb_connection' for task execution.
[2024-06-05T07:10:03.530+0000] {python.py:237} INFO - Done. Returned value was: None
[2024-06-05T07:10:03.531+0000] {taskinstance.py:441} INFO - ::group::Post task execution logs
[2024-06-05T07:10:03.538+0000] {taskinstance.py:1206} INFO - Marking task as SUCCESS. dag_id=f1_data_pipeline_taskflow, task_id=load_driver_task, run_id=scheduled__2024-06-04T00:00:00+00:00, execution_date=20240604T000000, start_date=20240605T071003, end_date=20240605T071003
[2024-06-05T07:10:03.588+0000] {local_task_job_runner.py:240} INFO - Task exited with return code 0
[2024-06-05T07:10:03.601+0000] {taskinstance.py:3498} INFO - 0 downstream tasks scheduled from follow-on schedule check
[2024-06-05T07:10:03.602+0000] {local_task_job_runner.py:222} INFO - ::endgroup::
[2024-06-05T09:14:57.229+0000] {local_task_job_runner.py:120} INFO - ::group::Pre task execution logs
[2024-06-05T09:14:57.249+0000] {taskinstance.py:2076} INFO - Dependencies all met for dep_context=non-requeueable deps ti=<TaskInstance: f1_data_pipeline_taskflow.load_driver_task scheduled__2024-06-04T00:00:00+00:00 [queued]>
[2024-06-05T09:14:57.255+0000] {taskinstance.py:2076} INFO - Dependencies all met for dep_context=requeueable deps ti=<TaskInstance: f1_data_pipeline_taskflow.load_driver_task scheduled__2024-06-04T00:00:00+00:00 [queued]>
[2024-06-05T09:14:57.256+0000] {taskinstance.py:2306} INFO - Starting attempt 1 of 1
[2024-06-05T09:14:57.265+0000] {taskinstance.py:2330} INFO - Executing <Task(_PythonDecoratedOperator): load_driver_task> on 2024-06-04 00:00:00+00:00
[2024-06-05T09:14:57.272+0000] {warnings.py:110} WARNING - /home/***/.local/lib/python3.12/site-packages/***/task/task_runner/standard_task_runner.py:61: DeprecationWarning: This process (pid=319) is multi-threaded, use of fork() may lead to deadlocks in the child.
  pid = os.fork()

[2024-06-05T09:14:57.274+0000] {standard_task_runner.py:63} INFO - Started process 330 to run task
[2024-06-05T09:14:57.274+0000] {standard_task_runner.py:90} INFO - Running: ['***', 'tasks', 'run', 'f1_data_pipeline_taskflow', 'load_driver_task', 'scheduled__2024-06-04T00:00:00+00:00', '--job-id', '17', '--raw', '--subdir', 'DAGS_FOLDER/etl_dag.py', '--cfg-path', '/tmp/tmphzxtiltf']
[2024-06-05T09:14:57.276+0000] {standard_task_runner.py:91} INFO - Job 17: Subtask load_driver_task
[2024-06-05T09:14:57.316+0000] {task_command.py:426} INFO - Running <TaskInstance: f1_data_pipeline_taskflow.load_driver_task scheduled__2024-06-04T00:00:00+00:00 [running]> on host b40b31c0938c
[2024-06-05T09:14:57.458+0000] {taskinstance.py:2648} INFO - Exporting env vars: AIRFLOW_CTX_DAG_OWNER='***' AIRFLOW_CTX_DAG_ID='f1_data_pipeline_taskflow' AIRFLOW_CTX_TASK_ID='load_driver_task' AIRFLOW_CTX_EXECUTION_DATE='2024-06-04T00:00:00+00:00' AIRFLOW_CTX_TRY_NUMBER='1' AIRFLOW_CTX_DAG_RUN_ID='scheduled__2024-06-04T00:00:00+00:00'
[2024-06-05T09:14:57.459+0000] {taskinstance.py:430} INFO - ::endgroup::
[2024-06-05T09:14:57.460+0000] {crypto.py:82} WARNING - empty cryptography key - values will not be stored encrypted.
[2024-06-05T09:14:57.461+0000] {base.py:84} INFO - Using connection ID 'sourcedb_connection' for task execution.
[2024-06-05T09:14:57.483+0000] {python.py:237} INFO - Done. Returned value was: None
[2024-06-05T09:14:57.483+0000] {taskinstance.py:441} INFO - ::group::Post task execution logs
[2024-06-05T09:14:57.498+0000] {taskinstance.py:1206} INFO - Marking task as SUCCESS. dag_id=f1_data_pipeline_taskflow, task_id=load_driver_task, run_id=scheduled__2024-06-04T00:00:00+00:00, execution_date=20240604T000000, start_date=20240605T091457, end_date=20240605T091457
[2024-06-05T09:14:57.568+0000] {local_task_job_runner.py:240} INFO - Task exited with return code 0
[2024-06-05T09:14:57.596+0000] {taskinstance.py:3498} INFO - 1 downstream tasks scheduled from follow-on schedule check
[2024-06-05T09:14:57.598+0000] {local_task_job_runner.py:222} INFO - ::endgroup::
[2024-06-05T09:57:26.125+0000] {local_task_job_runner.py:120} INFO - ::group::Pre task execution logs
[2024-06-05T09:57:26.144+0000] {taskinstance.py:2076} INFO - Dependencies all met for dep_context=non-requeueable deps ti=<TaskInstance: f1_data_pipeline_taskflow.load_driver_task scheduled__2024-06-04T00:00:00+00:00 [queued]>
[2024-06-05T09:57:26.150+0000] {taskinstance.py:2076} INFO - Dependencies all met for dep_context=requeueable deps ti=<TaskInstance: f1_data_pipeline_taskflow.load_driver_task scheduled__2024-06-04T00:00:00+00:00 [queued]>
[2024-06-05T09:57:26.151+0000] {taskinstance.py:2306} INFO - Starting attempt 1 of 1
[2024-06-05T09:57:26.162+0000] {taskinstance.py:2330} INFO - Executing <Task(_PythonDecoratedOperator): load_driver_task> on 2024-06-04 00:00:00+00:00
[2024-06-05T09:57:26.169+0000] {warnings.py:110} WARNING - /home/***/.local/lib/python3.12/site-packages/***/task/task_runner/standard_task_runner.py:61: DeprecationWarning: This process (pid=328) is multi-threaded, use of fork() may lead to deadlocks in the child.
  pid = os.fork()

[2024-06-05T09:57:26.171+0000] {standard_task_runner.py:63} INFO - Started process 369 to run task
[2024-06-05T09:57:26.170+0000] {standard_task_runner.py:90} INFO - Running: ['***', 'tasks', 'run', 'f1_data_pipeline_taskflow', 'load_driver_task', 'scheduled__2024-06-04T00:00:00+00:00', '--job-id', '16', '--raw', '--subdir', 'DAGS_FOLDER/etl_dag.py', '--cfg-path', '/tmp/tmpi6x797j9']
[2024-06-05T09:57:26.172+0000] {standard_task_runner.py:91} INFO - Job 16: Subtask load_driver_task
[2024-06-05T09:57:26.209+0000] {task_command.py:426} INFO - Running <TaskInstance: f1_data_pipeline_taskflow.load_driver_task scheduled__2024-06-04T00:00:00+00:00 [running]> on host 4404d6f11afd
[2024-06-05T09:57:26.322+0000] {taskinstance.py:2648} INFO - Exporting env vars: AIRFLOW_CTX_DAG_OWNER='***' AIRFLOW_CTX_DAG_ID='f1_data_pipeline_taskflow' AIRFLOW_CTX_TASK_ID='load_driver_task' AIRFLOW_CTX_EXECUTION_DATE='2024-06-04T00:00:00+00:00' AIRFLOW_CTX_TRY_NUMBER='1' AIRFLOW_CTX_DAG_RUN_ID='scheduled__2024-06-04T00:00:00+00:00'
[2024-06-05T09:57:26.323+0000] {taskinstance.py:430} INFO - ::endgroup::
[2024-06-05T09:57:26.324+0000] {crypto.py:82} WARNING - empty cryptography key - values will not be stored encrypted.
[2024-06-05T09:57:26.324+0000] {base.py:84} INFO - Using connection ID 'sourcedb_connection' for task execution.
[2024-06-05T09:57:26.340+0000] {python.py:237} INFO - Done. Returned value was: None
[2024-06-05T09:57:26.341+0000] {taskinstance.py:441} INFO - ::group::Post task execution logs
[2024-06-05T09:57:26.348+0000] {taskinstance.py:1206} INFO - Marking task as SUCCESS. dag_id=f1_data_pipeline_taskflow, task_id=load_driver_task, run_id=scheduled__2024-06-04T00:00:00+00:00, execution_date=20240604T000000, start_date=20240605T095726, end_date=20240605T095726
[2024-06-05T09:57:26.384+0000] {local_task_job_runner.py:240} INFO - Task exited with return code 0
[2024-06-05T09:57:26.400+0000] {taskinstance.py:3498} INFO - 1 downstream tasks scheduled from follow-on schedule check
[2024-06-05T09:57:26.402+0000] {local_task_job_runner.py:222} INFO - ::endgroup::
[2024-06-05T10:05:51.702+0000] {local_task_job_runner.py:120} INFO - ::group::Pre task execution logs
[2024-06-05T10:05:51.718+0000] {taskinstance.py:2076} INFO - Dependencies all met for dep_context=non-requeueable deps ti=<TaskInstance: f1_data_pipeline_taskflow.load_driver_task scheduled__2024-06-04T00:00:00+00:00 [queued]>
[2024-06-05T10:05:51.724+0000] {taskinstance.py:2076} INFO - Dependencies all met for dep_context=requeueable deps ti=<TaskInstance: f1_data_pipeline_taskflow.load_driver_task scheduled__2024-06-04T00:00:00+00:00 [queued]>
[2024-06-05T10:05:51.725+0000] {taskinstance.py:2306} INFO - Starting attempt 1 of 1
[2024-06-05T10:05:51.736+0000] {taskinstance.py:2330} INFO - Executing <Task(_PythonDecoratedOperator): load_driver_task> on 2024-06-04 00:00:00+00:00
[2024-06-05T10:05:51.742+0000] {warnings.py:110} WARNING - /home/***/.local/lib/python3.12/site-packages/***/task/task_runner/standard_task_runner.py:61: DeprecationWarning: This process (pid=380) is multi-threaded, use of fork() may lead to deadlocks in the child.
  pid = os.fork()

[2024-06-05T10:05:51.744+0000] {standard_task_runner.py:63} INFO - Started process 411 to run task
[2024-06-05T10:05:51.744+0000] {standard_task_runner.py:90} INFO - Running: ['***', 'tasks', 'run', 'f1_data_pipeline_taskflow', 'load_driver_task', 'scheduled__2024-06-04T00:00:00+00:00', '--job-id', '18', '--raw', '--subdir', 'DAGS_FOLDER/etl_dag.py', '--cfg-path', '/tmp/tmpvjwjzm0o']
[2024-06-05T10:05:51.746+0000] {standard_task_runner.py:91} INFO - Job 18: Subtask load_driver_task
[2024-06-05T10:05:51.782+0000] {task_command.py:426} INFO - Running <TaskInstance: f1_data_pipeline_taskflow.load_driver_task scheduled__2024-06-04T00:00:00+00:00 [running]> on host c82c00099500
[2024-06-05T10:05:51.903+0000] {taskinstance.py:2648} INFO - Exporting env vars: AIRFLOW_CTX_DAG_OWNER='***' AIRFLOW_CTX_DAG_ID='f1_data_pipeline_taskflow' AIRFLOW_CTX_TASK_ID='load_driver_task' AIRFLOW_CTX_EXECUTION_DATE='2024-06-04T00:00:00+00:00' AIRFLOW_CTX_TRY_NUMBER='1' AIRFLOW_CTX_DAG_RUN_ID='scheduled__2024-06-04T00:00:00+00:00'
[2024-06-05T10:05:51.904+0000] {taskinstance.py:430} INFO - ::endgroup::
[2024-06-05T10:05:51.905+0000] {crypto.py:82} WARNING - empty cryptography key - values will not be stored encrypted.
[2024-06-05T10:05:51.905+0000] {base.py:84} INFO - Using connection ID 'sourcedb_connection' for task execution.
[2024-06-05T10:05:51.923+0000] {python.py:237} INFO - Done. Returned value was: None
[2024-06-05T10:05:51.924+0000] {taskinstance.py:441} INFO - ::group::Post task execution logs
[2024-06-05T10:05:51.931+0000] {taskinstance.py:1206} INFO - Marking task as SUCCESS. dag_id=f1_data_pipeline_taskflow, task_id=load_driver_task, run_id=scheduled__2024-06-04T00:00:00+00:00, execution_date=20240604T000000, start_date=20240605T100551, end_date=20240605T100551
[2024-06-05T10:05:51.957+0000] {local_task_job_runner.py:240} INFO - Task exited with return code 0
[2024-06-05T10:05:51.965+0000] {local_task_job_runner.py:222} INFO - ::endgroup::
[2024-06-05T10:27:25.722+0000] {local_task_job_runner.py:120} INFO - ::group::Pre task execution logs
[2024-06-05T10:27:26.555+0000] {taskinstance.py:2076} INFO - Dependencies all met for dep_context=non-requeueable deps ti=<TaskInstance: f1_data_pipeline_taskflow.load_driver_task scheduled__2024-06-04T00:00:00+00:00 [queued]>
[2024-06-05T10:27:26.561+0000] {taskinstance.py:2076} INFO - Dependencies all met for dep_context=requeueable deps ti=<TaskInstance: f1_data_pipeline_taskflow.load_driver_task scheduled__2024-06-04T00:00:00+00:00 [queued]>
[2024-06-05T10:27:26.561+0000] {taskinstance.py:2306} INFO - Starting attempt 1 of 1
[2024-06-05T10:27:26.569+0000] {taskinstance.py:2330} INFO - Executing <Task(_PythonDecoratedOperator): load_driver_task> on 2024-06-04 00:00:00+00:00
[2024-06-05T10:27:26.575+0000] {warnings.py:110} WARNING - /home/***/.local/lib/python3.12/site-packages/***/task/task_runner/standard_task_runner.py:61: DeprecationWarning: This process (pid=343) is multi-threaded, use of fork() may lead to deadlocks in the child.
  pid = os.fork()

[2024-06-05T10:27:26.576+0000] {standard_task_runner.py:63} INFO - Started process 400 to run task
[2024-06-05T10:27:26.576+0000] {standard_task_runner.py:90} INFO - Running: ['***', 'tasks', 'run', 'f1_data_pipeline_taskflow', 'load_driver_task', 'scheduled__2024-06-04T00:00:00+00:00', '--job-id', '14', '--raw', '--subdir', 'DAGS_FOLDER/etl_dag.py', '--cfg-path', '/tmp/tmp2eoncbkd']
[2024-06-05T10:27:26.578+0000] {standard_task_runner.py:91} INFO - Job 14: Subtask load_driver_task
[2024-06-05T10:27:26.611+0000] {task_command.py:426} INFO - Running <TaskInstance: f1_data_pipeline_taskflow.load_driver_task scheduled__2024-06-04T00:00:00+00:00 [running]> on host 6ad0dd8168be
[2024-06-05T10:27:26.718+0000] {taskinstance.py:2648} INFO - Exporting env vars: AIRFLOW_CTX_DAG_OWNER='***' AIRFLOW_CTX_DAG_ID='f1_data_pipeline_taskflow' AIRFLOW_CTX_TASK_ID='load_driver_task' AIRFLOW_CTX_EXECUTION_DATE='2024-06-04T00:00:00+00:00' AIRFLOW_CTX_TRY_NUMBER='1' AIRFLOW_CTX_DAG_RUN_ID='scheduled__2024-06-04T00:00:00+00:00'
[2024-06-05T10:27:26.719+0000] {taskinstance.py:430} INFO - ::endgroup::
[2024-06-05T10:27:26.720+0000] {crypto.py:82} WARNING - empty cryptography key - values will not be stored encrypted.
[2024-06-05T10:27:26.721+0000] {base.py:84} INFO - Using connection ID 'sourcedb_connection' for task execution.
[2024-06-05T10:27:26.736+0000] {python.py:237} INFO - Done. Returned value was: None
[2024-06-05T10:27:26.736+0000] {taskinstance.py:441} INFO - ::group::Post task execution logs
[2024-06-05T10:27:26.744+0000] {taskinstance.py:1206} INFO - Marking task as SUCCESS. dag_id=f1_data_pipeline_taskflow, task_id=load_driver_task, run_id=scheduled__2024-06-04T00:00:00+00:00, execution_date=20240604T000000, start_date=20240605T102726, end_date=20240605T102726
[2024-06-05T10:27:26.790+0000] {local_task_job_runner.py:240} INFO - Task exited with return code 0
[2024-06-05T10:27:26.803+0000] {taskinstance.py:3498} INFO - 1 downstream tasks scheduled from follow-on schedule check
[2024-06-05T10:27:26.805+0000] {local_task_job_runner.py:222} INFO - ::endgroup::
[2024-06-05T12:24:28.031+0000] {local_task_job_runner.py:120} INFO - ::group::Pre task execution logs
[2024-06-05T12:24:28.047+0000] {taskinstance.py:2076} INFO - Dependencies all met for dep_context=non-requeueable deps ti=<TaskInstance: f1_data_pipeline_taskflow.load_driver_task scheduled__2024-06-04T00:00:00+00:00 [queued]>
[2024-06-05T12:24:28.052+0000] {taskinstance.py:2076} INFO - Dependencies all met for dep_context=requeueable deps ti=<TaskInstance: f1_data_pipeline_taskflow.load_driver_task scheduled__2024-06-04T00:00:00+00:00 [queued]>
[2024-06-05T12:24:28.052+0000] {taskinstance.py:2306} INFO - Starting attempt 1 of 1
[2024-06-05T12:24:28.062+0000] {taskinstance.py:2330} INFO - Executing <Task(_PythonDecoratedOperator): load_driver_task> on 2024-06-04 00:00:00+00:00
[2024-06-05T12:24:28.067+0000] {warnings.py:110} WARNING - /home/***/.local/lib/python3.12/site-packages/***/task/task_runner/standard_task_runner.py:61: DeprecationWarning: This process (pid=405) is multi-threaded, use of fork() may lead to deadlocks in the child.
  pid = os.fork()

[2024-06-05T12:24:28.068+0000] {standard_task_runner.py:63} INFO - Started process 426 to run task
[2024-06-05T12:24:28.069+0000] {standard_task_runner.py:90} INFO - Running: ['***', 'tasks', 'run', 'f1_data_pipeline_taskflow', 'load_driver_task', 'scheduled__2024-06-04T00:00:00+00:00', '--job-id', '15', '--raw', '--subdir', 'DAGS_FOLDER/etl_dag.py', '--cfg-path', '/tmp/tmpojeixbyu']
[2024-06-05T12:24:28.070+0000] {standard_task_runner.py:91} INFO - Job 15: Subtask load_driver_task
[2024-06-05T12:24:28.105+0000] {task_command.py:426} INFO - Running <TaskInstance: f1_data_pipeline_taskflow.load_driver_task scheduled__2024-06-04T00:00:00+00:00 [running]> on host f5493de6508e
[2024-06-05T12:24:28.221+0000] {taskinstance.py:2648} INFO - Exporting env vars: AIRFLOW_CTX_DAG_OWNER='***' AIRFLOW_CTX_DAG_ID='f1_data_pipeline_taskflow' AIRFLOW_CTX_TASK_ID='load_driver_task' AIRFLOW_CTX_EXECUTION_DATE='2024-06-04T00:00:00+00:00' AIRFLOW_CTX_TRY_NUMBER='1' AIRFLOW_CTX_DAG_RUN_ID='scheduled__2024-06-04T00:00:00+00:00'
[2024-06-05T12:24:28.222+0000] {taskinstance.py:430} INFO - ::endgroup::
[2024-06-05T12:24:28.223+0000] {crypto.py:82} WARNING - empty cryptography key - values will not be stored encrypted.
[2024-06-05T12:24:28.224+0000] {base.py:84} INFO - Using connection ID 'sourcedb_connection' for task execution.
[2024-06-05T12:24:28.241+0000] {python.py:237} INFO - Done. Returned value was: None
[2024-06-05T12:24:28.241+0000] {taskinstance.py:441} INFO - ::group::Post task execution logs
[2024-06-05T12:24:28.252+0000] {taskinstance.py:1206} INFO - Marking task as SUCCESS. dag_id=f1_data_pipeline_taskflow, task_id=load_driver_task, run_id=scheduled__2024-06-04T00:00:00+00:00, execution_date=20240604T000000, start_date=20240605T122428, end_date=20240605T122428
[2024-06-05T12:24:28.282+0000] {local_task_job_runner.py:240} INFO - Task exited with return code 0
[2024-06-05T12:24:28.309+0000] {taskinstance.py:3498} INFO - 1 downstream tasks scheduled from follow-on schedule check
[2024-06-05T12:24:28.313+0000] {local_task_job_runner.py:222} INFO - ::endgroup::
[2024-06-05T13:55:36.730+0000] {local_task_job_runner.py:120} INFO - ::group::Pre task execution logs
[2024-06-05T13:55:36.747+0000] {taskinstance.py:2076} INFO - Dependencies all met for dep_context=non-requeueable deps ti=<TaskInstance: f1_data_pipeline_taskflow.load_driver_task scheduled__2024-06-04T00:00:00+00:00 [queued]>
[2024-06-05T13:55:36.754+0000] {taskinstance.py:2076} INFO - Dependencies all met for dep_context=requeueable deps ti=<TaskInstance: f1_data_pipeline_taskflow.load_driver_task scheduled__2024-06-04T00:00:00+00:00 [queued]>
[2024-06-05T13:55:36.754+0000] {taskinstance.py:2306} INFO - Starting attempt 1 of 1
[2024-06-05T13:55:36.764+0000] {taskinstance.py:2330} INFO - Executing <Task(_PythonDecoratedOperator): load_driver_task> on 2024-06-04 00:00:00+00:00
[2024-06-05T13:55:36.770+0000] {warnings.py:110} WARNING - /home/***/.local/lib/python3.12/site-packages/***/task/task_runner/standard_task_runner.py:61: DeprecationWarning: This process (pid=316) is multi-threaded, use of fork() may lead to deadlocks in the child.
  pid = os.fork()

[2024-06-05T13:55:36.771+0000] {standard_task_runner.py:63} INFO - Started process 326 to run task
[2024-06-05T13:55:36.772+0000] {standard_task_runner.py:90} INFO - Running: ['***', 'tasks', 'run', 'f1_data_pipeline_taskflow', 'load_driver_task', 'scheduled__2024-06-04T00:00:00+00:00', '--job-id', '15', '--raw', '--subdir', 'DAGS_FOLDER/etl_dag.py', '--cfg-path', '/tmp/tmpk7rgeijc']
[2024-06-05T13:55:36.773+0000] {standard_task_runner.py:91} INFO - Job 15: Subtask load_driver_task
[2024-06-05T13:55:36.810+0000] {task_command.py:426} INFO - Running <TaskInstance: f1_data_pipeline_taskflow.load_driver_task scheduled__2024-06-04T00:00:00+00:00 [running]> on host 097d29da6aa2
[2024-06-05T13:55:36.941+0000] {taskinstance.py:2648} INFO - Exporting env vars: AIRFLOW_CTX_DAG_OWNER='***' AIRFLOW_CTX_DAG_ID='f1_data_pipeline_taskflow' AIRFLOW_CTX_TASK_ID='load_driver_task' AIRFLOW_CTX_EXECUTION_DATE='2024-06-04T00:00:00+00:00' AIRFLOW_CTX_TRY_NUMBER='1' AIRFLOW_CTX_DAG_RUN_ID='scheduled__2024-06-04T00:00:00+00:00'
[2024-06-05T13:55:36.942+0000] {taskinstance.py:430} INFO - ::endgroup::
[2024-06-05T13:55:36.943+0000] {crypto.py:82} WARNING - empty cryptography key - values will not be stored encrypted.
[2024-06-05T13:55:36.944+0000] {base.py:84} INFO - Using connection ID 'sourcedb_connection' for task execution.
[2024-06-05T13:55:36.968+0000] {python.py:237} INFO - Done. Returned value was: None
[2024-06-05T13:55:36.969+0000] {taskinstance.py:441} INFO - ::group::Post task execution logs
[2024-06-05T13:55:36.976+0000] {taskinstance.py:1206} INFO - Marking task as SUCCESS. dag_id=f1_data_pipeline_taskflow, task_id=load_driver_task, run_id=scheduled__2024-06-04T00:00:00+00:00, execution_date=20240604T000000, start_date=20240605T135536, end_date=20240605T135536
[2024-06-05T13:55:37.025+0000] {local_task_job_runner.py:240} INFO - Task exited with return code 0
[2024-06-05T13:55:37.041+0000] {local_task_job_runner.py:222} INFO - ::endgroup::
[2024-06-05T14:24:47.339+0000] {local_task_job_runner.py:120} INFO - ::group::Pre task execution logs
[2024-06-05T14:24:47.361+0000] {taskinstance.py:2076} INFO - Dependencies all met for dep_context=non-requeueable deps ti=<TaskInstance: f1_data_pipeline_taskflow.load_driver_task scheduled__2024-06-04T00:00:00+00:00 [queued]>
[2024-06-05T14:24:47.368+0000] {taskinstance.py:2076} INFO - Dependencies all met for dep_context=requeueable deps ti=<TaskInstance: f1_data_pipeline_taskflow.load_driver_task scheduled__2024-06-04T00:00:00+00:00 [queued]>
[2024-06-05T14:24:47.368+0000] {taskinstance.py:2306} INFO - Starting attempt 1 of 1
[2024-06-05T14:24:47.377+0000] {taskinstance.py:2330} INFO - Executing <Task(_PythonDecoratedOperator): load_driver_task> on 2024-06-04 00:00:00+00:00
[2024-06-05T14:24:47.385+0000] {warnings.py:110} WARNING - /home/***/.local/lib/python3.12/site-packages/***/task/task_runner/standard_task_runner.py:61: DeprecationWarning: This process (pid=320) is multi-threaded, use of fork() may lead to deadlocks in the child.
  pid = os.fork()

[2024-06-05T14:24:47.386+0000] {standard_task_runner.py:63} INFO - Started process 326 to run task
[2024-06-05T14:24:47.386+0000] {standard_task_runner.py:90} INFO - Running: ['***', 'tasks', 'run', 'f1_data_pipeline_taskflow', 'load_driver_task', 'scheduled__2024-06-04T00:00:00+00:00', '--job-id', '16', '--raw', '--subdir', 'DAGS_FOLDER/etl_dag.py', '--cfg-path', '/tmp/tmpm6xvuwb2']
[2024-06-05T14:24:47.387+0000] {standard_task_runner.py:91} INFO - Job 16: Subtask load_driver_task
[2024-06-05T14:24:47.432+0000] {task_command.py:426} INFO - Running <TaskInstance: f1_data_pipeline_taskflow.load_driver_task scheduled__2024-06-04T00:00:00+00:00 [running]> on host 3da1f8dc12f1
[2024-06-05T14:24:47.585+0000] {taskinstance.py:2648} INFO - Exporting env vars: AIRFLOW_CTX_DAG_OWNER='***' AIRFLOW_CTX_DAG_ID='f1_data_pipeline_taskflow' AIRFLOW_CTX_TASK_ID='load_driver_task' AIRFLOW_CTX_EXECUTION_DATE='2024-06-04T00:00:00+00:00' AIRFLOW_CTX_TRY_NUMBER='1' AIRFLOW_CTX_DAG_RUN_ID='scheduled__2024-06-04T00:00:00+00:00'
[2024-06-05T14:24:47.586+0000] {taskinstance.py:430} INFO - ::endgroup::
[2024-06-05T14:24:47.587+0000] {crypto.py:82} WARNING - empty cryptography key - values will not be stored encrypted.
[2024-06-05T14:24:47.587+0000] {base.py:84} INFO - Using connection ID 'sourcedb_connection' for task execution.
[2024-06-05T14:24:47.625+0000] {python.py:237} INFO - Done. Returned value was: None
[2024-06-05T14:24:47.627+0000] {taskinstance.py:441} INFO - ::group::Post task execution logs
[2024-06-05T14:24:47.636+0000] {taskinstance.py:1206} INFO - Marking task as SUCCESS. dag_id=f1_data_pipeline_taskflow, task_id=load_driver_task, run_id=scheduled__2024-06-04T00:00:00+00:00, execution_date=20240604T000000, start_date=20240605T142447, end_date=20240605T142447
[2024-06-05T14:24:47.681+0000] {local_task_job_runner.py:240} INFO - Task exited with return code 0
[2024-06-05T14:24:47.702+0000] {local_task_job_runner.py:222} INFO - ::endgroup::
[2024-06-05T14:27:47.249+0000] {local_task_job_runner.py:120} INFO - ::group::Pre task execution logs
[2024-06-05T14:27:47.271+0000] {taskinstance.py:2076} INFO - Dependencies all met for dep_context=non-requeueable deps ti=<TaskInstance: f1_data_pipeline_taskflow.load_driver_task scheduled__2024-06-04T00:00:00+00:00 [queued]>
[2024-06-05T14:27:47.278+0000] {taskinstance.py:2076} INFO - Dependencies all met for dep_context=requeueable deps ti=<TaskInstance: f1_data_pipeline_taskflow.load_driver_task scheduled__2024-06-04T00:00:00+00:00 [queued]>
[2024-06-05T14:27:47.278+0000] {taskinstance.py:2306} INFO - Starting attempt 1 of 1
[2024-06-05T14:27:47.287+0000] {taskinstance.py:2330} INFO - Executing <Task(_PythonDecoratedOperator): load_driver_task> on 2024-06-04 00:00:00+00:00
[2024-06-05T14:27:47.293+0000] {warnings.py:110} WARNING - /home/***/.local/lib/python3.12/site-packages/***/task/task_runner/standard_task_runner.py:61: DeprecationWarning: This process (pid=320) is multi-threaded, use of fork() may lead to deadlocks in the child.
  pid = os.fork()

[2024-06-05T14:27:47.294+0000] {standard_task_runner.py:63} INFO - Started process 338 to run task
[2024-06-05T14:27:47.295+0000] {standard_task_runner.py:90} INFO - Running: ['***', 'tasks', 'run', 'f1_data_pipeline_taskflow', 'load_driver_task', 'scheduled__2024-06-04T00:00:00+00:00', '--job-id', '17', '--raw', '--subdir', 'DAGS_FOLDER/etl_dag.py', '--cfg-path', '/tmp/tmp6a8jur64']
[2024-06-05T14:27:47.296+0000] {standard_task_runner.py:91} INFO - Job 17: Subtask load_driver_task
[2024-06-05T14:27:47.337+0000] {task_command.py:426} INFO - Running <TaskInstance: f1_data_pipeline_taskflow.load_driver_task scheduled__2024-06-04T00:00:00+00:00 [running]> on host d1c992285f47
[2024-06-05T14:27:47.502+0000] {taskinstance.py:2648} INFO - Exporting env vars: AIRFLOW_CTX_DAG_OWNER='***' AIRFLOW_CTX_DAG_ID='f1_data_pipeline_taskflow' AIRFLOW_CTX_TASK_ID='load_driver_task' AIRFLOW_CTX_EXECUTION_DATE='2024-06-04T00:00:00+00:00' AIRFLOW_CTX_TRY_NUMBER='1' AIRFLOW_CTX_DAG_RUN_ID='scheduled__2024-06-04T00:00:00+00:00'
[2024-06-05T14:27:47.504+0000] {taskinstance.py:430} INFO - ::endgroup::
[2024-06-05T14:27:47.508+0000] {crypto.py:82} WARNING - empty cryptography key - values will not be stored encrypted.
[2024-06-05T14:27:47.510+0000] {base.py:84} INFO - Using connection ID 'sourcedb_connection' for task execution.
[2024-06-05T14:27:47.567+0000] {python.py:237} INFO - Done. Returned value was: None
[2024-06-05T14:27:47.568+0000] {taskinstance.py:441} INFO - ::group::Post task execution logs
[2024-06-05T14:27:47.587+0000] {taskinstance.py:1206} INFO - Marking task as SUCCESS. dag_id=f1_data_pipeline_taskflow, task_id=load_driver_task, run_id=scheduled__2024-06-04T00:00:00+00:00, execution_date=20240604T000000, start_date=20240605T142747, end_date=20240605T142747
[2024-06-05T14:27:47.630+0000] {local_task_job_runner.py:240} INFO - Task exited with return code 0
[2024-06-05T14:27:47.641+0000] {local_task_job_runner.py:222} INFO - ::endgroup::
[2024-06-05T14:34:50.567+0000] {local_task_job_runner.py:120} INFO - ::group::Pre task execution logs
[2024-06-05T14:34:50.584+0000] {taskinstance.py:2076} INFO - Dependencies all met for dep_context=non-requeueable deps ti=<TaskInstance: f1_data_pipeline_taskflow.load_driver_task scheduled__2024-06-04T00:00:00+00:00 [queued]>
[2024-06-05T14:34:50.589+0000] {taskinstance.py:2076} INFO - Dependencies all met for dep_context=requeueable deps ti=<TaskInstance: f1_data_pipeline_taskflow.load_driver_task scheduled__2024-06-04T00:00:00+00:00 [queued]>
[2024-06-05T14:34:50.590+0000] {taskinstance.py:2306} INFO - Starting attempt 1 of 1
[2024-06-05T14:34:50.603+0000] {taskinstance.py:2330} INFO - Executing <Task(_PythonDecoratedOperator): load_driver_task> on 2024-06-04 00:00:00+00:00
[2024-06-05T14:34:50.610+0000] {warnings.py:110} WARNING - /home/***/.local/lib/python3.12/site-packages/***/task/task_runner/standard_task_runner.py:61: DeprecationWarning: This process (pid=319) is multi-threaded, use of fork() may lead to deadlocks in the child.
  pid = os.fork()

[2024-06-05T14:34:50.612+0000] {standard_task_runner.py:63} INFO - Started process 344 to run task
[2024-06-05T14:34:50.612+0000] {standard_task_runner.py:90} INFO - Running: ['***', 'tasks', 'run', 'f1_data_pipeline_taskflow', 'load_driver_task', 'scheduled__2024-06-04T00:00:00+00:00', '--job-id', '16', '--raw', '--subdir', 'DAGS_FOLDER/etl_dag.py', '--cfg-path', '/tmp/tmpr680z0p0']
[2024-06-05T14:34:50.614+0000] {standard_task_runner.py:91} INFO - Job 16: Subtask load_driver_task
[2024-06-05T14:34:50.652+0000] {task_command.py:426} INFO - Running <TaskInstance: f1_data_pipeline_taskflow.load_driver_task scheduled__2024-06-04T00:00:00+00:00 [running]> on host 0c159eaec4ac
[2024-06-05T14:34:50.774+0000] {taskinstance.py:2648} INFO - Exporting env vars: AIRFLOW_CTX_DAG_OWNER='***' AIRFLOW_CTX_DAG_ID='f1_data_pipeline_taskflow' AIRFLOW_CTX_TASK_ID='load_driver_task' AIRFLOW_CTX_EXECUTION_DATE='2024-06-04T00:00:00+00:00' AIRFLOW_CTX_TRY_NUMBER='1' AIRFLOW_CTX_DAG_RUN_ID='scheduled__2024-06-04T00:00:00+00:00'
[2024-06-05T14:34:50.775+0000] {taskinstance.py:430} INFO - ::endgroup::
[2024-06-05T14:34:50.776+0000] {crypto.py:82} WARNING - empty cryptography key - values will not be stored encrypted.
[2024-06-05T14:34:50.777+0000] {base.py:84} INFO - Using connection ID 'sourcedb_connection' for task execution.
[2024-06-05T14:34:50.794+0000] {python.py:237} INFO - Done. Returned value was: None
[2024-06-05T14:34:50.794+0000] {taskinstance.py:441} INFO - ::group::Post task execution logs
[2024-06-05T14:34:50.803+0000] {taskinstance.py:1206} INFO - Marking task as SUCCESS. dag_id=f1_data_pipeline_taskflow, task_id=load_driver_task, run_id=scheduled__2024-06-04T00:00:00+00:00, execution_date=20240604T000000, start_date=20240605T143450, end_date=20240605T143450
[2024-06-05T14:34:50.825+0000] {local_task_job_runner.py:240} INFO - Task exited with return code 0
[2024-06-05T14:34:50.847+0000] {taskinstance.py:3498} INFO - 1 downstream tasks scheduled from follow-on schedule check
[2024-06-05T14:34:50.849+0000] {local_task_job_runner.py:222} INFO - ::endgroup::
[2024-06-05T14:42:59.767+0000] {local_task_job_runner.py:120} INFO - ::group::Pre task execution logs
[2024-06-05T14:42:59.783+0000] {taskinstance.py:2076} INFO - Dependencies all met for dep_context=non-requeueable deps ti=<TaskInstance: f1_data_pipeline_taskflow.load_driver_task scheduled__2024-06-04T00:00:00+00:00 [queued]>
[2024-06-05T14:42:59.789+0000] {taskinstance.py:2076} INFO - Dependencies all met for dep_context=requeueable deps ti=<TaskInstance: f1_data_pipeline_taskflow.load_driver_task scheduled__2024-06-04T00:00:00+00:00 [queued]>
[2024-06-05T14:42:59.789+0000] {taskinstance.py:2306} INFO - Starting attempt 1 of 1
[2024-06-05T14:42:59.798+0000] {taskinstance.py:2330} INFO - Executing <Task(_PythonDecoratedOperator): load_driver_task> on 2024-06-04 00:00:00+00:00
[2024-06-05T14:42:59.804+0000] {warnings.py:110} WARNING - /home/***/.local/lib/python3.12/site-packages/***/task/task_runner/standard_task_runner.py:61: DeprecationWarning: This process (pid=333) is multi-threaded, use of fork() may lead to deadlocks in the child.
  pid = os.fork()

[2024-06-05T14:42:59.806+0000] {standard_task_runner.py:63} INFO - Started process 341 to run task
[2024-06-05T14:42:59.806+0000] {standard_task_runner.py:90} INFO - Running: ['***', 'tasks', 'run', 'f1_data_pipeline_taskflow', 'load_driver_task', 'scheduled__2024-06-04T00:00:00+00:00', '--job-id', '14', '--raw', '--subdir', 'DAGS_FOLDER/etl_dag.py', '--cfg-path', '/tmp/tmpe40dqz1w']
[2024-06-05T14:42:59.808+0000] {standard_task_runner.py:91} INFO - Job 14: Subtask load_driver_task
[2024-06-05T14:42:59.843+0000] {task_command.py:426} INFO - Running <TaskInstance: f1_data_pipeline_taskflow.load_driver_task scheduled__2024-06-04T00:00:00+00:00 [running]> on host dc71de5e87bd
[2024-06-05T14:42:59.992+0000] {taskinstance.py:2648} INFO - Exporting env vars: AIRFLOW_CTX_DAG_OWNER='***' AIRFLOW_CTX_DAG_ID='f1_data_pipeline_taskflow' AIRFLOW_CTX_TASK_ID='load_driver_task' AIRFLOW_CTX_EXECUTION_DATE='2024-06-04T00:00:00+00:00' AIRFLOW_CTX_TRY_NUMBER='1' AIRFLOW_CTX_DAG_RUN_ID='scheduled__2024-06-04T00:00:00+00:00'
[2024-06-05T14:42:59.994+0000] {taskinstance.py:430} INFO - ::endgroup::
[2024-06-05T14:42:59.995+0000] {crypto.py:82} WARNING - empty cryptography key - values will not be stored encrypted.
[2024-06-05T14:42:59.996+0000] {base.py:84} INFO - Using connection ID 'sourcedb_connection' for task execution.
[2024-06-05T14:43:00.019+0000] {python.py:237} INFO - Done. Returned value was: None
[2024-06-05T14:43:00.020+0000] {taskinstance.py:441} INFO - ::group::Post task execution logs
[2024-06-05T14:43:00.028+0000] {taskinstance.py:1206} INFO - Marking task as SUCCESS. dag_id=f1_data_pipeline_taskflow, task_id=load_driver_task, run_id=scheduled__2024-06-04T00:00:00+00:00, execution_date=20240604T000000, start_date=20240605T144259, end_date=20240605T144300
[2024-06-05T14:43:00.101+0000] {local_task_job_runner.py:240} INFO - Task exited with return code 0
[2024-06-05T14:43:00.124+0000] {local_task_job_runner.py:222} INFO - ::endgroup::
