[2024-06-12T10:40:50.246+0000] {local_task_job_runner.py:120} INFO - ::group::Pre task execution logs
[2024-06-12T10:40:50.261+0000] {taskinstance.py:2076} INFO - Dependencies all met for dep_context=non-requeueable deps ti=<TaskInstance: f1_data_pipeline_taskflow.load_raceResults_task scheduled__2024-06-11T00:00:00+00:00 [queued]>
[2024-06-12T10:40:50.266+0000] {taskinstance.py:2076} INFO - Dependencies all met for dep_context=requeueable deps ti=<TaskInstance: f1_data_pipeline_taskflow.load_raceResults_task scheduled__2024-06-11T00:00:00+00:00 [queued]>
[2024-06-12T10:40:50.267+0000] {taskinstance.py:2306} INFO - Starting attempt 1 of 1
[2024-06-12T10:40:50.274+0000] {taskinstance.py:2330} INFO - Executing <Task(_PythonDecoratedOperator): load_raceResults_task> on 2024-06-11 00:00:00+00:00
[2024-06-12T10:40:50.280+0000] {warnings.py:110} WARNING - /home/***/.local/lib/python3.12/site-packages/***/task/task_runner/standard_task_runner.py:61: DeprecationWarning: This process (pid=929) is multi-threaded, use of fork() may lead to deadlocks in the child.
  pid = os.fork()

[2024-06-12T10:40:50.281+0000] {standard_task_runner.py:63} INFO - Started process 931 to run task
[2024-06-12T10:40:50.282+0000] {standard_task_runner.py:90} INFO - Running: ['***', 'tasks', 'run', 'f1_data_pipeline_taskflow', 'load_raceResults_task', 'scheduled__2024-06-11T00:00:00+00:00', '--job-id', '32', '--raw', '--subdir', 'DAGS_FOLDER/etl_dag.py', '--cfg-path', '/tmp/tmpltsyas3z']
[2024-06-12T10:40:50.283+0000] {standard_task_runner.py:91} INFO - Job 32: Subtask load_raceResults_task
[2024-06-12T10:40:50.315+0000] {task_command.py:426} INFO - Running <TaskInstance: f1_data_pipeline_taskflow.load_raceResults_task scheduled__2024-06-11T00:00:00+00:00 [running]> on host 52285cb34a44
[2024-06-12T10:40:50.431+0000] {taskinstance.py:2648} INFO - Exporting env vars: AIRFLOW_CTX_DAG_OWNER='***' AIRFLOW_CTX_DAG_ID='f1_data_pipeline_taskflow' AIRFLOW_CTX_TASK_ID='load_raceResults_task' AIRFLOW_CTX_EXECUTION_DATE='2024-06-11T00:00:00+00:00' AIRFLOW_CTX_TRY_NUMBER='1' AIRFLOW_CTX_DAG_RUN_ID='scheduled__2024-06-11T00:00:00+00:00'
[2024-06-12T10:40:50.431+0000] {taskinstance.py:430} INFO - ::endgroup::
[2024-06-12T10:40:50.432+0000] {crypto.py:82} WARNING - empty cryptography key - values will not be stored encrypted.
[2024-06-12T10:40:50.433+0000] {base.py:84} INFO - Using connection ID 'sourcedb_connection' for task execution.
[2024-06-12T10:40:50.651+0000] {python.py:237} INFO - Done. Returned value was: None
[2024-06-12T10:40:50.651+0000] {taskinstance.py:441} INFO - ::group::Post task execution logs
[2024-06-12T10:40:50.658+0000] {taskinstance.py:1206} INFO - Marking task as SUCCESS. dag_id=f1_data_pipeline_taskflow, task_id=load_raceResults_task, run_id=scheduled__2024-06-11T00:00:00+00:00, execution_date=20240611T000000, start_date=20240612T104050, end_date=20240612T104050
[2024-06-12T10:40:50.696+0000] {local_task_job_runner.py:240} INFO - Task exited with return code 0
[2024-06-12T10:40:50.707+0000] {taskinstance.py:3498} INFO - 0 downstream tasks scheduled from follow-on schedule check
[2024-06-12T10:40:50.708+0000] {local_task_job_runner.py:222} INFO - ::endgroup::
[2024-06-12T11:05:21.329+0000] {local_task_job_runner.py:120} INFO - ::group::Pre task execution logs
[2024-06-12T11:05:21.349+0000] {taskinstance.py:2076} INFO - Dependencies all met for dep_context=non-requeueable deps ti=<TaskInstance: f1_data_pipeline_taskflow.load_raceResults_task scheduled__2024-06-11T00:00:00+00:00 [queued]>
[2024-06-12T11:05:21.358+0000] {taskinstance.py:2076} INFO - Dependencies all met for dep_context=requeueable deps ti=<TaskInstance: f1_data_pipeline_taskflow.load_raceResults_task scheduled__2024-06-11T00:00:00+00:00 [queued]>
[2024-06-12T11:05:21.358+0000] {taskinstance.py:2306} INFO - Starting attempt 1 of 1
[2024-06-12T11:05:21.370+0000] {taskinstance.py:2330} INFO - Executing <Task(_PythonDecoratedOperator): load_raceResults_task> on 2024-06-11 00:00:00+00:00
[2024-06-12T11:05:21.377+0000] {warnings.py:110} WARNING - /home/***/.local/lib/python3.12/site-packages/***/task/task_runner/standard_task_runner.py:61: DeprecationWarning: This process (pid=647) is multi-threaded, use of fork() may lead to deadlocks in the child.
  pid = os.fork()

[2024-06-12T11:05:21.379+0000] {standard_task_runner.py:63} INFO - Started process 649 to run task
[2024-06-12T11:05:21.379+0000] {standard_task_runner.py:90} INFO - Running: ['***', 'tasks', 'run', 'f1_data_pipeline_taskflow', 'load_raceResults_task', 'scheduled__2024-06-11T00:00:00+00:00', '--job-id', '31', '--raw', '--subdir', 'DAGS_FOLDER/etl_dag.py', '--cfg-path', '/tmp/tmp9rnqjw9e']
[2024-06-12T11:05:21.381+0000] {standard_task_runner.py:91} INFO - Job 31: Subtask load_raceResults_task
[2024-06-12T11:05:21.426+0000] {task_command.py:426} INFO - Running <TaskInstance: f1_data_pipeline_taskflow.load_raceResults_task scheduled__2024-06-11T00:00:00+00:00 [running]> on host a8d8326d12bd
[2024-06-12T11:05:21.570+0000] {taskinstance.py:2648} INFO - Exporting env vars: AIRFLOW_CTX_DAG_OWNER='***' AIRFLOW_CTX_DAG_ID='f1_data_pipeline_taskflow' AIRFLOW_CTX_TASK_ID='load_raceResults_task' AIRFLOW_CTX_EXECUTION_DATE='2024-06-11T00:00:00+00:00' AIRFLOW_CTX_TRY_NUMBER='1' AIRFLOW_CTX_DAG_RUN_ID='scheduled__2024-06-11T00:00:00+00:00'
[2024-06-12T11:05:21.571+0000] {taskinstance.py:430} INFO - ::endgroup::
[2024-06-12T11:05:21.572+0000] {crypto.py:82} WARNING - empty cryptography key - values will not be stored encrypted.
[2024-06-12T11:05:21.573+0000] {base.py:84} INFO - Using connection ID 'sourcedb_connection' for task execution.
[2024-06-12T11:05:21.829+0000] {python.py:237} INFO - Done. Returned value was: None
[2024-06-12T11:05:21.830+0000] {taskinstance.py:441} INFO - ::group::Post task execution logs
[2024-06-12T11:05:21.838+0000] {taskinstance.py:1206} INFO - Marking task as SUCCESS. dag_id=f1_data_pipeline_taskflow, task_id=load_raceResults_task, run_id=scheduled__2024-06-11T00:00:00+00:00, execution_date=20240611T000000, start_date=20240612T110521, end_date=20240612T110521
[2024-06-12T11:05:21.873+0000] {local_task_job_runner.py:240} INFO - Task exited with return code 0
[2024-06-12T11:05:21.889+0000] {taskinstance.py:3498} INFO - 0 downstream tasks scheduled from follow-on schedule check
[2024-06-12T11:05:21.891+0000] {local_task_job_runner.py:222} INFO - ::endgroup::
[2024-06-12T11:18:12.618+0000] {local_task_job_runner.py:120} INFO - ::group::Pre task execution logs
[2024-06-12T11:18:12.633+0000] {taskinstance.py:2076} INFO - Dependencies all met for dep_context=non-requeueable deps ti=<TaskInstance: f1_data_pipeline_taskflow.load_raceResults_task scheduled__2024-06-11T00:00:00+00:00 [queued]>
[2024-06-12T11:18:12.639+0000] {taskinstance.py:2076} INFO - Dependencies all met for dep_context=requeueable deps ti=<TaskInstance: f1_data_pipeline_taskflow.load_raceResults_task scheduled__2024-06-11T00:00:00+00:00 [queued]>
[2024-06-12T11:18:12.639+0000] {taskinstance.py:2306} INFO - Starting attempt 1 of 1
[2024-06-12T11:18:12.647+0000] {taskinstance.py:2330} INFO - Executing <Task(_PythonDecoratedOperator): load_raceResults_task> on 2024-06-11 00:00:00+00:00
[2024-06-12T11:18:12.653+0000] {warnings.py:110} WARNING - /home/***/.local/lib/python3.12/site-packages/***/task/task_runner/standard_task_runner.py:61: DeprecationWarning: This process (pid=557) is multi-threaded, use of fork() may lead to deadlocks in the child.
  pid = os.fork()

[2024-06-12T11:18:12.654+0000] {standard_task_runner.py:63} INFO - Started process 559 to run task
[2024-06-12T11:18:12.654+0000] {standard_task_runner.py:90} INFO - Running: ['***', 'tasks', 'run', 'f1_data_pipeline_taskflow', 'load_raceResults_task', 'scheduled__2024-06-11T00:00:00+00:00', '--job-id', '31', '--raw', '--subdir', 'DAGS_FOLDER/etl_dag.py', '--cfg-path', '/tmp/tmpgle0degk']
[2024-06-12T11:18:12.656+0000] {standard_task_runner.py:91} INFO - Job 31: Subtask load_raceResults_task
[2024-06-12T11:18:12.689+0000] {task_command.py:426} INFO - Running <TaskInstance: f1_data_pipeline_taskflow.load_raceResults_task scheduled__2024-06-11T00:00:00+00:00 [running]> on host e07cec2adf81
[2024-06-12T11:18:12.806+0000] {taskinstance.py:2648} INFO - Exporting env vars: AIRFLOW_CTX_DAG_OWNER='***' AIRFLOW_CTX_DAG_ID='f1_data_pipeline_taskflow' AIRFLOW_CTX_TASK_ID='load_raceResults_task' AIRFLOW_CTX_EXECUTION_DATE='2024-06-11T00:00:00+00:00' AIRFLOW_CTX_TRY_NUMBER='1' AIRFLOW_CTX_DAG_RUN_ID='scheduled__2024-06-11T00:00:00+00:00'
[2024-06-12T11:18:12.807+0000] {taskinstance.py:430} INFO - ::endgroup::
[2024-06-12T11:18:12.808+0000] {crypto.py:82} WARNING - empty cryptography key - values will not be stored encrypted.
[2024-06-12T11:18:12.808+0000] {base.py:84} INFO - Using connection ID 'sourcedb_connection' for task execution.
[2024-06-12T11:18:13.096+0000] {python.py:237} INFO - Done. Returned value was: None
[2024-06-12T11:18:13.097+0000] {taskinstance.py:441} INFO - ::group::Post task execution logs
[2024-06-12T11:18:13.104+0000] {taskinstance.py:1206} INFO - Marking task as SUCCESS. dag_id=f1_data_pipeline_taskflow, task_id=load_raceResults_task, run_id=scheduled__2024-06-11T00:00:00+00:00, execution_date=20240611T000000, start_date=20240612T111812, end_date=20240612T111813
[2024-06-12T11:18:13.148+0000] {local_task_job_runner.py:240} INFO - Task exited with return code 0
[2024-06-12T11:18:13.160+0000] {taskinstance.py:3498} INFO - 0 downstream tasks scheduled from follow-on schedule check
[2024-06-12T11:18:13.162+0000] {local_task_job_runner.py:222} INFO - ::endgroup::
[2024-06-12T11:38:15.195+0000] {local_task_job_runner.py:120} INFO - ::group::Pre task execution logs
[2024-06-12T11:38:15.211+0000] {taskinstance.py:2076} INFO - Dependencies all met for dep_context=non-requeueable deps ti=<TaskInstance: f1_data_pipeline_taskflow.load_raceResults_task scheduled__2024-06-11T00:00:00+00:00 [queued]>
[2024-06-12T11:38:15.217+0000] {taskinstance.py:2076} INFO - Dependencies all met for dep_context=requeueable deps ti=<TaskInstance: f1_data_pipeline_taskflow.load_raceResults_task scheduled__2024-06-11T00:00:00+00:00 [queued]>
[2024-06-12T11:38:15.218+0000] {taskinstance.py:2306} INFO - Starting attempt 1 of 1
[2024-06-12T11:38:15.227+0000] {taskinstance.py:2330} INFO - Executing <Task(_PythonDecoratedOperator): load_raceResults_task> on 2024-06-11 00:00:00+00:00
[2024-06-12T11:38:15.234+0000] {warnings.py:110} WARNING - /home/***/.local/lib/python3.12/site-packages/***/task/task_runner/standard_task_runner.py:61: DeprecationWarning: This process (pid=558) is multi-threaded, use of fork() may lead to deadlocks in the child.
  pid = os.fork()

[2024-06-12T11:38:15.235+0000] {standard_task_runner.py:63} INFO - Started process 560 to run task
[2024-06-12T11:38:15.235+0000] {standard_task_runner.py:90} INFO - Running: ['***', 'tasks', 'run', 'f1_data_pipeline_taskflow', 'load_raceResults_task', 'scheduled__2024-06-11T00:00:00+00:00', '--job-id', '31', '--raw', '--subdir', 'DAGS_FOLDER/etl_dag.py', '--cfg-path', '/tmp/tmpfpaz9v4f']
[2024-06-12T11:38:15.236+0000] {standard_task_runner.py:91} INFO - Job 31: Subtask load_raceResults_task
[2024-06-12T11:38:15.272+0000] {task_command.py:426} INFO - Running <TaskInstance: f1_data_pipeline_taskflow.load_raceResults_task scheduled__2024-06-11T00:00:00+00:00 [running]> on host 33197dc676ae
[2024-06-12T11:38:15.402+0000] {taskinstance.py:2648} INFO - Exporting env vars: AIRFLOW_CTX_DAG_OWNER='***' AIRFLOW_CTX_DAG_ID='f1_data_pipeline_taskflow' AIRFLOW_CTX_TASK_ID='load_raceResults_task' AIRFLOW_CTX_EXECUTION_DATE='2024-06-11T00:00:00+00:00' AIRFLOW_CTX_TRY_NUMBER='1' AIRFLOW_CTX_DAG_RUN_ID='scheduled__2024-06-11T00:00:00+00:00'
[2024-06-12T11:38:15.404+0000] {taskinstance.py:430} INFO - ::endgroup::
[2024-06-12T11:38:15.405+0000] {crypto.py:82} WARNING - empty cryptography key - values will not be stored encrypted.
[2024-06-12T11:38:15.405+0000] {base.py:84} INFO - Using connection ID 'sourcedb_connection' for task execution.
[2024-06-12T11:38:15.662+0000] {python.py:237} INFO - Done. Returned value was: None
[2024-06-12T11:38:15.663+0000] {taskinstance.py:441} INFO - ::group::Post task execution logs
[2024-06-12T11:38:15.670+0000] {taskinstance.py:1206} INFO - Marking task as SUCCESS. dag_id=f1_data_pipeline_taskflow, task_id=load_raceResults_task, run_id=scheduled__2024-06-11T00:00:00+00:00, execution_date=20240611T000000, start_date=20240612T113815, end_date=20240612T113815
[2024-06-12T11:38:15.689+0000] {local_task_job_runner.py:240} INFO - Task exited with return code 0
[2024-06-12T11:38:15.700+0000] {taskinstance.py:3498} INFO - 0 downstream tasks scheduled from follow-on schedule check
[2024-06-12T11:38:15.702+0000] {local_task_job_runner.py:222} INFO - ::endgroup::
[2024-06-12T11:56:16.214+0000] {local_task_job_runner.py:120} INFO - ::group::Pre task execution logs
[2024-06-12T11:56:16.230+0000] {taskinstance.py:2076} INFO - Dependencies all met for dep_context=non-requeueable deps ti=<TaskInstance: f1_data_pipeline_taskflow.load_raceResults_task scheduled__2024-06-11T00:00:00+00:00 [queued]>
[2024-06-12T11:56:16.236+0000] {taskinstance.py:2076} INFO - Dependencies all met for dep_context=requeueable deps ti=<TaskInstance: f1_data_pipeline_taskflow.load_raceResults_task scheduled__2024-06-11T00:00:00+00:00 [queued]>
[2024-06-12T11:56:16.237+0000] {taskinstance.py:2306} INFO - Starting attempt 1 of 1
[2024-06-12T11:56:16.245+0000] {taskinstance.py:2330} INFO - Executing <Task(_PythonDecoratedOperator): load_raceResults_task> on 2024-06-11 00:00:00+00:00
[2024-06-12T11:56:16.252+0000] {warnings.py:110} WARNING - /home/***/.local/lib/python3.12/site-packages/***/task/task_runner/standard_task_runner.py:61: DeprecationWarning: This process (pid=558) is multi-threaded, use of fork() may lead to deadlocks in the child.
  pid = os.fork()

[2024-06-12T11:56:16.253+0000] {standard_task_runner.py:63} INFO - Started process 560 to run task
[2024-06-12T11:56:16.253+0000] {standard_task_runner.py:90} INFO - Running: ['***', 'tasks', 'run', 'f1_data_pipeline_taskflow', 'load_raceResults_task', 'scheduled__2024-06-11T00:00:00+00:00', '--job-id', '31', '--raw', '--subdir', 'DAGS_FOLDER/etl_dag.py', '--cfg-path', '/tmp/tmp0irxbboe']
[2024-06-12T11:56:16.254+0000] {standard_task_runner.py:91} INFO - Job 31: Subtask load_raceResults_task
[2024-06-12T11:56:16.287+0000] {task_command.py:426} INFO - Running <TaskInstance: f1_data_pipeline_taskflow.load_raceResults_task scheduled__2024-06-11T00:00:00+00:00 [running]> on host e699387b7fc9
[2024-06-12T11:56:16.416+0000] {taskinstance.py:2648} INFO - Exporting env vars: AIRFLOW_CTX_DAG_OWNER='***' AIRFLOW_CTX_DAG_ID='f1_data_pipeline_taskflow' AIRFLOW_CTX_TASK_ID='load_raceResults_task' AIRFLOW_CTX_EXECUTION_DATE='2024-06-11T00:00:00+00:00' AIRFLOW_CTX_TRY_NUMBER='1' AIRFLOW_CTX_DAG_RUN_ID='scheduled__2024-06-11T00:00:00+00:00'
[2024-06-12T11:56:16.417+0000] {taskinstance.py:430} INFO - ::endgroup::
[2024-06-12T11:56:16.419+0000] {crypto.py:82} WARNING - empty cryptography key - values will not be stored encrypted.
[2024-06-12T11:56:16.419+0000] {base.py:84} INFO - Using connection ID 'sourcedb_connection' for task execution.
[2024-06-12T11:56:16.650+0000] {python.py:237} INFO - Done. Returned value was: None
[2024-06-12T11:56:16.650+0000] {taskinstance.py:441} INFO - ::group::Post task execution logs
[2024-06-12T11:56:16.657+0000] {taskinstance.py:1206} INFO - Marking task as SUCCESS. dag_id=f1_data_pipeline_taskflow, task_id=load_raceResults_task, run_id=scheduled__2024-06-11T00:00:00+00:00, execution_date=20240611T000000, start_date=20240612T115616, end_date=20240612T115616
[2024-06-12T11:56:16.707+0000] {local_task_job_runner.py:240} INFO - Task exited with return code 0
[2024-06-12T11:56:16.719+0000] {taskinstance.py:3498} INFO - 0 downstream tasks scheduled from follow-on schedule check
[2024-06-12T11:56:16.720+0000] {local_task_job_runner.py:222} INFO - ::endgroup::
[2024-06-12T12:08:42.363+0000] {local_task_job_runner.py:120} INFO - ::group::Pre task execution logs
[2024-06-12T12:08:42.380+0000] {taskinstance.py:2076} INFO - Dependencies all met for dep_context=non-requeueable deps ti=<TaskInstance: f1_data_pipeline_taskflow.load_raceResults_task scheduled__2024-06-11T00:00:00+00:00 [queued]>
[2024-06-12T12:08:42.386+0000] {taskinstance.py:2076} INFO - Dependencies all met for dep_context=requeueable deps ti=<TaskInstance: f1_data_pipeline_taskflow.load_raceResults_task scheduled__2024-06-11T00:00:00+00:00 [queued]>
[2024-06-12T12:08:42.387+0000] {taskinstance.py:2306} INFO - Starting attempt 1 of 1
[2024-06-12T12:08:42.395+0000] {taskinstance.py:2330} INFO - Executing <Task(_PythonDecoratedOperator): load_raceResults_task> on 2024-06-11 00:00:00+00:00
[2024-06-12T12:08:42.402+0000] {warnings.py:110} WARNING - /home/***/.local/lib/python3.12/site-packages/***/task/task_runner/standard_task_runner.py:61: DeprecationWarning: This process (pid=609) is multi-threaded, use of fork() may lead to deadlocks in the child.
  pid = os.fork()

[2024-06-12T12:08:42.403+0000] {standard_task_runner.py:63} INFO - Started process 611 to run task
[2024-06-12T12:08:42.403+0000] {standard_task_runner.py:90} INFO - Running: ['***', 'tasks', 'run', 'f1_data_pipeline_taskflow', 'load_raceResults_task', 'scheduled__2024-06-11T00:00:00+00:00', '--job-id', '29', '--raw', '--subdir', 'DAGS_FOLDER/etl_dag.py', '--cfg-path', '/tmp/tmpz2m1qjco']
[2024-06-12T12:08:42.405+0000] {standard_task_runner.py:91} INFO - Job 29: Subtask load_raceResults_task
[2024-06-12T12:08:42.443+0000] {task_command.py:426} INFO - Running <TaskInstance: f1_data_pipeline_taskflow.load_raceResults_task scheduled__2024-06-11T00:00:00+00:00 [running]> on host 7c9178d6b02a
[2024-06-12T12:08:42.573+0000] {taskinstance.py:2648} INFO - Exporting env vars: AIRFLOW_CTX_DAG_OWNER='***' AIRFLOW_CTX_DAG_ID='f1_data_pipeline_taskflow' AIRFLOW_CTX_TASK_ID='load_raceResults_task' AIRFLOW_CTX_EXECUTION_DATE='2024-06-11T00:00:00+00:00' AIRFLOW_CTX_TRY_NUMBER='1' AIRFLOW_CTX_DAG_RUN_ID='scheduled__2024-06-11T00:00:00+00:00'
[2024-06-12T12:08:42.574+0000] {taskinstance.py:430} INFO - ::endgroup::
[2024-06-12T12:08:42.575+0000] {crypto.py:82} WARNING - empty cryptography key - values will not be stored encrypted.
[2024-06-12T12:08:42.576+0000] {base.py:84} INFO - Using connection ID 'sourcedb_connection' for task execution.
[2024-06-12T12:08:42.810+0000] {python.py:237} INFO - Done. Returned value was: None
[2024-06-12T12:08:42.811+0000] {taskinstance.py:441} INFO - ::group::Post task execution logs
[2024-06-12T12:08:42.819+0000] {taskinstance.py:1206} INFO - Marking task as SUCCESS. dag_id=f1_data_pipeline_taskflow, task_id=load_raceResults_task, run_id=scheduled__2024-06-11T00:00:00+00:00, execution_date=20240611T000000, start_date=20240612T120842, end_date=20240612T120842
[2024-06-12T12:08:42.858+0000] {local_task_job_runner.py:240} INFO - Task exited with return code 0
[2024-06-12T12:08:42.869+0000] {taskinstance.py:3498} INFO - 0 downstream tasks scheduled from follow-on schedule check
[2024-06-12T12:08:42.871+0000] {local_task_job_runner.py:222} INFO - ::endgroup::
[2024-06-12T12:32:16.112+0000] {local_task_job_runner.py:120} INFO - ::group::Pre task execution logs
[2024-06-12T12:32:16.128+0000] {taskinstance.py:2076} INFO - Dependencies all met for dep_context=non-requeueable deps ti=<TaskInstance: f1_data_pipeline_taskflow.load_raceResults_task scheduled__2024-06-11T00:00:00+00:00 [queued]>
[2024-06-12T12:32:16.134+0000] {taskinstance.py:2076} INFO - Dependencies all met for dep_context=requeueable deps ti=<TaskInstance: f1_data_pipeline_taskflow.load_raceResults_task scheduled__2024-06-11T00:00:00+00:00 [queued]>
[2024-06-12T12:32:16.134+0000] {taskinstance.py:2306} INFO - Starting attempt 1 of 1
[2024-06-12T12:32:16.142+0000] {taskinstance.py:2330} INFO - Executing <Task(_PythonDecoratedOperator): load_raceResults_task> on 2024-06-11 00:00:00+00:00
[2024-06-12T12:32:16.148+0000] {warnings.py:110} WARNING - /home/***/.local/lib/python3.12/site-packages/***/task/task_runner/standard_task_runner.py:61: DeprecationWarning: This process (pid=599) is multi-threaded, use of fork() may lead to deadlocks in the child.
  pid = os.fork()

[2024-06-12T12:32:16.149+0000] {standard_task_runner.py:63} INFO - Started process 601 to run task
[2024-06-12T12:32:16.149+0000] {standard_task_runner.py:90} INFO - Running: ['***', 'tasks', 'run', 'f1_data_pipeline_taskflow', 'load_raceResults_task', 'scheduled__2024-06-11T00:00:00+00:00', '--job-id', '29', '--raw', '--subdir', 'DAGS_FOLDER/etl_dag.py', '--cfg-path', '/tmp/tmpbic9t7z1']
[2024-06-12T12:32:16.151+0000] {standard_task_runner.py:91} INFO - Job 29: Subtask load_raceResults_task
[2024-06-12T12:32:16.187+0000] {task_command.py:426} INFO - Running <TaskInstance: f1_data_pipeline_taskflow.load_raceResults_task scheduled__2024-06-11T00:00:00+00:00 [running]> on host 79a7d5bd11df
[2024-06-12T12:32:16.303+0000] {taskinstance.py:2648} INFO - Exporting env vars: AIRFLOW_CTX_DAG_OWNER='***' AIRFLOW_CTX_DAG_ID='f1_data_pipeline_taskflow' AIRFLOW_CTX_TASK_ID='load_raceResults_task' AIRFLOW_CTX_EXECUTION_DATE='2024-06-11T00:00:00+00:00' AIRFLOW_CTX_TRY_NUMBER='1' AIRFLOW_CTX_DAG_RUN_ID='scheduled__2024-06-11T00:00:00+00:00'
[2024-06-12T12:32:16.303+0000] {taskinstance.py:430} INFO - ::endgroup::
[2024-06-12T12:32:16.305+0000] {crypto.py:82} WARNING - empty cryptography key - values will not be stored encrypted.
[2024-06-12T12:32:16.305+0000] {base.py:84} INFO - Using connection ID 'sourcedb_connection' for task execution.
[2024-06-12T12:32:16.528+0000] {python.py:237} INFO - Done. Returned value was: None
[2024-06-12T12:32:16.529+0000] {taskinstance.py:441} INFO - ::group::Post task execution logs
[2024-06-12T12:32:16.537+0000] {taskinstance.py:1206} INFO - Marking task as SUCCESS. dag_id=f1_data_pipeline_taskflow, task_id=load_raceResults_task, run_id=scheduled__2024-06-11T00:00:00+00:00, execution_date=20240611T000000, start_date=20240612T123216, end_date=20240612T123216
[2024-06-12T12:32:16.563+0000] {local_task_job_runner.py:240} INFO - Task exited with return code 0
[2024-06-12T12:32:16.576+0000] {taskinstance.py:3498} INFO - 0 downstream tasks scheduled from follow-on schedule check
[2024-06-12T12:32:16.577+0000] {local_task_job_runner.py:222} INFO - ::endgroup::
[2024-06-12T12:57:04.316+0000] {local_task_job_runner.py:120} INFO - ::group::Pre task execution logs
[2024-06-12T12:57:04.332+0000] {taskinstance.py:2076} INFO - Dependencies all met for dep_context=non-requeueable deps ti=<TaskInstance: f1_data_pipeline_taskflow.load_raceResults_task scheduled__2024-06-11T00:00:00+00:00 [queued]>
[2024-06-12T12:57:04.338+0000] {taskinstance.py:2076} INFO - Dependencies all met for dep_context=requeueable deps ti=<TaskInstance: f1_data_pipeline_taskflow.load_raceResults_task scheduled__2024-06-11T00:00:00+00:00 [queued]>
[2024-06-12T12:57:04.338+0000] {taskinstance.py:2306} INFO - Starting attempt 1 of 1
[2024-06-12T12:57:04.346+0000] {taskinstance.py:2330} INFO - Executing <Task(_PythonDecoratedOperator): load_raceResults_task> on 2024-06-11 00:00:00+00:00
[2024-06-12T12:57:04.352+0000] {warnings.py:110} WARNING - /home/***/.local/lib/python3.12/site-packages/***/task/task_runner/standard_task_runner.py:61: DeprecationWarning: This process (pid=590) is multi-threaded, use of fork() may lead to deadlocks in the child.
  pid = os.fork()

[2024-06-12T12:57:04.353+0000] {standard_task_runner.py:63} INFO - Started process 592 to run task
[2024-06-12T12:57:04.354+0000] {standard_task_runner.py:90} INFO - Running: ['***', 'tasks', 'run', 'f1_data_pipeline_taskflow', 'load_raceResults_task', 'scheduled__2024-06-11T00:00:00+00:00', '--job-id', '29', '--raw', '--subdir', 'DAGS_FOLDER/etl_dag.py', '--cfg-path', '/tmp/tmp52em8yin']
[2024-06-12T12:57:04.355+0000] {standard_task_runner.py:91} INFO - Job 29: Subtask load_raceResults_task
[2024-06-12T12:57:04.391+0000] {task_command.py:426} INFO - Running <TaskInstance: f1_data_pipeline_taskflow.load_raceResults_task scheduled__2024-06-11T00:00:00+00:00 [running]> on host ce972f89b6ce
[2024-06-12T12:57:04.507+0000] {taskinstance.py:2648} INFO - Exporting env vars: AIRFLOW_CTX_DAG_OWNER='***' AIRFLOW_CTX_DAG_ID='f1_data_pipeline_taskflow' AIRFLOW_CTX_TASK_ID='load_raceResults_task' AIRFLOW_CTX_EXECUTION_DATE='2024-06-11T00:00:00+00:00' AIRFLOW_CTX_TRY_NUMBER='1' AIRFLOW_CTX_DAG_RUN_ID='scheduled__2024-06-11T00:00:00+00:00'
[2024-06-12T12:57:04.508+0000] {taskinstance.py:430} INFO - ::endgroup::
[2024-06-12T12:57:04.509+0000] {crypto.py:82} WARNING - empty cryptography key - values will not be stored encrypted.
[2024-06-12T12:57:04.510+0000] {base.py:84} INFO - Using connection ID 'sourcedb_connection' for task execution.
[2024-06-12T12:57:04.762+0000] {python.py:237} INFO - Done. Returned value was: None
[2024-06-12T12:57:04.762+0000] {taskinstance.py:441} INFO - ::group::Post task execution logs
[2024-06-12T12:57:04.769+0000] {taskinstance.py:1206} INFO - Marking task as SUCCESS. dag_id=f1_data_pipeline_taskflow, task_id=load_raceResults_task, run_id=scheduled__2024-06-11T00:00:00+00:00, execution_date=20240611T000000, start_date=20240612T125704, end_date=20240612T125704
[2024-06-12T12:57:04.808+0000] {local_task_job_runner.py:240} INFO - Task exited with return code 0
[2024-06-12T12:57:04.818+0000] {taskinstance.py:3498} INFO - 0 downstream tasks scheduled from follow-on schedule check
[2024-06-12T12:57:04.821+0000] {local_task_job_runner.py:222} INFO - ::endgroup::
[2024-06-12T13:11:33.646+0000] {local_task_job_runner.py:120} INFO - ::group::Pre task execution logs
[2024-06-12T13:11:33.661+0000] {taskinstance.py:2076} INFO - Dependencies all met for dep_context=non-requeueable deps ti=<TaskInstance: f1_data_pipeline_taskflow.load_raceResults_task scheduled__2024-06-11T00:00:00+00:00 [queued]>
[2024-06-12T13:11:33.666+0000] {taskinstance.py:2076} INFO - Dependencies all met for dep_context=requeueable deps ti=<TaskInstance: f1_data_pipeline_taskflow.load_raceResults_task scheduled__2024-06-11T00:00:00+00:00 [queued]>
[2024-06-12T13:11:33.666+0000] {taskinstance.py:2306} INFO - Starting attempt 1 of 1
[2024-06-12T13:11:33.674+0000] {taskinstance.py:2330} INFO - Executing <Task(_PythonDecoratedOperator): load_raceResults_task> on 2024-06-11 00:00:00+00:00
[2024-06-12T13:11:33.680+0000] {warnings.py:110} WARNING - /home/***/.local/lib/python3.12/site-packages/***/task/task_runner/standard_task_runner.py:61: DeprecationWarning: This process (pid=563) is multi-threaded, use of fork() may lead to deadlocks in the child.
  pid = os.fork()

[2024-06-12T13:11:33.681+0000] {standard_task_runner.py:63} INFO - Started process 565 to run task
[2024-06-12T13:11:33.681+0000] {standard_task_runner.py:90} INFO - Running: ['***', 'tasks', 'run', 'f1_data_pipeline_taskflow', 'load_raceResults_task', 'scheduled__2024-06-11T00:00:00+00:00', '--job-id', '32', '--raw', '--subdir', 'DAGS_FOLDER/etl_dag.py', '--cfg-path', '/tmp/tmpf9bwh05x']
[2024-06-12T13:11:33.683+0000] {standard_task_runner.py:91} INFO - Job 32: Subtask load_raceResults_task
[2024-06-12T13:11:33.716+0000] {task_command.py:426} INFO - Running <TaskInstance: f1_data_pipeline_taskflow.load_raceResults_task scheduled__2024-06-11T00:00:00+00:00 [running]> on host 75496fb8ac8a
[2024-06-12T13:11:33.854+0000] {taskinstance.py:2648} INFO - Exporting env vars: AIRFLOW_CTX_DAG_OWNER='***' AIRFLOW_CTX_DAG_ID='f1_data_pipeline_taskflow' AIRFLOW_CTX_TASK_ID='load_raceResults_task' AIRFLOW_CTX_EXECUTION_DATE='2024-06-11T00:00:00+00:00' AIRFLOW_CTX_TRY_NUMBER='1' AIRFLOW_CTX_DAG_RUN_ID='scheduled__2024-06-11T00:00:00+00:00'
[2024-06-12T13:11:33.855+0000] {taskinstance.py:430} INFO - ::endgroup::
[2024-06-12T13:11:33.856+0000] {crypto.py:82} WARNING - empty cryptography key - values will not be stored encrypted.
[2024-06-12T13:11:33.857+0000] {base.py:84} INFO - Using connection ID 'sourcedb_connection' for task execution.
[2024-06-12T13:11:34.081+0000] {python.py:237} INFO - Done. Returned value was: None
[2024-06-12T13:11:34.082+0000] {taskinstance.py:441} INFO - ::group::Post task execution logs
[2024-06-12T13:11:34.090+0000] {taskinstance.py:1206} INFO - Marking task as SUCCESS. dag_id=f1_data_pipeline_taskflow, task_id=load_raceResults_task, run_id=scheduled__2024-06-11T00:00:00+00:00, execution_date=20240611T000000, start_date=20240612T131133, end_date=20240612T131134
[2024-06-12T13:11:34.135+0000] {local_task_job_runner.py:240} INFO - Task exited with return code 0
[2024-06-12T13:11:34.147+0000] {taskinstance.py:3498} INFO - 0 downstream tasks scheduled from follow-on schedule check
[2024-06-12T13:11:34.148+0000] {local_task_job_runner.py:222} INFO - ::endgroup::
[2024-06-12T13:24:29.254+0000] {local_task_job_runner.py:120} INFO - ::group::Pre task execution logs
[2024-06-12T13:24:29.270+0000] {taskinstance.py:2076} INFO - Dependencies all met for dep_context=non-requeueable deps ti=<TaskInstance: f1_data_pipeline_taskflow.load_raceResults_task scheduled__2024-06-11T00:00:00+00:00 [queued]>
[2024-06-12T13:24:29.276+0000] {taskinstance.py:2076} INFO - Dependencies all met for dep_context=requeueable deps ti=<TaskInstance: f1_data_pipeline_taskflow.load_raceResults_task scheduled__2024-06-11T00:00:00+00:00 [queued]>
[2024-06-12T13:24:29.277+0000] {taskinstance.py:2306} INFO - Starting attempt 1 of 1
[2024-06-12T13:24:29.285+0000] {taskinstance.py:2330} INFO - Executing <Task(_PythonDecoratedOperator): load_raceResults_task> on 2024-06-11 00:00:00+00:00
[2024-06-12T13:24:29.292+0000] {warnings.py:110} WARNING - /home/***/.local/lib/python3.12/site-packages/***/task/task_runner/standard_task_runner.py:61: DeprecationWarning: This process (pid=565) is multi-threaded, use of fork() may lead to deadlocks in the child.
  pid = os.fork()

[2024-06-12T13:24:29.293+0000] {standard_task_runner.py:63} INFO - Started process 567 to run task
[2024-06-12T13:24:29.293+0000] {standard_task_runner.py:90} INFO - Running: ['***', 'tasks', 'run', 'f1_data_pipeline_taskflow', 'load_raceResults_task', 'scheduled__2024-06-11T00:00:00+00:00', '--job-id', '31', '--raw', '--subdir', 'DAGS_FOLDER/etl_dag.py', '--cfg-path', '/tmp/tmp3bjdtz72']
[2024-06-12T13:24:29.294+0000] {standard_task_runner.py:91} INFO - Job 31: Subtask load_raceResults_task
[2024-06-12T13:24:29.328+0000] {task_command.py:426} INFO - Running <TaskInstance: f1_data_pipeline_taskflow.load_raceResults_task scheduled__2024-06-11T00:00:00+00:00 [running]> on host 7ad193764747
[2024-06-12T13:24:29.455+0000] {taskinstance.py:2648} INFO - Exporting env vars: AIRFLOW_CTX_DAG_OWNER='***' AIRFLOW_CTX_DAG_ID='f1_data_pipeline_taskflow' AIRFLOW_CTX_TASK_ID='load_raceResults_task' AIRFLOW_CTX_EXECUTION_DATE='2024-06-11T00:00:00+00:00' AIRFLOW_CTX_TRY_NUMBER='1' AIRFLOW_CTX_DAG_RUN_ID='scheduled__2024-06-11T00:00:00+00:00'
[2024-06-12T13:24:29.456+0000] {taskinstance.py:430} INFO - ::endgroup::
[2024-06-12T13:24:29.457+0000] {crypto.py:82} WARNING - empty cryptography key - values will not be stored encrypted.
[2024-06-12T13:24:29.457+0000] {base.py:84} INFO - Using connection ID 'sourcedb_connection' for task execution.
[2024-06-12T13:24:29.683+0000] {python.py:237} INFO - Done. Returned value was: None
[2024-06-12T13:24:29.684+0000] {taskinstance.py:441} INFO - ::group::Post task execution logs
[2024-06-12T13:24:29.692+0000] {taskinstance.py:1206} INFO - Marking task as SUCCESS. dag_id=f1_data_pipeline_taskflow, task_id=load_raceResults_task, run_id=scheduled__2024-06-11T00:00:00+00:00, execution_date=20240611T000000, start_date=20240612T132429, end_date=20240612T132429
[2024-06-12T13:24:29.747+0000] {local_task_job_runner.py:240} INFO - Task exited with return code 0
[2024-06-12T13:24:29.759+0000] {taskinstance.py:3498} INFO - 0 downstream tasks scheduled from follow-on schedule check
[2024-06-12T13:24:29.760+0000] {local_task_job_runner.py:222} INFO - ::endgroup::
[2024-06-12T13:31:34.028+0000] {local_task_job_runner.py:120} INFO - ::group::Pre task execution logs
[2024-06-12T13:31:34.047+0000] {taskinstance.py:2076} INFO - Dependencies all met for dep_context=non-requeueable deps ti=<TaskInstance: f1_data_pipeline_taskflow.load_raceResults_task scheduled__2024-06-11T00:00:00+00:00 [queued]>
[2024-06-12T13:31:34.055+0000] {taskinstance.py:2076} INFO - Dependencies all met for dep_context=requeueable deps ti=<TaskInstance: f1_data_pipeline_taskflow.load_raceResults_task scheduled__2024-06-11T00:00:00+00:00 [queued]>
[2024-06-12T13:31:34.055+0000] {taskinstance.py:2306} INFO - Starting attempt 1 of 1
[2024-06-12T13:31:34.065+0000] {taskinstance.py:2330} INFO - Executing <Task(_PythonDecoratedOperator): load_raceResults_task> on 2024-06-11 00:00:00+00:00
[2024-06-12T13:31:34.073+0000] {warnings.py:110} WARNING - /home/***/.local/lib/python3.12/site-packages/***/task/task_runner/standard_task_runner.py:61: DeprecationWarning: This process (pid=557) is multi-threaded, use of fork() may lead to deadlocks in the child.
  pid = os.fork()

[2024-06-12T13:31:34.074+0000] {standard_task_runner.py:63} INFO - Started process 559 to run task
[2024-06-12T13:31:34.074+0000] {standard_task_runner.py:90} INFO - Running: ['***', 'tasks', 'run', 'f1_data_pipeline_taskflow', 'load_raceResults_task', 'scheduled__2024-06-11T00:00:00+00:00', '--job-id', '31', '--raw', '--subdir', 'DAGS_FOLDER/etl_dag.py', '--cfg-path', '/tmp/tmpwp_4hdbf']
[2024-06-12T13:31:34.075+0000] {standard_task_runner.py:91} INFO - Job 31: Subtask load_raceResults_task
[2024-06-12T13:31:34.114+0000] {task_command.py:426} INFO - Running <TaskInstance: f1_data_pipeline_taskflow.load_raceResults_task scheduled__2024-06-11T00:00:00+00:00 [running]> on host c05e5b3efdbc
[2024-06-12T13:31:34.235+0000] {taskinstance.py:2648} INFO - Exporting env vars: AIRFLOW_CTX_DAG_OWNER='***' AIRFLOW_CTX_DAG_ID='f1_data_pipeline_taskflow' AIRFLOW_CTX_TASK_ID='load_raceResults_task' AIRFLOW_CTX_EXECUTION_DATE='2024-06-11T00:00:00+00:00' AIRFLOW_CTX_TRY_NUMBER='1' AIRFLOW_CTX_DAG_RUN_ID='scheduled__2024-06-11T00:00:00+00:00'
[2024-06-12T13:31:34.236+0000] {taskinstance.py:430} INFO - ::endgroup::
[2024-06-12T13:31:34.237+0000] {crypto.py:82} WARNING - empty cryptography key - values will not be stored encrypted.
[2024-06-12T13:31:34.237+0000] {base.py:84} INFO - Using connection ID 'sourcedb_connection' for task execution.
[2024-06-12T13:31:34.461+0000] {python.py:237} INFO - Done. Returned value was: None
[2024-06-12T13:31:34.461+0000] {taskinstance.py:441} INFO - ::group::Post task execution logs
[2024-06-12T13:31:34.469+0000] {taskinstance.py:1206} INFO - Marking task as SUCCESS. dag_id=f1_data_pipeline_taskflow, task_id=load_raceResults_task, run_id=scheduled__2024-06-11T00:00:00+00:00, execution_date=20240611T000000, start_date=20240612T133134, end_date=20240612T133134
[2024-06-12T13:31:34.489+0000] {local_task_job_runner.py:240} INFO - Task exited with return code 0
[2024-06-12T13:31:34.501+0000] {taskinstance.py:3498} INFO - 0 downstream tasks scheduled from follow-on schedule check
[2024-06-12T13:31:34.502+0000] {local_task_job_runner.py:222} INFO - ::endgroup::
