[2024-06-10T07:44:33.728+0000] {local_task_job_runner.py:120} INFO - ::group::Pre task execution logs
[2024-06-10T07:44:33.742+0000] {taskinstance.py:2076} INFO - Dependencies all met for dep_context=non-requeueable deps ti=<TaskInstance: f1_data_pipeline_taskflow_with_kafka.wait_for_etl_dag scheduled__2024-06-09T00:00:00+00:00 [queued]>
[2024-06-10T07:44:33.746+0000] {taskinstance.py:2076} INFO - Dependencies all met for dep_context=requeueable deps ti=<TaskInstance: f1_data_pipeline_taskflow_with_kafka.wait_for_etl_dag scheduled__2024-06-09T00:00:00+00:00 [queued]>
[2024-06-10T07:44:33.747+0000] {taskinstance.py:2306} INFO - Starting attempt 1 of 1
[2024-06-10T07:44:33.756+0000] {taskinstance.py:2330} INFO - Executing <Task(ExternalTaskSensor): wait_for_etl_dag> on 2024-06-09 00:00:00+00:00
[2024-06-10T07:44:33.760+0000] {warnings.py:110} WARNING - /home/***/.local/lib/python3.12/site-packages/***/task/task_runner/standard_task_runner.py:61: DeprecationWarning: This process (pid=613) is multi-threaded, use of fork() may lead to deadlocks in the child.
  pid = os.fork()

[2024-06-10T07:44:33.761+0000] {standard_task_runner.py:63} INFO - Started process 620 to run task
[2024-06-10T07:44:33.762+0000] {standard_task_runner.py:90} INFO - Running: ['***', 'tasks', 'run', 'f1_data_pipeline_taskflow_with_kafka', 'wait_for_etl_dag', 'scheduled__2024-06-09T00:00:00+00:00', '--job-id', '34', '--raw', '--subdir', 'DAGS_FOLDER/kafkaProduce.py', '--cfg-path', '/tmp/tmpb2sbbrz6']
[2024-06-10T07:44:33.763+0000] {standard_task_runner.py:91} INFO - Job 34: Subtask wait_for_etl_dag
[2024-06-10T07:44:33.808+0000] {task_command.py:426} INFO - Running <TaskInstance: f1_data_pipeline_taskflow_with_kafka.wait_for_etl_dag scheduled__2024-06-09T00:00:00+00:00 [running]> on host e8457e1e96c0
[2024-06-10T07:44:33.891+0000] {taskinstance.py:2648} INFO - Exporting env vars: AIRFLOW_CTX_DAG_OWNER='***' AIRFLOW_CTX_DAG_ID='f1_data_pipeline_taskflow_with_kafka' AIRFLOW_CTX_TASK_ID='wait_for_etl_dag' AIRFLOW_CTX_EXECUTION_DATE='2024-06-09T00:00:00+00:00' AIRFLOW_CTX_TRY_NUMBER='1' AIRFLOW_CTX_DAG_RUN_ID='scheduled__2024-06-09T00:00:00+00:00'
[2024-06-10T07:44:33.892+0000] {taskinstance.py:430} INFO - ::endgroup::
[2024-06-10T07:44:33.893+0000] {baseoperator.py:399} WARNING - ExternalTaskSensor.execute cannot be called outside TaskInstance!
[2024-06-10T07:44:33.893+0000] {external_task.py:274} INFO - Poking for DAG 'f1_data_pipeline_taskflow' on 2024-06-09T00:00:00+00:00 ... 
[2024-06-10T07:44:33.894+0000] {warnings.py:110} WARNING - /home/***/.local/lib/python3.12/site-packages/***/utils/session.py:79: DeprecationWarning: This method is deprecated and will be removed in future.
  return func(*args, session=session, **kwargs)

[2024-06-10T07:44:33.901+0000] {base.py:294} INFO - Success criteria met. Exiting.
[2024-06-10T07:44:33.901+0000] {taskinstance.py:441} INFO - ::group::Post task execution logs
[2024-06-10T07:44:33.909+0000] {taskinstance.py:1206} INFO - Marking task as SUCCESS. dag_id=f1_data_pipeline_taskflow_with_kafka, task_id=wait_for_etl_dag, run_id=scheduled__2024-06-09T00:00:00+00:00, execution_date=20240609T000000, start_date=20240610T074433, end_date=20240610T074433
[2024-06-10T07:44:33.934+0000] {local_task_job_runner.py:240} INFO - Task exited with return code 0
[2024-06-10T07:44:33.947+0000] {taskinstance.py:3498} INFO - 0 downstream tasks scheduled from follow-on schedule check
[2024-06-10T07:44:33.948+0000] {local_task_job_runner.py:222} INFO - ::endgroup::
[2024-06-10T08:20:59.944+0000] {local_task_job_runner.py:120} INFO - ::group::Pre task execution logs
[2024-06-10T08:20:59.961+0000] {taskinstance.py:2076} INFO - Dependencies all met for dep_context=non-requeueable deps ti=<TaskInstance: f1_data_pipeline_taskflow_with_kafka.wait_for_etl_dag scheduled__2024-06-09T00:00:00+00:00 [queued]>
[2024-06-10T08:20:59.966+0000] {taskinstance.py:2076} INFO - Dependencies all met for dep_context=requeueable deps ti=<TaskInstance: f1_data_pipeline_taskflow_with_kafka.wait_for_etl_dag scheduled__2024-06-09T00:00:00+00:00 [queued]>
[2024-06-10T08:20:59.966+0000] {taskinstance.py:2306} INFO - Starting attempt 1 of 1
[2024-06-10T08:20:59.976+0000] {taskinstance.py:2330} INFO - Executing <Task(ExternalTaskSensor): wait_for_etl_dag> on 2024-06-09 00:00:00+00:00
[2024-06-10T08:20:59.981+0000] {warnings.py:110} WARNING - /home/***/.local/lib/python3.12/site-packages/***/task/task_runner/standard_task_runner.py:61: DeprecationWarning: This process (pid=594) is multi-threaded, use of fork() may lead to deadlocks in the child.
  pid = os.fork()

[2024-06-10T08:20:59.982+0000] {standard_task_runner.py:63} INFO - Started process 599 to run task
[2024-06-10T08:20:59.982+0000] {standard_task_runner.py:90} INFO - Running: ['***', 'tasks', 'run', 'f1_data_pipeline_taskflow_with_kafka', 'wait_for_etl_dag', 'scheduled__2024-06-09T00:00:00+00:00', '--job-id', '32', '--raw', '--subdir', 'DAGS_FOLDER/kafkaProduce.py', '--cfg-path', '/tmp/tmpu5yt_9zy']
[2024-06-10T08:20:59.984+0000] {standard_task_runner.py:91} INFO - Job 32: Subtask wait_for_etl_dag
[2024-06-10T08:21:00.025+0000] {task_command.py:426} INFO - Running <TaskInstance: f1_data_pipeline_taskflow_with_kafka.wait_for_etl_dag scheduled__2024-06-09T00:00:00+00:00 [running]> on host 1d74a271cedb
[2024-06-10T08:21:00.088+0000] {taskinstance.py:2648} INFO - Exporting env vars: AIRFLOW_CTX_DAG_OWNER='***' AIRFLOW_CTX_DAG_ID='f1_data_pipeline_taskflow_with_kafka' AIRFLOW_CTX_TASK_ID='wait_for_etl_dag' AIRFLOW_CTX_EXECUTION_DATE='2024-06-09T00:00:00+00:00' AIRFLOW_CTX_TRY_NUMBER='1' AIRFLOW_CTX_DAG_RUN_ID='scheduled__2024-06-09T00:00:00+00:00'
[2024-06-10T08:21:00.090+0000] {taskinstance.py:430} INFO - ::endgroup::
[2024-06-10T08:21:00.091+0000] {baseoperator.py:399} WARNING - ExternalTaskSensor.execute cannot be called outside TaskInstance!
[2024-06-10T08:21:00.091+0000] {external_task.py:274} INFO - Poking for DAG 'f1_data_pipeline_taskflow' on 2024-06-09T00:00:00+00:00 ... 
[2024-06-10T08:21:00.091+0000] {warnings.py:110} WARNING - /home/***/.local/lib/python3.12/site-packages/***/utils/session.py:79: DeprecationWarning: This method is deprecated and will be removed in future.
  return func(*args, session=session, **kwargs)

[2024-06-10T08:21:00.098+0000] {base.py:294} INFO - Success criteria met. Exiting.
[2024-06-10T08:21:00.098+0000] {taskinstance.py:441} INFO - ::group::Post task execution logs
[2024-06-10T08:21:00.105+0000] {taskinstance.py:1206} INFO - Marking task as SUCCESS. dag_id=f1_data_pipeline_taskflow_with_kafka, task_id=wait_for_etl_dag, run_id=scheduled__2024-06-09T00:00:00+00:00, execution_date=20240609T000000, start_date=20240610T082059, end_date=20240610T082100
[2024-06-10T08:21:00.156+0000] {local_task_job_runner.py:240} INFO - Task exited with return code 0
[2024-06-10T08:21:00.168+0000] {taskinstance.py:3498} INFO - 0 downstream tasks scheduled from follow-on schedule check
[2024-06-10T08:21:00.170+0000] {local_task_job_runner.py:222} INFO - ::endgroup::
[2024-06-10T08:32:54.224+0000] {local_task_job_runner.py:120} INFO - ::group::Pre task execution logs
[2024-06-10T08:32:54.239+0000] {taskinstance.py:2076} INFO - Dependencies all met for dep_context=non-requeueable deps ti=<TaskInstance: f1_data_pipeline_taskflow_with_kafka.wait_for_etl_dag scheduled__2024-06-09T00:00:00+00:00 [queued]>
[2024-06-10T08:32:54.244+0000] {taskinstance.py:2076} INFO - Dependencies all met for dep_context=requeueable deps ti=<TaskInstance: f1_data_pipeline_taskflow_with_kafka.wait_for_etl_dag scheduled__2024-06-09T00:00:00+00:00 [queued]>
[2024-06-10T08:32:54.244+0000] {taskinstance.py:2306} INFO - Starting attempt 1 of 1
[2024-06-10T08:32:54.254+0000] {taskinstance.py:2330} INFO - Executing <Task(ExternalTaskSensor): wait_for_etl_dag> on 2024-06-09 00:00:00+00:00
[2024-06-10T08:32:54.258+0000] {warnings.py:110} WARNING - /home/***/.local/lib/python3.12/site-packages/***/task/task_runner/standard_task_runner.py:61: DeprecationWarning: This process (pid=606) is multi-threaded, use of fork() may lead to deadlocks in the child.
  pid = os.fork()

[2024-06-10T08:32:54.259+0000] {standard_task_runner.py:63} INFO - Started process 616 to run task
[2024-06-10T08:32:54.260+0000] {standard_task_runner.py:90} INFO - Running: ['***', 'tasks', 'run', 'f1_data_pipeline_taskflow_with_kafka', 'wait_for_etl_dag', 'scheduled__2024-06-09T00:00:00+00:00', '--job-id', '32', '--raw', '--subdir', 'DAGS_FOLDER/kafkaProduce.py', '--cfg-path', '/tmp/tmprvn28es2']
[2024-06-10T08:32:54.261+0000] {standard_task_runner.py:91} INFO - Job 32: Subtask wait_for_etl_dag
[2024-06-10T08:32:54.296+0000] {task_command.py:426} INFO - Running <TaskInstance: f1_data_pipeline_taskflow_with_kafka.wait_for_etl_dag scheduled__2024-06-09T00:00:00+00:00 [running]> on host c0d58a373fda
[2024-06-10T08:32:54.370+0000] {taskinstance.py:2648} INFO - Exporting env vars: AIRFLOW_CTX_DAG_OWNER='***' AIRFLOW_CTX_DAG_ID='f1_data_pipeline_taskflow_with_kafka' AIRFLOW_CTX_TASK_ID='wait_for_etl_dag' AIRFLOW_CTX_EXECUTION_DATE='2024-06-09T00:00:00+00:00' AIRFLOW_CTX_TRY_NUMBER='1' AIRFLOW_CTX_DAG_RUN_ID='scheduled__2024-06-09T00:00:00+00:00'
[2024-06-10T08:32:54.371+0000] {taskinstance.py:430} INFO - ::endgroup::
[2024-06-10T08:32:54.371+0000] {baseoperator.py:399} WARNING - ExternalTaskSensor.execute cannot be called outside TaskInstance!
[2024-06-10T08:32:54.372+0000] {external_task.py:274} INFO - Poking for DAG 'f1_data_pipeline_taskflow' on 2024-06-09T00:00:00+00:00 ... 
[2024-06-10T08:32:54.372+0000] {warnings.py:110} WARNING - /home/***/.local/lib/python3.12/site-packages/***/utils/session.py:79: DeprecationWarning: This method is deprecated and will be removed in future.
  return func(*args, session=session, **kwargs)

[2024-06-10T08:32:54.381+0000] {base.py:294} INFO - Success criteria met. Exiting.
[2024-06-10T08:32:54.382+0000] {taskinstance.py:441} INFO - ::group::Post task execution logs
[2024-06-10T08:32:54.392+0000] {taskinstance.py:1206} INFO - Marking task as SUCCESS. dag_id=f1_data_pipeline_taskflow_with_kafka, task_id=wait_for_etl_dag, run_id=scheduled__2024-06-09T00:00:00+00:00, execution_date=20240609T000000, start_date=20240610T083254, end_date=20240610T083254
[2024-06-10T08:32:54.433+0000] {local_task_job_runner.py:240} INFO - Task exited with return code 0
[2024-06-10T08:32:54.446+0000] {taskinstance.py:3498} INFO - 0 downstream tasks scheduled from follow-on schedule check
[2024-06-10T08:32:54.448+0000] {local_task_job_runner.py:222} INFO - ::endgroup::
[2024-06-10T08:46:41.268+0000] {local_task_job_runner.py:120} INFO - ::group::Pre task execution logs
[2024-06-10T08:46:41.287+0000] {taskinstance.py:2076} INFO - Dependencies all met for dep_context=non-requeueable deps ti=<TaskInstance: f1_data_pipeline_taskflow_with_kafka.wait_for_etl_dag scheduled__2024-06-09T00:00:00+00:00 [queued]>
[2024-06-10T08:46:41.298+0000] {taskinstance.py:2076} INFO - Dependencies all met for dep_context=requeueable deps ti=<TaskInstance: f1_data_pipeline_taskflow_with_kafka.wait_for_etl_dag scheduled__2024-06-09T00:00:00+00:00 [queued]>
[2024-06-10T08:46:41.299+0000] {taskinstance.py:2306} INFO - Starting attempt 1 of 1
[2024-06-10T08:46:41.319+0000] {taskinstance.py:2330} INFO - Executing <Task(ExternalTaskSensor): wait_for_etl_dag> on 2024-06-09 00:00:00+00:00
[2024-06-10T08:46:41.325+0000] {warnings.py:110} WARNING - /home/***/.local/lib/python3.12/site-packages/***/task/task_runner/standard_task_runner.py:61: DeprecationWarning: This process (pid=588) is multi-threaded, use of fork() may lead to deadlocks in the child.
  pid = os.fork()

[2024-06-10T08:46:41.327+0000] {standard_task_runner.py:63} INFO - Started process 596 to run task
[2024-06-10T08:46:41.328+0000] {standard_task_runner.py:90} INFO - Running: ['***', 'tasks', 'run', 'f1_data_pipeline_taskflow_with_kafka', 'wait_for_etl_dag', 'scheduled__2024-06-09T00:00:00+00:00', '--job-id', '34', '--raw', '--subdir', 'DAGS_FOLDER/kafkaProduce.py', '--cfg-path', '/tmp/tmpts5ottpr']
[2024-06-10T08:46:41.330+0000] {standard_task_runner.py:91} INFO - Job 34: Subtask wait_for_etl_dag
[2024-06-10T08:46:41.393+0000] {task_command.py:426} INFO - Running <TaskInstance: f1_data_pipeline_taskflow_with_kafka.wait_for_etl_dag scheduled__2024-06-09T00:00:00+00:00 [running]> on host 27b2ec5a9b2d
[2024-06-10T08:46:41.467+0000] {taskinstance.py:2648} INFO - Exporting env vars: AIRFLOW_CTX_DAG_OWNER='***' AIRFLOW_CTX_DAG_ID='f1_data_pipeline_taskflow_with_kafka' AIRFLOW_CTX_TASK_ID='wait_for_etl_dag' AIRFLOW_CTX_EXECUTION_DATE='2024-06-09T00:00:00+00:00' AIRFLOW_CTX_TRY_NUMBER='1' AIRFLOW_CTX_DAG_RUN_ID='scheduled__2024-06-09T00:00:00+00:00'
[2024-06-10T08:46:41.468+0000] {taskinstance.py:430} INFO - ::endgroup::
[2024-06-10T08:46:41.469+0000] {baseoperator.py:399} WARNING - ExternalTaskSensor.execute cannot be called outside TaskInstance!
[2024-06-10T08:46:41.469+0000] {external_task.py:274} INFO - Poking for DAG 'f1_data_pipeline_taskflow' on 2024-06-09T00:00:00+00:00 ... 
[2024-06-10T08:46:41.470+0000] {warnings.py:110} WARNING - /home/***/.local/lib/python3.12/site-packages/***/utils/session.py:79: DeprecationWarning: This method is deprecated and will be removed in future.
  return func(*args, session=session, **kwargs)

[2024-06-10T08:46:41.475+0000] {base.py:294} INFO - Success criteria met. Exiting.
[2024-06-10T08:46:41.475+0000] {taskinstance.py:441} INFO - ::group::Post task execution logs
[2024-06-10T08:46:41.483+0000] {taskinstance.py:1206} INFO - Marking task as SUCCESS. dag_id=f1_data_pipeline_taskflow_with_kafka, task_id=wait_for_etl_dag, run_id=scheduled__2024-06-09T00:00:00+00:00, execution_date=20240609T000000, start_date=20240610T084641, end_date=20240610T084641
[2024-06-10T08:46:41.502+0000] {local_task_job_runner.py:240} INFO - Task exited with return code 0
[2024-06-10T08:46:41.514+0000] {taskinstance.py:3498} INFO - 0 downstream tasks scheduled from follow-on schedule check
[2024-06-10T08:46:41.516+0000] {local_task_job_runner.py:222} INFO - ::endgroup::
[2024-06-10T09:02:07.060+0000] {local_task_job_runner.py:120} INFO - ::group::Pre task execution logs
[2024-06-10T09:02:07.078+0000] {taskinstance.py:2076} INFO - Dependencies all met for dep_context=non-requeueable deps ti=<TaskInstance: f1_data_pipeline_taskflow_with_kafka.wait_for_etl_dag scheduled__2024-06-09T00:00:00+00:00 [queued]>
[2024-06-10T09:02:07.084+0000] {taskinstance.py:2076} INFO - Dependencies all met for dep_context=requeueable deps ti=<TaskInstance: f1_data_pipeline_taskflow_with_kafka.wait_for_etl_dag scheduled__2024-06-09T00:00:00+00:00 [queued]>
[2024-06-10T09:02:07.084+0000] {taskinstance.py:2306} INFO - Starting attempt 1 of 1
[2024-06-10T09:02:07.095+0000] {taskinstance.py:2330} INFO - Executing <Task(ExternalTaskSensor): wait_for_etl_dag> on 2024-06-09 00:00:00+00:00
[2024-06-10T09:02:07.101+0000] {warnings.py:110} WARNING - /home/***/.local/lib/python3.12/site-packages/***/task/task_runner/standard_task_runner.py:61: DeprecationWarning: This process (pid=586) is multi-threaded, use of fork() may lead to deadlocks in the child.
  pid = os.fork()

[2024-06-10T09:02:07.102+0000] {standard_task_runner.py:63} INFO - Started process 592 to run task
[2024-06-10T09:02:07.103+0000] {standard_task_runner.py:90} INFO - Running: ['***', 'tasks', 'run', 'f1_data_pipeline_taskflow_with_kafka', 'wait_for_etl_dag', 'scheduled__2024-06-09T00:00:00+00:00', '--job-id', '32', '--raw', '--subdir', 'DAGS_FOLDER/kafkaProduce.py', '--cfg-path', '/tmp/tmpec38u1eu']
[2024-06-10T09:02:07.104+0000] {standard_task_runner.py:91} INFO - Job 32: Subtask wait_for_etl_dag
[2024-06-10T09:02:07.147+0000] {task_command.py:426} INFO - Running <TaskInstance: f1_data_pipeline_taskflow_with_kafka.wait_for_etl_dag scheduled__2024-06-09T00:00:00+00:00 [running]> on host 288f51e0edb6
[2024-06-10T09:02:07.210+0000] {taskinstance.py:2648} INFO - Exporting env vars: AIRFLOW_CTX_DAG_OWNER='***' AIRFLOW_CTX_DAG_ID='f1_data_pipeline_taskflow_with_kafka' AIRFLOW_CTX_TASK_ID='wait_for_etl_dag' AIRFLOW_CTX_EXECUTION_DATE='2024-06-09T00:00:00+00:00' AIRFLOW_CTX_TRY_NUMBER='1' AIRFLOW_CTX_DAG_RUN_ID='scheduled__2024-06-09T00:00:00+00:00'
[2024-06-10T09:02:07.212+0000] {taskinstance.py:430} INFO - ::endgroup::
[2024-06-10T09:02:07.212+0000] {baseoperator.py:399} WARNING - ExternalTaskSensor.execute cannot be called outside TaskInstance!
[2024-06-10T09:02:07.213+0000] {external_task.py:274} INFO - Poking for DAG 'f1_data_pipeline_taskflow' on 2024-06-09T00:00:00+00:00 ... 
[2024-06-10T09:02:07.213+0000] {warnings.py:110} WARNING - /home/***/.local/lib/python3.12/site-packages/***/utils/session.py:79: DeprecationWarning: This method is deprecated and will be removed in future.
  return func(*args, session=session, **kwargs)

[2024-06-10T09:02:07.219+0000] {base.py:294} INFO - Success criteria met. Exiting.
[2024-06-10T09:02:07.219+0000] {taskinstance.py:441} INFO - ::group::Post task execution logs
[2024-06-10T09:02:07.226+0000] {taskinstance.py:1206} INFO - Marking task as SUCCESS. dag_id=f1_data_pipeline_taskflow_with_kafka, task_id=wait_for_etl_dag, run_id=scheduled__2024-06-09T00:00:00+00:00, execution_date=20240609T000000, start_date=20240610T090207, end_date=20240610T090207
[2024-06-10T09:02:07.276+0000] {local_task_job_runner.py:240} INFO - Task exited with return code 0
[2024-06-10T09:02:07.287+0000] {taskinstance.py:3498} INFO - 0 downstream tasks scheduled from follow-on schedule check
[2024-06-10T09:02:07.289+0000] {local_task_job_runner.py:222} INFO - ::endgroup::
[2024-06-10T09:12:27.951+0000] {local_task_job_runner.py:120} INFO - ::group::Pre task execution logs
[2024-06-10T09:12:27.966+0000] {taskinstance.py:2076} INFO - Dependencies all met for dep_context=non-requeueable deps ti=<TaskInstance: f1_data_pipeline_taskflow_with_kafka.wait_for_etl_dag scheduled__2024-06-09T00:00:00+00:00 [queued]>
[2024-06-10T09:12:27.971+0000] {taskinstance.py:2076} INFO - Dependencies all met for dep_context=requeueable deps ti=<TaskInstance: f1_data_pipeline_taskflow_with_kafka.wait_for_etl_dag scheduled__2024-06-09T00:00:00+00:00 [queued]>
[2024-06-10T09:12:27.971+0000] {taskinstance.py:2306} INFO - Starting attempt 1 of 1
[2024-06-10T09:12:27.981+0000] {taskinstance.py:2330} INFO - Executing <Task(ExternalTaskSensor): wait_for_etl_dag> on 2024-06-09 00:00:00+00:00
[2024-06-10T09:12:27.987+0000] {warnings.py:110} WARNING - /home/***/.local/lib/python3.12/site-packages/***/task/task_runner/standard_task_runner.py:61: DeprecationWarning: This process (pid=583) is multi-threaded, use of fork() may lead to deadlocks in the child.
  pid = os.fork()

[2024-06-10T09:12:27.988+0000] {standard_task_runner.py:63} INFO - Started process 591 to run task
[2024-06-10T09:12:27.989+0000] {standard_task_runner.py:90} INFO - Running: ['***', 'tasks', 'run', 'f1_data_pipeline_taskflow_with_kafka', 'wait_for_etl_dag', 'scheduled__2024-06-09T00:00:00+00:00', '--job-id', '35', '--raw', '--subdir', 'DAGS_FOLDER/kafkaProduce.py', '--cfg-path', '/tmp/tmpi65ze4yl']
[2024-06-10T09:12:27.991+0000] {standard_task_runner.py:91} INFO - Job 35: Subtask wait_for_etl_dag
[2024-06-10T09:12:28.024+0000] {task_command.py:426} INFO - Running <TaskInstance: f1_data_pipeline_taskflow_with_kafka.wait_for_etl_dag scheduled__2024-06-09T00:00:00+00:00 [running]> on host 474224cb5bf2
[2024-06-10T09:12:28.083+0000] {taskinstance.py:2648} INFO - Exporting env vars: AIRFLOW_CTX_DAG_OWNER='***' AIRFLOW_CTX_DAG_ID='f1_data_pipeline_taskflow_with_kafka' AIRFLOW_CTX_TASK_ID='wait_for_etl_dag' AIRFLOW_CTX_EXECUTION_DATE='2024-06-09T00:00:00+00:00' AIRFLOW_CTX_TRY_NUMBER='1' AIRFLOW_CTX_DAG_RUN_ID='scheduled__2024-06-09T00:00:00+00:00'
[2024-06-10T09:12:28.085+0000] {taskinstance.py:430} INFO - ::endgroup::
[2024-06-10T09:12:28.085+0000] {baseoperator.py:399} WARNING - ExternalTaskSensor.execute cannot be called outside TaskInstance!
[2024-06-10T09:12:28.085+0000] {external_task.py:274} INFO - Poking for DAG 'f1_data_pipeline_taskflow' on 2024-06-09T00:00:00+00:00 ... 
[2024-06-10T09:12:28.086+0000] {warnings.py:110} WARNING - /home/***/.local/lib/python3.12/site-packages/***/utils/session.py:79: DeprecationWarning: This method is deprecated and will be removed in future.
  return func(*args, session=session, **kwargs)

[2024-06-10T09:12:28.092+0000] {base.py:294} INFO - Success criteria met. Exiting.
[2024-06-10T09:12:28.092+0000] {taskinstance.py:441} INFO - ::group::Post task execution logs
[2024-06-10T09:12:28.099+0000] {taskinstance.py:1206} INFO - Marking task as SUCCESS. dag_id=f1_data_pipeline_taskflow_with_kafka, task_id=wait_for_etl_dag, run_id=scheduled__2024-06-09T00:00:00+00:00, execution_date=20240609T000000, start_date=20240610T091227, end_date=20240610T091228
[2024-06-10T09:12:28.121+0000] {local_task_job_runner.py:240} INFO - Task exited with return code 0
[2024-06-10T09:12:28.132+0000] {taskinstance.py:3498} INFO - 0 downstream tasks scheduled from follow-on schedule check
[2024-06-10T09:12:28.134+0000] {local_task_job_runner.py:222} INFO - ::endgroup::
[2024-06-10T09:51:04.576+0000] {local_task_job_runner.py:120} INFO - ::group::Pre task execution logs
[2024-06-10T09:51:04.591+0000] {taskinstance.py:2076} INFO - Dependencies all met for dep_context=non-requeueable deps ti=<TaskInstance: f1_data_pipeline_taskflow_with_kafka.wait_for_etl_dag scheduled__2024-06-09T00:00:00+00:00 [queued]>
[2024-06-10T09:51:04.597+0000] {taskinstance.py:2076} INFO - Dependencies all met for dep_context=requeueable deps ti=<TaskInstance: f1_data_pipeline_taskflow_with_kafka.wait_for_etl_dag scheduled__2024-06-09T00:00:00+00:00 [queued]>
[2024-06-10T09:51:04.597+0000] {taskinstance.py:2306} INFO - Starting attempt 1 of 1
[2024-06-10T09:51:04.605+0000] {taskinstance.py:2330} INFO - Executing <Task(ExternalTaskSensor): wait_for_etl_dag> on 2024-06-09 00:00:00+00:00
[2024-06-10T09:51:04.611+0000] {warnings.py:110} WARNING - /home/***/.local/lib/python3.12/site-packages/***/task/task_runner/standard_task_runner.py:61: DeprecationWarning: This process (pid=681) is multi-threaded, use of fork() may lead to deadlocks in the child.
  pid = os.fork()

[2024-06-10T09:51:04.612+0000] {standard_task_runner.py:63} INFO - Started process 687 to run task
[2024-06-10T09:51:04.612+0000] {standard_task_runner.py:90} INFO - Running: ['***', 'tasks', 'run', 'f1_data_pipeline_taskflow_with_kafka', 'wait_for_etl_dag', 'scheduled__2024-06-09T00:00:00+00:00', '--job-id', '33', '--raw', '--subdir', 'DAGS_FOLDER/kafkaProduce.py', '--cfg-path', '/tmp/tmp1qw7__a7']
[2024-06-10T09:51:04.613+0000] {standard_task_runner.py:91} INFO - Job 33: Subtask wait_for_etl_dag
[2024-06-10T09:51:04.658+0000] {task_command.py:426} INFO - Running <TaskInstance: f1_data_pipeline_taskflow_with_kafka.wait_for_etl_dag scheduled__2024-06-09T00:00:00+00:00 [running]> on host 1c3d326a454c
[2024-06-10T09:51:04.723+0000] {taskinstance.py:2648} INFO - Exporting env vars: AIRFLOW_CTX_DAG_OWNER='***' AIRFLOW_CTX_DAG_ID='f1_data_pipeline_taskflow_with_kafka' AIRFLOW_CTX_TASK_ID='wait_for_etl_dag' AIRFLOW_CTX_EXECUTION_DATE='2024-06-09T00:00:00+00:00' AIRFLOW_CTX_TRY_NUMBER='1' AIRFLOW_CTX_DAG_RUN_ID='scheduled__2024-06-09T00:00:00+00:00'
[2024-06-10T09:51:04.724+0000] {taskinstance.py:430} INFO - ::endgroup::
[2024-06-10T09:51:04.725+0000] {baseoperator.py:399} WARNING - ExternalTaskSensor.execute cannot be called outside TaskInstance!
[2024-06-10T09:51:04.725+0000] {external_task.py:274} INFO - Poking for DAG 'f1_data_pipeline_taskflow' on 2024-06-09T00:00:00+00:00 ... 
[2024-06-10T09:51:04.725+0000] {warnings.py:110} WARNING - /home/***/.local/lib/python3.12/site-packages/***/utils/session.py:79: DeprecationWarning: This method is deprecated and will be removed in future.
  return func(*args, session=session, **kwargs)

[2024-06-10T09:51:04.732+0000] {base.py:294} INFO - Success criteria met. Exiting.
[2024-06-10T09:51:04.732+0000] {taskinstance.py:441} INFO - ::group::Post task execution logs
[2024-06-10T09:51:04.740+0000] {taskinstance.py:1206} INFO - Marking task as SUCCESS. dag_id=f1_data_pipeline_taskflow_with_kafka, task_id=wait_for_etl_dag, run_id=scheduled__2024-06-09T00:00:00+00:00, execution_date=20240609T000000, start_date=20240610T095104, end_date=20240610T095104
[2024-06-10T09:51:04.785+0000] {local_task_job_runner.py:240} INFO - Task exited with return code 0
[2024-06-10T09:51:04.796+0000] {taskinstance.py:3498} INFO - 0 downstream tasks scheduled from follow-on schedule check
[2024-06-10T09:51:04.798+0000] {local_task_job_runner.py:222} INFO - ::endgroup::
[2024-06-10T11:56:30.879+0000] {local_task_job_runner.py:120} INFO - ::group::Pre task execution logs
[2024-06-10T11:56:30.894+0000] {taskinstance.py:2076} INFO - Dependencies all met for dep_context=non-requeueable deps ti=<TaskInstance: f1_data_pipeline_taskflow_with_kafka.wait_for_etl_dag scheduled__2024-06-09T00:00:00+00:00 [queued]>
[2024-06-10T11:56:30.900+0000] {taskinstance.py:2076} INFO - Dependencies all met for dep_context=requeueable deps ti=<TaskInstance: f1_data_pipeline_taskflow_with_kafka.wait_for_etl_dag scheduled__2024-06-09T00:00:00+00:00 [queued]>
[2024-06-10T11:56:30.900+0000] {taskinstance.py:2306} INFO - Starting attempt 1 of 1
[2024-06-10T11:56:30.909+0000] {taskinstance.py:2330} INFO - Executing <Task(ExternalTaskSensor): wait_for_etl_dag> on 2024-06-09 00:00:00+00:00
[2024-06-10T11:56:30.915+0000] {warnings.py:110} WARNING - /home/***/.local/lib/python3.12/site-packages/***/task/task_runner/standard_task_runner.py:61: DeprecationWarning: This process (pid=586) is multi-threaded, use of fork() may lead to deadlocks in the child.
  pid = os.fork()

[2024-06-10T11:56:30.916+0000] {standard_task_runner.py:63} INFO - Started process 593 to run task
[2024-06-10T11:56:30.916+0000] {standard_task_runner.py:90} INFO - Running: ['***', 'tasks', 'run', 'f1_data_pipeline_taskflow_with_kafka', 'wait_for_etl_dag', 'scheduled__2024-06-09T00:00:00+00:00', '--job-id', '32', '--raw', '--subdir', 'DAGS_FOLDER/kafkaProduce.py', '--cfg-path', '/tmp/tmpbrifeyaw']
[2024-06-10T11:56:30.918+0000] {standard_task_runner.py:91} INFO - Job 32: Subtask wait_for_etl_dag
[2024-06-10T11:56:30.953+0000] {task_command.py:426} INFO - Running <TaskInstance: f1_data_pipeline_taskflow_with_kafka.wait_for_etl_dag scheduled__2024-06-09T00:00:00+00:00 [running]> on host aea94abb9e1c
[2024-06-10T11:56:31.011+0000] {taskinstance.py:2648} INFO - Exporting env vars: AIRFLOW_CTX_DAG_OWNER='***' AIRFLOW_CTX_DAG_ID='f1_data_pipeline_taskflow_with_kafka' AIRFLOW_CTX_TASK_ID='wait_for_etl_dag' AIRFLOW_CTX_EXECUTION_DATE='2024-06-09T00:00:00+00:00' AIRFLOW_CTX_TRY_NUMBER='1' AIRFLOW_CTX_DAG_RUN_ID='scheduled__2024-06-09T00:00:00+00:00'
[2024-06-10T11:56:31.012+0000] {taskinstance.py:430} INFO - ::endgroup::
[2024-06-10T11:56:31.012+0000] {baseoperator.py:399} WARNING - ExternalTaskSensor.execute cannot be called outside TaskInstance!
[2024-06-10T11:56:31.012+0000] {external_task.py:274} INFO - Poking for DAG 'f1_data_pipeline_taskflow' on 2024-06-09T00:00:00+00:00 ... 
[2024-06-10T11:56:31.013+0000] {warnings.py:110} WARNING - /home/***/.local/lib/python3.12/site-packages/***/utils/session.py:79: DeprecationWarning: This method is deprecated and will be removed in future.
  return func(*args, session=session, **kwargs)

[2024-06-10T11:56:31.019+0000] {base.py:294} INFO - Success criteria met. Exiting.
[2024-06-10T11:56:31.019+0000] {taskinstance.py:441} INFO - ::group::Post task execution logs
[2024-06-10T11:56:31.026+0000] {taskinstance.py:1206} INFO - Marking task as SUCCESS. dag_id=f1_data_pipeline_taskflow_with_kafka, task_id=wait_for_etl_dag, run_id=scheduled__2024-06-09T00:00:00+00:00, execution_date=20240609T000000, start_date=20240610T115630, end_date=20240610T115631
[2024-06-10T11:56:31.049+0000] {local_task_job_runner.py:240} INFO - Task exited with return code 0
[2024-06-10T11:56:31.060+0000] {taskinstance.py:3498} INFO - 0 downstream tasks scheduled from follow-on schedule check
[2024-06-10T11:56:31.062+0000] {local_task_job_runner.py:222} INFO - ::endgroup::
[2024-06-10T12:00:56.635+0000] {local_task_job_runner.py:120} INFO - ::group::Pre task execution logs
[2024-06-10T12:00:56.651+0000] {taskinstance.py:2076} INFO - Dependencies all met for dep_context=non-requeueable deps ti=<TaskInstance: f1_data_pipeline_taskflow_with_kafka.wait_for_etl_dag scheduled__2024-06-09T00:00:00+00:00 [queued]>
[2024-06-10T12:00:56.656+0000] {taskinstance.py:2076} INFO - Dependencies all met for dep_context=requeueable deps ti=<TaskInstance: f1_data_pipeline_taskflow_with_kafka.wait_for_etl_dag scheduled__2024-06-09T00:00:00+00:00 [queued]>
[2024-06-10T12:00:56.656+0000] {taskinstance.py:2306} INFO - Starting attempt 1 of 1
[2024-06-10T12:00:56.664+0000] {taskinstance.py:2330} INFO - Executing <Task(ExternalTaskSensor): wait_for_etl_dag> on 2024-06-09 00:00:00+00:00
[2024-06-10T12:00:56.668+0000] {warnings.py:110} WARNING - /home/***/.local/lib/python3.12/site-packages/***/task/task_runner/standard_task_runner.py:61: DeprecationWarning: This process (pid=67) is multi-threaded, use of fork() may lead to deadlocks in the child.
  pid = os.fork()

[2024-06-10T12:00:56.669+0000] {standard_task_runner.py:63} INFO - Started process 76 to run task
[2024-06-10T12:00:56.670+0000] {standard_task_runner.py:90} INFO - Running: ['***', 'tasks', 'run', 'f1_data_pipeline_taskflow_with_kafka', 'wait_for_etl_dag', 'scheduled__2024-06-09T00:00:00+00:00', '--job-id', '5', '--raw', '--subdir', 'DAGS_FOLDER/kafkaProduce.py', '--cfg-path', '/tmp/tmpf08qu4nc']
[2024-06-10T12:00:56.672+0000] {standard_task_runner.py:91} INFO - Job 5: Subtask wait_for_etl_dag
[2024-06-10T12:00:56.709+0000] {task_command.py:426} INFO - Running <TaskInstance: f1_data_pipeline_taskflow_with_kafka.wait_for_etl_dag scheduled__2024-06-09T00:00:00+00:00 [running]> on host 9f08915b2e00
[2024-06-10T12:00:56.769+0000] {taskinstance.py:2648} INFO - Exporting env vars: AIRFLOW_CTX_DAG_OWNER='***' AIRFLOW_CTX_DAG_ID='f1_data_pipeline_taskflow_with_kafka' AIRFLOW_CTX_TASK_ID='wait_for_etl_dag' AIRFLOW_CTX_EXECUTION_DATE='2024-06-09T00:00:00+00:00' AIRFLOW_CTX_TRY_NUMBER='1' AIRFLOW_CTX_DAG_RUN_ID='scheduled__2024-06-09T00:00:00+00:00'
[2024-06-10T12:00:56.770+0000] {taskinstance.py:430} INFO - ::endgroup::
[2024-06-10T12:00:56.771+0000] {baseoperator.py:399} WARNING - ExternalTaskSensor.execute cannot be called outside TaskInstance!
[2024-06-10T12:00:56.771+0000] {external_task.py:274} INFO - Poking for DAG 'f1_data_pipeline_taskflow' on 2024-06-09T00:00:00+00:00 ... 
[2024-06-10T12:00:56.771+0000] {warnings.py:110} WARNING - /home/***/.local/lib/python3.12/site-packages/***/utils/session.py:79: DeprecationWarning: This method is deprecated and will be removed in future.
  return func(*args, session=session, **kwargs)

[2024-06-10T12:01:56.778+0000] {external_task.py:274} INFO - Poking for DAG 'f1_data_pipeline_taskflow' on 2024-06-09T00:00:00+00:00 ... 
[2024-06-10T12:02:56.785+0000] {external_task.py:274} INFO - Poking for DAG 'f1_data_pipeline_taskflow' on 2024-06-09T00:00:00+00:00 ... 
[2024-06-10T12:03:56.793+0000] {external_task.py:274} INFO - Poking for DAG 'f1_data_pipeline_taskflow' on 2024-06-09T00:00:00+00:00 ... 
[2024-06-10T12:04:56.799+0000] {external_task.py:274} INFO - Poking for DAG 'f1_data_pipeline_taskflow' on 2024-06-09T00:00:00+00:00 ... 
[2024-06-10T12:05:56.808+0000] {external_task.py:274} INFO - Poking for DAG 'f1_data_pipeline_taskflow' on 2024-06-09T00:00:00+00:00 ... 
[2024-06-10T12:06:56.816+0000] {external_task.py:274} INFO - Poking for DAG 'f1_data_pipeline_taskflow' on 2024-06-09T00:00:00+00:00 ... 
[2024-06-10T12:07:56.825+0000] {external_task.py:274} INFO - Poking for DAG 'f1_data_pipeline_taskflow' on 2024-06-09T00:00:00+00:00 ... 
[2024-06-10T12:08:56.835+0000] {external_task.py:274} INFO - Poking for DAG 'f1_data_pipeline_taskflow' on 2024-06-09T00:00:00+00:00 ... 
[2024-06-10T12:09:56.845+0000] {external_task.py:274} INFO - Poking for DAG 'f1_data_pipeline_taskflow' on 2024-06-09T00:00:00+00:00 ... 
[2024-06-10T12:21:54.462+0000] {local_task_job_runner.py:120} INFO - ::group::Pre task execution logs
[2024-06-10T12:21:54.479+0000] {taskinstance.py:2076} INFO - Dependencies all met for dep_context=non-requeueable deps ti=<TaskInstance: f1_data_pipeline_taskflow_with_kafka.wait_for_etl_dag scheduled__2024-06-09T00:00:00+00:00 [queued]>
[2024-06-10T12:21:54.484+0000] {taskinstance.py:2076} INFO - Dependencies all met for dep_context=requeueable deps ti=<TaskInstance: f1_data_pipeline_taskflow_with_kafka.wait_for_etl_dag scheduled__2024-06-09T00:00:00+00:00 [queued]>
[2024-06-10T12:21:54.484+0000] {taskinstance.py:2306} INFO - Starting attempt 1 of 1
[2024-06-10T12:21:54.493+0000] {taskinstance.py:2330} INFO - Executing <Task(ExternalTaskSensor): wait_for_etl_dag> on 2024-06-09 00:00:00+00:00
[2024-06-10T12:21:54.498+0000] {warnings.py:110} WARNING - /home/***/.local/lib/python3.12/site-packages/***/task/task_runner/standard_task_runner.py:61: DeprecationWarning: This process (pid=70) is multi-threaded, use of fork() may lead to deadlocks in the child.
  pid = os.fork()

[2024-06-10T12:21:54.500+0000] {standard_task_runner.py:63} INFO - Started process 76 to run task
[2024-06-10T12:21:54.501+0000] {standard_task_runner.py:90} INFO - Running: ['***', 'tasks', 'run', 'f1_data_pipeline_taskflow_with_kafka', 'wait_for_etl_dag', 'scheduled__2024-06-09T00:00:00+00:00', '--job-id', '5', '--raw', '--subdir', 'DAGS_FOLDER/kafkaProduce.py', '--cfg-path', '/tmp/tmpe7rvnn8t']
[2024-06-10T12:21:54.503+0000] {standard_task_runner.py:91} INFO - Job 5: Subtask wait_for_etl_dag
[2024-06-10T12:21:54.542+0000] {task_command.py:426} INFO - Running <TaskInstance: f1_data_pipeline_taskflow_with_kafka.wait_for_etl_dag scheduled__2024-06-09T00:00:00+00:00 [running]> on host 8c564bf57d84
[2024-06-10T12:21:54.603+0000] {taskinstance.py:2648} INFO - Exporting env vars: AIRFLOW_CTX_DAG_OWNER='***' AIRFLOW_CTX_DAG_ID='f1_data_pipeline_taskflow_with_kafka' AIRFLOW_CTX_TASK_ID='wait_for_etl_dag' AIRFLOW_CTX_EXECUTION_DATE='2024-06-09T00:00:00+00:00' AIRFLOW_CTX_TRY_NUMBER='1' AIRFLOW_CTX_DAG_RUN_ID='scheduled__2024-06-09T00:00:00+00:00'
[2024-06-10T12:21:54.604+0000] {taskinstance.py:430} INFO - ::endgroup::
[2024-06-10T12:21:54.604+0000] {baseoperator.py:399} WARNING - ExternalTaskSensor.execute cannot be called outside TaskInstance!
[2024-06-10T12:21:54.605+0000] {external_task.py:274} INFO - Poking for DAG 'etl_dag' on 2024-06-09T00:00:00+00:00 ... 
[2024-06-10T12:21:54.605+0000] {warnings.py:110} WARNING - /home/***/.local/lib/python3.12/site-packages/***/utils/session.py:79: DeprecationWarning: This method is deprecated and will be removed in future.
  return func(*args, session=session, **kwargs)

[2024-06-10T12:22:54.611+0000] {external_task.py:274} INFO - Poking for DAG 'etl_dag' on 2024-06-09T00:00:00+00:00 ... 
[2024-06-10T12:23:54.620+0000] {external_task.py:274} INFO - Poking for DAG 'etl_dag' on 2024-06-09T00:00:00+00:00 ... 
[2024-06-10T12:24:54.626+0000] {external_task.py:274} INFO - Poking for DAG 'etl_dag' on 2024-06-09T00:00:00+00:00 ... 
[2024-06-10T12:25:54.635+0000] {external_task.py:274} INFO - Poking for DAG 'etl_dag' on 2024-06-09T00:00:00+00:00 ... 
[2024-06-10T12:26:54.641+0000] {external_task.py:274} INFO - Poking for DAG 'etl_dag' on 2024-06-09T00:00:00+00:00 ... 
[2024-06-10T12:27:54.647+0000] {external_task.py:274} INFO - Poking for DAG 'etl_dag' on 2024-06-09T00:00:00+00:00 ... 
