[2024-06-04T07:13:51.843+0000] {local_task_job_runner.py:120} INFO - ::group::Pre task execution logs
[2024-06-04T07:13:51.860+0000] {taskinstance.py:2076} INFO - Dependencies all met for dep_context=non-requeueable deps ti=<TaskInstance: f1_data_pipeline_taskflow.raceDim_transform scheduled__2024-06-03T00:00:00+00:00 [queued]>
[2024-06-04T07:13:51.866+0000] {taskinstance.py:2076} INFO - Dependencies all met for dep_context=requeueable deps ti=<TaskInstance: f1_data_pipeline_taskflow.raceDim_transform scheduled__2024-06-03T00:00:00+00:00 [queued]>
[2024-06-04T07:13:51.867+0000] {taskinstance.py:2306} INFO - Starting attempt 1 of 1
[2024-06-04T07:13:51.876+0000] {taskinstance.py:2330} INFO - Executing <Task(_PythonDecoratedOperator): raceDim_transform> on 2024-06-03 00:00:00+00:00
[2024-06-04T07:13:51.882+0000] {warnings.py:110} WARNING - /home/***/.local/lib/python3.12/site-packages/***/task/task_runner/standard_task_runner.py:61: DeprecationWarning: This process (pid=379) is multi-threaded, use of fork() may lead to deadlocks in the child.
  pid = os.fork()

[2024-06-04T07:13:51.883+0000] {standard_task_runner.py:63} INFO - Started process 398 to run task
[2024-06-04T07:13:51.883+0000] {standard_task_runner.py:90} INFO - Running: ['***', 'tasks', 'run', 'f1_data_pipeline_taskflow', 'raceDim_transform', 'scheduled__2024-06-03T00:00:00+00:00', '--job-id', '19', '--raw', '--subdir', 'DAGS_FOLDER/etl_dag.py', '--cfg-path', '/tmp/tmpoqc35nh0']
[2024-06-04T07:13:51.885+0000] {standard_task_runner.py:91} INFO - Job 19: Subtask raceDim_transform
[2024-06-04T07:13:51.918+0000] {task_command.py:426} INFO - Running <TaskInstance: f1_data_pipeline_taskflow.raceDim_transform scheduled__2024-06-03T00:00:00+00:00 [running]> on host 66d2136786e1
[2024-06-04T07:13:52.542+0000] {taskinstance.py:2648} INFO - Exporting env vars: AIRFLOW_CTX_DAG_OWNER='***' AIRFLOW_CTX_DAG_ID='f1_data_pipeline_taskflow' AIRFLOW_CTX_TASK_ID='raceDim_transform' AIRFLOW_CTX_EXECUTION_DATE='2024-06-03T00:00:00+00:00' AIRFLOW_CTX_TRY_NUMBER='1' AIRFLOW_CTX_DAG_RUN_ID='scheduled__2024-06-03T00:00:00+00:00'
[2024-06-04T07:13:52.544+0000] {taskinstance.py:430} INFO - ::endgroup::
[2024-06-04T07:13:52.580+0000] {python.py:237} INFO - Done. Returned value was:         raceId  ...                                              url_x
0          860  ...  http://en.wikipedia.org/wiki/2012_Australian_G...
232        861  ...  http://en.wikipedia.org/wiki/2012_Malaysian_Gr...
680        862  ...  http://en.wikipedia.org/wiki/2012_Chinese_Gran...
1016       863  ...  http://en.wikipedia.org/wiki/2012_Bahrain_Gran...
1187       864  ...  http://en.wikipedia.org/wiki/2012_Spanish_Gran...
...        ...  ...                                                ...
76080      938  ...  http://en.wikipedia.org/wiki/2015_Italian_Gran...
76430      940  ...  http://en.wikipedia.org/wiki/2015_Japanese_Gra...
76916      944  ...  http://en.wikipedia.org/wiki/2015_Brazilian_Gr...
85494      990  ...  http://en.wikipedia.org/wiki/2018_Bahrain_Gran...
106841     951  ...  http://en.wikipedia.org/wiki/2016_Russian_Gran...

[232 rows x 9 columns]
[2024-06-04T07:13:52.590+0000] {taskinstance.py:441} INFO - ::group::Post task execution logs
[2024-06-04T07:13:52.609+0000] {taskinstance.py:1206} INFO - Marking task as SUCCESS. dag_id=f1_data_pipeline_taskflow, task_id=raceDim_transform, run_id=scheduled__2024-06-03T00:00:00+00:00, execution_date=20240603T000000, start_date=20240604T071351, end_date=20240604T071352
[2024-06-04T07:13:52.658+0000] {local_task_job_runner.py:240} INFO - Task exited with return code 0
[2024-06-04T07:13:52.679+0000] {taskinstance.py:3498} INFO - 1 downstream tasks scheduled from follow-on schedule check
[2024-06-04T07:13:52.681+0000] {local_task_job_runner.py:222} INFO - ::endgroup::
[2024-06-04T07:47:51.697+0000] {local_task_job_runner.py:120} INFO - ::group::Pre task execution logs
[2024-06-04T07:47:51.712+0000] {taskinstance.py:2076} INFO - Dependencies all met for dep_context=non-requeueable deps ti=<TaskInstance: f1_data_pipeline_taskflow.raceDim_transform scheduled__2024-06-03T00:00:00+00:00 [queued]>
[2024-06-04T07:47:51.717+0000] {taskinstance.py:2076} INFO - Dependencies all met for dep_context=requeueable deps ti=<TaskInstance: f1_data_pipeline_taskflow.raceDim_transform scheduled__2024-06-03T00:00:00+00:00 [queued]>
[2024-06-04T07:47:51.717+0000] {taskinstance.py:2306} INFO - Starting attempt 1 of 1
[2024-06-04T07:47:51.726+0000] {taskinstance.py:2330} INFO - Executing <Task(_PythonDecoratedOperator): raceDim_transform> on 2024-06-03 00:00:00+00:00
[2024-06-04T07:47:51.732+0000] {warnings.py:110} WARNING - /home/***/.local/lib/python3.12/site-packages/***/task/task_runner/standard_task_runner.py:61: DeprecationWarning: This process (pid=436) is multi-threaded, use of fork() may lead to deadlocks in the child.
  pid = os.fork()

[2024-06-04T07:47:51.732+0000] {standard_task_runner.py:63} INFO - Started process 439 to run task
[2024-06-04T07:47:51.733+0000] {standard_task_runner.py:90} INFO - Running: ['***', 'tasks', 'run', 'f1_data_pipeline_taskflow', 'raceDim_transform', 'scheduled__2024-06-03T00:00:00+00:00', '--job-id', '20', '--raw', '--subdir', 'DAGS_FOLDER/etl_dag.py', '--cfg-path', '/tmp/tmp5tvmt19f']
[2024-06-04T07:47:51.734+0000] {standard_task_runner.py:91} INFO - Job 20: Subtask raceDim_transform
[2024-06-04T07:47:51.765+0000] {task_command.py:426} INFO - Running <TaskInstance: f1_data_pipeline_taskflow.raceDim_transform scheduled__2024-06-03T00:00:00+00:00 [running]> on host bbf1b45fa521
[2024-06-04T07:47:52.378+0000] {taskinstance.py:2648} INFO - Exporting env vars: AIRFLOW_CTX_DAG_OWNER='***' AIRFLOW_CTX_DAG_ID='f1_data_pipeline_taskflow' AIRFLOW_CTX_TASK_ID='raceDim_transform' AIRFLOW_CTX_EXECUTION_DATE='2024-06-03T00:00:00+00:00' AIRFLOW_CTX_TRY_NUMBER='1' AIRFLOW_CTX_DAG_RUN_ID='scheduled__2024-06-03T00:00:00+00:00'
[2024-06-04T07:47:52.379+0000] {taskinstance.py:430} INFO - ::endgroup::
[2024-06-04T07:47:52.412+0000] {python.py:237} INFO - Done. Returned value was:         raceId  ...                                              url_x
0          860  ...  http://en.wikipedia.org/wiki/2012_Australian_G...
232        861  ...  http://en.wikipedia.org/wiki/2012_Malaysian_Gr...
680        862  ...  http://en.wikipedia.org/wiki/2012_Chinese_Gran...
1016       863  ...  http://en.wikipedia.org/wiki/2012_Bahrain_Gran...
1187       864  ...  http://en.wikipedia.org/wiki/2012_Spanish_Gran...
...        ...  ...                                                ...
76080      938  ...  http://en.wikipedia.org/wiki/2015_Italian_Gran...
76430      940  ...  http://en.wikipedia.org/wiki/2015_Japanese_Gra...
76916      944  ...  http://en.wikipedia.org/wiki/2015_Brazilian_Gr...
85494      990  ...  http://en.wikipedia.org/wiki/2018_Bahrain_Gran...
106841     951  ...  http://en.wikipedia.org/wiki/2016_Russian_Gran...

[232 rows x 9 columns]
[2024-06-04T07:47:52.424+0000] {taskinstance.py:441} INFO - ::group::Post task execution logs
[2024-06-04T07:47:52.444+0000] {taskinstance.py:1206} INFO - Marking task as SUCCESS. dag_id=f1_data_pipeline_taskflow, task_id=raceDim_transform, run_id=scheduled__2024-06-03T00:00:00+00:00, execution_date=20240603T000000, start_date=20240604T074751, end_date=20240604T074752
[2024-06-04T07:47:52.468+0000] {local_task_job_runner.py:240} INFO - Task exited with return code 0
[2024-06-04T07:47:52.487+0000] {taskinstance.py:3498} INFO - 1 downstream tasks scheduled from follow-on schedule check
[2024-06-04T07:47:52.489+0000] {local_task_job_runner.py:222} INFO - ::endgroup::
[2024-06-04T08:56:26.786+0000] {local_task_job_runner.py:120} INFO - ::group::Pre task execution logs
[2024-06-04T08:56:26.810+0000] {taskinstance.py:2076} INFO - Dependencies all met for dep_context=non-requeueable deps ti=<TaskInstance: f1_data_pipeline_taskflow.raceDim_transform scheduled__2024-06-03T00:00:00+00:00 [queued]>
[2024-06-04T08:56:26.820+0000] {taskinstance.py:2076} INFO - Dependencies all met for dep_context=requeueable deps ti=<TaskInstance: f1_data_pipeline_taskflow.raceDim_transform scheduled__2024-06-03T00:00:00+00:00 [queued]>
[2024-06-04T08:56:26.821+0000] {taskinstance.py:2306} INFO - Starting attempt 1 of 1
[2024-06-04T08:56:26.836+0000] {taskinstance.py:2330} INFO - Executing <Task(_PythonDecoratedOperator): raceDim_transform> on 2024-06-03 00:00:00+00:00
[2024-06-04T08:56:26.843+0000] {warnings.py:110} WARNING - /home/***/.local/lib/python3.12/site-packages/***/task/task_runner/standard_task_runner.py:61: DeprecationWarning: This process (pid=133) is multi-threaded, use of fork() may lead to deadlocks in the child.
  pid = os.fork()

[2024-06-04T08:56:26.844+0000] {standard_task_runner.py:63} INFO - Started process 163 to run task
[2024-06-04T08:56:26.845+0000] {standard_task_runner.py:90} INFO - Running: ['***', 'tasks', 'run', 'f1_data_pipeline_taskflow', 'raceDim_transform', 'scheduled__2024-06-03T00:00:00+00:00', '--job-id', '10', '--raw', '--subdir', 'DAGS_FOLDER/etl_dag.py', '--cfg-path', '/tmp/tmpnrji7k9g']
[2024-06-04T08:56:26.847+0000] {standard_task_runner.py:91} INFO - Job 10: Subtask raceDim_transform
[2024-06-04T08:56:26.912+0000] {task_command.py:426} INFO - Running <TaskInstance: f1_data_pipeline_taskflow.raceDim_transform scheduled__2024-06-03T00:00:00+00:00 [running]> on host 92ae07eb2785
[2024-06-04T08:56:33.660+0000] {local_task_job_runner.py:240} INFO - Task exited with return code -9
[2024-06-04T08:56:33.727+0000] {local_task_job_runner.py:222} INFO - ::endgroup::
[2024-06-04T09:00:26.973+0000] {local_task_job_runner.py:120} INFO - ::group::Pre task execution logs
[2024-06-04T09:00:26.987+0000] {taskinstance.py:2076} INFO - Dependencies all met for dep_context=non-requeueable deps ti=<TaskInstance: f1_data_pipeline_taskflow.raceDim_transform scheduled__2024-06-03T00:00:00+00:00 [queued]>
[2024-06-04T09:00:26.993+0000] {taskinstance.py:2076} INFO - Dependencies all met for dep_context=requeueable deps ti=<TaskInstance: f1_data_pipeline_taskflow.raceDim_transform scheduled__2024-06-03T00:00:00+00:00 [queued]>
[2024-06-04T09:00:26.993+0000] {taskinstance.py:2306} INFO - Starting attempt 1 of 1
[2024-06-04T09:00:27.000+0000] {taskinstance.py:2330} INFO - Executing <Task(_PythonDecoratedOperator): raceDim_transform> on 2024-06-03 00:00:00+00:00
[2024-06-04T09:00:27.004+0000] {warnings.py:110} WARNING - /home/***/.local/lib/python3.12/site-packages/***/task/task_runner/standard_task_runner.py:61: DeprecationWarning: This process (pid=87) is multi-threaded, use of fork() may lead to deadlocks in the child.
  pid = os.fork()

[2024-06-04T09:00:27.005+0000] {standard_task_runner.py:63} INFO - Started process 89 to run task
[2024-06-04T09:00:27.006+0000] {standard_task_runner.py:90} INFO - Running: ['***', 'tasks', 'run', 'f1_data_pipeline_taskflow', 'raceDim_transform', 'scheduled__2024-06-03T00:00:00+00:00', '--job-id', '4', '--raw', '--subdir', 'DAGS_FOLDER/etl_dag.py', '--cfg-path', '/tmp/tmpnjpems17']
[2024-06-04T09:00:27.007+0000] {standard_task_runner.py:91} INFO - Job 4: Subtask raceDim_transform
[2024-06-04T09:00:27.037+0000] {task_command.py:426} INFO - Running <TaskInstance: f1_data_pipeline_taskflow.raceDim_transform scheduled__2024-06-03T00:00:00+00:00 [running]> on host 849b6d275aca
[2024-06-04T09:00:27.651+0000] {taskinstance.py:2648} INFO - Exporting env vars: AIRFLOW_CTX_DAG_OWNER='***' AIRFLOW_CTX_DAG_ID='f1_data_pipeline_taskflow' AIRFLOW_CTX_TASK_ID='raceDim_transform' AIRFLOW_CTX_EXECUTION_DATE='2024-06-03T00:00:00+00:00' AIRFLOW_CTX_TRY_NUMBER='1' AIRFLOW_CTX_DAG_RUN_ID='scheduled__2024-06-03T00:00:00+00:00'
[2024-06-04T09:00:27.652+0000] {taskinstance.py:430} INFO - ::endgroup::
[2024-06-04T09:00:27.688+0000] {python.py:237} INFO - Done. Returned value was:         raceId  ...                                              url_x
0          860  ...  http://en.wikipedia.org/wiki/2012_Australian_G...
232        861  ...  http://en.wikipedia.org/wiki/2012_Malaysian_Gr...
680        862  ...  http://en.wikipedia.org/wiki/2012_Chinese_Gran...
1016       863  ...  http://en.wikipedia.org/wiki/2012_Bahrain_Gran...
1187       864  ...  http://en.wikipedia.org/wiki/2012_Spanish_Gran...
...        ...  ...                                                ...
76080      938  ...  http://en.wikipedia.org/wiki/2015_Italian_Gran...
76430      940  ...  http://en.wikipedia.org/wiki/2015_Japanese_Gra...
76916      944  ...  http://en.wikipedia.org/wiki/2015_Brazilian_Gr...
85494      990  ...  http://en.wikipedia.org/wiki/2018_Bahrain_Gran...
106841     951  ...  http://en.wikipedia.org/wiki/2016_Russian_Gran...

[232 rows x 9 columns]
[2024-06-04T09:00:27.701+0000] {taskinstance.py:441} INFO - ::group::Post task execution logs
[2024-06-04T09:00:27.722+0000] {taskinstance.py:1206} INFO - Marking task as SUCCESS. dag_id=f1_data_pipeline_taskflow, task_id=raceDim_transform, run_id=scheduled__2024-06-03T00:00:00+00:00, execution_date=20240603T000000, start_date=20240604T090026, end_date=20240604T090027
[2024-06-04T09:00:27.741+0000] {local_task_job_runner.py:240} INFO - Task exited with return code 0
[2024-06-04T09:00:27.764+0000] {taskinstance.py:3498} INFO - 2 downstream tasks scheduled from follow-on schedule check
[2024-06-04T09:00:27.766+0000] {local_task_job_runner.py:222} INFO - ::endgroup::
[2024-06-04T09:14:44.125+0000] {local_task_job_runner.py:120} INFO - ::group::Pre task execution logs
[2024-06-04T09:14:44.283+0000] {taskinstance.py:2076} INFO - Dependencies all met for dep_context=non-requeueable deps ti=<TaskInstance: f1_data_pipeline_taskflow.raceDim_transform scheduled__2024-06-03T00:00:00+00:00 [queued]>
[2024-06-04T09:14:44.292+0000] {taskinstance.py:2076} INFO - Dependencies all met for dep_context=requeueable deps ti=<TaskInstance: f1_data_pipeline_taskflow.raceDim_transform scheduled__2024-06-03T00:00:00+00:00 [queued]>
[2024-06-04T09:14:44.292+0000] {taskinstance.py:2306} INFO - Starting attempt 1 of 1
[2024-06-04T09:14:44.305+0000] {taskinstance.py:2330} INFO - Executing <Task(_PythonDecoratedOperator): raceDim_transform> on 2024-06-03 00:00:00+00:00
[2024-06-04T09:14:44.314+0000] {warnings.py:110} WARNING - /home/***/.local/lib/python3.12/site-packages/***/task/task_runner/standard_task_runner.py:61: DeprecationWarning: This process (pid=405) is multi-threaded, use of fork() may lead to deadlocks in the child.
  pid = os.fork()

[2024-06-04T09:14:44.316+0000] {standard_task_runner.py:63} INFO - Started process 414 to run task
[2024-06-04T09:14:44.315+0000] {standard_task_runner.py:90} INFO - Running: ['***', 'tasks', 'run', 'f1_data_pipeline_taskflow', 'raceDim_transform', 'scheduled__2024-06-03T00:00:00+00:00', '--job-id', '18', '--raw', '--subdir', 'DAGS_FOLDER/etl_dag.py', '--cfg-path', '/tmp/tmp2_ggyiaw']
[2024-06-04T09:14:44.317+0000] {standard_task_runner.py:91} INFO - Job 18: Subtask raceDim_transform
[2024-06-04T09:14:44.356+0000] {task_command.py:426} INFO - Running <TaskInstance: f1_data_pipeline_taskflow.raceDim_transform scheduled__2024-06-03T00:00:00+00:00 [running]> on host f99a8e5dd798
[2024-06-04T09:14:45.042+0000] {taskinstance.py:2648} INFO - Exporting env vars: AIRFLOW_CTX_DAG_OWNER='***' AIRFLOW_CTX_DAG_ID='f1_data_pipeline_taskflow' AIRFLOW_CTX_TASK_ID='raceDim_transform' AIRFLOW_CTX_EXECUTION_DATE='2024-06-03T00:00:00+00:00' AIRFLOW_CTX_TRY_NUMBER='1' AIRFLOW_CTX_DAG_RUN_ID='scheduled__2024-06-03T00:00:00+00:00'
[2024-06-04T09:14:45.043+0000] {taskinstance.py:430} INFO - ::endgroup::
[2024-06-04T09:14:45.078+0000] {python.py:237} INFO - Done. Returned value was:         raceId  ...                                              url_x
0          860  ...  http://en.wikipedia.org/wiki/2012_Australian_G...
232        861  ...  http://en.wikipedia.org/wiki/2012_Malaysian_Gr...
680        862  ...  http://en.wikipedia.org/wiki/2012_Chinese_Gran...
1016       863  ...  http://en.wikipedia.org/wiki/2012_Bahrain_Gran...
1187       864  ...  http://en.wikipedia.org/wiki/2012_Spanish_Gran...
...        ...  ...                                                ...
76080      938  ...  http://en.wikipedia.org/wiki/2015_Italian_Gran...
76430      940  ...  http://en.wikipedia.org/wiki/2015_Japanese_Gra...
76916      944  ...  http://en.wikipedia.org/wiki/2015_Brazilian_Gr...
85494      990  ...  http://en.wikipedia.org/wiki/2018_Bahrain_Gran...
106841     951  ...  http://en.wikipedia.org/wiki/2016_Russian_Gran...

[232 rows x 9 columns]
[2024-06-04T09:14:45.091+0000] {taskinstance.py:441} INFO - ::group::Post task execution logs
[2024-06-04T09:14:45.111+0000] {taskinstance.py:1206} INFO - Marking task as SUCCESS. dag_id=f1_data_pipeline_taskflow, task_id=raceDim_transform, run_id=scheduled__2024-06-03T00:00:00+00:00, execution_date=20240603T000000, start_date=20240604T091444, end_date=20240604T091445
[2024-06-04T09:14:45.131+0000] {local_task_job_runner.py:240} INFO - Task exited with return code 0
[2024-06-04T09:14:45.153+0000] {taskinstance.py:3498} INFO - 1 downstream tasks scheduled from follow-on schedule check
[2024-06-04T09:14:45.154+0000] {local_task_job_runner.py:222} INFO - ::endgroup::
[2024-06-04T09:20:56.519+0000] {local_task_job_runner.py:120} INFO - ::group::Pre task execution logs
[2024-06-04T09:20:56.535+0000] {taskinstance.py:2076} INFO - Dependencies all met for dep_context=non-requeueable deps ti=<TaskInstance: f1_data_pipeline_taskflow.raceDim_transform scheduled__2024-06-03T00:00:00+00:00 [queued]>
[2024-06-04T09:20:56.541+0000] {taskinstance.py:2076} INFO - Dependencies all met for dep_context=requeueable deps ti=<TaskInstance: f1_data_pipeline_taskflow.raceDim_transform scheduled__2024-06-03T00:00:00+00:00 [queued]>
[2024-06-04T09:20:56.541+0000] {taskinstance.py:2306} INFO - Starting attempt 1 of 1
[2024-06-04T09:20:56.552+0000] {taskinstance.py:2330} INFO - Executing <Task(_PythonDecoratedOperator): raceDim_transform> on 2024-06-03 00:00:00+00:00
[2024-06-04T09:20:56.558+0000] {warnings.py:110} WARNING - /home/***/.local/lib/python3.12/site-packages/***/task/task_runner/standard_task_runner.py:61: DeprecationWarning: This process (pid=392) is multi-threaded, use of fork() may lead to deadlocks in the child.
  pid = os.fork()

[2024-06-04T09:20:56.559+0000] {standard_task_runner.py:63} INFO - Started process 400 to run task
[2024-06-04T09:20:56.560+0000] {standard_task_runner.py:90} INFO - Running: ['***', 'tasks', 'run', 'f1_data_pipeline_taskflow', 'raceDim_transform', 'scheduled__2024-06-03T00:00:00+00:00', '--job-id', '20', '--raw', '--subdir', 'DAGS_FOLDER/etl_dag.py', '--cfg-path', '/tmp/tmp982ztmk9']
[2024-06-04T09:20:56.561+0000] {standard_task_runner.py:91} INFO - Job 20: Subtask raceDim_transform
[2024-06-04T09:20:56.595+0000] {task_command.py:426} INFO - Running <TaskInstance: f1_data_pipeline_taskflow.raceDim_transform scheduled__2024-06-03T00:00:00+00:00 [running]> on host 9a492cf60085
[2024-06-04T09:20:57.228+0000] {taskinstance.py:2648} INFO - Exporting env vars: AIRFLOW_CTX_DAG_OWNER='***' AIRFLOW_CTX_DAG_ID='f1_data_pipeline_taskflow' AIRFLOW_CTX_TASK_ID='raceDim_transform' AIRFLOW_CTX_EXECUTION_DATE='2024-06-03T00:00:00+00:00' AIRFLOW_CTX_TRY_NUMBER='1' AIRFLOW_CTX_DAG_RUN_ID='scheduled__2024-06-03T00:00:00+00:00'
[2024-06-04T09:20:57.229+0000] {taskinstance.py:430} INFO - ::endgroup::
[2024-06-04T09:20:57.262+0000] {python.py:237} INFO - Done. Returned value was:         raceId  ...                                              url_x
0          860  ...  http://en.wikipedia.org/wiki/2012_Australian_G...
232        861  ...  http://en.wikipedia.org/wiki/2012_Malaysian_Gr...
680        862  ...  http://en.wikipedia.org/wiki/2012_Chinese_Gran...
1016       863  ...  http://en.wikipedia.org/wiki/2012_Bahrain_Gran...
1187       864  ...  http://en.wikipedia.org/wiki/2012_Spanish_Gran...
...        ...  ...                                                ...
76080      938  ...  http://en.wikipedia.org/wiki/2015_Italian_Gran...
76430      940  ...  http://en.wikipedia.org/wiki/2015_Japanese_Gra...
76916      944  ...  http://en.wikipedia.org/wiki/2015_Brazilian_Gr...
85494      990  ...  http://en.wikipedia.org/wiki/2018_Bahrain_Gran...
106841     951  ...  http://en.wikipedia.org/wiki/2016_Russian_Gran...

[232 rows x 9 columns]
[2024-06-04T09:20:57.273+0000] {taskinstance.py:441} INFO - ::group::Post task execution logs
[2024-06-04T09:20:57.293+0000] {taskinstance.py:1206} INFO - Marking task as SUCCESS. dag_id=f1_data_pipeline_taskflow, task_id=raceDim_transform, run_id=scheduled__2024-06-03T00:00:00+00:00, execution_date=20240603T000000, start_date=20240604T092056, end_date=20240604T092057
[2024-06-04T09:20:57.335+0000] {local_task_job_runner.py:240} INFO - Task exited with return code 0
[2024-06-04T09:20:57.355+0000] {taskinstance.py:3498} INFO - 1 downstream tasks scheduled from follow-on schedule check
[2024-06-04T09:20:57.356+0000] {local_task_job_runner.py:222} INFO - ::endgroup::
[2024-06-04T09:35:07.253+0000] {local_task_job_runner.py:120} INFO - ::group::Pre task execution logs
[2024-06-04T09:35:07.270+0000] {taskinstance.py:2076} INFO - Dependencies all met for dep_context=non-requeueable deps ti=<TaskInstance: f1_data_pipeline_taskflow.raceDim_transform scheduled__2024-06-03T00:00:00+00:00 [queued]>
[2024-06-04T09:35:07.276+0000] {taskinstance.py:2076} INFO - Dependencies all met for dep_context=requeueable deps ti=<TaskInstance: f1_data_pipeline_taskflow.raceDim_transform scheduled__2024-06-03T00:00:00+00:00 [queued]>
[2024-06-04T09:35:07.277+0000] {taskinstance.py:2306} INFO - Starting attempt 1 of 1
[2024-06-04T09:35:07.286+0000] {taskinstance.py:2330} INFO - Executing <Task(_PythonDecoratedOperator): raceDim_transform> on 2024-06-03 00:00:00+00:00
[2024-06-04T09:35:07.293+0000] {warnings.py:110} WARNING - /home/***/.local/lib/python3.12/site-packages/***/task/task_runner/standard_task_runner.py:61: DeprecationWarning: This process (pid=453) is multi-threaded, use of fork() may lead to deadlocks in the child.
  pid = os.fork()

[2024-06-04T09:35:07.294+0000] {standard_task_runner.py:63} INFO - Started process 463 to run task
[2024-06-04T09:35:07.294+0000] {standard_task_runner.py:90} INFO - Running: ['***', 'tasks', 'run', 'f1_data_pipeline_taskflow', 'raceDim_transform', 'scheduled__2024-06-03T00:00:00+00:00', '--job-id', '20', '--raw', '--subdir', 'DAGS_FOLDER/etl_dag.py', '--cfg-path', '/tmp/tmpoa1qaul9']
[2024-06-04T09:35:07.295+0000] {standard_task_runner.py:91} INFO - Job 20: Subtask raceDim_transform
[2024-06-04T09:35:07.331+0000] {task_command.py:426} INFO - Running <TaskInstance: f1_data_pipeline_taskflow.raceDim_transform scheduled__2024-06-03T00:00:00+00:00 [running]> on host 5ac195476051
[2024-06-04T09:35:08.011+0000] {taskinstance.py:2648} INFO - Exporting env vars: AIRFLOW_CTX_DAG_OWNER='***' AIRFLOW_CTX_DAG_ID='f1_data_pipeline_taskflow' AIRFLOW_CTX_TASK_ID='raceDim_transform' AIRFLOW_CTX_EXECUTION_DATE='2024-06-03T00:00:00+00:00' AIRFLOW_CTX_TRY_NUMBER='1' AIRFLOW_CTX_DAG_RUN_ID='scheduled__2024-06-03T00:00:00+00:00'
[2024-06-04T09:35:08.012+0000] {taskinstance.py:430} INFO - ::endgroup::
[2024-06-04T09:35:08.045+0000] {python.py:237} INFO - Done. Returned value was:         raceId  ...                                              url_x
0          860  ...  http://en.wikipedia.org/wiki/2012_Australian_G...
232        861  ...  http://en.wikipedia.org/wiki/2012_Malaysian_Gr...
680        862  ...  http://en.wikipedia.org/wiki/2012_Chinese_Gran...
1016       863  ...  http://en.wikipedia.org/wiki/2012_Bahrain_Gran...
1187       864  ...  http://en.wikipedia.org/wiki/2012_Spanish_Gran...
...        ...  ...                                                ...
76080      938  ...  http://en.wikipedia.org/wiki/2015_Italian_Gran...
76430      940  ...  http://en.wikipedia.org/wiki/2015_Japanese_Gra...
76916      944  ...  http://en.wikipedia.org/wiki/2015_Brazilian_Gr...
85494      990  ...  http://en.wikipedia.org/wiki/2018_Bahrain_Gran...
106841     951  ...  http://en.wikipedia.org/wiki/2016_Russian_Gran...

[232 rows x 9 columns]
[2024-06-04T09:35:08.055+0000] {taskinstance.py:441} INFO - ::group::Post task execution logs
[2024-06-04T09:35:08.073+0000] {taskinstance.py:1206} INFO - Marking task as SUCCESS. dag_id=f1_data_pipeline_taskflow, task_id=raceDim_transform, run_id=scheduled__2024-06-03T00:00:00+00:00, execution_date=20240603T000000, start_date=20240604T093507, end_date=20240604T093508
[2024-06-04T09:35:08.110+0000] {local_task_job_runner.py:240} INFO - Task exited with return code 0
[2024-06-04T09:35:08.129+0000] {taskinstance.py:3498} INFO - 1 downstream tasks scheduled from follow-on schedule check
[2024-06-04T09:35:08.130+0000] {local_task_job_runner.py:222} INFO - ::endgroup::
[2024-06-04T10:21:56.620+0000] {local_task_job_runner.py:120} INFO - ::group::Pre task execution logs
[2024-06-04T10:21:56.636+0000] {taskinstance.py:2076} INFO - Dependencies all met for dep_context=non-requeueable deps ti=<TaskInstance: f1_data_pipeline_taskflow.raceDim_transform scheduled__2024-06-03T00:00:00+00:00 [queued]>
[2024-06-04T10:21:56.642+0000] {taskinstance.py:2076} INFO - Dependencies all met for dep_context=requeueable deps ti=<TaskInstance: f1_data_pipeline_taskflow.raceDim_transform scheduled__2024-06-03T00:00:00+00:00 [queued]>
[2024-06-04T10:21:56.642+0000] {taskinstance.py:2306} INFO - Starting attempt 1 of 1
[2024-06-04T10:21:56.652+0000] {taskinstance.py:2330} INFO - Executing <Task(_PythonDecoratedOperator): raceDim_transform> on 2024-06-03 00:00:00+00:00
[2024-06-04T10:21:56.659+0000] {warnings.py:110} WARNING - /home/***/.local/lib/python3.12/site-packages/***/task/task_runner/standard_task_runner.py:61: DeprecationWarning: This process (pid=389) is multi-threaded, use of fork() may lead to deadlocks in the child.
  pid = os.fork()

[2024-06-04T10:21:56.660+0000] {standard_task_runner.py:63} INFO - Started process 397 to run task
[2024-06-04T10:21:56.660+0000] {standard_task_runner.py:90} INFO - Running: ['***', 'tasks', 'run', 'f1_data_pipeline_taskflow', 'raceDim_transform', 'scheduled__2024-06-03T00:00:00+00:00', '--job-id', '19', '--raw', '--subdir', 'DAGS_FOLDER/etl_dag.py', '--cfg-path', '/tmp/tmpnyiohlwd']
[2024-06-04T10:21:56.662+0000] {standard_task_runner.py:91} INFO - Job 19: Subtask raceDim_transform
[2024-06-04T10:21:56.697+0000] {task_command.py:426} INFO - Running <TaskInstance: f1_data_pipeline_taskflow.raceDim_transform scheduled__2024-06-03T00:00:00+00:00 [running]> on host 11fdb96bc2ba
[2024-06-04T10:21:57.286+0000] {taskinstance.py:2648} INFO - Exporting env vars: AIRFLOW_CTX_DAG_OWNER='***' AIRFLOW_CTX_DAG_ID='f1_data_pipeline_taskflow' AIRFLOW_CTX_TASK_ID='raceDim_transform' AIRFLOW_CTX_EXECUTION_DATE='2024-06-03T00:00:00+00:00' AIRFLOW_CTX_TRY_NUMBER='1' AIRFLOW_CTX_DAG_RUN_ID='scheduled__2024-06-03T00:00:00+00:00'
[2024-06-04T10:21:57.287+0000] {taskinstance.py:430} INFO - ::endgroup::
[2024-06-04T10:21:57.321+0000] {python.py:237} INFO - Done. Returned value was:         raceId  ...                                              url_x
0          860  ...  http://en.wikipedia.org/wiki/2012_Australian_G...
232        861  ...  http://en.wikipedia.org/wiki/2012_Malaysian_Gr...
680        862  ...  http://en.wikipedia.org/wiki/2012_Chinese_Gran...
1016       863  ...  http://en.wikipedia.org/wiki/2012_Bahrain_Gran...
1187       864  ...  http://en.wikipedia.org/wiki/2012_Spanish_Gran...
...        ...  ...                                                ...
76080      938  ...  http://en.wikipedia.org/wiki/2015_Italian_Gran...
76430      940  ...  http://en.wikipedia.org/wiki/2015_Japanese_Gra...
76916      944  ...  http://en.wikipedia.org/wiki/2015_Brazilian_Gr...
85494      990  ...  http://en.wikipedia.org/wiki/2018_Bahrain_Gran...
106841     951  ...  http://en.wikipedia.org/wiki/2016_Russian_Gran...

[232 rows x 9 columns]
[2024-06-04T10:21:57.334+0000] {taskinstance.py:441} INFO - ::group::Post task execution logs
[2024-06-04T10:21:57.354+0000] {taskinstance.py:1206} INFO - Marking task as SUCCESS. dag_id=f1_data_pipeline_taskflow, task_id=raceDim_transform, run_id=scheduled__2024-06-03T00:00:00+00:00, execution_date=20240603T000000, start_date=20240604T102156, end_date=20240604T102157
[2024-06-04T10:21:57.395+0000] {local_task_job_runner.py:240} INFO - Task exited with return code 0
[2024-06-04T10:21:57.416+0000] {taskinstance.py:3498} INFO - 1 downstream tasks scheduled from follow-on schedule check
[2024-06-04T10:21:57.418+0000] {local_task_job_runner.py:222} INFO - ::endgroup::
[2024-06-04T12:38:09.088+0000] {local_task_job_runner.py:120} INFO - ::group::Pre task execution logs
[2024-06-04T12:38:09.104+0000] {taskinstance.py:2076} INFO - Dependencies all met for dep_context=non-requeueable deps ti=<TaskInstance: f1_data_pipeline_taskflow.raceDim_transform scheduled__2024-06-03T00:00:00+00:00 [queued]>
[2024-06-04T12:38:09.110+0000] {taskinstance.py:2076} INFO - Dependencies all met for dep_context=requeueable deps ti=<TaskInstance: f1_data_pipeline_taskflow.raceDim_transform scheduled__2024-06-03T00:00:00+00:00 [queued]>
[2024-06-04T12:38:09.110+0000] {taskinstance.py:2306} INFO - Starting attempt 1 of 1
[2024-06-04T12:38:09.119+0000] {taskinstance.py:2330} INFO - Executing <Task(_PythonDecoratedOperator): raceDim_transform> on 2024-06-03 00:00:00+00:00
[2024-06-04T12:38:09.125+0000] {warnings.py:110} WARNING - /home/***/.local/lib/python3.12/site-packages/***/task/task_runner/standard_task_runner.py:61: DeprecationWarning: This process (pid=502) is multi-threaded, use of fork() may lead to deadlocks in the child.
  pid = os.fork()

[2024-06-04T12:38:09.126+0000] {standard_task_runner.py:63} INFO - Started process 514 to run task
[2024-06-04T12:38:09.126+0000] {standard_task_runner.py:90} INFO - Running: ['***', 'tasks', 'run', 'f1_data_pipeline_taskflow', 'raceDim_transform', 'scheduled__2024-06-03T00:00:00+00:00', '--job-id', '20', '--raw', '--subdir', 'DAGS_FOLDER/etl_dag.py', '--cfg-path', '/tmp/tmpesstqts0']
[2024-06-04T12:38:09.128+0000] {standard_task_runner.py:91} INFO - Job 20: Subtask raceDim_transform
[2024-06-04T12:38:09.161+0000] {task_command.py:426} INFO - Running <TaskInstance: f1_data_pipeline_taskflow.raceDim_transform scheduled__2024-06-03T00:00:00+00:00 [running]> on host 7aeb235ee08d
[2024-06-04T12:38:09.743+0000] {taskinstance.py:2648} INFO - Exporting env vars: AIRFLOW_CTX_DAG_OWNER='***' AIRFLOW_CTX_DAG_ID='f1_data_pipeline_taskflow' AIRFLOW_CTX_TASK_ID='raceDim_transform' AIRFLOW_CTX_EXECUTION_DATE='2024-06-03T00:00:00+00:00' AIRFLOW_CTX_TRY_NUMBER='1' AIRFLOW_CTX_DAG_RUN_ID='scheduled__2024-06-03T00:00:00+00:00'
[2024-06-04T12:38:09.744+0000] {taskinstance.py:430} INFO - ::endgroup::
[2024-06-04T12:38:09.779+0000] {python.py:237} INFO - Done. Returned value was:         raceId  ...                                              url_x
0          860  ...  http://en.wikipedia.org/wiki/2012_Australian_G...
232        861  ...  http://en.wikipedia.org/wiki/2012_Malaysian_Gr...
680        862  ...  http://en.wikipedia.org/wiki/2012_Chinese_Gran...
1016       863  ...  http://en.wikipedia.org/wiki/2012_Bahrain_Gran...
1187       864  ...  http://en.wikipedia.org/wiki/2012_Spanish_Gran...
...        ...  ...                                                ...
76080      938  ...  http://en.wikipedia.org/wiki/2015_Italian_Gran...
76430      940  ...  http://en.wikipedia.org/wiki/2015_Japanese_Gra...
76916      944  ...  http://en.wikipedia.org/wiki/2015_Brazilian_Gr...
85494      990  ...  http://en.wikipedia.org/wiki/2018_Bahrain_Gran...
106841     951  ...  http://en.wikipedia.org/wiki/2016_Russian_Gran...

[232 rows x 9 columns]
[2024-06-04T12:38:09.791+0000] {taskinstance.py:441} INFO - ::group::Post task execution logs
[2024-06-04T12:38:09.811+0000] {taskinstance.py:1206} INFO - Marking task as SUCCESS. dag_id=f1_data_pipeline_taskflow, task_id=raceDim_transform, run_id=scheduled__2024-06-03T00:00:00+00:00, execution_date=20240603T000000, start_date=20240604T123809, end_date=20240604T123809
[2024-06-04T12:38:09.862+0000] {local_task_job_runner.py:240} INFO - Task exited with return code 0
[2024-06-04T12:38:09.883+0000] {taskinstance.py:3498} INFO - 1 downstream tasks scheduled from follow-on schedule check
[2024-06-04T12:38:09.884+0000] {local_task_job_runner.py:222} INFO - ::endgroup::
[2024-06-04T13:05:13.301+0000] {local_task_job_runner.py:120} INFO - ::group::Pre task execution logs
[2024-06-04T13:05:13.319+0000] {taskinstance.py:2076} INFO - Dependencies all met for dep_context=non-requeueable deps ti=<TaskInstance: f1_data_pipeline_taskflow.raceDim_transform scheduled__2024-06-03T00:00:00+00:00 [queued]>
[2024-06-04T13:05:13.327+0000] {taskinstance.py:2076} INFO - Dependencies all met for dep_context=requeueable deps ti=<TaskInstance: f1_data_pipeline_taskflow.raceDim_transform scheduled__2024-06-03T00:00:00+00:00 [queued]>
[2024-06-04T13:05:13.327+0000] {taskinstance.py:2306} INFO - Starting attempt 1 of 1
[2024-06-04T13:05:13.337+0000] {taskinstance.py:2330} INFO - Executing <Task(_PythonDecoratedOperator): raceDim_transform> on 2024-06-03 00:00:00+00:00
[2024-06-04T13:05:13.343+0000] {warnings.py:110} WARNING - /home/***/.local/lib/python3.12/site-packages/***/task/task_runner/standard_task_runner.py:61: DeprecationWarning: This process (pid=408) is multi-threaded, use of fork() may lead to deadlocks in the child.
  pid = os.fork()

[2024-06-04T13:05:13.345+0000] {standard_task_runner.py:63} INFO - Started process 415 to run task
[2024-06-04T13:05:13.345+0000] {standard_task_runner.py:90} INFO - Running: ['***', 'tasks', 'run', 'f1_data_pipeline_taskflow', 'raceDim_transform', 'scheduled__2024-06-03T00:00:00+00:00', '--job-id', '21', '--raw', '--subdir', 'DAGS_FOLDER/etl_dag.py', '--cfg-path', '/tmp/tmpb3yzcnrx']
[2024-06-04T13:05:13.347+0000] {standard_task_runner.py:91} INFO - Job 21: Subtask raceDim_transform
[2024-06-04T13:05:13.383+0000] {task_command.py:426} INFO - Running <TaskInstance: f1_data_pipeline_taskflow.raceDim_transform scheduled__2024-06-03T00:00:00+00:00 [running]> on host aaf296cae260
[2024-06-04T13:05:14.083+0000] {taskinstance.py:2648} INFO - Exporting env vars: AIRFLOW_CTX_DAG_OWNER='***' AIRFLOW_CTX_DAG_ID='f1_data_pipeline_taskflow' AIRFLOW_CTX_TASK_ID='raceDim_transform' AIRFLOW_CTX_EXECUTION_DATE='2024-06-03T00:00:00+00:00' AIRFLOW_CTX_TRY_NUMBER='1' AIRFLOW_CTX_DAG_RUN_ID='scheduled__2024-06-03T00:00:00+00:00'
[2024-06-04T13:05:14.084+0000] {taskinstance.py:430} INFO - ::endgroup::
[2024-06-04T13:05:14.118+0000] {python.py:237} INFO - Done. Returned value was:         raceId  ...                                              url_x
0          860  ...  http://en.wikipedia.org/wiki/2012_Australian_G...
232        861  ...  http://en.wikipedia.org/wiki/2012_Malaysian_Gr...
680        862  ...  http://en.wikipedia.org/wiki/2012_Chinese_Gran...
1016       863  ...  http://en.wikipedia.org/wiki/2012_Bahrain_Gran...
1187       864  ...  http://en.wikipedia.org/wiki/2012_Spanish_Gran...
...        ...  ...                                                ...
76080      938  ...  http://en.wikipedia.org/wiki/2015_Italian_Gran...
76430      940  ...  http://en.wikipedia.org/wiki/2015_Japanese_Gra...
76916      944  ...  http://en.wikipedia.org/wiki/2015_Brazilian_Gr...
85494      990  ...  http://en.wikipedia.org/wiki/2018_Bahrain_Gran...
106841     951  ...  http://en.wikipedia.org/wiki/2016_Russian_Gran...

[232 rows x 9 columns]
[2024-06-04T13:05:14.128+0000] {taskinstance.py:441} INFO - ::group::Post task execution logs
[2024-06-04T13:05:14.149+0000] {taskinstance.py:1206} INFO - Marking task as SUCCESS. dag_id=f1_data_pipeline_taskflow, task_id=raceDim_transform, run_id=scheduled__2024-06-03T00:00:00+00:00, execution_date=20240603T000000, start_date=20240604T130513, end_date=20240604T130514
[2024-06-04T13:05:14.200+0000] {local_task_job_runner.py:240} INFO - Task exited with return code 0
[2024-06-04T13:05:14.221+0000] {taskinstance.py:3498} INFO - 1 downstream tasks scheduled from follow-on schedule check
[2024-06-04T13:05:14.222+0000] {local_task_job_runner.py:222} INFO - ::endgroup::
[2024-06-04T13:25:06.509+0000] {local_task_job_runner.py:120} INFO - ::group::Pre task execution logs
[2024-06-04T13:25:06.524+0000] {taskinstance.py:2076} INFO - Dependencies all met for dep_context=non-requeueable deps ti=<TaskInstance: f1_data_pipeline_taskflow.raceDim_transform scheduled__2024-06-03T00:00:00+00:00 [queued]>
[2024-06-04T13:25:06.530+0000] {taskinstance.py:2076} INFO - Dependencies all met for dep_context=requeueable deps ti=<TaskInstance: f1_data_pipeline_taskflow.raceDim_transform scheduled__2024-06-03T00:00:00+00:00 [queued]>
[2024-06-04T13:25:06.530+0000] {taskinstance.py:2306} INFO - Starting attempt 1 of 1
[2024-06-04T13:25:06.538+0000] {taskinstance.py:2330} INFO - Executing <Task(_PythonDecoratedOperator): raceDim_transform> on 2024-06-03 00:00:00+00:00
[2024-06-04T13:25:06.545+0000] {warnings.py:110} WARNING - /home/***/.local/lib/python3.12/site-packages/***/task/task_runner/standard_task_runner.py:61: DeprecationWarning: This process (pid=389) is multi-threaded, use of fork() may lead to deadlocks in the child.
  pid = os.fork()

[2024-06-04T13:25:06.546+0000] {standard_task_runner.py:63} INFO - Started process 395 to run task
[2024-06-04T13:25:06.546+0000] {standard_task_runner.py:90} INFO - Running: ['***', 'tasks', 'run', 'f1_data_pipeline_taskflow', 'raceDim_transform', 'scheduled__2024-06-03T00:00:00+00:00', '--job-id', '18', '--raw', '--subdir', 'DAGS_FOLDER/etl_dag.py', '--cfg-path', '/tmp/tmpbunk7m_j']
[2024-06-04T13:25:06.547+0000] {standard_task_runner.py:91} INFO - Job 18: Subtask raceDim_transform
[2024-06-04T13:25:06.580+0000] {task_command.py:426} INFO - Running <TaskInstance: f1_data_pipeline_taskflow.raceDim_transform scheduled__2024-06-03T00:00:00+00:00 [running]> on host 55cd6db943bb
[2024-06-04T13:25:07.166+0000] {taskinstance.py:2648} INFO - Exporting env vars: AIRFLOW_CTX_DAG_OWNER='***' AIRFLOW_CTX_DAG_ID='f1_data_pipeline_taskflow' AIRFLOW_CTX_TASK_ID='raceDim_transform' AIRFLOW_CTX_EXECUTION_DATE='2024-06-03T00:00:00+00:00' AIRFLOW_CTX_TRY_NUMBER='1' AIRFLOW_CTX_DAG_RUN_ID='scheduled__2024-06-03T00:00:00+00:00'
[2024-06-04T13:25:07.167+0000] {taskinstance.py:430} INFO - ::endgroup::
[2024-06-04T13:25:07.202+0000] {python.py:237} INFO - Done. Returned value was:         raceId  ...                                              url_x
0          860  ...  http://en.wikipedia.org/wiki/2012_Australian_G...
232        861  ...  http://en.wikipedia.org/wiki/2012_Malaysian_Gr...
680        862  ...  http://en.wikipedia.org/wiki/2012_Chinese_Gran...
1016       863  ...  http://en.wikipedia.org/wiki/2012_Bahrain_Gran...
1187       864  ...  http://en.wikipedia.org/wiki/2012_Spanish_Gran...
...        ...  ...                                                ...
76080      938  ...  http://en.wikipedia.org/wiki/2015_Italian_Gran...
76430      940  ...  http://en.wikipedia.org/wiki/2015_Japanese_Gra...
76916      944  ...  http://en.wikipedia.org/wiki/2015_Brazilian_Gr...
85494      990  ...  http://en.wikipedia.org/wiki/2018_Bahrain_Gran...
106841     951  ...  http://en.wikipedia.org/wiki/2016_Russian_Gran...

[232 rows x 9 columns]
[2024-06-04T13:25:07.216+0000] {taskinstance.py:441} INFO - ::group::Post task execution logs
[2024-06-04T13:25:07.237+0000] {taskinstance.py:1206} INFO - Marking task as SUCCESS. dag_id=f1_data_pipeline_taskflow, task_id=raceDim_transform, run_id=scheduled__2024-06-03T00:00:00+00:00, execution_date=20240603T000000, start_date=20240604T132506, end_date=20240604T132507
[2024-06-04T13:25:07.280+0000] {local_task_job_runner.py:240} INFO - Task exited with return code 0
[2024-06-04T13:25:07.301+0000] {taskinstance.py:3498} INFO - 1 downstream tasks scheduled from follow-on schedule check
[2024-06-04T13:25:07.302+0000] {local_task_job_runner.py:222} INFO - ::endgroup::
[2024-06-04T13:53:04.043+0000] {local_task_job_runner.py:120} INFO - ::group::Pre task execution logs
[2024-06-04T13:53:04.058+0000] {taskinstance.py:2076} INFO - Dependencies all met for dep_context=non-requeueable deps ti=<TaskInstance: f1_data_pipeline_taskflow.raceDim_transform scheduled__2024-06-03T00:00:00+00:00 [queued]>
[2024-06-04T13:53:04.064+0000] {taskinstance.py:2076} INFO - Dependencies all met for dep_context=requeueable deps ti=<TaskInstance: f1_data_pipeline_taskflow.raceDim_transform scheduled__2024-06-03T00:00:00+00:00 [queued]>
[2024-06-04T13:53:04.065+0000] {taskinstance.py:2306} INFO - Starting attempt 1 of 1
[2024-06-04T13:53:04.073+0000] {taskinstance.py:2330} INFO - Executing <Task(_PythonDecoratedOperator): raceDim_transform> on 2024-06-03 00:00:00+00:00
[2024-06-04T13:53:04.079+0000] {warnings.py:110} WARNING - /home/***/.local/lib/python3.12/site-packages/***/task/task_runner/standard_task_runner.py:61: DeprecationWarning: This process (pid=415) is multi-threaded, use of fork() may lead to deadlocks in the child.
  pid = os.fork()

[2024-06-04T13:53:04.080+0000] {standard_task_runner.py:63} INFO - Started process 423 to run task
[2024-06-04T13:53:04.081+0000] {standard_task_runner.py:90} INFO - Running: ['***', 'tasks', 'run', 'f1_data_pipeline_taskflow', 'raceDim_transform', 'scheduled__2024-06-03T00:00:00+00:00', '--job-id', '20', '--raw', '--subdir', 'DAGS_FOLDER/etl_dag.py', '--cfg-path', '/tmp/tmp2s9icufo']
[2024-06-04T13:53:04.082+0000] {standard_task_runner.py:91} INFO - Job 20: Subtask raceDim_transform
[2024-06-04T13:53:04.114+0000] {task_command.py:426} INFO - Running <TaskInstance: f1_data_pipeline_taskflow.raceDim_transform scheduled__2024-06-03T00:00:00+00:00 [running]> on host 43686a6526ed
[2024-06-04T13:53:04.674+0000] {taskinstance.py:2648} INFO - Exporting env vars: AIRFLOW_CTX_DAG_OWNER='***' AIRFLOW_CTX_DAG_ID='f1_data_pipeline_taskflow' AIRFLOW_CTX_TASK_ID='raceDim_transform' AIRFLOW_CTX_EXECUTION_DATE='2024-06-03T00:00:00+00:00' AIRFLOW_CTX_TRY_NUMBER='1' AIRFLOW_CTX_DAG_RUN_ID='scheduled__2024-06-03T00:00:00+00:00'
[2024-06-04T13:53:04.675+0000] {taskinstance.py:430} INFO - ::endgroup::
[2024-06-04T13:53:04.710+0000] {python.py:237} INFO - Done. Returned value was:         raceId  ...                                              url_x
0          860  ...  http://en.wikipedia.org/wiki/2012_Australian_G...
232        861  ...  http://en.wikipedia.org/wiki/2012_Malaysian_Gr...
680        862  ...  http://en.wikipedia.org/wiki/2012_Chinese_Gran...
1016       863  ...  http://en.wikipedia.org/wiki/2012_Bahrain_Gran...
1187       864  ...  http://en.wikipedia.org/wiki/2012_Spanish_Gran...
...        ...  ...                                                ...
76080      938  ...  http://en.wikipedia.org/wiki/2015_Italian_Gran...
76430      940  ...  http://en.wikipedia.org/wiki/2015_Japanese_Gra...
76916      944  ...  http://en.wikipedia.org/wiki/2015_Brazilian_Gr...
85494      990  ...  http://en.wikipedia.org/wiki/2018_Bahrain_Gran...
106841     951  ...  http://en.wikipedia.org/wiki/2016_Russian_Gran...

[232 rows x 9 columns]
[2024-06-04T13:53:04.723+0000] {taskinstance.py:441} INFO - ::group::Post task execution logs
[2024-06-04T13:53:04.744+0000] {taskinstance.py:1206} INFO - Marking task as SUCCESS. dag_id=f1_data_pipeline_taskflow, task_id=raceDim_transform, run_id=scheduled__2024-06-03T00:00:00+00:00, execution_date=20240603T000000, start_date=20240604T135304, end_date=20240604T135304
[2024-06-04T13:53:04.775+0000] {local_task_job_runner.py:240} INFO - Task exited with return code 0
[2024-06-04T13:53:04.796+0000] {taskinstance.py:3498} INFO - 1 downstream tasks scheduled from follow-on schedule check
[2024-06-04T13:53:04.797+0000] {local_task_job_runner.py:222} INFO - ::endgroup::
[2024-06-04T14:01:38.537+0000] {local_task_job_runner.py:120} INFO - ::group::Pre task execution logs
[2024-06-04T14:01:38.552+0000] {taskinstance.py:2076} INFO - Dependencies all met for dep_context=non-requeueable deps ti=<TaskInstance: f1_data_pipeline_taskflow.raceDim_transform scheduled__2024-06-03T00:00:00+00:00 [queued]>
[2024-06-04T14:01:38.558+0000] {taskinstance.py:2076} INFO - Dependencies all met for dep_context=requeueable deps ti=<TaskInstance: f1_data_pipeline_taskflow.raceDim_transform scheduled__2024-06-03T00:00:00+00:00 [queued]>
[2024-06-04T14:01:38.558+0000] {taskinstance.py:2306} INFO - Starting attempt 1 of 1
[2024-06-04T14:01:38.566+0000] {taskinstance.py:2330} INFO - Executing <Task(_PythonDecoratedOperator): raceDim_transform> on 2024-06-03 00:00:00+00:00
[2024-06-04T14:01:38.572+0000] {warnings.py:110} WARNING - /home/***/.local/lib/python3.12/site-packages/***/task/task_runner/standard_task_runner.py:61: DeprecationWarning: This process (pid=390) is multi-threaded, use of fork() may lead to deadlocks in the child.
  pid = os.fork()

[2024-06-04T14:01:38.573+0000] {standard_task_runner.py:63} INFO - Started process 398 to run task
[2024-06-04T14:01:38.574+0000] {standard_task_runner.py:90} INFO - Running: ['***', 'tasks', 'run', 'f1_data_pipeline_taskflow', 'raceDim_transform', 'scheduled__2024-06-03T00:00:00+00:00', '--job-id', '20', '--raw', '--subdir', 'DAGS_FOLDER/etl_dag.py', '--cfg-path', '/tmp/tmpqtu9dz1w']
[2024-06-04T14:01:38.575+0000] {standard_task_runner.py:91} INFO - Job 20: Subtask raceDim_transform
[2024-06-04T14:01:38.608+0000] {task_command.py:426} INFO - Running <TaskInstance: f1_data_pipeline_taskflow.raceDim_transform scheduled__2024-06-03T00:00:00+00:00 [running]> on host 7bdd51a4d37b
[2024-06-04T14:01:39.320+0000] {taskinstance.py:2648} INFO - Exporting env vars: AIRFLOW_CTX_DAG_OWNER='***' AIRFLOW_CTX_DAG_ID='f1_data_pipeline_taskflow' AIRFLOW_CTX_TASK_ID='raceDim_transform' AIRFLOW_CTX_EXECUTION_DATE='2024-06-03T00:00:00+00:00' AIRFLOW_CTX_TRY_NUMBER='1' AIRFLOW_CTX_DAG_RUN_ID='scheduled__2024-06-03T00:00:00+00:00'
[2024-06-04T14:01:39.321+0000] {taskinstance.py:430} INFO - ::endgroup::
[2024-06-04T14:01:39.359+0000] {python.py:237} INFO - Done. Returned value was:         raceId  ...                                              url_x
0          860  ...  http://en.wikipedia.org/wiki/2012_Australian_G...
232        861  ...  http://en.wikipedia.org/wiki/2012_Malaysian_Gr...
680        862  ...  http://en.wikipedia.org/wiki/2012_Chinese_Gran...
1016       863  ...  http://en.wikipedia.org/wiki/2012_Bahrain_Gran...
1187       864  ...  http://en.wikipedia.org/wiki/2012_Spanish_Gran...
...        ...  ...                                                ...
76080      938  ...  http://en.wikipedia.org/wiki/2015_Italian_Gran...
76430      940  ...  http://en.wikipedia.org/wiki/2015_Japanese_Gra...
76916      944  ...  http://en.wikipedia.org/wiki/2015_Brazilian_Gr...
85494      990  ...  http://en.wikipedia.org/wiki/2018_Bahrain_Gran...
106841     951  ...  http://en.wikipedia.org/wiki/2016_Russian_Gran...

[232 rows x 9 columns]
[2024-06-04T14:01:39.369+0000] {taskinstance.py:441} INFO - ::group::Post task execution logs
[2024-06-04T14:01:39.388+0000] {taskinstance.py:1206} INFO - Marking task as SUCCESS. dag_id=f1_data_pipeline_taskflow, task_id=raceDim_transform, run_id=scheduled__2024-06-03T00:00:00+00:00, execution_date=20240603T000000, start_date=20240604T140138, end_date=20240604T140139
[2024-06-04T14:01:39.429+0000] {local_task_job_runner.py:240} INFO - Task exited with return code 0
[2024-06-04T14:01:39.436+0000] {local_task_job_runner.py:222} INFO - ::endgroup::
