[2024-06-11T07:51:17.203+0000] {local_task_job_runner.py:120} INFO - ::group::Pre task execution logs
[2024-06-11T07:51:17.222+0000] {taskinstance.py:2076} INFO - Dependencies all met for dep_context=non-requeueable deps ti=<TaskInstance: f1_data_pipeline_taskflow.load_practice_task scheduled__2024-06-10T00:00:00+00:00 [queued]>
[2024-06-11T07:51:17.229+0000] {taskinstance.py:2076} INFO - Dependencies all met for dep_context=requeueable deps ti=<TaskInstance: f1_data_pipeline_taskflow.load_practice_task scheduled__2024-06-10T00:00:00+00:00 [queued]>
[2024-06-11T07:51:17.229+0000] {taskinstance.py:2306} INFO - Starting attempt 1 of 1
[2024-06-11T07:51:17.238+0000] {taskinstance.py:2330} INFO - Executing <Task(_PythonDecoratedOperator): load_practice_task> on 2024-06-10 00:00:00+00:00
[2024-06-11T07:51:17.245+0000] {warnings.py:110} WARNING - /home/***/.local/lib/python3.12/site-packages/***/task/task_runner/standard_task_runner.py:61: DeprecationWarning: This process (pid=750) is multi-threaded, use of fork() may lead to deadlocks in the child.
  pid = os.fork()

[2024-06-11T07:51:17.246+0000] {standard_task_runner.py:63} INFO - Started process 789 to run task
[2024-06-11T07:51:17.247+0000] {standard_task_runner.py:90} INFO - Running: ['***', 'tasks', 'run', 'f1_data_pipeline_taskflow', 'load_practice_task', 'scheduled__2024-06-10T00:00:00+00:00', '--job-id', '30', '--raw', '--subdir', 'DAGS_FOLDER/etl_dag.py', '--cfg-path', '/tmp/tmpq_psscwz']
[2024-06-11T07:51:17.249+0000] {standard_task_runner.py:91} INFO - Job 30: Subtask load_practice_task
[2024-06-11T07:51:17.284+0000] {task_command.py:426} INFO - Running <TaskInstance: f1_data_pipeline_taskflow.load_practice_task scheduled__2024-06-10T00:00:00+00:00 [running]> on host 774afe459216
[2024-06-11T07:51:17.391+0000] {taskinstance.py:2648} INFO - Exporting env vars: AIRFLOW_CTX_DAG_OWNER='***' AIRFLOW_CTX_DAG_ID='f1_data_pipeline_taskflow' AIRFLOW_CTX_TASK_ID='load_practice_task' AIRFLOW_CTX_EXECUTION_DATE='2024-06-10T00:00:00+00:00' AIRFLOW_CTX_TRY_NUMBER='1' AIRFLOW_CTX_DAG_RUN_ID='scheduled__2024-06-10T00:00:00+00:00'
[2024-06-11T07:51:17.392+0000] {taskinstance.py:430} INFO - ::endgroup::
[2024-06-11T07:51:17.393+0000] {crypto.py:82} WARNING - empty cryptography key - values will not be stored encrypted.
[2024-06-11T07:51:17.394+0000] {base.py:84} INFO - Using connection ID 'sourcedb_connection' for task execution.
[2024-06-11T07:51:17.414+0000] {python.py:237} INFO - Done. Returned value was: None
[2024-06-11T07:51:17.415+0000] {taskinstance.py:441} INFO - ::group::Post task execution logs
[2024-06-11T07:51:17.422+0000] {taskinstance.py:1206} INFO - Marking task as SUCCESS. dag_id=f1_data_pipeline_taskflow, task_id=load_practice_task, run_id=scheduled__2024-06-10T00:00:00+00:00, execution_date=20240610T000000, start_date=20240611T075117, end_date=20240611T075117
[2024-06-11T07:51:17.460+0000] {local_task_job_runner.py:240} INFO - Task exited with return code 0
[2024-06-11T07:51:17.478+0000] {taskinstance.py:3498} INFO - 0 downstream tasks scheduled from follow-on schedule check
[2024-06-11T07:51:17.479+0000] {local_task_job_runner.py:222} INFO - ::endgroup::
[2024-06-11T09:15:37.604+0000] {local_task_job_runner.py:120} INFO - ::group::Pre task execution logs
[2024-06-11T09:15:37.620+0000] {taskinstance.py:2076} INFO - Dependencies all met for dep_context=non-requeueable deps ti=<TaskInstance: f1_data_pipeline_taskflow.load_practice_task scheduled__2024-06-10T00:00:00+00:00 [queued]>
[2024-06-11T09:15:37.627+0000] {taskinstance.py:2076} INFO - Dependencies all met for dep_context=requeueable deps ti=<TaskInstance: f1_data_pipeline_taskflow.load_practice_task scheduled__2024-06-10T00:00:00+00:00 [queued]>
[2024-06-11T09:15:37.627+0000] {taskinstance.py:2306} INFO - Starting attempt 1 of 1
[2024-06-11T09:15:37.636+0000] {taskinstance.py:2330} INFO - Executing <Task(_PythonDecoratedOperator): load_practice_task> on 2024-06-10 00:00:00+00:00
[2024-06-11T09:15:37.643+0000] {warnings.py:110} WARNING - /home/***/.local/lib/python3.12/site-packages/***/task/task_runner/standard_task_runner.py:61: DeprecationWarning: This process (pid=563) is multi-threaded, use of fork() may lead to deadlocks in the child.
  pid = os.fork()

[2024-06-11T09:15:37.644+0000] {standard_task_runner.py:63} INFO - Started process 574 to run task
[2024-06-11T09:15:37.644+0000] {standard_task_runner.py:90} INFO - Running: ['***', 'tasks', 'run', 'f1_data_pipeline_taskflow', 'load_practice_task', 'scheduled__2024-06-10T00:00:00+00:00', '--job-id', '27', '--raw', '--subdir', 'DAGS_FOLDER/etl_dag.py', '--cfg-path', '/tmp/tmpynd3v4of']
[2024-06-11T09:15:37.646+0000] {standard_task_runner.py:91} INFO - Job 27: Subtask load_practice_task
[2024-06-11T09:15:37.683+0000] {task_command.py:426} INFO - Running <TaskInstance: f1_data_pipeline_taskflow.load_practice_task scheduled__2024-06-10T00:00:00+00:00 [running]> on host fdc9bf7b6fb8
[2024-06-11T09:15:37.797+0000] {taskinstance.py:2648} INFO - Exporting env vars: AIRFLOW_CTX_DAG_OWNER='***' AIRFLOW_CTX_DAG_ID='f1_data_pipeline_taskflow' AIRFLOW_CTX_TASK_ID='load_practice_task' AIRFLOW_CTX_EXECUTION_DATE='2024-06-10T00:00:00+00:00' AIRFLOW_CTX_TRY_NUMBER='1' AIRFLOW_CTX_DAG_RUN_ID='scheduled__2024-06-10T00:00:00+00:00'
[2024-06-11T09:15:37.798+0000] {taskinstance.py:430} INFO - ::endgroup::
[2024-06-11T09:15:37.799+0000] {crypto.py:82} WARNING - empty cryptography key - values will not be stored encrypted.
[2024-06-11T09:15:37.800+0000] {base.py:84} INFO - Using connection ID 'sourcedb_connection' for task execution.
[2024-06-11T09:15:37.818+0000] {python.py:237} INFO - Done. Returned value was: None
[2024-06-11T09:15:37.819+0000] {taskinstance.py:441} INFO - ::group::Post task execution logs
[2024-06-11T09:15:37.827+0000] {taskinstance.py:1206} INFO - Marking task as SUCCESS. dag_id=f1_data_pipeline_taskflow, task_id=load_practice_task, run_id=scheduled__2024-06-10T00:00:00+00:00, execution_date=20240610T000000, start_date=20240611T091537, end_date=20240611T091537
[2024-06-11T09:15:37.857+0000] {local_task_job_runner.py:240} INFO - Task exited with return code 0
[2024-06-11T09:15:37.877+0000] {taskinstance.py:3498} INFO - 0 downstream tasks scheduled from follow-on schedule check
[2024-06-11T09:15:37.878+0000] {local_task_job_runner.py:222} INFO - ::endgroup::
[2024-06-11T11:21:39.648+0000] {local_task_job_runner.py:120} INFO - ::group::Pre task execution logs
[2024-06-11T11:21:39.666+0000] {taskinstance.py:2076} INFO - Dependencies all met for dep_context=non-requeueable deps ti=<TaskInstance: f1_data_pipeline_taskflow.load_practice_task scheduled__2024-06-10T00:00:00+00:00 [queued]>
[2024-06-11T11:21:39.672+0000] {taskinstance.py:2076} INFO - Dependencies all met for dep_context=requeueable deps ti=<TaskInstance: f1_data_pipeline_taskflow.load_practice_task scheduled__2024-06-10T00:00:00+00:00 [queued]>
[2024-06-11T11:21:39.673+0000] {taskinstance.py:2306} INFO - Starting attempt 1 of 1
[2024-06-11T11:21:39.681+0000] {taskinstance.py:2330} INFO - Executing <Task(_PythonDecoratedOperator): load_practice_task> on 2024-06-10 00:00:00+00:00
[2024-06-11T11:21:39.688+0000] {warnings.py:110} WARNING - /home/***/.local/lib/python3.12/site-packages/***/task/task_runner/standard_task_runner.py:61: DeprecationWarning: This process (pid=582) is multi-threaded, use of fork() may lead to deadlocks in the child.
  pid = os.fork()

[2024-06-11T11:21:39.689+0000] {standard_task_runner.py:63} INFO - Started process 591 to run task
[2024-06-11T11:21:39.689+0000] {standard_task_runner.py:90} INFO - Running: ['***', 'tasks', 'run', 'f1_data_pipeline_taskflow', 'load_practice_task', 'scheduled__2024-06-10T00:00:00+00:00', '--job-id', '26', '--raw', '--subdir', 'DAGS_FOLDER/etl_dag.py', '--cfg-path', '/tmp/tmpees7mpyc']
[2024-06-11T11:21:39.691+0000] {standard_task_runner.py:91} INFO - Job 26: Subtask load_practice_task
[2024-06-11T11:21:39.729+0000] {task_command.py:426} INFO - Running <TaskInstance: f1_data_pipeline_taskflow.load_practice_task scheduled__2024-06-10T00:00:00+00:00 [running]> on host bc9f1e77df41
[2024-06-11T11:21:39.841+0000] {taskinstance.py:2648} INFO - Exporting env vars: AIRFLOW_CTX_DAG_OWNER='***' AIRFLOW_CTX_DAG_ID='f1_data_pipeline_taskflow' AIRFLOW_CTX_TASK_ID='load_practice_task' AIRFLOW_CTX_EXECUTION_DATE='2024-06-10T00:00:00+00:00' AIRFLOW_CTX_TRY_NUMBER='1' AIRFLOW_CTX_DAG_RUN_ID='scheduled__2024-06-10T00:00:00+00:00'
[2024-06-11T11:21:39.842+0000] {taskinstance.py:430} INFO - ::endgroup::
[2024-06-11T11:21:39.843+0000] {crypto.py:82} WARNING - empty cryptography key - values will not be stored encrypted.
[2024-06-11T11:21:39.844+0000] {base.py:84} INFO - Using connection ID 'sourcedb_connection' for task execution.
[2024-06-11T11:21:39.861+0000] {python.py:237} INFO - Done. Returned value was: None
[2024-06-11T11:21:39.862+0000] {taskinstance.py:441} INFO - ::group::Post task execution logs
[2024-06-11T11:21:39.869+0000] {taskinstance.py:1206} INFO - Marking task as SUCCESS. dag_id=f1_data_pipeline_taskflow, task_id=load_practice_task, run_id=scheduled__2024-06-10T00:00:00+00:00, execution_date=20240610T000000, start_date=20240611T112139, end_date=20240611T112139
[2024-06-11T11:21:39.902+0000] {local_task_job_runner.py:240} INFO - Task exited with return code 0
[2024-06-11T11:21:39.925+0000] {taskinstance.py:3498} INFO - 0 downstream tasks scheduled from follow-on schedule check
[2024-06-11T11:21:39.930+0000] {local_task_job_runner.py:222} INFO - ::endgroup::
[2024-06-11T14:24:40.470+0000] {local_task_job_runner.py:120} INFO - ::group::Pre task execution logs
[2024-06-11T14:24:40.494+0000] {taskinstance.py:2076} INFO - Dependencies all met for dep_context=non-requeueable deps ti=<TaskInstance: f1_data_pipeline_taskflow.load_practice_task scheduled__2024-06-10T00:00:00+00:00 [queued]>
[2024-06-11T14:24:40.502+0000] {taskinstance.py:2076} INFO - Dependencies all met for dep_context=requeueable deps ti=<TaskInstance: f1_data_pipeline_taskflow.load_practice_task scheduled__2024-06-10T00:00:00+00:00 [queued]>
[2024-06-11T14:24:40.502+0000] {taskinstance.py:2306} INFO - Starting attempt 1 of 1
[2024-06-11T14:24:40.512+0000] {taskinstance.py:2330} INFO - Executing <Task(_PythonDecoratedOperator): load_practice_task> on 2024-06-10 00:00:00+00:00
[2024-06-11T14:24:40.519+0000] {warnings.py:110} WARNING - /home/***/.local/lib/python3.12/site-packages/***/task/task_runner/standard_task_runner.py:61: DeprecationWarning: This process (pid=706) is multi-threaded, use of fork() may lead to deadlocks in the child.
  pid = os.fork()

[2024-06-11T14:24:40.520+0000] {standard_task_runner.py:63} INFO - Started process 717 to run task
[2024-06-11T14:24:40.521+0000] {standard_task_runner.py:90} INFO - Running: ['***', 'tasks', 'run', 'f1_data_pipeline_taskflow', 'load_practice_task', 'scheduled__2024-06-10T00:00:00+00:00', '--job-id', '29', '--raw', '--subdir', 'DAGS_FOLDER/etl_dag.py', '--cfg-path', '/tmp/tmporu97wac']
[2024-06-11T14:24:40.522+0000] {standard_task_runner.py:91} INFO - Job 29: Subtask load_practice_task
[2024-06-11T14:24:40.567+0000] {task_command.py:426} INFO - Running <TaskInstance: f1_data_pipeline_taskflow.load_practice_task scheduled__2024-06-10T00:00:00+00:00 [running]> on host f99ae21f53ae
[2024-06-11T14:24:40.695+0000] {taskinstance.py:2648} INFO - Exporting env vars: AIRFLOW_CTX_DAG_OWNER='***' AIRFLOW_CTX_DAG_ID='f1_data_pipeline_taskflow' AIRFLOW_CTX_TASK_ID='load_practice_task' AIRFLOW_CTX_EXECUTION_DATE='2024-06-10T00:00:00+00:00' AIRFLOW_CTX_TRY_NUMBER='1' AIRFLOW_CTX_DAG_RUN_ID='scheduled__2024-06-10T00:00:00+00:00'
[2024-06-11T14:24:40.696+0000] {taskinstance.py:430} INFO - ::endgroup::
[2024-06-11T14:24:40.697+0000] {crypto.py:82} WARNING - empty cryptography key - values will not be stored encrypted.
[2024-06-11T14:24:40.698+0000] {base.py:84} INFO - Using connection ID 'sourcedb_connection' for task execution.
[2024-06-11T14:24:40.716+0000] {python.py:237} INFO - Done. Returned value was: None
[2024-06-11T14:24:40.716+0000] {taskinstance.py:441} INFO - ::group::Post task execution logs
[2024-06-11T14:24:40.724+0000] {taskinstance.py:1206} INFO - Marking task as SUCCESS. dag_id=f1_data_pipeline_taskflow, task_id=load_practice_task, run_id=scheduled__2024-06-10T00:00:00+00:00, execution_date=20240610T000000, start_date=20240611T142440, end_date=20240611T142440
[2024-06-11T14:24:40.774+0000] {local_task_job_runner.py:240} INFO - Task exited with return code 0
[2024-06-11T14:24:40.792+0000] {taskinstance.py:3498} INFO - 0 downstream tasks scheduled from follow-on schedule check
[2024-06-11T14:24:40.793+0000] {local_task_job_runner.py:222} INFO - ::endgroup::
