[2024-06-19T07:28:41.692+0000] {local_task_job_runner.py:120} INFO - ::group::Pre task execution logs
[2024-06-19T07:28:41.711+0000] {taskinstance.py:2076} INFO - Dependencies all met for dep_context=non-requeueable deps ti=<TaskInstance: f1_data_pipeline_taskflow.freePracticeDim_transform scheduled__2024-06-18T00:00:00+00:00 [queued]>
[2024-06-19T07:28:41.719+0000] {taskinstance.py:2076} INFO - Dependencies all met for dep_context=requeueable deps ti=<TaskInstance: f1_data_pipeline_taskflow.freePracticeDim_transform scheduled__2024-06-18T00:00:00+00:00 [queued]>
[2024-06-19T07:28:41.719+0000] {taskinstance.py:2306} INFO - Starting attempt 1 of 1
[2024-06-19T07:28:41.733+0000] {taskinstance.py:2330} INFO - Executing <Task(_PythonDecoratedOperator): freePracticeDim_transform> on 2024-06-18 00:00:00+00:00
[2024-06-19T07:28:41.738+0000] {warnings.py:110} WARNING - /home/***/.local/lib/python3.12/site-packages/***/task/task_runner/standard_task_runner.py:61: DeprecationWarning: This process (pid=146) is multi-threaded, use of fork() may lead to deadlocks in the child.
  pid = os.fork()

[2024-06-19T07:28:41.741+0000] {standard_task_runner.py:63} INFO - Started process 162 to run task
[2024-06-19T07:28:41.740+0000] {standard_task_runner.py:90} INFO - Running: ['***', 'tasks', 'run', 'f1_data_pipeline_taskflow', 'freePracticeDim_transform', 'scheduled__2024-06-18T00:00:00+00:00', '--job-id', '12', '--raw', '--subdir', 'DAGS_FOLDER/etl_dag.py', '--cfg-path', '/tmp/tmp7rrv5_mi']
[2024-06-19T07:28:41.743+0000] {standard_task_runner.py:91} INFO - Job 12: Subtask freePracticeDim_transform
[2024-06-19T07:28:41.798+0000] {task_command.py:426} INFO - Running <TaskInstance: f1_data_pipeline_taskflow.freePracticeDim_transform scheduled__2024-06-18T00:00:00+00:00 [running]> on host 5d5bc16a80d8
[2024-06-19T07:28:43.999+0000] {taskinstance.py:2648} INFO - Exporting env vars: AIRFLOW_CTX_DAG_OWNER='***' AIRFLOW_CTX_DAG_ID='f1_data_pipeline_taskflow' AIRFLOW_CTX_TASK_ID='freePracticeDim_transform' AIRFLOW_CTX_EXECUTION_DATE='2024-06-18T00:00:00+00:00' AIRFLOW_CTX_TRY_NUMBER='1' AIRFLOW_CTX_DAG_RUN_ID='scheduled__2024-06-18T00:00:00+00:00'
[2024-06-19T07:28:44.002+0000] {taskinstance.py:430} INFO - ::endgroup::
[2024-06-19T07:28:44.108+0000] {python.py:237} INFO - Done. Returned value was:         raceId fp1_date fp2_date fp3_date fp1_time fp2_time fp3_time
0          860     None     None     None     None     None     None
232        861     None     None     None     None     None     None
680        862     None     None     None     None     None     None
1016       863     None     None     None     None     None     None
1187       864     None     None     None     None     None     None
...        ...      ...      ...      ...      ...      ...      ...
76080      938     None     None     None     None     None     None
76430      940     None     None     None     None     None     None
76916      944     None     None     None     None     None     None
85494      990     None     None     None     None     None     None
106841     951     None     None     None     None     None     None

[232 rows x 7 columns]
[2024-06-19T07:28:44.117+0000] {taskinstance.py:441} INFO - ::group::Post task execution logs
[2024-06-19T07:28:44.143+0000] {taskinstance.py:1206} INFO - Marking task as SUCCESS. dag_id=f1_data_pipeline_taskflow, task_id=freePracticeDim_transform, run_id=scheduled__2024-06-18T00:00:00+00:00, execution_date=20240618T000000, start_date=20240619T072841, end_date=20240619T072844
[2024-06-19T07:28:44.226+0000] {local_task_job_runner.py:240} INFO - Task exited with return code 0
[2024-06-19T07:28:44.236+0000] {local_task_job_runner.py:222} INFO - ::endgroup::
[2024-06-19T08:27:03.120+0000] {local_task_job_runner.py:120} INFO - ::group::Pre task execution logs
[2024-06-19T08:27:03.140+0000] {taskinstance.py:2076} INFO - Dependencies all met for dep_context=non-requeueable deps ti=<TaskInstance: f1_data_pipeline_taskflow.freePracticeDim_transform scheduled__2024-06-18T00:00:00+00:00 [queued]>
[2024-06-19T08:27:03.148+0000] {taskinstance.py:2076} INFO - Dependencies all met for dep_context=requeueable deps ti=<TaskInstance: f1_data_pipeline_taskflow.freePracticeDim_transform scheduled__2024-06-18T00:00:00+00:00 [queued]>
[2024-06-19T08:27:03.148+0000] {taskinstance.py:2306} INFO - Starting attempt 1 of 1
[2024-06-19T08:27:03.162+0000] {taskinstance.py:2330} INFO - Executing <Task(_PythonDecoratedOperator): freePracticeDim_transform> on 2024-06-18 00:00:00+00:00
[2024-06-19T08:27:03.167+0000] {warnings.py:110} WARNING - /home/***/.local/lib/python3.12/site-packages/***/task/task_runner/standard_task_runner.py:61: DeprecationWarning: This process (pid=119) is multi-threaded, use of fork() may lead to deadlocks in the child.
  pid = os.fork()

[2024-06-19T08:27:03.168+0000] {standard_task_runner.py:63} INFO - Started process 135 to run task
[2024-06-19T08:27:03.168+0000] {standard_task_runner.py:90} INFO - Running: ['***', 'tasks', 'run', 'f1_data_pipeline_taskflow', 'freePracticeDim_transform', 'scheduled__2024-06-18T00:00:00+00:00', '--job-id', '13', '--raw', '--subdir', 'DAGS_FOLDER/etl_dag.py', '--cfg-path', '/tmp/tmpth7fo43g']
[2024-06-19T08:27:03.170+0000] {standard_task_runner.py:91} INFO - Job 13: Subtask freePracticeDim_transform
[2024-06-19T08:27:03.213+0000] {task_command.py:426} INFO - Running <TaskInstance: f1_data_pipeline_taskflow.freePracticeDim_transform scheduled__2024-06-18T00:00:00+00:00 [running]> on host d64590577fb7
[2024-06-19T08:27:05.005+0000] {taskinstance.py:2648} INFO - Exporting env vars: AIRFLOW_CTX_DAG_OWNER='***' AIRFLOW_CTX_DAG_ID='f1_data_pipeline_taskflow' AIRFLOW_CTX_TASK_ID='freePracticeDim_transform' AIRFLOW_CTX_EXECUTION_DATE='2024-06-18T00:00:00+00:00' AIRFLOW_CTX_TRY_NUMBER='1' AIRFLOW_CTX_DAG_RUN_ID='scheduled__2024-06-18T00:00:00+00:00'
[2024-06-19T08:27:05.007+0000] {taskinstance.py:430} INFO - ::endgroup::
[2024-06-19T08:27:05.092+0000] {python.py:237} INFO - Done. Returned value was:         raceId fp1_date fp2_date fp3_date fp1_time fp2_time fp3_time
0          860     None     None     None     None     None     None
232        861     None     None     None     None     None     None
680        862     None     None     None     None     None     None
1016       863     None     None     None     None     None     None
1187       864     None     None     None     None     None     None
...        ...      ...      ...      ...      ...      ...      ...
76080      938     None     None     None     None     None     None
76430      940     None     None     None     None     None     None
76916      944     None     None     None     None     None     None
85494      990     None     None     None     None     None     None
106841     951     None     None     None     None     None     None

[232 rows x 7 columns]
[2024-06-19T08:27:05.100+0000] {taskinstance.py:441} INFO - ::group::Post task execution logs
[2024-06-19T08:27:05.125+0000] {taskinstance.py:1206} INFO - Marking task as SUCCESS. dag_id=f1_data_pipeline_taskflow, task_id=freePracticeDim_transform, run_id=scheduled__2024-06-18T00:00:00+00:00, execution_date=20240618T000000, start_date=20240619T082703, end_date=20240619T082705
[2024-06-19T08:27:05.199+0000] {local_task_job_runner.py:240} INFO - Task exited with return code 0
[2024-06-19T08:27:05.208+0000] {local_task_job_runner.py:222} INFO - ::endgroup::
[2024-06-19T08:54:09.834+0000] {local_task_job_runner.py:120} INFO - ::group::Pre task execution logs
[2024-06-19T08:54:09.851+0000] {taskinstance.py:2076} INFO - Dependencies all met for dep_context=non-requeueable deps ti=<TaskInstance: f1_data_pipeline_taskflow.freePracticeDim_transform scheduled__2024-06-18T00:00:00+00:00 [queued]>
[2024-06-19T08:54:09.858+0000] {taskinstance.py:2076} INFO - Dependencies all met for dep_context=requeueable deps ti=<TaskInstance: f1_data_pipeline_taskflow.freePracticeDim_transform scheduled__2024-06-18T00:00:00+00:00 [queued]>
[2024-06-19T08:54:09.859+0000] {taskinstance.py:2306} INFO - Starting attempt 1 of 1
[2024-06-19T08:54:09.871+0000] {taskinstance.py:2330} INFO - Executing <Task(_PythonDecoratedOperator): freePracticeDim_transform> on 2024-06-18 00:00:00+00:00
[2024-06-19T08:54:09.877+0000] {warnings.py:110} WARNING - /home/***/.local/lib/python3.12/site-packages/***/task/task_runner/standard_task_runner.py:61: DeprecationWarning: This process (pid=110) is multi-threaded, use of fork() may lead to deadlocks in the child.
  pid = os.fork()

[2024-06-19T08:54:09.878+0000] {standard_task_runner.py:63} INFO - Started process 130 to run task
[2024-06-19T08:54:09.879+0000] {standard_task_runner.py:90} INFO - Running: ['***', 'tasks', 'run', 'f1_data_pipeline_taskflow', 'freePracticeDim_transform', 'scheduled__2024-06-18T00:00:00+00:00', '--job-id', '11', '--raw', '--subdir', 'DAGS_FOLDER/etl_dag.py', '--cfg-path', '/tmp/tmpuitm1ku2']
[2024-06-19T08:54:09.880+0000] {standard_task_runner.py:91} INFO - Job 11: Subtask freePracticeDim_transform
[2024-06-19T08:54:09.931+0000] {task_command.py:426} INFO - Running <TaskInstance: f1_data_pipeline_taskflow.freePracticeDim_transform scheduled__2024-06-18T00:00:00+00:00 [running]> on host e5c8778eab06
[2024-06-19T08:54:11.792+0000] {taskinstance.py:2648} INFO - Exporting env vars: AIRFLOW_CTX_DAG_OWNER='***' AIRFLOW_CTX_DAG_ID='f1_data_pipeline_taskflow' AIRFLOW_CTX_TASK_ID='freePracticeDim_transform' AIRFLOW_CTX_EXECUTION_DATE='2024-06-18T00:00:00+00:00' AIRFLOW_CTX_TRY_NUMBER='1' AIRFLOW_CTX_DAG_RUN_ID='scheduled__2024-06-18T00:00:00+00:00'
[2024-06-19T08:54:11.793+0000] {taskinstance.py:430} INFO - ::endgroup::
[2024-06-19T08:54:11.869+0000] {python.py:237} INFO - Done. Returned value was:         raceId fp1_date fp2_date fp3_date fp1_time fp2_time fp3_time
0          860     None     None     None     None     None     None
232        861     None     None     None     None     None     None
680        862     None     None     None     None     None     None
1016       863     None     None     None     None     None     None
1187       864     None     None     None     None     None     None
...        ...      ...      ...      ...      ...      ...      ...
76080      938     None     None     None     None     None     None
76430      940     None     None     None     None     None     None
76916      944     None     None     None     None     None     None
85494      990     None     None     None     None     None     None
106841     951     None     None     None     None     None     None

[232 rows x 7 columns]
[2024-06-19T08:54:11.878+0000] {taskinstance.py:441} INFO - ::group::Post task execution logs
[2024-06-19T08:54:11.898+0000] {taskinstance.py:1206} INFO - Marking task as SUCCESS. dag_id=f1_data_pipeline_taskflow, task_id=freePracticeDim_transform, run_id=scheduled__2024-06-18T00:00:00+00:00, execution_date=20240618T000000, start_date=20240619T085409, end_date=20240619T085411
[2024-06-19T08:54:11.943+0000] {local_task_job_runner.py:240} INFO - Task exited with return code 0
[2024-06-19T08:54:11.951+0000] {local_task_job_runner.py:222} INFO - ::endgroup::
[2024-06-19T12:05:26.942+0000] {local_task_job_runner.py:120} INFO - ::group::Pre task execution logs
[2024-06-19T12:05:26.961+0000] {taskinstance.py:2076} INFO - Dependencies all met for dep_context=non-requeueable deps ti=<TaskInstance: f1_data_pipeline_taskflow.freePracticeDim_transform scheduled__2024-06-18T00:00:00+00:00 [queued]>
[2024-06-19T12:05:26.969+0000] {taskinstance.py:2076} INFO - Dependencies all met for dep_context=requeueable deps ti=<TaskInstance: f1_data_pipeline_taskflow.freePracticeDim_transform scheduled__2024-06-18T00:00:00+00:00 [queued]>
[2024-06-19T12:05:26.970+0000] {taskinstance.py:2306} INFO - Starting attempt 1 of 1
[2024-06-19T12:05:26.980+0000] {taskinstance.py:2330} INFO - Executing <Task(_PythonDecoratedOperator): freePracticeDim_transform> on 2024-06-18 00:00:00+00:00
[2024-06-19T12:05:26.986+0000] {warnings.py:110} WARNING - /home/***/.local/lib/python3.12/site-packages/***/task/task_runner/standard_task_runner.py:61: DeprecationWarning: This process (pid=123) is multi-threaded, use of fork() may lead to deadlocks in the child.
  pid = os.fork()

[2024-06-19T12:05:26.987+0000] {standard_task_runner.py:63} INFO - Started process 141 to run task
[2024-06-19T12:05:26.988+0000] {standard_task_runner.py:90} INFO - Running: ['***', 'tasks', 'run', 'f1_data_pipeline_taskflow', 'freePracticeDim_transform', 'scheduled__2024-06-18T00:00:00+00:00', '--job-id', '12', '--raw', '--subdir', 'DAGS_FOLDER/etl_dag.py', '--cfg-path', '/tmp/tmpmiia4jeq']
[2024-06-19T12:05:26.989+0000] {standard_task_runner.py:91} INFO - Job 12: Subtask freePracticeDim_transform
[2024-06-19T12:05:27.032+0000] {task_command.py:426} INFO - Running <TaskInstance: f1_data_pipeline_taskflow.freePracticeDim_transform scheduled__2024-06-18T00:00:00+00:00 [running]> on host eef124934bf8
[2024-06-19T12:05:29.487+0000] {taskinstance.py:2648} INFO - Exporting env vars: AIRFLOW_CTX_DAG_OWNER='***' AIRFLOW_CTX_DAG_ID='f1_data_pipeline_taskflow' AIRFLOW_CTX_TASK_ID='freePracticeDim_transform' AIRFLOW_CTX_EXECUTION_DATE='2024-06-18T00:00:00+00:00' AIRFLOW_CTX_TRY_NUMBER='1' AIRFLOW_CTX_DAG_RUN_ID='scheduled__2024-06-18T00:00:00+00:00'
[2024-06-19T12:05:29.488+0000] {taskinstance.py:430} INFO - ::endgroup::
[2024-06-19T12:05:29.595+0000] {python.py:237} INFO - Done. Returned value was:         raceId fp1_date fp2_date fp3_date fp1_time fp2_time fp3_time
0          860     None     None     None     None     None     None
232        861     None     None     None     None     None     None
680        862     None     None     None     None     None     None
1016       863     None     None     None     None     None     None
1187       864     None     None     None     None     None     None
...        ...      ...      ...      ...      ...      ...      ...
76080      938     None     None     None     None     None     None
76430      940     None     None     None     None     None     None
76916      944     None     None     None     None     None     None
85494      990     None     None     None     None     None     None
106841     951     None     None     None     None     None     None

[232 rows x 7 columns]
[2024-06-19T12:05:29.605+0000] {taskinstance.py:441} INFO - ::group::Post task execution logs
[2024-06-19T12:05:29.636+0000] {taskinstance.py:1206} INFO - Marking task as SUCCESS. dag_id=f1_data_pipeline_taskflow, task_id=freePracticeDim_transform, run_id=scheduled__2024-06-18T00:00:00+00:00, execution_date=20240618T000000, start_date=20240619T120526, end_date=20240619T120529
[2024-06-19T12:05:29.784+0000] {local_task_job_runner.py:240} INFO - Task exited with return code 0
[2024-06-19T12:05:29.808+0000] {taskinstance.py:3498} INFO - 0 downstream tasks scheduled from follow-on schedule check
[2024-06-19T12:05:29.809+0000] {local_task_job_runner.py:222} INFO - ::endgroup::
[2024-06-19T12:36:36.904+0000] {local_task_job_runner.py:120} INFO - ::group::Pre task execution logs
[2024-06-19T12:36:36.922+0000] {taskinstance.py:2076} INFO - Dependencies all met for dep_context=non-requeueable deps ti=<TaskInstance: f1_data_pipeline_taskflow.freePracticeDim_transform scheduled__2024-06-18T00:00:00+00:00 [queued]>
[2024-06-19T12:36:36.931+0000] {taskinstance.py:2076} INFO - Dependencies all met for dep_context=requeueable deps ti=<TaskInstance: f1_data_pipeline_taskflow.freePracticeDim_transform scheduled__2024-06-18T00:00:00+00:00 [queued]>
[2024-06-19T12:36:36.931+0000] {taskinstance.py:2306} INFO - Starting attempt 1 of 1
[2024-06-19T12:36:36.947+0000] {taskinstance.py:2330} INFO - Executing <Task(_PythonDecoratedOperator): freePracticeDim_transform> on 2024-06-18 00:00:00+00:00
[2024-06-19T12:36:36.953+0000] {warnings.py:110} WARNING - /home/***/.local/lib/python3.12/site-packages/***/task/task_runner/standard_task_runner.py:61: DeprecationWarning: This process (pid=158) is multi-threaded, use of fork() may lead to deadlocks in the child.
  pid = os.fork()

[2024-06-19T12:36:36.954+0000] {standard_task_runner.py:63} INFO - Started process 173 to run task
[2024-06-19T12:36:36.954+0000] {standard_task_runner.py:90} INFO - Running: ['***', 'tasks', 'run', 'f1_data_pipeline_taskflow', 'freePracticeDim_transform', 'scheduled__2024-06-18T00:00:00+00:00', '--job-id', '9', '--raw', '--subdir', 'DAGS_FOLDER/etl_dag.py', '--cfg-path', '/tmp/tmpd_fp23le']
[2024-06-19T12:36:36.956+0000] {standard_task_runner.py:91} INFO - Job 9: Subtask freePracticeDim_transform
[2024-06-19T12:36:37.001+0000] {task_command.py:426} INFO - Running <TaskInstance: f1_data_pipeline_taskflow.freePracticeDim_transform scheduled__2024-06-18T00:00:00+00:00 [running]> on host 3a98e934d90a
[2024-06-19T12:36:39.418+0000] {taskinstance.py:2648} INFO - Exporting env vars: AIRFLOW_CTX_DAG_OWNER='***' AIRFLOW_CTX_DAG_ID='f1_data_pipeline_taskflow' AIRFLOW_CTX_TASK_ID='freePracticeDim_transform' AIRFLOW_CTX_EXECUTION_DATE='2024-06-18T00:00:00+00:00' AIRFLOW_CTX_TRY_NUMBER='1' AIRFLOW_CTX_DAG_RUN_ID='scheduled__2024-06-18T00:00:00+00:00'
[2024-06-19T12:36:39.419+0000] {taskinstance.py:430} INFO - ::endgroup::
[2024-06-19T12:36:39.507+0000] {python.py:237} INFO - Done. Returned value was:         raceId fp1_date fp2_date fp3_date fp1_time fp2_time fp3_time
0          860     None     None     None     None     None     None
232        861     None     None     None     None     None     None
680        862     None     None     None     None     None     None
1016       863     None     None     None     None     None     None
1187       864     None     None     None     None     None     None
...        ...      ...      ...      ...      ...      ...      ...
76080      938     None     None     None     None     None     None
76430      940     None     None     None     None     None     None
76916      944     None     None     None     None     None     None
85494      990     None     None     None     None     None     None
106841     951     None     None     None     None     None     None

[232 rows x 7 columns]
[2024-06-19T12:36:39.516+0000] {taskinstance.py:441} INFO - ::group::Post task execution logs
[2024-06-19T12:36:39.544+0000] {taskinstance.py:1206} INFO - Marking task as SUCCESS. dag_id=f1_data_pipeline_taskflow, task_id=freePracticeDim_transform, run_id=scheduled__2024-06-18T00:00:00+00:00, execution_date=20240618T000000, start_date=20240619T123636, end_date=20240619T123639
[2024-06-19T12:36:39.639+0000] {local_task_job_runner.py:240} INFO - Task exited with return code 0
[2024-06-19T12:36:39.651+0000] {local_task_job_runner.py:222} INFO - ::endgroup::
[2024-06-19T12:53:07.572+0000] {local_task_job_runner.py:120} INFO - ::group::Pre task execution logs
[2024-06-19T12:53:07.590+0000] {taskinstance.py:2076} INFO - Dependencies all met for dep_context=non-requeueable deps ti=<TaskInstance: f1_data_pipeline_taskflow.freePracticeDim_transform scheduled__2024-06-18T00:00:00+00:00 [queued]>
[2024-06-19T12:53:07.597+0000] {taskinstance.py:2076} INFO - Dependencies all met for dep_context=requeueable deps ti=<TaskInstance: f1_data_pipeline_taskflow.freePracticeDim_transform scheduled__2024-06-18T00:00:00+00:00 [queued]>
[2024-06-19T12:53:07.597+0000] {taskinstance.py:2306} INFO - Starting attempt 1 of 1
[2024-06-19T12:53:07.608+0000] {taskinstance.py:2330} INFO - Executing <Task(_PythonDecoratedOperator): freePracticeDim_transform> on 2024-06-18 00:00:00+00:00
[2024-06-19T12:53:07.613+0000] {warnings.py:110} WARNING - /home/***/.local/lib/python3.12/site-packages/***/task/task_runner/standard_task_runner.py:61: DeprecationWarning: This process (pid=120) is multi-threaded, use of fork() may lead to deadlocks in the child.
  pid = os.fork()

[2024-06-19T12:53:07.614+0000] {standard_task_runner.py:63} INFO - Started process 131 to run task
[2024-06-19T12:53:07.615+0000] {standard_task_runner.py:90} INFO - Running: ['***', 'tasks', 'run', 'f1_data_pipeline_taskflow', 'freePracticeDim_transform', 'scheduled__2024-06-18T00:00:00+00:00', '--job-id', '8', '--raw', '--subdir', 'DAGS_FOLDER/etl_dag.py', '--cfg-path', '/tmp/tmpqbft89cn']
[2024-06-19T12:53:07.616+0000] {standard_task_runner.py:91} INFO - Job 8: Subtask freePracticeDim_transform
[2024-06-19T12:53:07.659+0000] {task_command.py:426} INFO - Running <TaskInstance: f1_data_pipeline_taskflow.freePracticeDim_transform scheduled__2024-06-18T00:00:00+00:00 [running]> on host 9426bfe013d2
[2024-06-19T12:53:10.040+0000] {taskinstance.py:2648} INFO - Exporting env vars: AIRFLOW_CTX_DAG_OWNER='***' AIRFLOW_CTX_DAG_ID='f1_data_pipeline_taskflow' AIRFLOW_CTX_TASK_ID='freePracticeDim_transform' AIRFLOW_CTX_EXECUTION_DATE='2024-06-18T00:00:00+00:00' AIRFLOW_CTX_TRY_NUMBER='1' AIRFLOW_CTX_DAG_RUN_ID='scheduled__2024-06-18T00:00:00+00:00'
[2024-06-19T12:53:10.042+0000] {taskinstance.py:430} INFO - ::endgroup::
[2024-06-19T12:53:10.141+0000] {python.py:237} INFO - Done. Returned value was:         raceId fp1_date fp2_date fp3_date fp1_time fp2_time fp3_time
0          860     None     None     None     None     None     None
232        861     None     None     None     None     None     None
680        862     None     None     None     None     None     None
1016       863     None     None     None     None     None     None
1187       864     None     None     None     None     None     None
...        ...      ...      ...      ...      ...      ...      ...
76080      938     None     None     None     None     None     None
76430      940     None     None     None     None     None     None
76916      944     None     None     None     None     None     None
85494      990     None     None     None     None     None     None
106841     951     None     None     None     None     None     None

[232 rows x 7 columns]
[2024-06-19T12:53:10.150+0000] {taskinstance.py:441} INFO - ::group::Post task execution logs
[2024-06-19T12:53:10.220+0000] {taskinstance.py:1206} INFO - Marking task as SUCCESS. dag_id=f1_data_pipeline_taskflow, task_id=freePracticeDim_transform, run_id=scheduled__2024-06-18T00:00:00+00:00, execution_date=20240618T000000, start_date=20240619T125307, end_date=20240619T125310
[2024-06-19T12:53:10.270+0000] {local_task_job_runner.py:240} INFO - Task exited with return code 0
[2024-06-19T12:53:10.299+0000] {taskinstance.py:3498} INFO - 0 downstream tasks scheduled from follow-on schedule check
[2024-06-19T12:53:10.301+0000] {local_task_job_runner.py:222} INFO - ::endgroup::
[2024-06-19T13:03:08.964+0000] {local_task_job_runner.py:120} INFO - ::group::Pre task execution logs
[2024-06-19T13:03:08.982+0000] {taskinstance.py:2076} INFO - Dependencies all met for dep_context=non-requeueable deps ti=<TaskInstance: f1_data_pipeline_taskflow.freePracticeDim_transform scheduled__2024-06-18T00:00:00+00:00 [queued]>
[2024-06-19T13:03:08.990+0000] {taskinstance.py:2076} INFO - Dependencies all met for dep_context=requeueable deps ti=<TaskInstance: f1_data_pipeline_taskflow.freePracticeDim_transform scheduled__2024-06-18T00:00:00+00:00 [queued]>
[2024-06-19T13:03:08.990+0000] {taskinstance.py:2306} INFO - Starting attempt 1 of 1
[2024-06-19T13:03:09.000+0000] {taskinstance.py:2330} INFO - Executing <Task(_PythonDecoratedOperator): freePracticeDim_transform> on 2024-06-18 00:00:00+00:00
[2024-06-19T13:03:09.005+0000] {warnings.py:110} WARNING - /home/***/.local/lib/python3.12/site-packages/***/task/task_runner/standard_task_runner.py:61: DeprecationWarning: This process (pid=116) is multi-threaded, use of fork() may lead to deadlocks in the child.
  pid = os.fork()

[2024-06-19T13:03:09.006+0000] {standard_task_runner.py:63} INFO - Started process 130 to run task
[2024-06-19T13:03:09.007+0000] {standard_task_runner.py:90} INFO - Running: ['***', 'tasks', 'run', 'f1_data_pipeline_taskflow', 'freePracticeDim_transform', 'scheduled__2024-06-18T00:00:00+00:00', '--job-id', '8', '--raw', '--subdir', 'DAGS_FOLDER/etl_dag.py', '--cfg-path', '/tmp/tmpvqvi2zfx']
[2024-06-19T13:03:09.009+0000] {standard_task_runner.py:91} INFO - Job 8: Subtask freePracticeDim_transform
[2024-06-19T13:03:09.051+0000] {task_command.py:426} INFO - Running <TaskInstance: f1_data_pipeline_taskflow.freePracticeDim_transform scheduled__2024-06-18T00:00:00+00:00 [running]> on host 6fa64189ef34
[2024-06-19T13:03:11.472+0000] {taskinstance.py:2648} INFO - Exporting env vars: AIRFLOW_CTX_DAG_OWNER='***' AIRFLOW_CTX_DAG_ID='f1_data_pipeline_taskflow' AIRFLOW_CTX_TASK_ID='freePracticeDim_transform' AIRFLOW_CTX_EXECUTION_DATE='2024-06-18T00:00:00+00:00' AIRFLOW_CTX_TRY_NUMBER='1' AIRFLOW_CTX_DAG_RUN_ID='scheduled__2024-06-18T00:00:00+00:00'
[2024-06-19T13:03:11.474+0000] {taskinstance.py:430} INFO - ::endgroup::
[2024-06-19T13:03:11.571+0000] {python.py:237} INFO - Done. Returned value was:         raceId fp1_date fp2_date fp3_date fp1_time fp2_time fp3_time
0          860     None     None     None     None     None     None
232        861     None     None     None     None     None     None
680        862     None     None     None     None     None     None
1016       863     None     None     None     None     None     None
1187       864     None     None     None     None     None     None
...        ...      ...      ...      ...      ...      ...      ...
76080      938     None     None     None     None     None     None
76430      940     None     None     None     None     None     None
76916      944     None     None     None     None     None     None
85494      990     None     None     None     None     None     None
106841     951     None     None     None     None     None     None

[232 rows x 7 columns]
[2024-06-19T13:03:11.582+0000] {taskinstance.py:441} INFO - ::group::Post task execution logs
[2024-06-19T13:03:11.613+0000] {taskinstance.py:1206} INFO - Marking task as SUCCESS. dag_id=f1_data_pipeline_taskflow, task_id=freePracticeDim_transform, run_id=scheduled__2024-06-18T00:00:00+00:00, execution_date=20240618T000000, start_date=20240619T130308, end_date=20240619T130311
[2024-06-19T13:03:11.688+0000] {local_task_job_runner.py:240} INFO - Task exited with return code 0
[2024-06-19T13:03:11.700+0000] {local_task_job_runner.py:222} INFO - ::endgroup::
[2024-06-19T13:16:55.256+0000] {local_task_job_runner.py:120} INFO - ::group::Pre task execution logs
[2024-06-19T13:16:55.276+0000] {taskinstance.py:2076} INFO - Dependencies all met for dep_context=non-requeueable deps ti=<TaskInstance: f1_data_pipeline_taskflow.freePracticeDim_transform scheduled__2024-06-18T00:00:00+00:00 [queued]>
[2024-06-19T13:16:55.284+0000] {taskinstance.py:2076} INFO - Dependencies all met for dep_context=requeueable deps ti=<TaskInstance: f1_data_pipeline_taskflow.freePracticeDim_transform scheduled__2024-06-18T00:00:00+00:00 [queued]>
[2024-06-19T13:16:55.285+0000] {taskinstance.py:2306} INFO - Starting attempt 1 of 1
[2024-06-19T13:16:55.296+0000] {taskinstance.py:2330} INFO - Executing <Task(_PythonDecoratedOperator): freePracticeDim_transform> on 2024-06-18 00:00:00+00:00
[2024-06-19T13:16:55.302+0000] {warnings.py:110} WARNING - /home/***/.local/lib/python3.12/site-packages/***/task/task_runner/standard_task_runner.py:61: DeprecationWarning: This process (pid=117) is multi-threaded, use of fork() may lead to deadlocks in the child.
  pid = os.fork()

[2024-06-19T13:16:55.303+0000] {standard_task_runner.py:63} INFO - Started process 128 to run task
[2024-06-19T13:16:55.304+0000] {standard_task_runner.py:90} INFO - Running: ['***', 'tasks', 'run', 'f1_data_pipeline_taskflow', 'freePracticeDim_transform', 'scheduled__2024-06-18T00:00:00+00:00', '--job-id', '7', '--raw', '--subdir', 'DAGS_FOLDER/etl_dag.py', '--cfg-path', '/tmp/tmpt_75szv8']
[2024-06-19T13:16:55.305+0000] {standard_task_runner.py:91} INFO - Job 7: Subtask freePracticeDim_transform
[2024-06-19T13:16:55.355+0000] {task_command.py:426} INFO - Running <TaskInstance: f1_data_pipeline_taskflow.freePracticeDim_transform scheduled__2024-06-18T00:00:00+00:00 [running]> on host d5b44298ec9f
[2024-06-19T13:16:57.443+0000] {taskinstance.py:2648} INFO - Exporting env vars: AIRFLOW_CTX_DAG_OWNER='***' AIRFLOW_CTX_DAG_ID='f1_data_pipeline_taskflow' AIRFLOW_CTX_TASK_ID='freePracticeDim_transform' AIRFLOW_CTX_EXECUTION_DATE='2024-06-18T00:00:00+00:00' AIRFLOW_CTX_TRY_NUMBER='1' AIRFLOW_CTX_DAG_RUN_ID='scheduled__2024-06-18T00:00:00+00:00'
[2024-06-19T13:16:57.445+0000] {taskinstance.py:430} INFO - ::endgroup::
[2024-06-19T13:16:57.545+0000] {python.py:237} INFO - Done. Returned value was:         raceId fp1_date fp2_date fp3_date fp1_time fp2_time fp3_time
0          860     None     None     None     None     None     None
232        861     None     None     None     None     None     None
680        862     None     None     None     None     None     None
1016       863     None     None     None     None     None     None
1187       864     None     None     None     None     None     None
...        ...      ...      ...      ...      ...      ...      ...
76080      938     None     None     None     None     None     None
76430      940     None     None     None     None     None     None
76916      944     None     None     None     None     None     None
85494      990     None     None     None     None     None     None
106841     951     None     None     None     None     None     None

[232 rows x 7 columns]
[2024-06-19T13:16:57.555+0000] {taskinstance.py:441} INFO - ::group::Post task execution logs
[2024-06-19T13:16:57.586+0000] {taskinstance.py:1206} INFO - Marking task as SUCCESS. dag_id=f1_data_pipeline_taskflow, task_id=freePracticeDim_transform, run_id=scheduled__2024-06-18T00:00:00+00:00, execution_date=20240618T000000, start_date=20240619T131655, end_date=20240619T131657
[2024-06-19T13:16:57.656+0000] {local_task_job_runner.py:240} INFO - Task exited with return code 0
[2024-06-19T13:16:57.680+0000] {taskinstance.py:3498} INFO - 0 downstream tasks scheduled from follow-on schedule check
[2024-06-19T13:16:57.682+0000] {local_task_job_runner.py:222} INFO - ::endgroup::
[2024-06-19T13:27:23.122+0000] {local_task_job_runner.py:120} INFO - ::group::Pre task execution logs
[2024-06-19T13:27:23.142+0000] {taskinstance.py:2076} INFO - Dependencies all met for dep_context=non-requeueable deps ti=<TaskInstance: f1_data_pipeline_taskflow.freePracticeDim_transform scheduled__2024-06-18T00:00:00+00:00 [queued]>
[2024-06-19T13:27:23.154+0000] {taskinstance.py:2076} INFO - Dependencies all met for dep_context=requeueable deps ti=<TaskInstance: f1_data_pipeline_taskflow.freePracticeDim_transform scheduled__2024-06-18T00:00:00+00:00 [queued]>
[2024-06-19T13:27:23.155+0000] {taskinstance.py:2306} INFO - Starting attempt 1 of 1
[2024-06-19T13:27:23.172+0000] {taskinstance.py:2330} INFO - Executing <Task(_PythonDecoratedOperator): freePracticeDim_transform> on 2024-06-18 00:00:00+00:00
[2024-06-19T13:27:23.179+0000] {warnings.py:110} WARNING - /home/***/.local/lib/python3.12/site-packages/***/task/task_runner/standard_task_runner.py:61: DeprecationWarning: This process (pid=104) is multi-threaded, use of fork() may lead to deadlocks in the child.
  pid = os.fork()

[2024-06-19T13:27:23.180+0000] {standard_task_runner.py:63} INFO - Started process 131 to run task
[2024-06-19T13:27:23.181+0000] {standard_task_runner.py:90} INFO - Running: ['***', 'tasks', 'run', 'f1_data_pipeline_taskflow', 'freePracticeDim_transform', 'scheduled__2024-06-18T00:00:00+00:00', '--job-id', '14', '--raw', '--subdir', 'DAGS_FOLDER/etl_dag.py', '--cfg-path', '/tmp/tmpy3t7mzxm']
[2024-06-19T13:27:23.184+0000] {standard_task_runner.py:91} INFO - Job 14: Subtask freePracticeDim_transform
[2024-06-19T13:27:23.234+0000] {task_command.py:426} INFO - Running <TaskInstance: f1_data_pipeline_taskflow.freePracticeDim_transform scheduled__2024-06-18T00:00:00+00:00 [running]> on host fc0cf0aa1225
[2024-06-19T13:27:25.575+0000] {taskinstance.py:2648} INFO - Exporting env vars: AIRFLOW_CTX_DAG_OWNER='***' AIRFLOW_CTX_DAG_ID='f1_data_pipeline_taskflow' AIRFLOW_CTX_TASK_ID='freePracticeDim_transform' AIRFLOW_CTX_EXECUTION_DATE='2024-06-18T00:00:00+00:00' AIRFLOW_CTX_TRY_NUMBER='1' AIRFLOW_CTX_DAG_RUN_ID='scheduled__2024-06-18T00:00:00+00:00'
[2024-06-19T13:27:25.577+0000] {taskinstance.py:430} INFO - ::endgroup::
[2024-06-19T13:27:25.660+0000] {python.py:237} INFO - Done. Returned value was:         raceId fp1_date fp2_date fp3_date fp1_time fp2_time fp3_time
0          860     None     None     None     None     None     None
232        861     None     None     None     None     None     None
680        862     None     None     None     None     None     None
1016       863     None     None     None     None     None     None
1187       864     None     None     None     None     None     None
...        ...      ...      ...      ...      ...      ...      ...
76080      938     None     None     None     None     None     None
76430      940     None     None     None     None     None     None
76916      944     None     None     None     None     None     None
85494      990     None     None     None     None     None     None
106841     951     None     None     None     None     None     None

[232 rows x 7 columns]
[2024-06-19T13:27:25.669+0000] {taskinstance.py:441} INFO - ::group::Post task execution logs
[2024-06-19T13:27:25.725+0000] {taskinstance.py:1206} INFO - Marking task as SUCCESS. dag_id=f1_data_pipeline_taskflow, task_id=freePracticeDim_transform, run_id=scheduled__2024-06-18T00:00:00+00:00, execution_date=20240618T000000, start_date=20240619T132723, end_date=20240619T132725
[2024-06-19T13:27:25.790+0000] {local_task_job_runner.py:240} INFO - Task exited with return code 0
[2024-06-19T13:27:25.814+0000] {taskinstance.py:3498} INFO - 0 downstream tasks scheduled from follow-on schedule check
[2024-06-19T13:27:25.816+0000] {local_task_job_runner.py:222} INFO - ::endgroup::
[2024-06-19T13:37:31.670+0000] {local_task_job_runner.py:120} INFO - ::group::Pre task execution logs
[2024-06-19T13:37:31.694+0000] {taskinstance.py:2076} INFO - Dependencies all met for dep_context=non-requeueable deps ti=<TaskInstance: f1_data_pipeline_taskflow.freePracticeDim_transform scheduled__2024-06-18T00:00:00+00:00 [queued]>
[2024-06-19T13:37:31.704+0000] {taskinstance.py:2076} INFO - Dependencies all met for dep_context=requeueable deps ti=<TaskInstance: f1_data_pipeline_taskflow.freePracticeDim_transform scheduled__2024-06-18T00:00:00+00:00 [queued]>
[2024-06-19T13:37:31.704+0000] {taskinstance.py:2306} INFO - Starting attempt 1 of 1
[2024-06-19T13:37:31.715+0000] {taskinstance.py:2330} INFO - Executing <Task(_PythonDecoratedOperator): freePracticeDim_transform> on 2024-06-18 00:00:00+00:00
[2024-06-19T13:37:31.721+0000] {warnings.py:110} WARNING - /home/***/.local/lib/python3.12/site-packages/***/task/task_runner/standard_task_runner.py:61: DeprecationWarning: This process (pid=105) is multi-threaded, use of fork() may lead to deadlocks in the child.
  pid = os.fork()

[2024-06-19T13:37:31.722+0000] {standard_task_runner.py:63} INFO - Started process 119 to run task
[2024-06-19T13:37:31.724+0000] {standard_task_runner.py:90} INFO - Running: ['***', 'tasks', 'run', 'f1_data_pipeline_taskflow', 'freePracticeDim_transform', 'scheduled__2024-06-18T00:00:00+00:00', '--job-id', '9', '--raw', '--subdir', 'DAGS_FOLDER/etl_dag.py', '--cfg-path', '/tmp/tmplcbfhg_r']
[2024-06-19T13:37:31.728+0000] {standard_task_runner.py:91} INFO - Job 9: Subtask freePracticeDim_transform
[2024-06-19T13:37:31.796+0000] {task_command.py:426} INFO - Running <TaskInstance: f1_data_pipeline_taskflow.freePracticeDim_transform scheduled__2024-06-18T00:00:00+00:00 [running]> on host 790bccf90551
[2024-06-19T13:37:33.868+0000] {taskinstance.py:2648} INFO - Exporting env vars: AIRFLOW_CTX_DAG_OWNER='***' AIRFLOW_CTX_DAG_ID='f1_data_pipeline_taskflow' AIRFLOW_CTX_TASK_ID='freePracticeDim_transform' AIRFLOW_CTX_EXECUTION_DATE='2024-06-18T00:00:00+00:00' AIRFLOW_CTX_TRY_NUMBER='1' AIRFLOW_CTX_DAG_RUN_ID='scheduled__2024-06-18T00:00:00+00:00'
[2024-06-19T13:37:33.874+0000] {taskinstance.py:430} INFO - ::endgroup::
[2024-06-19T13:37:33.954+0000] {python.py:237} INFO - Done. Returned value was:         raceId fp1_date fp2_date fp3_date fp1_time fp2_time fp3_time
0          860     None     None     None     None     None     None
232        861     None     None     None     None     None     None
680        862     None     None     None     None     None     None
1016       863     None     None     None     None     None     None
1187       864     None     None     None     None     None     None
...        ...      ...      ...      ...      ...      ...      ...
76080      938     None     None     None     None     None     None
76430      940     None     None     None     None     None     None
76916      944     None     None     None     None     None     None
85494      990     None     None     None     None     None     None
106841     951     None     None     None     None     None     None

[232 rows x 7 columns]
[2024-06-19T13:37:33.963+0000] {taskinstance.py:441} INFO - ::group::Post task execution logs
[2024-06-19T13:37:33.989+0000] {taskinstance.py:1206} INFO - Marking task as SUCCESS. dag_id=f1_data_pipeline_taskflow, task_id=freePracticeDim_transform, run_id=scheduled__2024-06-18T00:00:00+00:00, execution_date=20240618T000000, start_date=20240619T133731, end_date=20240619T133733
[2024-06-19T13:37:34.057+0000] {local_task_job_runner.py:240} INFO - Task exited with return code 0
[2024-06-19T13:37:34.083+0000] {taskinstance.py:3498} INFO - 0 downstream tasks scheduled from follow-on schedule check
[2024-06-19T13:37:34.086+0000] {local_task_job_runner.py:222} INFO - ::endgroup::
[2024-06-19T14:01:16.608+0000] {local_task_job_runner.py:120} INFO - ::group::Pre task execution logs
[2024-06-19T14:01:16.627+0000] {taskinstance.py:2076} INFO - Dependencies all met for dep_context=non-requeueable deps ti=<TaskInstance: f1_data_pipeline_taskflow.freePracticeDim_transform scheduled__2024-06-18T00:00:00+00:00 [queued]>
[2024-06-19T14:01:16.634+0000] {taskinstance.py:2076} INFO - Dependencies all met for dep_context=requeueable deps ti=<TaskInstance: f1_data_pipeline_taskflow.freePracticeDim_transform scheduled__2024-06-18T00:00:00+00:00 [queued]>
[2024-06-19T14:01:16.634+0000] {taskinstance.py:2306} INFO - Starting attempt 1 of 1
[2024-06-19T14:01:16.645+0000] {taskinstance.py:2330} INFO - Executing <Task(_PythonDecoratedOperator): freePracticeDim_transform> on 2024-06-18 00:00:00+00:00
[2024-06-19T14:01:16.650+0000] {warnings.py:110} WARNING - /home/***/.local/lib/python3.12/site-packages/***/task/task_runner/standard_task_runner.py:61: DeprecationWarning: This process (pid=114) is multi-threaded, use of fork() may lead to deadlocks in the child.
  pid = os.fork()

[2024-06-19T14:01:16.651+0000] {standard_task_runner.py:63} INFO - Started process 128 to run task
[2024-06-19T14:01:16.651+0000] {standard_task_runner.py:90} INFO - Running: ['***', 'tasks', 'run', 'f1_data_pipeline_taskflow', 'freePracticeDim_transform', 'scheduled__2024-06-18T00:00:00+00:00', '--job-id', '11', '--raw', '--subdir', 'DAGS_FOLDER/etl_dag.py', '--cfg-path', '/tmp/tmpmaka20dq']
[2024-06-19T14:01:16.653+0000] {standard_task_runner.py:91} INFO - Job 11: Subtask freePracticeDim_transform
[2024-06-19T14:01:16.697+0000] {task_command.py:426} INFO - Running <TaskInstance: f1_data_pipeline_taskflow.freePracticeDim_transform scheduled__2024-06-18T00:00:00+00:00 [running]> on host 0ff0d3189758
[2024-06-19T14:01:18.577+0000] {taskinstance.py:2648} INFO - Exporting env vars: AIRFLOW_CTX_DAG_OWNER='***' AIRFLOW_CTX_DAG_ID='f1_data_pipeline_taskflow' AIRFLOW_CTX_TASK_ID='freePracticeDim_transform' AIRFLOW_CTX_EXECUTION_DATE='2024-06-18T00:00:00+00:00' AIRFLOW_CTX_TRY_NUMBER='1' AIRFLOW_CTX_DAG_RUN_ID='scheduled__2024-06-18T00:00:00+00:00'
[2024-06-19T14:01:18.585+0000] {taskinstance.py:430} INFO - ::endgroup::
[2024-06-19T14:01:18.666+0000] {python.py:237} INFO - Done. Returned value was:         raceId fp1_date fp2_date fp3_date fp1_time fp2_time fp3_time
0          860     None     None     None     None     None     None
232        861     None     None     None     None     None     None
680        862     None     None     None     None     None     None
1016       863     None     None     None     None     None     None
1187       864     None     None     None     None     None     None
...        ...      ...      ...      ...      ...      ...      ...
76080      938     None     None     None     None     None     None
76430      940     None     None     None     None     None     None
76916      944     None     None     None     None     None     None
85494      990     None     None     None     None     None     None
106841     951     None     None     None     None     None     None

[232 rows x 7 columns]
[2024-06-19T14:01:18.676+0000] {taskinstance.py:441} INFO - ::group::Post task execution logs
[2024-06-19T14:01:18.710+0000] {taskinstance.py:1206} INFO - Marking task as SUCCESS. dag_id=f1_data_pipeline_taskflow, task_id=freePracticeDim_transform, run_id=scheduled__2024-06-18T00:00:00+00:00, execution_date=20240618T000000, start_date=20240619T140116, end_date=20240619T140118
[2024-06-19T14:01:18.785+0000] {local_task_job_runner.py:240} INFO - Task exited with return code 0
[2024-06-19T14:01:18.796+0000] {local_task_job_runner.py:222} INFO - ::endgroup::
[2024-06-19T14:04:53.073+0000] {local_task_job_runner.py:120} INFO - ::group::Pre task execution logs
[2024-06-19T14:04:53.093+0000] {taskinstance.py:2076} INFO - Dependencies all met for dep_context=non-requeueable deps ti=<TaskInstance: f1_data_pipeline_taskflow.freePracticeDim_transform scheduled__2024-06-18T00:00:00+00:00 [queued]>
[2024-06-19T14:04:53.101+0000] {taskinstance.py:2076} INFO - Dependencies all met for dep_context=requeueable deps ti=<TaskInstance: f1_data_pipeline_taskflow.freePracticeDim_transform scheduled__2024-06-18T00:00:00+00:00 [queued]>
[2024-06-19T14:04:53.101+0000] {taskinstance.py:2306} INFO - Starting attempt 1 of 1
[2024-06-19T14:04:53.113+0000] {taskinstance.py:2330} INFO - Executing <Task(_PythonDecoratedOperator): freePracticeDim_transform> on 2024-06-18 00:00:00+00:00
[2024-06-19T14:04:53.119+0000] {warnings.py:110} WARNING - /home/***/.local/lib/python3.12/site-packages/***/task/task_runner/standard_task_runner.py:61: DeprecationWarning: This process (pid=104) is multi-threaded, use of fork() may lead to deadlocks in the child.
  pid = os.fork()

[2024-06-19T14:04:53.120+0000] {standard_task_runner.py:63} INFO - Started process 121 to run task
[2024-06-19T14:04:53.121+0000] {standard_task_runner.py:90} INFO - Running: ['***', 'tasks', 'run', 'f1_data_pipeline_taskflow', 'freePracticeDim_transform', 'scheduled__2024-06-18T00:00:00+00:00', '--job-id', '11', '--raw', '--subdir', 'DAGS_FOLDER/etl_dag.py', '--cfg-path', '/tmp/tmpjzunwrr0']
[2024-06-19T14:04:53.123+0000] {standard_task_runner.py:91} INFO - Job 11: Subtask freePracticeDim_transform
[2024-06-19T14:04:53.174+0000] {task_command.py:426} INFO - Running <TaskInstance: f1_data_pipeline_taskflow.freePracticeDim_transform scheduled__2024-06-18T00:00:00+00:00 [running]> on host dc92dd71b4a2
[2024-06-19T14:04:55.131+0000] {taskinstance.py:2648} INFO - Exporting env vars: AIRFLOW_CTX_DAG_OWNER='***' AIRFLOW_CTX_DAG_ID='f1_data_pipeline_taskflow' AIRFLOW_CTX_TASK_ID='freePracticeDim_transform' AIRFLOW_CTX_EXECUTION_DATE='2024-06-18T00:00:00+00:00' AIRFLOW_CTX_TRY_NUMBER='1' AIRFLOW_CTX_DAG_RUN_ID='scheduled__2024-06-18T00:00:00+00:00'
[2024-06-19T14:04:55.132+0000] {taskinstance.py:430} INFO - ::endgroup::
[2024-06-19T14:04:55.221+0000] {python.py:237} INFO - Done. Returned value was:         raceId fp1_date fp2_date fp3_date fp1_time fp2_time fp3_time
0          860     None     None     None     None     None     None
232        861     None     None     None     None     None     None
680        862     None     None     None     None     None     None
1016       863     None     None     None     None     None     None
1187       864     None     None     None     None     None     None
...        ...      ...      ...      ...      ...      ...      ...
76080      938     None     None     None     None     None     None
76430      940     None     None     None     None     None     None
76916      944     None     None     None     None     None     None
85494      990     None     None     None     None     None     None
106841     951     None     None     None     None     None     None

[232 rows x 7 columns]
[2024-06-19T14:04:55.235+0000] {taskinstance.py:441} INFO - ::group::Post task execution logs
[2024-06-19T14:04:55.268+0000] {taskinstance.py:1206} INFO - Marking task as SUCCESS. dag_id=f1_data_pipeline_taskflow, task_id=freePracticeDim_transform, run_id=scheduled__2024-06-18T00:00:00+00:00, execution_date=20240618T000000, start_date=20240619T140453, end_date=20240619T140455
[2024-06-19T14:04:55.329+0000] {local_task_job_runner.py:240} INFO - Task exited with return code 0
[2024-06-19T14:04:55.352+0000] {taskinstance.py:3498} INFO - 0 downstream tasks scheduled from follow-on schedule check
[2024-06-19T14:04:55.354+0000] {local_task_job_runner.py:222} INFO - ::endgroup::
[2024-06-19T14:13:53.525+0000] {local_task_job_runner.py:120} INFO - ::group::Pre task execution logs
[2024-06-19T14:13:53.544+0000] {taskinstance.py:2076} INFO - Dependencies all met for dep_context=non-requeueable deps ti=<TaskInstance: f1_data_pipeline_taskflow.freePracticeDim_transform scheduled__2024-06-18T00:00:00+00:00 [queued]>
[2024-06-19T14:13:53.554+0000] {taskinstance.py:2076} INFO - Dependencies all met for dep_context=requeueable deps ti=<TaskInstance: f1_data_pipeline_taskflow.freePracticeDim_transform scheduled__2024-06-18T00:00:00+00:00 [queued]>
[2024-06-19T14:13:53.554+0000] {taskinstance.py:2306} INFO - Starting attempt 1 of 1
[2024-06-19T14:13:53.565+0000] {taskinstance.py:2330} INFO - Executing <Task(_PythonDecoratedOperator): freePracticeDim_transform> on 2024-06-18 00:00:00+00:00
[2024-06-19T14:13:53.571+0000] {warnings.py:110} WARNING - /home/***/.local/lib/python3.12/site-packages/***/task/task_runner/standard_task_runner.py:61: DeprecationWarning: This process (pid=141) is multi-threaded, use of fork() may lead to deadlocks in the child.
  pid = os.fork()

[2024-06-19T14:13:53.573+0000] {standard_task_runner.py:63} INFO - Started process 154 to run task
[2024-06-19T14:13:53.573+0000] {standard_task_runner.py:90} INFO - Running: ['***', 'tasks', 'run', 'f1_data_pipeline_taskflow', 'freePracticeDim_transform', 'scheduled__2024-06-18T00:00:00+00:00', '--job-id', '8', '--raw', '--subdir', 'DAGS_FOLDER/etl_dag.py', '--cfg-path', '/tmp/tmp3b6e4f09']
[2024-06-19T14:13:53.575+0000] {standard_task_runner.py:91} INFO - Job 8: Subtask freePracticeDim_transform
[2024-06-19T14:13:53.620+0000] {task_command.py:426} INFO - Running <TaskInstance: f1_data_pipeline_taskflow.freePracticeDim_transform scheduled__2024-06-18T00:00:00+00:00 [running]> on host 2acd74b25e37
[2024-06-19T14:13:55.536+0000] {taskinstance.py:2648} INFO - Exporting env vars: AIRFLOW_CTX_DAG_OWNER='***' AIRFLOW_CTX_DAG_ID='f1_data_pipeline_taskflow' AIRFLOW_CTX_TASK_ID='freePracticeDim_transform' AIRFLOW_CTX_EXECUTION_DATE='2024-06-18T00:00:00+00:00' AIRFLOW_CTX_TRY_NUMBER='1' AIRFLOW_CTX_DAG_RUN_ID='scheduled__2024-06-18T00:00:00+00:00'
[2024-06-19T14:13:55.539+0000] {taskinstance.py:430} INFO - ::endgroup::
[2024-06-19T14:13:55.636+0000] {python.py:237} INFO - Done. Returned value was:         raceId fp1_date fp2_date fp3_date fp1_time fp2_time fp3_time
0          860     None     None     None     None     None     None
232        861     None     None     None     None     None     None
680        862     None     None     None     None     None     None
1016       863     None     None     None     None     None     None
1187       864     None     None     None     None     None     None
...        ...      ...      ...      ...      ...      ...      ...
76080      938     None     None     None     None     None     None
76430      940     None     None     None     None     None     None
76916      944     None     None     None     None     None     None
85494      990     None     None     None     None     None     None
106841     951     None     None     None     None     None     None

[232 rows x 7 columns]
[2024-06-19T14:13:55.646+0000] {taskinstance.py:441} INFO - ::group::Post task execution logs
[2024-06-19T14:13:55.675+0000] {taskinstance.py:1206} INFO - Marking task as SUCCESS. dag_id=f1_data_pipeline_taskflow, task_id=freePracticeDim_transform, run_id=scheduled__2024-06-18T00:00:00+00:00, execution_date=20240618T000000, start_date=20240619T141353, end_date=20240619T141355
[2024-06-19T14:13:55.743+0000] {local_task_job_runner.py:240} INFO - Task exited with return code 0
[2024-06-19T14:13:55.753+0000] {local_task_job_runner.py:222} INFO - ::endgroup::
[2024-06-19T14:25:50.564+0000] {local_task_job_runner.py:120} INFO - ::group::Pre task execution logs
[2024-06-19T14:25:50.586+0000] {taskinstance.py:2076} INFO - Dependencies all met for dep_context=non-requeueable deps ti=<TaskInstance: f1_data_pipeline_taskflow.freePracticeDim_transform scheduled__2024-06-18T00:00:00+00:00 [queued]>
[2024-06-19T14:25:50.593+0000] {taskinstance.py:2076} INFO - Dependencies all met for dep_context=requeueable deps ti=<TaskInstance: f1_data_pipeline_taskflow.freePracticeDim_transform scheduled__2024-06-18T00:00:00+00:00 [queued]>
[2024-06-19T14:25:50.594+0000] {taskinstance.py:2306} INFO - Starting attempt 1 of 1
[2024-06-19T14:25:50.607+0000] {taskinstance.py:2330} INFO - Executing <Task(_PythonDecoratedOperator): freePracticeDim_transform> on 2024-06-18 00:00:00+00:00
[2024-06-19T14:25:50.613+0000] {warnings.py:110} WARNING - /home/***/.local/lib/python3.12/site-packages/***/task/task_runner/standard_task_runner.py:61: DeprecationWarning: This process (pid=106) is multi-threaded, use of fork() may lead to deadlocks in the child.
  pid = os.fork()

[2024-06-19T14:25:50.614+0000] {standard_task_runner.py:63} INFO - Started process 122 to run task
[2024-06-19T14:25:50.615+0000] {standard_task_runner.py:90} INFO - Running: ['***', 'tasks', 'run', 'f1_data_pipeline_taskflow', 'freePracticeDim_transform', 'scheduled__2024-06-18T00:00:00+00:00', '--job-id', '7', '--raw', '--subdir', 'DAGS_FOLDER/etl_dag.py', '--cfg-path', '/tmp/tmprmrnwos5']
[2024-06-19T14:25:50.616+0000] {standard_task_runner.py:91} INFO - Job 7: Subtask freePracticeDim_transform
[2024-06-19T14:25:50.659+0000] {task_command.py:426} INFO - Running <TaskInstance: f1_data_pipeline_taskflow.freePracticeDim_transform scheduled__2024-06-18T00:00:00+00:00 [running]> on host 7f714baf6013
[2024-06-19T14:25:52.535+0000] {taskinstance.py:2648} INFO - Exporting env vars: AIRFLOW_CTX_DAG_OWNER='***' AIRFLOW_CTX_DAG_ID='f1_data_pipeline_taskflow' AIRFLOW_CTX_TASK_ID='freePracticeDim_transform' AIRFLOW_CTX_EXECUTION_DATE='2024-06-18T00:00:00+00:00' AIRFLOW_CTX_TRY_NUMBER='1' AIRFLOW_CTX_DAG_RUN_ID='scheduled__2024-06-18T00:00:00+00:00'
[2024-06-19T14:25:52.539+0000] {taskinstance.py:430} INFO - ::endgroup::
[2024-06-19T14:25:52.734+0000] {python.py:237} INFO - Done. Returned value was:         raceId fp1_date fp2_date fp3_date fp1_time fp2_time fp3_time
0          860     None     None     None     None     None     None
232        861     None     None     None     None     None     None
680        862     None     None     None     None     None     None
1016       863     None     None     None     None     None     None
1187       864     None     None     None     None     None     None
...        ...      ...      ...      ...      ...      ...      ...
76080      938     None     None     None     None     None     None
76430      940     None     None     None     None     None     None
76916      944     None     None     None     None     None     None
85494      990     None     None     None     None     None     None
106841     951     None     None     None     None     None     None

[232 rows x 7 columns]
[2024-06-19T14:25:52.756+0000] {taskinstance.py:441} INFO - ::group::Post task execution logs
[2024-06-19T14:25:52.820+0000] {taskinstance.py:1206} INFO - Marking task as SUCCESS. dag_id=f1_data_pipeline_taskflow, task_id=freePracticeDim_transform, run_id=scheduled__2024-06-18T00:00:00+00:00, execution_date=20240618T000000, start_date=20240619T142550, end_date=20240619T142552
[2024-06-19T14:25:52.876+0000] {local_task_job_runner.py:240} INFO - Task exited with return code 0
[2024-06-19T14:25:52.907+0000] {taskinstance.py:3498} INFO - 0 downstream tasks scheduled from follow-on schedule check
[2024-06-19T14:25:52.909+0000] {local_task_job_runner.py:222} INFO - ::endgroup::
