[2024-05-28T08:06:25.099+0000] {processor.py:161} INFO - Started process (PID=56) to work on /home/airflow/.local/lib/python3.12/site-packages/airflow/example_dags/example_python_decorator.py
[2024-05-28T08:06:25.099+0000] {processor.py:830} INFO - Processing file /home/airflow/.local/lib/python3.12/site-packages/airflow/example_dags/example_python_decorator.py for tasks to queue
[2024-05-28T08:06:25.100+0000] {logging_mixin.py:188} INFO - [2024-05-28T08:06:25.100+0000] {dagbag.py:545} INFO - Filling up the DagBag from /home/airflow/.local/lib/python3.12/site-packages/airflow/example_dags/example_python_decorator.py
[2024-05-28T08:06:25.111+0000] {processor.py:840} INFO - DAG(s) 'example_python_decorator' retrieved from /home/airflow/.local/lib/python3.12/site-packages/airflow/example_dags/example_python_decorator.py
[2024-05-28T08:06:25.180+0000] {logging_mixin.py:188} INFO - [2024-05-28T08:06:25.179+0000] {override.py:1829} INFO - Created Permission View: can edit on DAG:example_python_decorator
[2024-05-28T08:06:25.186+0000] {logging_mixin.py:188} INFO - [2024-05-28T08:06:25.186+0000] {override.py:1829} INFO - Created Permission View: can delete on DAG:example_python_decorator
[2024-05-28T08:06:25.190+0000] {logging_mixin.py:188} INFO - [2024-05-28T08:06:25.190+0000] {override.py:1829} INFO - Created Permission View: can read on DAG:example_python_decorator
[2024-05-28T08:06:25.191+0000] {logging_mixin.py:188} INFO - [2024-05-28T08:06:25.191+0000] {dag.py:3096} INFO - Sync 1 DAGs
[2024-05-28T08:06:25.198+0000] {logging_mixin.py:188} INFO - [2024-05-28T08:06:25.197+0000] {dag.py:3118} INFO - Creating ORM DAG for example_python_decorator
[2024-05-28T08:06:25.198+0000] {logging_mixin.py:188} INFO - [2024-05-28T08:06:25.198+0000] {dag.py:3954} INFO - Setting next_dagrun for example_python_decorator to None, run_after=None
[2024-05-28T08:06:25.208+0000] {processor.py:183} INFO - Processing /home/airflow/.local/lib/python3.12/site-packages/airflow/example_dags/example_python_decorator.py took 0.113 seconds
[2024-05-28T08:06:55.864+0000] {processor.py:161} INFO - Started process (PID=114) to work on /home/airflow/.local/lib/python3.12/site-packages/airflow/example_dags/example_python_decorator.py
[2024-05-28T08:06:55.865+0000] {processor.py:830} INFO - Processing file /home/airflow/.local/lib/python3.12/site-packages/airflow/example_dags/example_python_decorator.py for tasks to queue
[2024-05-28T08:06:55.866+0000] {logging_mixin.py:188} INFO - [2024-05-28T08:06:55.866+0000] {dagbag.py:545} INFO - Filling up the DagBag from /home/airflow/.local/lib/python3.12/site-packages/airflow/example_dags/example_python_decorator.py
[2024-05-28T08:06:55.874+0000] {processor.py:840} INFO - DAG(s) 'example_python_decorator' retrieved from /home/airflow/.local/lib/python3.12/site-packages/airflow/example_dags/example_python_decorator.py
[2024-05-28T08:06:55.887+0000] {logging_mixin.py:188} INFO - [2024-05-28T08:06:55.886+0000] {dag.py:3096} INFO - Sync 1 DAGs
[2024-05-28T08:06:55.894+0000] {logging_mixin.py:188} INFO - [2024-05-28T08:06:55.894+0000] {dag.py:3954} INFO - Setting next_dagrun for example_python_decorator to None, run_after=None
[2024-05-28T08:06:55.905+0000] {processor.py:183} INFO - Processing /home/airflow/.local/lib/python3.12/site-packages/airflow/example_dags/example_python_decorator.py took 0.045 seconds
[2024-05-28T08:07:26.646+0000] {processor.py:161} INFO - Started process (PID=172) to work on /home/airflow/.local/lib/python3.12/site-packages/airflow/example_dags/example_python_decorator.py
[2024-05-28T08:07:26.647+0000] {processor.py:830} INFO - Processing file /home/airflow/.local/lib/python3.12/site-packages/airflow/example_dags/example_python_decorator.py for tasks to queue
[2024-05-28T08:07:26.648+0000] {logging_mixin.py:188} INFO - [2024-05-28T08:07:26.648+0000] {dagbag.py:545} INFO - Filling up the DagBag from /home/airflow/.local/lib/python3.12/site-packages/airflow/example_dags/example_python_decorator.py
[2024-05-28T08:07:26.656+0000] {processor.py:840} INFO - DAG(s) 'example_python_decorator' retrieved from /home/airflow/.local/lib/python3.12/site-packages/airflow/example_dags/example_python_decorator.py
[2024-05-28T08:07:26.668+0000] {logging_mixin.py:188} INFO - [2024-05-28T08:07:26.668+0000] {dag.py:3096} INFO - Sync 1 DAGs
[2024-05-28T08:07:26.676+0000] {logging_mixin.py:188} INFO - [2024-05-28T08:07:26.675+0000] {dag.py:3954} INFO - Setting next_dagrun for example_python_decorator to None, run_after=None
[2024-05-28T08:07:26.686+0000] {processor.py:183} INFO - Processing /home/airflow/.local/lib/python3.12/site-packages/airflow/example_dags/example_python_decorator.py took 0.043 seconds
[2024-05-28T08:25:59.437+0000] {processor.py:161} INFO - Started process (PID=57) to work on /home/airflow/.local/lib/python3.12/site-packages/airflow/example_dags/example_python_decorator.py
[2024-05-28T08:25:59.444+0000] {processor.py:830} INFO - Processing file /home/airflow/.local/lib/python3.12/site-packages/airflow/example_dags/example_python_decorator.py for tasks to queue
[2024-05-28T08:25:59.446+0000] {logging_mixin.py:188} INFO - [2024-05-28T08:25:59.445+0000] {dagbag.py:545} INFO - Filling up the DagBag from /home/airflow/.local/lib/python3.12/site-packages/airflow/example_dags/example_python_decorator.py
[2024-05-28T08:25:59.459+0000] {processor.py:840} INFO - DAG(s) 'example_python_decorator' retrieved from /home/airflow/.local/lib/python3.12/site-packages/airflow/example_dags/example_python_decorator.py
[2024-05-28T08:25:59.532+0000] {logging_mixin.py:188} INFO - [2024-05-28T08:25:59.532+0000] {override.py:1829} INFO - Created Permission View: can read on DAG:example_python_decorator
[2024-05-28T08:25:59.539+0000] {logging_mixin.py:188} INFO - [2024-05-28T08:25:59.538+0000] {override.py:1829} INFO - Created Permission View: can edit on DAG:example_python_decorator
[2024-05-28T08:25:59.544+0000] {logging_mixin.py:188} INFO - [2024-05-28T08:25:59.544+0000] {override.py:1829} INFO - Created Permission View: can delete on DAG:example_python_decorator
[2024-05-28T08:25:59.544+0000] {logging_mixin.py:188} INFO - [2024-05-28T08:25:59.544+0000] {dag.py:3096} INFO - Sync 1 DAGs
[2024-05-28T08:25:59.553+0000] {logging_mixin.py:188} INFO - [2024-05-28T08:25:59.553+0000] {dag.py:3118} INFO - Creating ORM DAG for example_python_decorator
[2024-05-28T08:25:59.553+0000] {logging_mixin.py:188} INFO - [2024-05-28T08:25:59.553+0000] {dag.py:3954} INFO - Setting next_dagrun for example_python_decorator to None, run_after=None
[2024-05-28T08:25:59.566+0000] {processor.py:183} INFO - Processing /home/airflow/.local/lib/python3.12/site-packages/airflow/example_dags/example_python_decorator.py took 0.134 seconds
[2024-05-28T08:26:30.161+0000] {processor.py:161} INFO - Started process (PID=116) to work on /home/airflow/.local/lib/python3.12/site-packages/airflow/example_dags/example_python_decorator.py
[2024-05-28T08:26:30.162+0000] {processor.py:830} INFO - Processing file /home/airflow/.local/lib/python3.12/site-packages/airflow/example_dags/example_python_decorator.py for tasks to queue
[2024-05-28T08:26:30.163+0000] {logging_mixin.py:188} INFO - [2024-05-28T08:26:30.162+0000] {dagbag.py:545} INFO - Filling up the DagBag from /home/airflow/.local/lib/python3.12/site-packages/airflow/example_dags/example_python_decorator.py
[2024-05-28T08:26:30.170+0000] {processor.py:840} INFO - DAG(s) 'example_python_decorator' retrieved from /home/airflow/.local/lib/python3.12/site-packages/airflow/example_dags/example_python_decorator.py
[2024-05-28T08:26:30.184+0000] {logging_mixin.py:188} INFO - [2024-05-28T08:26:30.184+0000] {dag.py:3096} INFO - Sync 1 DAGs
[2024-05-28T08:26:30.191+0000] {logging_mixin.py:188} INFO - [2024-05-28T08:26:30.191+0000] {dag.py:3954} INFO - Setting next_dagrun for example_python_decorator to None, run_after=None
[2024-05-28T08:26:30.202+0000] {processor.py:183} INFO - Processing /home/airflow/.local/lib/python3.12/site-packages/airflow/example_dags/example_python_decorator.py took 0.045 seconds
[2024-05-28T08:27:00.952+0000] {processor.py:161} INFO - Started process (PID=175) to work on /home/airflow/.local/lib/python3.12/site-packages/airflow/example_dags/example_python_decorator.py
[2024-05-28T08:27:00.953+0000] {processor.py:830} INFO - Processing file /home/airflow/.local/lib/python3.12/site-packages/airflow/example_dags/example_python_decorator.py for tasks to queue
[2024-05-28T08:27:00.954+0000] {logging_mixin.py:188} INFO - [2024-05-28T08:27:00.954+0000] {dagbag.py:545} INFO - Filling up the DagBag from /home/airflow/.local/lib/python3.12/site-packages/airflow/example_dags/example_python_decorator.py
[2024-05-28T08:27:00.961+0000] {processor.py:840} INFO - DAG(s) 'example_python_decorator' retrieved from /home/airflow/.local/lib/python3.12/site-packages/airflow/example_dags/example_python_decorator.py
[2024-05-28T08:27:00.975+0000] {logging_mixin.py:188} INFO - [2024-05-28T08:27:00.974+0000] {dag.py:3096} INFO - Sync 1 DAGs
[2024-05-28T08:27:00.982+0000] {logging_mixin.py:188} INFO - [2024-05-28T08:27:00.982+0000] {dag.py:3954} INFO - Setting next_dagrun for example_python_decorator to None, run_after=None
[2024-05-28T08:27:00.994+0000] {processor.py:183} INFO - Processing /home/airflow/.local/lib/python3.12/site-packages/airflow/example_dags/example_python_decorator.py took 0.046 seconds
[2024-05-28T08:54:23.236+0000] {processor.py:161} INFO - Started process (PID=57) to work on /home/airflow/.local/lib/python3.12/site-packages/airflow/example_dags/example_python_decorator.py
[2024-05-28T08:54:23.236+0000] {processor.py:830} INFO - Processing file /home/airflow/.local/lib/python3.12/site-packages/airflow/example_dags/example_python_decorator.py for tasks to queue
[2024-05-28T08:54:23.238+0000] {logging_mixin.py:188} INFO - [2024-05-28T08:54:23.237+0000] {dagbag.py:545} INFO - Filling up the DagBag from /home/airflow/.local/lib/python3.12/site-packages/airflow/example_dags/example_python_decorator.py
[2024-05-28T08:54:23.247+0000] {processor.py:840} INFO - DAG(s) 'example_python_decorator' retrieved from /home/airflow/.local/lib/python3.12/site-packages/airflow/example_dags/example_python_decorator.py
[2024-05-28T08:54:23.320+0000] {logging_mixin.py:188} INFO - [2024-05-28T08:54:23.319+0000] {override.py:1829} INFO - Created Permission View: can delete on DAG:example_python_decorator
[2024-05-28T08:54:23.327+0000] {logging_mixin.py:188} INFO - [2024-05-28T08:54:23.327+0000] {override.py:1829} INFO - Created Permission View: can edit on DAG:example_python_decorator
[2024-05-28T08:54:23.333+0000] {logging_mixin.py:188} INFO - [2024-05-28T08:54:23.332+0000] {override.py:1829} INFO - Created Permission View: can read on DAG:example_python_decorator
[2024-05-28T08:54:23.333+0000] {logging_mixin.py:188} INFO - [2024-05-28T08:54:23.333+0000] {dag.py:3096} INFO - Sync 1 DAGs
[2024-05-28T08:54:23.341+0000] {logging_mixin.py:188} INFO - [2024-05-28T08:54:23.341+0000] {dag.py:3118} INFO - Creating ORM DAG for example_python_decorator
[2024-05-28T08:54:23.341+0000] {logging_mixin.py:188} INFO - [2024-05-28T08:54:23.341+0000] {dag.py:3954} INFO - Setting next_dagrun for example_python_decorator to None, run_after=None
[2024-05-28T08:54:23.354+0000] {processor.py:183} INFO - Processing /home/airflow/.local/lib/python3.12/site-packages/airflow/example_dags/example_python_decorator.py took 0.122 seconds
[2024-05-28T08:54:53.866+0000] {processor.py:161} INFO - Started process (PID=116) to work on /home/airflow/.local/lib/python3.12/site-packages/airflow/example_dags/example_python_decorator.py
[2024-05-28T08:54:53.867+0000] {processor.py:830} INFO - Processing file /home/airflow/.local/lib/python3.12/site-packages/airflow/example_dags/example_python_decorator.py for tasks to queue
[2024-05-28T08:54:53.868+0000] {logging_mixin.py:188} INFO - [2024-05-28T08:54:53.868+0000] {dagbag.py:545} INFO - Filling up the DagBag from /home/airflow/.local/lib/python3.12/site-packages/airflow/example_dags/example_python_decorator.py
[2024-05-28T08:54:53.876+0000] {processor.py:840} INFO - DAG(s) 'example_python_decorator' retrieved from /home/airflow/.local/lib/python3.12/site-packages/airflow/example_dags/example_python_decorator.py
[2024-05-28T08:54:53.890+0000] {logging_mixin.py:188} INFO - [2024-05-28T08:54:53.889+0000] {dag.py:3096} INFO - Sync 1 DAGs
[2024-05-28T08:54:53.897+0000] {logging_mixin.py:188} INFO - [2024-05-28T08:54:53.896+0000] {dag.py:3954} INFO - Setting next_dagrun for example_python_decorator to None, run_after=None
[2024-05-28T08:54:53.907+0000] {processor.py:183} INFO - Processing /home/airflow/.local/lib/python3.12/site-packages/airflow/example_dags/example_python_decorator.py took 0.044 seconds
[2024-05-28T08:55:24.623+0000] {processor.py:161} INFO - Started process (PID=175) to work on /home/airflow/.local/lib/python3.12/site-packages/airflow/example_dags/example_python_decorator.py
[2024-05-28T08:55:24.624+0000] {processor.py:830} INFO - Processing file /home/airflow/.local/lib/python3.12/site-packages/airflow/example_dags/example_python_decorator.py for tasks to queue
[2024-05-28T08:55:24.625+0000] {logging_mixin.py:188} INFO - [2024-05-28T08:55:24.625+0000] {dagbag.py:545} INFO - Filling up the DagBag from /home/airflow/.local/lib/python3.12/site-packages/airflow/example_dags/example_python_decorator.py
[2024-05-28T08:55:24.633+0000] {processor.py:840} INFO - DAG(s) 'example_python_decorator' retrieved from /home/airflow/.local/lib/python3.12/site-packages/airflow/example_dags/example_python_decorator.py
[2024-05-28T08:55:24.646+0000] {logging_mixin.py:188} INFO - [2024-05-28T08:55:24.646+0000] {dag.py:3096} INFO - Sync 1 DAGs
[2024-05-28T08:55:24.654+0000] {logging_mixin.py:188} INFO - [2024-05-28T08:55:24.654+0000] {dag.py:3954} INFO - Setting next_dagrun for example_python_decorator to None, run_after=None
[2024-05-28T08:55:24.665+0000] {processor.py:183} INFO - Processing /home/airflow/.local/lib/python3.12/site-packages/airflow/example_dags/example_python_decorator.py took 0.046 seconds
[2024-05-28T09:08:12.333+0000] {processor.py:161} INFO - Started process (PID=58) to work on /home/airflow/.local/lib/python3.12/site-packages/airflow/example_dags/example_python_decorator.py
[2024-05-28T09:08:12.334+0000] {processor.py:830} INFO - Processing file /home/airflow/.local/lib/python3.12/site-packages/airflow/example_dags/example_python_decorator.py for tasks to queue
[2024-05-28T09:08:12.335+0000] {logging_mixin.py:188} INFO - [2024-05-28T09:08:12.334+0000] {dagbag.py:545} INFO - Filling up the DagBag from /home/airflow/.local/lib/python3.12/site-packages/airflow/example_dags/example_python_decorator.py
[2024-05-28T09:08:12.344+0000] {processor.py:840} INFO - DAG(s) 'example_python_decorator' retrieved from /home/airflow/.local/lib/python3.12/site-packages/airflow/example_dags/example_python_decorator.py
[2024-05-28T09:08:12.412+0000] {logging_mixin.py:188} INFO - [2024-05-28T09:08:12.411+0000] {override.py:1829} INFO - Created Permission View: can edit on DAG:example_python_decorator
[2024-05-28T09:08:12.418+0000] {logging_mixin.py:188} INFO - [2024-05-28T09:08:12.418+0000] {override.py:1829} INFO - Created Permission View: can delete on DAG:example_python_decorator
[2024-05-28T09:08:12.424+0000] {logging_mixin.py:188} INFO - [2024-05-28T09:08:12.424+0000] {override.py:1829} INFO - Created Permission View: can read on DAG:example_python_decorator
[2024-05-28T09:08:12.424+0000] {logging_mixin.py:188} INFO - [2024-05-28T09:08:12.424+0000] {dag.py:3096} INFO - Sync 1 DAGs
[2024-05-28T09:08:12.431+0000] {logging_mixin.py:188} INFO - [2024-05-28T09:08:12.431+0000] {dag.py:3118} INFO - Creating ORM DAG for example_python_decorator
[2024-05-28T09:08:12.431+0000] {logging_mixin.py:188} INFO - [2024-05-28T09:08:12.431+0000] {dag.py:3954} INFO - Setting next_dagrun for example_python_decorator to None, run_after=None
[2024-05-28T09:08:12.442+0000] {processor.py:183} INFO - Processing /home/airflow/.local/lib/python3.12/site-packages/airflow/example_dags/example_python_decorator.py took 0.113 seconds
[2024-05-28T09:08:42.683+0000] {processor.py:161} INFO - Started process (PID=118) to work on /home/airflow/.local/lib/python3.12/site-packages/airflow/example_dags/example_python_decorator.py
[2024-05-28T09:08:42.684+0000] {processor.py:830} INFO - Processing file /home/airflow/.local/lib/python3.12/site-packages/airflow/example_dags/example_python_decorator.py for tasks to queue
[2024-05-28T09:08:42.685+0000] {logging_mixin.py:188} INFO - [2024-05-28T09:08:42.685+0000] {dagbag.py:545} INFO - Filling up the DagBag from /home/airflow/.local/lib/python3.12/site-packages/airflow/example_dags/example_python_decorator.py
[2024-05-28T09:08:42.693+0000] {processor.py:840} INFO - DAG(s) 'example_python_decorator' retrieved from /home/airflow/.local/lib/python3.12/site-packages/airflow/example_dags/example_python_decorator.py
[2024-05-28T09:08:42.706+0000] {logging_mixin.py:188} INFO - [2024-05-28T09:08:42.706+0000] {dag.py:3096} INFO - Sync 1 DAGs
[2024-05-28T09:08:42.713+0000] {logging_mixin.py:188} INFO - [2024-05-28T09:08:42.713+0000] {dag.py:3954} INFO - Setting next_dagrun for example_python_decorator to None, run_after=None
[2024-05-28T09:08:42.724+0000] {processor.py:183} INFO - Processing /home/airflow/.local/lib/python3.12/site-packages/airflow/example_dags/example_python_decorator.py took 0.043 seconds
[2024-05-28T09:09:13.789+0000] {processor.py:161} INFO - Started process (PID=178) to work on /home/airflow/.local/lib/python3.12/site-packages/airflow/example_dags/example_python_decorator.py
[2024-05-28T09:09:13.790+0000] {processor.py:830} INFO - Processing file /home/airflow/.local/lib/python3.12/site-packages/airflow/example_dags/example_python_decorator.py for tasks to queue
[2024-05-28T09:09:13.791+0000] {logging_mixin.py:188} INFO - [2024-05-28T09:09:13.791+0000] {dagbag.py:545} INFO - Filling up the DagBag from /home/airflow/.local/lib/python3.12/site-packages/airflow/example_dags/example_python_decorator.py
[2024-05-28T09:09:13.798+0000] {processor.py:840} INFO - DAG(s) 'example_python_decorator' retrieved from /home/airflow/.local/lib/python3.12/site-packages/airflow/example_dags/example_python_decorator.py
[2024-05-28T09:09:13.813+0000] {logging_mixin.py:188} INFO - [2024-05-28T09:09:13.813+0000] {dag.py:3096} INFO - Sync 1 DAGs
[2024-05-28T09:09:13.821+0000] {logging_mixin.py:188} INFO - [2024-05-28T09:09:13.821+0000] {dag.py:3954} INFO - Setting next_dagrun for example_python_decorator to None, run_after=None
[2024-05-28T09:09:13.834+0000] {processor.py:183} INFO - Processing /home/airflow/.local/lib/python3.12/site-packages/airflow/example_dags/example_python_decorator.py took 0.049 seconds
[2024-05-28T09:09:44.903+0000] {processor.py:161} INFO - Started process (PID=238) to work on /home/airflow/.local/lib/python3.12/site-packages/airflow/example_dags/example_python_decorator.py
[2024-05-28T09:09:44.904+0000] {processor.py:830} INFO - Processing file /home/airflow/.local/lib/python3.12/site-packages/airflow/example_dags/example_python_decorator.py for tasks to queue
[2024-05-28T09:09:44.905+0000] {logging_mixin.py:188} INFO - [2024-05-28T09:09:44.905+0000] {dagbag.py:545} INFO - Filling up the DagBag from /home/airflow/.local/lib/python3.12/site-packages/airflow/example_dags/example_python_decorator.py
[2024-05-28T09:09:44.913+0000] {processor.py:840} INFO - DAG(s) 'example_python_decorator' retrieved from /home/airflow/.local/lib/python3.12/site-packages/airflow/example_dags/example_python_decorator.py
[2024-05-28T09:09:44.927+0000] {logging_mixin.py:188} INFO - [2024-05-28T09:09:44.927+0000] {dag.py:3096} INFO - Sync 1 DAGs
[2024-05-28T09:09:44.935+0000] {logging_mixin.py:188} INFO - [2024-05-28T09:09:44.934+0000] {dag.py:3954} INFO - Setting next_dagrun for example_python_decorator to None, run_after=None
[2024-05-28T09:09:44.945+0000] {processor.py:183} INFO - Processing /home/airflow/.local/lib/python3.12/site-packages/airflow/example_dags/example_python_decorator.py took 0.046 seconds
[2024-05-28T09:10:15.670+0000] {processor.py:161} INFO - Started process (PID=298) to work on /home/airflow/.local/lib/python3.12/site-packages/airflow/example_dags/example_python_decorator.py
[2024-05-28T09:10:15.674+0000] {processor.py:830} INFO - Processing file /home/airflow/.local/lib/python3.12/site-packages/airflow/example_dags/example_python_decorator.py for tasks to queue
[2024-05-28T09:10:15.675+0000] {logging_mixin.py:188} INFO - [2024-05-28T09:10:15.675+0000] {dagbag.py:545} INFO - Filling up the DagBag from /home/airflow/.local/lib/python3.12/site-packages/airflow/example_dags/example_python_decorator.py
[2024-05-28T09:10:15.683+0000] {processor.py:840} INFO - DAG(s) 'example_python_decorator' retrieved from /home/airflow/.local/lib/python3.12/site-packages/airflow/example_dags/example_python_decorator.py
[2024-05-28T09:10:15.696+0000] {logging_mixin.py:188} INFO - [2024-05-28T09:10:15.696+0000] {dag.py:3096} INFO - Sync 1 DAGs
[2024-05-28T09:10:15.704+0000] {logging_mixin.py:188} INFO - [2024-05-28T09:10:15.703+0000] {dag.py:3954} INFO - Setting next_dagrun for example_python_decorator to None, run_after=None
[2024-05-28T09:10:15.716+0000] {processor.py:183} INFO - Processing /home/airflow/.local/lib/python3.12/site-packages/airflow/example_dags/example_python_decorator.py took 0.050 seconds
[2024-05-28T09:10:45.843+0000] {processor.py:161} INFO - Started process (PID=358) to work on /home/airflow/.local/lib/python3.12/site-packages/airflow/example_dags/example_python_decorator.py
[2024-05-28T09:10:45.844+0000] {processor.py:830} INFO - Processing file /home/airflow/.local/lib/python3.12/site-packages/airflow/example_dags/example_python_decorator.py for tasks to queue
[2024-05-28T09:10:45.845+0000] {logging_mixin.py:188} INFO - [2024-05-28T09:10:45.845+0000] {dagbag.py:545} INFO - Filling up the DagBag from /home/airflow/.local/lib/python3.12/site-packages/airflow/example_dags/example_python_decorator.py
[2024-05-28T09:10:45.853+0000] {processor.py:840} INFO - DAG(s) 'example_python_decorator' retrieved from /home/airflow/.local/lib/python3.12/site-packages/airflow/example_dags/example_python_decorator.py
[2024-05-28T09:10:45.866+0000] {logging_mixin.py:188} INFO - [2024-05-28T09:10:45.866+0000] {dag.py:3096} INFO - Sync 1 DAGs
[2024-05-28T09:10:45.874+0000] {logging_mixin.py:188} INFO - [2024-05-28T09:10:45.874+0000] {dag.py:3954} INFO - Setting next_dagrun for example_python_decorator to None, run_after=None
[2024-05-28T09:10:45.885+0000] {processor.py:183} INFO - Processing /home/airflow/.local/lib/python3.12/site-packages/airflow/example_dags/example_python_decorator.py took 0.045 seconds
[2024-05-28T09:11:16.258+0000] {processor.py:161} INFO - Started process (PID=418) to work on /home/airflow/.local/lib/python3.12/site-packages/airflow/example_dags/example_python_decorator.py
[2024-05-28T09:11:16.258+0000] {processor.py:830} INFO - Processing file /home/airflow/.local/lib/python3.12/site-packages/airflow/example_dags/example_python_decorator.py for tasks to queue
[2024-05-28T09:11:16.259+0000] {logging_mixin.py:188} INFO - [2024-05-28T09:11:16.259+0000] {dagbag.py:545} INFO - Filling up the DagBag from /home/airflow/.local/lib/python3.12/site-packages/airflow/example_dags/example_python_decorator.py
[2024-05-28T09:11:16.267+0000] {processor.py:840} INFO - DAG(s) 'example_python_decorator' retrieved from /home/airflow/.local/lib/python3.12/site-packages/airflow/example_dags/example_python_decorator.py
[2024-05-28T09:11:16.279+0000] {logging_mixin.py:188} INFO - [2024-05-28T09:11:16.279+0000] {dag.py:3096} INFO - Sync 1 DAGs
[2024-05-28T09:11:16.286+0000] {logging_mixin.py:188} INFO - [2024-05-28T09:11:16.286+0000] {dag.py:3954} INFO - Setting next_dagrun for example_python_decorator to None, run_after=None
[2024-05-28T09:11:16.297+0000] {processor.py:183} INFO - Processing /home/airflow/.local/lib/python3.12/site-packages/airflow/example_dags/example_python_decorator.py took 0.043 seconds
