[2024-05-28T08:06:25.622+0000] {processor.py:161} INFO - Started process (PID=63) to work on /home/airflow/.local/lib/python3.12/site-packages/airflow/example_dags/example_branch_operator.py
[2024-05-28T08:06:25.623+0000] {processor.py:830} INFO - Processing file /home/airflow/.local/lib/python3.12/site-packages/airflow/example_dags/example_branch_operator.py for tasks to queue
[2024-05-28T08:06:25.624+0000] {logging_mixin.py:188} INFO - [2024-05-28T08:06:25.624+0000] {dagbag.py:545} INFO - Filling up the DagBag from /home/airflow/.local/lib/python3.12/site-packages/airflow/example_dags/example_branch_operator.py
[2024-05-28T08:06:25.636+0000] {processor.py:840} INFO - DAG(s) 'example_branch_operator' retrieved from /home/airflow/.local/lib/python3.12/site-packages/airflow/example_dags/example_branch_operator.py
[2024-05-28T08:06:25.703+0000] {logging_mixin.py:188} INFO - [2024-05-28T08:06:25.703+0000] {override.py:1829} INFO - Created Permission View: can edit on DAG:example_branch_operator
[2024-05-28T08:06:25.711+0000] {logging_mixin.py:188} INFO - [2024-05-28T08:06:25.711+0000] {override.py:1829} INFO - Created Permission View: can delete on DAG:example_branch_operator
[2024-05-28T08:06:25.717+0000] {logging_mixin.py:188} INFO - [2024-05-28T08:06:25.717+0000] {override.py:1829} INFO - Created Permission View: can read on DAG:example_branch_operator
[2024-05-28T08:06:25.717+0000] {logging_mixin.py:188} INFO - [2024-05-28T08:06:25.717+0000] {dag.py:3096} INFO - Sync 1 DAGs
[2024-05-28T08:06:25.724+0000] {logging_mixin.py:188} INFO - [2024-05-28T08:06:25.724+0000] {dag.py:3118} INFO - Creating ORM DAG for example_branch_operator
[2024-05-28T08:06:25.731+0000] {logging_mixin.py:188} INFO - [2024-05-28T08:06:25.730+0000] {dag.py:3954} INFO - Setting next_dagrun for example_branch_operator to 2024-05-27 00:00:00+00:00, run_after=2024-05-28 00:00:00+00:00
[2024-05-28T08:06:25.745+0000] {processor.py:183} INFO - Processing /home/airflow/.local/lib/python3.12/site-packages/airflow/example_dags/example_branch_operator.py took 0.126 seconds
[2024-05-28T08:06:56.129+0000] {processor.py:161} INFO - Started process (PID=121) to work on /home/airflow/.local/lib/python3.12/site-packages/airflow/example_dags/example_branch_operator.py
[2024-05-28T08:06:56.133+0000] {processor.py:830} INFO - Processing file /home/airflow/.local/lib/python3.12/site-packages/airflow/example_dags/example_branch_operator.py for tasks to queue
[2024-05-28T08:06:56.135+0000] {logging_mixin.py:188} INFO - [2024-05-28T08:06:56.134+0000] {dagbag.py:545} INFO - Filling up the DagBag from /home/airflow/.local/lib/python3.12/site-packages/airflow/example_dags/example_branch_operator.py
[2024-05-28T08:06:56.146+0000] {processor.py:840} INFO - DAG(s) 'example_branch_operator' retrieved from /home/airflow/.local/lib/python3.12/site-packages/airflow/example_dags/example_branch_operator.py
[2024-05-28T08:06:56.165+0000] {logging_mixin.py:188} INFO - [2024-05-28T08:06:56.165+0000] {dag.py:3096} INFO - Sync 1 DAGs
[2024-05-28T08:06:56.179+0000] {logging_mixin.py:188} INFO - [2024-05-28T08:06:56.179+0000] {dag.py:3954} INFO - Setting next_dagrun for example_branch_operator to 2024-05-27 00:00:00+00:00, run_after=2024-05-28 00:00:00+00:00
[2024-05-28T08:06:56.192+0000] {processor.py:183} INFO - Processing /home/airflow/.local/lib/python3.12/site-packages/airflow/example_dags/example_branch_operator.py took 0.066 seconds
[2024-05-28T08:07:26.869+0000] {processor.py:161} INFO - Started process (PID=179) to work on /home/airflow/.local/lib/python3.12/site-packages/airflow/example_dags/example_branch_operator.py
[2024-05-28T08:07:26.870+0000] {processor.py:830} INFO - Processing file /home/airflow/.local/lib/python3.12/site-packages/airflow/example_dags/example_branch_operator.py for tasks to queue
[2024-05-28T08:07:26.871+0000] {logging_mixin.py:188} INFO - [2024-05-28T08:07:26.871+0000] {dagbag.py:545} INFO - Filling up the DagBag from /home/airflow/.local/lib/python3.12/site-packages/airflow/example_dags/example_branch_operator.py
[2024-05-28T08:07:26.880+0000] {processor.py:840} INFO - DAG(s) 'example_branch_operator' retrieved from /home/airflow/.local/lib/python3.12/site-packages/airflow/example_dags/example_branch_operator.py
[2024-05-28T08:07:26.897+0000] {logging_mixin.py:188} INFO - [2024-05-28T08:07:26.896+0000] {dag.py:3096} INFO - Sync 1 DAGs
[2024-05-28T08:07:26.910+0000] {logging_mixin.py:188} INFO - [2024-05-28T08:07:26.910+0000] {dag.py:3954} INFO - Setting next_dagrun for example_branch_operator to 2024-05-27 00:00:00+00:00, run_after=2024-05-28 00:00:00+00:00
[2024-05-28T08:07:26.923+0000] {processor.py:183} INFO - Processing /home/airflow/.local/lib/python3.12/site-packages/airflow/example_dags/example_branch_operator.py took 0.057 seconds
[2024-05-28T08:25:59.851+0000] {processor.py:161} INFO - Started process (PID=64) to work on /home/airflow/.local/lib/python3.12/site-packages/airflow/example_dags/example_branch_operator.py
[2024-05-28T08:25:59.852+0000] {processor.py:830} INFO - Processing file /home/airflow/.local/lib/python3.12/site-packages/airflow/example_dags/example_branch_operator.py for tasks to queue
[2024-05-28T08:25:59.853+0000] {logging_mixin.py:188} INFO - [2024-05-28T08:25:59.853+0000] {dagbag.py:545} INFO - Filling up the DagBag from /home/airflow/.local/lib/python3.12/site-packages/airflow/example_dags/example_branch_operator.py
[2024-05-28T08:25:59.865+0000] {processor.py:840} INFO - DAG(s) 'example_branch_operator' retrieved from /home/airflow/.local/lib/python3.12/site-packages/airflow/example_dags/example_branch_operator.py
[2024-05-28T08:25:59.941+0000] {logging_mixin.py:188} INFO - [2024-05-28T08:25:59.941+0000] {override.py:1829} INFO - Created Permission View: can read on DAG:example_branch_operator
[2024-05-28T08:25:59.948+0000] {logging_mixin.py:188} INFO - [2024-05-28T08:25:59.948+0000] {override.py:1829} INFO - Created Permission View: can edit on DAG:example_branch_operator
[2024-05-28T08:25:59.952+0000] {logging_mixin.py:188} INFO - [2024-05-28T08:25:59.951+0000] {override.py:1829} INFO - Created Permission View: can delete on DAG:example_branch_operator
[2024-05-28T08:25:59.952+0000] {logging_mixin.py:188} INFO - [2024-05-28T08:25:59.952+0000] {dag.py:3096} INFO - Sync 1 DAGs
[2024-05-28T08:25:59.958+0000] {logging_mixin.py:188} INFO - [2024-05-28T08:25:59.958+0000] {dag.py:3118} INFO - Creating ORM DAG for example_branch_operator
[2024-05-28T08:25:59.965+0000] {logging_mixin.py:188} INFO - [2024-05-28T08:25:59.965+0000] {dag.py:3954} INFO - Setting next_dagrun for example_branch_operator to 2024-05-27 00:00:00+00:00, run_after=2024-05-28 00:00:00+00:00
[2024-05-28T08:25:59.979+0000] {processor.py:183} INFO - Processing /home/airflow/.local/lib/python3.12/site-packages/airflow/example_dags/example_branch_operator.py took 0.132 seconds
[2024-05-28T08:26:30.387+0000] {processor.py:161} INFO - Started process (PID=123) to work on /home/airflow/.local/lib/python3.12/site-packages/airflow/example_dags/example_branch_operator.py
[2024-05-28T08:26:30.388+0000] {processor.py:830} INFO - Processing file /home/airflow/.local/lib/python3.12/site-packages/airflow/example_dags/example_branch_operator.py for tasks to queue
[2024-05-28T08:26:30.389+0000] {logging_mixin.py:188} INFO - [2024-05-28T08:26:30.389+0000] {dagbag.py:545} INFO - Filling up the DagBag from /home/airflow/.local/lib/python3.12/site-packages/airflow/example_dags/example_branch_operator.py
[2024-05-28T08:26:30.399+0000] {processor.py:840} INFO - DAG(s) 'example_branch_operator' retrieved from /home/airflow/.local/lib/python3.12/site-packages/airflow/example_dags/example_branch_operator.py
[2024-05-28T08:26:30.416+0000] {logging_mixin.py:188} INFO - [2024-05-28T08:26:30.415+0000] {dag.py:3096} INFO - Sync 1 DAGs
[2024-05-28T08:26:30.430+0000] {logging_mixin.py:188} INFO - [2024-05-28T08:26:30.430+0000] {dag.py:3954} INFO - Setting next_dagrun for example_branch_operator to 2024-05-27 00:00:00+00:00, run_after=2024-05-28 00:00:00+00:00
[2024-05-28T08:26:30.442+0000] {processor.py:183} INFO - Processing /home/airflow/.local/lib/python3.12/site-packages/airflow/example_dags/example_branch_operator.py took 0.058 seconds
[2024-05-28T08:27:01.180+0000] {processor.py:161} INFO - Started process (PID=182) to work on /home/airflow/.local/lib/python3.12/site-packages/airflow/example_dags/example_branch_operator.py
[2024-05-28T08:27:01.181+0000] {processor.py:830} INFO - Processing file /home/airflow/.local/lib/python3.12/site-packages/airflow/example_dags/example_branch_operator.py for tasks to queue
[2024-05-28T08:27:01.182+0000] {logging_mixin.py:188} INFO - [2024-05-28T08:27:01.182+0000] {dagbag.py:545} INFO - Filling up the DagBag from /home/airflow/.local/lib/python3.12/site-packages/airflow/example_dags/example_branch_operator.py
[2024-05-28T08:27:01.191+0000] {processor.py:840} INFO - DAG(s) 'example_branch_operator' retrieved from /home/airflow/.local/lib/python3.12/site-packages/airflow/example_dags/example_branch_operator.py
[2024-05-28T08:27:01.208+0000] {logging_mixin.py:188} INFO - [2024-05-28T08:27:01.208+0000] {dag.py:3096} INFO - Sync 1 DAGs
[2024-05-28T08:27:01.221+0000] {logging_mixin.py:188} INFO - [2024-05-28T08:27:01.221+0000] {dag.py:3954} INFO - Setting next_dagrun for example_branch_operator to 2024-05-27 00:00:00+00:00, run_after=2024-05-28 00:00:00+00:00
[2024-05-28T08:27:01.233+0000] {processor.py:183} INFO - Processing /home/airflow/.local/lib/python3.12/site-packages/airflow/example_dags/example_branch_operator.py took 0.056 seconds
[2024-05-28T08:54:23.655+0000] {processor.py:161} INFO - Started process (PID=64) to work on /home/airflow/.local/lib/python3.12/site-packages/airflow/example_dags/example_branch_operator.py
[2024-05-28T08:54:23.656+0000] {processor.py:830} INFO - Processing file /home/airflow/.local/lib/python3.12/site-packages/airflow/example_dags/example_branch_operator.py for tasks to queue
[2024-05-28T08:54:23.658+0000] {logging_mixin.py:188} INFO - [2024-05-28T08:54:23.657+0000] {dagbag.py:545} INFO - Filling up the DagBag from /home/airflow/.local/lib/python3.12/site-packages/airflow/example_dags/example_branch_operator.py
[2024-05-28T08:54:23.671+0000] {processor.py:840} INFO - DAG(s) 'example_branch_operator' retrieved from /home/airflow/.local/lib/python3.12/site-packages/airflow/example_dags/example_branch_operator.py
[2024-05-28T08:54:23.745+0000] {logging_mixin.py:188} INFO - [2024-05-28T08:54:23.745+0000] {override.py:1829} INFO - Created Permission View: can delete on DAG:example_branch_operator
[2024-05-28T08:54:23.753+0000] {logging_mixin.py:188} INFO - [2024-05-28T08:54:23.752+0000] {override.py:1829} INFO - Created Permission View: can edit on DAG:example_branch_operator
[2024-05-28T08:54:23.757+0000] {logging_mixin.py:188} INFO - [2024-05-28T08:54:23.756+0000] {override.py:1829} INFO - Created Permission View: can read on DAG:example_branch_operator
[2024-05-28T08:54:23.757+0000] {logging_mixin.py:188} INFO - [2024-05-28T08:54:23.757+0000] {dag.py:3096} INFO - Sync 1 DAGs
[2024-05-28T08:54:23.763+0000] {logging_mixin.py:188} INFO - [2024-05-28T08:54:23.763+0000] {dag.py:3118} INFO - Creating ORM DAG for example_branch_operator
[2024-05-28T08:54:23.770+0000] {logging_mixin.py:188} INFO - [2024-05-28T08:54:23.770+0000] {dag.py:3954} INFO - Setting next_dagrun for example_branch_operator to 2024-05-27 00:00:00+00:00, run_after=2024-05-28 00:00:00+00:00
[2024-05-28T08:54:23.781+0000] {processor.py:183} INFO - Processing /home/airflow/.local/lib/python3.12/site-packages/airflow/example_dags/example_branch_operator.py took 0.130 seconds
[2024-05-28T08:54:54.095+0000] {processor.py:161} INFO - Started process (PID=123) to work on /home/airflow/.local/lib/python3.12/site-packages/airflow/example_dags/example_branch_operator.py
[2024-05-28T08:54:54.096+0000] {processor.py:830} INFO - Processing file /home/airflow/.local/lib/python3.12/site-packages/airflow/example_dags/example_branch_operator.py for tasks to queue
[2024-05-28T08:54:54.097+0000] {logging_mixin.py:188} INFO - [2024-05-28T08:54:54.097+0000] {dagbag.py:545} INFO - Filling up the DagBag from /home/airflow/.local/lib/python3.12/site-packages/airflow/example_dags/example_branch_operator.py
[2024-05-28T08:54:54.107+0000] {processor.py:840} INFO - DAG(s) 'example_branch_operator' retrieved from /home/airflow/.local/lib/python3.12/site-packages/airflow/example_dags/example_branch_operator.py
[2024-05-28T08:54:54.124+0000] {logging_mixin.py:188} INFO - [2024-05-28T08:54:54.124+0000] {dag.py:3096} INFO - Sync 1 DAGs
[2024-05-28T08:54:54.138+0000] {logging_mixin.py:188} INFO - [2024-05-28T08:54:54.138+0000] {dag.py:3954} INFO - Setting next_dagrun for example_branch_operator to 2024-05-27 00:00:00+00:00, run_after=2024-05-28 00:00:00+00:00
[2024-05-28T08:54:54.149+0000] {processor.py:183} INFO - Processing /home/airflow/.local/lib/python3.12/site-packages/airflow/example_dags/example_branch_operator.py took 0.057 seconds
[2024-05-28T08:55:24.810+0000] {processor.py:161} INFO - Started process (PID=182) to work on /home/airflow/.local/lib/python3.12/site-packages/airflow/example_dags/example_branch_operator.py
[2024-05-28T08:55:24.810+0000] {processor.py:830} INFO - Processing file /home/airflow/.local/lib/python3.12/site-packages/airflow/example_dags/example_branch_operator.py for tasks to queue
[2024-05-28T08:55:24.811+0000] {logging_mixin.py:188} INFO - [2024-05-28T08:55:24.811+0000] {dagbag.py:545} INFO - Filling up the DagBag from /home/airflow/.local/lib/python3.12/site-packages/airflow/example_dags/example_branch_operator.py
[2024-05-28T08:55:24.821+0000] {processor.py:840} INFO - DAG(s) 'example_branch_operator' retrieved from /home/airflow/.local/lib/python3.12/site-packages/airflow/example_dags/example_branch_operator.py
[2024-05-28T08:55:24.839+0000] {logging_mixin.py:188} INFO - [2024-05-28T08:55:24.839+0000] {dag.py:3096} INFO - Sync 1 DAGs
[2024-05-28T08:55:24.853+0000] {logging_mixin.py:188} INFO - [2024-05-28T08:55:24.852+0000] {dag.py:3954} INFO - Setting next_dagrun for example_branch_operator to 2024-05-27 00:00:00+00:00, run_after=2024-05-28 00:00:00+00:00
[2024-05-28T08:55:24.863+0000] {processor.py:183} INFO - Processing /home/airflow/.local/lib/python3.12/site-packages/airflow/example_dags/example_branch_operator.py took 0.057 seconds
[2024-05-28T09:08:12.848+0000] {processor.py:161} INFO - Started process (PID=65) to work on /home/airflow/.local/lib/python3.12/site-packages/airflow/example_dags/example_branch_operator.py
[2024-05-28T09:08:12.848+0000] {processor.py:830} INFO - Processing file /home/airflow/.local/lib/python3.12/site-packages/airflow/example_dags/example_branch_operator.py for tasks to queue
[2024-05-28T09:08:12.849+0000] {logging_mixin.py:188} INFO - [2024-05-28T09:08:12.849+0000] {dagbag.py:545} INFO - Filling up the DagBag from /home/airflow/.local/lib/python3.12/site-packages/airflow/example_dags/example_branch_operator.py
[2024-05-28T09:08:12.862+0000] {processor.py:840} INFO - DAG(s) 'example_branch_operator' retrieved from /home/airflow/.local/lib/python3.12/site-packages/airflow/example_dags/example_branch_operator.py
[2024-05-28T09:08:12.935+0000] {logging_mixin.py:188} INFO - [2024-05-28T09:08:12.934+0000] {override.py:1829} INFO - Created Permission View: can edit on DAG:example_branch_operator
[2024-05-28T09:08:12.941+0000] {logging_mixin.py:188} INFO - [2024-05-28T09:08:12.940+0000] {override.py:1829} INFO - Created Permission View: can delete on DAG:example_branch_operator
[2024-05-28T09:08:12.946+0000] {logging_mixin.py:188} INFO - [2024-05-28T09:08:12.945+0000] {override.py:1829} INFO - Created Permission View: can read on DAG:example_branch_operator
[2024-05-28T09:08:12.946+0000] {logging_mixin.py:188} INFO - [2024-05-28T09:08:12.946+0000] {dag.py:3096} INFO - Sync 1 DAGs
[2024-05-28T09:08:12.952+0000] {logging_mixin.py:188} INFO - [2024-05-28T09:08:12.952+0000] {dag.py:3118} INFO - Creating ORM DAG for example_branch_operator
[2024-05-28T09:08:12.959+0000] {logging_mixin.py:188} INFO - [2024-05-28T09:08:12.959+0000] {dag.py:3954} INFO - Setting next_dagrun for example_branch_operator to 2024-05-27 00:00:00+00:00, run_after=2024-05-28 00:00:00+00:00
[2024-05-28T09:08:12.970+0000] {processor.py:183} INFO - Processing /home/airflow/.local/lib/python3.12/site-packages/airflow/example_dags/example_branch_operator.py took 0.126 seconds
[2024-05-28T09:08:43.870+0000] {processor.py:161} INFO - Started process (PID=125) to work on /home/airflow/.local/lib/python3.12/site-packages/airflow/example_dags/example_branch_operator.py
[2024-05-28T09:08:43.871+0000] {processor.py:830} INFO - Processing file /home/airflow/.local/lib/python3.12/site-packages/airflow/example_dags/example_branch_operator.py for tasks to queue
[2024-05-28T09:08:43.872+0000] {logging_mixin.py:188} INFO - [2024-05-28T09:08:43.872+0000] {dagbag.py:545} INFO - Filling up the DagBag from /home/airflow/.local/lib/python3.12/site-packages/airflow/example_dags/example_branch_operator.py
[2024-05-28T09:08:43.881+0000] {processor.py:840} INFO - DAG(s) 'example_branch_operator' retrieved from /home/airflow/.local/lib/python3.12/site-packages/airflow/example_dags/example_branch_operator.py
[2024-05-28T09:08:43.900+0000] {logging_mixin.py:188} INFO - [2024-05-28T09:08:43.900+0000] {dag.py:3096} INFO - Sync 1 DAGs
[2024-05-28T09:08:43.913+0000] {logging_mixin.py:188} INFO - [2024-05-28T09:08:43.913+0000] {dag.py:3954} INFO - Setting next_dagrun for example_branch_operator to 2024-05-27 00:00:00+00:00, run_after=2024-05-28 00:00:00+00:00
[2024-05-28T09:08:43.923+0000] {processor.py:183} INFO - Processing /home/airflow/.local/lib/python3.12/site-packages/airflow/example_dags/example_branch_operator.py took 0.056 seconds
[2024-05-28T09:09:14.003+0000] {processor.py:161} INFO - Started process (PID=185) to work on /home/airflow/.local/lib/python3.12/site-packages/airflow/example_dags/example_branch_operator.py
[2024-05-28T09:09:14.005+0000] {processor.py:830} INFO - Processing file /home/airflow/.local/lib/python3.12/site-packages/airflow/example_dags/example_branch_operator.py for tasks to queue
[2024-05-28T09:09:14.006+0000] {logging_mixin.py:188} INFO - [2024-05-28T09:09:14.006+0000] {dagbag.py:545} INFO - Filling up the DagBag from /home/airflow/.local/lib/python3.12/site-packages/airflow/example_dags/example_branch_operator.py
[2024-05-28T09:09:14.015+0000] {processor.py:840} INFO - DAG(s) 'example_branch_operator' retrieved from /home/airflow/.local/lib/python3.12/site-packages/airflow/example_dags/example_branch_operator.py
[2024-05-28T09:09:14.034+0000] {logging_mixin.py:188} INFO - [2024-05-28T09:09:14.034+0000] {dag.py:3096} INFO - Sync 1 DAGs
[2024-05-28T09:09:14.050+0000] {logging_mixin.py:188} INFO - [2024-05-28T09:09:14.050+0000] {dag.py:3954} INFO - Setting next_dagrun for example_branch_operator to 2024-05-27 00:00:00+00:00, run_after=2024-05-28 00:00:00+00:00
[2024-05-28T09:09:14.063+0000] {processor.py:183} INFO - Processing /home/airflow/.local/lib/python3.12/site-packages/airflow/example_dags/example_branch_operator.py took 0.063 seconds
[2024-05-28T09:09:45.097+0000] {processor.py:161} INFO - Started process (PID=245) to work on /home/airflow/.local/lib/python3.12/site-packages/airflow/example_dags/example_branch_operator.py
[2024-05-28T09:09:45.098+0000] {processor.py:830} INFO - Processing file /home/airflow/.local/lib/python3.12/site-packages/airflow/example_dags/example_branch_operator.py for tasks to queue
[2024-05-28T09:09:45.099+0000] {logging_mixin.py:188} INFO - [2024-05-28T09:09:45.099+0000] {dagbag.py:545} INFO - Filling up the DagBag from /home/airflow/.local/lib/python3.12/site-packages/airflow/example_dags/example_branch_operator.py
[2024-05-28T09:09:45.109+0000] {processor.py:840} INFO - DAG(s) 'example_branch_operator' retrieved from /home/airflow/.local/lib/python3.12/site-packages/airflow/example_dags/example_branch_operator.py
[2024-05-28T09:09:45.126+0000] {logging_mixin.py:188} INFO - [2024-05-28T09:09:45.126+0000] {dag.py:3096} INFO - Sync 1 DAGs
[2024-05-28T09:09:45.139+0000] {logging_mixin.py:188} INFO - [2024-05-28T09:09:45.139+0000] {dag.py:3954} INFO - Setting next_dagrun for example_branch_operator to 2024-05-27 00:00:00+00:00, run_after=2024-05-28 00:00:00+00:00
[2024-05-28T09:09:45.150+0000] {processor.py:183} INFO - Processing /home/airflow/.local/lib/python3.12/site-packages/airflow/example_dags/example_branch_operator.py took 0.056 seconds
[2024-05-28T09:10:15.964+0000] {processor.py:161} INFO - Started process (PID=305) to work on /home/airflow/.local/lib/python3.12/site-packages/airflow/example_dags/example_branch_operator.py
[2024-05-28T09:10:15.965+0000] {processor.py:830} INFO - Processing file /home/airflow/.local/lib/python3.12/site-packages/airflow/example_dags/example_branch_operator.py for tasks to queue
[2024-05-28T09:10:15.967+0000] {logging_mixin.py:188} INFO - [2024-05-28T09:10:15.966+0000] {dagbag.py:545} INFO - Filling up the DagBag from /home/airflow/.local/lib/python3.12/site-packages/airflow/example_dags/example_branch_operator.py
[2024-05-28T09:10:15.977+0000] {processor.py:840} INFO - DAG(s) 'example_branch_operator' retrieved from /home/airflow/.local/lib/python3.12/site-packages/airflow/example_dags/example_branch_operator.py
[2024-05-28T09:10:15.997+0000] {logging_mixin.py:188} INFO - [2024-05-28T09:10:15.997+0000] {dag.py:3096} INFO - Sync 1 DAGs
[2024-05-28T09:10:16.013+0000] {logging_mixin.py:188} INFO - [2024-05-28T09:10:16.013+0000] {dag.py:3954} INFO - Setting next_dagrun for example_branch_operator to 2024-05-27 00:00:00+00:00, run_after=2024-05-28 00:00:00+00:00
[2024-05-28T09:10:16.028+0000] {processor.py:183} INFO - Processing /home/airflow/.local/lib/python3.12/site-packages/airflow/example_dags/example_branch_operator.py took 0.068 seconds
[2024-05-28T09:10:46.053+0000] {processor.py:161} INFO - Started process (PID=365) to work on /home/airflow/.local/lib/python3.12/site-packages/airflow/example_dags/example_branch_operator.py
[2024-05-28T09:10:46.053+0000] {processor.py:830} INFO - Processing file /home/airflow/.local/lib/python3.12/site-packages/airflow/example_dags/example_branch_operator.py for tasks to queue
[2024-05-28T09:10:46.054+0000] {logging_mixin.py:188} INFO - [2024-05-28T09:10:46.054+0000] {dagbag.py:545} INFO - Filling up the DagBag from /home/airflow/.local/lib/python3.12/site-packages/airflow/example_dags/example_branch_operator.py
[2024-05-28T09:10:46.064+0000] {processor.py:840} INFO - DAG(s) 'example_branch_operator' retrieved from /home/airflow/.local/lib/python3.12/site-packages/airflow/example_dags/example_branch_operator.py
[2024-05-28T09:10:46.080+0000] {logging_mixin.py:188} INFO - [2024-05-28T09:10:46.080+0000] {dag.py:3096} INFO - Sync 1 DAGs
[2024-05-28T09:10:46.094+0000] {logging_mixin.py:188} INFO - [2024-05-28T09:10:46.094+0000] {dag.py:3954} INFO - Setting next_dagrun for example_branch_operator to 2024-05-27 00:00:00+00:00, run_after=2024-05-28 00:00:00+00:00
[2024-05-28T09:10:46.105+0000] {processor.py:183} INFO - Processing /home/airflow/.local/lib/python3.12/site-packages/airflow/example_dags/example_branch_operator.py took 0.056 seconds
[2024-05-28T09:11:16.488+0000] {processor.py:161} INFO - Started process (PID=425) to work on /home/airflow/.local/lib/python3.12/site-packages/airflow/example_dags/example_branch_operator.py
[2024-05-28T09:11:16.489+0000] {processor.py:830} INFO - Processing file /home/airflow/.local/lib/python3.12/site-packages/airflow/example_dags/example_branch_operator.py for tasks to queue
[2024-05-28T09:11:16.490+0000] {logging_mixin.py:188} INFO - [2024-05-28T09:11:16.490+0000] {dagbag.py:545} INFO - Filling up the DagBag from /home/airflow/.local/lib/python3.12/site-packages/airflow/example_dags/example_branch_operator.py
[2024-05-28T09:11:16.499+0000] {processor.py:840} INFO - DAG(s) 'example_branch_operator' retrieved from /home/airflow/.local/lib/python3.12/site-packages/airflow/example_dags/example_branch_operator.py
[2024-05-28T09:11:16.516+0000] {logging_mixin.py:188} INFO - [2024-05-28T09:11:16.516+0000] {dag.py:3096} INFO - Sync 1 DAGs
[2024-05-28T09:11:16.529+0000] {logging_mixin.py:188} INFO - [2024-05-28T09:11:16.528+0000] {dag.py:3954} INFO - Setting next_dagrun for example_branch_operator to 2024-05-27 00:00:00+00:00, run_after=2024-05-28 00:00:00+00:00
[2024-05-28T09:11:16.543+0000] {processor.py:183} INFO - Processing /home/airflow/.local/lib/python3.12/site-packages/airflow/example_dags/example_branch_operator.py took 0.058 seconds
