[2024-05-28T08:06:25.764+0000] {processor.py:161} INFO - Started process (PID=65) to work on /home/airflow/.local/lib/python3.12/site-packages/airflow/example_dags/example_bash_decorator.py
[2024-05-28T08:06:25.764+0000] {processor.py:830} INFO - Processing file /home/airflow/.local/lib/python3.12/site-packages/airflow/example_dags/example_bash_decorator.py for tasks to queue
[2024-05-28T08:06:25.765+0000] {logging_mixin.py:188} INFO - [2024-05-28T08:06:25.765+0000] {dagbag.py:545} INFO - Filling up the DagBag from /home/airflow/.local/lib/python3.12/site-packages/airflow/example_dags/example_bash_decorator.py
[2024-05-28T08:06:25.774+0000] {processor.py:840} INFO - DAG(s) 'example_bash_decorator' retrieved from /home/airflow/.local/lib/python3.12/site-packages/airflow/example_dags/example_bash_decorator.py
[2024-05-28T08:06:25.837+0000] {logging_mixin.py:188} INFO - [2024-05-28T08:06:25.837+0000] {override.py:1829} INFO - Created Permission View: can edit on DAG:example_bash_decorator
[2024-05-28T08:06:25.844+0000] {logging_mixin.py:188} INFO - [2024-05-28T08:06:25.844+0000] {override.py:1829} INFO - Created Permission View: can delete on DAG:example_bash_decorator
[2024-05-28T08:06:25.850+0000] {logging_mixin.py:188} INFO - [2024-05-28T08:06:25.849+0000] {override.py:1829} INFO - Created Permission View: can read on DAG:example_bash_decorator
[2024-05-28T08:06:25.850+0000] {logging_mixin.py:188} INFO - [2024-05-28T08:06:25.850+0000] {dag.py:3096} INFO - Sync 1 DAGs
[2024-05-28T08:06:25.857+0000] {logging_mixin.py:188} INFO - [2024-05-28T08:06:25.857+0000] {dag.py:3118} INFO - Creating ORM DAG for example_bash_decorator
[2024-05-28T08:06:25.857+0000] {logging_mixin.py:188} INFO - [2024-05-28T08:06:25.857+0000] {dag.py:3954} INFO - Setting next_dagrun for example_bash_decorator to None, run_after=None
[2024-05-28T08:06:25.867+0000] {processor.py:183} INFO - Processing /home/airflow/.local/lib/python3.12/site-packages/airflow/example_dags/example_bash_decorator.py took 0.108 seconds
[2024-05-28T08:06:56.191+0000] {processor.py:161} INFO - Started process (PID=123) to work on /home/airflow/.local/lib/python3.12/site-packages/airflow/example_dags/example_bash_decorator.py
[2024-05-28T08:06:56.192+0000] {processor.py:830} INFO - Processing file /home/airflow/.local/lib/python3.12/site-packages/airflow/example_dags/example_bash_decorator.py for tasks to queue
[2024-05-28T08:06:56.193+0000] {logging_mixin.py:188} INFO - [2024-05-28T08:06:56.193+0000] {dagbag.py:545} INFO - Filling up the DagBag from /home/airflow/.local/lib/python3.12/site-packages/airflow/example_dags/example_bash_decorator.py
[2024-05-28T08:06:56.201+0000] {processor.py:840} INFO - DAG(s) 'example_bash_decorator' retrieved from /home/airflow/.local/lib/python3.12/site-packages/airflow/example_dags/example_bash_decorator.py
[2024-05-28T08:06:56.215+0000] {logging_mixin.py:188} INFO - [2024-05-28T08:06:56.215+0000] {dag.py:3096} INFO - Sync 1 DAGs
[2024-05-28T08:06:56.222+0000] {logging_mixin.py:188} INFO - [2024-05-28T08:06:56.222+0000] {dag.py:3954} INFO - Setting next_dagrun for example_bash_decorator to None, run_after=None
[2024-05-28T08:06:56.234+0000] {processor.py:183} INFO - Processing /home/airflow/.local/lib/python3.12/site-packages/airflow/example_dags/example_bash_decorator.py took 0.047 seconds
[2024-05-28T08:07:26.941+0000] {processor.py:161} INFO - Started process (PID=181) to work on /home/airflow/.local/lib/python3.12/site-packages/airflow/example_dags/example_bash_decorator.py
[2024-05-28T08:07:26.941+0000] {processor.py:830} INFO - Processing file /home/airflow/.local/lib/python3.12/site-packages/airflow/example_dags/example_bash_decorator.py for tasks to queue
[2024-05-28T08:07:26.942+0000] {logging_mixin.py:188} INFO - [2024-05-28T08:07:26.942+0000] {dagbag.py:545} INFO - Filling up the DagBag from /home/airflow/.local/lib/python3.12/site-packages/airflow/example_dags/example_bash_decorator.py
[2024-05-28T08:07:26.950+0000] {processor.py:840} INFO - DAG(s) 'example_bash_decorator' retrieved from /home/airflow/.local/lib/python3.12/site-packages/airflow/example_dags/example_bash_decorator.py
[2024-05-28T08:07:26.964+0000] {logging_mixin.py:188} INFO - [2024-05-28T08:07:26.964+0000] {dag.py:3096} INFO - Sync 1 DAGs
[2024-05-28T08:07:26.971+0000] {logging_mixin.py:188} INFO - [2024-05-28T08:07:26.971+0000] {dag.py:3954} INFO - Setting next_dagrun for example_bash_decorator to None, run_after=None
[2024-05-28T08:07:26.985+0000] {processor.py:183} INFO - Processing /home/airflow/.local/lib/python3.12/site-packages/airflow/example_dags/example_bash_decorator.py took 0.048 seconds
[2024-05-28T08:25:59.995+0000] {processor.py:161} INFO - Started process (PID=66) to work on /home/airflow/.local/lib/python3.12/site-packages/airflow/example_dags/example_bash_decorator.py
[2024-05-28T08:25:59.996+0000] {processor.py:830} INFO - Processing file /home/airflow/.local/lib/python3.12/site-packages/airflow/example_dags/example_bash_decorator.py for tasks to queue
[2024-05-28T08:25:59.998+0000] {logging_mixin.py:188} INFO - [2024-05-28T08:25:59.998+0000] {dagbag.py:545} INFO - Filling up the DagBag from /home/airflow/.local/lib/python3.12/site-packages/airflow/example_dags/example_bash_decorator.py
[2024-05-28T08:26:00.010+0000] {processor.py:840} INFO - DAG(s) 'example_bash_decorator' retrieved from /home/airflow/.local/lib/python3.12/site-packages/airflow/example_dags/example_bash_decorator.py
[2024-05-28T08:26:00.079+0000] {logging_mixin.py:188} INFO - [2024-05-28T08:26:00.078+0000] {override.py:1829} INFO - Created Permission View: can read on DAG:example_bash_decorator
[2024-05-28T08:26:00.085+0000] {logging_mixin.py:188} INFO - [2024-05-28T08:26:00.085+0000] {override.py:1829} INFO - Created Permission View: can edit on DAG:example_bash_decorator
[2024-05-28T08:26:00.090+0000] {logging_mixin.py:188} INFO - [2024-05-28T08:26:00.090+0000] {override.py:1829} INFO - Created Permission View: can delete on DAG:example_bash_decorator
[2024-05-28T08:26:00.090+0000] {logging_mixin.py:188} INFO - [2024-05-28T08:26:00.090+0000] {dag.py:3096} INFO - Sync 1 DAGs
[2024-05-28T08:26:00.098+0000] {logging_mixin.py:188} INFO - [2024-05-28T08:26:00.098+0000] {dag.py:3118} INFO - Creating ORM DAG for example_bash_decorator
[2024-05-28T08:26:00.098+0000] {logging_mixin.py:188} INFO - [2024-05-28T08:26:00.098+0000] {dag.py:3954} INFO - Setting next_dagrun for example_bash_decorator to None, run_after=None
[2024-05-28T08:26:00.110+0000] {processor.py:183} INFO - Processing /home/airflow/.local/lib/python3.12/site-packages/airflow/example_dags/example_bash_decorator.py took 0.119 seconds
[2024-05-28T08:26:30.455+0000] {processor.py:161} INFO - Started process (PID=125) to work on /home/airflow/.local/lib/python3.12/site-packages/airflow/example_dags/example_bash_decorator.py
[2024-05-28T08:26:30.456+0000] {processor.py:830} INFO - Processing file /home/airflow/.local/lib/python3.12/site-packages/airflow/example_dags/example_bash_decorator.py for tasks to queue
[2024-05-28T08:26:30.457+0000] {logging_mixin.py:188} INFO - [2024-05-28T08:26:30.457+0000] {dagbag.py:545} INFO - Filling up the DagBag from /home/airflow/.local/lib/python3.12/site-packages/airflow/example_dags/example_bash_decorator.py
[2024-05-28T08:26:30.465+0000] {processor.py:840} INFO - DAG(s) 'example_bash_decorator' retrieved from /home/airflow/.local/lib/python3.12/site-packages/airflow/example_dags/example_bash_decorator.py
[2024-05-28T08:26:30.478+0000] {logging_mixin.py:188} INFO - [2024-05-28T08:26:30.478+0000] {dag.py:3096} INFO - Sync 1 DAGs
[2024-05-28T08:26:30.486+0000] {logging_mixin.py:188} INFO - [2024-05-28T08:26:30.485+0000] {dag.py:3954} INFO - Setting next_dagrun for example_bash_decorator to None, run_after=None
[2024-05-28T08:26:30.497+0000] {processor.py:183} INFO - Processing /home/airflow/.local/lib/python3.12/site-packages/airflow/example_dags/example_bash_decorator.py took 0.045 seconds
[2024-05-28T08:27:01.248+0000] {processor.py:161} INFO - Started process (PID=184) to work on /home/airflow/.local/lib/python3.12/site-packages/airflow/example_dags/example_bash_decorator.py
[2024-05-28T08:27:01.249+0000] {processor.py:830} INFO - Processing file /home/airflow/.local/lib/python3.12/site-packages/airflow/example_dags/example_bash_decorator.py for tasks to queue
[2024-05-28T08:27:01.250+0000] {logging_mixin.py:188} INFO - [2024-05-28T08:27:01.250+0000] {dagbag.py:545} INFO - Filling up the DagBag from /home/airflow/.local/lib/python3.12/site-packages/airflow/example_dags/example_bash_decorator.py
[2024-05-28T08:27:01.257+0000] {processor.py:840} INFO - DAG(s) 'example_bash_decorator' retrieved from /home/airflow/.local/lib/python3.12/site-packages/airflow/example_dags/example_bash_decorator.py
[2024-05-28T08:27:01.273+0000] {logging_mixin.py:188} INFO - [2024-05-28T08:27:01.273+0000] {dag.py:3096} INFO - Sync 1 DAGs
[2024-05-28T08:27:01.281+0000] {logging_mixin.py:188} INFO - [2024-05-28T08:27:01.281+0000] {dag.py:3954} INFO - Setting next_dagrun for example_bash_decorator to None, run_after=None
[2024-05-28T08:27:01.294+0000] {processor.py:183} INFO - Processing /home/airflow/.local/lib/python3.12/site-packages/airflow/example_dags/example_bash_decorator.py took 0.049 seconds
[2024-05-28T08:54:23.796+0000] {processor.py:161} INFO - Started process (PID=66) to work on /home/airflow/.local/lib/python3.12/site-packages/airflow/example_dags/example_bash_decorator.py
[2024-05-28T08:54:23.797+0000] {processor.py:830} INFO - Processing file /home/airflow/.local/lib/python3.12/site-packages/airflow/example_dags/example_bash_decorator.py for tasks to queue
[2024-05-28T08:54:23.798+0000] {logging_mixin.py:188} INFO - [2024-05-28T08:54:23.798+0000] {dagbag.py:545} INFO - Filling up the DagBag from /home/airflow/.local/lib/python3.12/site-packages/airflow/example_dags/example_bash_decorator.py
[2024-05-28T08:54:23.807+0000] {processor.py:840} INFO - DAG(s) 'example_bash_decorator' retrieved from /home/airflow/.local/lib/python3.12/site-packages/airflow/example_dags/example_bash_decorator.py
[2024-05-28T08:54:23.874+0000] {logging_mixin.py:188} INFO - [2024-05-28T08:54:23.873+0000] {override.py:1829} INFO - Created Permission View: can delete on DAG:example_bash_decorator
[2024-05-28T08:54:23.881+0000] {logging_mixin.py:188} INFO - [2024-05-28T08:54:23.881+0000] {override.py:1829} INFO - Created Permission View: can edit on DAG:example_bash_decorator
[2024-05-28T08:54:23.886+0000] {logging_mixin.py:188} INFO - [2024-05-28T08:54:23.886+0000] {override.py:1829} INFO - Created Permission View: can read on DAG:example_bash_decorator
[2024-05-28T08:54:23.887+0000] {logging_mixin.py:188} INFO - [2024-05-28T08:54:23.887+0000] {dag.py:3096} INFO - Sync 1 DAGs
[2024-05-28T08:54:23.895+0000] {logging_mixin.py:188} INFO - [2024-05-28T08:54:23.894+0000] {dag.py:3118} INFO - Creating ORM DAG for example_bash_decorator
[2024-05-28T08:54:23.895+0000] {logging_mixin.py:188} INFO - [2024-05-28T08:54:23.895+0000] {dag.py:3954} INFO - Setting next_dagrun for example_bash_decorator to None, run_after=None
[2024-05-28T08:54:23.905+0000] {processor.py:183} INFO - Processing /home/airflow/.local/lib/python3.12/site-packages/airflow/example_dags/example_bash_decorator.py took 0.112 seconds
[2024-05-28T08:54:54.163+0000] {processor.py:161} INFO - Started process (PID=125) to work on /home/airflow/.local/lib/python3.12/site-packages/airflow/example_dags/example_bash_decorator.py
[2024-05-28T08:54:54.163+0000] {processor.py:830} INFO - Processing file /home/airflow/.local/lib/python3.12/site-packages/airflow/example_dags/example_bash_decorator.py for tasks to queue
[2024-05-28T08:54:54.164+0000] {logging_mixin.py:188} INFO - [2024-05-28T08:54:54.164+0000] {dagbag.py:545} INFO - Filling up the DagBag from /home/airflow/.local/lib/python3.12/site-packages/airflow/example_dags/example_bash_decorator.py
[2024-05-28T08:54:54.173+0000] {processor.py:840} INFO - DAG(s) 'example_bash_decorator' retrieved from /home/airflow/.local/lib/python3.12/site-packages/airflow/example_dags/example_bash_decorator.py
[2024-05-28T08:54:54.187+0000] {logging_mixin.py:188} INFO - [2024-05-28T08:54:54.186+0000] {dag.py:3096} INFO - Sync 1 DAGs
[2024-05-28T08:54:54.194+0000] {logging_mixin.py:188} INFO - [2024-05-28T08:54:54.194+0000] {dag.py:3954} INFO - Setting next_dagrun for example_bash_decorator to None, run_after=None
[2024-05-28T08:54:54.207+0000] {processor.py:183} INFO - Processing /home/airflow/.local/lib/python3.12/site-packages/airflow/example_dags/example_bash_decorator.py took 0.048 seconds
[2024-05-28T08:55:24.877+0000] {processor.py:161} INFO - Started process (PID=184) to work on /home/airflow/.local/lib/python3.12/site-packages/airflow/example_dags/example_bash_decorator.py
[2024-05-28T08:55:24.878+0000] {processor.py:830} INFO - Processing file /home/airflow/.local/lib/python3.12/site-packages/airflow/example_dags/example_bash_decorator.py for tasks to queue
[2024-05-28T08:55:24.879+0000] {logging_mixin.py:188} INFO - [2024-05-28T08:55:24.879+0000] {dagbag.py:545} INFO - Filling up the DagBag from /home/airflow/.local/lib/python3.12/site-packages/airflow/example_dags/example_bash_decorator.py
[2024-05-28T08:55:24.887+0000] {processor.py:840} INFO - DAG(s) 'example_bash_decorator' retrieved from /home/airflow/.local/lib/python3.12/site-packages/airflow/example_dags/example_bash_decorator.py
[2024-05-28T08:55:24.901+0000] {logging_mixin.py:188} INFO - [2024-05-28T08:55:24.901+0000] {dag.py:3096} INFO - Sync 1 DAGs
[2024-05-28T08:55:24.909+0000] {logging_mixin.py:188} INFO - [2024-05-28T08:55:24.908+0000] {dag.py:3954} INFO - Setting next_dagrun for example_bash_decorator to None, run_after=None
[2024-05-28T08:55:24.920+0000] {processor.py:183} INFO - Processing /home/airflow/.local/lib/python3.12/site-packages/airflow/example_dags/example_bash_decorator.py took 0.047 seconds
[2024-05-28T09:08:12.985+0000] {processor.py:161} INFO - Started process (PID=67) to work on /home/airflow/.local/lib/python3.12/site-packages/airflow/example_dags/example_bash_decorator.py
[2024-05-28T09:08:12.985+0000] {processor.py:830} INFO - Processing file /home/airflow/.local/lib/python3.12/site-packages/airflow/example_dags/example_bash_decorator.py for tasks to queue
[2024-05-28T09:08:12.986+0000] {logging_mixin.py:188} INFO - [2024-05-28T09:08:12.986+0000] {dagbag.py:545} INFO - Filling up the DagBag from /home/airflow/.local/lib/python3.12/site-packages/airflow/example_dags/example_bash_decorator.py
[2024-05-28T09:08:12.996+0000] {processor.py:840} INFO - DAG(s) 'example_bash_decorator' retrieved from /home/airflow/.local/lib/python3.12/site-packages/airflow/example_dags/example_bash_decorator.py
[2024-05-28T09:08:13.060+0000] {logging_mixin.py:188} INFO - [2024-05-28T09:08:13.059+0000] {override.py:1829} INFO - Created Permission View: can edit on DAG:example_bash_decorator
[2024-05-28T09:08:13.066+0000] {logging_mixin.py:188} INFO - [2024-05-28T09:08:13.066+0000] {override.py:1829} INFO - Created Permission View: can delete on DAG:example_bash_decorator
[2024-05-28T09:08:13.070+0000] {logging_mixin.py:188} INFO - [2024-05-28T09:08:13.069+0000] {override.py:1829} INFO - Created Permission View: can read on DAG:example_bash_decorator
[2024-05-28T09:08:13.070+0000] {logging_mixin.py:188} INFO - [2024-05-28T09:08:13.070+0000] {dag.py:3096} INFO - Sync 1 DAGs
[2024-05-28T09:08:13.076+0000] {logging_mixin.py:188} INFO - [2024-05-28T09:08:13.076+0000] {dag.py:3118} INFO - Creating ORM DAG for example_bash_decorator
[2024-05-28T09:08:13.077+0000] {logging_mixin.py:188} INFO - [2024-05-28T09:08:13.076+0000] {dag.py:3954} INFO - Setting next_dagrun for example_bash_decorator to None, run_after=None
[2024-05-28T09:08:13.085+0000] {processor.py:183} INFO - Processing /home/airflow/.local/lib/python3.12/site-packages/airflow/example_dags/example_bash_decorator.py took 0.104 seconds
[2024-05-28T09:08:43.935+0000] {processor.py:161} INFO - Started process (PID=127) to work on /home/airflow/.local/lib/python3.12/site-packages/airflow/example_dags/example_bash_decorator.py
[2024-05-28T09:08:43.936+0000] {processor.py:830} INFO - Processing file /home/airflow/.local/lib/python3.12/site-packages/airflow/example_dags/example_bash_decorator.py for tasks to queue
[2024-05-28T09:08:43.937+0000] {logging_mixin.py:188} INFO - [2024-05-28T09:08:43.937+0000] {dagbag.py:545} INFO - Filling up the DagBag from /home/airflow/.local/lib/python3.12/site-packages/airflow/example_dags/example_bash_decorator.py
[2024-05-28T09:08:43.945+0000] {processor.py:840} INFO - DAG(s) 'example_bash_decorator' retrieved from /home/airflow/.local/lib/python3.12/site-packages/airflow/example_dags/example_bash_decorator.py
[2024-05-28T09:08:43.958+0000] {logging_mixin.py:188} INFO - [2024-05-28T09:08:43.958+0000] {dag.py:3096} INFO - Sync 1 DAGs
[2024-05-28T09:08:43.965+0000] {logging_mixin.py:188} INFO - [2024-05-28T09:08:43.965+0000] {dag.py:3954} INFO - Setting next_dagrun for example_bash_decorator to None, run_after=None
[2024-05-28T09:08:43.976+0000] {processor.py:183} INFO - Processing /home/airflow/.local/lib/python3.12/site-packages/airflow/example_dags/example_bash_decorator.py took 0.044 seconds
[2024-05-28T09:09:14.077+0000] {processor.py:161} INFO - Started process (PID=187) to work on /home/airflow/.local/lib/python3.12/site-packages/airflow/example_dags/example_bash_decorator.py
[2024-05-28T09:09:14.077+0000] {processor.py:830} INFO - Processing file /home/airflow/.local/lib/python3.12/site-packages/airflow/example_dags/example_bash_decorator.py for tasks to queue
[2024-05-28T09:09:14.078+0000] {logging_mixin.py:188} INFO - [2024-05-28T09:09:14.078+0000] {dagbag.py:545} INFO - Filling up the DagBag from /home/airflow/.local/lib/python3.12/site-packages/airflow/example_dags/example_bash_decorator.py
[2024-05-28T09:09:14.086+0000] {processor.py:840} INFO - DAG(s) 'example_bash_decorator' retrieved from /home/airflow/.local/lib/python3.12/site-packages/airflow/example_dags/example_bash_decorator.py
[2024-05-28T09:09:14.100+0000] {logging_mixin.py:188} INFO - [2024-05-28T09:09:14.100+0000] {dag.py:3096} INFO - Sync 1 DAGs
[2024-05-28T09:09:14.107+0000] {logging_mixin.py:188} INFO - [2024-05-28T09:09:14.107+0000] {dag.py:3954} INFO - Setting next_dagrun for example_bash_decorator to None, run_after=None
[2024-05-28T09:09:14.117+0000] {processor.py:183} INFO - Processing /home/airflow/.local/lib/python3.12/site-packages/airflow/example_dags/example_bash_decorator.py took 0.044 seconds
[2024-05-28T09:09:45.163+0000] {processor.py:161} INFO - Started process (PID=247) to work on /home/airflow/.local/lib/python3.12/site-packages/airflow/example_dags/example_bash_decorator.py
[2024-05-28T09:09:45.163+0000] {processor.py:830} INFO - Processing file /home/airflow/.local/lib/python3.12/site-packages/airflow/example_dags/example_bash_decorator.py for tasks to queue
[2024-05-28T09:09:45.165+0000] {logging_mixin.py:188} INFO - [2024-05-28T09:09:45.164+0000] {dagbag.py:545} INFO - Filling up the DagBag from /home/airflow/.local/lib/python3.12/site-packages/airflow/example_dags/example_bash_decorator.py
[2024-05-28T09:09:45.172+0000] {processor.py:840} INFO - DAG(s) 'example_bash_decorator' retrieved from /home/airflow/.local/lib/python3.12/site-packages/airflow/example_dags/example_bash_decorator.py
[2024-05-28T09:09:45.186+0000] {logging_mixin.py:188} INFO - [2024-05-28T09:09:45.186+0000] {dag.py:3096} INFO - Sync 1 DAGs
[2024-05-28T09:09:45.193+0000] {logging_mixin.py:188} INFO - [2024-05-28T09:09:45.193+0000] {dag.py:3954} INFO - Setting next_dagrun for example_bash_decorator to None, run_after=None
[2024-05-28T09:09:45.203+0000] {processor.py:183} INFO - Processing /home/airflow/.local/lib/python3.12/site-packages/airflow/example_dags/example_bash_decorator.py took 0.044 seconds
[2024-05-28T09:10:16.038+0000] {processor.py:161} INFO - Started process (PID=307) to work on /home/airflow/.local/lib/python3.12/site-packages/airflow/example_dags/example_bash_decorator.py
[2024-05-28T09:10:16.039+0000] {processor.py:830} INFO - Processing file /home/airflow/.local/lib/python3.12/site-packages/airflow/example_dags/example_bash_decorator.py for tasks to queue
[2024-05-28T09:10:16.040+0000] {logging_mixin.py:188} INFO - [2024-05-28T09:10:16.040+0000] {dagbag.py:545} INFO - Filling up the DagBag from /home/airflow/.local/lib/python3.12/site-packages/airflow/example_dags/example_bash_decorator.py
[2024-05-28T09:10:16.049+0000] {processor.py:840} INFO - DAG(s) 'example_bash_decorator' retrieved from /home/airflow/.local/lib/python3.12/site-packages/airflow/example_dags/example_bash_decorator.py
[2024-05-28T09:10:16.064+0000] {logging_mixin.py:188} INFO - [2024-05-28T09:10:16.064+0000] {dag.py:3096} INFO - Sync 1 DAGs
[2024-05-28T09:10:16.074+0000] {logging_mixin.py:188} INFO - [2024-05-28T09:10:16.073+0000] {dag.py:3954} INFO - Setting next_dagrun for example_bash_decorator to None, run_after=None
[2024-05-28T09:10:16.088+0000] {processor.py:183} INFO - Processing /home/airflow/.local/lib/python3.12/site-packages/airflow/example_dags/example_bash_decorator.py took 0.055 seconds
[2024-05-28T09:10:46.112+0000] {processor.py:161} INFO - Started process (PID=367) to work on /home/airflow/.local/lib/python3.12/site-packages/airflow/example_dags/example_bash_decorator.py
[2024-05-28T09:10:46.113+0000] {processor.py:830} INFO - Processing file /home/airflow/.local/lib/python3.12/site-packages/airflow/example_dags/example_bash_decorator.py for tasks to queue
[2024-05-28T09:10:46.114+0000] {logging_mixin.py:188} INFO - [2024-05-28T09:10:46.114+0000] {dagbag.py:545} INFO - Filling up the DagBag from /home/airflow/.local/lib/python3.12/site-packages/airflow/example_dags/example_bash_decorator.py
[2024-05-28T09:10:46.122+0000] {processor.py:840} INFO - DAG(s) 'example_bash_decorator' retrieved from /home/airflow/.local/lib/python3.12/site-packages/airflow/example_dags/example_bash_decorator.py
[2024-05-28T09:10:46.136+0000] {logging_mixin.py:188} INFO - [2024-05-28T09:10:46.136+0000] {dag.py:3096} INFO - Sync 1 DAGs
[2024-05-28T09:10:46.144+0000] {logging_mixin.py:188} INFO - [2024-05-28T09:10:46.144+0000] {dag.py:3954} INFO - Setting next_dagrun for example_bash_decorator to None, run_after=None
[2024-05-28T09:10:46.155+0000] {processor.py:183} INFO - Processing /home/airflow/.local/lib/python3.12/site-packages/airflow/example_dags/example_bash_decorator.py took 0.046 seconds
[2024-05-28T09:11:16.624+0000] {processor.py:161} INFO - Started process (PID=427) to work on /home/airflow/.local/lib/python3.12/site-packages/airflow/example_dags/example_bash_decorator.py
[2024-05-28T09:11:16.625+0000] {processor.py:830} INFO - Processing file /home/airflow/.local/lib/python3.12/site-packages/airflow/example_dags/example_bash_decorator.py for tasks to queue
[2024-05-28T09:11:16.626+0000] {logging_mixin.py:188} INFO - [2024-05-28T09:11:16.626+0000] {dagbag.py:545} INFO - Filling up the DagBag from /home/airflow/.local/lib/python3.12/site-packages/airflow/example_dags/example_bash_decorator.py
[2024-05-28T09:11:16.634+0000] {processor.py:840} INFO - DAG(s) 'example_bash_decorator' retrieved from /home/airflow/.local/lib/python3.12/site-packages/airflow/example_dags/example_bash_decorator.py
[2024-05-28T09:11:16.648+0000] {logging_mixin.py:188} INFO - [2024-05-28T09:11:16.648+0000] {dag.py:3096} INFO - Sync 1 DAGs
[2024-05-28T09:11:16.655+0000] {logging_mixin.py:188} INFO - [2024-05-28T09:11:16.655+0000] {dag.py:3954} INFO - Setting next_dagrun for example_bash_decorator to None, run_after=None
[2024-05-28T09:11:16.669+0000] {processor.py:183} INFO - Processing /home/airflow/.local/lib/python3.12/site-packages/airflow/example_dags/example_bash_decorator.py took 0.048 seconds
