[2024-05-28T08:06:26.756+0000] {processor.py:161} INFO - Started process (PID=78) to work on /home/airflow/.local/lib/python3.12/site-packages/airflow/example_dags/example_short_circuit_operator.py
[2024-05-28T08:06:26.756+0000] {processor.py:830} INFO - Processing file /home/airflow/.local/lib/python3.12/site-packages/airflow/example_dags/example_short_circuit_operator.py for tasks to queue
[2024-05-28T08:06:26.757+0000] {logging_mixin.py:188} INFO - [2024-05-28T08:06:26.757+0000] {dagbag.py:545} INFO - Filling up the DagBag from /home/airflow/.local/lib/python3.12/site-packages/airflow/example_dags/example_short_circuit_operator.py
[2024-05-28T08:06:26.762+0000] {processor.py:840} INFO - DAG(s) 'example_short_circuit_operator' retrieved from /home/airflow/.local/lib/python3.12/site-packages/airflow/example_dags/example_short_circuit_operator.py
[2024-05-28T08:06:26.825+0000] {logging_mixin.py:188} INFO - [2024-05-28T08:06:26.825+0000] {override.py:1829} INFO - Created Permission View: can edit on DAG:example_short_circuit_operator
[2024-05-28T08:06:26.832+0000] {logging_mixin.py:188} INFO - [2024-05-28T08:06:26.832+0000] {override.py:1829} INFO - Created Permission View: can delete on DAG:example_short_circuit_operator
[2024-05-28T08:06:26.838+0000] {logging_mixin.py:188} INFO - [2024-05-28T08:06:26.837+0000] {override.py:1829} INFO - Created Permission View: can read on DAG:example_short_circuit_operator
[2024-05-28T08:06:26.838+0000] {logging_mixin.py:188} INFO - [2024-05-28T08:06:26.838+0000] {dag.py:3096} INFO - Sync 1 DAGs
[2024-05-28T08:06:26.844+0000] {logging_mixin.py:188} INFO - [2024-05-28T08:06:26.844+0000] {dag.py:3118} INFO - Creating ORM DAG for example_short_circuit_operator
[2024-05-28T08:06:26.851+0000] {logging_mixin.py:188} INFO - [2024-05-28T08:06:26.850+0000] {dag.py:3954} INFO - Setting next_dagrun for example_short_circuit_operator to 2024-05-27 00:00:00+00:00, run_after=2024-05-28 00:00:00+00:00
[2024-05-28T08:06:26.862+0000] {processor.py:183} INFO - Processing /home/airflow/.local/lib/python3.12/site-packages/airflow/example_dags/example_short_circuit_operator.py took 0.110 seconds
[2024-05-28T08:06:57.615+0000] {processor.py:161} INFO - Started process (PID=136) to work on /home/airflow/.local/lib/python3.12/site-packages/airflow/example_dags/example_short_circuit_operator.py
[2024-05-28T08:06:57.616+0000] {processor.py:830} INFO - Processing file /home/airflow/.local/lib/python3.12/site-packages/airflow/example_dags/example_short_circuit_operator.py for tasks to queue
[2024-05-28T08:06:57.617+0000] {logging_mixin.py:188} INFO - [2024-05-28T08:06:57.617+0000] {dagbag.py:545} INFO - Filling up the DagBag from /home/airflow/.local/lib/python3.12/site-packages/airflow/example_dags/example_short_circuit_operator.py
[2024-05-28T08:06:57.621+0000] {processor.py:840} INFO - DAG(s) 'example_short_circuit_operator' retrieved from /home/airflow/.local/lib/python3.12/site-packages/airflow/example_dags/example_short_circuit_operator.py
[2024-05-28T08:06:57.635+0000] {logging_mixin.py:188} INFO - [2024-05-28T08:06:57.635+0000] {dag.py:3096} INFO - Sync 1 DAGs
[2024-05-28T08:06:57.648+0000] {logging_mixin.py:188} INFO - [2024-05-28T08:06:57.648+0000] {dag.py:3954} INFO - Setting next_dagrun for example_short_circuit_operator to 2024-05-27 00:00:00+00:00, run_after=2024-05-28 00:00:00+00:00
[2024-05-28T08:06:57.661+0000] {processor.py:183} INFO - Processing /home/airflow/.local/lib/python3.12/site-packages/airflow/example_dags/example_short_circuit_operator.py took 0.049 seconds
[2024-05-28T08:07:28.396+0000] {processor.py:161} INFO - Started process (PID=194) to work on /home/airflow/.local/lib/python3.12/site-packages/airflow/example_dags/example_short_circuit_operator.py
[2024-05-28T08:07:28.396+0000] {processor.py:830} INFO - Processing file /home/airflow/.local/lib/python3.12/site-packages/airflow/example_dags/example_short_circuit_operator.py for tasks to queue
[2024-05-28T08:07:28.397+0000] {logging_mixin.py:188} INFO - [2024-05-28T08:07:28.397+0000] {dagbag.py:545} INFO - Filling up the DagBag from /home/airflow/.local/lib/python3.12/site-packages/airflow/example_dags/example_short_circuit_operator.py
[2024-05-28T08:07:28.401+0000] {processor.py:840} INFO - DAG(s) 'example_short_circuit_operator' retrieved from /home/airflow/.local/lib/python3.12/site-packages/airflow/example_dags/example_short_circuit_operator.py
[2024-05-28T08:07:28.415+0000] {logging_mixin.py:188} INFO - [2024-05-28T08:07:28.414+0000] {dag.py:3096} INFO - Sync 1 DAGs
[2024-05-28T08:07:28.427+0000] {logging_mixin.py:188} INFO - [2024-05-28T08:07:28.427+0000] {dag.py:3954} INFO - Setting next_dagrun for example_short_circuit_operator to 2024-05-27 00:00:00+00:00, run_after=2024-05-28 00:00:00+00:00
[2024-05-28T08:07:28.439+0000] {processor.py:183} INFO - Processing /home/airflow/.local/lib/python3.12/site-packages/airflow/example_dags/example_short_circuit_operator.py took 0.047 seconds
[2024-05-28T08:26:00.907+0000] {processor.py:161} INFO - Started process (PID=79) to work on /home/airflow/.local/lib/python3.12/site-packages/airflow/example_dags/example_short_circuit_operator.py
[2024-05-28T08:26:00.908+0000] {processor.py:830} INFO - Processing file /home/airflow/.local/lib/python3.12/site-packages/airflow/example_dags/example_short_circuit_operator.py for tasks to queue
[2024-05-28T08:26:00.909+0000] {logging_mixin.py:188} INFO - [2024-05-28T08:26:00.908+0000] {dagbag.py:545} INFO - Filling up the DagBag from /home/airflow/.local/lib/python3.12/site-packages/airflow/example_dags/example_short_circuit_operator.py
[2024-05-28T08:26:00.913+0000] {processor.py:840} INFO - DAG(s) 'example_short_circuit_operator' retrieved from /home/airflow/.local/lib/python3.12/site-packages/airflow/example_dags/example_short_circuit_operator.py
[2024-05-28T08:26:00.975+0000] {logging_mixin.py:188} INFO - [2024-05-28T08:26:00.974+0000] {override.py:1829} INFO - Created Permission View: can read on DAG:example_short_circuit_operator
[2024-05-28T08:26:00.980+0000] {logging_mixin.py:188} INFO - [2024-05-28T08:26:00.980+0000] {override.py:1829} INFO - Created Permission View: can edit on DAG:example_short_circuit_operator
[2024-05-28T08:26:00.984+0000] {logging_mixin.py:188} INFO - [2024-05-28T08:26:00.984+0000] {override.py:1829} INFO - Created Permission View: can delete on DAG:example_short_circuit_operator
[2024-05-28T08:26:00.984+0000] {logging_mixin.py:188} INFO - [2024-05-28T08:26:00.984+0000] {dag.py:3096} INFO - Sync 1 DAGs
[2024-05-28T08:26:00.991+0000] {logging_mixin.py:188} INFO - [2024-05-28T08:26:00.991+0000] {dag.py:3118} INFO - Creating ORM DAG for example_short_circuit_operator
[2024-05-28T08:26:00.997+0000] {logging_mixin.py:188} INFO - [2024-05-28T08:26:00.997+0000] {dag.py:3954} INFO - Setting next_dagrun for example_short_circuit_operator to 2024-05-27 00:00:00+00:00, run_after=2024-05-28 00:00:00+00:00
[2024-05-28T08:26:01.006+0000] {processor.py:183} INFO - Processing /home/airflow/.local/lib/python3.12/site-packages/airflow/example_dags/example_short_circuit_operator.py took 0.103 seconds
[2024-05-28T08:26:31.820+0000] {processor.py:161} INFO - Started process (PID=138) to work on /home/airflow/.local/lib/python3.12/site-packages/airflow/example_dags/example_short_circuit_operator.py
[2024-05-28T08:26:31.820+0000] {processor.py:830} INFO - Processing file /home/airflow/.local/lib/python3.12/site-packages/airflow/example_dags/example_short_circuit_operator.py for tasks to queue
[2024-05-28T08:26:31.821+0000] {logging_mixin.py:188} INFO - [2024-05-28T08:26:31.821+0000] {dagbag.py:545} INFO - Filling up the DagBag from /home/airflow/.local/lib/python3.12/site-packages/airflow/example_dags/example_short_circuit_operator.py
[2024-05-28T08:26:31.826+0000] {processor.py:840} INFO - DAG(s) 'example_short_circuit_operator' retrieved from /home/airflow/.local/lib/python3.12/site-packages/airflow/example_dags/example_short_circuit_operator.py
[2024-05-28T08:26:31.841+0000] {logging_mixin.py:188} INFO - [2024-05-28T08:26:31.841+0000] {dag.py:3096} INFO - Sync 1 DAGs
[2024-05-28T08:26:31.854+0000] {logging_mixin.py:188} INFO - [2024-05-28T08:26:31.854+0000] {dag.py:3954} INFO - Setting next_dagrun for example_short_circuit_operator to 2024-05-27 00:00:00+00:00, run_after=2024-05-28 00:00:00+00:00
[2024-05-28T08:26:31.869+0000] {processor.py:183} INFO - Processing /home/airflow/.local/lib/python3.12/site-packages/airflow/example_dags/example_short_circuit_operator.py took 0.052 seconds
[2024-05-28T08:27:02.666+0000] {processor.py:161} INFO - Started process (PID=197) to work on /home/airflow/.local/lib/python3.12/site-packages/airflow/example_dags/example_short_circuit_operator.py
[2024-05-28T08:27:02.667+0000] {processor.py:830} INFO - Processing file /home/airflow/.local/lib/python3.12/site-packages/airflow/example_dags/example_short_circuit_operator.py for tasks to queue
[2024-05-28T08:27:02.668+0000] {logging_mixin.py:188} INFO - [2024-05-28T08:27:02.668+0000] {dagbag.py:545} INFO - Filling up the DagBag from /home/airflow/.local/lib/python3.12/site-packages/airflow/example_dags/example_short_circuit_operator.py
[2024-05-28T08:27:02.672+0000] {processor.py:840} INFO - DAG(s) 'example_short_circuit_operator' retrieved from /home/airflow/.local/lib/python3.12/site-packages/airflow/example_dags/example_short_circuit_operator.py
[2024-05-28T08:27:02.687+0000] {logging_mixin.py:188} INFO - [2024-05-28T08:27:02.687+0000] {dag.py:3096} INFO - Sync 1 DAGs
[2024-05-28T08:27:02.702+0000] {logging_mixin.py:188} INFO - [2024-05-28T08:27:02.702+0000] {dag.py:3954} INFO - Setting next_dagrun for example_short_circuit_operator to 2024-05-27 00:00:00+00:00, run_after=2024-05-28 00:00:00+00:00
[2024-05-28T08:27:02.715+0000] {processor.py:183} INFO - Processing /home/airflow/.local/lib/python3.12/site-packages/airflow/example_dags/example_short_circuit_operator.py took 0.052 seconds
[2024-05-28T08:54:24.650+0000] {processor.py:161} INFO - Started process (PID=79) to work on /home/airflow/.local/lib/python3.12/site-packages/airflow/example_dags/example_short_circuit_operator.py
[2024-05-28T08:54:24.651+0000] {processor.py:830} INFO - Processing file /home/airflow/.local/lib/python3.12/site-packages/airflow/example_dags/example_short_circuit_operator.py for tasks to queue
[2024-05-28T08:54:24.652+0000] {logging_mixin.py:188} INFO - [2024-05-28T08:54:24.652+0000] {dagbag.py:545} INFO - Filling up the DagBag from /home/airflow/.local/lib/python3.12/site-packages/airflow/example_dags/example_short_circuit_operator.py
[2024-05-28T08:54:24.656+0000] {processor.py:840} INFO - DAG(s) 'example_short_circuit_operator' retrieved from /home/airflow/.local/lib/python3.12/site-packages/airflow/example_dags/example_short_circuit_operator.py
[2024-05-28T08:54:24.720+0000] {logging_mixin.py:188} INFO - [2024-05-28T08:54:24.720+0000] {override.py:1829} INFO - Created Permission View: can delete on DAG:example_short_circuit_operator
[2024-05-28T08:54:24.727+0000] {logging_mixin.py:188} INFO - [2024-05-28T08:54:24.727+0000] {override.py:1829} INFO - Created Permission View: can edit on DAG:example_short_circuit_operator
[2024-05-28T08:54:24.733+0000] {logging_mixin.py:188} INFO - [2024-05-28T08:54:24.732+0000] {override.py:1829} INFO - Created Permission View: can read on DAG:example_short_circuit_operator
[2024-05-28T08:54:24.733+0000] {logging_mixin.py:188} INFO - [2024-05-28T08:54:24.733+0000] {dag.py:3096} INFO - Sync 1 DAGs
[2024-05-28T08:54:24.743+0000] {logging_mixin.py:188} INFO - [2024-05-28T08:54:24.743+0000] {dag.py:3118} INFO - Creating ORM DAG for example_short_circuit_operator
[2024-05-28T08:54:24.749+0000] {logging_mixin.py:188} INFO - [2024-05-28T08:54:24.749+0000] {dag.py:3954} INFO - Setting next_dagrun for example_short_circuit_operator to 2024-05-27 00:00:00+00:00, run_after=2024-05-28 00:00:00+00:00
[2024-05-28T08:54:24.760+0000] {processor.py:183} INFO - Processing /home/airflow/.local/lib/python3.12/site-packages/airflow/example_dags/example_short_circuit_operator.py took 0.113 seconds
[2024-05-28T08:54:55.587+0000] {processor.py:161} INFO - Started process (PID=138) to work on /home/airflow/.local/lib/python3.12/site-packages/airflow/example_dags/example_short_circuit_operator.py
[2024-05-28T08:54:55.587+0000] {processor.py:830} INFO - Processing file /home/airflow/.local/lib/python3.12/site-packages/airflow/example_dags/example_short_circuit_operator.py for tasks to queue
[2024-05-28T08:54:55.589+0000] {logging_mixin.py:188} INFO - [2024-05-28T08:54:55.588+0000] {dagbag.py:545} INFO - Filling up the DagBag from /home/airflow/.local/lib/python3.12/site-packages/airflow/example_dags/example_short_circuit_operator.py
[2024-05-28T08:54:55.593+0000] {processor.py:840} INFO - DAG(s) 'example_short_circuit_operator' retrieved from /home/airflow/.local/lib/python3.12/site-packages/airflow/example_dags/example_short_circuit_operator.py
[2024-05-28T08:54:55.608+0000] {logging_mixin.py:188} INFO - [2024-05-28T08:54:55.608+0000] {dag.py:3096} INFO - Sync 1 DAGs
[2024-05-28T08:54:55.621+0000] {logging_mixin.py:188} INFO - [2024-05-28T08:54:55.621+0000] {dag.py:3954} INFO - Setting next_dagrun for example_short_circuit_operator to 2024-05-27 00:00:00+00:00, run_after=2024-05-28 00:00:00+00:00
[2024-05-28T08:54:55.635+0000] {processor.py:183} INFO - Processing /home/airflow/.local/lib/python3.12/site-packages/airflow/example_dags/example_short_circuit_operator.py took 0.051 seconds
[2024-05-28T08:55:26.302+0000] {processor.py:161} INFO - Started process (PID=197) to work on /home/airflow/.local/lib/python3.12/site-packages/airflow/example_dags/example_short_circuit_operator.py
[2024-05-28T08:55:26.302+0000] {processor.py:830} INFO - Processing file /home/airflow/.local/lib/python3.12/site-packages/airflow/example_dags/example_short_circuit_operator.py for tasks to queue
[2024-05-28T08:55:26.303+0000] {logging_mixin.py:188} INFO - [2024-05-28T08:55:26.303+0000] {dagbag.py:545} INFO - Filling up the DagBag from /home/airflow/.local/lib/python3.12/site-packages/airflow/example_dags/example_short_circuit_operator.py
[2024-05-28T08:55:26.307+0000] {processor.py:840} INFO - DAG(s) 'example_short_circuit_operator' retrieved from /home/airflow/.local/lib/python3.12/site-packages/airflow/example_dags/example_short_circuit_operator.py
[2024-05-28T08:55:26.321+0000] {logging_mixin.py:188} INFO - [2024-05-28T08:55:26.321+0000] {dag.py:3096} INFO - Sync 1 DAGs
[2024-05-28T08:55:26.334+0000] {logging_mixin.py:188} INFO - [2024-05-28T08:55:26.334+0000] {dag.py:3954} INFO - Setting next_dagrun for example_short_circuit_operator to 2024-05-27 00:00:00+00:00, run_after=2024-05-28 00:00:00+00:00
[2024-05-28T08:55:26.346+0000] {processor.py:183} INFO - Processing /home/airflow/.local/lib/python3.12/site-packages/airflow/example_dags/example_short_circuit_operator.py took 0.048 seconds
[2024-05-28T09:08:14.017+0000] {processor.py:161} INFO - Started process (PID=80) to work on /home/airflow/.local/lib/python3.12/site-packages/airflow/example_dags/example_short_circuit_operator.py
[2024-05-28T09:08:14.017+0000] {processor.py:830} INFO - Processing file /home/airflow/.local/lib/python3.12/site-packages/airflow/example_dags/example_short_circuit_operator.py for tasks to queue
[2024-05-28T09:08:14.018+0000] {logging_mixin.py:188} INFO - [2024-05-28T09:08:14.018+0000] {dagbag.py:545} INFO - Filling up the DagBag from /home/airflow/.local/lib/python3.12/site-packages/airflow/example_dags/example_short_circuit_operator.py
[2024-05-28T09:08:14.023+0000] {processor.py:840} INFO - DAG(s) 'example_short_circuit_operator' retrieved from /home/airflow/.local/lib/python3.12/site-packages/airflow/example_dags/example_short_circuit_operator.py
[2024-05-28T09:08:14.092+0000] {logging_mixin.py:188} INFO - [2024-05-28T09:08:14.092+0000] {override.py:1829} INFO - Created Permission View: can edit on DAG:example_short_circuit_operator
[2024-05-28T09:08:14.099+0000] {logging_mixin.py:188} INFO - [2024-05-28T09:08:14.099+0000] {override.py:1829} INFO - Created Permission View: can delete on DAG:example_short_circuit_operator
[2024-05-28T09:08:14.103+0000] {logging_mixin.py:188} INFO - [2024-05-28T09:08:14.103+0000] {override.py:1829} INFO - Created Permission View: can read on DAG:example_short_circuit_operator
[2024-05-28T09:08:14.104+0000] {logging_mixin.py:188} INFO - [2024-05-28T09:08:14.104+0000] {dag.py:3096} INFO - Sync 1 DAGs
[2024-05-28T09:08:14.111+0000] {logging_mixin.py:188} INFO - [2024-05-28T09:08:14.111+0000] {dag.py:3118} INFO - Creating ORM DAG for example_short_circuit_operator
[2024-05-28T09:08:14.117+0000] {logging_mixin.py:188} INFO - [2024-05-28T09:08:14.117+0000] {dag.py:3954} INFO - Setting next_dagrun for example_short_circuit_operator to 2024-05-27 00:00:00+00:00, run_after=2024-05-28 00:00:00+00:00
[2024-05-28T09:08:14.129+0000] {processor.py:183} INFO - Processing /home/airflow/.local/lib/python3.12/site-packages/airflow/example_dags/example_short_circuit_operator.py took 0.116 seconds
[2024-05-28T09:08:44.320+0000] {processor.py:161} INFO - Started process (PID=139) to work on /home/airflow/.local/lib/python3.12/site-packages/airflow/example_dags/example_short_circuit_operator.py
[2024-05-28T09:08:44.320+0000] {processor.py:830} INFO - Processing file /home/airflow/.local/lib/python3.12/site-packages/airflow/example_dags/example_short_circuit_operator.py for tasks to queue
[2024-05-28T09:08:44.321+0000] {logging_mixin.py:188} INFO - [2024-05-28T09:08:44.321+0000] {dagbag.py:545} INFO - Filling up the DagBag from /home/airflow/.local/lib/python3.12/site-packages/airflow/example_dags/example_short_circuit_operator.py
[2024-05-28T09:08:44.325+0000] {processor.py:840} INFO - DAG(s) 'example_short_circuit_operator' retrieved from /home/airflow/.local/lib/python3.12/site-packages/airflow/example_dags/example_short_circuit_operator.py
[2024-05-28T09:08:44.340+0000] {logging_mixin.py:188} INFO - [2024-05-28T09:08:44.340+0000] {dag.py:3096} INFO - Sync 1 DAGs
[2024-05-28T09:08:44.353+0000] {logging_mixin.py:188} INFO - [2024-05-28T09:08:44.353+0000] {dag.py:3954} INFO - Setting next_dagrun for example_short_circuit_operator to 2024-05-27 00:00:00+00:00, run_after=2024-05-28 00:00:00+00:00
[2024-05-28T09:08:44.366+0000] {processor.py:183} INFO - Processing /home/airflow/.local/lib/python3.12/site-packages/airflow/example_dags/example_short_circuit_operator.py took 0.050 seconds
[2024-05-28T09:09:14.425+0000] {processor.py:161} INFO - Started process (PID=199) to work on /home/airflow/.local/lib/python3.12/site-packages/airflow/example_dags/example_short_circuit_operator.py
[2024-05-28T09:09:14.425+0000] {processor.py:830} INFO - Processing file /home/airflow/.local/lib/python3.12/site-packages/airflow/example_dags/example_short_circuit_operator.py for tasks to queue
[2024-05-28T09:09:14.427+0000] {logging_mixin.py:188} INFO - [2024-05-28T09:09:14.426+0000] {dagbag.py:545} INFO - Filling up the DagBag from /home/airflow/.local/lib/python3.12/site-packages/airflow/example_dags/example_short_circuit_operator.py
[2024-05-28T09:09:14.431+0000] {processor.py:840} INFO - DAG(s) 'example_short_circuit_operator' retrieved from /home/airflow/.local/lib/python3.12/site-packages/airflow/example_dags/example_short_circuit_operator.py
[2024-05-28T09:09:14.445+0000] {logging_mixin.py:188} INFO - [2024-05-28T09:09:14.445+0000] {dag.py:3096} INFO - Sync 1 DAGs
[2024-05-28T09:09:14.459+0000] {logging_mixin.py:188} INFO - [2024-05-28T09:09:14.459+0000] {dag.py:3954} INFO - Setting next_dagrun for example_short_circuit_operator to 2024-05-27 00:00:00+00:00, run_after=2024-05-28 00:00:00+00:00
[2024-05-28T09:09:14.471+0000] {processor.py:183} INFO - Processing /home/airflow/.local/lib/python3.12/site-packages/airflow/example_dags/example_short_circuit_operator.py took 0.049 seconds
[2024-05-28T09:09:45.506+0000] {processor.py:161} INFO - Started process (PID=260) to work on /home/airflow/.local/lib/python3.12/site-packages/airflow/example_dags/example_short_circuit_operator.py
[2024-05-28T09:09:45.506+0000] {processor.py:830} INFO - Processing file /home/airflow/.local/lib/python3.12/site-packages/airflow/example_dags/example_short_circuit_operator.py for tasks to queue
[2024-05-28T09:09:45.507+0000] {logging_mixin.py:188} INFO - [2024-05-28T09:09:45.507+0000] {dagbag.py:545} INFO - Filling up the DagBag from /home/airflow/.local/lib/python3.12/site-packages/airflow/example_dags/example_short_circuit_operator.py
[2024-05-28T09:09:45.512+0000] {processor.py:840} INFO - DAG(s) 'example_short_circuit_operator' retrieved from /home/airflow/.local/lib/python3.12/site-packages/airflow/example_dags/example_short_circuit_operator.py
[2024-05-28T09:09:45.525+0000] {logging_mixin.py:188} INFO - [2024-05-28T09:09:45.525+0000] {dag.py:3096} INFO - Sync 1 DAGs
[2024-05-28T09:09:45.538+0000] {logging_mixin.py:188} INFO - [2024-05-28T09:09:45.538+0000] {dag.py:3954} INFO - Setting next_dagrun for example_short_circuit_operator to 2024-05-27 00:00:00+00:00, run_after=2024-05-28 00:00:00+00:00
[2024-05-28T09:09:45.548+0000] {processor.py:183} INFO - Processing /home/airflow/.local/lib/python3.12/site-packages/airflow/example_dags/example_short_circuit_operator.py took 0.046 seconds
[2024-05-28T09:10:16.409+0000] {processor.py:161} INFO - Started process (PID=320) to work on /home/airflow/.local/lib/python3.12/site-packages/airflow/example_dags/example_short_circuit_operator.py
[2024-05-28T09:10:16.410+0000] {processor.py:830} INFO - Processing file /home/airflow/.local/lib/python3.12/site-packages/airflow/example_dags/example_short_circuit_operator.py for tasks to queue
[2024-05-28T09:10:16.411+0000] {logging_mixin.py:188} INFO - [2024-05-28T09:10:16.411+0000] {dagbag.py:545} INFO - Filling up the DagBag from /home/airflow/.local/lib/python3.12/site-packages/airflow/example_dags/example_short_circuit_operator.py
[2024-05-28T09:10:16.415+0000] {processor.py:840} INFO - DAG(s) 'example_short_circuit_operator' retrieved from /home/airflow/.local/lib/python3.12/site-packages/airflow/example_dags/example_short_circuit_operator.py
[2024-05-28T09:10:16.428+0000] {logging_mixin.py:188} INFO - [2024-05-28T09:10:16.428+0000] {dag.py:3096} INFO - Sync 1 DAGs
[2024-05-28T09:10:16.441+0000] {logging_mixin.py:188} INFO - [2024-05-28T09:10:16.441+0000] {dag.py:3954} INFO - Setting next_dagrun for example_short_circuit_operator to 2024-05-27 00:00:00+00:00, run_after=2024-05-28 00:00:00+00:00
[2024-05-28T09:10:16.452+0000] {processor.py:183} INFO - Processing /home/airflow/.local/lib/python3.12/site-packages/airflow/example_dags/example_short_circuit_operator.py took 0.047 seconds
[2024-05-28T09:10:46.612+0000] {processor.py:161} INFO - Started process (PID=380) to work on /home/airflow/.local/lib/python3.12/site-packages/airflow/example_dags/example_short_circuit_operator.py
[2024-05-28T09:10:46.613+0000] {processor.py:830} INFO - Processing file /home/airflow/.local/lib/python3.12/site-packages/airflow/example_dags/example_short_circuit_operator.py for tasks to queue
[2024-05-28T09:10:46.614+0000] {logging_mixin.py:188} INFO - [2024-05-28T09:10:46.614+0000] {dagbag.py:545} INFO - Filling up the DagBag from /home/airflow/.local/lib/python3.12/site-packages/airflow/example_dags/example_short_circuit_operator.py
[2024-05-28T09:10:46.618+0000] {processor.py:840} INFO - DAG(s) 'example_short_circuit_operator' retrieved from /home/airflow/.local/lib/python3.12/site-packages/airflow/example_dags/example_short_circuit_operator.py
[2024-05-28T09:10:46.632+0000] {logging_mixin.py:188} INFO - [2024-05-28T09:10:46.632+0000] {dag.py:3096} INFO - Sync 1 DAGs
[2024-05-28T09:10:46.646+0000] {logging_mixin.py:188} INFO - [2024-05-28T09:10:46.646+0000] {dag.py:3954} INFO - Setting next_dagrun for example_short_circuit_operator to 2024-05-27 00:00:00+00:00, run_after=2024-05-28 00:00:00+00:00
[2024-05-28T09:10:46.658+0000] {processor.py:183} INFO - Processing /home/airflow/.local/lib/python3.12/site-packages/airflow/example_dags/example_short_circuit_operator.py took 0.049 seconds
[2024-05-28T09:11:16.977+0000] {processor.py:161} INFO - Started process (PID=440) to work on /home/airflow/.local/lib/python3.12/site-packages/airflow/example_dags/example_short_circuit_operator.py
[2024-05-28T09:11:16.977+0000] {processor.py:830} INFO - Processing file /home/airflow/.local/lib/python3.12/site-packages/airflow/example_dags/example_short_circuit_operator.py for tasks to queue
[2024-05-28T09:11:16.978+0000] {logging_mixin.py:188} INFO - [2024-05-28T09:11:16.978+0000] {dagbag.py:545} INFO - Filling up the DagBag from /home/airflow/.local/lib/python3.12/site-packages/airflow/example_dags/example_short_circuit_operator.py
[2024-05-28T09:11:16.983+0000] {processor.py:840} INFO - DAG(s) 'example_short_circuit_operator' retrieved from /home/airflow/.local/lib/python3.12/site-packages/airflow/example_dags/example_short_circuit_operator.py
[2024-05-28T09:11:16.997+0000] {logging_mixin.py:188} INFO - [2024-05-28T09:11:16.996+0000] {dag.py:3096} INFO - Sync 1 DAGs
[2024-05-28T09:11:17.009+0000] {logging_mixin.py:188} INFO - [2024-05-28T09:11:17.009+0000] {dag.py:3954} INFO - Setting next_dagrun for example_short_circuit_operator to 2024-05-27 00:00:00+00:00, run_after=2024-05-28 00:00:00+00:00
[2024-05-28T09:11:17.021+0000] {processor.py:183} INFO - Processing /home/airflow/.local/lib/python3.12/site-packages/airflow/example_dags/example_short_circuit_operator.py took 0.048 seconds
