[2024-05-28T08:06:25.879+0000] {processor.py:161} INFO - Started process (PID=66) to work on /home/airflow/.local/lib/python3.12/site-packages/airflow/example_dags/example_task_group.py
[2024-05-28T08:06:25.879+0000] {processor.py:830} INFO - Processing file /home/airflow/.local/lib/python3.12/site-packages/airflow/example_dags/example_task_group.py for tasks to queue
[2024-05-28T08:06:25.880+0000] {logging_mixin.py:188} INFO - [2024-05-28T08:06:25.880+0000] {dagbag.py:545} INFO - Filling up the DagBag from /home/airflow/.local/lib/python3.12/site-packages/airflow/example_dags/example_task_group.py
[2024-05-28T08:06:25.886+0000] {processor.py:840} INFO - DAG(s) 'example_task_group' retrieved from /home/airflow/.local/lib/python3.12/site-packages/airflow/example_dags/example_task_group.py
[2024-05-28T08:06:25.951+0000] {logging_mixin.py:188} INFO - [2024-05-28T08:06:25.950+0000] {override.py:1829} INFO - Created Permission View: can edit on DAG:example_task_group
[2024-05-28T08:06:25.959+0000] {logging_mixin.py:188} INFO - [2024-05-28T08:06:25.959+0000] {override.py:1829} INFO - Created Permission View: can delete on DAG:example_task_group
[2024-05-28T08:06:25.966+0000] {logging_mixin.py:188} INFO - [2024-05-28T08:06:25.966+0000] {override.py:1829} INFO - Created Permission View: can read on DAG:example_task_group
[2024-05-28T08:06:25.966+0000] {logging_mixin.py:188} INFO - [2024-05-28T08:06:25.966+0000] {dag.py:3096} INFO - Sync 1 DAGs
[2024-05-28T08:06:25.973+0000] {logging_mixin.py:188} INFO - [2024-05-28T08:06:25.972+0000] {dag.py:3118} INFO - Creating ORM DAG for example_task_group
[2024-05-28T08:06:25.979+0000] {logging_mixin.py:188} INFO - [2024-05-28T08:06:25.979+0000] {dag.py:3954} INFO - Setting next_dagrun for example_task_group to 2024-05-27 00:00:00+00:00, run_after=2024-05-28 00:00:00+00:00
[2024-05-28T08:06:25.992+0000] {processor.py:183} INFO - Processing /home/airflow/.local/lib/python3.12/site-packages/airflow/example_dags/example_task_group.py took 0.116 seconds
[2024-05-28T08:06:56.206+0000] {processor.py:161} INFO - Started process (PID=124) to work on /home/airflow/.local/lib/python3.12/site-packages/airflow/example_dags/example_task_group.py
[2024-05-28T08:06:56.206+0000] {processor.py:830} INFO - Processing file /home/airflow/.local/lib/python3.12/site-packages/airflow/example_dags/example_task_group.py for tasks to queue
[2024-05-28T08:06:56.207+0000] {logging_mixin.py:188} INFO - [2024-05-28T08:06:56.207+0000] {dagbag.py:545} INFO - Filling up the DagBag from /home/airflow/.local/lib/python3.12/site-packages/airflow/example_dags/example_task_group.py
[2024-05-28T08:06:56.211+0000] {processor.py:840} INFO - DAG(s) 'example_task_group' retrieved from /home/airflow/.local/lib/python3.12/site-packages/airflow/example_dags/example_task_group.py
[2024-05-28T08:06:56.225+0000] {logging_mixin.py:188} INFO - [2024-05-28T08:06:56.225+0000] {dag.py:3096} INFO - Sync 1 DAGs
[2024-05-28T08:06:56.238+0000] {logging_mixin.py:188} INFO - [2024-05-28T08:06:56.238+0000] {dag.py:3954} INFO - Setting next_dagrun for example_task_group to 2024-05-27 00:00:00+00:00, run_after=2024-05-28 00:00:00+00:00
[2024-05-28T08:06:56.251+0000] {processor.py:183} INFO - Processing /home/airflow/.local/lib/python3.12/site-packages/airflow/example_dags/example_task_group.py took 0.049 seconds
[2024-05-28T08:07:26.997+0000] {processor.py:161} INFO - Started process (PID=182) to work on /home/airflow/.local/lib/python3.12/site-packages/airflow/example_dags/example_task_group.py
[2024-05-28T08:07:26.997+0000] {processor.py:830} INFO - Processing file /home/airflow/.local/lib/python3.12/site-packages/airflow/example_dags/example_task_group.py for tasks to queue
[2024-05-28T08:07:26.998+0000] {logging_mixin.py:188} INFO - [2024-05-28T08:07:26.998+0000] {dagbag.py:545} INFO - Filling up the DagBag from /home/airflow/.local/lib/python3.12/site-packages/airflow/example_dags/example_task_group.py
[2024-05-28T08:07:27.002+0000] {processor.py:840} INFO - DAG(s) 'example_task_group' retrieved from /home/airflow/.local/lib/python3.12/site-packages/airflow/example_dags/example_task_group.py
[2024-05-28T08:07:27.015+0000] {logging_mixin.py:188} INFO - [2024-05-28T08:07:27.014+0000] {dag.py:3096} INFO - Sync 1 DAGs
[2024-05-28T08:07:27.027+0000] {logging_mixin.py:188} INFO - [2024-05-28T08:07:27.027+0000] {dag.py:3954} INFO - Setting next_dagrun for example_task_group to 2024-05-27 00:00:00+00:00, run_after=2024-05-28 00:00:00+00:00
[2024-05-28T08:07:27.037+0000] {processor.py:183} INFO - Processing /home/airflow/.local/lib/python3.12/site-packages/airflow/example_dags/example_task_group.py took 0.044 seconds
[2024-05-28T08:26:00.078+0000] {processor.py:161} INFO - Started process (PID=67) to work on /home/airflow/.local/lib/python3.12/site-packages/airflow/example_dags/example_task_group.py
[2024-05-28T08:26:00.078+0000] {processor.py:830} INFO - Processing file /home/airflow/.local/lib/python3.12/site-packages/airflow/example_dags/example_task_group.py for tasks to queue
[2024-05-28T08:26:00.079+0000] {logging_mixin.py:188} INFO - [2024-05-28T08:26:00.079+0000] {dagbag.py:545} INFO - Filling up the DagBag from /home/airflow/.local/lib/python3.12/site-packages/airflow/example_dags/example_task_group.py
[2024-05-28T08:26:00.084+0000] {processor.py:840} INFO - DAG(s) 'example_task_group' retrieved from /home/airflow/.local/lib/python3.12/site-packages/airflow/example_dags/example_task_group.py
[2024-05-28T08:26:00.157+0000] {logging_mixin.py:188} INFO - [2024-05-28T08:26:00.157+0000] {override.py:1829} INFO - Created Permission View: can read on DAG:example_task_group
[2024-05-28T08:26:00.164+0000] {logging_mixin.py:188} INFO - [2024-05-28T08:26:00.163+0000] {override.py:1829} INFO - Created Permission View: can edit on DAG:example_task_group
[2024-05-28T08:26:00.167+0000] {logging_mixin.py:188} INFO - [2024-05-28T08:26:00.167+0000] {override.py:1829} INFO - Created Permission View: can delete on DAG:example_task_group
[2024-05-28T08:26:00.168+0000] {logging_mixin.py:188} INFO - [2024-05-28T08:26:00.167+0000] {dag.py:3096} INFO - Sync 1 DAGs
[2024-05-28T08:26:00.175+0000] {logging_mixin.py:188} INFO - [2024-05-28T08:26:00.174+0000] {dag.py:3118} INFO - Creating ORM DAG for example_task_group
[2024-05-28T08:26:00.181+0000] {logging_mixin.py:188} INFO - [2024-05-28T08:26:00.180+0000] {dag.py:3954} INFO - Setting next_dagrun for example_task_group to 2024-05-27 00:00:00+00:00, run_after=2024-05-28 00:00:00+00:00
[2024-05-28T08:26:00.194+0000] {processor.py:183} INFO - Processing /home/airflow/.local/lib/python3.12/site-packages/airflow/example_dags/example_task_group.py took 0.120 seconds
[2024-05-28T08:26:30.476+0000] {processor.py:161} INFO - Started process (PID=126) to work on /home/airflow/.local/lib/python3.12/site-packages/airflow/example_dags/example_task_group.py
[2024-05-28T08:26:30.477+0000] {processor.py:830} INFO - Processing file /home/airflow/.local/lib/python3.12/site-packages/airflow/example_dags/example_task_group.py for tasks to queue
[2024-05-28T08:26:30.478+0000] {logging_mixin.py:188} INFO - [2024-05-28T08:26:30.478+0000] {dagbag.py:545} INFO - Filling up the DagBag from /home/airflow/.local/lib/python3.12/site-packages/airflow/example_dags/example_task_group.py
[2024-05-28T08:26:30.482+0000] {processor.py:840} INFO - DAG(s) 'example_task_group' retrieved from /home/airflow/.local/lib/python3.12/site-packages/airflow/example_dags/example_task_group.py
[2024-05-28T08:26:30.494+0000] {logging_mixin.py:188} INFO - [2024-05-28T08:26:30.494+0000] {dag.py:3096} INFO - Sync 1 DAGs
[2024-05-28T08:26:30.508+0000] {logging_mixin.py:188} INFO - [2024-05-28T08:26:30.508+0000] {dag.py:3954} INFO - Setting next_dagrun for example_task_group to 2024-05-27 00:00:00+00:00, run_after=2024-05-28 00:00:00+00:00
[2024-05-28T08:26:30.519+0000] {processor.py:183} INFO - Processing /home/airflow/.local/lib/python3.12/site-packages/airflow/example_dags/example_task_group.py took 0.047 seconds
[2024-05-28T08:27:01.306+0000] {processor.py:161} INFO - Started process (PID=185) to work on /home/airflow/.local/lib/python3.12/site-packages/airflow/example_dags/example_task_group.py
[2024-05-28T08:27:01.307+0000] {processor.py:830} INFO - Processing file /home/airflow/.local/lib/python3.12/site-packages/airflow/example_dags/example_task_group.py for tasks to queue
[2024-05-28T08:27:01.308+0000] {logging_mixin.py:188} INFO - [2024-05-28T08:27:01.307+0000] {dagbag.py:545} INFO - Filling up the DagBag from /home/airflow/.local/lib/python3.12/site-packages/airflow/example_dags/example_task_group.py
[2024-05-28T08:27:01.312+0000] {processor.py:840} INFO - DAG(s) 'example_task_group' retrieved from /home/airflow/.local/lib/python3.12/site-packages/airflow/example_dags/example_task_group.py
[2024-05-28T08:27:01.324+0000] {logging_mixin.py:188} INFO - [2024-05-28T08:27:01.324+0000] {dag.py:3096} INFO - Sync 1 DAGs
[2024-05-28T08:27:01.337+0000] {logging_mixin.py:188} INFO - [2024-05-28T08:27:01.337+0000] {dag.py:3954} INFO - Setting next_dagrun for example_task_group to 2024-05-27 00:00:00+00:00, run_after=2024-05-28 00:00:00+00:00
[2024-05-28T08:27:01.347+0000] {processor.py:183} INFO - Processing /home/airflow/.local/lib/python3.12/site-packages/airflow/example_dags/example_task_group.py took 0.045 seconds
[2024-05-28T08:54:23.868+0000] {processor.py:161} INFO - Started process (PID=67) to work on /home/airflow/.local/lib/python3.12/site-packages/airflow/example_dags/example_task_group.py
[2024-05-28T08:54:23.869+0000] {processor.py:830} INFO - Processing file /home/airflow/.local/lib/python3.12/site-packages/airflow/example_dags/example_task_group.py for tasks to queue
[2024-05-28T08:54:23.870+0000] {logging_mixin.py:188} INFO - [2024-05-28T08:54:23.870+0000] {dagbag.py:545} INFO - Filling up the DagBag from /home/airflow/.local/lib/python3.12/site-packages/airflow/example_dags/example_task_group.py
[2024-05-28T08:54:23.875+0000] {processor.py:840} INFO - DAG(s) 'example_task_group' retrieved from /home/airflow/.local/lib/python3.12/site-packages/airflow/example_dags/example_task_group.py
[2024-05-28T08:54:23.940+0000] {logging_mixin.py:188} INFO - [2024-05-28T08:54:23.939+0000] {override.py:1829} INFO - Created Permission View: can delete on DAG:example_task_group
[2024-05-28T08:54:23.945+0000] {logging_mixin.py:188} INFO - [2024-05-28T08:54:23.945+0000] {override.py:1829} INFO - Created Permission View: can edit on DAG:example_task_group
[2024-05-28T08:54:23.949+0000] {logging_mixin.py:188} INFO - [2024-05-28T08:54:23.949+0000] {override.py:1829} INFO - Created Permission View: can read on DAG:example_task_group
[2024-05-28T08:54:23.949+0000] {logging_mixin.py:188} INFO - [2024-05-28T08:54:23.949+0000] {dag.py:3096} INFO - Sync 1 DAGs
[2024-05-28T08:54:23.955+0000] {logging_mixin.py:188} INFO - [2024-05-28T08:54:23.955+0000] {dag.py:3118} INFO - Creating ORM DAG for example_task_group
[2024-05-28T08:54:23.961+0000] {logging_mixin.py:188} INFO - [2024-05-28T08:54:23.961+0000] {dag.py:3954} INFO - Setting next_dagrun for example_task_group to 2024-05-27 00:00:00+00:00, run_after=2024-05-28 00:00:00+00:00
[2024-05-28T08:54:23.975+0000] {processor.py:183} INFO - Processing /home/airflow/.local/lib/python3.12/site-packages/airflow/example_dags/example_task_group.py took 0.110 seconds
[2024-05-28T08:54:54.185+0000] {processor.py:161} INFO - Started process (PID=126) to work on /home/airflow/.local/lib/python3.12/site-packages/airflow/example_dags/example_task_group.py
[2024-05-28T08:54:54.186+0000] {processor.py:830} INFO - Processing file /home/airflow/.local/lib/python3.12/site-packages/airflow/example_dags/example_task_group.py for tasks to queue
[2024-05-28T08:54:54.187+0000] {logging_mixin.py:188} INFO - [2024-05-28T08:54:54.187+0000] {dagbag.py:545} INFO - Filling up the DagBag from /home/airflow/.local/lib/python3.12/site-packages/airflow/example_dags/example_task_group.py
[2024-05-28T08:54:54.191+0000] {processor.py:840} INFO - DAG(s) 'example_task_group' retrieved from /home/airflow/.local/lib/python3.12/site-packages/airflow/example_dags/example_task_group.py
[2024-05-28T08:54:54.205+0000] {logging_mixin.py:188} INFO - [2024-05-28T08:54:54.204+0000] {dag.py:3096} INFO - Sync 1 DAGs
[2024-05-28T08:54:54.218+0000] {logging_mixin.py:188} INFO - [2024-05-28T08:54:54.218+0000] {dag.py:3954} INFO - Setting next_dagrun for example_task_group to 2024-05-27 00:00:00+00:00, run_after=2024-05-28 00:00:00+00:00
[2024-05-28T08:54:54.229+0000] {processor.py:183} INFO - Processing /home/airflow/.local/lib/python3.12/site-packages/airflow/example_dags/example_task_group.py took 0.047 seconds
[2024-05-28T08:55:24.894+0000] {processor.py:161} INFO - Started process (PID=185) to work on /home/airflow/.local/lib/python3.12/site-packages/airflow/example_dags/example_task_group.py
[2024-05-28T08:55:24.895+0000] {processor.py:830} INFO - Processing file /home/airflow/.local/lib/python3.12/site-packages/airflow/example_dags/example_task_group.py for tasks to queue
[2024-05-28T08:55:24.896+0000] {logging_mixin.py:188} INFO - [2024-05-28T08:55:24.895+0000] {dagbag.py:545} INFO - Filling up the DagBag from /home/airflow/.local/lib/python3.12/site-packages/airflow/example_dags/example_task_group.py
[2024-05-28T08:55:24.900+0000] {processor.py:840} INFO - DAG(s) 'example_task_group' retrieved from /home/airflow/.local/lib/python3.12/site-packages/airflow/example_dags/example_task_group.py
[2024-05-28T08:55:24.912+0000] {logging_mixin.py:188} INFO - [2024-05-28T08:55:24.912+0000] {dag.py:3096} INFO - Sync 1 DAGs
[2024-05-28T08:55:24.925+0000] {logging_mixin.py:188} INFO - [2024-05-28T08:55:24.925+0000] {dag.py:3954} INFO - Setting next_dagrun for example_task_group to 2024-05-27 00:00:00+00:00, run_after=2024-05-28 00:00:00+00:00
[2024-05-28T08:55:24.936+0000] {processor.py:183} INFO - Processing /home/airflow/.local/lib/python3.12/site-packages/airflow/example_dags/example_task_group.py took 0.046 seconds
[2024-05-28T09:08:12.990+0000] {processor.py:161} INFO - Started process (PID=68) to work on /home/airflow/.local/lib/python3.12/site-packages/airflow/example_dags/example_task_group.py
[2024-05-28T09:08:12.991+0000] {processor.py:830} INFO - Processing file /home/airflow/.local/lib/python3.12/site-packages/airflow/example_dags/example_task_group.py for tasks to queue
[2024-05-28T09:08:12.992+0000] {logging_mixin.py:188} INFO - [2024-05-28T09:08:12.992+0000] {dagbag.py:545} INFO - Filling up the DagBag from /home/airflow/.local/lib/python3.12/site-packages/airflow/example_dags/example_task_group.py
[2024-05-28T09:08:12.996+0000] {processor.py:840} INFO - DAG(s) 'example_task_group' retrieved from /home/airflow/.local/lib/python3.12/site-packages/airflow/example_dags/example_task_group.py
[2024-05-28T09:08:13.059+0000] {logging_mixin.py:188} INFO - [2024-05-28T09:08:13.058+0000] {override.py:1829} INFO - Created Permission View: can edit on DAG:example_task_group
[2024-05-28T09:08:13.065+0000] {logging_mixin.py:188} INFO - [2024-05-28T09:08:13.065+0000] {override.py:1829} INFO - Created Permission View: can delete on DAG:example_task_group
[2024-05-28T09:08:13.069+0000] {logging_mixin.py:188} INFO - [2024-05-28T09:08:13.069+0000] {override.py:1829} INFO - Created Permission View: can read on DAG:example_task_group
[2024-05-28T09:08:13.069+0000] {logging_mixin.py:188} INFO - [2024-05-28T09:08:13.069+0000] {dag.py:3096} INFO - Sync 1 DAGs
[2024-05-28T09:08:13.075+0000] {logging_mixin.py:188} INFO - [2024-05-28T09:08:13.075+0000] {dag.py:3118} INFO - Creating ORM DAG for example_task_group
[2024-05-28T09:08:13.081+0000] {logging_mixin.py:188} INFO - [2024-05-28T09:08:13.081+0000] {dag.py:3954} INFO - Setting next_dagrun for example_task_group to 2024-05-27 00:00:00+00:00, run_after=2024-05-28 00:00:00+00:00
[2024-05-28T09:08:13.090+0000] {processor.py:183} INFO - Processing /home/airflow/.local/lib/python3.12/site-packages/airflow/example_dags/example_task_group.py took 0.103 seconds
[2024-05-28T09:08:43.938+0000] {processor.py:161} INFO - Started process (PID=128) to work on /home/airflow/.local/lib/python3.12/site-packages/airflow/example_dags/example_task_group.py
[2024-05-28T09:08:43.938+0000] {processor.py:830} INFO - Processing file /home/airflow/.local/lib/python3.12/site-packages/airflow/example_dags/example_task_group.py for tasks to queue
[2024-05-28T09:08:43.939+0000] {logging_mixin.py:188} INFO - [2024-05-28T09:08:43.939+0000] {dagbag.py:545} INFO - Filling up the DagBag from /home/airflow/.local/lib/python3.12/site-packages/airflow/example_dags/example_task_group.py
[2024-05-28T09:08:43.943+0000] {processor.py:840} INFO - DAG(s) 'example_task_group' retrieved from /home/airflow/.local/lib/python3.12/site-packages/airflow/example_dags/example_task_group.py
[2024-05-28T09:08:43.956+0000] {logging_mixin.py:188} INFO - [2024-05-28T09:08:43.956+0000] {dag.py:3096} INFO - Sync 1 DAGs
[2024-05-28T09:08:43.969+0000] {logging_mixin.py:188} INFO - [2024-05-28T09:08:43.968+0000] {dag.py:3954} INFO - Setting next_dagrun for example_task_group to 2024-05-27 00:00:00+00:00, run_after=2024-05-28 00:00:00+00:00
[2024-05-28T09:08:43.979+0000] {processor.py:183} INFO - Processing /home/airflow/.local/lib/python3.12/site-packages/airflow/example_dags/example_task_group.py took 0.045 seconds
[2024-05-28T09:09:14.129+0000] {processor.py:161} INFO - Started process (PID=188) to work on /home/airflow/.local/lib/python3.12/site-packages/airflow/example_dags/example_task_group.py
[2024-05-28T09:09:14.130+0000] {processor.py:830} INFO - Processing file /home/airflow/.local/lib/python3.12/site-packages/airflow/example_dags/example_task_group.py for tasks to queue
[2024-05-28T09:09:14.131+0000] {logging_mixin.py:188} INFO - [2024-05-28T09:09:14.130+0000] {dagbag.py:545} INFO - Filling up the DagBag from /home/airflow/.local/lib/python3.12/site-packages/airflow/example_dags/example_task_group.py
[2024-05-28T09:09:14.135+0000] {processor.py:840} INFO - DAG(s) 'example_task_group' retrieved from /home/airflow/.local/lib/python3.12/site-packages/airflow/example_dags/example_task_group.py
[2024-05-28T09:09:14.147+0000] {logging_mixin.py:188} INFO - [2024-05-28T09:09:14.147+0000] {dag.py:3096} INFO - Sync 1 DAGs
[2024-05-28T09:09:14.160+0000] {logging_mixin.py:188} INFO - [2024-05-28T09:09:14.160+0000] {dag.py:3954} INFO - Setting next_dagrun for example_task_group to 2024-05-27 00:00:00+00:00, run_after=2024-05-28 00:00:00+00:00
[2024-05-28T09:09:14.171+0000] {processor.py:183} INFO - Processing /home/airflow/.local/lib/python3.12/site-packages/airflow/example_dags/example_task_group.py took 0.045 seconds
[2024-05-28T09:09:45.170+0000] {processor.py:161} INFO - Started process (PID=248) to work on /home/airflow/.local/lib/python3.12/site-packages/airflow/example_dags/example_task_group.py
[2024-05-28T09:09:45.171+0000] {processor.py:830} INFO - Processing file /home/airflow/.local/lib/python3.12/site-packages/airflow/example_dags/example_task_group.py for tasks to queue
[2024-05-28T09:09:45.172+0000] {logging_mixin.py:188} INFO - [2024-05-28T09:09:45.172+0000] {dagbag.py:545} INFO - Filling up the DagBag from /home/airflow/.local/lib/python3.12/site-packages/airflow/example_dags/example_task_group.py
[2024-05-28T09:09:45.176+0000] {processor.py:840} INFO - DAG(s) 'example_task_group' retrieved from /home/airflow/.local/lib/python3.12/site-packages/airflow/example_dags/example_task_group.py
[2024-05-28T09:09:45.188+0000] {logging_mixin.py:188} INFO - [2024-05-28T09:09:45.188+0000] {dag.py:3096} INFO - Sync 1 DAGs
[2024-05-28T09:09:45.201+0000] {logging_mixin.py:188} INFO - [2024-05-28T09:09:45.200+0000] {dag.py:3954} INFO - Setting next_dagrun for example_task_group to 2024-05-27 00:00:00+00:00, run_after=2024-05-28 00:00:00+00:00
[2024-05-28T09:09:45.211+0000] {processor.py:183} INFO - Processing /home/airflow/.local/lib/python3.12/site-packages/airflow/example_dags/example_task_group.py took 0.044 seconds
[2024-05-28T09:10:16.045+0000] {processor.py:161} INFO - Started process (PID=308) to work on /home/airflow/.local/lib/python3.12/site-packages/airflow/example_dags/example_task_group.py
[2024-05-28T09:10:16.046+0000] {processor.py:830} INFO - Processing file /home/airflow/.local/lib/python3.12/site-packages/airflow/example_dags/example_task_group.py for tasks to queue
[2024-05-28T09:10:16.047+0000] {logging_mixin.py:188} INFO - [2024-05-28T09:10:16.047+0000] {dagbag.py:545} INFO - Filling up the DagBag from /home/airflow/.local/lib/python3.12/site-packages/airflow/example_dags/example_task_group.py
[2024-05-28T09:10:16.052+0000] {processor.py:840} INFO - DAG(s) 'example_task_group' retrieved from /home/airflow/.local/lib/python3.12/site-packages/airflow/example_dags/example_task_group.py
[2024-05-28T09:10:16.064+0000] {logging_mixin.py:188} INFO - [2024-05-28T09:10:16.064+0000] {dag.py:3096} INFO - Sync 1 DAGs
[2024-05-28T09:10:16.081+0000] {logging_mixin.py:188} INFO - [2024-05-28T09:10:16.081+0000] {dag.py:3954} INFO - Setting next_dagrun for example_task_group to 2024-05-27 00:00:00+00:00, run_after=2024-05-28 00:00:00+00:00
[2024-05-28T09:10:16.096+0000] {processor.py:183} INFO - Processing /home/airflow/.local/lib/python3.12/site-packages/airflow/example_dags/example_task_group.py took 0.055 seconds
[2024-05-28T09:10:46.118+0000] {processor.py:161} INFO - Started process (PID=368) to work on /home/airflow/.local/lib/python3.12/site-packages/airflow/example_dags/example_task_group.py
[2024-05-28T09:10:46.118+0000] {processor.py:830} INFO - Processing file /home/airflow/.local/lib/python3.12/site-packages/airflow/example_dags/example_task_group.py for tasks to queue
[2024-05-28T09:10:46.119+0000] {logging_mixin.py:188} INFO - [2024-05-28T09:10:46.119+0000] {dagbag.py:545} INFO - Filling up the DagBag from /home/airflow/.local/lib/python3.12/site-packages/airflow/example_dags/example_task_group.py
[2024-05-28T09:10:46.123+0000] {processor.py:840} INFO - DAG(s) 'example_task_group' retrieved from /home/airflow/.local/lib/python3.12/site-packages/airflow/example_dags/example_task_group.py
[2024-05-28T09:10:46.135+0000] {logging_mixin.py:188} INFO - [2024-05-28T09:10:46.135+0000] {dag.py:3096} INFO - Sync 1 DAGs
[2024-05-28T09:10:46.148+0000] {logging_mixin.py:188} INFO - [2024-05-28T09:10:46.148+0000] {dag.py:3954} INFO - Setting next_dagrun for example_task_group to 2024-05-27 00:00:00+00:00, run_after=2024-05-28 00:00:00+00:00
[2024-05-28T09:10:46.159+0000] {processor.py:183} INFO - Processing /home/airflow/.local/lib/python3.12/site-packages/airflow/example_dags/example_task_group.py took 0.045 seconds
[2024-05-28T09:11:16.627+0000] {processor.py:161} INFO - Started process (PID=428) to work on /home/airflow/.local/lib/python3.12/site-packages/airflow/example_dags/example_task_group.py
[2024-05-28T09:11:16.628+0000] {processor.py:830} INFO - Processing file /home/airflow/.local/lib/python3.12/site-packages/airflow/example_dags/example_task_group.py for tasks to queue
[2024-05-28T09:11:16.629+0000] {logging_mixin.py:188} INFO - [2024-05-28T09:11:16.628+0000] {dagbag.py:545} INFO - Filling up the DagBag from /home/airflow/.local/lib/python3.12/site-packages/airflow/example_dags/example_task_group.py
[2024-05-28T09:11:16.632+0000] {processor.py:840} INFO - DAG(s) 'example_task_group' retrieved from /home/airflow/.local/lib/python3.12/site-packages/airflow/example_dags/example_task_group.py
[2024-05-28T09:11:16.647+0000] {logging_mixin.py:188} INFO - [2024-05-28T09:11:16.647+0000] {dag.py:3096} INFO - Sync 1 DAGs
[2024-05-28T09:11:16.661+0000] {logging_mixin.py:188} INFO - [2024-05-28T09:11:16.661+0000] {dag.py:3954} INFO - Setting next_dagrun for example_task_group to 2024-05-27 00:00:00+00:00, run_after=2024-05-28 00:00:00+00:00
[2024-05-28T09:11:16.674+0000] {processor.py:183} INFO - Processing /home/airflow/.local/lib/python3.12/site-packages/airflow/example_dags/example_task_group.py took 0.051 seconds
