[2024-05-28T08:06:24.161+0000] {processor.py:161} INFO - Started process (PID=45) to work on /home/airflow/.local/lib/python3.12/site-packages/airflow/example_dags/example_dag_decorator.py
[2024-05-28T08:06:24.161+0000] {processor.py:830} INFO - Processing file /home/airflow/.local/lib/python3.12/site-packages/airflow/example_dags/example_dag_decorator.py for tasks to queue
[2024-05-28T08:06:24.162+0000] {logging_mixin.py:188} INFO - [2024-05-28T08:06:24.162+0000] {dagbag.py:545} INFO - Filling up the DagBag from /home/airflow/.local/lib/python3.12/site-packages/airflow/example_dags/example_dag_decorator.py
[2024-05-28T08:06:24.317+0000] {processor.py:840} INFO - DAG(s) 'example_dag_decorator' retrieved from /home/airflow/.local/lib/python3.12/site-packages/airflow/example_dags/example_dag_decorator.py
[2024-05-28T08:06:24.390+0000] {logging_mixin.py:188} INFO - [2024-05-28T08:06:24.389+0000] {override.py:1829} INFO - Created Permission View: can edit on DAG:example_dag_decorator
[2024-05-28T08:06:24.397+0000] {logging_mixin.py:188} INFO - [2024-05-28T08:06:24.397+0000] {override.py:1829} INFO - Created Permission View: can delete on DAG:example_dag_decorator
[2024-05-28T08:06:24.402+0000] {logging_mixin.py:188} INFO - [2024-05-28T08:06:24.402+0000] {override.py:1829} INFO - Created Permission View: can read on DAG:example_dag_decorator
[2024-05-28T08:06:24.403+0000] {logging_mixin.py:188} INFO - [2024-05-28T08:06:24.403+0000] {dag.py:3096} INFO - Sync 1 DAGs
[2024-05-28T08:06:24.410+0000] {logging_mixin.py:188} INFO - [2024-05-28T08:06:24.410+0000] {dag.py:3118} INFO - Creating ORM DAG for example_dag_decorator
[2024-05-28T08:06:24.410+0000] {logging_mixin.py:188} INFO - [2024-05-28T08:06:24.410+0000] {dag.py:3954} INFO - Setting next_dagrun for example_dag_decorator to None, run_after=None
[2024-05-28T08:06:24.421+0000] {processor.py:183} INFO - Processing /home/airflow/.local/lib/python3.12/site-packages/airflow/example_dags/example_dag_decorator.py took 0.264 seconds
[2024-05-28T08:06:54.506+0000] {processor.py:161} INFO - Started process (PID=103) to work on /home/airflow/.local/lib/python3.12/site-packages/airflow/example_dags/example_dag_decorator.py
[2024-05-28T08:06:54.507+0000] {processor.py:830} INFO - Processing file /home/airflow/.local/lib/python3.12/site-packages/airflow/example_dags/example_dag_decorator.py for tasks to queue
[2024-05-28T08:06:54.508+0000] {logging_mixin.py:188} INFO - [2024-05-28T08:06:54.508+0000] {dagbag.py:545} INFO - Filling up the DagBag from /home/airflow/.local/lib/python3.12/site-packages/airflow/example_dags/example_dag_decorator.py
[2024-05-28T08:06:54.561+0000] {processor.py:840} INFO - DAG(s) 'example_dag_decorator' retrieved from /home/airflow/.local/lib/python3.12/site-packages/airflow/example_dags/example_dag_decorator.py
[2024-05-28T08:06:54.624+0000] {logging_mixin.py:188} INFO - [2024-05-28T08:06:54.624+0000] {dag.py:3096} INFO - Sync 1 DAGs
[2024-05-28T08:06:54.630+0000] {logging_mixin.py:188} INFO - [2024-05-28T08:06:54.630+0000] {dag.py:3954} INFO - Setting next_dagrun for example_dag_decorator to None, run_after=None
[2024-05-28T08:06:54.643+0000] {processor.py:183} INFO - Processing /home/airflow/.local/lib/python3.12/site-packages/airflow/example_dags/example_dag_decorator.py took 0.140 seconds
[2024-05-28T08:07:25.238+0000] {processor.py:161} INFO - Started process (PID=161) to work on /home/airflow/.local/lib/python3.12/site-packages/airflow/example_dags/example_dag_decorator.py
[2024-05-28T08:07:25.238+0000] {processor.py:830} INFO - Processing file /home/airflow/.local/lib/python3.12/site-packages/airflow/example_dags/example_dag_decorator.py for tasks to queue
[2024-05-28T08:07:25.239+0000] {logging_mixin.py:188} INFO - [2024-05-28T08:07:25.239+0000] {dagbag.py:545} INFO - Filling up the DagBag from /home/airflow/.local/lib/python3.12/site-packages/airflow/example_dags/example_dag_decorator.py
[2024-05-28T08:07:25.292+0000] {processor.py:840} INFO - DAG(s) 'example_dag_decorator' retrieved from /home/airflow/.local/lib/python3.12/site-packages/airflow/example_dags/example_dag_decorator.py
[2024-05-28T08:07:25.352+0000] {logging_mixin.py:188} INFO - [2024-05-28T08:07:25.352+0000] {dag.py:3096} INFO - Sync 1 DAGs
[2024-05-28T08:07:25.358+0000] {logging_mixin.py:188} INFO - [2024-05-28T08:07:25.358+0000] {dag.py:3954} INFO - Setting next_dagrun for example_dag_decorator to None, run_after=None
[2024-05-28T08:07:25.372+0000] {processor.py:183} INFO - Processing /home/airflow/.local/lib/python3.12/site-packages/airflow/example_dags/example_dag_decorator.py took 0.138 seconds
[2024-05-28T08:25:58.375+0000] {processor.py:161} INFO - Started process (PID=46) to work on /home/airflow/.local/lib/python3.12/site-packages/airflow/example_dags/example_dag_decorator.py
[2024-05-28T08:25:58.376+0000] {processor.py:830} INFO - Processing file /home/airflow/.local/lib/python3.12/site-packages/airflow/example_dags/example_dag_decorator.py for tasks to queue
[2024-05-28T08:25:58.377+0000] {logging_mixin.py:188} INFO - [2024-05-28T08:25:58.377+0000] {dagbag.py:545} INFO - Filling up the DagBag from /home/airflow/.local/lib/python3.12/site-packages/airflow/example_dags/example_dag_decorator.py
[2024-05-28T08:25:58.521+0000] {processor.py:840} INFO - DAG(s) 'example_dag_decorator' retrieved from /home/airflow/.local/lib/python3.12/site-packages/airflow/example_dags/example_dag_decorator.py
[2024-05-28T08:25:58.604+0000] {logging_mixin.py:188} INFO - [2024-05-28T08:25:58.603+0000] {override.py:1829} INFO - Created Permission View: can read on DAG:example_dag_decorator
[2024-05-28T08:25:58.616+0000] {logging_mixin.py:188} INFO - [2024-05-28T08:25:58.616+0000] {override.py:1829} INFO - Created Permission View: can edit on DAG:example_dag_decorator
[2024-05-28T08:25:58.623+0000] {logging_mixin.py:188} INFO - [2024-05-28T08:25:58.623+0000] {override.py:1829} INFO - Created Permission View: can delete on DAG:example_dag_decorator
[2024-05-28T08:25:58.624+0000] {logging_mixin.py:188} INFO - [2024-05-28T08:25:58.623+0000] {dag.py:3096} INFO - Sync 1 DAGs
[2024-05-28T08:25:58.633+0000] {logging_mixin.py:188} INFO - [2024-05-28T08:25:58.633+0000] {dag.py:3118} INFO - Creating ORM DAG for example_dag_decorator
[2024-05-28T08:25:58.634+0000] {logging_mixin.py:188} INFO - [2024-05-28T08:25:58.634+0000] {dag.py:3954} INFO - Setting next_dagrun for example_dag_decorator to None, run_after=None
[2024-05-28T08:25:58.645+0000] {processor.py:183} INFO - Processing /home/airflow/.local/lib/python3.12/site-packages/airflow/example_dags/example_dag_decorator.py took 0.275 seconds
[2024-05-28T08:26:28.780+0000] {processor.py:161} INFO - Started process (PID=105) to work on /home/airflow/.local/lib/python3.12/site-packages/airflow/example_dags/example_dag_decorator.py
[2024-05-28T08:26:28.781+0000] {processor.py:830} INFO - Processing file /home/airflow/.local/lib/python3.12/site-packages/airflow/example_dags/example_dag_decorator.py for tasks to queue
[2024-05-28T08:26:28.782+0000] {logging_mixin.py:188} INFO - [2024-05-28T08:26:28.782+0000] {dagbag.py:545} INFO - Filling up the DagBag from /home/airflow/.local/lib/python3.12/site-packages/airflow/example_dags/example_dag_decorator.py
[2024-05-28T08:26:28.834+0000] {processor.py:840} INFO - DAG(s) 'example_dag_decorator' retrieved from /home/airflow/.local/lib/python3.12/site-packages/airflow/example_dags/example_dag_decorator.py
[2024-05-28T08:26:28.898+0000] {logging_mixin.py:188} INFO - [2024-05-28T08:26:28.898+0000] {dag.py:3096} INFO - Sync 1 DAGs
[2024-05-28T08:26:28.905+0000] {logging_mixin.py:188} INFO - [2024-05-28T08:26:28.905+0000] {dag.py:3954} INFO - Setting next_dagrun for example_dag_decorator to None, run_after=None
[2024-05-28T08:26:28.918+0000] {processor.py:183} INFO - Processing /home/airflow/.local/lib/python3.12/site-packages/airflow/example_dags/example_dag_decorator.py took 0.141 seconds
[2024-05-28T08:26:59.432+0000] {processor.py:161} INFO - Started process (PID=164) to work on /home/airflow/.local/lib/python3.12/site-packages/airflow/example_dags/example_dag_decorator.py
[2024-05-28T08:26:59.433+0000] {processor.py:830} INFO - Processing file /home/airflow/.local/lib/python3.12/site-packages/airflow/example_dags/example_dag_decorator.py for tasks to queue
[2024-05-28T08:26:59.434+0000] {logging_mixin.py:188} INFO - [2024-05-28T08:26:59.434+0000] {dagbag.py:545} INFO - Filling up the DagBag from /home/airflow/.local/lib/python3.12/site-packages/airflow/example_dags/example_dag_decorator.py
[2024-05-28T08:26:59.485+0000] {processor.py:840} INFO - DAG(s) 'example_dag_decorator' retrieved from /home/airflow/.local/lib/python3.12/site-packages/airflow/example_dags/example_dag_decorator.py
[2024-05-28T08:26:59.552+0000] {logging_mixin.py:188} INFO - [2024-05-28T08:26:59.552+0000] {dag.py:3096} INFO - Sync 1 DAGs
[2024-05-28T08:26:59.558+0000] {logging_mixin.py:188} INFO - [2024-05-28T08:26:59.558+0000] {dag.py:3954} INFO - Setting next_dagrun for example_dag_decorator to None, run_after=None
[2024-05-28T08:26:59.573+0000] {processor.py:183} INFO - Processing /home/airflow/.local/lib/python3.12/site-packages/airflow/example_dags/example_dag_decorator.py took 0.145 seconds
[2024-05-28T08:27:29.682+0000] {processor.py:161} INFO - Started process (PID=223) to work on /home/airflow/.local/lib/python3.12/site-packages/airflow/example_dags/example_dag_decorator.py
[2024-05-28T08:27:29.686+0000] {processor.py:830} INFO - Processing file /home/airflow/.local/lib/python3.12/site-packages/airflow/example_dags/example_dag_decorator.py for tasks to queue
[2024-05-28T08:27:29.687+0000] {logging_mixin.py:188} INFO - [2024-05-28T08:27:29.687+0000] {dagbag.py:545} INFO - Filling up the DagBag from /home/airflow/.local/lib/python3.12/site-packages/airflow/example_dags/example_dag_decorator.py
[2024-05-28T08:27:29.748+0000] {processor.py:840} INFO - DAG(s) 'example_dag_decorator' retrieved from /home/airflow/.local/lib/python3.12/site-packages/airflow/example_dags/example_dag_decorator.py
[2024-05-28T08:54:22.151+0000] {processor.py:161} INFO - Started process (PID=46) to work on /home/airflow/.local/lib/python3.12/site-packages/airflow/example_dags/example_dag_decorator.py
[2024-05-28T08:54:22.153+0000] {processor.py:830} INFO - Processing file /home/airflow/.local/lib/python3.12/site-packages/airflow/example_dags/example_dag_decorator.py for tasks to queue
[2024-05-28T08:54:22.155+0000] {logging_mixin.py:188} INFO - [2024-05-28T08:54:22.154+0000] {dagbag.py:545} INFO - Filling up the DagBag from /home/airflow/.local/lib/python3.12/site-packages/airflow/example_dags/example_dag_decorator.py
[2024-05-28T08:54:22.307+0000] {processor.py:840} INFO - DAG(s) 'example_dag_decorator' retrieved from /home/airflow/.local/lib/python3.12/site-packages/airflow/example_dags/example_dag_decorator.py
[2024-05-28T08:54:22.385+0000] {logging_mixin.py:188} INFO - [2024-05-28T08:54:22.385+0000] {override.py:1829} INFO - Created Permission View: can delete on DAG:example_dag_decorator
[2024-05-28T08:54:22.393+0000] {logging_mixin.py:188} INFO - [2024-05-28T08:54:22.393+0000] {override.py:1829} INFO - Created Permission View: can edit on DAG:example_dag_decorator
[2024-05-28T08:54:22.399+0000] {logging_mixin.py:188} INFO - [2024-05-28T08:54:22.399+0000] {override.py:1829} INFO - Created Permission View: can read on DAG:example_dag_decorator
[2024-05-28T08:54:22.399+0000] {logging_mixin.py:188} INFO - [2024-05-28T08:54:22.399+0000] {dag.py:3096} INFO - Sync 1 DAGs
[2024-05-28T08:54:22.408+0000] {logging_mixin.py:188} INFO - [2024-05-28T08:54:22.408+0000] {dag.py:3118} INFO - Creating ORM DAG for example_dag_decorator
[2024-05-28T08:54:22.408+0000] {logging_mixin.py:188} INFO - [2024-05-28T08:54:22.408+0000] {dag.py:3954} INFO - Setting next_dagrun for example_dag_decorator to None, run_after=None
[2024-05-28T08:54:22.419+0000] {processor.py:183} INFO - Processing /home/airflow/.local/lib/python3.12/site-packages/airflow/example_dags/example_dag_decorator.py took 0.272 seconds
[2024-05-28T08:54:52.514+0000] {processor.py:161} INFO - Started process (PID=105) to work on /home/airflow/.local/lib/python3.12/site-packages/airflow/example_dags/example_dag_decorator.py
[2024-05-28T08:54:52.515+0000] {processor.py:830} INFO - Processing file /home/airflow/.local/lib/python3.12/site-packages/airflow/example_dags/example_dag_decorator.py for tasks to queue
[2024-05-28T08:54:52.516+0000] {logging_mixin.py:188} INFO - [2024-05-28T08:54:52.516+0000] {dagbag.py:545} INFO - Filling up the DagBag from /home/airflow/.local/lib/python3.12/site-packages/airflow/example_dags/example_dag_decorator.py
[2024-05-28T08:54:52.569+0000] {processor.py:840} INFO - DAG(s) 'example_dag_decorator' retrieved from /home/airflow/.local/lib/python3.12/site-packages/airflow/example_dags/example_dag_decorator.py
[2024-05-28T08:54:52.582+0000] {logging_mixin.py:188} INFO - [2024-05-28T08:54:52.582+0000] {dag.py:3096} INFO - Sync 1 DAGs
[2024-05-28T08:54:52.589+0000] {logging_mixin.py:188} INFO - [2024-05-28T08:54:52.589+0000] {dag.py:3954} INFO - Setting next_dagrun for example_dag_decorator to None, run_after=None
[2024-05-28T08:54:52.600+0000] {processor.py:183} INFO - Processing /home/airflow/.local/lib/python3.12/site-packages/airflow/example_dags/example_dag_decorator.py took 0.088 seconds
[2024-05-28T08:55:23.206+0000] {processor.py:161} INFO - Started process (PID=164) to work on /home/airflow/.local/lib/python3.12/site-packages/airflow/example_dags/example_dag_decorator.py
[2024-05-28T08:55:23.206+0000] {processor.py:830} INFO - Processing file /home/airflow/.local/lib/python3.12/site-packages/airflow/example_dags/example_dag_decorator.py for tasks to queue
[2024-05-28T08:55:23.207+0000] {logging_mixin.py:188} INFO - [2024-05-28T08:55:23.207+0000] {dagbag.py:545} INFO - Filling up the DagBag from /home/airflow/.local/lib/python3.12/site-packages/airflow/example_dags/example_dag_decorator.py
[2024-05-28T08:55:23.259+0000] {processor.py:840} INFO - DAG(s) 'example_dag_decorator' retrieved from /home/airflow/.local/lib/python3.12/site-packages/airflow/example_dags/example_dag_decorator.py
[2024-05-28T08:55:23.274+0000] {logging_mixin.py:188} INFO - [2024-05-28T08:55:23.273+0000] {dag.py:3096} INFO - Sync 1 DAGs
[2024-05-28T08:55:23.281+0000] {logging_mixin.py:188} INFO - [2024-05-28T08:55:23.281+0000] {dag.py:3954} INFO - Setting next_dagrun for example_dag_decorator to None, run_after=None
[2024-05-28T08:55:23.291+0000] {processor.py:183} INFO - Processing /home/airflow/.local/lib/python3.12/site-packages/airflow/example_dags/example_dag_decorator.py took 0.089 seconds
[2024-05-28T09:08:11.247+0000] {processor.py:161} INFO - Started process (PID=47) to work on /home/airflow/.local/lib/python3.12/site-packages/airflow/example_dags/example_dag_decorator.py
[2024-05-28T09:08:11.249+0000] {processor.py:830} INFO - Processing file /home/airflow/.local/lib/python3.12/site-packages/airflow/example_dags/example_dag_decorator.py for tasks to queue
[2024-05-28T09:08:11.250+0000] {logging_mixin.py:188} INFO - [2024-05-28T09:08:11.250+0000] {dagbag.py:545} INFO - Filling up the DagBag from /home/airflow/.local/lib/python3.12/site-packages/airflow/example_dags/example_dag_decorator.py
[2024-05-28T09:08:11.428+0000] {processor.py:840} INFO - DAG(s) 'example_dag_decorator' retrieved from /home/airflow/.local/lib/python3.12/site-packages/airflow/example_dags/example_dag_decorator.py
[2024-05-28T09:08:11.504+0000] {logging_mixin.py:188} INFO - [2024-05-28T09:08:11.503+0000] {override.py:1829} INFO - Created Permission View: can edit on DAG:example_dag_decorator
[2024-05-28T09:08:11.511+0000] {logging_mixin.py:188} INFO - [2024-05-28T09:08:11.511+0000] {override.py:1829} INFO - Created Permission View: can delete on DAG:example_dag_decorator
[2024-05-28T09:08:11.518+0000] {logging_mixin.py:188} INFO - [2024-05-28T09:08:11.518+0000] {override.py:1829} INFO - Created Permission View: can read on DAG:example_dag_decorator
[2024-05-28T09:08:11.519+0000] {logging_mixin.py:188} INFO - [2024-05-28T09:08:11.519+0000] {dag.py:3096} INFO - Sync 1 DAGs
[2024-05-28T09:08:11.526+0000] {logging_mixin.py:188} INFO - [2024-05-28T09:08:11.526+0000] {dag.py:3118} INFO - Creating ORM DAG for example_dag_decorator
[2024-05-28T09:08:11.527+0000] {logging_mixin.py:188} INFO - [2024-05-28T09:08:11.527+0000] {dag.py:3954} INFO - Setting next_dagrun for example_dag_decorator to None, run_after=None
[2024-05-28T09:08:11.541+0000] {processor.py:183} INFO - Processing /home/airflow/.local/lib/python3.12/site-packages/airflow/example_dags/example_dag_decorator.py took 0.299 seconds
[2024-05-28T09:08:42.130+0000] {processor.py:161} INFO - Started process (PID=107) to work on /home/airflow/.local/lib/python3.12/site-packages/airflow/example_dags/example_dag_decorator.py
[2024-05-28T09:08:42.131+0000] {processor.py:830} INFO - Processing file /home/airflow/.local/lib/python3.12/site-packages/airflow/example_dags/example_dag_decorator.py for tasks to queue
[2024-05-28T09:08:42.132+0000] {logging_mixin.py:188} INFO - [2024-05-28T09:08:42.132+0000] {dagbag.py:545} INFO - Filling up the DagBag from /home/airflow/.local/lib/python3.12/site-packages/airflow/example_dags/example_dag_decorator.py
[2024-05-28T09:08:42.184+0000] {processor.py:840} INFO - DAG(s) 'example_dag_decorator' retrieved from /home/airflow/.local/lib/python3.12/site-packages/airflow/example_dags/example_dag_decorator.py
[2024-05-28T09:08:42.251+0000] {logging_mixin.py:188} INFO - [2024-05-28T09:08:42.251+0000] {dag.py:3096} INFO - Sync 1 DAGs
[2024-05-28T09:08:42.258+0000] {logging_mixin.py:188} INFO - [2024-05-28T09:08:42.258+0000] {dag.py:3954} INFO - Setting next_dagrun for example_dag_decorator to None, run_after=None
[2024-05-28T09:08:42.274+0000] {processor.py:183} INFO - Processing /home/airflow/.local/lib/python3.12/site-packages/airflow/example_dags/example_dag_decorator.py took 0.147 seconds
[2024-05-28T09:09:13.264+0000] {processor.py:161} INFO - Started process (PID=166) to work on /home/airflow/.local/lib/python3.12/site-packages/airflow/example_dags/example_dag_decorator.py
[2024-05-28T09:09:13.266+0000] {processor.py:830} INFO - Processing file /home/airflow/.local/lib/python3.12/site-packages/airflow/example_dags/example_dag_decorator.py for tasks to queue
[2024-05-28T09:09:13.267+0000] {logging_mixin.py:188} INFO - [2024-05-28T09:09:13.267+0000] {dagbag.py:545} INFO - Filling up the DagBag from /home/airflow/.local/lib/python3.12/site-packages/airflow/example_dags/example_dag_decorator.py
[2024-05-28T09:09:13.320+0000] {processor.py:840} INFO - DAG(s) 'example_dag_decorator' retrieved from /home/airflow/.local/lib/python3.12/site-packages/airflow/example_dags/example_dag_decorator.py
[2024-05-28T09:09:13.383+0000] {logging_mixin.py:188} INFO - [2024-05-28T09:09:13.382+0000] {dag.py:3096} INFO - Sync 1 DAGs
[2024-05-28T09:09:13.388+0000] {logging_mixin.py:188} INFO - [2024-05-28T09:09:13.388+0000] {dag.py:3954} INFO - Setting next_dagrun for example_dag_decorator to None, run_after=None
[2024-05-28T09:09:13.402+0000] {processor.py:183} INFO - Processing /home/airflow/.local/lib/python3.12/site-packages/airflow/example_dags/example_dag_decorator.py took 0.142 seconds
[2024-05-28T09:09:44.390+0000] {processor.py:161} INFO - Started process (PID=226) to work on /home/airflow/.local/lib/python3.12/site-packages/airflow/example_dags/example_dag_decorator.py
[2024-05-28T09:09:44.391+0000] {processor.py:830} INFO - Processing file /home/airflow/.local/lib/python3.12/site-packages/airflow/example_dags/example_dag_decorator.py for tasks to queue
[2024-05-28T09:09:44.393+0000] {logging_mixin.py:188} INFO - [2024-05-28T09:09:44.393+0000] {dagbag.py:545} INFO - Filling up the DagBag from /home/airflow/.local/lib/python3.12/site-packages/airflow/example_dags/example_dag_decorator.py
[2024-05-28T09:09:44.444+0000] {processor.py:840} INFO - DAG(s) 'example_dag_decorator' retrieved from /home/airflow/.local/lib/python3.12/site-packages/airflow/example_dags/example_dag_decorator.py
[2024-05-28T09:09:44.510+0000] {logging_mixin.py:188} INFO - [2024-05-28T09:09:44.509+0000] {dag.py:3096} INFO - Sync 1 DAGs
[2024-05-28T09:09:44.517+0000] {logging_mixin.py:188} INFO - [2024-05-28T09:09:44.517+0000] {dag.py:3954} INFO - Setting next_dagrun for example_dag_decorator to None, run_after=None
[2024-05-28T09:09:44.533+0000] {processor.py:183} INFO - Processing /home/airflow/.local/lib/python3.12/site-packages/airflow/example_dags/example_dag_decorator.py took 0.147 seconds
[2024-05-28T09:10:15.067+0000] {processor.py:161} INFO - Started process (PID=286) to work on /home/airflow/.local/lib/python3.12/site-packages/airflow/example_dags/example_dag_decorator.py
[2024-05-28T09:10:15.069+0000] {processor.py:830} INFO - Processing file /home/airflow/.local/lib/python3.12/site-packages/airflow/example_dags/example_dag_decorator.py for tasks to queue
[2024-05-28T09:10:15.070+0000] {logging_mixin.py:188} INFO - [2024-05-28T09:10:15.070+0000] {dagbag.py:545} INFO - Filling up the DagBag from /home/airflow/.local/lib/python3.12/site-packages/airflow/example_dags/example_dag_decorator.py
[2024-05-28T09:10:15.123+0000] {processor.py:840} INFO - DAG(s) 'example_dag_decorator' retrieved from /home/airflow/.local/lib/python3.12/site-packages/airflow/example_dags/example_dag_decorator.py
[2024-05-28T09:10:15.185+0000] {logging_mixin.py:188} INFO - [2024-05-28T09:10:15.185+0000] {dag.py:3096} INFO - Sync 1 DAGs
[2024-05-28T09:10:15.191+0000] {logging_mixin.py:188} INFO - [2024-05-28T09:10:15.191+0000] {dag.py:3954} INFO - Setting next_dagrun for example_dag_decorator to None, run_after=None
[2024-05-28T09:10:15.204+0000] {processor.py:183} INFO - Processing /home/airflow/.local/lib/python3.12/site-packages/airflow/example_dags/example_dag_decorator.py took 0.140 seconds
[2024-05-28T09:10:45.242+0000] {processor.py:161} INFO - Started process (PID=345) to work on /home/airflow/.local/lib/python3.12/site-packages/airflow/example_dags/example_dag_decorator.py
[2024-05-28T09:10:45.243+0000] {processor.py:830} INFO - Processing file /home/airflow/.local/lib/python3.12/site-packages/airflow/example_dags/example_dag_decorator.py for tasks to queue
[2024-05-28T09:10:45.244+0000] {logging_mixin.py:188} INFO - [2024-05-28T09:10:45.244+0000] {dagbag.py:545} INFO - Filling up the DagBag from /home/airflow/.local/lib/python3.12/site-packages/airflow/example_dags/example_dag_decorator.py
[2024-05-28T09:10:45.295+0000] {processor.py:840} INFO - DAG(s) 'example_dag_decorator' retrieved from /home/airflow/.local/lib/python3.12/site-packages/airflow/example_dags/example_dag_decorator.py
[2024-05-28T09:10:45.358+0000] {logging_mixin.py:188} INFO - [2024-05-28T09:10:45.358+0000] {dag.py:3096} INFO - Sync 1 DAGs
[2024-05-28T09:10:45.365+0000] {logging_mixin.py:188} INFO - [2024-05-28T09:10:45.365+0000] {dag.py:3954} INFO - Setting next_dagrun for example_dag_decorator to None, run_after=None
[2024-05-28T09:10:45.380+0000] {processor.py:183} INFO - Processing /home/airflow/.local/lib/python3.12/site-packages/airflow/example_dags/example_dag_decorator.py took 0.144 seconds
[2024-05-28T09:11:15.424+0000] {processor.py:161} INFO - Started process (PID=405) to work on /home/airflow/.local/lib/python3.12/site-packages/airflow/example_dags/example_dag_decorator.py
[2024-05-28T09:11:15.425+0000] {processor.py:830} INFO - Processing file /home/airflow/.local/lib/python3.12/site-packages/airflow/example_dags/example_dag_decorator.py for tasks to queue
[2024-05-28T09:11:15.427+0000] {logging_mixin.py:188} INFO - [2024-05-28T09:11:15.427+0000] {dagbag.py:545} INFO - Filling up the DagBag from /home/airflow/.local/lib/python3.12/site-packages/airflow/example_dags/example_dag_decorator.py
[2024-05-28T09:11:15.478+0000] {processor.py:840} INFO - DAG(s) 'example_dag_decorator' retrieved from /home/airflow/.local/lib/python3.12/site-packages/airflow/example_dags/example_dag_decorator.py
[2024-05-28T09:11:15.542+0000] {logging_mixin.py:188} INFO - [2024-05-28T09:11:15.542+0000] {dag.py:3096} INFO - Sync 1 DAGs
[2024-05-28T09:11:15.549+0000] {logging_mixin.py:188} INFO - [2024-05-28T09:11:15.549+0000] {dag.py:3954} INFO - Setting next_dagrun for example_dag_decorator to None, run_after=None
[2024-05-28T09:11:15.564+0000] {processor.py:183} INFO - Processing /home/airflow/.local/lib/python3.12/site-packages/airflow/example_dags/example_dag_decorator.py took 0.144 seconds
