[2024-05-28T08:06:26.009+0000] {processor.py:161} INFO - Started process (PID=68) to work on /home/airflow/.local/lib/python3.12/site-packages/airflow/example_dags/tutorial_dag.py
[2024-05-28T08:06:26.009+0000] {processor.py:830} INFO - Processing file /home/airflow/.local/lib/python3.12/site-packages/airflow/example_dags/tutorial_dag.py for tasks to queue
[2024-05-28T08:06:26.010+0000] {logging_mixin.py:188} INFO - [2024-05-28T08:06:26.010+0000] {dagbag.py:545} INFO - Filling up the DagBag from /home/airflow/.local/lib/python3.12/site-packages/airflow/example_dags/tutorial_dag.py
[2024-05-28T08:06:26.015+0000] {processor.py:840} INFO - DAG(s) 'tutorial_dag' retrieved from /home/airflow/.local/lib/python3.12/site-packages/airflow/example_dags/tutorial_dag.py
[2024-05-28T08:06:26.080+0000] {logging_mixin.py:188} INFO - [2024-05-28T08:06:26.079+0000] {override.py:1829} INFO - Created Permission View: can edit on DAG:tutorial_dag
[2024-05-28T08:06:26.087+0000] {logging_mixin.py:188} INFO - [2024-05-28T08:06:26.087+0000] {override.py:1829} INFO - Created Permission View: can delete on DAG:tutorial_dag
[2024-05-28T08:06:26.092+0000] {logging_mixin.py:188} INFO - [2024-05-28T08:06:26.091+0000] {override.py:1829} INFO - Created Permission View: can read on DAG:tutorial_dag
[2024-05-28T08:06:26.092+0000] {logging_mixin.py:188} INFO - [2024-05-28T08:06:26.092+0000] {dag.py:3096} INFO - Sync 1 DAGs
[2024-05-28T08:06:26.098+0000] {logging_mixin.py:188} INFO - [2024-05-28T08:06:26.098+0000] {dag.py:3118} INFO - Creating ORM DAG for tutorial_dag
[2024-05-28T08:06:26.099+0000] {logging_mixin.py:188} INFO - [2024-05-28T08:06:26.098+0000] {dag.py:3954} INFO - Setting next_dagrun for tutorial_dag to None, run_after=None
[2024-05-28T08:06:26.109+0000] {processor.py:183} INFO - Processing /home/airflow/.local/lib/python3.12/site-packages/airflow/example_dags/tutorial_dag.py took 0.103 seconds
[2024-05-28T08:06:56.247+0000] {processor.py:161} INFO - Started process (PID=125) to work on /home/airflow/.local/lib/python3.12/site-packages/airflow/example_dags/tutorial_dag.py
[2024-05-28T08:06:56.248+0000] {processor.py:830} INFO - Processing file /home/airflow/.local/lib/python3.12/site-packages/airflow/example_dags/tutorial_dag.py for tasks to queue
[2024-05-28T08:06:56.249+0000] {logging_mixin.py:188} INFO - [2024-05-28T08:06:56.249+0000] {dagbag.py:545} INFO - Filling up the DagBag from /home/airflow/.local/lib/python3.12/site-packages/airflow/example_dags/tutorial_dag.py
[2024-05-28T08:06:56.252+0000] {processor.py:840} INFO - DAG(s) 'tutorial_dag' retrieved from /home/airflow/.local/lib/python3.12/site-packages/airflow/example_dags/tutorial_dag.py
[2024-05-28T08:06:56.264+0000] {logging_mixin.py:188} INFO - [2024-05-28T08:06:56.264+0000] {dag.py:3096} INFO - Sync 1 DAGs
[2024-05-28T08:06:56.272+0000] {logging_mixin.py:188} INFO - [2024-05-28T08:06:56.272+0000] {dag.py:3954} INFO - Setting next_dagrun for tutorial_dag to None, run_after=None
[2024-05-28T08:06:56.284+0000] {processor.py:183} INFO - Processing /home/airflow/.local/lib/python3.12/site-packages/airflow/example_dags/tutorial_dag.py took 0.041 seconds
[2024-05-28T08:07:27.051+0000] {processor.py:161} INFO - Started process (PID=184) to work on /home/airflow/.local/lib/python3.12/site-packages/airflow/example_dags/tutorial_dag.py
[2024-05-28T08:07:27.052+0000] {processor.py:830} INFO - Processing file /home/airflow/.local/lib/python3.12/site-packages/airflow/example_dags/tutorial_dag.py for tasks to queue
[2024-05-28T08:07:27.053+0000] {logging_mixin.py:188} INFO - [2024-05-28T08:07:27.053+0000] {dagbag.py:545} INFO - Filling up the DagBag from /home/airflow/.local/lib/python3.12/site-packages/airflow/example_dags/tutorial_dag.py
[2024-05-28T08:07:27.056+0000] {processor.py:840} INFO - DAG(s) 'tutorial_dag' retrieved from /home/airflow/.local/lib/python3.12/site-packages/airflow/example_dags/tutorial_dag.py
[2024-05-28T08:07:27.070+0000] {logging_mixin.py:188} INFO - [2024-05-28T08:07:27.070+0000] {dag.py:3096} INFO - Sync 1 DAGs
[2024-05-28T08:07:27.079+0000] {logging_mixin.py:188} INFO - [2024-05-28T08:07:27.078+0000] {dag.py:3954} INFO - Setting next_dagrun for tutorial_dag to None, run_after=None
[2024-05-28T08:07:27.092+0000] {processor.py:183} INFO - Processing /home/airflow/.local/lib/python3.12/site-packages/airflow/example_dags/tutorial_dag.py took 0.044 seconds
[2024-05-28T08:26:00.211+0000] {processor.py:161} INFO - Started process (PID=69) to work on /home/airflow/.local/lib/python3.12/site-packages/airflow/example_dags/tutorial_dag.py
[2024-05-28T08:26:00.212+0000] {processor.py:830} INFO - Processing file /home/airflow/.local/lib/python3.12/site-packages/airflow/example_dags/tutorial_dag.py for tasks to queue
[2024-05-28T08:26:00.213+0000] {logging_mixin.py:188} INFO - [2024-05-28T08:26:00.213+0000] {dagbag.py:545} INFO - Filling up the DagBag from /home/airflow/.local/lib/python3.12/site-packages/airflow/example_dags/tutorial_dag.py
[2024-05-28T08:26:00.217+0000] {processor.py:840} INFO - DAG(s) 'tutorial_dag' retrieved from /home/airflow/.local/lib/python3.12/site-packages/airflow/example_dags/tutorial_dag.py
[2024-05-28T08:26:00.283+0000] {logging_mixin.py:188} INFO - [2024-05-28T08:26:00.283+0000] {override.py:1829} INFO - Created Permission View: can read on DAG:tutorial_dag
[2024-05-28T08:26:00.289+0000] {logging_mixin.py:188} INFO - [2024-05-28T08:26:00.289+0000] {override.py:1829} INFO - Created Permission View: can edit on DAG:tutorial_dag
[2024-05-28T08:26:00.294+0000] {logging_mixin.py:188} INFO - [2024-05-28T08:26:00.294+0000] {override.py:1829} INFO - Created Permission View: can delete on DAG:tutorial_dag
[2024-05-28T08:26:00.294+0000] {logging_mixin.py:188} INFO - [2024-05-28T08:26:00.294+0000] {dag.py:3096} INFO - Sync 1 DAGs
[2024-05-28T08:26:00.301+0000] {logging_mixin.py:188} INFO - [2024-05-28T08:26:00.301+0000] {dag.py:3118} INFO - Creating ORM DAG for tutorial_dag
[2024-05-28T08:26:00.301+0000] {logging_mixin.py:188} INFO - [2024-05-28T08:26:00.301+0000] {dag.py:3954} INFO - Setting next_dagrun for tutorial_dag to None, run_after=None
[2024-05-28T08:26:00.312+0000] {processor.py:183} INFO - Processing /home/airflow/.local/lib/python3.12/site-packages/airflow/example_dags/tutorial_dag.py took 0.105 seconds
[2024-05-28T08:26:30.533+0000] {processor.py:161} INFO - Started process (PID=128) to work on /home/airflow/.local/lib/python3.12/site-packages/airflow/example_dags/tutorial_dag.py
[2024-05-28T08:26:30.533+0000] {processor.py:830} INFO - Processing file /home/airflow/.local/lib/python3.12/site-packages/airflow/example_dags/tutorial_dag.py for tasks to queue
[2024-05-28T08:26:30.534+0000] {logging_mixin.py:188} INFO - [2024-05-28T08:26:30.534+0000] {dagbag.py:545} INFO - Filling up the DagBag from /home/airflow/.local/lib/python3.12/site-packages/airflow/example_dags/tutorial_dag.py
[2024-05-28T08:26:30.537+0000] {processor.py:840} INFO - DAG(s) 'tutorial_dag' retrieved from /home/airflow/.local/lib/python3.12/site-packages/airflow/example_dags/tutorial_dag.py
[2024-05-28T08:26:30.549+0000] {logging_mixin.py:188} INFO - [2024-05-28T08:26:30.549+0000] {dag.py:3096} INFO - Sync 1 DAGs
[2024-05-28T08:26:30.556+0000] {logging_mixin.py:188} INFO - [2024-05-28T08:26:30.556+0000] {dag.py:3954} INFO - Setting next_dagrun for tutorial_dag to None, run_after=None
[2024-05-28T08:26:30.568+0000] {processor.py:183} INFO - Processing /home/airflow/.local/lib/python3.12/site-packages/airflow/example_dags/tutorial_dag.py took 0.039 seconds
[2024-05-28T08:27:01.362+0000] {processor.py:161} INFO - Started process (PID=187) to work on /home/airflow/.local/lib/python3.12/site-packages/airflow/example_dags/tutorial_dag.py
[2024-05-28T08:27:01.363+0000] {processor.py:830} INFO - Processing file /home/airflow/.local/lib/python3.12/site-packages/airflow/example_dags/tutorial_dag.py for tasks to queue
[2024-05-28T08:27:01.364+0000] {logging_mixin.py:188} INFO - [2024-05-28T08:27:01.364+0000] {dagbag.py:545} INFO - Filling up the DagBag from /home/airflow/.local/lib/python3.12/site-packages/airflow/example_dags/tutorial_dag.py
[2024-05-28T08:27:01.367+0000] {processor.py:840} INFO - DAG(s) 'tutorial_dag' retrieved from /home/airflow/.local/lib/python3.12/site-packages/airflow/example_dags/tutorial_dag.py
[2024-05-28T08:27:01.380+0000] {logging_mixin.py:188} INFO - [2024-05-28T08:27:01.380+0000] {dag.py:3096} INFO - Sync 1 DAGs
[2024-05-28T08:27:01.387+0000] {logging_mixin.py:188} INFO - [2024-05-28T08:27:01.387+0000] {dag.py:3954} INFO - Setting next_dagrun for tutorial_dag to None, run_after=None
[2024-05-28T08:27:01.399+0000] {processor.py:183} INFO - Processing /home/airflow/.local/lib/python3.12/site-packages/airflow/example_dags/tutorial_dag.py took 0.040 seconds
[2024-05-28T08:54:23.988+0000] {processor.py:161} INFO - Started process (PID=69) to work on /home/airflow/.local/lib/python3.12/site-packages/airflow/example_dags/tutorial_dag.py
[2024-05-28T08:54:23.988+0000] {processor.py:830} INFO - Processing file /home/airflow/.local/lib/python3.12/site-packages/airflow/example_dags/tutorial_dag.py for tasks to queue
[2024-05-28T08:54:23.989+0000] {logging_mixin.py:188} INFO - [2024-05-28T08:54:23.989+0000] {dagbag.py:545} INFO - Filling up the DagBag from /home/airflow/.local/lib/python3.12/site-packages/airflow/example_dags/tutorial_dag.py
[2024-05-28T08:54:23.993+0000] {processor.py:840} INFO - DAG(s) 'tutorial_dag' retrieved from /home/airflow/.local/lib/python3.12/site-packages/airflow/example_dags/tutorial_dag.py
[2024-05-28T08:54:24.055+0000] {logging_mixin.py:188} INFO - [2024-05-28T08:54:24.054+0000] {override.py:1829} INFO - Created Permission View: can delete on DAG:tutorial_dag
[2024-05-28T08:54:24.060+0000] {logging_mixin.py:188} INFO - [2024-05-28T08:54:24.060+0000] {override.py:1829} INFO - Created Permission View: can edit on DAG:tutorial_dag
[2024-05-28T08:54:24.065+0000] {logging_mixin.py:188} INFO - [2024-05-28T08:54:24.064+0000] {override.py:1829} INFO - Created Permission View: can read on DAG:tutorial_dag
[2024-05-28T08:54:24.065+0000] {logging_mixin.py:188} INFO - [2024-05-28T08:54:24.065+0000] {dag.py:3096} INFO - Sync 1 DAGs
[2024-05-28T08:54:24.071+0000] {logging_mixin.py:188} INFO - [2024-05-28T08:54:24.071+0000] {dag.py:3118} INFO - Creating ORM DAG for tutorial_dag
[2024-05-28T08:54:24.072+0000] {logging_mixin.py:188} INFO - [2024-05-28T08:54:24.071+0000] {dag.py:3954} INFO - Setting next_dagrun for tutorial_dag to None, run_after=None
[2024-05-28T08:54:24.081+0000] {processor.py:183} INFO - Processing /home/airflow/.local/lib/python3.12/site-packages/airflow/example_dags/tutorial_dag.py took 0.097 seconds
[2024-05-28T08:54:54.242+0000] {processor.py:161} INFO - Started process (PID=128) to work on /home/airflow/.local/lib/python3.12/site-packages/airflow/example_dags/tutorial_dag.py
[2024-05-28T08:54:54.243+0000] {processor.py:830} INFO - Processing file /home/airflow/.local/lib/python3.12/site-packages/airflow/example_dags/tutorial_dag.py for tasks to queue
[2024-05-28T08:54:54.244+0000] {logging_mixin.py:188} INFO - [2024-05-28T08:54:54.244+0000] {dagbag.py:545} INFO - Filling up the DagBag from /home/airflow/.local/lib/python3.12/site-packages/airflow/example_dags/tutorial_dag.py
[2024-05-28T08:54:54.247+0000] {processor.py:840} INFO - DAG(s) 'tutorial_dag' retrieved from /home/airflow/.local/lib/python3.12/site-packages/airflow/example_dags/tutorial_dag.py
[2024-05-28T08:54:54.259+0000] {logging_mixin.py:188} INFO - [2024-05-28T08:54:54.258+0000] {dag.py:3096} INFO - Sync 1 DAGs
[2024-05-28T08:54:54.266+0000] {logging_mixin.py:188} INFO - [2024-05-28T08:54:54.266+0000] {dag.py:3954} INFO - Setting next_dagrun for tutorial_dag to None, run_after=None
[2024-05-28T08:54:54.277+0000] {processor.py:183} INFO - Processing /home/airflow/.local/lib/python3.12/site-packages/airflow/example_dags/tutorial_dag.py took 0.038 seconds
[2024-05-28T08:55:24.950+0000] {processor.py:161} INFO - Started process (PID=187) to work on /home/airflow/.local/lib/python3.12/site-packages/airflow/example_dags/tutorial_dag.py
[2024-05-28T08:55:24.950+0000] {processor.py:830} INFO - Processing file /home/airflow/.local/lib/python3.12/site-packages/airflow/example_dags/tutorial_dag.py for tasks to queue
[2024-05-28T08:55:24.952+0000] {logging_mixin.py:188} INFO - [2024-05-28T08:55:24.951+0000] {dagbag.py:545} INFO - Filling up the DagBag from /home/airflow/.local/lib/python3.12/site-packages/airflow/example_dags/tutorial_dag.py
[2024-05-28T08:55:24.955+0000] {processor.py:840} INFO - DAG(s) 'tutorial_dag' retrieved from /home/airflow/.local/lib/python3.12/site-packages/airflow/example_dags/tutorial_dag.py
[2024-05-28T08:55:24.966+0000] {logging_mixin.py:188} INFO - [2024-05-28T08:55:24.966+0000] {dag.py:3096} INFO - Sync 1 DAGs
[2024-05-28T08:55:24.974+0000] {logging_mixin.py:188} INFO - [2024-05-28T08:55:24.974+0000] {dag.py:3954} INFO - Setting next_dagrun for tutorial_dag to None, run_after=None
[2024-05-28T08:55:24.985+0000] {processor.py:183} INFO - Processing /home/airflow/.local/lib/python3.12/site-packages/airflow/example_dags/tutorial_dag.py took 0.039 seconds
[2024-05-28T09:08:13.273+0000] {processor.py:161} INFO - Started process (PID=70) to work on /home/airflow/.local/lib/python3.12/site-packages/airflow/example_dags/tutorial_dag.py
[2024-05-28T09:08:13.274+0000] {processor.py:830} INFO - Processing file /home/airflow/.local/lib/python3.12/site-packages/airflow/example_dags/tutorial_dag.py for tasks to queue
[2024-05-28T09:08:13.275+0000] {logging_mixin.py:188} INFO - [2024-05-28T09:08:13.275+0000] {dagbag.py:545} INFO - Filling up the DagBag from /home/airflow/.local/lib/python3.12/site-packages/airflow/example_dags/tutorial_dag.py
[2024-05-28T09:08:13.279+0000] {processor.py:840} INFO - DAG(s) 'tutorial_dag' retrieved from /home/airflow/.local/lib/python3.12/site-packages/airflow/example_dags/tutorial_dag.py
[2024-05-28T09:08:13.344+0000] {logging_mixin.py:188} INFO - [2024-05-28T09:08:13.344+0000] {override.py:1829} INFO - Created Permission View: can edit on DAG:tutorial_dag
[2024-05-28T09:08:13.353+0000] {logging_mixin.py:188} INFO - [2024-05-28T09:08:13.353+0000] {override.py:1829} INFO - Created Permission View: can delete on DAG:tutorial_dag
[2024-05-28T09:08:13.357+0000] {logging_mixin.py:188} INFO - [2024-05-28T09:08:13.357+0000] {override.py:1829} INFO - Created Permission View: can read on DAG:tutorial_dag
[2024-05-28T09:08:13.358+0000] {logging_mixin.py:188} INFO - [2024-05-28T09:08:13.358+0000] {dag.py:3096} INFO - Sync 1 DAGs
[2024-05-28T09:08:13.367+0000] {logging_mixin.py:188} INFO - [2024-05-28T09:08:13.367+0000] {dag.py:3118} INFO - Creating ORM DAG for tutorial_dag
[2024-05-28T09:08:13.368+0000] {logging_mixin.py:188} INFO - [2024-05-28T09:08:13.367+0000] {dag.py:3954} INFO - Setting next_dagrun for tutorial_dag to None, run_after=None
[2024-05-28T09:08:13.383+0000] {processor.py:183} INFO - Processing /home/airflow/.local/lib/python3.12/site-packages/airflow/example_dags/tutorial_dag.py took 0.115 seconds
[2024-05-28T09:08:44.051+0000] {processor.py:161} INFO - Started process (PID=130) to work on /home/airflow/.local/lib/python3.12/site-packages/airflow/example_dags/tutorial_dag.py
[2024-05-28T09:08:44.054+0000] {processor.py:830} INFO - Processing file /home/airflow/.local/lib/python3.12/site-packages/airflow/example_dags/tutorial_dag.py for tasks to queue
[2024-05-28T09:08:44.055+0000] {logging_mixin.py:188} INFO - [2024-05-28T09:08:44.055+0000] {dagbag.py:545} INFO - Filling up the DagBag from /home/airflow/.local/lib/python3.12/site-packages/airflow/example_dags/tutorial_dag.py
[2024-05-28T09:08:44.058+0000] {processor.py:840} INFO - DAG(s) 'tutorial_dag' retrieved from /home/airflow/.local/lib/python3.12/site-packages/airflow/example_dags/tutorial_dag.py
[2024-05-28T09:08:44.071+0000] {logging_mixin.py:188} INFO - [2024-05-28T09:08:44.071+0000] {dag.py:3096} INFO - Sync 1 DAGs
[2024-05-28T09:08:44.079+0000] {logging_mixin.py:188} INFO - [2024-05-28T09:08:44.079+0000] {dag.py:3954} INFO - Setting next_dagrun for tutorial_dag to None, run_after=None
[2024-05-28T09:08:44.093+0000] {processor.py:183} INFO - Processing /home/airflow/.local/lib/python3.12/site-packages/airflow/example_dags/tutorial_dag.py took 0.046 seconds
[2024-05-28T09:09:14.186+0000] {processor.py:161} INFO - Started process (PID=190) to work on /home/airflow/.local/lib/python3.12/site-packages/airflow/example_dags/tutorial_dag.py
[2024-05-28T09:09:14.187+0000] {processor.py:830} INFO - Processing file /home/airflow/.local/lib/python3.12/site-packages/airflow/example_dags/tutorial_dag.py for tasks to queue
[2024-05-28T09:09:14.188+0000] {logging_mixin.py:188} INFO - [2024-05-28T09:09:14.188+0000] {dagbag.py:545} INFO - Filling up the DagBag from /home/airflow/.local/lib/python3.12/site-packages/airflow/example_dags/tutorial_dag.py
[2024-05-28T09:09:14.191+0000] {processor.py:840} INFO - DAG(s) 'tutorial_dag' retrieved from /home/airflow/.local/lib/python3.12/site-packages/airflow/example_dags/tutorial_dag.py
[2024-05-28T09:09:14.204+0000] {logging_mixin.py:188} INFO - [2024-05-28T09:09:14.204+0000] {dag.py:3096} INFO - Sync 1 DAGs
[2024-05-28T09:09:14.212+0000] {logging_mixin.py:188} INFO - [2024-05-28T09:09:14.212+0000] {dag.py:3954} INFO - Setting next_dagrun for tutorial_dag to None, run_after=None
[2024-05-28T09:09:14.223+0000] {processor.py:183} INFO - Processing /home/airflow/.local/lib/python3.12/site-packages/airflow/example_dags/tutorial_dag.py took 0.041 seconds
[2024-05-28T09:09:45.224+0000] {processor.py:161} INFO - Started process (PID=250) to work on /home/airflow/.local/lib/python3.12/site-packages/airflow/example_dags/tutorial_dag.py
[2024-05-28T09:09:45.225+0000] {processor.py:830} INFO - Processing file /home/airflow/.local/lib/python3.12/site-packages/airflow/example_dags/tutorial_dag.py for tasks to queue
[2024-05-28T09:09:45.225+0000] {logging_mixin.py:188} INFO - [2024-05-28T09:09:45.225+0000] {dagbag.py:545} INFO - Filling up the DagBag from /home/airflow/.local/lib/python3.12/site-packages/airflow/example_dags/tutorial_dag.py
[2024-05-28T09:09:45.229+0000] {processor.py:840} INFO - DAG(s) 'tutorial_dag' retrieved from /home/airflow/.local/lib/python3.12/site-packages/airflow/example_dags/tutorial_dag.py
[2024-05-28T09:09:45.240+0000] {logging_mixin.py:188} INFO - [2024-05-28T09:09:45.239+0000] {dag.py:3096} INFO - Sync 1 DAGs
[2024-05-28T09:09:45.247+0000] {logging_mixin.py:188} INFO - [2024-05-28T09:09:45.247+0000] {dag.py:3954} INFO - Setting next_dagrun for tutorial_dag to None, run_after=None
[2024-05-28T09:09:45.258+0000] {processor.py:183} INFO - Processing /home/airflow/.local/lib/python3.12/site-packages/airflow/example_dags/tutorial_dag.py took 0.038 seconds
[2024-05-28T09:10:16.112+0000] {processor.py:161} INFO - Started process (PID=310) to work on /home/airflow/.local/lib/python3.12/site-packages/airflow/example_dags/tutorial_dag.py
[2024-05-28T09:10:16.113+0000] {processor.py:830} INFO - Processing file /home/airflow/.local/lib/python3.12/site-packages/airflow/example_dags/tutorial_dag.py for tasks to queue
[2024-05-28T09:10:16.114+0000] {logging_mixin.py:188} INFO - [2024-05-28T09:10:16.114+0000] {dagbag.py:545} INFO - Filling up the DagBag from /home/airflow/.local/lib/python3.12/site-packages/airflow/example_dags/tutorial_dag.py
[2024-05-28T09:10:16.118+0000] {processor.py:840} INFO - DAG(s) 'tutorial_dag' retrieved from /home/airflow/.local/lib/python3.12/site-packages/airflow/example_dags/tutorial_dag.py
[2024-05-28T09:10:16.131+0000] {logging_mixin.py:188} INFO - [2024-05-28T09:10:16.131+0000] {dag.py:3096} INFO - Sync 1 DAGs
[2024-05-28T09:10:16.140+0000] {logging_mixin.py:188} INFO - [2024-05-28T09:10:16.140+0000] {dag.py:3954} INFO - Setting next_dagrun for tutorial_dag to None, run_after=None
[2024-05-28T09:10:16.154+0000] {processor.py:183} INFO - Processing /home/airflow/.local/lib/python3.12/site-packages/airflow/example_dags/tutorial_dag.py took 0.046 seconds
[2024-05-28T09:10:46.167+0000] {processor.py:161} INFO - Started process (PID=369) to work on /home/airflow/.local/lib/python3.12/site-packages/airflow/example_dags/tutorial_dag.py
[2024-05-28T09:10:46.168+0000] {processor.py:830} INFO - Processing file /home/airflow/.local/lib/python3.12/site-packages/airflow/example_dags/tutorial_dag.py for tasks to queue
[2024-05-28T09:10:46.169+0000] {logging_mixin.py:188} INFO - [2024-05-28T09:10:46.169+0000] {dagbag.py:545} INFO - Filling up the DagBag from /home/airflow/.local/lib/python3.12/site-packages/airflow/example_dags/tutorial_dag.py
[2024-05-28T09:10:46.172+0000] {processor.py:840} INFO - DAG(s) 'tutorial_dag' retrieved from /home/airflow/.local/lib/python3.12/site-packages/airflow/example_dags/tutorial_dag.py
[2024-05-28T09:10:46.183+0000] {logging_mixin.py:188} INFO - [2024-05-28T09:10:46.183+0000] {dag.py:3096} INFO - Sync 1 DAGs
[2024-05-28T09:10:46.190+0000] {logging_mixin.py:188} INFO - [2024-05-28T09:10:46.190+0000] {dag.py:3954} INFO - Setting next_dagrun for tutorial_dag to None, run_after=None
[2024-05-28T09:10:46.201+0000] {processor.py:183} INFO - Processing /home/airflow/.local/lib/python3.12/site-packages/airflow/example_dags/tutorial_dag.py took 0.037 seconds
[2024-05-28T09:11:16.687+0000] {processor.py:161} INFO - Started process (PID=430) to work on /home/airflow/.local/lib/python3.12/site-packages/airflow/example_dags/tutorial_dag.py
[2024-05-28T09:11:16.687+0000] {processor.py:830} INFO - Processing file /home/airflow/.local/lib/python3.12/site-packages/airflow/example_dags/tutorial_dag.py for tasks to queue
[2024-05-28T09:11:16.688+0000] {logging_mixin.py:188} INFO - [2024-05-28T09:11:16.688+0000] {dagbag.py:545} INFO - Filling up the DagBag from /home/airflow/.local/lib/python3.12/site-packages/airflow/example_dags/tutorial_dag.py
[2024-05-28T09:11:16.691+0000] {processor.py:840} INFO - DAG(s) 'tutorial_dag' retrieved from /home/airflow/.local/lib/python3.12/site-packages/airflow/example_dags/tutorial_dag.py
[2024-05-28T09:11:16.702+0000] {logging_mixin.py:188} INFO - [2024-05-28T09:11:16.702+0000] {dag.py:3096} INFO - Sync 1 DAGs
[2024-05-28T09:11:16.709+0000] {logging_mixin.py:188} INFO - [2024-05-28T09:11:16.709+0000] {dag.py:3954} INFO - Setting next_dagrun for tutorial_dag to None, run_after=None
[2024-05-28T09:11:16.720+0000] {processor.py:183} INFO - Processing /home/airflow/.local/lib/python3.12/site-packages/airflow/example_dags/tutorial_dag.py took 0.036 seconds
