[2024-06-21T08:55:15.049+0000] {local_task_job_runner.py:120} INFO - ::group::Pre task execution logs
[2024-06-21T08:55:15.066+0000] {taskinstance.py:2076} INFO - Dependencies all met for dep_context=non-requeueable deps ti=<TaskInstance: f1_data_create_database_views.wait_for_kafka_consumeAndLoad_dag scheduled__2024-06-09T00:00:00+00:00 [queued]>
[2024-06-21T08:55:15.072+0000] {taskinstance.py:2076} INFO - Dependencies all met for dep_context=requeueable deps ti=<TaskInstance: f1_data_create_database_views.wait_for_kafka_consumeAndLoad_dag scheduled__2024-06-09T00:00:00+00:00 [queued]>
[2024-06-21T08:55:15.072+0000] {taskinstance.py:2306} INFO - Starting attempt 1 of 4
[2024-06-21T08:55:15.081+0000] {taskinstance.py:2330} INFO - Executing <Task(ExternalTaskSensor): wait_for_kafka_consumeAndLoad_dag> on 2024-06-09 00:00:00+00:00
[2024-06-21T08:55:15.086+0000] {warnings.py:110} WARNING - /home/***/.local/lib/python3.12/site-packages/***/task/task_runner/standard_task_runner.py:61: DeprecationWarning: This process (pid=85) is multi-threaded, use of fork() may lead to deadlocks in the child.
  pid = os.fork()

[2024-06-21T08:55:15.087+0000] {standard_task_runner.py:63} INFO - Started process 88 to run task
[2024-06-21T08:55:15.087+0000] {standard_task_runner.py:90} INFO - Running: ['***', 'tasks', 'run', 'f1_data_create_database_views', 'wait_for_kafka_consumeAndLoad_dag', 'scheduled__2024-06-09T00:00:00+00:00', '--job-id', '6', '--raw', '--subdir', 'DAGS_FOLDER/database_create_views_task.py', '--cfg-path', '/tmp/tmpyl8_6gd0']
[2024-06-21T08:55:15.087+0000] {standard_task_runner.py:91} INFO - Job 6: Subtask wait_for_kafka_consumeAndLoad_dag
[2024-06-21T08:55:15.126+0000] {task_command.py:426} INFO - Running <TaskInstance: f1_data_create_database_views.wait_for_kafka_consumeAndLoad_dag scheduled__2024-06-09T00:00:00+00:00 [running]> on host da56922fb813
[2024-06-21T08:55:15.192+0000] {taskinstance.py:2648} INFO - Exporting env vars: AIRFLOW_CTX_DAG_OWNER='***' AIRFLOW_CTX_DAG_ID='f1_data_create_database_views' AIRFLOW_CTX_TASK_ID='wait_for_kafka_consumeAndLoad_dag' AIRFLOW_CTX_EXECUTION_DATE='2024-06-09T00:00:00+00:00' AIRFLOW_CTX_TRY_NUMBER='1' AIRFLOW_CTX_DAG_RUN_ID='scheduled__2024-06-09T00:00:00+00:00'
[2024-06-21T08:55:15.192+0000] {taskinstance.py:430} INFO - ::endgroup::
[2024-06-21T08:55:15.192+0000] {baseoperator.py:399} WARNING - ExternalTaskSensor.execute cannot be called outside TaskInstance!
[2024-06-21T08:55:15.193+0000] {external_task.py:258} INFO - Poking for tasks ['consume_and_load_raceResultsFact'] in dag f1_data_pipeline_kafka_consumeAndLoad on 2024-06-09T00:00:00+00:00 ... 
[2024-06-21T08:55:15.193+0000] {warnings.py:110} WARNING - /home/***/.local/lib/python3.12/site-packages/***/utils/session.py:79: DeprecationWarning: This method is deprecated and will be removed in future.
  return func(*args, session=session, **kwargs)

[2024-06-21T08:55:45.201+0000] {external_task.py:258} INFO - Poking for tasks ['consume_and_load_raceResultsFact'] in dag f1_data_pipeline_kafka_consumeAndLoad on 2024-06-09T00:00:00+00:00 ... 
[2024-06-21T08:56:15.210+0000] {external_task.py:258} INFO - Poking for tasks ['consume_and_load_raceResultsFact'] in dag f1_data_pipeline_kafka_consumeAndLoad on 2024-06-09T00:00:00+00:00 ... 
[2024-06-21T08:56:45.221+0000] {external_task.py:258} INFO - Poking for tasks ['consume_and_load_raceResultsFact'] in dag f1_data_pipeline_kafka_consumeAndLoad on 2024-06-09T00:00:00+00:00 ... 
[2024-06-21T08:57:15.229+0000] {external_task.py:258} INFO - Poking for tasks ['consume_and_load_raceResultsFact'] in dag f1_data_pipeline_kafka_consumeAndLoad on 2024-06-09T00:00:00+00:00 ... 
[2024-06-21T08:57:45.239+0000] {external_task.py:258} INFO - Poking for tasks ['consume_and_load_raceResultsFact'] in dag f1_data_pipeline_kafka_consumeAndLoad on 2024-06-09T00:00:00+00:00 ... 
[2024-06-21T08:58:15.250+0000] {external_task.py:258} INFO - Poking for tasks ['consume_and_load_raceResultsFact'] in dag f1_data_pipeline_kafka_consumeAndLoad on 2024-06-09T00:00:00+00:00 ... 
[2024-06-21T08:58:45.261+0000] {external_task.py:258} INFO - Poking for tasks ['consume_and_load_raceResultsFact'] in dag f1_data_pipeline_kafka_consumeAndLoad on 2024-06-09T00:00:00+00:00 ... 
[2024-06-21T08:59:15.271+0000] {external_task.py:258} INFO - Poking for tasks ['consume_and_load_raceResultsFact'] in dag f1_data_pipeline_kafka_consumeAndLoad on 2024-06-09T00:00:00+00:00 ... 
[2024-06-21T08:59:45.281+0000] {external_task.py:258} INFO - Poking for tasks ['consume_and_load_raceResultsFact'] in dag f1_data_pipeline_kafka_consumeAndLoad on 2024-06-09T00:00:00+00:00 ... 
[2024-06-21T09:00:15.289+0000] {external_task.py:258} INFO - Poking for tasks ['consume_and_load_raceResultsFact'] in dag f1_data_pipeline_kafka_consumeAndLoad on 2024-06-09T00:00:00+00:00 ... 
[2024-06-21T09:00:45.298+0000] {external_task.py:258} INFO - Poking for tasks ['consume_and_load_raceResultsFact'] in dag f1_data_pipeline_kafka_consumeAndLoad on 2024-06-09T00:00:00+00:00 ... 
[2024-06-21T09:00:45.306+0000] {base.py:294} INFO - Success criteria met. Exiting.
[2024-06-21T09:00:45.306+0000] {taskinstance.py:441} INFO - ::group::Post task execution logs
[2024-06-21T09:00:45.317+0000] {taskinstance.py:1206} INFO - Marking task as SUCCESS. dag_id=f1_data_create_database_views, task_id=wait_for_kafka_consumeAndLoad_dag, run_id=scheduled__2024-06-09T00:00:00+00:00, execution_date=20240609T000000, start_date=20240621T085515, end_date=20240621T090045
[2024-06-21T09:00:45.366+0000] {local_task_job_runner.py:240} INFO - Task exited with return code 0
[2024-06-21T09:00:45.394+0000] {taskinstance.py:3498} INFO - 1 downstream tasks scheduled from follow-on schedule check
[2024-06-21T09:00:45.395+0000] {local_task_job_runner.py:222} INFO - ::endgroup::
[2024-06-21T11:07:29.246+0000] {local_task_job_runner.py:120} INFO - ::group::Pre task execution logs
[2024-06-21T11:07:29.269+0000] {taskinstance.py:2076} INFO - Dependencies all met for dep_context=non-requeueable deps ti=<TaskInstance: f1_data_create_database_views.wait_for_kafka_consumeAndLoad_dag scheduled__2024-06-09T00:00:00+00:00 [queued]>
[2024-06-21T11:07:29.274+0000] {taskinstance.py:2076} INFO - Dependencies all met for dep_context=requeueable deps ti=<TaskInstance: f1_data_create_database_views.wait_for_kafka_consumeAndLoad_dag scheduled__2024-06-09T00:00:00+00:00 [queued]>
[2024-06-21T11:07:29.274+0000] {taskinstance.py:2306} INFO - Starting attempt 1 of 4
[2024-06-21T11:07:29.283+0000] {taskinstance.py:2330} INFO - Executing <Task(ExternalTaskSensor): wait_for_kafka_consumeAndLoad_dag> on 2024-06-09 00:00:00+00:00
[2024-06-21T11:07:29.287+0000] {warnings.py:110} WARNING - /home/***/.local/lib/python3.12/site-packages/***/task/task_runner/standard_task_runner.py:61: DeprecationWarning: This process (pid=70) is multi-threaded, use of fork() may lead to deadlocks in the child.
  pid = os.fork()

[2024-06-21T11:07:29.287+0000] {standard_task_runner.py:63} INFO - Started process 71 to run task
[2024-06-21T11:07:29.287+0000] {standard_task_runner.py:90} INFO - Running: ['***', 'tasks', 'run', 'f1_data_create_database_views', 'wait_for_kafka_consumeAndLoad_dag', 'scheduled__2024-06-09T00:00:00+00:00', '--job-id', '3', '--raw', '--subdir', 'DAGS_FOLDER/database_create_views_task.py', '--cfg-path', '/tmp/tmpbple4i1b']
[2024-06-21T11:07:29.288+0000] {standard_task_runner.py:91} INFO - Job 3: Subtask wait_for_kafka_consumeAndLoad_dag
[2024-06-21T11:07:29.325+0000] {task_command.py:426} INFO - Running <TaskInstance: f1_data_create_database_views.wait_for_kafka_consumeAndLoad_dag scheduled__2024-06-09T00:00:00+00:00 [running]> on host 55d87b1d1f78
[2024-06-21T11:07:29.449+0000] {taskinstance.py:2648} INFO - Exporting env vars: AIRFLOW_CTX_DAG_OWNER='***' AIRFLOW_CTX_DAG_ID='f1_data_create_database_views' AIRFLOW_CTX_TASK_ID='wait_for_kafka_consumeAndLoad_dag' AIRFLOW_CTX_EXECUTION_DATE='2024-06-09T00:00:00+00:00' AIRFLOW_CTX_TRY_NUMBER='1' AIRFLOW_CTX_DAG_RUN_ID='scheduled__2024-06-09T00:00:00+00:00'
[2024-06-21T11:07:29.449+0000] {taskinstance.py:430} INFO - ::endgroup::
[2024-06-21T11:07:29.449+0000] {baseoperator.py:399} WARNING - ExternalTaskSensor.execute cannot be called outside TaskInstance!
[2024-06-21T11:07:29.450+0000] {external_task.py:258} INFO - Poking for tasks ['consume_and_load_raceResultsFact'] in dag f1_data_pipeline_kafka_consumeAndLoad on 2024-06-09T00:00:00+00:00 ... 
[2024-06-21T11:07:29.450+0000] {warnings.py:110} WARNING - /home/***/.local/lib/python3.12/site-packages/***/utils/session.py:79: DeprecationWarning: This method is deprecated and will be removed in future.
  return func(*args, session=session, **kwargs)

[2024-06-21T11:07:59.457+0000] {external_task.py:258} INFO - Poking for tasks ['consume_and_load_raceResultsFact'] in dag f1_data_pipeline_kafka_consumeAndLoad on 2024-06-09T00:00:00+00:00 ... 
[2024-06-21T11:08:29.468+0000] {external_task.py:258} INFO - Poking for tasks ['consume_and_load_raceResultsFact'] in dag f1_data_pipeline_kafka_consumeAndLoad on 2024-06-09T00:00:00+00:00 ... 
[2024-06-21T11:08:59.480+0000] {external_task.py:258} INFO - Poking for tasks ['consume_and_load_raceResultsFact'] in dag f1_data_pipeline_kafka_consumeAndLoad on 2024-06-09T00:00:00+00:00 ... 
[2024-06-21T11:09:29.489+0000] {external_task.py:258} INFO - Poking for tasks ['consume_and_load_raceResultsFact'] in dag f1_data_pipeline_kafka_consumeAndLoad on 2024-06-09T00:00:00+00:00 ... 
[2024-06-21T11:09:59.497+0000] {external_task.py:258} INFO - Poking for tasks ['consume_and_load_raceResultsFact'] in dag f1_data_pipeline_kafka_consumeAndLoad on 2024-06-09T00:00:00+00:00 ... 
[2024-06-21T11:10:29.507+0000] {external_task.py:258} INFO - Poking for tasks ['consume_and_load_raceResultsFact'] in dag f1_data_pipeline_kafka_consumeAndLoad on 2024-06-09T00:00:00+00:00 ... 
[2024-06-21T11:10:59.518+0000] {external_task.py:258} INFO - Poking for tasks ['consume_and_load_raceResultsFact'] in dag f1_data_pipeline_kafka_consumeAndLoad on 2024-06-09T00:00:00+00:00 ... 
[2024-06-21T11:11:29.526+0000] {external_task.py:258} INFO - Poking for tasks ['consume_and_load_raceResultsFact'] in dag f1_data_pipeline_kafka_consumeAndLoad on 2024-06-09T00:00:00+00:00 ... 
[2024-06-21T11:11:59.536+0000] {external_task.py:258} INFO - Poking for tasks ['consume_and_load_raceResultsFact'] in dag f1_data_pipeline_kafka_consumeAndLoad on 2024-06-09T00:00:00+00:00 ... 
[2024-06-21T11:12:29.542+0000] {external_task.py:258} INFO - Poking for tasks ['consume_and_load_raceResultsFact'] in dag f1_data_pipeline_kafka_consumeAndLoad on 2024-06-09T00:00:00+00:00 ... 
[2024-06-21T11:12:29.551+0000] {base.py:294} INFO - Success criteria met. Exiting.
[2024-06-21T11:12:29.551+0000] {taskinstance.py:441} INFO - ::group::Post task execution logs
[2024-06-21T11:12:29.561+0000] {taskinstance.py:1206} INFO - Marking task as SUCCESS. dag_id=f1_data_create_database_views, task_id=wait_for_kafka_consumeAndLoad_dag, run_id=scheduled__2024-06-09T00:00:00+00:00, execution_date=20240609T000000, start_date=20240621T110729, end_date=20240621T111229
[2024-06-21T11:12:29.615+0000] {local_task_job_runner.py:240} INFO - Task exited with return code 0
[2024-06-21T11:12:29.655+0000] {taskinstance.py:3498} INFO - 1 downstream tasks scheduled from follow-on schedule check
[2024-06-21T11:12:29.657+0000] {local_task_job_runner.py:222} INFO - ::endgroup::
