[2024-05-29T09:20:11.698+0000] {processor.py:161} INFO - Started process (PID=75) to work on /home/airflow/.local/lib/python3.12/site-packages/airflow/example_dags/example_xcomargs.py
[2024-05-29T09:20:11.698+0000] {processor.py:830} INFO - Processing file /home/airflow/.local/lib/python3.12/site-packages/airflow/example_dags/example_xcomargs.py for tasks to queue
[2024-05-29T09:20:11.699+0000] {logging_mixin.py:188} INFO - [2024-05-29T09:20:11.699+0000] {dagbag.py:545} INFO - Filling up the DagBag from /home/airflow/.local/lib/python3.12/site-packages/airflow/example_dags/example_xcomargs.py
[2024-05-29T09:20:11.705+0000] {processor.py:840} INFO - DAG(s) 'example_xcom_args', 'example_xcom_args_with_operators' retrieved from /home/airflow/.local/lib/python3.12/site-packages/airflow/example_dags/example_xcomargs.py
[2024-05-29T09:20:11.767+0000] {logging_mixin.py:188} INFO - [2024-05-29T09:20:11.767+0000] {override.py:1829} INFO - Created Permission View: can read on DAG:example_xcom_args
[2024-05-29T09:20:11.774+0000] {logging_mixin.py:188} INFO - [2024-05-29T09:20:11.774+0000] {override.py:1829} INFO - Created Permission View: can delete on DAG:example_xcom_args
[2024-05-29T09:20:11.779+0000] {logging_mixin.py:188} INFO - [2024-05-29T09:20:11.779+0000] {override.py:1829} INFO - Created Permission View: can edit on DAG:example_xcom_args
[2024-05-29T09:20:11.792+0000] {logging_mixin.py:188} INFO - [2024-05-29T09:20:11.792+0000] {override.py:1829} INFO - Created Permission View: can read on DAG:example_xcom_args_with_operators
[2024-05-29T09:20:11.797+0000] {logging_mixin.py:188} INFO - [2024-05-29T09:20:11.796+0000] {override.py:1829} INFO - Created Permission View: can delete on DAG:example_xcom_args_with_operators
[2024-05-29T09:20:11.801+0000] {logging_mixin.py:188} INFO - [2024-05-29T09:20:11.800+0000] {override.py:1829} INFO - Created Permission View: can edit on DAG:example_xcom_args_with_operators
[2024-05-29T09:20:11.801+0000] {logging_mixin.py:188} INFO - [2024-05-29T09:20:11.801+0000] {dag.py:3096} INFO - Sync 2 DAGs
[2024-05-29T09:20:11.808+0000] {logging_mixin.py:188} INFO - [2024-05-29T09:20:11.807+0000] {dag.py:3118} INFO - Creating ORM DAG for example_xcom_args
[2024-05-29T09:20:11.808+0000] {logging_mixin.py:188} INFO - [2024-05-29T09:20:11.808+0000] {dag.py:3118} INFO - Creating ORM DAG for example_xcom_args_with_operators
[2024-05-29T09:20:11.808+0000] {logging_mixin.py:188} INFO - [2024-05-29T09:20:11.808+0000] {dag.py:3954} INFO - Setting next_dagrun for example_xcom_args to None, run_after=None
[2024-05-29T09:20:11.809+0000] {logging_mixin.py:188} INFO - [2024-05-29T09:20:11.809+0000] {dag.py:3954} INFO - Setting next_dagrun for example_xcom_args_with_operators to None, run_after=None
[2024-05-29T09:20:11.819+0000] {processor.py:183} INFO - Processing /home/airflow/.local/lib/python3.12/site-packages/airflow/example_dags/example_xcomargs.py took 0.125 seconds
[2024-05-29T09:20:42.356+0000] {processor.py:161} INFO - Started process (PID=135) to work on /home/airflow/.local/lib/python3.12/site-packages/airflow/example_dags/example_xcomargs.py
[2024-05-29T09:20:42.356+0000] {processor.py:830} INFO - Processing file /home/airflow/.local/lib/python3.12/site-packages/airflow/example_dags/example_xcomargs.py for tasks to queue
[2024-05-29T09:20:42.357+0000] {logging_mixin.py:188} INFO - [2024-05-29T09:20:42.357+0000] {dagbag.py:545} INFO - Filling up the DagBag from /home/airflow/.local/lib/python3.12/site-packages/airflow/example_dags/example_xcomargs.py
[2024-05-29T09:20:42.362+0000] {processor.py:840} INFO - DAG(s) 'example_xcom_args', 'example_xcom_args_with_operators' retrieved from /home/airflow/.local/lib/python3.12/site-packages/airflow/example_dags/example_xcomargs.py
[2024-05-29T09:20:42.376+0000] {logging_mixin.py:188} INFO - [2024-05-29T09:20:42.376+0000] {dag.py:3096} INFO - Sync 2 DAGs
[2024-05-29T09:20:42.384+0000] {logging_mixin.py:188} INFO - [2024-05-29T09:20:42.384+0000] {dag.py:3954} INFO - Setting next_dagrun for example_xcom_args to None, run_after=None
[2024-05-29T09:20:42.386+0000] {logging_mixin.py:188} INFO - [2024-05-29T09:20:42.386+0000] {dag.py:3954} INFO - Setting next_dagrun for example_xcom_args_with_operators to None, run_after=None
[2024-05-29T09:20:42.397+0000] {processor.py:183} INFO - Processing /home/airflow/.local/lib/python3.12/site-packages/airflow/example_dags/example_xcomargs.py took 0.044 seconds
[2024-05-29T09:21:13.167+0000] {processor.py:161} INFO - Started process (PID=195) to work on /home/airflow/.local/lib/python3.12/site-packages/airflow/example_dags/example_xcomargs.py
[2024-05-29T09:21:13.168+0000] {processor.py:830} INFO - Processing file /home/airflow/.local/lib/python3.12/site-packages/airflow/example_dags/example_xcomargs.py for tasks to queue
[2024-05-29T09:21:13.169+0000] {logging_mixin.py:188} INFO - [2024-05-29T09:21:13.168+0000] {dagbag.py:545} INFO - Filling up the DagBag from /home/airflow/.local/lib/python3.12/site-packages/airflow/example_dags/example_xcomargs.py
[2024-05-29T09:21:13.174+0000] {processor.py:840} INFO - DAG(s) 'example_xcom_args_with_operators', 'example_xcom_args' retrieved from /home/airflow/.local/lib/python3.12/site-packages/airflow/example_dags/example_xcomargs.py
[2024-05-29T09:21:13.188+0000] {logging_mixin.py:188} INFO - [2024-05-29T09:21:13.188+0000] {dag.py:3096} INFO - Sync 2 DAGs
[2024-05-29T09:21:13.196+0000] {logging_mixin.py:188} INFO - [2024-05-29T09:21:13.196+0000] {dag.py:3954} INFO - Setting next_dagrun for example_xcom_args to None, run_after=None
[2024-05-29T09:21:13.199+0000] {logging_mixin.py:188} INFO - [2024-05-29T09:21:13.199+0000] {dag.py:3954} INFO - Setting next_dagrun for example_xcom_args_with_operators to None, run_after=None
[2024-05-29T09:21:13.210+0000] {processor.py:183} INFO - Processing /home/airflow/.local/lib/python3.12/site-packages/airflow/example_dags/example_xcomargs.py took 0.047 seconds
[2024-05-29T09:21:43.876+0000] {processor.py:161} INFO - Started process (PID=255) to work on /home/airflow/.local/lib/python3.12/site-packages/airflow/example_dags/example_xcomargs.py
[2024-05-29T09:21:43.877+0000] {processor.py:830} INFO - Processing file /home/airflow/.local/lib/python3.12/site-packages/airflow/example_dags/example_xcomargs.py for tasks to queue
[2024-05-29T09:21:43.878+0000] {logging_mixin.py:188} INFO - [2024-05-29T09:21:43.878+0000] {dagbag.py:545} INFO - Filling up the DagBag from /home/airflow/.local/lib/python3.12/site-packages/airflow/example_dags/example_xcomargs.py
[2024-05-29T09:21:43.883+0000] {processor.py:840} INFO - DAG(s) 'example_xcom_args', 'example_xcom_args_with_operators' retrieved from /home/airflow/.local/lib/python3.12/site-packages/airflow/example_dags/example_xcomargs.py
[2024-05-29T09:21:43.895+0000] {logging_mixin.py:188} INFO - [2024-05-29T09:21:43.895+0000] {dag.py:3096} INFO - Sync 2 DAGs
[2024-05-29T09:21:43.903+0000] {logging_mixin.py:188} INFO - [2024-05-29T09:21:43.902+0000] {dag.py:3954} INFO - Setting next_dagrun for example_xcom_args to None, run_after=None
[2024-05-29T09:21:43.905+0000] {logging_mixin.py:188} INFO - [2024-05-29T09:21:43.905+0000] {dag.py:3954} INFO - Setting next_dagrun for example_xcom_args_with_operators to None, run_after=None
[2024-05-29T09:21:43.914+0000] {processor.py:183} INFO - Processing /home/airflow/.local/lib/python3.12/site-packages/airflow/example_dags/example_xcomargs.py took 0.042 seconds
[2024-05-29T09:22:14.733+0000] {processor.py:161} INFO - Started process (PID=315) to work on /home/airflow/.local/lib/python3.12/site-packages/airflow/example_dags/example_xcomargs.py
[2024-05-29T09:22:14.734+0000] {processor.py:830} INFO - Processing file /home/airflow/.local/lib/python3.12/site-packages/airflow/example_dags/example_xcomargs.py for tasks to queue
[2024-05-29T09:22:14.735+0000] {logging_mixin.py:188} INFO - [2024-05-29T09:22:14.735+0000] {dagbag.py:545} INFO - Filling up the DagBag from /home/airflow/.local/lib/python3.12/site-packages/airflow/example_dags/example_xcomargs.py
[2024-05-29T09:22:14.740+0000] {processor.py:840} INFO - DAG(s) 'example_xcom_args_with_operators', 'example_xcom_args' retrieved from /home/airflow/.local/lib/python3.12/site-packages/airflow/example_dags/example_xcomargs.py
[2024-05-29T09:22:14.756+0000] {logging_mixin.py:188} INFO - [2024-05-29T09:22:14.756+0000] {dag.py:3096} INFO - Sync 2 DAGs
[2024-05-29T09:22:14.765+0000] {logging_mixin.py:188} INFO - [2024-05-29T09:22:14.765+0000] {dag.py:3954} INFO - Setting next_dagrun for example_xcom_args to None, run_after=None
[2024-05-29T09:22:14.768+0000] {logging_mixin.py:188} INFO - [2024-05-29T09:22:14.768+0000] {dag.py:3954} INFO - Setting next_dagrun for example_xcom_args_with_operators to None, run_after=None
[2024-05-29T09:22:14.779+0000] {processor.py:183} INFO - Processing /home/airflow/.local/lib/python3.12/site-packages/airflow/example_dags/example_xcomargs.py took 0.049 seconds
[2024-05-29T13:24:33.496+0000] {processor.py:161} INFO - Started process (PID=75) to work on /home/airflow/.local/lib/python3.12/site-packages/airflow/example_dags/example_xcomargs.py
[2024-05-29T13:24:33.498+0000] {processor.py:830} INFO - Processing file /home/airflow/.local/lib/python3.12/site-packages/airflow/example_dags/example_xcomargs.py for tasks to queue
[2024-05-29T13:24:33.499+0000] {logging_mixin.py:188} INFO - [2024-05-29T13:24:33.498+0000] {dagbag.py:545} INFO - Filling up the DagBag from /home/airflow/.local/lib/python3.12/site-packages/airflow/example_dags/example_xcomargs.py
[2024-05-29T13:24:33.504+0000] {processor.py:840} INFO - DAG(s) 'example_xcom_args_with_operators', 'example_xcom_args' retrieved from /home/airflow/.local/lib/python3.12/site-packages/airflow/example_dags/example_xcomargs.py
[2024-05-29T13:24:33.569+0000] {logging_mixin.py:188} INFO - [2024-05-29T13:24:33.569+0000] {override.py:1829} INFO - Created Permission View: can read on DAG:example_xcom_args_with_operators
[2024-05-29T13:24:33.576+0000] {logging_mixin.py:188} INFO - [2024-05-29T13:24:33.576+0000] {override.py:1829} INFO - Created Permission View: can delete on DAG:example_xcom_args_with_operators
[2024-05-29T13:24:33.580+0000] {logging_mixin.py:188} INFO - [2024-05-29T13:24:33.580+0000] {override.py:1829} INFO - Created Permission View: can edit on DAG:example_xcom_args_with_operators
[2024-05-29T13:24:33.588+0000] {logging_mixin.py:188} INFO - [2024-05-29T13:24:33.588+0000] {override.py:1829} INFO - Created Permission View: can read on DAG:example_xcom_args
[2024-05-29T13:24:33.592+0000] {logging_mixin.py:188} INFO - [2024-05-29T13:24:33.591+0000] {override.py:1829} INFO - Created Permission View: can delete on DAG:example_xcom_args
[2024-05-29T13:24:33.596+0000] {logging_mixin.py:188} INFO - [2024-05-29T13:24:33.595+0000] {override.py:1829} INFO - Created Permission View: can edit on DAG:example_xcom_args
[2024-05-29T13:24:33.596+0000] {logging_mixin.py:188} INFO - [2024-05-29T13:24:33.596+0000] {dag.py:3096} INFO - Sync 2 DAGs
[2024-05-29T13:24:33.603+0000] {logging_mixin.py:188} INFO - [2024-05-29T13:24:33.603+0000] {dag.py:3118} INFO - Creating ORM DAG for example_xcom_args_with_operators
[2024-05-29T13:24:33.603+0000] {logging_mixin.py:188} INFO - [2024-05-29T13:24:33.603+0000] {dag.py:3118} INFO - Creating ORM DAG for example_xcom_args
[2024-05-29T13:24:33.604+0000] {logging_mixin.py:188} INFO - [2024-05-29T13:24:33.603+0000] {dag.py:3954} INFO - Setting next_dagrun for example_xcom_args to None, run_after=None
[2024-05-29T13:24:33.604+0000] {logging_mixin.py:188} INFO - [2024-05-29T13:24:33.604+0000] {dag.py:3954} INFO - Setting next_dagrun for example_xcom_args_with_operators to None, run_after=None
[2024-05-29T13:24:33.615+0000] {processor.py:183} INFO - Processing /home/airflow/.local/lib/python3.12/site-packages/airflow/example_dags/example_xcomargs.py took 0.123 seconds
[2024-05-29T13:25:04.259+0000] {processor.py:161} INFO - Started process (PID=135) to work on /home/airflow/.local/lib/python3.12/site-packages/airflow/example_dags/example_xcomargs.py
[2024-05-29T13:25:04.260+0000] {processor.py:830} INFO - Processing file /home/airflow/.local/lib/python3.12/site-packages/airflow/example_dags/example_xcomargs.py for tasks to queue
[2024-05-29T13:25:04.261+0000] {logging_mixin.py:188} INFO - [2024-05-29T13:25:04.261+0000] {dagbag.py:545} INFO - Filling up the DagBag from /home/airflow/.local/lib/python3.12/site-packages/airflow/example_dags/example_xcomargs.py
[2024-05-29T13:25:04.266+0000] {processor.py:840} INFO - DAG(s) 'example_xcom_args_with_operators', 'example_xcom_args' retrieved from /home/airflow/.local/lib/python3.12/site-packages/airflow/example_dags/example_xcomargs.py
[2024-05-29T13:25:04.281+0000] {logging_mixin.py:188} INFO - [2024-05-29T13:25:04.280+0000] {dag.py:3096} INFO - Sync 2 DAGs
[2024-05-29T13:25:04.289+0000] {logging_mixin.py:188} INFO - [2024-05-29T13:25:04.289+0000] {dag.py:3954} INFO - Setting next_dagrun for example_xcom_args to None, run_after=None
[2024-05-29T13:25:04.291+0000] {logging_mixin.py:188} INFO - [2024-05-29T13:25:04.291+0000] {dag.py:3954} INFO - Setting next_dagrun for example_xcom_args_with_operators to None, run_after=None
[2024-05-29T13:25:04.302+0000] {processor.py:183} INFO - Processing /home/airflow/.local/lib/python3.12/site-packages/airflow/example_dags/example_xcomargs.py took 0.046 seconds
[2024-05-29T13:25:35.334+0000] {processor.py:161} INFO - Started process (PID=195) to work on /home/airflow/.local/lib/python3.12/site-packages/airflow/example_dags/example_xcomargs.py
[2024-05-29T13:25:35.335+0000] {processor.py:830} INFO - Processing file /home/airflow/.local/lib/python3.12/site-packages/airflow/example_dags/example_xcomargs.py for tasks to queue
[2024-05-29T13:25:35.336+0000] {logging_mixin.py:188} INFO - [2024-05-29T13:25:35.336+0000] {dagbag.py:545} INFO - Filling up the DagBag from /home/airflow/.local/lib/python3.12/site-packages/airflow/example_dags/example_xcomargs.py
[2024-05-29T13:25:35.341+0000] {processor.py:840} INFO - DAG(s) 'example_xcom_args', 'example_xcom_args_with_operators' retrieved from /home/airflow/.local/lib/python3.12/site-packages/airflow/example_dags/example_xcomargs.py
[2024-05-29T13:25:35.355+0000] {logging_mixin.py:188} INFO - [2024-05-29T13:25:35.355+0000] {dag.py:3096} INFO - Sync 2 DAGs
[2024-05-29T13:25:35.363+0000] {logging_mixin.py:188} INFO - [2024-05-29T13:25:35.363+0000] {dag.py:3954} INFO - Setting next_dagrun for example_xcom_args to None, run_after=None
[2024-05-29T13:25:35.365+0000] {logging_mixin.py:188} INFO - [2024-05-29T13:25:35.365+0000] {dag.py:3954} INFO - Setting next_dagrun for example_xcom_args_with_operators to None, run_after=None
[2024-05-29T13:25:35.375+0000] {processor.py:183} INFO - Processing /home/airflow/.local/lib/python3.12/site-packages/airflow/example_dags/example_xcomargs.py took 0.045 seconds
[2024-05-29T13:43:28.183+0000] {processor.py:161} INFO - Started process (PID=74) to work on /home/airflow/.local/lib/python3.12/site-packages/airflow/example_dags/example_xcomargs.py
[2024-05-29T13:43:28.184+0000] {processor.py:830} INFO - Processing file /home/airflow/.local/lib/python3.12/site-packages/airflow/example_dags/example_xcomargs.py for tasks to queue
[2024-05-29T13:43:28.185+0000] {logging_mixin.py:188} INFO - [2024-05-29T13:43:28.185+0000] {dagbag.py:545} INFO - Filling up the DagBag from /home/airflow/.local/lib/python3.12/site-packages/airflow/example_dags/example_xcomargs.py
[2024-05-29T13:43:28.190+0000] {processor.py:840} INFO - DAG(s) 'example_xcom_args_with_operators', 'example_xcom_args' retrieved from /home/airflow/.local/lib/python3.12/site-packages/airflow/example_dags/example_xcomargs.py
[2024-05-29T13:43:28.253+0000] {logging_mixin.py:188} INFO - [2024-05-29T13:43:28.253+0000] {override.py:1829} INFO - Created Permission View: can edit on DAG:example_xcom_args_with_operators
[2024-05-29T13:43:28.259+0000] {logging_mixin.py:188} INFO - [2024-05-29T13:43:28.259+0000] {override.py:1829} INFO - Created Permission View: can delete on DAG:example_xcom_args_with_operators
[2024-05-29T13:43:28.263+0000] {logging_mixin.py:188} INFO - [2024-05-29T13:43:28.263+0000] {override.py:1829} INFO - Created Permission View: can read on DAG:example_xcom_args_with_operators
[2024-05-29T13:43:28.271+0000] {logging_mixin.py:188} INFO - [2024-05-29T13:43:28.271+0000] {override.py:1829} INFO - Created Permission View: can edit on DAG:example_xcom_args
[2024-05-29T13:43:28.275+0000] {logging_mixin.py:188} INFO - [2024-05-29T13:43:28.275+0000] {override.py:1829} INFO - Created Permission View: can delete on DAG:example_xcom_args
[2024-05-29T13:43:28.281+0000] {logging_mixin.py:188} INFO - [2024-05-29T13:43:28.281+0000] {override.py:1829} INFO - Created Permission View: can read on DAG:example_xcom_args
[2024-05-29T13:43:28.282+0000] {logging_mixin.py:188} INFO - [2024-05-29T13:43:28.282+0000] {dag.py:3096} INFO - Sync 2 DAGs
[2024-05-29T13:43:28.289+0000] {logging_mixin.py:188} INFO - [2024-05-29T13:43:28.289+0000] {dag.py:3118} INFO - Creating ORM DAG for example_xcom_args_with_operators
[2024-05-29T13:43:28.289+0000] {logging_mixin.py:188} INFO - [2024-05-29T13:43:28.289+0000] {dag.py:3118} INFO - Creating ORM DAG for example_xcom_args
[2024-05-29T13:43:28.290+0000] {logging_mixin.py:188} INFO - [2024-05-29T13:43:28.289+0000] {dag.py:3954} INFO - Setting next_dagrun for example_xcom_args to None, run_after=None
[2024-05-29T13:43:28.290+0000] {logging_mixin.py:188} INFO - [2024-05-29T13:43:28.290+0000] {dag.py:3954} INFO - Setting next_dagrun for example_xcom_args_with_operators to None, run_after=None
[2024-05-29T13:43:28.302+0000] {processor.py:183} INFO - Processing /home/airflow/.local/lib/python3.12/site-packages/airflow/example_dags/example_xcomargs.py took 0.123 seconds
[2024-05-29T13:43:59.242+0000] {processor.py:161} INFO - Started process (PID=133) to work on /home/airflow/.local/lib/python3.12/site-packages/airflow/example_dags/example_xcomargs.py
[2024-05-29T13:43:59.248+0000] {processor.py:830} INFO - Processing file /home/airflow/.local/lib/python3.12/site-packages/airflow/example_dags/example_xcomargs.py for tasks to queue
[2024-05-29T13:43:59.249+0000] {logging_mixin.py:188} INFO - [2024-05-29T13:43:59.249+0000] {dagbag.py:545} INFO - Filling up the DagBag from /home/airflow/.local/lib/python3.12/site-packages/airflow/example_dags/example_xcomargs.py
[2024-05-29T13:43:59.255+0000] {processor.py:840} INFO - DAG(s) 'example_xcom_args_with_operators', 'example_xcom_args' retrieved from /home/airflow/.local/lib/python3.12/site-packages/airflow/example_dags/example_xcomargs.py
[2024-05-29T13:43:59.270+0000] {logging_mixin.py:188} INFO - [2024-05-29T13:43:59.269+0000] {dag.py:3096} INFO - Sync 2 DAGs
[2024-05-29T13:43:59.278+0000] {logging_mixin.py:188} INFO - [2024-05-29T13:43:59.278+0000] {dag.py:3954} INFO - Setting next_dagrun for example_xcom_args to None, run_after=None
[2024-05-29T13:43:59.280+0000] {logging_mixin.py:188} INFO - [2024-05-29T13:43:59.280+0000] {dag.py:3954} INFO - Setting next_dagrun for example_xcom_args_with_operators to None, run_after=None
[2024-05-29T13:43:59.292+0000] {processor.py:183} INFO - Processing /home/airflow/.local/lib/python3.12/site-packages/airflow/example_dags/example_xcomargs.py took 0.054 seconds
[2024-05-29T13:44:29.824+0000] {processor.py:161} INFO - Started process (PID=192) to work on /home/airflow/.local/lib/python3.12/site-packages/airflow/example_dags/example_xcomargs.py
[2024-05-29T13:44:29.829+0000] {processor.py:830} INFO - Processing file /home/airflow/.local/lib/python3.12/site-packages/airflow/example_dags/example_xcomargs.py for tasks to queue
[2024-05-29T13:44:29.831+0000] {logging_mixin.py:188} INFO - [2024-05-29T13:44:29.831+0000] {dagbag.py:545} INFO - Filling up the DagBag from /home/airflow/.local/lib/python3.12/site-packages/airflow/example_dags/example_xcomargs.py
[2024-05-29T13:44:29.838+0000] {processor.py:840} INFO - DAG(s) 'example_xcom_args_with_operators', 'example_xcom_args' retrieved from /home/airflow/.local/lib/python3.12/site-packages/airflow/example_dags/example_xcomargs.py
[2024-05-29T13:44:29.854+0000] {logging_mixin.py:188} INFO - [2024-05-29T13:44:29.854+0000] {dag.py:3096} INFO - Sync 2 DAGs
[2024-05-29T13:44:29.862+0000] {logging_mixin.py:188} INFO - [2024-05-29T13:44:29.862+0000] {dag.py:3954} INFO - Setting next_dagrun for example_xcom_args to None, run_after=None
[2024-05-29T13:44:29.864+0000] {logging_mixin.py:188} INFO - [2024-05-29T13:44:29.864+0000] {dag.py:3954} INFO - Setting next_dagrun for example_xcom_args_with_operators to None, run_after=None
[2024-05-29T13:44:29.877+0000] {processor.py:183} INFO - Processing /home/airflow/.local/lib/python3.12/site-packages/airflow/example_dags/example_xcomargs.py took 0.057 seconds
[2024-05-29T13:45:00.449+0000] {processor.py:161} INFO - Started process (PID=251) to work on /home/airflow/.local/lib/python3.12/site-packages/airflow/example_dags/example_xcomargs.py
[2024-05-29T13:45:00.451+0000] {processor.py:830} INFO - Processing file /home/airflow/.local/lib/python3.12/site-packages/airflow/example_dags/example_xcomargs.py for tasks to queue
[2024-05-29T13:45:00.453+0000] {logging_mixin.py:188} INFO - [2024-05-29T13:45:00.452+0000] {dagbag.py:545} INFO - Filling up the DagBag from /home/airflow/.local/lib/python3.12/site-packages/airflow/example_dags/example_xcomargs.py
[2024-05-29T13:45:00.458+0000] {processor.py:840} INFO - DAG(s) 'example_xcom_args_with_operators', 'example_xcom_args' retrieved from /home/airflow/.local/lib/python3.12/site-packages/airflow/example_dags/example_xcomargs.py
[2024-05-29T13:45:00.474+0000] {logging_mixin.py:188} INFO - [2024-05-29T13:45:00.474+0000] {dag.py:3096} INFO - Sync 2 DAGs
[2024-05-29T13:45:00.482+0000] {logging_mixin.py:188} INFO - [2024-05-29T13:45:00.482+0000] {dag.py:3954} INFO - Setting next_dagrun for example_xcom_args to None, run_after=None
[2024-05-29T13:45:00.484+0000] {logging_mixin.py:188} INFO - [2024-05-29T13:45:00.484+0000] {dag.py:3954} INFO - Setting next_dagrun for example_xcom_args_with_operators to None, run_after=None
[2024-05-29T13:45:00.497+0000] {processor.py:183} INFO - Processing /home/airflow/.local/lib/python3.12/site-packages/airflow/example_dags/example_xcomargs.py took 0.053 seconds
[2024-05-29T13:45:31.085+0000] {processor.py:161} INFO - Started process (PID=310) to work on /home/airflow/.local/lib/python3.12/site-packages/airflow/example_dags/example_xcomargs.py
[2024-05-29T13:45:31.089+0000] {processor.py:830} INFO - Processing file /home/airflow/.local/lib/python3.12/site-packages/airflow/example_dags/example_xcomargs.py for tasks to queue
[2024-05-29T13:45:31.090+0000] {logging_mixin.py:188} INFO - [2024-05-29T13:45:31.090+0000] {dagbag.py:545} INFO - Filling up the DagBag from /home/airflow/.local/lib/python3.12/site-packages/airflow/example_dags/example_xcomargs.py
[2024-05-29T13:45:31.095+0000] {processor.py:840} INFO - DAG(s) 'example_xcom_args_with_operators', 'example_xcom_args' retrieved from /home/airflow/.local/lib/python3.12/site-packages/airflow/example_dags/example_xcomargs.py
[2024-05-29T13:45:31.111+0000] {logging_mixin.py:188} INFO - [2024-05-29T13:45:31.111+0000] {dag.py:3096} INFO - Sync 2 DAGs
[2024-05-29T13:45:31.118+0000] {logging_mixin.py:188} INFO - [2024-05-29T13:45:31.118+0000] {dag.py:3954} INFO - Setting next_dagrun for example_xcom_args to None, run_after=None
[2024-05-29T13:45:31.121+0000] {logging_mixin.py:188} INFO - [2024-05-29T13:45:31.120+0000] {dag.py:3954} INFO - Setting next_dagrun for example_xcom_args_with_operators to None, run_after=None
[2024-05-29T13:45:31.131+0000] {processor.py:183} INFO - Processing /home/airflow/.local/lib/python3.12/site-packages/airflow/example_dags/example_xcomargs.py took 0.051 seconds
[2024-05-29T13:46:01.777+0000] {processor.py:161} INFO - Started process (PID=369) to work on /home/airflow/.local/lib/python3.12/site-packages/airflow/example_dags/example_xcomargs.py
[2024-05-29T13:46:01.779+0000] {processor.py:830} INFO - Processing file /home/airflow/.local/lib/python3.12/site-packages/airflow/example_dags/example_xcomargs.py for tasks to queue
[2024-05-29T13:46:01.780+0000] {logging_mixin.py:188} INFO - [2024-05-29T13:46:01.779+0000] {dagbag.py:545} INFO - Filling up the DagBag from /home/airflow/.local/lib/python3.12/site-packages/airflow/example_dags/example_xcomargs.py
[2024-05-29T13:46:01.785+0000] {processor.py:840} INFO - DAG(s) 'example_xcom_args', 'example_xcom_args_with_operators' retrieved from /home/airflow/.local/lib/python3.12/site-packages/airflow/example_dags/example_xcomargs.py
[2024-05-29T13:46:01.801+0000] {logging_mixin.py:188} INFO - [2024-05-29T13:46:01.801+0000] {dag.py:3096} INFO - Sync 2 DAGs
[2024-05-29T13:46:01.808+0000] {logging_mixin.py:188} INFO - [2024-05-29T13:46:01.808+0000] {dag.py:3954} INFO - Setting next_dagrun for example_xcom_args to None, run_after=None
[2024-05-29T13:46:01.810+0000] {logging_mixin.py:188} INFO - [2024-05-29T13:46:01.810+0000] {dag.py:3954} INFO - Setting next_dagrun for example_xcom_args_with_operators to None, run_after=None
[2024-05-29T13:46:01.820+0000] {processor.py:183} INFO - Processing /home/airflow/.local/lib/python3.12/site-packages/airflow/example_dags/example_xcomargs.py took 0.046 seconds
[2024-05-29T13:46:32.529+0000] {processor.py:161} INFO - Started process (PID=428) to work on /home/airflow/.local/lib/python3.12/site-packages/airflow/example_dags/example_xcomargs.py
[2024-05-29T13:46:32.530+0000] {processor.py:830} INFO - Processing file /home/airflow/.local/lib/python3.12/site-packages/airflow/example_dags/example_xcomargs.py for tasks to queue
[2024-05-29T13:46:32.532+0000] {logging_mixin.py:188} INFO - [2024-05-29T13:46:32.532+0000] {dagbag.py:545} INFO - Filling up the DagBag from /home/airflow/.local/lib/python3.12/site-packages/airflow/example_dags/example_xcomargs.py
[2024-05-29T13:46:32.539+0000] {processor.py:840} INFO - DAG(s) 'example_xcom_args_with_operators', 'example_xcom_args' retrieved from /home/airflow/.local/lib/python3.12/site-packages/airflow/example_dags/example_xcomargs.py
[2024-05-29T13:46:32.558+0000] {logging_mixin.py:188} INFO - [2024-05-29T13:46:32.558+0000] {dag.py:3096} INFO - Sync 2 DAGs
[2024-05-29T13:46:32.567+0000] {logging_mixin.py:188} INFO - [2024-05-29T13:46:32.567+0000] {dag.py:3954} INFO - Setting next_dagrun for example_xcom_args to None, run_after=None
[2024-05-29T13:46:32.570+0000] {logging_mixin.py:188} INFO - [2024-05-29T13:46:32.569+0000] {dag.py:3954} INFO - Setting next_dagrun for example_xcom_args_with_operators to None, run_after=None
[2024-05-29T13:46:32.580+0000] {processor.py:183} INFO - Processing /home/airflow/.local/lib/python3.12/site-packages/airflow/example_dags/example_xcomargs.py took 0.056 seconds
[2024-05-29T13:47:02.629+0000] {processor.py:161} INFO - Started process (PID=487) to work on /home/airflow/.local/lib/python3.12/site-packages/airflow/example_dags/example_xcomargs.py
[2024-05-29T13:47:02.630+0000] {processor.py:830} INFO - Processing file /home/airflow/.local/lib/python3.12/site-packages/airflow/example_dags/example_xcomargs.py for tasks to queue
[2024-05-29T13:47:02.631+0000] {logging_mixin.py:188} INFO - [2024-05-29T13:47:02.631+0000] {dagbag.py:545} INFO - Filling up the DagBag from /home/airflow/.local/lib/python3.12/site-packages/airflow/example_dags/example_xcomargs.py
[2024-05-29T13:47:02.636+0000] {processor.py:840} INFO - DAG(s) 'example_xcom_args_with_operators', 'example_xcom_args' retrieved from /home/airflow/.local/lib/python3.12/site-packages/airflow/example_dags/example_xcomargs.py
[2024-05-29T13:47:02.652+0000] {logging_mixin.py:188} INFO - [2024-05-29T13:47:02.652+0000] {dag.py:3096} INFO - Sync 2 DAGs
[2024-05-29T13:47:02.661+0000] {logging_mixin.py:188} INFO - [2024-05-29T13:47:02.660+0000] {dag.py:3954} INFO - Setting next_dagrun for example_xcom_args to None, run_after=None
[2024-05-29T13:47:02.663+0000] {logging_mixin.py:188} INFO - [2024-05-29T13:47:02.663+0000] {dag.py:3954} INFO - Setting next_dagrun for example_xcom_args_with_operators to None, run_after=None
[2024-05-29T13:47:02.674+0000] {processor.py:183} INFO - Processing /home/airflow/.local/lib/python3.12/site-packages/airflow/example_dags/example_xcomargs.py took 0.051 seconds
[2024-05-29T14:22:18.609+0000] {processor.py:161} INFO - Started process (PID=74) to work on /home/airflow/.local/lib/python3.12/site-packages/airflow/example_dags/example_xcomargs.py
[2024-05-29T14:22:18.610+0000] {processor.py:830} INFO - Processing file /home/airflow/.local/lib/python3.12/site-packages/airflow/example_dags/example_xcomargs.py for tasks to queue
[2024-05-29T14:22:18.611+0000] {logging_mixin.py:188} INFO - [2024-05-29T14:22:18.611+0000] {dagbag.py:545} INFO - Filling up the DagBag from /home/airflow/.local/lib/python3.12/site-packages/airflow/example_dags/example_xcomargs.py
[2024-05-29T14:22:18.617+0000] {processor.py:840} INFO - DAG(s) 'example_xcom_args', 'example_xcom_args_with_operators' retrieved from /home/airflow/.local/lib/python3.12/site-packages/airflow/example_dags/example_xcomargs.py
[2024-05-29T14:22:18.625+0000] {logging_mixin.py:188} INFO - [2024-05-29T14:22:18.625+0000] {dag.py:3096} INFO - Sync 2 DAGs
[2024-05-29T14:22:18.634+0000] {logging_mixin.py:188} INFO - [2024-05-29T14:22:18.634+0000] {dag.py:3954} INFO - Setting next_dagrun for example_xcom_args to None, run_after=None
[2024-05-29T14:22:18.637+0000] {logging_mixin.py:188} INFO - [2024-05-29T14:22:18.636+0000] {dag.py:3954} INFO - Setting next_dagrun for example_xcom_args_with_operators to None, run_after=None
[2024-05-29T14:22:18.648+0000] {processor.py:183} INFO - Processing /home/airflow/.local/lib/python3.12/site-packages/airflow/example_dags/example_xcomargs.py took 0.043 seconds
[2024-05-29T14:22:50.014+0000] {processor.py:161} INFO - Started process (PID=133) to work on /home/airflow/.local/lib/python3.12/site-packages/airflow/example_dags/example_xcomargs.py
[2024-05-29T14:22:50.015+0000] {processor.py:830} INFO - Processing file /home/airflow/.local/lib/python3.12/site-packages/airflow/example_dags/example_xcomargs.py for tasks to queue
[2024-05-29T14:22:50.016+0000] {logging_mixin.py:188} INFO - [2024-05-29T14:22:50.016+0000] {dagbag.py:545} INFO - Filling up the DagBag from /home/airflow/.local/lib/python3.12/site-packages/airflow/example_dags/example_xcomargs.py
[2024-05-29T14:22:50.021+0000] {processor.py:840} INFO - DAG(s) 'example_xcom_args_with_operators', 'example_xcom_args' retrieved from /home/airflow/.local/lib/python3.12/site-packages/airflow/example_dags/example_xcomargs.py
[2024-05-29T14:22:50.092+0000] {logging_mixin.py:188} INFO - [2024-05-29T14:22:50.091+0000] {dag.py:3096} INFO - Sync 2 DAGs
[2024-05-29T14:22:50.098+0000] {logging_mixin.py:188} INFO - [2024-05-29T14:22:50.098+0000] {dag.py:3954} INFO - Setting next_dagrun for example_xcom_args to None, run_after=None
[2024-05-29T14:22:50.100+0000] {logging_mixin.py:188} INFO - [2024-05-29T14:22:50.100+0000] {dag.py:3954} INFO - Setting next_dagrun for example_xcom_args_with_operators to None, run_after=None
[2024-05-29T14:22:50.113+0000] {processor.py:183} INFO - Processing /home/airflow/.local/lib/python3.12/site-packages/airflow/example_dags/example_xcomargs.py took 0.102 seconds
[2024-05-29T14:36:33.567+0000] {processor.py:161} INFO - Started process (PID=75) to work on /home/airflow/.local/lib/python3.12/site-packages/airflow/example_dags/example_xcomargs.py
[2024-05-29T14:36:33.568+0000] {processor.py:830} INFO - Processing file /home/airflow/.local/lib/python3.12/site-packages/airflow/example_dags/example_xcomargs.py for tasks to queue
[2024-05-29T14:36:33.569+0000] {logging_mixin.py:188} INFO - [2024-05-29T14:36:33.568+0000] {dagbag.py:545} INFO - Filling up the DagBag from /home/airflow/.local/lib/python3.12/site-packages/airflow/example_dags/example_xcomargs.py
[2024-05-29T14:36:33.574+0000] {processor.py:840} INFO - DAG(s) 'example_xcom_args_with_operators', 'example_xcom_args' retrieved from /home/airflow/.local/lib/python3.12/site-packages/airflow/example_dags/example_xcomargs.py
[2024-05-29T14:36:33.639+0000] {logging_mixin.py:188} INFO - [2024-05-29T14:36:33.639+0000] {override.py:1829} INFO - Created Permission View: can read on DAG:example_xcom_args_with_operators
[2024-05-29T14:36:33.646+0000] {logging_mixin.py:188} INFO - [2024-05-29T14:36:33.646+0000] {override.py:1829} INFO - Created Permission View: can delete on DAG:example_xcom_args_with_operators
[2024-05-29T14:36:33.652+0000] {logging_mixin.py:188} INFO - [2024-05-29T14:36:33.652+0000] {override.py:1829} INFO - Created Permission View: can edit on DAG:example_xcom_args_with_operators
[2024-05-29T14:36:33.662+0000] {logging_mixin.py:188} INFO - [2024-05-29T14:36:33.662+0000] {override.py:1829} INFO - Created Permission View: can read on DAG:example_xcom_args
[2024-05-29T14:36:33.668+0000] {logging_mixin.py:188} INFO - [2024-05-29T14:36:33.667+0000] {override.py:1829} INFO - Created Permission View: can delete on DAG:example_xcom_args
[2024-05-29T14:36:33.672+0000] {logging_mixin.py:188} INFO - [2024-05-29T14:36:33.672+0000] {override.py:1829} INFO - Created Permission View: can edit on DAG:example_xcom_args
[2024-05-29T14:36:33.673+0000] {logging_mixin.py:188} INFO - [2024-05-29T14:36:33.672+0000] {dag.py:3096} INFO - Sync 2 DAGs
[2024-05-29T14:36:33.679+0000] {logging_mixin.py:188} INFO - [2024-05-29T14:36:33.679+0000] {dag.py:3118} INFO - Creating ORM DAG for example_xcom_args_with_operators
[2024-05-29T14:36:33.680+0000] {logging_mixin.py:188} INFO - [2024-05-29T14:36:33.680+0000] {dag.py:3118} INFO - Creating ORM DAG for example_xcom_args
[2024-05-29T14:36:33.680+0000] {logging_mixin.py:188} INFO - [2024-05-29T14:36:33.680+0000] {dag.py:3954} INFO - Setting next_dagrun for example_xcom_args to None, run_after=None
[2024-05-29T14:36:33.680+0000] {logging_mixin.py:188} INFO - [2024-05-29T14:36:33.680+0000] {dag.py:3954} INFO - Setting next_dagrun for example_xcom_args_with_operators to None, run_after=None
[2024-05-29T14:36:33.694+0000] {processor.py:183} INFO - Processing /home/airflow/.local/lib/python3.12/site-packages/airflow/example_dags/example_xcomargs.py took 0.130 seconds
[2024-05-29T14:37:04.306+0000] {processor.py:161} INFO - Started process (PID=135) to work on /home/airflow/.local/lib/python3.12/site-packages/airflow/example_dags/example_xcomargs.py
[2024-05-29T14:37:04.307+0000] {processor.py:830} INFO - Processing file /home/airflow/.local/lib/python3.12/site-packages/airflow/example_dags/example_xcomargs.py for tasks to queue
[2024-05-29T14:37:04.308+0000] {logging_mixin.py:188} INFO - [2024-05-29T14:37:04.308+0000] {dagbag.py:545} INFO - Filling up the DagBag from /home/airflow/.local/lib/python3.12/site-packages/airflow/example_dags/example_xcomargs.py
[2024-05-29T14:37:04.314+0000] {processor.py:840} INFO - DAG(s) 'example_xcom_args', 'example_xcom_args_with_operators' retrieved from /home/airflow/.local/lib/python3.12/site-packages/airflow/example_dags/example_xcomargs.py
[2024-05-29T14:37:04.328+0000] {logging_mixin.py:188} INFO - [2024-05-29T14:37:04.328+0000] {dag.py:3096} INFO - Sync 2 DAGs
[2024-05-29T14:37:04.337+0000] {logging_mixin.py:188} INFO - [2024-05-29T14:37:04.337+0000] {dag.py:3954} INFO - Setting next_dagrun for example_xcom_args to None, run_after=None
[2024-05-29T14:37:04.340+0000] {logging_mixin.py:188} INFO - [2024-05-29T14:37:04.340+0000] {dag.py:3954} INFO - Setting next_dagrun for example_xcom_args_with_operators to None, run_after=None
[2024-05-29T14:37:04.351+0000] {processor.py:183} INFO - Processing /home/airflow/.local/lib/python3.12/site-packages/airflow/example_dags/example_xcomargs.py took 0.048 seconds
[2024-05-29T14:37:34.565+0000] {processor.py:161} INFO - Started process (PID=195) to work on /home/airflow/.local/lib/python3.12/site-packages/airflow/example_dags/example_xcomargs.py
[2024-05-29T14:37:34.566+0000] {processor.py:830} INFO - Processing file /home/airflow/.local/lib/python3.12/site-packages/airflow/example_dags/example_xcomargs.py for tasks to queue
[2024-05-29T14:37:34.567+0000] {logging_mixin.py:188} INFO - [2024-05-29T14:37:34.567+0000] {dagbag.py:545} INFO - Filling up the DagBag from /home/airflow/.local/lib/python3.12/site-packages/airflow/example_dags/example_xcomargs.py
[2024-05-29T14:37:34.572+0000] {processor.py:840} INFO - DAG(s) 'example_xcom_args_with_operators', 'example_xcom_args' retrieved from /home/airflow/.local/lib/python3.12/site-packages/airflow/example_dags/example_xcomargs.py
[2024-05-29T14:37:34.586+0000] {logging_mixin.py:188} INFO - [2024-05-29T14:37:34.586+0000] {dag.py:3096} INFO - Sync 2 DAGs
[2024-05-29T14:37:34.594+0000] {logging_mixin.py:188} INFO - [2024-05-29T14:37:34.594+0000] {dag.py:3954} INFO - Setting next_dagrun for example_xcom_args to None, run_after=None
[2024-05-29T14:37:34.596+0000] {logging_mixin.py:188} INFO - [2024-05-29T14:37:34.596+0000] {dag.py:3954} INFO - Setting next_dagrun for example_xcom_args_with_operators to None, run_after=None
[2024-05-29T14:37:34.607+0000] {processor.py:183} INFO - Processing /home/airflow/.local/lib/python3.12/site-packages/airflow/example_dags/example_xcomargs.py took 0.046 seconds
[2024-05-29T14:38:04.734+0000] {processor.py:161} INFO - Started process (PID=255) to work on /home/airflow/.local/lib/python3.12/site-packages/airflow/example_dags/example_xcomargs.py
[2024-05-29T14:38:04.735+0000] {processor.py:830} INFO - Processing file /home/airflow/.local/lib/python3.12/site-packages/airflow/example_dags/example_xcomargs.py for tasks to queue
[2024-05-29T14:38:04.736+0000] {logging_mixin.py:188} INFO - [2024-05-29T14:38:04.736+0000] {dagbag.py:545} INFO - Filling up the DagBag from /home/airflow/.local/lib/python3.12/site-packages/airflow/example_dags/example_xcomargs.py
[2024-05-29T14:38:04.742+0000] {processor.py:840} INFO - DAG(s) 'example_xcom_args_with_operators', 'example_xcom_args' retrieved from /home/airflow/.local/lib/python3.12/site-packages/airflow/example_dags/example_xcomargs.py
[2024-05-29T14:38:04.757+0000] {logging_mixin.py:188} INFO - [2024-05-29T14:38:04.757+0000] {dag.py:3096} INFO - Sync 2 DAGs
[2024-05-29T14:38:04.765+0000] {logging_mixin.py:188} INFO - [2024-05-29T14:38:04.765+0000] {dag.py:3954} INFO - Setting next_dagrun for example_xcom_args to None, run_after=None
[2024-05-29T14:38:04.768+0000] {logging_mixin.py:188} INFO - [2024-05-29T14:38:04.768+0000] {dag.py:3954} INFO - Setting next_dagrun for example_xcom_args_with_operators to None, run_after=None
[2024-05-29T14:38:04.779+0000] {processor.py:183} INFO - Processing /home/airflow/.local/lib/python3.12/site-packages/airflow/example_dags/example_xcomargs.py took 0.048 seconds
[2024-05-29T14:47:13.996+0000] {processor.py:161} INFO - Started process (PID=76) to work on /home/airflow/.local/lib/python3.12/site-packages/airflow/example_dags/example_xcomargs.py
[2024-05-29T14:47:13.996+0000] {processor.py:830} INFO - Processing file /home/airflow/.local/lib/python3.12/site-packages/airflow/example_dags/example_xcomargs.py for tasks to queue
[2024-05-29T14:47:13.998+0000] {logging_mixin.py:188} INFO - [2024-05-29T14:47:13.997+0000] {dagbag.py:545} INFO - Filling up the DagBag from /home/airflow/.local/lib/python3.12/site-packages/airflow/example_dags/example_xcomargs.py
[2024-05-29T14:47:14.003+0000] {processor.py:840} INFO - DAG(s) 'example_xcom_args_with_operators', 'example_xcom_args' retrieved from /home/airflow/.local/lib/python3.12/site-packages/airflow/example_dags/example_xcomargs.py
[2024-05-29T14:47:14.018+0000] {logging_mixin.py:188} INFO - [2024-05-29T14:47:14.018+0000] {dag.py:3096} INFO - Sync 2 DAGs
[2024-05-29T14:47:14.026+0000] {logging_mixin.py:188} INFO - [2024-05-29T14:47:14.026+0000] {dag.py:3954} INFO - Setting next_dagrun for example_xcom_args to None, run_after=None
[2024-05-29T14:47:14.029+0000] {logging_mixin.py:188} INFO - [2024-05-29T14:47:14.029+0000] {dag.py:3954} INFO - Setting next_dagrun for example_xcom_args_with_operators to None, run_after=None
[2024-05-29T14:47:14.040+0000] {processor.py:183} INFO - Processing /home/airflow/.local/lib/python3.12/site-packages/airflow/example_dags/example_xcomargs.py took 0.048 seconds
[2024-05-29T14:47:44.879+0000] {processor.py:161} INFO - Started process (PID=136) to work on /home/airflow/.local/lib/python3.12/site-packages/airflow/example_dags/example_xcomargs.py
[2024-05-29T14:47:44.880+0000] {processor.py:830} INFO - Processing file /home/airflow/.local/lib/python3.12/site-packages/airflow/example_dags/example_xcomargs.py for tasks to queue
[2024-05-29T14:47:44.881+0000] {logging_mixin.py:188} INFO - [2024-05-29T14:47:44.881+0000] {dagbag.py:545} INFO - Filling up the DagBag from /home/airflow/.local/lib/python3.12/site-packages/airflow/example_dags/example_xcomargs.py
[2024-05-29T14:47:44.886+0000] {processor.py:840} INFO - DAG(s) 'example_xcom_args', 'example_xcom_args_with_operators' retrieved from /home/airflow/.local/lib/python3.12/site-packages/airflow/example_dags/example_xcomargs.py
[2024-05-29T14:47:44.900+0000] {logging_mixin.py:188} INFO - [2024-05-29T14:47:44.900+0000] {dag.py:3096} INFO - Sync 2 DAGs
[2024-05-29T14:47:44.908+0000] {logging_mixin.py:188} INFO - [2024-05-29T14:47:44.908+0000] {dag.py:3954} INFO - Setting next_dagrun for example_xcom_args to None, run_after=None
[2024-05-29T14:47:44.910+0000] {logging_mixin.py:188} INFO - [2024-05-29T14:47:44.910+0000] {dag.py:3954} INFO - Setting next_dagrun for example_xcom_args_with_operators to None, run_after=None
[2024-05-29T14:47:44.920+0000] {processor.py:183} INFO - Processing /home/airflow/.local/lib/python3.12/site-packages/airflow/example_dags/example_xcomargs.py took 0.044 seconds
[2024-05-29T14:48:16.105+0000] {processor.py:161} INFO - Started process (PID=196) to work on /home/airflow/.local/lib/python3.12/site-packages/airflow/example_dags/example_xcomargs.py
[2024-05-29T14:48:16.106+0000] {processor.py:830} INFO - Processing file /home/airflow/.local/lib/python3.12/site-packages/airflow/example_dags/example_xcomargs.py for tasks to queue
[2024-05-29T14:48:16.107+0000] {logging_mixin.py:188} INFO - [2024-05-29T14:48:16.107+0000] {dagbag.py:545} INFO - Filling up the DagBag from /home/airflow/.local/lib/python3.12/site-packages/airflow/example_dags/example_xcomargs.py
[2024-05-29T14:48:16.112+0000] {processor.py:840} INFO - DAG(s) 'example_xcom_args_with_operators', 'example_xcom_args' retrieved from /home/airflow/.local/lib/python3.12/site-packages/airflow/example_dags/example_xcomargs.py
[2024-05-29T14:48:16.126+0000] {logging_mixin.py:188} INFO - [2024-05-29T14:48:16.126+0000] {dag.py:3096} INFO - Sync 2 DAGs
[2024-05-29T14:48:16.134+0000] {logging_mixin.py:188} INFO - [2024-05-29T14:48:16.133+0000] {dag.py:3954} INFO - Setting next_dagrun for example_xcom_args to None, run_after=None
[2024-05-29T14:48:16.136+0000] {logging_mixin.py:188} INFO - [2024-05-29T14:48:16.136+0000] {dag.py:3954} INFO - Setting next_dagrun for example_xcom_args_with_operators to None, run_after=None
[2024-05-29T14:48:16.146+0000] {processor.py:183} INFO - Processing /home/airflow/.local/lib/python3.12/site-packages/airflow/example_dags/example_xcomargs.py took 0.045 seconds
[2024-05-29T14:48:47.101+0000] {processor.py:161} INFO - Started process (PID=256) to work on /home/airflow/.local/lib/python3.12/site-packages/airflow/example_dags/example_xcomargs.py
[2024-05-29T14:48:47.102+0000] {processor.py:830} INFO - Processing file /home/airflow/.local/lib/python3.12/site-packages/airflow/example_dags/example_xcomargs.py for tasks to queue
[2024-05-29T14:48:47.103+0000] {logging_mixin.py:188} INFO - [2024-05-29T14:48:47.103+0000] {dagbag.py:545} INFO - Filling up the DagBag from /home/airflow/.local/lib/python3.12/site-packages/airflow/example_dags/example_xcomargs.py
[2024-05-29T14:48:47.108+0000] {processor.py:840} INFO - DAG(s) 'example_xcom_args_with_operators', 'example_xcom_args' retrieved from /home/airflow/.local/lib/python3.12/site-packages/airflow/example_dags/example_xcomargs.py
[2024-05-29T14:48:47.122+0000] {logging_mixin.py:188} INFO - [2024-05-29T14:48:47.122+0000] {dag.py:3096} INFO - Sync 2 DAGs
[2024-05-29T14:48:47.131+0000] {logging_mixin.py:188} INFO - [2024-05-29T14:48:47.130+0000] {dag.py:3954} INFO - Setting next_dagrun for example_xcom_args to None, run_after=None
[2024-05-29T14:48:47.133+0000] {logging_mixin.py:188} INFO - [2024-05-29T14:48:47.133+0000] {dag.py:3954} INFO - Setting next_dagrun for example_xcom_args_with_operators to None, run_after=None
[2024-05-29T14:48:47.143+0000] {processor.py:183} INFO - Processing /home/airflow/.local/lib/python3.12/site-packages/airflow/example_dags/example_xcomargs.py took 0.045 seconds
[2024-05-29T14:49:18.038+0000] {processor.py:161} INFO - Started process (PID=316) to work on /home/airflow/.local/lib/python3.12/site-packages/airflow/example_dags/example_xcomargs.py
[2024-05-29T14:49:18.039+0000] {processor.py:830} INFO - Processing file /home/airflow/.local/lib/python3.12/site-packages/airflow/example_dags/example_xcomargs.py for tasks to queue
[2024-05-29T14:49:18.040+0000] {logging_mixin.py:188} INFO - [2024-05-29T14:49:18.039+0000] {dagbag.py:545} INFO - Filling up the DagBag from /home/airflow/.local/lib/python3.12/site-packages/airflow/example_dags/example_xcomargs.py
[2024-05-29T14:49:18.044+0000] {processor.py:840} INFO - DAG(s) 'example_xcom_args_with_operators', 'example_xcom_args' retrieved from /home/airflow/.local/lib/python3.12/site-packages/airflow/example_dags/example_xcomargs.py
[2024-05-29T14:49:18.058+0000] {logging_mixin.py:188} INFO - [2024-05-29T14:49:18.058+0000] {dag.py:3096} INFO - Sync 2 DAGs
[2024-05-29T14:49:18.066+0000] {logging_mixin.py:188} INFO - [2024-05-29T14:49:18.066+0000] {dag.py:3954} INFO - Setting next_dagrun for example_xcom_args to None, run_after=None
[2024-05-29T14:49:18.068+0000] {logging_mixin.py:188} INFO - [2024-05-29T14:49:18.068+0000] {dag.py:3954} INFO - Setting next_dagrun for example_xcom_args_with_operators to None, run_after=None
[2024-05-29T14:49:18.078+0000] {processor.py:183} INFO - Processing /home/airflow/.local/lib/python3.12/site-packages/airflow/example_dags/example_xcomargs.py took 0.044 seconds
[2024-05-29T14:49:48.168+0000] {processor.py:161} INFO - Started process (PID=376) to work on /home/airflow/.local/lib/python3.12/site-packages/airflow/example_dags/example_xcomargs.py
[2024-05-29T14:49:48.169+0000] {processor.py:830} INFO - Processing file /home/airflow/.local/lib/python3.12/site-packages/airflow/example_dags/example_xcomargs.py for tasks to queue
[2024-05-29T14:49:48.171+0000] {logging_mixin.py:188} INFO - [2024-05-29T14:49:48.170+0000] {dagbag.py:545} INFO - Filling up the DagBag from /home/airflow/.local/lib/python3.12/site-packages/airflow/example_dags/example_xcomargs.py
[2024-05-29T14:49:48.176+0000] {processor.py:840} INFO - DAG(s) 'example_xcom_args_with_operators', 'example_xcom_args' retrieved from /home/airflow/.local/lib/python3.12/site-packages/airflow/example_dags/example_xcomargs.py
[2024-05-29T14:49:48.192+0000] {logging_mixin.py:188} INFO - [2024-05-29T14:49:48.192+0000] {dag.py:3096} INFO - Sync 2 DAGs
[2024-05-29T14:49:48.200+0000] {logging_mixin.py:188} INFO - [2024-05-29T14:49:48.200+0000] {dag.py:3954} INFO - Setting next_dagrun for example_xcom_args to None, run_after=None
[2024-05-29T14:49:48.203+0000] {logging_mixin.py:188} INFO - [2024-05-29T14:49:48.202+0000] {dag.py:3954} INFO - Setting next_dagrun for example_xcom_args_with_operators to None, run_after=None
[2024-05-29T14:49:48.213+0000] {processor.py:183} INFO - Processing /home/airflow/.local/lib/python3.12/site-packages/airflow/example_dags/example_xcomargs.py took 0.049 seconds
