[2024-05-29T09:20:10.600+0000] {processor.py:161} INFO - Started process (PID=58) to work on /home/airflow/.local/lib/python3.12/site-packages/airflow/example_dags/example_python_decorator.py
[2024-05-29T09:20:10.601+0000] {processor.py:830} INFO - Processing file /home/airflow/.local/lib/python3.12/site-packages/airflow/example_dags/example_python_decorator.py for tasks to queue
[2024-05-29T09:20:10.602+0000] {logging_mixin.py:188} INFO - [2024-05-29T09:20:10.601+0000] {dagbag.py:545} INFO - Filling up the DagBag from /home/airflow/.local/lib/python3.12/site-packages/airflow/example_dags/example_python_decorator.py
[2024-05-29T09:20:10.611+0000] {processor.py:840} INFO - DAG(s) 'example_python_decorator' retrieved from /home/airflow/.local/lib/python3.12/site-packages/airflow/example_dags/example_python_decorator.py
[2024-05-29T09:20:10.677+0000] {logging_mixin.py:188} INFO - [2024-05-29T09:20:10.677+0000] {override.py:1829} INFO - Created Permission View: can read on DAG:example_python_decorator
[2024-05-29T09:20:10.684+0000] {logging_mixin.py:188} INFO - [2024-05-29T09:20:10.683+0000] {override.py:1829} INFO - Created Permission View: can delete on DAG:example_python_decorator
[2024-05-29T09:20:10.688+0000] {logging_mixin.py:188} INFO - [2024-05-29T09:20:10.687+0000] {override.py:1829} INFO - Created Permission View: can edit on DAG:example_python_decorator
[2024-05-29T09:20:10.688+0000] {logging_mixin.py:188} INFO - [2024-05-29T09:20:10.688+0000] {dag.py:3096} INFO - Sync 1 DAGs
[2024-05-29T09:20:10.695+0000] {logging_mixin.py:188} INFO - [2024-05-29T09:20:10.695+0000] {dag.py:3118} INFO - Creating ORM DAG for example_python_decorator
[2024-05-29T09:20:10.695+0000] {logging_mixin.py:188} INFO - [2024-05-29T09:20:10.695+0000] {dag.py:3954} INFO - Setting next_dagrun for example_python_decorator to None, run_after=None
[2024-05-29T09:20:10.706+0000] {processor.py:183} INFO - Processing /home/airflow/.local/lib/python3.12/site-packages/airflow/example_dags/example_python_decorator.py took 0.110 seconds
[2024-05-29T09:20:40.819+0000] {processor.py:161} INFO - Started process (PID=118) to work on /home/airflow/.local/lib/python3.12/site-packages/airflow/example_dags/example_python_decorator.py
[2024-05-29T09:20:40.820+0000] {processor.py:830} INFO - Processing file /home/airflow/.local/lib/python3.12/site-packages/airflow/example_dags/example_python_decorator.py for tasks to queue
[2024-05-29T09:20:40.821+0000] {logging_mixin.py:188} INFO - [2024-05-29T09:20:40.821+0000] {dagbag.py:545} INFO - Filling up the DagBag from /home/airflow/.local/lib/python3.12/site-packages/airflow/example_dags/example_python_decorator.py
[2024-05-29T09:20:40.828+0000] {processor.py:840} INFO - DAG(s) 'example_python_decorator' retrieved from /home/airflow/.local/lib/python3.12/site-packages/airflow/example_dags/example_python_decorator.py
[2024-05-29T09:20:40.841+0000] {logging_mixin.py:188} INFO - [2024-05-29T09:20:40.841+0000] {dag.py:3096} INFO - Sync 1 DAGs
[2024-05-29T09:20:40.848+0000] {logging_mixin.py:188} INFO - [2024-05-29T09:20:40.848+0000] {dag.py:3954} INFO - Setting next_dagrun for example_python_decorator to None, run_after=None
[2024-05-29T09:20:40.860+0000] {processor.py:183} INFO - Processing /home/airflow/.local/lib/python3.12/site-packages/airflow/example_dags/example_python_decorator.py took 0.045 seconds
[2024-05-29T09:21:11.663+0000] {processor.py:161} INFO - Started process (PID=178) to work on /home/airflow/.local/lib/python3.12/site-packages/airflow/example_dags/example_python_decorator.py
[2024-05-29T09:21:11.664+0000] {processor.py:830} INFO - Processing file /home/airflow/.local/lib/python3.12/site-packages/airflow/example_dags/example_python_decorator.py for tasks to queue
[2024-05-29T09:21:11.665+0000] {logging_mixin.py:188} INFO - [2024-05-29T09:21:11.664+0000] {dagbag.py:545} INFO - Filling up the DagBag from /home/airflow/.local/lib/python3.12/site-packages/airflow/example_dags/example_python_decorator.py
[2024-05-29T09:21:11.672+0000] {processor.py:840} INFO - DAG(s) 'example_python_decorator' retrieved from /home/airflow/.local/lib/python3.12/site-packages/airflow/example_dags/example_python_decorator.py
[2024-05-29T09:21:11.685+0000] {logging_mixin.py:188} INFO - [2024-05-29T09:21:11.685+0000] {dag.py:3096} INFO - Sync 1 DAGs
[2024-05-29T09:21:11.693+0000] {logging_mixin.py:188} INFO - [2024-05-29T09:21:11.693+0000] {dag.py:3954} INFO - Setting next_dagrun for example_python_decorator to None, run_after=None
[2024-05-29T09:21:11.704+0000] {processor.py:183} INFO - Processing /home/airflow/.local/lib/python3.12/site-packages/airflow/example_dags/example_python_decorator.py took 0.045 seconds
[2024-05-29T09:21:42.374+0000] {processor.py:161} INFO - Started process (PID=238) to work on /home/airflow/.local/lib/python3.12/site-packages/airflow/example_dags/example_python_decorator.py
[2024-05-29T09:21:42.375+0000] {processor.py:830} INFO - Processing file /home/airflow/.local/lib/python3.12/site-packages/airflow/example_dags/example_python_decorator.py for tasks to queue
[2024-05-29T09:21:42.376+0000] {logging_mixin.py:188} INFO - [2024-05-29T09:21:42.376+0000] {dagbag.py:545} INFO - Filling up the DagBag from /home/airflow/.local/lib/python3.12/site-packages/airflow/example_dags/example_python_decorator.py
[2024-05-29T09:21:42.383+0000] {processor.py:840} INFO - DAG(s) 'example_python_decorator' retrieved from /home/airflow/.local/lib/python3.12/site-packages/airflow/example_dags/example_python_decorator.py
[2024-05-29T09:21:42.397+0000] {logging_mixin.py:188} INFO - [2024-05-29T09:21:42.397+0000] {dag.py:3096} INFO - Sync 1 DAGs
[2024-05-29T09:21:42.405+0000] {logging_mixin.py:188} INFO - [2024-05-29T09:21:42.405+0000] {dag.py:3954} INFO - Setting next_dagrun for example_python_decorator to None, run_after=None
[2024-05-29T09:21:42.415+0000] {processor.py:183} INFO - Processing /home/airflow/.local/lib/python3.12/site-packages/airflow/example_dags/example_python_decorator.py took 0.045 seconds
[2024-05-29T09:22:13.146+0000] {processor.py:161} INFO - Started process (PID=298) to work on /home/airflow/.local/lib/python3.12/site-packages/airflow/example_dags/example_python_decorator.py
[2024-05-29T09:22:13.147+0000] {processor.py:830} INFO - Processing file /home/airflow/.local/lib/python3.12/site-packages/airflow/example_dags/example_python_decorator.py for tasks to queue
[2024-05-29T09:22:13.148+0000] {logging_mixin.py:188} INFO - [2024-05-29T09:22:13.148+0000] {dagbag.py:545} INFO - Filling up the DagBag from /home/airflow/.local/lib/python3.12/site-packages/airflow/example_dags/example_python_decorator.py
[2024-05-29T09:22:13.156+0000] {processor.py:840} INFO - DAG(s) 'example_python_decorator' retrieved from /home/airflow/.local/lib/python3.12/site-packages/airflow/example_dags/example_python_decorator.py
[2024-05-29T09:22:13.171+0000] {logging_mixin.py:188} INFO - [2024-05-29T09:22:13.171+0000] {dag.py:3096} INFO - Sync 1 DAGs
[2024-05-29T09:22:13.180+0000] {logging_mixin.py:188} INFO - [2024-05-29T09:22:13.180+0000] {dag.py:3954} INFO - Setting next_dagrun for example_python_decorator to None, run_after=None
[2024-05-29T09:22:13.202+0000] {processor.py:183} INFO - Processing /home/airflow/.local/lib/python3.12/site-packages/airflow/example_dags/example_python_decorator.py took 0.059 seconds
[2024-05-29T13:24:32.400+0000] {processor.py:161} INFO - Started process (PID=58) to work on /home/airflow/.local/lib/python3.12/site-packages/airflow/example_dags/example_python_decorator.py
[2024-05-29T13:24:32.401+0000] {processor.py:830} INFO - Processing file /home/airflow/.local/lib/python3.12/site-packages/airflow/example_dags/example_python_decorator.py for tasks to queue
[2024-05-29T13:24:32.402+0000] {logging_mixin.py:188} INFO - [2024-05-29T13:24:32.402+0000] {dagbag.py:545} INFO - Filling up the DagBag from /home/airflow/.local/lib/python3.12/site-packages/airflow/example_dags/example_python_decorator.py
[2024-05-29T13:24:32.413+0000] {processor.py:840} INFO - DAG(s) 'example_python_decorator' retrieved from /home/airflow/.local/lib/python3.12/site-packages/airflow/example_dags/example_python_decorator.py
[2024-05-29T13:24:32.483+0000] {logging_mixin.py:188} INFO - [2024-05-29T13:24:32.483+0000] {override.py:1829} INFO - Created Permission View: can read on DAG:example_python_decorator
[2024-05-29T13:24:32.490+0000] {logging_mixin.py:188} INFO - [2024-05-29T13:24:32.490+0000] {override.py:1829} INFO - Created Permission View: can delete on DAG:example_python_decorator
[2024-05-29T13:24:32.495+0000] {logging_mixin.py:188} INFO - [2024-05-29T13:24:32.495+0000] {override.py:1829} INFO - Created Permission View: can edit on DAG:example_python_decorator
[2024-05-29T13:24:32.495+0000] {logging_mixin.py:188} INFO - [2024-05-29T13:24:32.495+0000] {dag.py:3096} INFO - Sync 1 DAGs
[2024-05-29T13:24:32.503+0000] {logging_mixin.py:188} INFO - [2024-05-29T13:24:32.503+0000] {dag.py:3118} INFO - Creating ORM DAG for example_python_decorator
[2024-05-29T13:24:32.503+0000] {logging_mixin.py:188} INFO - [2024-05-29T13:24:32.503+0000] {dag.py:3954} INFO - Setting next_dagrun for example_python_decorator to None, run_after=None
[2024-05-29T13:24:32.515+0000] {processor.py:183} INFO - Processing /home/airflow/.local/lib/python3.12/site-packages/airflow/example_dags/example_python_decorator.py took 0.119 seconds
[2024-05-29T13:25:02.717+0000] {processor.py:161} INFO - Started process (PID=118) to work on /home/airflow/.local/lib/python3.12/site-packages/airflow/example_dags/example_python_decorator.py
[2024-05-29T13:25:02.718+0000] {processor.py:830} INFO - Processing file /home/airflow/.local/lib/python3.12/site-packages/airflow/example_dags/example_python_decorator.py for tasks to queue
[2024-05-29T13:25:02.719+0000] {logging_mixin.py:188} INFO - [2024-05-29T13:25:02.719+0000] {dagbag.py:545} INFO - Filling up the DagBag from /home/airflow/.local/lib/python3.12/site-packages/airflow/example_dags/example_python_decorator.py
[2024-05-29T13:25:02.727+0000] {processor.py:840} INFO - DAG(s) 'example_python_decorator' retrieved from /home/airflow/.local/lib/python3.12/site-packages/airflow/example_dags/example_python_decorator.py
[2024-05-29T13:25:02.743+0000] {logging_mixin.py:188} INFO - [2024-05-29T13:25:02.743+0000] {dag.py:3096} INFO - Sync 1 DAGs
[2024-05-29T13:25:02.751+0000] {logging_mixin.py:188} INFO - [2024-05-29T13:25:02.751+0000] {dag.py:3954} INFO - Setting next_dagrun for example_python_decorator to None, run_after=None
[2024-05-29T13:25:02.763+0000] {processor.py:183} INFO - Processing /home/airflow/.local/lib/python3.12/site-packages/airflow/example_dags/example_python_decorator.py took 0.049 seconds
[2024-05-29T13:25:33.804+0000] {processor.py:161} INFO - Started process (PID=178) to work on /home/airflow/.local/lib/python3.12/site-packages/airflow/example_dags/example_python_decorator.py
[2024-05-29T13:25:33.807+0000] {processor.py:830} INFO - Processing file /home/airflow/.local/lib/python3.12/site-packages/airflow/example_dags/example_python_decorator.py for tasks to queue
[2024-05-29T13:25:33.808+0000] {logging_mixin.py:188} INFO - [2024-05-29T13:25:33.808+0000] {dagbag.py:545} INFO - Filling up the DagBag from /home/airflow/.local/lib/python3.12/site-packages/airflow/example_dags/example_python_decorator.py
[2024-05-29T13:25:33.816+0000] {processor.py:840} INFO - DAG(s) 'example_python_decorator' retrieved from /home/airflow/.local/lib/python3.12/site-packages/airflow/example_dags/example_python_decorator.py
[2024-05-29T13:25:33.830+0000] {logging_mixin.py:188} INFO - [2024-05-29T13:25:33.829+0000] {dag.py:3096} INFO - Sync 1 DAGs
[2024-05-29T13:25:33.837+0000] {logging_mixin.py:188} INFO - [2024-05-29T13:25:33.837+0000] {dag.py:3954} INFO - Setting next_dagrun for example_python_decorator to None, run_after=None
[2024-05-29T13:25:33.849+0000] {processor.py:183} INFO - Processing /home/airflow/.local/lib/python3.12/site-packages/airflow/example_dags/example_python_decorator.py took 0.049 seconds
[2024-05-29T13:43:26.974+0000] {processor.py:161} INFO - Started process (PID=57) to work on /home/airflow/.local/lib/python3.12/site-packages/airflow/example_dags/example_python_decorator.py
[2024-05-29T13:43:26.974+0000] {processor.py:830} INFO - Processing file /home/airflow/.local/lib/python3.12/site-packages/airflow/example_dags/example_python_decorator.py for tasks to queue
[2024-05-29T13:43:26.975+0000] {logging_mixin.py:188} INFO - [2024-05-29T13:43:26.975+0000] {dagbag.py:545} INFO - Filling up the DagBag from /home/airflow/.local/lib/python3.12/site-packages/airflow/example_dags/example_python_decorator.py
[2024-05-29T13:43:26.985+0000] {processor.py:840} INFO - DAG(s) 'example_python_decorator' retrieved from /home/airflow/.local/lib/python3.12/site-packages/airflow/example_dags/example_python_decorator.py
[2024-05-29T13:43:27.056+0000] {logging_mixin.py:188} INFO - [2024-05-29T13:43:27.055+0000] {override.py:1829} INFO - Created Permission View: can edit on DAG:example_python_decorator
[2024-05-29T13:43:27.062+0000] {logging_mixin.py:188} INFO - [2024-05-29T13:43:27.062+0000] {override.py:1829} INFO - Created Permission View: can delete on DAG:example_python_decorator
[2024-05-29T13:43:27.066+0000] {logging_mixin.py:188} INFO - [2024-05-29T13:43:27.066+0000] {override.py:1829} INFO - Created Permission View: can read on DAG:example_python_decorator
[2024-05-29T13:43:27.066+0000] {logging_mixin.py:188} INFO - [2024-05-29T13:43:27.066+0000] {dag.py:3096} INFO - Sync 1 DAGs
[2024-05-29T13:43:27.074+0000] {logging_mixin.py:188} INFO - [2024-05-29T13:43:27.074+0000] {dag.py:3118} INFO - Creating ORM DAG for example_python_decorator
[2024-05-29T13:43:27.074+0000] {logging_mixin.py:188} INFO - [2024-05-29T13:43:27.074+0000] {dag.py:3954} INFO - Setting next_dagrun for example_python_decorator to None, run_after=None
[2024-05-29T13:43:27.085+0000] {processor.py:183} INFO - Processing /home/airflow/.local/lib/python3.12/site-packages/airflow/example_dags/example_python_decorator.py took 0.116 seconds
[2024-05-29T13:43:57.730+0000] {processor.py:161} INFO - Started process (PID=116) to work on /home/airflow/.local/lib/python3.12/site-packages/airflow/example_dags/example_python_decorator.py
[2024-05-29T13:43:57.730+0000] {processor.py:830} INFO - Processing file /home/airflow/.local/lib/python3.12/site-packages/airflow/example_dags/example_python_decorator.py for tasks to queue
[2024-05-29T13:43:57.731+0000] {logging_mixin.py:188} INFO - [2024-05-29T13:43:57.731+0000] {dagbag.py:545} INFO - Filling up the DagBag from /home/airflow/.local/lib/python3.12/site-packages/airflow/example_dags/example_python_decorator.py
[2024-05-29T13:43:57.739+0000] {processor.py:840} INFO - DAG(s) 'example_python_decorator' retrieved from /home/airflow/.local/lib/python3.12/site-packages/airflow/example_dags/example_python_decorator.py
[2024-05-29T13:43:57.752+0000] {logging_mixin.py:188} INFO - [2024-05-29T13:43:57.752+0000] {dag.py:3096} INFO - Sync 1 DAGs
[2024-05-29T13:43:57.759+0000] {logging_mixin.py:188} INFO - [2024-05-29T13:43:57.759+0000] {dag.py:3954} INFO - Setting next_dagrun for example_python_decorator to None, run_after=None
[2024-05-29T13:43:57.770+0000] {processor.py:183} INFO - Processing /home/airflow/.local/lib/python3.12/site-packages/airflow/example_dags/example_python_decorator.py took 0.044 seconds
[2024-05-29T13:44:28.340+0000] {processor.py:161} INFO - Started process (PID=175) to work on /home/airflow/.local/lib/python3.12/site-packages/airflow/example_dags/example_python_decorator.py
[2024-05-29T13:44:28.340+0000] {processor.py:830} INFO - Processing file /home/airflow/.local/lib/python3.12/site-packages/airflow/example_dags/example_python_decorator.py for tasks to queue
[2024-05-29T13:44:28.341+0000] {logging_mixin.py:188} INFO - [2024-05-29T13:44:28.341+0000] {dagbag.py:545} INFO - Filling up the DagBag from /home/airflow/.local/lib/python3.12/site-packages/airflow/example_dags/example_python_decorator.py
[2024-05-29T13:44:28.349+0000] {processor.py:840} INFO - DAG(s) 'example_python_decorator' retrieved from /home/airflow/.local/lib/python3.12/site-packages/airflow/example_dags/example_python_decorator.py
[2024-05-29T13:44:28.363+0000] {logging_mixin.py:188} INFO - [2024-05-29T13:44:28.363+0000] {dag.py:3096} INFO - Sync 1 DAGs
[2024-05-29T13:44:28.371+0000] {logging_mixin.py:188} INFO - [2024-05-29T13:44:28.371+0000] {dag.py:3954} INFO - Setting next_dagrun for example_python_decorator to None, run_after=None
[2024-05-29T13:44:28.382+0000] {processor.py:183} INFO - Processing /home/airflow/.local/lib/python3.12/site-packages/airflow/example_dags/example_python_decorator.py took 0.045 seconds
[2024-05-29T13:44:58.906+0000] {processor.py:161} INFO - Started process (PID=234) to work on /home/airflow/.local/lib/python3.12/site-packages/airflow/example_dags/example_python_decorator.py
[2024-05-29T13:44:58.907+0000] {processor.py:830} INFO - Processing file /home/airflow/.local/lib/python3.12/site-packages/airflow/example_dags/example_python_decorator.py for tasks to queue
[2024-05-29T13:44:58.908+0000] {logging_mixin.py:188} INFO - [2024-05-29T13:44:58.908+0000] {dagbag.py:545} INFO - Filling up the DagBag from /home/airflow/.local/lib/python3.12/site-packages/airflow/example_dags/example_python_decorator.py
[2024-05-29T13:44:58.916+0000] {processor.py:840} INFO - DAG(s) 'example_python_decorator' retrieved from /home/airflow/.local/lib/python3.12/site-packages/airflow/example_dags/example_python_decorator.py
[2024-05-29T13:44:58.929+0000] {logging_mixin.py:188} INFO - [2024-05-29T13:44:58.929+0000] {dag.py:3096} INFO - Sync 1 DAGs
[2024-05-29T13:44:58.937+0000] {logging_mixin.py:188} INFO - [2024-05-29T13:44:58.937+0000] {dag.py:3954} INFO - Setting next_dagrun for example_python_decorator to None, run_after=None
[2024-05-29T13:44:58.949+0000] {processor.py:183} INFO - Processing /home/airflow/.local/lib/python3.12/site-packages/airflow/example_dags/example_python_decorator.py took 0.046 seconds
[2024-05-29T13:45:29.572+0000] {processor.py:161} INFO - Started process (PID=293) to work on /home/airflow/.local/lib/python3.12/site-packages/airflow/example_dags/example_python_decorator.py
[2024-05-29T13:45:29.573+0000] {processor.py:830} INFO - Processing file /home/airflow/.local/lib/python3.12/site-packages/airflow/example_dags/example_python_decorator.py for tasks to queue
[2024-05-29T13:45:29.574+0000] {logging_mixin.py:188} INFO - [2024-05-29T13:45:29.574+0000] {dagbag.py:545} INFO - Filling up the DagBag from /home/airflow/.local/lib/python3.12/site-packages/airflow/example_dags/example_python_decorator.py
[2024-05-29T13:45:29.582+0000] {processor.py:840} INFO - DAG(s) 'example_python_decorator' retrieved from /home/airflow/.local/lib/python3.12/site-packages/airflow/example_dags/example_python_decorator.py
[2024-05-29T13:45:29.596+0000] {logging_mixin.py:188} INFO - [2024-05-29T13:45:29.596+0000] {dag.py:3096} INFO - Sync 1 DAGs
[2024-05-29T13:45:29.604+0000] {logging_mixin.py:188} INFO - [2024-05-29T13:45:29.604+0000] {dag.py:3954} INFO - Setting next_dagrun for example_python_decorator to None, run_after=None
[2024-05-29T13:45:29.616+0000] {processor.py:183} INFO - Processing /home/airflow/.local/lib/python3.12/site-packages/airflow/example_dags/example_python_decorator.py took 0.047 seconds
[2024-05-29T13:46:00.196+0000] {processor.py:161} INFO - Started process (PID=352) to work on /home/airflow/.local/lib/python3.12/site-packages/airflow/example_dags/example_python_decorator.py
[2024-05-29T13:46:00.197+0000] {processor.py:830} INFO - Processing file /home/airflow/.local/lib/python3.12/site-packages/airflow/example_dags/example_python_decorator.py for tasks to queue
[2024-05-29T13:46:00.198+0000] {logging_mixin.py:188} INFO - [2024-05-29T13:46:00.198+0000] {dagbag.py:545} INFO - Filling up the DagBag from /home/airflow/.local/lib/python3.12/site-packages/airflow/example_dags/example_python_decorator.py
[2024-05-29T13:46:00.206+0000] {processor.py:840} INFO - DAG(s) 'example_python_decorator' retrieved from /home/airflow/.local/lib/python3.12/site-packages/airflow/example_dags/example_python_decorator.py
[2024-05-29T13:46:00.219+0000] {logging_mixin.py:188} INFO - [2024-05-29T13:46:00.219+0000] {dag.py:3096} INFO - Sync 1 DAGs
[2024-05-29T13:46:00.227+0000] {logging_mixin.py:188} INFO - [2024-05-29T13:46:00.227+0000] {dag.py:3954} INFO - Setting next_dagrun for example_python_decorator to None, run_after=None
[2024-05-29T13:46:00.240+0000] {processor.py:183} INFO - Processing /home/airflow/.local/lib/python3.12/site-packages/airflow/example_dags/example_python_decorator.py took 0.047 seconds
[2024-05-29T13:46:30.924+0000] {processor.py:161} INFO - Started process (PID=411) to work on /home/airflow/.local/lib/python3.12/site-packages/airflow/example_dags/example_python_decorator.py
[2024-05-29T13:46:30.924+0000] {processor.py:830} INFO - Processing file /home/airflow/.local/lib/python3.12/site-packages/airflow/example_dags/example_python_decorator.py for tasks to queue
[2024-05-29T13:46:30.925+0000] {logging_mixin.py:188} INFO - [2024-05-29T13:46:30.925+0000] {dagbag.py:545} INFO - Filling up the DagBag from /home/airflow/.local/lib/python3.12/site-packages/airflow/example_dags/example_python_decorator.py
[2024-05-29T13:46:30.933+0000] {processor.py:840} INFO - DAG(s) 'example_python_decorator' retrieved from /home/airflow/.local/lib/python3.12/site-packages/airflow/example_dags/example_python_decorator.py
[2024-05-29T13:46:30.948+0000] {logging_mixin.py:188} INFO - [2024-05-29T13:46:30.948+0000] {dag.py:3096} INFO - Sync 1 DAGs
[2024-05-29T13:46:30.960+0000] {logging_mixin.py:188} INFO - [2024-05-29T13:46:30.960+0000] {dag.py:3954} INFO - Setting next_dagrun for example_python_decorator to None, run_after=None
[2024-05-29T13:46:30.973+0000] {processor.py:183} INFO - Processing /home/airflow/.local/lib/python3.12/site-packages/airflow/example_dags/example_python_decorator.py took 0.053 seconds
[2024-05-29T13:47:01.049+0000] {processor.py:161} INFO - Started process (PID=470) to work on /home/airflow/.local/lib/python3.12/site-packages/airflow/example_dags/example_python_decorator.py
[2024-05-29T13:47:01.050+0000] {processor.py:830} INFO - Processing file /home/airflow/.local/lib/python3.12/site-packages/airflow/example_dags/example_python_decorator.py for tasks to queue
[2024-05-29T13:47:01.051+0000] {logging_mixin.py:188} INFO - [2024-05-29T13:47:01.051+0000] {dagbag.py:545} INFO - Filling up the DagBag from /home/airflow/.local/lib/python3.12/site-packages/airflow/example_dags/example_python_decorator.py
[2024-05-29T13:47:01.059+0000] {processor.py:840} INFO - DAG(s) 'example_python_decorator' retrieved from /home/airflow/.local/lib/python3.12/site-packages/airflow/example_dags/example_python_decorator.py
[2024-05-29T13:47:01.073+0000] {logging_mixin.py:188} INFO - [2024-05-29T13:47:01.073+0000] {dag.py:3096} INFO - Sync 1 DAGs
[2024-05-29T13:47:01.081+0000] {logging_mixin.py:188} INFO - [2024-05-29T13:47:01.081+0000] {dag.py:3954} INFO - Setting next_dagrun for example_python_decorator to None, run_after=None
[2024-05-29T13:47:01.094+0000] {processor.py:183} INFO - Processing /home/airflow/.local/lib/python3.12/site-packages/airflow/example_dags/example_python_decorator.py took 0.049 seconds
[2024-05-29T14:22:18.085+0000] {processor.py:161} INFO - Started process (PID=57) to work on /home/airflow/.local/lib/python3.12/site-packages/airflow/example_dags/example_python_decorator.py
[2024-05-29T14:22:18.085+0000] {processor.py:830} INFO - Processing file /home/airflow/.local/lib/python3.12/site-packages/airflow/example_dags/example_python_decorator.py for tasks to queue
[2024-05-29T14:22:18.086+0000] {logging_mixin.py:188} INFO - [2024-05-29T14:22:18.086+0000] {dagbag.py:545} INFO - Filling up the DagBag from /home/airflow/.local/lib/python3.12/site-packages/airflow/example_dags/example_python_decorator.py
[2024-05-29T14:22:18.098+0000] {processor.py:840} INFO - DAG(s) 'example_python_decorator' retrieved from /home/airflow/.local/lib/python3.12/site-packages/airflow/example_dags/example_python_decorator.py
[2024-05-29T14:22:18.105+0000] {logging_mixin.py:188} INFO - [2024-05-29T14:22:18.105+0000] {dag.py:3096} INFO - Sync 1 DAGs
[2024-05-29T14:22:18.115+0000] {logging_mixin.py:188} INFO - [2024-05-29T14:22:18.114+0000] {dag.py:3954} INFO - Setting next_dagrun for example_python_decorator to None, run_after=None
[2024-05-29T14:22:18.129+0000] {processor.py:183} INFO - Processing /home/airflow/.local/lib/python3.12/site-packages/airflow/example_dags/example_python_decorator.py took 0.048 seconds
[2024-05-29T14:22:49.048+0000] {processor.py:161} INFO - Started process (PID=116) to work on /home/airflow/.local/lib/python3.12/site-packages/airflow/example_dags/example_python_decorator.py
[2024-05-29T14:22:49.049+0000] {processor.py:830} INFO - Processing file /home/airflow/.local/lib/python3.12/site-packages/airflow/example_dags/example_python_decorator.py for tasks to queue
[2024-05-29T14:22:49.050+0000] {logging_mixin.py:188} INFO - [2024-05-29T14:22:49.050+0000] {dagbag.py:545} INFO - Filling up the DagBag from /home/airflow/.local/lib/python3.12/site-packages/airflow/example_dags/example_python_decorator.py
[2024-05-29T14:22:49.058+0000] {processor.py:840} INFO - DAG(s) 'example_python_decorator' retrieved from /home/airflow/.local/lib/python3.12/site-packages/airflow/example_dags/example_python_decorator.py
[2024-05-29T14:22:49.126+0000] {logging_mixin.py:188} INFO - [2024-05-29T14:22:49.126+0000] {dag.py:3096} INFO - Sync 1 DAGs
[2024-05-29T14:22:49.132+0000] {logging_mixin.py:188} INFO - [2024-05-29T14:22:49.132+0000] {dag.py:3954} INFO - Setting next_dagrun for example_python_decorator to None, run_after=None
[2024-05-29T14:22:49.147+0000] {processor.py:183} INFO - Processing /home/airflow/.local/lib/python3.12/site-packages/airflow/example_dags/example_python_decorator.py took 0.102 seconds
[2024-05-29T14:36:32.428+0000] {processor.py:161} INFO - Started process (PID=58) to work on /home/airflow/.local/lib/python3.12/site-packages/airflow/example_dags/example_python_decorator.py
[2024-05-29T14:36:32.429+0000] {processor.py:830} INFO - Processing file /home/airflow/.local/lib/python3.12/site-packages/airflow/example_dags/example_python_decorator.py for tasks to queue
[2024-05-29T14:36:32.430+0000] {logging_mixin.py:188} INFO - [2024-05-29T14:36:32.430+0000] {dagbag.py:545} INFO - Filling up the DagBag from /home/airflow/.local/lib/python3.12/site-packages/airflow/example_dags/example_python_decorator.py
[2024-05-29T14:36:32.439+0000] {processor.py:840} INFO - DAG(s) 'example_python_decorator' retrieved from /home/airflow/.local/lib/python3.12/site-packages/airflow/example_dags/example_python_decorator.py
[2024-05-29T14:36:32.509+0000] {logging_mixin.py:188} INFO - [2024-05-29T14:36:32.508+0000] {override.py:1829} INFO - Created Permission View: can read on DAG:example_python_decorator
[2024-05-29T14:36:32.515+0000] {logging_mixin.py:188} INFO - [2024-05-29T14:36:32.515+0000] {override.py:1829} INFO - Created Permission View: can delete on DAG:example_python_decorator
[2024-05-29T14:36:32.520+0000] {logging_mixin.py:188} INFO - [2024-05-29T14:36:32.520+0000] {override.py:1829} INFO - Created Permission View: can edit on DAG:example_python_decorator
[2024-05-29T14:36:32.520+0000] {logging_mixin.py:188} INFO - [2024-05-29T14:36:32.520+0000] {dag.py:3096} INFO - Sync 1 DAGs
[2024-05-29T14:36:32.527+0000] {logging_mixin.py:188} INFO - [2024-05-29T14:36:32.527+0000] {dag.py:3118} INFO - Creating ORM DAG for example_python_decorator
[2024-05-29T14:36:32.527+0000] {logging_mixin.py:188} INFO - [2024-05-29T14:36:32.527+0000] {dag.py:3954} INFO - Setting next_dagrun for example_python_decorator to None, run_after=None
[2024-05-29T14:36:32.539+0000] {processor.py:183} INFO - Processing /home/airflow/.local/lib/python3.12/site-packages/airflow/example_dags/example_python_decorator.py took 0.115 seconds
[2024-05-29T14:37:02.753+0000] {processor.py:161} INFO - Started process (PID=118) to work on /home/airflow/.local/lib/python3.12/site-packages/airflow/example_dags/example_python_decorator.py
[2024-05-29T14:37:02.754+0000] {processor.py:830} INFO - Processing file /home/airflow/.local/lib/python3.12/site-packages/airflow/example_dags/example_python_decorator.py for tasks to queue
[2024-05-29T14:37:02.755+0000] {logging_mixin.py:188} INFO - [2024-05-29T14:37:02.754+0000] {dagbag.py:545} INFO - Filling up the DagBag from /home/airflow/.local/lib/python3.12/site-packages/airflow/example_dags/example_python_decorator.py
[2024-05-29T14:37:02.762+0000] {processor.py:840} INFO - DAG(s) 'example_python_decorator' retrieved from /home/airflow/.local/lib/python3.12/site-packages/airflow/example_dags/example_python_decorator.py
[2024-05-29T14:37:02.778+0000] {logging_mixin.py:188} INFO - [2024-05-29T14:37:02.777+0000] {dag.py:3096} INFO - Sync 1 DAGs
[2024-05-29T14:37:02.785+0000] {logging_mixin.py:188} INFO - [2024-05-29T14:37:02.785+0000] {dag.py:3954} INFO - Setting next_dagrun for example_python_decorator to None, run_after=None
[2024-05-29T14:37:02.798+0000] {processor.py:183} INFO - Processing /home/airflow/.local/lib/python3.12/site-packages/airflow/example_dags/example_python_decorator.py took 0.049 seconds
[2024-05-29T14:37:33.942+0000] {processor.py:161} INFO - Started process (PID=178) to work on /home/airflow/.local/lib/python3.12/site-packages/airflow/example_dags/example_python_decorator.py
[2024-05-29T14:37:33.943+0000] {processor.py:830} INFO - Processing file /home/airflow/.local/lib/python3.12/site-packages/airflow/example_dags/example_python_decorator.py for tasks to queue
[2024-05-29T14:37:33.944+0000] {logging_mixin.py:188} INFO - [2024-05-29T14:37:33.944+0000] {dagbag.py:545} INFO - Filling up the DagBag from /home/airflow/.local/lib/python3.12/site-packages/airflow/example_dags/example_python_decorator.py
[2024-05-29T14:37:33.955+0000] {processor.py:840} INFO - DAG(s) 'example_python_decorator' retrieved from /home/airflow/.local/lib/python3.12/site-packages/airflow/example_dags/example_python_decorator.py
[2024-05-29T14:37:33.974+0000] {logging_mixin.py:188} INFO - [2024-05-29T14:37:33.974+0000] {dag.py:3096} INFO - Sync 1 DAGs
[2024-05-29T14:37:33.984+0000] {logging_mixin.py:188} INFO - [2024-05-29T14:37:33.984+0000] {dag.py:3954} INFO - Setting next_dagrun for example_python_decorator to None, run_after=None
[2024-05-29T14:37:34.000+0000] {processor.py:183} INFO - Processing /home/airflow/.local/lib/python3.12/site-packages/airflow/example_dags/example_python_decorator.py took 0.063 seconds
[2024-05-29T14:38:04.145+0000] {processor.py:161} INFO - Started process (PID=238) to work on /home/airflow/.local/lib/python3.12/site-packages/airflow/example_dags/example_python_decorator.py
[2024-05-29T14:38:04.146+0000] {processor.py:830} INFO - Processing file /home/airflow/.local/lib/python3.12/site-packages/airflow/example_dags/example_python_decorator.py for tasks to queue
[2024-05-29T14:38:04.147+0000] {logging_mixin.py:188} INFO - [2024-05-29T14:38:04.147+0000] {dagbag.py:545} INFO - Filling up the DagBag from /home/airflow/.local/lib/python3.12/site-packages/airflow/example_dags/example_python_decorator.py
[2024-05-29T14:38:04.155+0000] {processor.py:840} INFO - DAG(s) 'example_python_decorator' retrieved from /home/airflow/.local/lib/python3.12/site-packages/airflow/example_dags/example_python_decorator.py
[2024-05-29T14:38:04.168+0000] {logging_mixin.py:188} INFO - [2024-05-29T14:38:04.168+0000] {dag.py:3096} INFO - Sync 1 DAGs
[2024-05-29T14:38:04.176+0000] {logging_mixin.py:188} INFO - [2024-05-29T14:38:04.175+0000] {dag.py:3954} INFO - Setting next_dagrun for example_python_decorator to None, run_after=None
[2024-05-29T14:38:04.187+0000] {processor.py:183} INFO - Processing /home/airflow/.local/lib/python3.12/site-packages/airflow/example_dags/example_python_decorator.py took 0.045 seconds
[2024-05-29T14:47:13.342+0000] {processor.py:161} INFO - Started process (PID=59) to work on /home/airflow/.local/lib/python3.12/site-packages/airflow/example_dags/example_python_decorator.py
[2024-05-29T14:47:13.344+0000] {processor.py:830} INFO - Processing file /home/airflow/.local/lib/python3.12/site-packages/airflow/example_dags/example_python_decorator.py for tasks to queue
[2024-05-29T14:47:13.345+0000] {logging_mixin.py:188} INFO - [2024-05-29T14:47:13.344+0000] {dagbag.py:545} INFO - Filling up the DagBag from /home/airflow/.local/lib/python3.12/site-packages/airflow/example_dags/example_python_decorator.py
[2024-05-29T14:47:13.355+0000] {processor.py:840} INFO - DAG(s) 'example_python_decorator' retrieved from /home/airflow/.local/lib/python3.12/site-packages/airflow/example_dags/example_python_decorator.py
[2024-05-29T14:47:13.432+0000] {logging_mixin.py:188} INFO - [2024-05-29T14:47:13.432+0000] {dag.py:3096} INFO - Sync 1 DAGs
[2024-05-29T14:47:13.439+0000] {logging_mixin.py:188} INFO - [2024-05-29T14:47:13.439+0000] {dag.py:3954} INFO - Setting next_dagrun for example_python_decorator to None, run_after=None
[2024-05-29T14:47:13.453+0000] {processor.py:183} INFO - Processing /home/airflow/.local/lib/python3.12/site-packages/airflow/example_dags/example_python_decorator.py took 0.114 seconds
[2024-05-29T14:47:44.337+0000] {processor.py:161} INFO - Started process (PID=119) to work on /home/airflow/.local/lib/python3.12/site-packages/airflow/example_dags/example_python_decorator.py
[2024-05-29T14:47:44.338+0000] {processor.py:830} INFO - Processing file /home/airflow/.local/lib/python3.12/site-packages/airflow/example_dags/example_python_decorator.py for tasks to queue
[2024-05-29T14:47:44.339+0000] {logging_mixin.py:188} INFO - [2024-05-29T14:47:44.339+0000] {dagbag.py:545} INFO - Filling up the DagBag from /home/airflow/.local/lib/python3.12/site-packages/airflow/example_dags/example_python_decorator.py
[2024-05-29T14:47:44.347+0000] {processor.py:840} INFO - DAG(s) 'example_python_decorator' retrieved from /home/airflow/.local/lib/python3.12/site-packages/airflow/example_dags/example_python_decorator.py
[2024-05-29T14:47:44.361+0000] {logging_mixin.py:188} INFO - [2024-05-29T14:47:44.361+0000] {dag.py:3096} INFO - Sync 1 DAGs
[2024-05-29T14:47:44.369+0000] {logging_mixin.py:188} INFO - [2024-05-29T14:47:44.368+0000] {dag.py:3954} INFO - Setting next_dagrun for example_python_decorator to None, run_after=None
[2024-05-29T14:47:44.380+0000] {processor.py:183} INFO - Processing /home/airflow/.local/lib/python3.12/site-packages/airflow/example_dags/example_python_decorator.py took 0.046 seconds
[2024-05-29T14:48:15.500+0000] {processor.py:161} INFO - Started process (PID=179) to work on /home/airflow/.local/lib/python3.12/site-packages/airflow/example_dags/example_python_decorator.py
[2024-05-29T14:48:15.500+0000] {processor.py:830} INFO - Processing file /home/airflow/.local/lib/python3.12/site-packages/airflow/example_dags/example_python_decorator.py for tasks to queue
[2024-05-29T14:48:15.501+0000] {logging_mixin.py:188} INFO - [2024-05-29T14:48:15.501+0000] {dagbag.py:545} INFO - Filling up the DagBag from /home/airflow/.local/lib/python3.12/site-packages/airflow/example_dags/example_python_decorator.py
[2024-05-29T14:48:15.509+0000] {processor.py:840} INFO - DAG(s) 'example_python_decorator' retrieved from /home/airflow/.local/lib/python3.12/site-packages/airflow/example_dags/example_python_decorator.py
[2024-05-29T14:48:15.522+0000] {logging_mixin.py:188} INFO - [2024-05-29T14:48:15.522+0000] {dag.py:3096} INFO - Sync 1 DAGs
[2024-05-29T14:48:15.530+0000] {logging_mixin.py:188} INFO - [2024-05-29T14:48:15.530+0000] {dag.py:3954} INFO - Setting next_dagrun for example_python_decorator to None, run_after=None
[2024-05-29T14:48:15.542+0000] {processor.py:183} INFO - Processing /home/airflow/.local/lib/python3.12/site-packages/airflow/example_dags/example_python_decorator.py took 0.045 seconds
[2024-05-29T14:48:46.581+0000] {processor.py:161} INFO - Started process (PID=239) to work on /home/airflow/.local/lib/python3.12/site-packages/airflow/example_dags/example_python_decorator.py
[2024-05-29T14:48:46.582+0000] {processor.py:830} INFO - Processing file /home/airflow/.local/lib/python3.12/site-packages/airflow/example_dags/example_python_decorator.py for tasks to queue
[2024-05-29T14:48:46.583+0000] {logging_mixin.py:188} INFO - [2024-05-29T14:48:46.583+0000] {dagbag.py:545} INFO - Filling up the DagBag from /home/airflow/.local/lib/python3.12/site-packages/airflow/example_dags/example_python_decorator.py
[2024-05-29T14:48:46.591+0000] {processor.py:840} INFO - DAG(s) 'example_python_decorator' retrieved from /home/airflow/.local/lib/python3.12/site-packages/airflow/example_dags/example_python_decorator.py
[2024-05-29T14:48:46.604+0000] {logging_mixin.py:188} INFO - [2024-05-29T14:48:46.604+0000] {dag.py:3096} INFO - Sync 1 DAGs
[2024-05-29T14:48:46.611+0000] {logging_mixin.py:188} INFO - [2024-05-29T14:48:46.611+0000] {dag.py:3954} INFO - Setting next_dagrun for example_python_decorator to None, run_after=None
[2024-05-29T14:48:46.623+0000] {processor.py:183} INFO - Processing /home/airflow/.local/lib/python3.12/site-packages/airflow/example_dags/example_python_decorator.py took 0.045 seconds
[2024-05-29T14:49:17.493+0000] {processor.py:161} INFO - Started process (PID=299) to work on /home/airflow/.local/lib/python3.12/site-packages/airflow/example_dags/example_python_decorator.py
[2024-05-29T14:49:17.494+0000] {processor.py:830} INFO - Processing file /home/airflow/.local/lib/python3.12/site-packages/airflow/example_dags/example_python_decorator.py for tasks to queue
[2024-05-29T14:49:17.495+0000] {logging_mixin.py:188} INFO - [2024-05-29T14:49:17.494+0000] {dagbag.py:545} INFO - Filling up the DagBag from /home/airflow/.local/lib/python3.12/site-packages/airflow/example_dags/example_python_decorator.py
[2024-05-29T14:49:17.502+0000] {processor.py:840} INFO - DAG(s) 'example_python_decorator' retrieved from /home/airflow/.local/lib/python3.12/site-packages/airflow/example_dags/example_python_decorator.py
[2024-05-29T14:49:17.517+0000] {logging_mixin.py:188} INFO - [2024-05-29T14:49:17.516+0000] {dag.py:3096} INFO - Sync 1 DAGs
[2024-05-29T14:49:17.524+0000] {logging_mixin.py:188} INFO - [2024-05-29T14:49:17.524+0000] {dag.py:3954} INFO - Setting next_dagrun for example_python_decorator to None, run_after=None
[2024-05-29T14:49:17.535+0000] {processor.py:183} INFO - Processing /home/airflow/.local/lib/python3.12/site-packages/airflow/example_dags/example_python_decorator.py took 0.045 seconds
[2024-05-29T14:49:47.668+0000] {processor.py:161} INFO - Started process (PID=359) to work on /home/airflow/.local/lib/python3.12/site-packages/airflow/example_dags/example_python_decorator.py
[2024-05-29T14:49:47.669+0000] {processor.py:830} INFO - Processing file /home/airflow/.local/lib/python3.12/site-packages/airflow/example_dags/example_python_decorator.py for tasks to queue
[2024-05-29T14:49:47.670+0000] {logging_mixin.py:188} INFO - [2024-05-29T14:49:47.670+0000] {dagbag.py:545} INFO - Filling up the DagBag from /home/airflow/.local/lib/python3.12/site-packages/airflow/example_dags/example_python_decorator.py
[2024-05-29T14:49:47.678+0000] {processor.py:840} INFO - DAG(s) 'example_python_decorator' retrieved from /home/airflow/.local/lib/python3.12/site-packages/airflow/example_dags/example_python_decorator.py
[2024-05-29T14:49:47.692+0000] {logging_mixin.py:188} INFO - [2024-05-29T14:49:47.691+0000] {dag.py:3096} INFO - Sync 1 DAGs
[2024-05-29T14:49:47.699+0000] {logging_mixin.py:188} INFO - [2024-05-29T14:49:47.699+0000] {dag.py:3954} INFO - Setting next_dagrun for example_python_decorator to None, run_after=None
[2024-05-29T14:49:47.716+0000] {processor.py:183} INFO - Processing /home/airflow/.local/lib/python3.12/site-packages/airflow/example_dags/example_python_decorator.py took 0.051 seconds
