[2024-05-29T09:20:09.800+0000] {processor.py:161} INFO - Started process (PID=48) to work on /home/airflow/.local/lib/python3.12/site-packages/airflow/example_dags/example_sensor_decorator.py
[2024-05-29T09:20:09.800+0000] {processor.py:830} INFO - Processing file /home/airflow/.local/lib/python3.12/site-packages/airflow/example_dags/example_sensor_decorator.py for tasks to queue
[2024-05-29T09:20:09.801+0000] {logging_mixin.py:188} INFO - [2024-05-29T09:20:09.801+0000] {dagbag.py:545} INFO - Filling up the DagBag from /home/airflow/.local/lib/python3.12/site-packages/airflow/example_dags/example_sensor_decorator.py
[2024-05-29T09:20:09.807+0000] {processor.py:840} INFO - DAG(s) 'example_sensor_decorator' retrieved from /home/airflow/.local/lib/python3.12/site-packages/airflow/example_dags/example_sensor_decorator.py
[2024-05-29T09:20:09.877+0000] {logging_mixin.py:188} INFO - [2024-05-29T09:20:09.877+0000] {override.py:1829} INFO - Created Permission View: can read on DAG:example_sensor_decorator
[2024-05-29T09:20:09.884+0000] {logging_mixin.py:188} INFO - [2024-05-29T09:20:09.883+0000] {override.py:1829} INFO - Created Permission View: can delete on DAG:example_sensor_decorator
[2024-05-29T09:20:09.888+0000] {logging_mixin.py:188} INFO - [2024-05-29T09:20:09.888+0000] {override.py:1829} INFO - Created Permission View: can edit on DAG:example_sensor_decorator
[2024-05-29T09:20:09.888+0000] {logging_mixin.py:188} INFO - [2024-05-29T09:20:09.888+0000] {dag.py:3096} INFO - Sync 1 DAGs
[2024-05-29T09:20:09.896+0000] {logging_mixin.py:188} INFO - [2024-05-29T09:20:09.896+0000] {dag.py:3118} INFO - Creating ORM DAG for example_sensor_decorator
[2024-05-29T09:20:09.897+0000] {logging_mixin.py:188} INFO - [2024-05-29T09:20:09.897+0000] {dag.py:3954} INFO - Setting next_dagrun for example_sensor_decorator to None, run_after=None
[2024-05-29T09:20:09.907+0000] {processor.py:183} INFO - Processing /home/airflow/.local/lib/python3.12/site-packages/airflow/example_dags/example_sensor_decorator.py took 0.111 seconds
[2024-05-29T09:20:40.536+0000] {processor.py:161} INFO - Started process (PID=108) to work on /home/airflow/.local/lib/python3.12/site-packages/airflow/example_dags/example_sensor_decorator.py
[2024-05-29T09:20:40.537+0000] {processor.py:830} INFO - Processing file /home/airflow/.local/lib/python3.12/site-packages/airflow/example_dags/example_sensor_decorator.py for tasks to queue
[2024-05-29T09:20:40.538+0000] {logging_mixin.py:188} INFO - [2024-05-29T09:20:40.537+0000] {dagbag.py:545} INFO - Filling up the DagBag from /home/airflow/.local/lib/python3.12/site-packages/airflow/example_dags/example_sensor_decorator.py
[2024-05-29T09:20:40.541+0000] {processor.py:840} INFO - DAG(s) 'example_sensor_decorator' retrieved from /home/airflow/.local/lib/python3.12/site-packages/airflow/example_dags/example_sensor_decorator.py
[2024-05-29T09:20:40.552+0000] {logging_mixin.py:188} INFO - [2024-05-29T09:20:40.552+0000] {dag.py:3096} INFO - Sync 1 DAGs
[2024-05-29T09:20:40.559+0000] {logging_mixin.py:188} INFO - [2024-05-29T09:20:40.559+0000] {dag.py:3954} INFO - Setting next_dagrun for example_sensor_decorator to None, run_after=None
[2024-05-29T09:20:40.570+0000] {processor.py:183} INFO - Processing /home/airflow/.local/lib/python3.12/site-packages/airflow/example_dags/example_sensor_decorator.py took 0.038 seconds
[2024-05-29T09:21:11.361+0000] {processor.py:161} INFO - Started process (PID=168) to work on /home/airflow/.local/lib/python3.12/site-packages/airflow/example_dags/example_sensor_decorator.py
[2024-05-29T09:21:11.362+0000] {processor.py:830} INFO - Processing file /home/airflow/.local/lib/python3.12/site-packages/airflow/example_dags/example_sensor_decorator.py for tasks to queue
[2024-05-29T09:21:11.363+0000] {logging_mixin.py:188} INFO - [2024-05-29T09:21:11.363+0000] {dagbag.py:545} INFO - Filling up the DagBag from /home/airflow/.local/lib/python3.12/site-packages/airflow/example_dags/example_sensor_decorator.py
[2024-05-29T09:21:11.367+0000] {processor.py:840} INFO - DAG(s) 'example_sensor_decorator' retrieved from /home/airflow/.local/lib/python3.12/site-packages/airflow/example_dags/example_sensor_decorator.py
[2024-05-29T09:21:11.379+0000] {logging_mixin.py:188} INFO - [2024-05-29T09:21:11.379+0000] {dag.py:3096} INFO - Sync 1 DAGs
[2024-05-29T09:21:11.387+0000] {logging_mixin.py:188} INFO - [2024-05-29T09:21:11.387+0000] {dag.py:3954} INFO - Setting next_dagrun for example_sensor_decorator to None, run_after=None
[2024-05-29T09:21:11.399+0000] {processor.py:183} INFO - Processing /home/airflow/.local/lib/python3.12/site-packages/airflow/example_dags/example_sensor_decorator.py took 0.041 seconds
[2024-05-29T09:21:42.079+0000] {processor.py:161} INFO - Started process (PID=228) to work on /home/airflow/.local/lib/python3.12/site-packages/airflow/example_dags/example_sensor_decorator.py
[2024-05-29T09:21:42.079+0000] {processor.py:830} INFO - Processing file /home/airflow/.local/lib/python3.12/site-packages/airflow/example_dags/example_sensor_decorator.py for tasks to queue
[2024-05-29T09:21:42.080+0000] {logging_mixin.py:188} INFO - [2024-05-29T09:21:42.080+0000] {dagbag.py:545} INFO - Filling up the DagBag from /home/airflow/.local/lib/python3.12/site-packages/airflow/example_dags/example_sensor_decorator.py
[2024-05-29T09:21:42.084+0000] {processor.py:840} INFO - DAG(s) 'example_sensor_decorator' retrieved from /home/airflow/.local/lib/python3.12/site-packages/airflow/example_dags/example_sensor_decorator.py
[2024-05-29T09:21:42.097+0000] {logging_mixin.py:188} INFO - [2024-05-29T09:21:42.097+0000] {dag.py:3096} INFO - Sync 1 DAGs
[2024-05-29T09:21:42.105+0000] {logging_mixin.py:188} INFO - [2024-05-29T09:21:42.105+0000] {dag.py:3954} INFO - Setting next_dagrun for example_sensor_decorator to None, run_after=None
[2024-05-29T09:21:42.118+0000] {processor.py:183} INFO - Processing /home/airflow/.local/lib/python3.12/site-packages/airflow/example_dags/example_sensor_decorator.py took 0.043 seconds
[2024-05-29T09:22:12.827+0000] {processor.py:161} INFO - Started process (PID=288) to work on /home/airflow/.local/lib/python3.12/site-packages/airflow/example_dags/example_sensor_decorator.py
[2024-05-29T09:22:12.828+0000] {processor.py:830} INFO - Processing file /home/airflow/.local/lib/python3.12/site-packages/airflow/example_dags/example_sensor_decorator.py for tasks to queue
[2024-05-29T09:22:12.829+0000] {logging_mixin.py:188} INFO - [2024-05-29T09:22:12.829+0000] {dagbag.py:545} INFO - Filling up the DagBag from /home/airflow/.local/lib/python3.12/site-packages/airflow/example_dags/example_sensor_decorator.py
[2024-05-29T09:22:12.832+0000] {processor.py:840} INFO - DAG(s) 'example_sensor_decorator' retrieved from /home/airflow/.local/lib/python3.12/site-packages/airflow/example_dags/example_sensor_decorator.py
[2024-05-29T09:22:12.846+0000] {logging_mixin.py:188} INFO - [2024-05-29T09:22:12.846+0000] {dag.py:3096} INFO - Sync 1 DAGs
[2024-05-29T09:22:12.854+0000] {logging_mixin.py:188} INFO - [2024-05-29T09:22:12.854+0000] {dag.py:3954} INFO - Setting next_dagrun for example_sensor_decorator to None, run_after=None
[2024-05-29T09:22:12.866+0000] {processor.py:183} INFO - Processing /home/airflow/.local/lib/python3.12/site-packages/airflow/example_dags/example_sensor_decorator.py took 0.043 seconds
[2024-05-29T13:24:31.602+0000] {processor.py:161} INFO - Started process (PID=48) to work on /home/airflow/.local/lib/python3.12/site-packages/airflow/example_dags/example_sensor_decorator.py
[2024-05-29T13:24:31.603+0000] {processor.py:830} INFO - Processing file /home/airflow/.local/lib/python3.12/site-packages/airflow/example_dags/example_sensor_decorator.py for tasks to queue
[2024-05-29T13:24:31.604+0000] {logging_mixin.py:188} INFO - [2024-05-29T13:24:31.604+0000] {dagbag.py:545} INFO - Filling up the DagBag from /home/airflow/.local/lib/python3.12/site-packages/airflow/example_dags/example_sensor_decorator.py
[2024-05-29T13:24:31.611+0000] {processor.py:840} INFO - DAG(s) 'example_sensor_decorator' retrieved from /home/airflow/.local/lib/python3.12/site-packages/airflow/example_dags/example_sensor_decorator.py
[2024-05-29T13:24:31.697+0000] {logging_mixin.py:188} INFO - [2024-05-29T13:24:31.696+0000] {override.py:1829} INFO - Created Permission View: can read on DAG:example_sensor_decorator
[2024-05-29T13:24:31.705+0000] {logging_mixin.py:188} INFO - [2024-05-29T13:24:31.705+0000] {override.py:1829} INFO - Created Permission View: can delete on DAG:example_sensor_decorator
[2024-05-29T13:24:31.709+0000] {logging_mixin.py:188} INFO - [2024-05-29T13:24:31.709+0000] {override.py:1829} INFO - Created Permission View: can edit on DAG:example_sensor_decorator
[2024-05-29T13:24:31.710+0000] {logging_mixin.py:188} INFO - [2024-05-29T13:24:31.710+0000] {dag.py:3096} INFO - Sync 1 DAGs
[2024-05-29T13:24:31.719+0000] {logging_mixin.py:188} INFO - [2024-05-29T13:24:31.719+0000] {dag.py:3118} INFO - Creating ORM DAG for example_sensor_decorator
[2024-05-29T13:24:31.720+0000] {logging_mixin.py:188} INFO - [2024-05-29T13:24:31.719+0000] {dag.py:3954} INFO - Setting next_dagrun for example_sensor_decorator to None, run_after=None
[2024-05-29T13:24:31.733+0000] {processor.py:183} INFO - Processing /home/airflow/.local/lib/python3.12/site-packages/airflow/example_dags/example_sensor_decorator.py took 0.135 seconds
[2024-05-29T13:25:02.382+0000] {processor.py:161} INFO - Started process (PID=108) to work on /home/airflow/.local/lib/python3.12/site-packages/airflow/example_dags/example_sensor_decorator.py
[2024-05-29T13:25:02.382+0000] {processor.py:830} INFO - Processing file /home/airflow/.local/lib/python3.12/site-packages/airflow/example_dags/example_sensor_decorator.py for tasks to queue
[2024-05-29T13:25:02.384+0000] {logging_mixin.py:188} INFO - [2024-05-29T13:25:02.383+0000] {dagbag.py:545} INFO - Filling up the DagBag from /home/airflow/.local/lib/python3.12/site-packages/airflow/example_dags/example_sensor_decorator.py
[2024-05-29T13:25:02.387+0000] {processor.py:840} INFO - DAG(s) 'example_sensor_decorator' retrieved from /home/airflow/.local/lib/python3.12/site-packages/airflow/example_dags/example_sensor_decorator.py
[2024-05-29T13:25:02.399+0000] {logging_mixin.py:188} INFO - [2024-05-29T13:25:02.399+0000] {dag.py:3096} INFO - Sync 1 DAGs
[2024-05-29T13:25:02.407+0000] {logging_mixin.py:188} INFO - [2024-05-29T13:25:02.407+0000] {dag.py:3954} INFO - Setting next_dagrun for example_sensor_decorator to None, run_after=None
[2024-05-29T13:25:02.419+0000] {processor.py:183} INFO - Processing /home/airflow/.local/lib/python3.12/site-packages/airflow/example_dags/example_sensor_decorator.py took 0.040 seconds
[2024-05-29T13:25:33.449+0000] {processor.py:161} INFO - Started process (PID=168) to work on /home/airflow/.local/lib/python3.12/site-packages/airflow/example_dags/example_sensor_decorator.py
[2024-05-29T13:25:33.450+0000] {processor.py:830} INFO - Processing file /home/airflow/.local/lib/python3.12/site-packages/airflow/example_dags/example_sensor_decorator.py for tasks to queue
[2024-05-29T13:25:33.451+0000] {logging_mixin.py:188} INFO - [2024-05-29T13:25:33.451+0000] {dagbag.py:545} INFO - Filling up the DagBag from /home/airflow/.local/lib/python3.12/site-packages/airflow/example_dags/example_sensor_decorator.py
[2024-05-29T13:25:33.454+0000] {processor.py:840} INFO - DAG(s) 'example_sensor_decorator' retrieved from /home/airflow/.local/lib/python3.12/site-packages/airflow/example_dags/example_sensor_decorator.py
[2024-05-29T13:25:33.467+0000] {logging_mixin.py:188} INFO - [2024-05-29T13:25:33.467+0000] {dag.py:3096} INFO - Sync 1 DAGs
[2024-05-29T13:25:33.475+0000] {logging_mixin.py:188} INFO - [2024-05-29T13:25:33.474+0000] {dag.py:3954} INFO - Setting next_dagrun for example_sensor_decorator to None, run_after=None
[2024-05-29T13:25:33.486+0000] {processor.py:183} INFO - Processing /home/airflow/.local/lib/python3.12/site-packages/airflow/example_dags/example_sensor_decorator.py took 0.041 seconds
[2024-05-29T13:43:26.265+0000] {processor.py:161} INFO - Started process (PID=47) to work on /home/airflow/.local/lib/python3.12/site-packages/airflow/example_dags/example_sensor_decorator.py
[2024-05-29T13:43:26.266+0000] {processor.py:830} INFO - Processing file /home/airflow/.local/lib/python3.12/site-packages/airflow/example_dags/example_sensor_decorator.py for tasks to queue
[2024-05-29T13:43:26.267+0000] {logging_mixin.py:188} INFO - [2024-05-29T13:43:26.267+0000] {dagbag.py:545} INFO - Filling up the DagBag from /home/airflow/.local/lib/python3.12/site-packages/airflow/example_dags/example_sensor_decorator.py
[2024-05-29T13:43:26.273+0000] {processor.py:840} INFO - DAG(s) 'example_sensor_decorator' retrieved from /home/airflow/.local/lib/python3.12/site-packages/airflow/example_dags/example_sensor_decorator.py
[2024-05-29T13:43:26.351+0000] {logging_mixin.py:188} INFO - [2024-05-29T13:43:26.350+0000] {override.py:1829} INFO - Created Permission View: can edit on DAG:example_sensor_decorator
[2024-05-29T13:43:26.359+0000] {logging_mixin.py:188} INFO - [2024-05-29T13:43:26.358+0000] {override.py:1829} INFO - Created Permission View: can delete on DAG:example_sensor_decorator
[2024-05-29T13:43:26.364+0000] {logging_mixin.py:188} INFO - [2024-05-29T13:43:26.364+0000] {override.py:1829} INFO - Created Permission View: can read on DAG:example_sensor_decorator
[2024-05-29T13:43:26.364+0000] {logging_mixin.py:188} INFO - [2024-05-29T13:43:26.364+0000] {dag.py:3096} INFO - Sync 1 DAGs
[2024-05-29T13:43:26.371+0000] {logging_mixin.py:188} INFO - [2024-05-29T13:43:26.371+0000] {dag.py:3118} INFO - Creating ORM DAG for example_sensor_decorator
[2024-05-29T13:43:26.372+0000] {logging_mixin.py:188} INFO - [2024-05-29T13:43:26.371+0000] {dag.py:3954} INFO - Setting next_dagrun for example_sensor_decorator to None, run_after=None
[2024-05-29T13:43:26.383+0000] {processor.py:183} INFO - Processing /home/airflow/.local/lib/python3.12/site-packages/airflow/example_dags/example_sensor_decorator.py took 0.121 seconds
[2024-05-29T13:43:57.372+0000] {processor.py:161} INFO - Started process (PID=106) to work on /home/airflow/.local/lib/python3.12/site-packages/airflow/example_dags/example_sensor_decorator.py
[2024-05-29T13:43:57.373+0000] {processor.py:830} INFO - Processing file /home/airflow/.local/lib/python3.12/site-packages/airflow/example_dags/example_sensor_decorator.py for tasks to queue
[2024-05-29T13:43:57.374+0000] {logging_mixin.py:188} INFO - [2024-05-29T13:43:57.374+0000] {dagbag.py:545} INFO - Filling up the DagBag from /home/airflow/.local/lib/python3.12/site-packages/airflow/example_dags/example_sensor_decorator.py
[2024-05-29T13:43:57.379+0000] {processor.py:840} INFO - DAG(s) 'example_sensor_decorator' retrieved from /home/airflow/.local/lib/python3.12/site-packages/airflow/example_dags/example_sensor_decorator.py
[2024-05-29T13:43:57.395+0000] {logging_mixin.py:188} INFO - [2024-05-29T13:43:57.394+0000] {dag.py:3096} INFO - Sync 1 DAGs
[2024-05-29T13:43:57.403+0000] {logging_mixin.py:188} INFO - [2024-05-29T13:43:57.403+0000] {dag.py:3954} INFO - Setting next_dagrun for example_sensor_decorator to None, run_after=None
[2024-05-29T13:43:57.417+0000] {processor.py:183} INFO - Processing /home/airflow/.local/lib/python3.12/site-packages/airflow/example_dags/example_sensor_decorator.py took 0.050 seconds
[2024-05-29T13:44:27.971+0000] {processor.py:161} INFO - Started process (PID=165) to work on /home/airflow/.local/lib/python3.12/site-packages/airflow/example_dags/example_sensor_decorator.py
[2024-05-29T13:44:27.972+0000] {processor.py:830} INFO - Processing file /home/airflow/.local/lib/python3.12/site-packages/airflow/example_dags/example_sensor_decorator.py for tasks to queue
[2024-05-29T13:44:27.973+0000] {logging_mixin.py:188} INFO - [2024-05-29T13:44:27.973+0000] {dagbag.py:545} INFO - Filling up the DagBag from /home/airflow/.local/lib/python3.12/site-packages/airflow/example_dags/example_sensor_decorator.py
[2024-05-29T13:44:27.976+0000] {processor.py:840} INFO - DAG(s) 'example_sensor_decorator' retrieved from /home/airflow/.local/lib/python3.12/site-packages/airflow/example_dags/example_sensor_decorator.py
[2024-05-29T13:44:27.990+0000] {logging_mixin.py:188} INFO - [2024-05-29T13:44:27.989+0000] {dag.py:3096} INFO - Sync 1 DAGs
[2024-05-29T13:44:27.997+0000] {logging_mixin.py:188} INFO - [2024-05-29T13:44:27.997+0000] {dag.py:3954} INFO - Setting next_dagrun for example_sensor_decorator to None, run_after=None
[2024-05-29T13:44:28.010+0000] {processor.py:183} INFO - Processing /home/airflow/.local/lib/python3.12/site-packages/airflow/example_dags/example_sensor_decorator.py took 0.043 seconds
[2024-05-29T13:44:58.554+0000] {processor.py:161} INFO - Started process (PID=224) to work on /home/airflow/.local/lib/python3.12/site-packages/airflow/example_dags/example_sensor_decorator.py
[2024-05-29T13:44:58.555+0000] {processor.py:830} INFO - Processing file /home/airflow/.local/lib/python3.12/site-packages/airflow/example_dags/example_sensor_decorator.py for tasks to queue
[2024-05-29T13:44:58.556+0000] {logging_mixin.py:188} INFO - [2024-05-29T13:44:58.556+0000] {dagbag.py:545} INFO - Filling up the DagBag from /home/airflow/.local/lib/python3.12/site-packages/airflow/example_dags/example_sensor_decorator.py
[2024-05-29T13:44:58.560+0000] {processor.py:840} INFO - DAG(s) 'example_sensor_decorator' retrieved from /home/airflow/.local/lib/python3.12/site-packages/airflow/example_dags/example_sensor_decorator.py
[2024-05-29T13:44:58.574+0000] {logging_mixin.py:188} INFO - [2024-05-29T13:44:58.573+0000] {dag.py:3096} INFO - Sync 1 DAGs
[2024-05-29T13:44:58.581+0000] {logging_mixin.py:188} INFO - [2024-05-29T13:44:58.581+0000] {dag.py:3954} INFO - Setting next_dagrun for example_sensor_decorator to None, run_after=None
[2024-05-29T13:44:58.593+0000] {processor.py:183} INFO - Processing /home/airflow/.local/lib/python3.12/site-packages/airflow/example_dags/example_sensor_decorator.py took 0.043 seconds
[2024-05-29T13:45:29.197+0000] {processor.py:161} INFO - Started process (PID=283) to work on /home/airflow/.local/lib/python3.12/site-packages/airflow/example_dags/example_sensor_decorator.py
[2024-05-29T13:45:29.198+0000] {processor.py:830} INFO - Processing file /home/airflow/.local/lib/python3.12/site-packages/airflow/example_dags/example_sensor_decorator.py for tasks to queue
[2024-05-29T13:45:29.199+0000] {logging_mixin.py:188} INFO - [2024-05-29T13:45:29.199+0000] {dagbag.py:545} INFO - Filling up the DagBag from /home/airflow/.local/lib/python3.12/site-packages/airflow/example_dags/example_sensor_decorator.py
[2024-05-29T13:45:29.205+0000] {processor.py:840} INFO - DAG(s) 'example_sensor_decorator' retrieved from /home/airflow/.local/lib/python3.12/site-packages/airflow/example_dags/example_sensor_decorator.py
[2024-05-29T13:45:29.221+0000] {logging_mixin.py:188} INFO - [2024-05-29T13:45:29.221+0000] {dag.py:3096} INFO - Sync 1 DAGs
[2024-05-29T13:45:29.229+0000] {logging_mixin.py:188} INFO - [2024-05-29T13:45:29.229+0000] {dag.py:3954} INFO - Setting next_dagrun for example_sensor_decorator to None, run_after=None
[2024-05-29T13:45:29.245+0000] {processor.py:183} INFO - Processing /home/airflow/.local/lib/python3.12/site-packages/airflow/example_dags/example_sensor_decorator.py took 0.051 seconds
[2024-05-29T13:45:59.843+0000] {processor.py:161} INFO - Started process (PID=342) to work on /home/airflow/.local/lib/python3.12/site-packages/airflow/example_dags/example_sensor_decorator.py
[2024-05-29T13:45:59.844+0000] {processor.py:830} INFO - Processing file /home/airflow/.local/lib/python3.12/site-packages/airflow/example_dags/example_sensor_decorator.py for tasks to queue
[2024-05-29T13:45:59.845+0000] {logging_mixin.py:188} INFO - [2024-05-29T13:45:59.845+0000] {dagbag.py:545} INFO - Filling up the DagBag from /home/airflow/.local/lib/python3.12/site-packages/airflow/example_dags/example_sensor_decorator.py
[2024-05-29T13:45:59.849+0000] {processor.py:840} INFO - DAG(s) 'example_sensor_decorator' retrieved from /home/airflow/.local/lib/python3.12/site-packages/airflow/example_dags/example_sensor_decorator.py
[2024-05-29T13:45:59.863+0000] {logging_mixin.py:188} INFO - [2024-05-29T13:45:59.863+0000] {dag.py:3096} INFO - Sync 1 DAGs
[2024-05-29T13:45:59.871+0000] {logging_mixin.py:188} INFO - [2024-05-29T13:45:59.871+0000] {dag.py:3954} INFO - Setting next_dagrun for example_sensor_decorator to None, run_after=None
[2024-05-29T13:45:59.882+0000] {processor.py:183} INFO - Processing /home/airflow/.local/lib/python3.12/site-packages/airflow/example_dags/example_sensor_decorator.py took 0.043 seconds
[2024-05-29T13:46:30.534+0000] {processor.py:161} INFO - Started process (PID=401) to work on /home/airflow/.local/lib/python3.12/site-packages/airflow/example_dags/example_sensor_decorator.py
[2024-05-29T13:46:30.540+0000] {processor.py:830} INFO - Processing file /home/airflow/.local/lib/python3.12/site-packages/airflow/example_dags/example_sensor_decorator.py for tasks to queue
[2024-05-29T13:46:30.541+0000] {logging_mixin.py:188} INFO - [2024-05-29T13:46:30.541+0000] {dagbag.py:545} INFO - Filling up the DagBag from /home/airflow/.local/lib/python3.12/site-packages/airflow/example_dags/example_sensor_decorator.py
[2024-05-29T13:46:30.547+0000] {processor.py:840} INFO - DAG(s) 'example_sensor_decorator' retrieved from /home/airflow/.local/lib/python3.12/site-packages/airflow/example_dags/example_sensor_decorator.py
[2024-05-29T13:46:30.564+0000] {logging_mixin.py:188} INFO - [2024-05-29T13:46:30.563+0000] {dag.py:3096} INFO - Sync 1 DAGs
[2024-05-29T13:46:30.571+0000] {logging_mixin.py:188} INFO - [2024-05-29T13:46:30.571+0000] {dag.py:3954} INFO - Setting next_dagrun for example_sensor_decorator to None, run_after=None
[2024-05-29T13:46:30.585+0000] {processor.py:183} INFO - Processing /home/airflow/.local/lib/python3.12/site-packages/airflow/example_dags/example_sensor_decorator.py took 0.054 seconds
[2024-05-29T13:47:00.647+0000] {processor.py:161} INFO - Started process (PID=459) to work on /home/airflow/.local/lib/python3.12/site-packages/airflow/example_dags/example_sensor_decorator.py
[2024-05-29T13:47:00.649+0000] {processor.py:830} INFO - Processing file /home/airflow/.local/lib/python3.12/site-packages/airflow/example_dags/example_sensor_decorator.py for tasks to queue
[2024-05-29T13:47:00.650+0000] {logging_mixin.py:188} INFO - [2024-05-29T13:47:00.650+0000] {dagbag.py:545} INFO - Filling up the DagBag from /home/airflow/.local/lib/python3.12/site-packages/airflow/example_dags/example_sensor_decorator.py
[2024-05-29T13:47:00.653+0000] {processor.py:840} INFO - DAG(s) 'example_sensor_decorator' retrieved from /home/airflow/.local/lib/python3.12/site-packages/airflow/example_dags/example_sensor_decorator.py
[2024-05-29T13:47:00.665+0000] {logging_mixin.py:188} INFO - [2024-05-29T13:47:00.665+0000] {dag.py:3096} INFO - Sync 1 DAGs
[2024-05-29T13:47:00.672+0000] {logging_mixin.py:188} INFO - [2024-05-29T13:47:00.672+0000] {dag.py:3954} INFO - Setting next_dagrun for example_sensor_decorator to None, run_after=None
[2024-05-29T13:47:00.684+0000] {processor.py:183} INFO - Processing /home/airflow/.local/lib/python3.12/site-packages/airflow/example_dags/example_sensor_decorator.py took 0.042 seconds
[2024-05-29T14:22:17.758+0000] {processor.py:161} INFO - Started process (PID=47) to work on /home/airflow/.local/lib/python3.12/site-packages/airflow/example_dags/example_sensor_decorator.py
[2024-05-29T14:22:17.759+0000] {processor.py:830} INFO - Processing file /home/airflow/.local/lib/python3.12/site-packages/airflow/example_dags/example_sensor_decorator.py for tasks to queue
[2024-05-29T14:22:17.760+0000] {logging_mixin.py:188} INFO - [2024-05-29T14:22:17.760+0000] {dagbag.py:545} INFO - Filling up the DagBag from /home/airflow/.local/lib/python3.12/site-packages/airflow/example_dags/example_sensor_decorator.py
[2024-05-29T14:22:17.767+0000] {processor.py:840} INFO - DAG(s) 'example_sensor_decorator' retrieved from /home/airflow/.local/lib/python3.12/site-packages/airflow/example_dags/example_sensor_decorator.py
[2024-05-29T14:22:17.775+0000] {logging_mixin.py:188} INFO - [2024-05-29T14:22:17.775+0000] {dag.py:3096} INFO - Sync 1 DAGs
[2024-05-29T14:22:17.787+0000] {logging_mixin.py:188} INFO - [2024-05-29T14:22:17.787+0000] {dag.py:3954} INFO - Setting next_dagrun for example_sensor_decorator to None, run_after=None
[2024-05-29T14:22:17.801+0000] {processor.py:183} INFO - Processing /home/airflow/.local/lib/python3.12/site-packages/airflow/example_dags/example_sensor_decorator.py took 0.046 seconds
[2024-05-29T14:22:48.474+0000] {processor.py:161} INFO - Started process (PID=106) to work on /home/airflow/.local/lib/python3.12/site-packages/airflow/example_dags/example_sensor_decorator.py
[2024-05-29T14:22:48.476+0000] {processor.py:830} INFO - Processing file /home/airflow/.local/lib/python3.12/site-packages/airflow/example_dags/example_sensor_decorator.py for tasks to queue
[2024-05-29T14:22:48.478+0000] {logging_mixin.py:188} INFO - [2024-05-29T14:22:48.478+0000] {dagbag.py:545} INFO - Filling up the DagBag from /home/airflow/.local/lib/python3.12/site-packages/airflow/example_dags/example_sensor_decorator.py
[2024-05-29T14:22:48.481+0000] {processor.py:840} INFO - DAG(s) 'example_sensor_decorator' retrieved from /home/airflow/.local/lib/python3.12/site-packages/airflow/example_dags/example_sensor_decorator.py
[2024-05-29T14:22:48.548+0000] {logging_mixin.py:188} INFO - [2024-05-29T14:22:48.548+0000] {dag.py:3096} INFO - Sync 1 DAGs
[2024-05-29T14:22:48.555+0000] {logging_mixin.py:188} INFO - [2024-05-29T14:22:48.555+0000] {dag.py:3954} INFO - Setting next_dagrun for example_sensor_decorator to None, run_after=None
[2024-05-29T14:22:48.570+0000] {processor.py:183} INFO - Processing /home/airflow/.local/lib/python3.12/site-packages/airflow/example_dags/example_sensor_decorator.py took 0.099 seconds
[2024-05-29T14:36:31.671+0000] {processor.py:161} INFO - Started process (PID=48) to work on /home/airflow/.local/lib/python3.12/site-packages/airflow/example_dags/example_sensor_decorator.py
[2024-05-29T14:36:31.672+0000] {processor.py:830} INFO - Processing file /home/airflow/.local/lib/python3.12/site-packages/airflow/example_dags/example_sensor_decorator.py for tasks to queue
[2024-05-29T14:36:31.673+0000] {logging_mixin.py:188} INFO - [2024-05-29T14:36:31.672+0000] {dagbag.py:545} INFO - Filling up the DagBag from /home/airflow/.local/lib/python3.12/site-packages/airflow/example_dags/example_sensor_decorator.py
[2024-05-29T14:36:31.678+0000] {processor.py:840} INFO - DAG(s) 'example_sensor_decorator' retrieved from /home/airflow/.local/lib/python3.12/site-packages/airflow/example_dags/example_sensor_decorator.py
[2024-05-29T14:36:31.761+0000] {logging_mixin.py:188} INFO - [2024-05-29T14:36:31.760+0000] {override.py:1829} INFO - Created Permission View: can read on DAG:example_sensor_decorator
[2024-05-29T14:36:31.769+0000] {logging_mixin.py:188} INFO - [2024-05-29T14:36:31.769+0000] {override.py:1829} INFO - Created Permission View: can delete on DAG:example_sensor_decorator
[2024-05-29T14:36:31.776+0000] {logging_mixin.py:188} INFO - [2024-05-29T14:36:31.775+0000] {override.py:1829} INFO - Created Permission View: can edit on DAG:example_sensor_decorator
[2024-05-29T14:36:31.776+0000] {logging_mixin.py:188} INFO - [2024-05-29T14:36:31.776+0000] {dag.py:3096} INFO - Sync 1 DAGs
[2024-05-29T14:36:31.783+0000] {logging_mixin.py:188} INFO - [2024-05-29T14:36:31.783+0000] {dag.py:3118} INFO - Creating ORM DAG for example_sensor_decorator
[2024-05-29T14:36:31.784+0000] {logging_mixin.py:188} INFO - [2024-05-29T14:36:31.784+0000] {dag.py:3954} INFO - Setting next_dagrun for example_sensor_decorator to None, run_after=None
[2024-05-29T14:36:31.796+0000] {processor.py:183} INFO - Processing /home/airflow/.local/lib/python3.12/site-packages/airflow/example_dags/example_sensor_decorator.py took 0.129 seconds
[2024-05-29T14:37:02.402+0000] {processor.py:161} INFO - Started process (PID=108) to work on /home/airflow/.local/lib/python3.12/site-packages/airflow/example_dags/example_sensor_decorator.py
[2024-05-29T14:37:02.403+0000] {processor.py:830} INFO - Processing file /home/airflow/.local/lib/python3.12/site-packages/airflow/example_dags/example_sensor_decorator.py for tasks to queue
[2024-05-29T14:37:02.404+0000] {logging_mixin.py:188} INFO - [2024-05-29T14:37:02.403+0000] {dagbag.py:545} INFO - Filling up the DagBag from /home/airflow/.local/lib/python3.12/site-packages/airflow/example_dags/example_sensor_decorator.py
[2024-05-29T14:37:02.407+0000] {processor.py:840} INFO - DAG(s) 'example_sensor_decorator' retrieved from /home/airflow/.local/lib/python3.12/site-packages/airflow/example_dags/example_sensor_decorator.py
[2024-05-29T14:37:02.418+0000] {logging_mixin.py:188} INFO - [2024-05-29T14:37:02.418+0000] {dag.py:3096} INFO - Sync 1 DAGs
[2024-05-29T14:37:02.426+0000] {logging_mixin.py:188} INFO - [2024-05-29T14:37:02.426+0000] {dag.py:3954} INFO - Setting next_dagrun for example_sensor_decorator to None, run_after=None
[2024-05-29T14:37:02.437+0000] {processor.py:183} INFO - Processing /home/airflow/.local/lib/python3.12/site-packages/airflow/example_dags/example_sensor_decorator.py took 0.038 seconds
[2024-05-29T14:37:33.531+0000] {processor.py:161} INFO - Started process (PID=168) to work on /home/airflow/.local/lib/python3.12/site-packages/airflow/example_dags/example_sensor_decorator.py
[2024-05-29T14:37:33.532+0000] {processor.py:830} INFO - Processing file /home/airflow/.local/lib/python3.12/site-packages/airflow/example_dags/example_sensor_decorator.py for tasks to queue
[2024-05-29T14:37:33.533+0000] {logging_mixin.py:188} INFO - [2024-05-29T14:37:33.533+0000] {dagbag.py:545} INFO - Filling up the DagBag from /home/airflow/.local/lib/python3.12/site-packages/airflow/example_dags/example_sensor_decorator.py
[2024-05-29T14:37:33.537+0000] {processor.py:840} INFO - DAG(s) 'example_sensor_decorator' retrieved from /home/airflow/.local/lib/python3.12/site-packages/airflow/example_dags/example_sensor_decorator.py
[2024-05-29T14:37:33.551+0000] {logging_mixin.py:188} INFO - [2024-05-29T14:37:33.551+0000] {dag.py:3096} INFO - Sync 1 DAGs
[2024-05-29T14:37:33.560+0000] {logging_mixin.py:188} INFO - [2024-05-29T14:37:33.559+0000] {dag.py:3954} INFO - Setting next_dagrun for example_sensor_decorator to None, run_after=None
[2024-05-29T14:37:33.573+0000] {processor.py:183} INFO - Processing /home/airflow/.local/lib/python3.12/site-packages/airflow/example_dags/example_sensor_decorator.py took 0.047 seconds
[2024-05-29T14:38:03.618+0000] {processor.py:161} INFO - Started process (PID=226) to work on /home/airflow/.local/lib/python3.12/site-packages/airflow/example_dags/example_sensor_decorator.py
[2024-05-29T14:38:03.619+0000] {processor.py:830} INFO - Processing file /home/airflow/.local/lib/python3.12/site-packages/airflow/example_dags/example_sensor_decorator.py for tasks to queue
[2024-05-29T14:38:03.620+0000] {logging_mixin.py:188} INFO - [2024-05-29T14:38:03.620+0000] {dagbag.py:545} INFO - Filling up the DagBag from /home/airflow/.local/lib/python3.12/site-packages/airflow/example_dags/example_sensor_decorator.py
[2024-05-29T14:38:03.623+0000] {processor.py:840} INFO - DAG(s) 'example_sensor_decorator' retrieved from /home/airflow/.local/lib/python3.12/site-packages/airflow/example_dags/example_sensor_decorator.py
[2024-05-29T14:38:03.637+0000] {logging_mixin.py:188} INFO - [2024-05-29T14:38:03.637+0000] {dag.py:3096} INFO - Sync 1 DAGs
[2024-05-29T14:38:03.645+0000] {logging_mixin.py:188} INFO - [2024-05-29T14:38:03.644+0000] {dag.py:3954} INFO - Setting next_dagrun for example_sensor_decorator to None, run_after=None
[2024-05-29T14:38:03.656+0000] {processor.py:183} INFO - Processing /home/airflow/.local/lib/python3.12/site-packages/airflow/example_dags/example_sensor_decorator.py took 0.042 seconds
[2024-05-29T14:47:12.964+0000] {processor.py:161} INFO - Started process (PID=49) to work on /home/airflow/.local/lib/python3.12/site-packages/airflow/example_dags/example_sensor_decorator.py
[2024-05-29T14:47:12.965+0000] {processor.py:830} INFO - Processing file /home/airflow/.local/lib/python3.12/site-packages/airflow/example_dags/example_sensor_decorator.py for tasks to queue
[2024-05-29T14:47:12.967+0000] {logging_mixin.py:188} INFO - [2024-05-29T14:47:12.966+0000] {dagbag.py:545} INFO - Filling up the DagBag from /home/airflow/.local/lib/python3.12/site-packages/airflow/example_dags/example_sensor_decorator.py
[2024-05-29T14:47:12.973+0000] {processor.py:840} INFO - DAG(s) 'example_sensor_decorator' retrieved from /home/airflow/.local/lib/python3.12/site-packages/airflow/example_dags/example_sensor_decorator.py
[2024-05-29T14:47:12.993+0000] {logging_mixin.py:188} INFO - [2024-05-29T14:47:12.992+0000] {dag.py:3096} INFO - Sync 1 DAGs
[2024-05-29T14:47:13.001+0000] {logging_mixin.py:188} INFO - [2024-05-29T14:47:13.001+0000] {dag.py:3954} INFO - Setting next_dagrun for example_sensor_decorator to None, run_after=None
[2024-05-29T14:47:13.016+0000] {processor.py:183} INFO - Processing /home/airflow/.local/lib/python3.12/site-packages/airflow/example_dags/example_sensor_decorator.py took 0.056 seconds
[2024-05-29T14:47:43.993+0000] {processor.py:161} INFO - Started process (PID=109) to work on /home/airflow/.local/lib/python3.12/site-packages/airflow/example_dags/example_sensor_decorator.py
[2024-05-29T14:47:43.994+0000] {processor.py:830} INFO - Processing file /home/airflow/.local/lib/python3.12/site-packages/airflow/example_dags/example_sensor_decorator.py for tasks to queue
[2024-05-29T14:47:43.995+0000] {logging_mixin.py:188} INFO - [2024-05-29T14:47:43.995+0000] {dagbag.py:545} INFO - Filling up the DagBag from /home/airflow/.local/lib/python3.12/site-packages/airflow/example_dags/example_sensor_decorator.py
[2024-05-29T14:47:43.999+0000] {processor.py:840} INFO - DAG(s) 'example_sensor_decorator' retrieved from /home/airflow/.local/lib/python3.12/site-packages/airflow/example_dags/example_sensor_decorator.py
[2024-05-29T14:47:44.011+0000] {logging_mixin.py:188} INFO - [2024-05-29T14:47:44.011+0000] {dag.py:3096} INFO - Sync 1 DAGs
[2024-05-29T14:47:44.019+0000] {logging_mixin.py:188} INFO - [2024-05-29T14:47:44.019+0000] {dag.py:3954} INFO - Setting next_dagrun for example_sensor_decorator to None, run_after=None
[2024-05-29T14:47:44.032+0000] {processor.py:183} INFO - Processing /home/airflow/.local/lib/python3.12/site-packages/airflow/example_dags/example_sensor_decorator.py took 0.042 seconds
[2024-05-29T14:48:15.165+0000] {processor.py:161} INFO - Started process (PID=169) to work on /home/airflow/.local/lib/python3.12/site-packages/airflow/example_dags/example_sensor_decorator.py
[2024-05-29T14:48:15.166+0000] {processor.py:830} INFO - Processing file /home/airflow/.local/lib/python3.12/site-packages/airflow/example_dags/example_sensor_decorator.py for tasks to queue
[2024-05-29T14:48:15.167+0000] {logging_mixin.py:188} INFO - [2024-05-29T14:48:15.167+0000] {dagbag.py:545} INFO - Filling up the DagBag from /home/airflow/.local/lib/python3.12/site-packages/airflow/example_dags/example_sensor_decorator.py
[2024-05-29T14:48:15.171+0000] {processor.py:840} INFO - DAG(s) 'example_sensor_decorator' retrieved from /home/airflow/.local/lib/python3.12/site-packages/airflow/example_dags/example_sensor_decorator.py
[2024-05-29T14:48:15.183+0000] {logging_mixin.py:188} INFO - [2024-05-29T14:48:15.183+0000] {dag.py:3096} INFO - Sync 1 DAGs
[2024-05-29T14:48:15.191+0000] {logging_mixin.py:188} INFO - [2024-05-29T14:48:15.191+0000] {dag.py:3954} INFO - Setting next_dagrun for example_sensor_decorator to None, run_after=None
[2024-05-29T14:48:15.203+0000] {processor.py:183} INFO - Processing /home/airflow/.local/lib/python3.12/site-packages/airflow/example_dags/example_sensor_decorator.py took 0.041 seconds
[2024-05-29T14:48:46.238+0000] {processor.py:161} INFO - Started process (PID=229) to work on /home/airflow/.local/lib/python3.12/site-packages/airflow/example_dags/example_sensor_decorator.py
[2024-05-29T14:48:46.239+0000] {processor.py:830} INFO - Processing file /home/airflow/.local/lib/python3.12/site-packages/airflow/example_dags/example_sensor_decorator.py for tasks to queue
[2024-05-29T14:48:46.240+0000] {logging_mixin.py:188} INFO - [2024-05-29T14:48:46.240+0000] {dagbag.py:545} INFO - Filling up the DagBag from /home/airflow/.local/lib/python3.12/site-packages/airflow/example_dags/example_sensor_decorator.py
[2024-05-29T14:48:46.244+0000] {processor.py:840} INFO - DAG(s) 'example_sensor_decorator' retrieved from /home/airflow/.local/lib/python3.12/site-packages/airflow/example_dags/example_sensor_decorator.py
[2024-05-29T14:48:46.256+0000] {logging_mixin.py:188} INFO - [2024-05-29T14:48:46.256+0000] {dag.py:3096} INFO - Sync 1 DAGs
[2024-05-29T14:48:46.263+0000] {logging_mixin.py:188} INFO - [2024-05-29T14:48:46.263+0000] {dag.py:3954} INFO - Setting next_dagrun for example_sensor_decorator to None, run_after=None
[2024-05-29T14:48:46.276+0000] {processor.py:183} INFO - Processing /home/airflow/.local/lib/python3.12/site-packages/airflow/example_dags/example_sensor_decorator.py took 0.042 seconds
[2024-05-29T14:49:17.048+0000] {processor.py:161} INFO - Started process (PID=289) to work on /home/airflow/.local/lib/python3.12/site-packages/airflow/example_dags/example_sensor_decorator.py
[2024-05-29T14:49:17.048+0000] {processor.py:830} INFO - Processing file /home/airflow/.local/lib/python3.12/site-packages/airflow/example_dags/example_sensor_decorator.py for tasks to queue
[2024-05-29T14:49:17.050+0000] {logging_mixin.py:188} INFO - [2024-05-29T14:49:17.049+0000] {dagbag.py:545} INFO - Filling up the DagBag from /home/airflow/.local/lib/python3.12/site-packages/airflow/example_dags/example_sensor_decorator.py
[2024-05-29T14:49:17.054+0000] {processor.py:840} INFO - DAG(s) 'example_sensor_decorator' retrieved from /home/airflow/.local/lib/python3.12/site-packages/airflow/example_dags/example_sensor_decorator.py
[2024-05-29T14:49:17.065+0000] {logging_mixin.py:188} INFO - [2024-05-29T14:49:17.065+0000] {dag.py:3096} INFO - Sync 1 DAGs
[2024-05-29T14:49:17.073+0000] {logging_mixin.py:188} INFO - [2024-05-29T14:49:17.073+0000] {dag.py:3954} INFO - Setting next_dagrun for example_sensor_decorator to None, run_after=None
[2024-05-29T14:49:17.084+0000] {processor.py:183} INFO - Processing /home/airflow/.local/lib/python3.12/site-packages/airflow/example_dags/example_sensor_decorator.py took 0.040 seconds
[2024-05-29T14:49:47.225+0000] {processor.py:161} INFO - Started process (PID=348) to work on /home/airflow/.local/lib/python3.12/site-packages/airflow/example_dags/example_sensor_decorator.py
[2024-05-29T14:49:47.225+0000] {processor.py:830} INFO - Processing file /home/airflow/.local/lib/python3.12/site-packages/airflow/example_dags/example_sensor_decorator.py for tasks to queue
[2024-05-29T14:49:47.226+0000] {logging_mixin.py:188} INFO - [2024-05-29T14:49:47.226+0000] {dagbag.py:545} INFO - Filling up the DagBag from /home/airflow/.local/lib/python3.12/site-packages/airflow/example_dags/example_sensor_decorator.py
[2024-05-29T14:49:47.230+0000] {processor.py:840} INFO - DAG(s) 'example_sensor_decorator' retrieved from /home/airflow/.local/lib/python3.12/site-packages/airflow/example_dags/example_sensor_decorator.py
[2024-05-29T14:49:47.243+0000] {logging_mixin.py:188} INFO - [2024-05-29T14:49:47.243+0000] {dag.py:3096} INFO - Sync 1 DAGs
[2024-05-29T14:49:47.251+0000] {logging_mixin.py:188} INFO - [2024-05-29T14:49:47.251+0000] {dag.py:3954} INFO - Setting next_dagrun for example_sensor_decorator to None, run_after=None
[2024-05-29T14:49:47.264+0000] {processor.py:183} INFO - Processing /home/airflow/.local/lib/python3.12/site-packages/airflow/example_dags/example_sensor_decorator.py took 0.043 seconds
