[2024-05-29T09:20:11.102+0000] {processor.py:161} INFO - Started process (PID=66) to work on /home/airflow/.local/lib/python3.12/site-packages/airflow/example_dags/example_branch_python_dop_operator_3.py
[2024-05-29T09:20:11.103+0000] {processor.py:830} INFO - Processing file /home/airflow/.local/lib/python3.12/site-packages/airflow/example_dags/example_branch_python_dop_operator_3.py for tasks to queue
[2024-05-29T09:20:11.104+0000] {logging_mixin.py:188} INFO - [2024-05-29T09:20:11.104+0000] {dagbag.py:545} INFO - Filling up the DagBag from /home/airflow/.local/lib/python3.12/site-packages/airflow/example_dags/example_branch_python_dop_operator_3.py
[2024-05-29T09:20:11.109+0000] {processor.py:840} INFO - DAG(s) 'example_branch_dop_operator_v3' retrieved from /home/airflow/.local/lib/python3.12/site-packages/airflow/example_dags/example_branch_python_dop_operator_3.py
[2024-05-29T09:20:11.175+0000] {logging_mixin.py:188} INFO - [2024-05-29T09:20:11.174+0000] {override.py:1829} INFO - Created Permission View: can read on DAG:example_branch_dop_operator_v3
[2024-05-29T09:20:11.181+0000] {logging_mixin.py:188} INFO - [2024-05-29T09:20:11.181+0000] {override.py:1829} INFO - Created Permission View: can delete on DAG:example_branch_dop_operator_v3
[2024-05-29T09:20:11.185+0000] {logging_mixin.py:188} INFO - [2024-05-29T09:20:11.185+0000] {override.py:1829} INFO - Created Permission View: can edit on DAG:example_branch_dop_operator_v3
[2024-05-29T09:20:11.186+0000] {logging_mixin.py:188} INFO - [2024-05-29T09:20:11.185+0000] {dag.py:3096} INFO - Sync 1 DAGs
[2024-05-29T09:20:11.192+0000] {logging_mixin.py:188} INFO - [2024-05-29T09:20:11.192+0000] {dag.py:3118} INFO - Creating ORM DAG for example_branch_dop_operator_v3
[2024-05-29T09:20:11.201+0000] {logging_mixin.py:188} INFO - [2024-05-29T09:20:11.201+0000] {dag.py:3954} INFO - Setting next_dagrun for example_branch_dop_operator_v3 to 2024-05-29 09:19:00+00:00, run_after=2024-05-29 09:20:00+00:00
[2024-05-29T09:20:11.212+0000] {processor.py:183} INFO - Processing /home/airflow/.local/lib/python3.12/site-packages/airflow/example_dags/example_branch_python_dop_operator_3.py took 0.113 seconds
[2024-05-29T09:20:42.092+0000] {processor.py:161} INFO - Started process (PID=126) to work on /home/airflow/.local/lib/python3.12/site-packages/airflow/example_dags/example_branch_python_dop_operator_3.py
[2024-05-29T09:20:42.093+0000] {processor.py:830} INFO - Processing file /home/airflow/.local/lib/python3.12/site-packages/airflow/example_dags/example_branch_python_dop_operator_3.py for tasks to queue
[2024-05-29T09:20:42.094+0000] {logging_mixin.py:188} INFO - [2024-05-29T09:20:42.094+0000] {dagbag.py:545} INFO - Filling up the DagBag from /home/airflow/.local/lib/python3.12/site-packages/airflow/example_dags/example_branch_python_dop_operator_3.py
[2024-05-29T09:20:42.099+0000] {processor.py:840} INFO - DAG(s) 'example_branch_dop_operator_v3' retrieved from /home/airflow/.local/lib/python3.12/site-packages/airflow/example_dags/example_branch_python_dop_operator_3.py
[2024-05-29T09:20:42.114+0000] {logging_mixin.py:188} INFO - [2024-05-29T09:20:42.114+0000] {dag.py:3096} INFO - Sync 1 DAGs
[2024-05-29T09:20:42.128+0000] {logging_mixin.py:188} INFO - [2024-05-29T09:20:42.128+0000] {dag.py:3954} INFO - Setting next_dagrun for example_branch_dop_operator_v3 to 2024-05-29 09:19:00+00:00, run_after=2024-05-29 09:20:00+00:00
[2024-05-29T09:20:42.139+0000] {processor.py:183} INFO - Processing /home/airflow/.local/lib/python3.12/site-packages/airflow/example_dags/example_branch_python_dop_operator_3.py took 0.050 seconds
[2024-05-29T09:21:12.929+0000] {processor.py:161} INFO - Started process (PID=186) to work on /home/airflow/.local/lib/python3.12/site-packages/airflow/example_dags/example_branch_python_dop_operator_3.py
[2024-05-29T09:21:12.930+0000] {processor.py:830} INFO - Processing file /home/airflow/.local/lib/python3.12/site-packages/airflow/example_dags/example_branch_python_dop_operator_3.py for tasks to queue
[2024-05-29T09:21:12.931+0000] {logging_mixin.py:188} INFO - [2024-05-29T09:21:12.931+0000] {dagbag.py:545} INFO - Filling up the DagBag from /home/airflow/.local/lib/python3.12/site-packages/airflow/example_dags/example_branch_python_dop_operator_3.py
[2024-05-29T09:21:12.936+0000] {processor.py:840} INFO - DAG(s) 'example_branch_dop_operator_v3' retrieved from /home/airflow/.local/lib/python3.12/site-packages/airflow/example_dags/example_branch_python_dop_operator_3.py
[2024-05-29T09:21:12.950+0000] {logging_mixin.py:188} INFO - [2024-05-29T09:21:12.950+0000] {dag.py:3096} INFO - Sync 1 DAGs
[2024-05-29T09:21:12.965+0000] {logging_mixin.py:188} INFO - [2024-05-29T09:21:12.965+0000] {dag.py:3954} INFO - Setting next_dagrun for example_branch_dop_operator_v3 to 2024-05-29 09:20:00+00:00, run_after=2024-05-29 09:21:00+00:00
[2024-05-29T09:21:12.980+0000] {processor.py:183} INFO - Processing /home/airflow/.local/lib/python3.12/site-packages/airflow/example_dags/example_branch_python_dop_operator_3.py took 0.054 seconds
[2024-05-29T09:21:43.648+0000] {processor.py:161} INFO - Started process (PID=246) to work on /home/airflow/.local/lib/python3.12/site-packages/airflow/example_dags/example_branch_python_dop_operator_3.py
[2024-05-29T09:21:43.649+0000] {processor.py:830} INFO - Processing file /home/airflow/.local/lib/python3.12/site-packages/airflow/example_dags/example_branch_python_dop_operator_3.py for tasks to queue
[2024-05-29T09:21:43.650+0000] {logging_mixin.py:188} INFO - [2024-05-29T09:21:43.650+0000] {dagbag.py:545} INFO - Filling up the DagBag from /home/airflow/.local/lib/python3.12/site-packages/airflow/example_dags/example_branch_python_dop_operator_3.py
[2024-05-29T09:21:43.655+0000] {processor.py:840} INFO - DAG(s) 'example_branch_dop_operator_v3' retrieved from /home/airflow/.local/lib/python3.12/site-packages/airflow/example_dags/example_branch_python_dop_operator_3.py
[2024-05-29T09:21:43.667+0000] {logging_mixin.py:188} INFO - [2024-05-29T09:21:43.667+0000] {dag.py:3096} INFO - Sync 1 DAGs
[2024-05-29T09:21:43.682+0000] {logging_mixin.py:188} INFO - [2024-05-29T09:21:43.682+0000] {dag.py:3954} INFO - Setting next_dagrun for example_branch_dop_operator_v3 to 2024-05-29 09:20:00+00:00, run_after=2024-05-29 09:21:00+00:00
[2024-05-29T09:21:43.694+0000] {processor.py:183} INFO - Processing /home/airflow/.local/lib/python3.12/site-packages/airflow/example_dags/example_branch_python_dop_operator_3.py took 0.049 seconds
[2024-05-29T09:22:14.433+0000] {processor.py:161} INFO - Started process (PID=306) to work on /home/airflow/.local/lib/python3.12/site-packages/airflow/example_dags/example_branch_python_dop_operator_3.py
[2024-05-29T09:22:14.434+0000] {processor.py:830} INFO - Processing file /home/airflow/.local/lib/python3.12/site-packages/airflow/example_dags/example_branch_python_dop_operator_3.py for tasks to queue
[2024-05-29T09:22:14.435+0000] {logging_mixin.py:188} INFO - [2024-05-29T09:22:14.435+0000] {dagbag.py:545} INFO - Filling up the DagBag from /home/airflow/.local/lib/python3.12/site-packages/airflow/example_dags/example_branch_python_dop_operator_3.py
[2024-05-29T09:22:14.441+0000] {processor.py:840} INFO - DAG(s) 'example_branch_dop_operator_v3' retrieved from /home/airflow/.local/lib/python3.12/site-packages/airflow/example_dags/example_branch_python_dop_operator_3.py
[2024-05-29T09:22:14.457+0000] {logging_mixin.py:188} INFO - [2024-05-29T09:22:14.457+0000] {dag.py:3096} INFO - Sync 1 DAGs
[2024-05-29T09:22:14.479+0000] {logging_mixin.py:188} INFO - [2024-05-29T09:22:14.479+0000] {dag.py:3954} INFO - Setting next_dagrun for example_branch_dop_operator_v3 to 2024-05-29 09:21:00+00:00, run_after=2024-05-29 09:22:00+00:00
[2024-05-29T09:22:14.493+0000] {processor.py:183} INFO - Processing /home/airflow/.local/lib/python3.12/site-packages/airflow/example_dags/example_branch_python_dop_operator_3.py took 0.063 seconds
[2024-05-29T13:24:32.898+0000] {processor.py:161} INFO - Started process (PID=66) to work on /home/airflow/.local/lib/python3.12/site-packages/airflow/example_dags/example_branch_python_dop_operator_3.py
[2024-05-29T13:24:32.899+0000] {processor.py:830} INFO - Processing file /home/airflow/.local/lib/python3.12/site-packages/airflow/example_dags/example_branch_python_dop_operator_3.py for tasks to queue
[2024-05-29T13:24:32.900+0000] {logging_mixin.py:188} INFO - [2024-05-29T13:24:32.900+0000] {dagbag.py:545} INFO - Filling up the DagBag from /home/airflow/.local/lib/python3.12/site-packages/airflow/example_dags/example_branch_python_dop_operator_3.py
[2024-05-29T13:24:32.905+0000] {processor.py:840} INFO - DAG(s) 'example_branch_dop_operator_v3' retrieved from /home/airflow/.local/lib/python3.12/site-packages/airflow/example_dags/example_branch_python_dop_operator_3.py
[2024-05-29T13:24:32.976+0000] {logging_mixin.py:188} INFO - [2024-05-29T13:24:32.976+0000] {override.py:1829} INFO - Created Permission View: can read on DAG:example_branch_dop_operator_v3
[2024-05-29T13:24:32.984+0000] {logging_mixin.py:188} INFO - [2024-05-29T13:24:32.984+0000] {override.py:1829} INFO - Created Permission View: can delete on DAG:example_branch_dop_operator_v3
[2024-05-29T13:24:32.988+0000] {logging_mixin.py:188} INFO - [2024-05-29T13:24:32.988+0000] {override.py:1829} INFO - Created Permission View: can edit on DAG:example_branch_dop_operator_v3
[2024-05-29T13:24:32.988+0000] {logging_mixin.py:188} INFO - [2024-05-29T13:24:32.988+0000] {dag.py:3096} INFO - Sync 1 DAGs
[2024-05-29T13:24:32.995+0000] {logging_mixin.py:188} INFO - [2024-05-29T13:24:32.995+0000] {dag.py:3118} INFO - Creating ORM DAG for example_branch_dop_operator_v3
[2024-05-29T13:24:33.004+0000] {logging_mixin.py:188} INFO - [2024-05-29T13:24:33.004+0000] {dag.py:3954} INFO - Setting next_dagrun for example_branch_dop_operator_v3 to 2024-05-29 13:23:00+00:00, run_after=2024-05-29 13:24:00+00:00
[2024-05-29T13:24:33.015+0000] {processor.py:183} INFO - Processing /home/airflow/.local/lib/python3.12/site-packages/airflow/example_dags/example_branch_python_dop_operator_3.py took 0.121 seconds
[2024-05-29T13:25:03.966+0000] {processor.py:161} INFO - Started process (PID=126) to work on /home/airflow/.local/lib/python3.12/site-packages/airflow/example_dags/example_branch_python_dop_operator_3.py
[2024-05-29T13:25:03.968+0000] {processor.py:830} INFO - Processing file /home/airflow/.local/lib/python3.12/site-packages/airflow/example_dags/example_branch_python_dop_operator_3.py for tasks to queue
[2024-05-29T13:25:03.969+0000] {logging_mixin.py:188} INFO - [2024-05-29T13:25:03.968+0000] {dagbag.py:545} INFO - Filling up the DagBag from /home/airflow/.local/lib/python3.12/site-packages/airflow/example_dags/example_branch_python_dop_operator_3.py
[2024-05-29T13:25:03.975+0000] {processor.py:840} INFO - DAG(s) 'example_branch_dop_operator_v3' retrieved from /home/airflow/.local/lib/python3.12/site-packages/airflow/example_dags/example_branch_python_dop_operator_3.py
[2024-05-29T13:25:03.990+0000] {logging_mixin.py:188} INFO - [2024-05-29T13:25:03.989+0000] {dag.py:3096} INFO - Sync 1 DAGs
[2024-05-29T13:25:04.004+0000] {logging_mixin.py:188} INFO - [2024-05-29T13:25:04.004+0000] {dag.py:3954} INFO - Setting next_dagrun for example_branch_dop_operator_v3 to 2024-05-29 13:24:00+00:00, run_after=2024-05-29 13:25:00+00:00
[2024-05-29T13:25:04.021+0000] {processor.py:183} INFO - Processing /home/airflow/.local/lib/python3.12/site-packages/airflow/example_dags/example_branch_python_dop_operator_3.py took 0.058 seconds
[2024-05-29T13:25:35.031+0000] {processor.py:161} INFO - Started process (PID=186) to work on /home/airflow/.local/lib/python3.12/site-packages/airflow/example_dags/example_branch_python_dop_operator_3.py
[2024-05-29T13:25:35.032+0000] {processor.py:830} INFO - Processing file /home/airflow/.local/lib/python3.12/site-packages/airflow/example_dags/example_branch_python_dop_operator_3.py for tasks to queue
[2024-05-29T13:25:35.034+0000] {logging_mixin.py:188} INFO - [2024-05-29T13:25:35.033+0000] {dagbag.py:545} INFO - Filling up the DagBag from /home/airflow/.local/lib/python3.12/site-packages/airflow/example_dags/example_branch_python_dop_operator_3.py
[2024-05-29T13:25:35.041+0000] {processor.py:840} INFO - DAG(s) 'example_branch_dop_operator_v3' retrieved from /home/airflow/.local/lib/python3.12/site-packages/airflow/example_dags/example_branch_python_dop_operator_3.py
[2024-05-29T13:25:35.054+0000] {logging_mixin.py:188} INFO - [2024-05-29T13:25:35.054+0000] {dag.py:3096} INFO - Sync 1 DAGs
[2024-05-29T13:25:35.069+0000] {logging_mixin.py:188} INFO - [2024-05-29T13:25:35.069+0000] {dag.py:3954} INFO - Setting next_dagrun for example_branch_dop_operator_v3 to 2024-05-29 13:24:00+00:00, run_after=2024-05-29 13:25:00+00:00
[2024-05-29T13:25:35.081+0000] {processor.py:183} INFO - Processing /home/airflow/.local/lib/python3.12/site-packages/airflow/example_dags/example_branch_python_dop_operator_3.py took 0.053 seconds
[2024-05-29T13:43:27.593+0000] {processor.py:161} INFO - Started process (PID=65) to work on /home/airflow/.local/lib/python3.12/site-packages/airflow/example_dags/example_branch_python_dop_operator_3.py
[2024-05-29T13:43:27.593+0000] {processor.py:830} INFO - Processing file /home/airflow/.local/lib/python3.12/site-packages/airflow/example_dags/example_branch_python_dop_operator_3.py for tasks to queue
[2024-05-29T13:43:27.595+0000] {logging_mixin.py:188} INFO - [2024-05-29T13:43:27.595+0000] {dagbag.py:545} INFO - Filling up the DagBag from /home/airflow/.local/lib/python3.12/site-packages/airflow/example_dags/example_branch_python_dop_operator_3.py
[2024-05-29T13:43:27.601+0000] {processor.py:840} INFO - DAG(s) 'example_branch_dop_operator_v3' retrieved from /home/airflow/.local/lib/python3.12/site-packages/airflow/example_dags/example_branch_python_dop_operator_3.py
[2024-05-29T13:43:27.672+0000] {logging_mixin.py:188} INFO - [2024-05-29T13:43:27.672+0000] {override.py:1829} INFO - Created Permission View: can edit on DAG:example_branch_dop_operator_v3
[2024-05-29T13:43:27.681+0000] {logging_mixin.py:188} INFO - [2024-05-29T13:43:27.681+0000] {override.py:1829} INFO - Created Permission View: can delete on DAG:example_branch_dop_operator_v3
[2024-05-29T13:43:27.686+0000] {logging_mixin.py:188} INFO - [2024-05-29T13:43:27.686+0000] {override.py:1829} INFO - Created Permission View: can read on DAG:example_branch_dop_operator_v3
[2024-05-29T13:43:27.686+0000] {logging_mixin.py:188} INFO - [2024-05-29T13:43:27.686+0000] {dag.py:3096} INFO - Sync 1 DAGs
[2024-05-29T13:43:27.693+0000] {logging_mixin.py:188} INFO - [2024-05-29T13:43:27.693+0000] {dag.py:3118} INFO - Creating ORM DAG for example_branch_dop_operator_v3
[2024-05-29T13:43:27.702+0000] {logging_mixin.py:188} INFO - [2024-05-29T13:43:27.702+0000] {dag.py:3954} INFO - Setting next_dagrun for example_branch_dop_operator_v3 to 2024-05-29 13:42:00+00:00, run_after=2024-05-29 13:43:00+00:00
[2024-05-29T13:43:27.714+0000] {processor.py:183} INFO - Processing /home/airflow/.local/lib/python3.12/site-packages/airflow/example_dags/example_branch_python_dop_operator_3.py took 0.125 seconds
[2024-05-29T13:43:57.947+0000] {processor.py:161} INFO - Started process (PID=124) to work on /home/airflow/.local/lib/python3.12/site-packages/airflow/example_dags/example_branch_python_dop_operator_3.py
[2024-05-29T13:43:57.948+0000] {processor.py:830} INFO - Processing file /home/airflow/.local/lib/python3.12/site-packages/airflow/example_dags/example_branch_python_dop_operator_3.py for tasks to queue
[2024-05-29T13:43:57.949+0000] {logging_mixin.py:188} INFO - [2024-05-29T13:43:57.949+0000] {dagbag.py:545} INFO - Filling up the DagBag from /home/airflow/.local/lib/python3.12/site-packages/airflow/example_dags/example_branch_python_dop_operator_3.py
[2024-05-29T13:43:57.954+0000] {processor.py:840} INFO - DAG(s) 'example_branch_dop_operator_v3' retrieved from /home/airflow/.local/lib/python3.12/site-packages/airflow/example_dags/example_branch_python_dop_operator_3.py
[2024-05-29T13:43:57.967+0000] {logging_mixin.py:188} INFO - [2024-05-29T13:43:57.967+0000] {dag.py:3096} INFO - Sync 1 DAGs
[2024-05-29T13:43:57.983+0000] {logging_mixin.py:188} INFO - [2024-05-29T13:43:57.982+0000] {dag.py:3954} INFO - Setting next_dagrun for example_branch_dop_operator_v3 to 2024-05-29 13:42:00+00:00, run_after=2024-05-29 13:43:00+00:00
[2024-05-29T13:43:57.996+0000] {processor.py:183} INFO - Processing /home/airflow/.local/lib/python3.12/site-packages/airflow/example_dags/example_branch_python_dop_operator_3.py took 0.052 seconds
[2024-05-29T13:44:28.548+0000] {processor.py:161} INFO - Started process (PID=183) to work on /home/airflow/.local/lib/python3.12/site-packages/airflow/example_dags/example_branch_python_dop_operator_3.py
[2024-05-29T13:44:28.549+0000] {processor.py:830} INFO - Processing file /home/airflow/.local/lib/python3.12/site-packages/airflow/example_dags/example_branch_python_dop_operator_3.py for tasks to queue
[2024-05-29T13:44:28.550+0000] {logging_mixin.py:188} INFO - [2024-05-29T13:44:28.549+0000] {dagbag.py:545} INFO - Filling up the DagBag from /home/airflow/.local/lib/python3.12/site-packages/airflow/example_dags/example_branch_python_dop_operator_3.py
[2024-05-29T13:44:28.554+0000] {processor.py:840} INFO - DAG(s) 'example_branch_dop_operator_v3' retrieved from /home/airflow/.local/lib/python3.12/site-packages/airflow/example_dags/example_branch_python_dop_operator_3.py
[2024-05-29T13:44:28.565+0000] {logging_mixin.py:188} INFO - [2024-05-29T13:44:28.565+0000] {dag.py:3096} INFO - Sync 1 DAGs
[2024-05-29T13:44:28.580+0000] {logging_mixin.py:188} INFO - [2024-05-29T13:44:28.580+0000] {dag.py:3954} INFO - Setting next_dagrun for example_branch_dop_operator_v3 to 2024-05-29 13:43:00+00:00, run_after=2024-05-29 13:44:00+00:00
[2024-05-29T13:44:28.591+0000] {processor.py:183} INFO - Processing /home/airflow/.local/lib/python3.12/site-packages/airflow/example_dags/example_branch_python_dop_operator_3.py took 0.046 seconds
[2024-05-29T13:44:59.149+0000] {processor.py:161} INFO - Started process (PID=242) to work on /home/airflow/.local/lib/python3.12/site-packages/airflow/example_dags/example_branch_python_dop_operator_3.py
[2024-05-29T13:44:59.150+0000] {processor.py:830} INFO - Processing file /home/airflow/.local/lib/python3.12/site-packages/airflow/example_dags/example_branch_python_dop_operator_3.py for tasks to queue
[2024-05-29T13:44:59.151+0000] {logging_mixin.py:188} INFO - [2024-05-29T13:44:59.150+0000] {dagbag.py:545} INFO - Filling up the DagBag from /home/airflow/.local/lib/python3.12/site-packages/airflow/example_dags/example_branch_python_dop_operator_3.py
[2024-05-29T13:44:59.156+0000] {processor.py:840} INFO - DAG(s) 'example_branch_dop_operator_v3' retrieved from /home/airflow/.local/lib/python3.12/site-packages/airflow/example_dags/example_branch_python_dop_operator_3.py
[2024-05-29T13:44:59.168+0000] {logging_mixin.py:188} INFO - [2024-05-29T13:44:59.168+0000] {dag.py:3096} INFO - Sync 1 DAGs
[2024-05-29T13:44:59.183+0000] {logging_mixin.py:188} INFO - [2024-05-29T13:44:59.183+0000] {dag.py:3954} INFO - Setting next_dagrun for example_branch_dop_operator_v3 to 2024-05-29 13:43:00+00:00, run_after=2024-05-29 13:44:00+00:00
[2024-05-29T13:44:59.194+0000] {processor.py:183} INFO - Processing /home/airflow/.local/lib/python3.12/site-packages/airflow/example_dags/example_branch_python_dop_operator_3.py took 0.050 seconds
[2024-05-29T13:45:29.795+0000] {processor.py:161} INFO - Started process (PID=301) to work on /home/airflow/.local/lib/python3.12/site-packages/airflow/example_dags/example_branch_python_dop_operator_3.py
[2024-05-29T13:45:29.796+0000] {processor.py:830} INFO - Processing file /home/airflow/.local/lib/python3.12/site-packages/airflow/example_dags/example_branch_python_dop_operator_3.py for tasks to queue
[2024-05-29T13:45:29.797+0000] {logging_mixin.py:188} INFO - [2024-05-29T13:45:29.797+0000] {dagbag.py:545} INFO - Filling up the DagBag from /home/airflow/.local/lib/python3.12/site-packages/airflow/example_dags/example_branch_python_dop_operator_3.py
[2024-05-29T13:45:29.802+0000] {processor.py:840} INFO - DAG(s) 'example_branch_dop_operator_v3' retrieved from /home/airflow/.local/lib/python3.12/site-packages/airflow/example_dags/example_branch_python_dop_operator_3.py
[2024-05-29T13:45:29.815+0000] {logging_mixin.py:188} INFO - [2024-05-29T13:45:29.815+0000] {dag.py:3096} INFO - Sync 1 DAGs
[2024-05-29T13:45:29.831+0000] {logging_mixin.py:188} INFO - [2024-05-29T13:45:29.831+0000] {dag.py:3954} INFO - Setting next_dagrun for example_branch_dop_operator_v3 to 2024-05-29 13:44:00+00:00, run_after=2024-05-29 13:45:00+00:00
[2024-05-29T13:45:29.843+0000] {processor.py:183} INFO - Processing /home/airflow/.local/lib/python3.12/site-packages/airflow/example_dags/example_branch_python_dop_operator_3.py took 0.052 seconds
[2024-05-29T13:46:00.488+0000] {processor.py:161} INFO - Started process (PID=360) to work on /home/airflow/.local/lib/python3.12/site-packages/airflow/example_dags/example_branch_python_dop_operator_3.py
[2024-05-29T13:46:00.489+0000] {processor.py:830} INFO - Processing file /home/airflow/.local/lib/python3.12/site-packages/airflow/example_dags/example_branch_python_dop_operator_3.py for tasks to queue
[2024-05-29T13:46:00.490+0000] {logging_mixin.py:188} INFO - [2024-05-29T13:46:00.489+0000] {dagbag.py:545} INFO - Filling up the DagBag from /home/airflow/.local/lib/python3.12/site-packages/airflow/example_dags/example_branch_python_dop_operator_3.py
[2024-05-29T13:46:00.494+0000] {processor.py:840} INFO - DAG(s) 'example_branch_dop_operator_v3' retrieved from /home/airflow/.local/lib/python3.12/site-packages/airflow/example_dags/example_branch_python_dop_operator_3.py
[2024-05-29T13:46:00.509+0000] {logging_mixin.py:188} INFO - [2024-05-29T13:46:00.509+0000] {dag.py:3096} INFO - Sync 1 DAGs
[2024-05-29T13:46:00.525+0000] {logging_mixin.py:188} INFO - [2024-05-29T13:46:00.525+0000] {dag.py:3954} INFO - Setting next_dagrun for example_branch_dop_operator_v3 to 2024-05-29 13:45:00+00:00, run_after=2024-05-29 13:46:00+00:00
[2024-05-29T13:46:00.539+0000] {processor.py:183} INFO - Processing /home/airflow/.local/lib/python3.12/site-packages/airflow/example_dags/example_branch_python_dop_operator_3.py took 0.057 seconds
[2024-05-29T13:46:31.227+0000] {processor.py:161} INFO - Started process (PID=419) to work on /home/airflow/.local/lib/python3.12/site-packages/airflow/example_dags/example_branch_python_dop_operator_3.py
[2024-05-29T13:46:31.228+0000] {processor.py:830} INFO - Processing file /home/airflow/.local/lib/python3.12/site-packages/airflow/example_dags/example_branch_python_dop_operator_3.py for tasks to queue
[2024-05-29T13:46:31.229+0000] {logging_mixin.py:188} INFO - [2024-05-29T13:46:31.229+0000] {dagbag.py:545} INFO - Filling up the DagBag from /home/airflow/.local/lib/python3.12/site-packages/airflow/example_dags/example_branch_python_dop_operator_3.py
[2024-05-29T13:46:31.234+0000] {processor.py:840} INFO - DAG(s) 'example_branch_dop_operator_v3' retrieved from /home/airflow/.local/lib/python3.12/site-packages/airflow/example_dags/example_branch_python_dop_operator_3.py
[2024-05-29T13:46:31.247+0000] {logging_mixin.py:188} INFO - [2024-05-29T13:46:31.246+0000] {dag.py:3096} INFO - Sync 1 DAGs
[2024-05-29T13:46:31.262+0000] {logging_mixin.py:188} INFO - [2024-05-29T13:46:31.262+0000] {dag.py:3954} INFO - Setting next_dagrun for example_branch_dop_operator_v3 to 2024-05-29 13:45:00+00:00, run_after=2024-05-29 13:46:00+00:00
[2024-05-29T13:46:31.274+0000] {processor.py:183} INFO - Processing /home/airflow/.local/lib/python3.12/site-packages/airflow/example_dags/example_branch_python_dop_operator_3.py took 0.051 seconds
[2024-05-29T13:47:01.338+0000] {processor.py:161} INFO - Started process (PID=478) to work on /home/airflow/.local/lib/python3.12/site-packages/airflow/example_dags/example_branch_python_dop_operator_3.py
[2024-05-29T13:47:01.339+0000] {processor.py:830} INFO - Processing file /home/airflow/.local/lib/python3.12/site-packages/airflow/example_dags/example_branch_python_dop_operator_3.py for tasks to queue
[2024-05-29T13:47:01.340+0000] {logging_mixin.py:188} INFO - [2024-05-29T13:47:01.340+0000] {dagbag.py:545} INFO - Filling up the DagBag from /home/airflow/.local/lib/python3.12/site-packages/airflow/example_dags/example_branch_python_dop_operator_3.py
[2024-05-29T13:47:01.345+0000] {processor.py:840} INFO - DAG(s) 'example_branch_dop_operator_v3' retrieved from /home/airflow/.local/lib/python3.12/site-packages/airflow/example_dags/example_branch_python_dop_operator_3.py
[2024-05-29T13:47:01.357+0000] {logging_mixin.py:188} INFO - [2024-05-29T13:47:01.357+0000] {dag.py:3096} INFO - Sync 1 DAGs
[2024-05-29T13:47:01.371+0000] {logging_mixin.py:188} INFO - [2024-05-29T13:47:01.371+0000] {dag.py:3954} INFO - Setting next_dagrun for example_branch_dop_operator_v3 to 2024-05-29 13:46:00+00:00, run_after=2024-05-29 13:47:00+00:00
[2024-05-29T13:47:01.383+0000] {processor.py:183} INFO - Processing /home/airflow/.local/lib/python3.12/site-packages/airflow/example_dags/example_branch_python_dop_operator_3.py took 0.048 seconds
[2024-05-29T14:22:18.367+0000] {processor.py:161} INFO - Started process (PID=65) to work on /home/airflow/.local/lib/python3.12/site-packages/airflow/example_dags/example_branch_python_dop_operator_3.py
[2024-05-29T14:22:18.368+0000] {processor.py:830} INFO - Processing file /home/airflow/.local/lib/python3.12/site-packages/airflow/example_dags/example_branch_python_dop_operator_3.py for tasks to queue
[2024-05-29T14:22:18.369+0000] {logging_mixin.py:188} INFO - [2024-05-29T14:22:18.369+0000] {dagbag.py:545} INFO - Filling up the DagBag from /home/airflow/.local/lib/python3.12/site-packages/airflow/example_dags/example_branch_python_dop_operator_3.py
[2024-05-29T14:22:18.376+0000] {processor.py:840} INFO - DAG(s) 'example_branch_dop_operator_v3' retrieved from /home/airflow/.local/lib/python3.12/site-packages/airflow/example_dags/example_branch_python_dop_operator_3.py
[2024-05-29T14:22:18.383+0000] {logging_mixin.py:188} INFO - [2024-05-29T14:22:18.383+0000] {dag.py:3096} INFO - Sync 1 DAGs
[2024-05-29T14:22:18.402+0000] {logging_mixin.py:188} INFO - [2024-05-29T14:22:18.402+0000] {dag.py:3954} INFO - Setting next_dagrun for example_branch_dop_operator_v3 to 2024-05-29 14:21:00+00:00, run_after=2024-05-29 14:22:00+00:00
[2024-05-29T14:22:18.414+0000] {processor.py:183} INFO - Processing /home/airflow/.local/lib/python3.12/site-packages/airflow/example_dags/example_branch_python_dop_operator_3.py took 0.050 seconds
[2024-05-29T14:22:49.467+0000] {processor.py:161} INFO - Started process (PID=124) to work on /home/airflow/.local/lib/python3.12/site-packages/airflow/example_dags/example_branch_python_dop_operator_3.py
[2024-05-29T14:22:49.469+0000] {processor.py:830} INFO - Processing file /home/airflow/.local/lib/python3.12/site-packages/airflow/example_dags/example_branch_python_dop_operator_3.py for tasks to queue
[2024-05-29T14:22:49.470+0000] {logging_mixin.py:188} INFO - [2024-05-29T14:22:49.470+0000] {dagbag.py:545} INFO - Filling up the DagBag from /home/airflow/.local/lib/python3.12/site-packages/airflow/example_dags/example_branch_python_dop_operator_3.py
[2024-05-29T14:22:49.478+0000] {processor.py:840} INFO - DAG(s) 'example_branch_dop_operator_v3' retrieved from /home/airflow/.local/lib/python3.12/site-packages/airflow/example_dags/example_branch_python_dop_operator_3.py
[2024-05-29T14:22:49.542+0000] {logging_mixin.py:188} INFO - [2024-05-29T14:22:49.542+0000] {dag.py:3096} INFO - Sync 1 DAGs
[2024-05-29T14:22:49.557+0000] {logging_mixin.py:188} INFO - [2024-05-29T14:22:49.556+0000] {dag.py:3954} INFO - Setting next_dagrun for example_branch_dop_operator_v3 to 2024-05-29 14:21:00+00:00, run_after=2024-05-29 14:22:00+00:00
[2024-05-29T14:22:49.573+0000] {processor.py:183} INFO - Processing /home/airflow/.local/lib/python3.12/site-packages/airflow/example_dags/example_branch_python_dop_operator_3.py took 0.109 seconds
[2024-05-29T14:36:32.943+0000] {processor.py:161} INFO - Started process (PID=66) to work on /home/airflow/.local/lib/python3.12/site-packages/airflow/example_dags/example_branch_python_dop_operator_3.py
[2024-05-29T14:36:32.943+0000] {processor.py:830} INFO - Processing file /home/airflow/.local/lib/python3.12/site-packages/airflow/example_dags/example_branch_python_dop_operator_3.py for tasks to queue
[2024-05-29T14:36:32.944+0000] {logging_mixin.py:188} INFO - [2024-05-29T14:36:32.944+0000] {dagbag.py:545} INFO - Filling up the DagBag from /home/airflow/.local/lib/python3.12/site-packages/airflow/example_dags/example_branch_python_dop_operator_3.py
[2024-05-29T14:36:32.950+0000] {processor.py:840} INFO - DAG(s) 'example_branch_dop_operator_v3' retrieved from /home/airflow/.local/lib/python3.12/site-packages/airflow/example_dags/example_branch_python_dop_operator_3.py
[2024-05-29T14:36:33.024+0000] {logging_mixin.py:188} INFO - [2024-05-29T14:36:33.024+0000] {override.py:1829} INFO - Created Permission View: can read on DAG:example_branch_dop_operator_v3
[2024-05-29T14:36:33.030+0000] {logging_mixin.py:188} INFO - [2024-05-29T14:36:33.030+0000] {override.py:1829} INFO - Created Permission View: can delete on DAG:example_branch_dop_operator_v3
[2024-05-29T14:36:33.034+0000] {logging_mixin.py:188} INFO - [2024-05-29T14:36:33.034+0000] {override.py:1829} INFO - Created Permission View: can edit on DAG:example_branch_dop_operator_v3
[2024-05-29T14:36:33.034+0000] {logging_mixin.py:188} INFO - [2024-05-29T14:36:33.034+0000] {dag.py:3096} INFO - Sync 1 DAGs
[2024-05-29T14:36:33.041+0000] {logging_mixin.py:188} INFO - [2024-05-29T14:36:33.041+0000] {dag.py:3118} INFO - Creating ORM DAG for example_branch_dop_operator_v3
[2024-05-29T14:36:33.049+0000] {logging_mixin.py:188} INFO - [2024-05-29T14:36:33.049+0000] {dag.py:3954} INFO - Setting next_dagrun for example_branch_dop_operator_v3 to 2024-05-29 14:35:00+00:00, run_after=2024-05-29 14:36:00+00:00
[2024-05-29T14:36:33.061+0000] {processor.py:183} INFO - Processing /home/airflow/.local/lib/python3.12/site-packages/airflow/example_dags/example_branch_python_dop_operator_3.py took 0.122 seconds
[2024-05-29T14:37:03.994+0000] {processor.py:161} INFO - Started process (PID=126) to work on /home/airflow/.local/lib/python3.12/site-packages/airflow/example_dags/example_branch_python_dop_operator_3.py
[2024-05-29T14:37:03.998+0000] {processor.py:830} INFO - Processing file /home/airflow/.local/lib/python3.12/site-packages/airflow/example_dags/example_branch_python_dop_operator_3.py for tasks to queue
[2024-05-29T14:37:03.999+0000] {logging_mixin.py:188} INFO - [2024-05-29T14:37:03.998+0000] {dagbag.py:545} INFO - Filling up the DagBag from /home/airflow/.local/lib/python3.12/site-packages/airflow/example_dags/example_branch_python_dop_operator_3.py
[2024-05-29T14:37:04.003+0000] {processor.py:840} INFO - DAG(s) 'example_branch_dop_operator_v3' retrieved from /home/airflow/.local/lib/python3.12/site-packages/airflow/example_dags/example_branch_python_dop_operator_3.py
[2024-05-29T14:37:04.016+0000] {logging_mixin.py:188} INFO - [2024-05-29T14:37:04.016+0000] {dag.py:3096} INFO - Sync 1 DAGs
[2024-05-29T14:37:04.034+0000] {logging_mixin.py:188} INFO - [2024-05-29T14:37:04.034+0000] {dag.py:3954} INFO - Setting next_dagrun for example_branch_dop_operator_v3 to 2024-05-29 14:36:00+00:00, run_after=2024-05-29 14:37:00+00:00
[2024-05-29T14:37:04.052+0000] {processor.py:183} INFO - Processing /home/airflow/.local/lib/python3.12/site-packages/airflow/example_dags/example_branch_python_dop_operator_3.py took 0.062 seconds
[2024-05-29T14:37:34.312+0000] {processor.py:161} INFO - Started process (PID=186) to work on /home/airflow/.local/lib/python3.12/site-packages/airflow/example_dags/example_branch_python_dop_operator_3.py
[2024-05-29T14:37:34.312+0000] {processor.py:830} INFO - Processing file /home/airflow/.local/lib/python3.12/site-packages/airflow/example_dags/example_branch_python_dop_operator_3.py for tasks to queue
[2024-05-29T14:37:34.313+0000] {logging_mixin.py:188} INFO - [2024-05-29T14:37:34.313+0000] {dagbag.py:545} INFO - Filling up the DagBag from /home/airflow/.local/lib/python3.12/site-packages/airflow/example_dags/example_branch_python_dop_operator_3.py
[2024-05-29T14:37:34.319+0000] {processor.py:840} INFO - DAG(s) 'example_branch_dop_operator_v3' retrieved from /home/airflow/.local/lib/python3.12/site-packages/airflow/example_dags/example_branch_python_dop_operator_3.py
[2024-05-29T14:37:34.335+0000] {logging_mixin.py:188} INFO - [2024-05-29T14:37:34.335+0000] {dag.py:3096} INFO - Sync 1 DAGs
[2024-05-29T14:37:34.352+0000] {logging_mixin.py:188} INFO - [2024-05-29T14:37:34.352+0000] {dag.py:3954} INFO - Setting next_dagrun for example_branch_dop_operator_v3 to 2024-05-29 14:36:00+00:00, run_after=2024-05-29 14:37:00+00:00
[2024-05-29T14:37:34.366+0000] {processor.py:183} INFO - Processing /home/airflow/.local/lib/python3.12/site-packages/airflow/example_dags/example_branch_python_dop_operator_3.py took 0.058 seconds
[2024-05-29T14:38:04.431+0000] {processor.py:161} INFO - Started process (PID=246) to work on /home/airflow/.local/lib/python3.12/site-packages/airflow/example_dags/example_branch_python_dop_operator_3.py
[2024-05-29T14:38:04.432+0000] {processor.py:830} INFO - Processing file /home/airflow/.local/lib/python3.12/site-packages/airflow/example_dags/example_branch_python_dop_operator_3.py for tasks to queue
[2024-05-29T14:38:04.433+0000] {logging_mixin.py:188} INFO - [2024-05-29T14:38:04.433+0000] {dagbag.py:545} INFO - Filling up the DagBag from /home/airflow/.local/lib/python3.12/site-packages/airflow/example_dags/example_branch_python_dop_operator_3.py
[2024-05-29T14:38:04.438+0000] {processor.py:840} INFO - DAG(s) 'example_branch_dop_operator_v3' retrieved from /home/airflow/.local/lib/python3.12/site-packages/airflow/example_dags/example_branch_python_dop_operator_3.py
[2024-05-29T14:38:04.452+0000] {logging_mixin.py:188} INFO - [2024-05-29T14:38:04.452+0000] {dag.py:3096} INFO - Sync 1 DAGs
[2024-05-29T14:38:04.471+0000] {logging_mixin.py:188} INFO - [2024-05-29T14:38:04.471+0000] {dag.py:3954} INFO - Setting next_dagrun for example_branch_dop_operator_v3 to 2024-05-29 14:37:00+00:00, run_after=2024-05-29 14:38:00+00:00
[2024-05-29T14:38:04.486+0000] {processor.py:183} INFO - Processing /home/airflow/.local/lib/python3.12/site-packages/airflow/example_dags/example_branch_python_dop_operator_3.py took 0.059 seconds
[2024-05-29T14:47:13.627+0000] {processor.py:161} INFO - Started process (PID=67) to work on /home/airflow/.local/lib/python3.12/site-packages/airflow/example_dags/example_branch_python_dop_operator_3.py
[2024-05-29T14:47:13.628+0000] {processor.py:830} INFO - Processing file /home/airflow/.local/lib/python3.12/site-packages/airflow/example_dags/example_branch_python_dop_operator_3.py for tasks to queue
[2024-05-29T14:47:13.629+0000] {logging_mixin.py:188} INFO - [2024-05-29T14:47:13.629+0000] {dagbag.py:545} INFO - Filling up the DagBag from /home/airflow/.local/lib/python3.12/site-packages/airflow/example_dags/example_branch_python_dop_operator_3.py
[2024-05-29T14:47:13.635+0000] {processor.py:840} INFO - DAG(s) 'example_branch_dop_operator_v3' retrieved from /home/airflow/.local/lib/python3.12/site-packages/airflow/example_dags/example_branch_python_dop_operator_3.py
[2024-05-29T14:47:13.648+0000] {logging_mixin.py:188} INFO - [2024-05-29T14:47:13.648+0000] {dag.py:3096} INFO - Sync 1 DAGs
[2024-05-29T14:47:13.665+0000] {logging_mixin.py:188} INFO - [2024-05-29T14:47:13.665+0000] {dag.py:3954} INFO - Setting next_dagrun for example_branch_dop_operator_v3 to 2024-05-29 14:46:00+00:00, run_after=2024-05-29 14:47:00+00:00
[2024-05-29T14:47:13.678+0000] {processor.py:183} INFO - Processing /home/airflow/.local/lib/python3.12/site-packages/airflow/example_dags/example_branch_python_dop_operator_3.py took 0.054 seconds
[2024-05-29T14:47:44.614+0000] {processor.py:161} INFO - Started process (PID=127) to work on /home/airflow/.local/lib/python3.12/site-packages/airflow/example_dags/example_branch_python_dop_operator_3.py
[2024-05-29T14:47:44.615+0000] {processor.py:830} INFO - Processing file /home/airflow/.local/lib/python3.12/site-packages/airflow/example_dags/example_branch_python_dop_operator_3.py for tasks to queue
[2024-05-29T14:47:44.616+0000] {logging_mixin.py:188} INFO - [2024-05-29T14:47:44.616+0000] {dagbag.py:545} INFO - Filling up the DagBag from /home/airflow/.local/lib/python3.12/site-packages/airflow/example_dags/example_branch_python_dop_operator_3.py
[2024-05-29T14:47:44.621+0000] {processor.py:840} INFO - DAG(s) 'example_branch_dop_operator_v3' retrieved from /home/airflow/.local/lib/python3.12/site-packages/airflow/example_dags/example_branch_python_dop_operator_3.py
[2024-05-29T14:47:44.633+0000] {logging_mixin.py:188} INFO - [2024-05-29T14:47:44.633+0000] {dag.py:3096} INFO - Sync 1 DAGs
[2024-05-29T14:47:44.647+0000] {logging_mixin.py:188} INFO - [2024-05-29T14:47:44.647+0000] {dag.py:3954} INFO - Setting next_dagrun for example_branch_dop_operator_v3 to 2024-05-29 14:46:00+00:00, run_after=2024-05-29 14:47:00+00:00
[2024-05-29T14:47:44.658+0000] {processor.py:183} INFO - Processing /home/airflow/.local/lib/python3.12/site-packages/airflow/example_dags/example_branch_python_dop_operator_3.py took 0.047 seconds
[2024-05-29T14:48:15.729+0000] {processor.py:161} INFO - Started process (PID=187) to work on /home/airflow/.local/lib/python3.12/site-packages/airflow/example_dags/example_branch_python_dop_operator_3.py
[2024-05-29T14:48:15.729+0000] {processor.py:830} INFO - Processing file /home/airflow/.local/lib/python3.12/site-packages/airflow/example_dags/example_branch_python_dop_operator_3.py for tasks to queue
[2024-05-29T14:48:15.731+0000] {logging_mixin.py:188} INFO - [2024-05-29T14:48:15.730+0000] {dagbag.py:545} INFO - Filling up the DagBag from /home/airflow/.local/lib/python3.12/site-packages/airflow/example_dags/example_branch_python_dop_operator_3.py
[2024-05-29T14:48:15.737+0000] {processor.py:840} INFO - DAG(s) 'example_branch_dop_operator_v3' retrieved from /home/airflow/.local/lib/python3.12/site-packages/airflow/example_dags/example_branch_python_dop_operator_3.py
[2024-05-29T14:48:15.754+0000] {logging_mixin.py:188} INFO - [2024-05-29T14:48:15.753+0000] {dag.py:3096} INFO - Sync 1 DAGs
[2024-05-29T14:48:15.772+0000] {logging_mixin.py:188} INFO - [2024-05-29T14:48:15.772+0000] {dag.py:3954} INFO - Setting next_dagrun for example_branch_dop_operator_v3 to 2024-05-29 14:47:00+00:00, run_after=2024-05-29 14:48:00+00:00
[2024-05-29T14:48:15.785+0000] {processor.py:183} INFO - Processing /home/airflow/.local/lib/python3.12/site-packages/airflow/example_dags/example_branch_python_dop_operator_3.py took 0.060 seconds
[2024-05-29T14:48:46.851+0000] {processor.py:161} INFO - Started process (PID=247) to work on /home/airflow/.local/lib/python3.12/site-packages/airflow/example_dags/example_branch_python_dop_operator_3.py
[2024-05-29T14:48:46.851+0000] {processor.py:830} INFO - Processing file /home/airflow/.local/lib/python3.12/site-packages/airflow/example_dags/example_branch_python_dop_operator_3.py for tasks to queue
[2024-05-29T14:48:46.852+0000] {logging_mixin.py:188} INFO - [2024-05-29T14:48:46.852+0000] {dagbag.py:545} INFO - Filling up the DagBag from /home/airflow/.local/lib/python3.12/site-packages/airflow/example_dags/example_branch_python_dop_operator_3.py
[2024-05-29T14:48:46.857+0000] {processor.py:840} INFO - DAG(s) 'example_branch_dop_operator_v3' retrieved from /home/airflow/.local/lib/python3.12/site-packages/airflow/example_dags/example_branch_python_dop_operator_3.py
[2024-05-29T14:48:46.870+0000] {logging_mixin.py:188} INFO - [2024-05-29T14:48:46.869+0000] {dag.py:3096} INFO - Sync 1 DAGs
[2024-05-29T14:48:46.884+0000] {logging_mixin.py:188} INFO - [2024-05-29T14:48:46.884+0000] {dag.py:3954} INFO - Setting next_dagrun for example_branch_dop_operator_v3 to 2024-05-29 14:47:00+00:00, run_after=2024-05-29 14:48:00+00:00
[2024-05-29T14:48:46.897+0000] {processor.py:183} INFO - Processing /home/airflow/.local/lib/python3.12/site-packages/airflow/example_dags/example_branch_python_dop_operator_3.py took 0.050 seconds
[2024-05-29T14:49:17.775+0000] {processor.py:161} INFO - Started process (PID=307) to work on /home/airflow/.local/lib/python3.12/site-packages/airflow/example_dags/example_branch_python_dop_operator_3.py
[2024-05-29T14:49:17.776+0000] {processor.py:830} INFO - Processing file /home/airflow/.local/lib/python3.12/site-packages/airflow/example_dags/example_branch_python_dop_operator_3.py for tasks to queue
[2024-05-29T14:49:17.777+0000] {logging_mixin.py:188} INFO - [2024-05-29T14:49:17.776+0000] {dagbag.py:545} INFO - Filling up the DagBag from /home/airflow/.local/lib/python3.12/site-packages/airflow/example_dags/example_branch_python_dop_operator_3.py
[2024-05-29T14:49:17.782+0000] {processor.py:840} INFO - DAG(s) 'example_branch_dop_operator_v3' retrieved from /home/airflow/.local/lib/python3.12/site-packages/airflow/example_dags/example_branch_python_dop_operator_3.py
[2024-05-29T14:49:17.794+0000] {logging_mixin.py:188} INFO - [2024-05-29T14:49:17.794+0000] {dag.py:3096} INFO - Sync 1 DAGs
[2024-05-29T14:49:17.809+0000] {logging_mixin.py:188} INFO - [2024-05-29T14:49:17.808+0000] {dag.py:3954} INFO - Setting next_dagrun for example_branch_dop_operator_v3 to 2024-05-29 14:48:00+00:00, run_after=2024-05-29 14:49:00+00:00
[2024-05-29T14:49:17.820+0000] {processor.py:183} INFO - Processing /home/airflow/.local/lib/python3.12/site-packages/airflow/example_dags/example_branch_python_dop_operator_3.py took 0.048 seconds
[2024-05-29T14:49:47.898+0000] {processor.py:161} INFO - Started process (PID=367) to work on /home/airflow/.local/lib/python3.12/site-packages/airflow/example_dags/example_branch_python_dop_operator_3.py
[2024-05-29T14:49:47.898+0000] {processor.py:830} INFO - Processing file /home/airflow/.local/lib/python3.12/site-packages/airflow/example_dags/example_branch_python_dop_operator_3.py for tasks to queue
[2024-05-29T14:49:47.899+0000] {logging_mixin.py:188} INFO - [2024-05-29T14:49:47.899+0000] {dagbag.py:545} INFO - Filling up the DagBag from /home/airflow/.local/lib/python3.12/site-packages/airflow/example_dags/example_branch_python_dop_operator_3.py
[2024-05-29T14:49:47.904+0000] {processor.py:840} INFO - DAG(s) 'example_branch_dop_operator_v3' retrieved from /home/airflow/.local/lib/python3.12/site-packages/airflow/example_dags/example_branch_python_dop_operator_3.py
[2024-05-29T14:49:47.916+0000] {logging_mixin.py:188} INFO - [2024-05-29T14:49:47.915+0000] {dag.py:3096} INFO - Sync 1 DAGs
[2024-05-29T14:49:47.930+0000] {logging_mixin.py:188} INFO - [2024-05-29T14:49:47.930+0000] {dag.py:3954} INFO - Setting next_dagrun for example_branch_dop_operator_v3 to 2024-05-29 14:48:00+00:00, run_after=2024-05-29 14:49:00+00:00
[2024-05-29T14:49:47.943+0000] {processor.py:183} INFO - Processing /home/airflow/.local/lib/python3.12/site-packages/airflow/example_dags/example_branch_python_dop_operator_3.py took 0.049 seconds
