[2024-05-29T09:20:11.345+0000] {processor.py:161} INFO - Started process (PID=70) to work on /home/airflow/.local/lib/python3.12/site-packages/airflow/example_dags/tutorial_dag.py
[2024-05-29T09:20:11.346+0000] {processor.py:830} INFO - Processing file /home/airflow/.local/lib/python3.12/site-packages/airflow/example_dags/tutorial_dag.py for tasks to queue
[2024-05-29T09:20:11.347+0000] {logging_mixin.py:188} INFO - [2024-05-29T09:20:11.346+0000] {dagbag.py:545} INFO - Filling up the DagBag from /home/airflow/.local/lib/python3.12/site-packages/airflow/example_dags/tutorial_dag.py
[2024-05-29T09:20:11.350+0000] {processor.py:840} INFO - DAG(s) 'tutorial_dag' retrieved from /home/airflow/.local/lib/python3.12/site-packages/airflow/example_dags/tutorial_dag.py
[2024-05-29T09:20:11.411+0000] {logging_mixin.py:188} INFO - [2024-05-29T09:20:11.411+0000] {override.py:1829} INFO - Created Permission View: can read on DAG:tutorial_dag
[2024-05-29T09:20:11.418+0000] {logging_mixin.py:188} INFO - [2024-05-29T09:20:11.418+0000] {override.py:1829} INFO - Created Permission View: can delete on DAG:tutorial_dag
[2024-05-29T09:20:11.423+0000] {logging_mixin.py:188} INFO - [2024-05-29T09:20:11.423+0000] {override.py:1829} INFO - Created Permission View: can edit on DAG:tutorial_dag
[2024-05-29T09:20:11.424+0000] {logging_mixin.py:188} INFO - [2024-05-29T09:20:11.423+0000] {dag.py:3096} INFO - Sync 1 DAGs
[2024-05-29T09:20:11.430+0000] {logging_mixin.py:188} INFO - [2024-05-29T09:20:11.430+0000] {dag.py:3118} INFO - Creating ORM DAG for tutorial_dag
[2024-05-29T09:20:11.431+0000] {logging_mixin.py:188} INFO - [2024-05-29T09:20:11.431+0000] {dag.py:3954} INFO - Setting next_dagrun for tutorial_dag to None, run_after=None
[2024-05-29T09:20:11.443+0000] {processor.py:183} INFO - Processing /home/airflow/.local/lib/python3.12/site-packages/airflow/example_dags/tutorial_dag.py took 0.101 seconds
[2024-05-29T09:20:42.208+0000] {processor.py:161} INFO - Started process (PID=130) to work on /home/airflow/.local/lib/python3.12/site-packages/airflow/example_dags/tutorial_dag.py
[2024-05-29T09:20:42.209+0000] {processor.py:830} INFO - Processing file /home/airflow/.local/lib/python3.12/site-packages/airflow/example_dags/tutorial_dag.py for tasks to queue
[2024-05-29T09:20:42.210+0000] {logging_mixin.py:188} INFO - [2024-05-29T09:20:42.209+0000] {dagbag.py:545} INFO - Filling up the DagBag from /home/airflow/.local/lib/python3.12/site-packages/airflow/example_dags/tutorial_dag.py
[2024-05-29T09:20:42.212+0000] {processor.py:840} INFO - DAG(s) 'tutorial_dag' retrieved from /home/airflow/.local/lib/python3.12/site-packages/airflow/example_dags/tutorial_dag.py
[2024-05-29T09:20:42.224+0000] {logging_mixin.py:188} INFO - [2024-05-29T09:20:42.224+0000] {dag.py:3096} INFO - Sync 1 DAGs
[2024-05-29T09:20:42.231+0000] {logging_mixin.py:188} INFO - [2024-05-29T09:20:42.231+0000] {dag.py:3954} INFO - Setting next_dagrun for tutorial_dag to None, run_after=None
[2024-05-29T09:20:42.243+0000] {processor.py:183} INFO - Processing /home/airflow/.local/lib/python3.12/site-packages/airflow/example_dags/tutorial_dag.py took 0.038 seconds
[2024-05-29T09:21:13.042+0000] {processor.py:161} INFO - Started process (PID=190) to work on /home/airflow/.local/lib/python3.12/site-packages/airflow/example_dags/tutorial_dag.py
[2024-05-29T09:21:13.042+0000] {processor.py:830} INFO - Processing file /home/airflow/.local/lib/python3.12/site-packages/airflow/example_dags/tutorial_dag.py for tasks to queue
[2024-05-29T09:21:13.043+0000] {logging_mixin.py:188} INFO - [2024-05-29T09:21:13.043+0000] {dagbag.py:545} INFO - Filling up the DagBag from /home/airflow/.local/lib/python3.12/site-packages/airflow/example_dags/tutorial_dag.py
[2024-05-29T09:21:13.046+0000] {processor.py:840} INFO - DAG(s) 'tutorial_dag' retrieved from /home/airflow/.local/lib/python3.12/site-packages/airflow/example_dags/tutorial_dag.py
[2024-05-29T09:21:13.058+0000] {logging_mixin.py:188} INFO - [2024-05-29T09:21:13.058+0000] {dag.py:3096} INFO - Sync 1 DAGs
[2024-05-29T09:21:13.066+0000] {logging_mixin.py:188} INFO - [2024-05-29T09:21:13.066+0000] {dag.py:3954} INFO - Setting next_dagrun for tutorial_dag to None, run_after=None
[2024-05-29T09:21:13.077+0000] {processor.py:183} INFO - Processing /home/airflow/.local/lib/python3.12/site-packages/airflow/example_dags/tutorial_dag.py took 0.039 seconds
[2024-05-29T09:21:43.764+0000] {processor.py:161} INFO - Started process (PID=250) to work on /home/airflow/.local/lib/python3.12/site-packages/airflow/example_dags/tutorial_dag.py
[2024-05-29T09:21:43.765+0000] {processor.py:830} INFO - Processing file /home/airflow/.local/lib/python3.12/site-packages/airflow/example_dags/tutorial_dag.py for tasks to queue
[2024-05-29T09:21:43.767+0000] {logging_mixin.py:188} INFO - [2024-05-29T09:21:43.766+0000] {dagbag.py:545} INFO - Filling up the DagBag from /home/airflow/.local/lib/python3.12/site-packages/airflow/example_dags/tutorial_dag.py
[2024-05-29T09:21:43.770+0000] {processor.py:840} INFO - DAG(s) 'tutorial_dag' retrieved from /home/airflow/.local/lib/python3.12/site-packages/airflow/example_dags/tutorial_dag.py
[2024-05-29T09:21:43.782+0000] {logging_mixin.py:188} INFO - [2024-05-29T09:21:43.782+0000] {dag.py:3096} INFO - Sync 1 DAGs
[2024-05-29T09:21:43.790+0000] {logging_mixin.py:188} INFO - [2024-05-29T09:21:43.790+0000] {dag.py:3954} INFO - Setting next_dagrun for tutorial_dag to None, run_after=None
[2024-05-29T09:21:43.801+0000] {processor.py:183} INFO - Processing /home/airflow/.local/lib/python3.12/site-packages/airflow/example_dags/tutorial_dag.py took 0.041 seconds
[2024-05-29T09:22:14.572+0000] {processor.py:161} INFO - Started process (PID=310) to work on /home/airflow/.local/lib/python3.12/site-packages/airflow/example_dags/tutorial_dag.py
[2024-05-29T09:22:14.572+0000] {processor.py:830} INFO - Processing file /home/airflow/.local/lib/python3.12/site-packages/airflow/example_dags/tutorial_dag.py for tasks to queue
[2024-05-29T09:22:14.573+0000] {logging_mixin.py:188} INFO - [2024-05-29T09:22:14.573+0000] {dagbag.py:545} INFO - Filling up the DagBag from /home/airflow/.local/lib/python3.12/site-packages/airflow/example_dags/tutorial_dag.py
[2024-05-29T09:22:14.576+0000] {processor.py:840} INFO - DAG(s) 'tutorial_dag' retrieved from /home/airflow/.local/lib/python3.12/site-packages/airflow/example_dags/tutorial_dag.py
[2024-05-29T09:22:14.589+0000] {logging_mixin.py:188} INFO - [2024-05-29T09:22:14.589+0000] {dag.py:3096} INFO - Sync 1 DAGs
[2024-05-29T09:22:14.597+0000] {logging_mixin.py:188} INFO - [2024-05-29T09:22:14.597+0000] {dag.py:3954} INFO - Setting next_dagrun for tutorial_dag to None, run_after=None
[2024-05-29T09:22:14.608+0000] {processor.py:183} INFO - Processing /home/airflow/.local/lib/python3.12/site-packages/airflow/example_dags/tutorial_dag.py took 0.040 seconds
[2024-05-29T13:24:33.149+0000] {processor.py:161} INFO - Started process (PID=70) to work on /home/airflow/.local/lib/python3.12/site-packages/airflow/example_dags/tutorial_dag.py
[2024-05-29T13:24:33.150+0000] {processor.py:830} INFO - Processing file /home/airflow/.local/lib/python3.12/site-packages/airflow/example_dags/tutorial_dag.py for tasks to queue
[2024-05-29T13:24:33.151+0000] {logging_mixin.py:188} INFO - [2024-05-29T13:24:33.151+0000] {dagbag.py:545} INFO - Filling up the DagBag from /home/airflow/.local/lib/python3.12/site-packages/airflow/example_dags/tutorial_dag.py
[2024-05-29T13:24:33.155+0000] {processor.py:840} INFO - DAG(s) 'tutorial_dag' retrieved from /home/airflow/.local/lib/python3.12/site-packages/airflow/example_dags/tutorial_dag.py
[2024-05-29T13:24:33.218+0000] {logging_mixin.py:188} INFO - [2024-05-29T13:24:33.218+0000] {override.py:1829} INFO - Created Permission View: can read on DAG:tutorial_dag
[2024-05-29T13:24:33.228+0000] {logging_mixin.py:188} INFO - [2024-05-29T13:24:33.228+0000] {override.py:1829} INFO - Created Permission View: can delete on DAG:tutorial_dag
[2024-05-29T13:24:33.233+0000] {logging_mixin.py:188} INFO - [2024-05-29T13:24:33.233+0000] {override.py:1829} INFO - Created Permission View: can edit on DAG:tutorial_dag
[2024-05-29T13:24:33.233+0000] {logging_mixin.py:188} INFO - [2024-05-29T13:24:33.233+0000] {dag.py:3096} INFO - Sync 1 DAGs
[2024-05-29T13:24:33.240+0000] {logging_mixin.py:188} INFO - [2024-05-29T13:24:33.240+0000] {dag.py:3118} INFO - Creating ORM DAG for tutorial_dag
[2024-05-29T13:24:33.240+0000] {logging_mixin.py:188} INFO - [2024-05-29T13:24:33.240+0000] {dag.py:3954} INFO - Setting next_dagrun for tutorial_dag to None, run_after=None
[2024-05-29T13:24:33.251+0000] {processor.py:183} INFO - Processing /home/airflow/.local/lib/python3.12/site-packages/airflow/example_dags/tutorial_dag.py took 0.106 seconds
[2024-05-29T13:25:04.144+0000] {processor.py:161} INFO - Started process (PID=130) to work on /home/airflow/.local/lib/python3.12/site-packages/airflow/example_dags/tutorial_dag.py
[2024-05-29T13:25:04.145+0000] {processor.py:830} INFO - Processing file /home/airflow/.local/lib/python3.12/site-packages/airflow/example_dags/tutorial_dag.py for tasks to queue
[2024-05-29T13:25:04.146+0000] {logging_mixin.py:188} INFO - [2024-05-29T13:25:04.146+0000] {dagbag.py:545} INFO - Filling up the DagBag from /home/airflow/.local/lib/python3.12/site-packages/airflow/example_dags/tutorial_dag.py
[2024-05-29T13:25:04.149+0000] {processor.py:840} INFO - DAG(s) 'tutorial_dag' retrieved from /home/airflow/.local/lib/python3.12/site-packages/airflow/example_dags/tutorial_dag.py
[2024-05-29T13:25:04.161+0000] {logging_mixin.py:188} INFO - [2024-05-29T13:25:04.161+0000] {dag.py:3096} INFO - Sync 1 DAGs
[2024-05-29T13:25:04.169+0000] {logging_mixin.py:188} INFO - [2024-05-29T13:25:04.168+0000] {dag.py:3954} INFO - Setting next_dagrun for tutorial_dag to None, run_after=None
[2024-05-29T13:25:04.180+0000] {processor.py:183} INFO - Processing /home/airflow/.local/lib/python3.12/site-packages/airflow/example_dags/tutorial_dag.py took 0.040 seconds
[2024-05-29T13:25:35.206+0000] {processor.py:161} INFO - Started process (PID=190) to work on /home/airflow/.local/lib/python3.12/site-packages/airflow/example_dags/tutorial_dag.py
[2024-05-29T13:25:35.208+0000] {processor.py:830} INFO - Processing file /home/airflow/.local/lib/python3.12/site-packages/airflow/example_dags/tutorial_dag.py for tasks to queue
[2024-05-29T13:25:35.209+0000] {logging_mixin.py:188} INFO - [2024-05-29T13:25:35.209+0000] {dagbag.py:545} INFO - Filling up the DagBag from /home/airflow/.local/lib/python3.12/site-packages/airflow/example_dags/tutorial_dag.py
[2024-05-29T13:25:35.212+0000] {processor.py:840} INFO - DAG(s) 'tutorial_dag' retrieved from /home/airflow/.local/lib/python3.12/site-packages/airflow/example_dags/tutorial_dag.py
[2024-05-29T13:25:35.225+0000] {logging_mixin.py:188} INFO - [2024-05-29T13:25:35.225+0000] {dag.py:3096} INFO - Sync 1 DAGs
[2024-05-29T13:25:35.233+0000] {logging_mixin.py:188} INFO - [2024-05-29T13:25:35.233+0000] {dag.py:3954} INFO - Setting next_dagrun for tutorial_dag to None, run_after=None
[2024-05-29T13:25:35.246+0000] {processor.py:183} INFO - Processing /home/airflow/.local/lib/python3.12/site-packages/airflow/example_dags/tutorial_dag.py took 0.043 seconds
[2024-05-29T13:43:27.854+0000] {processor.py:161} INFO - Started process (PID=69) to work on /home/airflow/.local/lib/python3.12/site-packages/airflow/example_dags/tutorial_dag.py
[2024-05-29T13:43:27.854+0000] {processor.py:830} INFO - Processing file /home/airflow/.local/lib/python3.12/site-packages/airflow/example_dags/tutorial_dag.py for tasks to queue
[2024-05-29T13:43:27.855+0000] {logging_mixin.py:188} INFO - [2024-05-29T13:43:27.855+0000] {dagbag.py:545} INFO - Filling up the DagBag from /home/airflow/.local/lib/python3.12/site-packages/airflow/example_dags/tutorial_dag.py
[2024-05-29T13:43:27.859+0000] {processor.py:840} INFO - DAG(s) 'tutorial_dag' retrieved from /home/airflow/.local/lib/python3.12/site-packages/airflow/example_dags/tutorial_dag.py
[2024-05-29T13:43:27.926+0000] {logging_mixin.py:188} INFO - [2024-05-29T13:43:27.926+0000] {override.py:1829} INFO - Created Permission View: can edit on DAG:tutorial_dag
[2024-05-29T13:43:27.932+0000] {logging_mixin.py:188} INFO - [2024-05-29T13:43:27.932+0000] {override.py:1829} INFO - Created Permission View: can delete on DAG:tutorial_dag
[2024-05-29T13:43:27.937+0000] {logging_mixin.py:188} INFO - [2024-05-29T13:43:27.936+0000] {override.py:1829} INFO - Created Permission View: can read on DAG:tutorial_dag
[2024-05-29T13:43:27.937+0000] {logging_mixin.py:188} INFO - [2024-05-29T13:43:27.937+0000] {dag.py:3096} INFO - Sync 1 DAGs
[2024-05-29T13:43:27.944+0000] {logging_mixin.py:188} INFO - [2024-05-29T13:43:27.944+0000] {dag.py:3118} INFO - Creating ORM DAG for tutorial_dag
[2024-05-29T13:43:27.944+0000] {logging_mixin.py:188} INFO - [2024-05-29T13:43:27.944+0000] {dag.py:3954} INFO - Setting next_dagrun for tutorial_dag to None, run_after=None
[2024-05-29T13:43:27.955+0000] {processor.py:183} INFO - Processing /home/airflow/.local/lib/python3.12/site-packages/airflow/example_dags/tutorial_dag.py took 0.105 seconds
[2024-05-29T13:43:58.125+0000] {processor.py:161} INFO - Started process (PID=128) to work on /home/airflow/.local/lib/python3.12/site-packages/airflow/example_dags/tutorial_dag.py
[2024-05-29T13:43:58.126+0000] {processor.py:830} INFO - Processing file /home/airflow/.local/lib/python3.12/site-packages/airflow/example_dags/tutorial_dag.py for tasks to queue
[2024-05-29T13:43:58.127+0000] {logging_mixin.py:188} INFO - [2024-05-29T13:43:58.127+0000] {dagbag.py:545} INFO - Filling up the DagBag from /home/airflow/.local/lib/python3.12/site-packages/airflow/example_dags/tutorial_dag.py
[2024-05-29T13:43:58.130+0000] {processor.py:840} INFO - DAG(s) 'tutorial_dag' retrieved from /home/airflow/.local/lib/python3.12/site-packages/airflow/example_dags/tutorial_dag.py
[2024-05-29T13:43:58.141+0000] {logging_mixin.py:188} INFO - [2024-05-29T13:43:58.141+0000] {dag.py:3096} INFO - Sync 1 DAGs
[2024-05-29T13:43:58.149+0000] {logging_mixin.py:188} INFO - [2024-05-29T13:43:58.148+0000] {dag.py:3954} INFO - Setting next_dagrun for tutorial_dag to None, run_after=None
[2024-05-29T13:43:58.160+0000] {processor.py:183} INFO - Processing /home/airflow/.local/lib/python3.12/site-packages/airflow/example_dags/tutorial_dag.py took 0.038 seconds
[2024-05-29T13:44:28.661+0000] {processor.py:161} INFO - Started process (PID=187) to work on /home/airflow/.local/lib/python3.12/site-packages/airflow/example_dags/tutorial_dag.py
[2024-05-29T13:44:28.662+0000] {processor.py:830} INFO - Processing file /home/airflow/.local/lib/python3.12/site-packages/airflow/example_dags/tutorial_dag.py for tasks to queue
[2024-05-29T13:44:28.663+0000] {logging_mixin.py:188} INFO - [2024-05-29T13:44:28.663+0000] {dagbag.py:545} INFO - Filling up the DagBag from /home/airflow/.local/lib/python3.12/site-packages/airflow/example_dags/tutorial_dag.py
[2024-05-29T13:44:28.666+0000] {processor.py:840} INFO - DAG(s) 'tutorial_dag' retrieved from /home/airflow/.local/lib/python3.12/site-packages/airflow/example_dags/tutorial_dag.py
[2024-05-29T13:44:28.677+0000] {logging_mixin.py:188} INFO - [2024-05-29T13:44:28.677+0000] {dag.py:3096} INFO - Sync 1 DAGs
[2024-05-29T13:44:28.684+0000] {logging_mixin.py:188} INFO - [2024-05-29T13:44:28.684+0000] {dag.py:3954} INFO - Setting next_dagrun for tutorial_dag to None, run_after=None
[2024-05-29T13:44:28.695+0000] {processor.py:183} INFO - Processing /home/airflow/.local/lib/python3.12/site-packages/airflow/example_dags/tutorial_dag.py took 0.037 seconds
[2024-05-29T13:44:59.323+0000] {processor.py:161} INFO - Started process (PID=246) to work on /home/airflow/.local/lib/python3.12/site-packages/airflow/example_dags/tutorial_dag.py
[2024-05-29T13:44:59.324+0000] {processor.py:830} INFO - Processing file /home/airflow/.local/lib/python3.12/site-packages/airflow/example_dags/tutorial_dag.py for tasks to queue
[2024-05-29T13:44:59.325+0000] {logging_mixin.py:188} INFO - [2024-05-29T13:44:59.325+0000] {dagbag.py:545} INFO - Filling up the DagBag from /home/airflow/.local/lib/python3.12/site-packages/airflow/example_dags/tutorial_dag.py
[2024-05-29T13:44:59.328+0000] {processor.py:840} INFO - DAG(s) 'tutorial_dag' retrieved from /home/airflow/.local/lib/python3.12/site-packages/airflow/example_dags/tutorial_dag.py
[2024-05-29T13:44:59.341+0000] {logging_mixin.py:188} INFO - [2024-05-29T13:44:59.341+0000] {dag.py:3096} INFO - Sync 1 DAGs
[2024-05-29T13:44:59.349+0000] {logging_mixin.py:188} INFO - [2024-05-29T13:44:59.349+0000] {dag.py:3954} INFO - Setting next_dagrun for tutorial_dag to None, run_after=None
[2024-05-29T13:44:59.359+0000] {processor.py:183} INFO - Processing /home/airflow/.local/lib/python3.12/site-packages/airflow/example_dags/tutorial_dag.py took 0.040 seconds
[2024-05-29T13:45:29.963+0000] {processor.py:161} INFO - Started process (PID=305) to work on /home/airflow/.local/lib/python3.12/site-packages/airflow/example_dags/tutorial_dag.py
[2024-05-29T13:45:29.964+0000] {processor.py:830} INFO - Processing file /home/airflow/.local/lib/python3.12/site-packages/airflow/example_dags/tutorial_dag.py for tasks to queue
[2024-05-29T13:45:29.965+0000] {logging_mixin.py:188} INFO - [2024-05-29T13:45:29.964+0000] {dagbag.py:545} INFO - Filling up the DagBag from /home/airflow/.local/lib/python3.12/site-packages/airflow/example_dags/tutorial_dag.py
[2024-05-29T13:45:29.967+0000] {processor.py:840} INFO - DAG(s) 'tutorial_dag' retrieved from /home/airflow/.local/lib/python3.12/site-packages/airflow/example_dags/tutorial_dag.py
[2024-05-29T13:45:29.979+0000] {logging_mixin.py:188} INFO - [2024-05-29T13:45:29.979+0000] {dag.py:3096} INFO - Sync 1 DAGs
[2024-05-29T13:45:29.986+0000] {logging_mixin.py:188} INFO - [2024-05-29T13:45:29.986+0000] {dag.py:3954} INFO - Setting next_dagrun for tutorial_dag to None, run_after=None
[2024-05-29T13:45:29.998+0000] {processor.py:183} INFO - Processing /home/airflow/.local/lib/python3.12/site-packages/airflow/example_dags/tutorial_dag.py took 0.039 seconds
[2024-05-29T13:46:00.611+0000] {processor.py:161} INFO - Started process (PID=364) to work on /home/airflow/.local/lib/python3.12/site-packages/airflow/example_dags/tutorial_dag.py
[2024-05-29T13:46:00.612+0000] {processor.py:830} INFO - Processing file /home/airflow/.local/lib/python3.12/site-packages/airflow/example_dags/tutorial_dag.py for tasks to queue
[2024-05-29T13:46:00.613+0000] {logging_mixin.py:188} INFO - [2024-05-29T13:46:00.613+0000] {dagbag.py:545} INFO - Filling up the DagBag from /home/airflow/.local/lib/python3.12/site-packages/airflow/example_dags/tutorial_dag.py
[2024-05-29T13:46:00.616+0000] {processor.py:840} INFO - DAG(s) 'tutorial_dag' retrieved from /home/airflow/.local/lib/python3.12/site-packages/airflow/example_dags/tutorial_dag.py
[2024-05-29T13:46:00.628+0000] {logging_mixin.py:188} INFO - [2024-05-29T13:46:00.627+0000] {dag.py:3096} INFO - Sync 1 DAGs
[2024-05-29T13:46:00.635+0000] {logging_mixin.py:188} INFO - [2024-05-29T13:46:00.635+0000] {dag.py:3954} INFO - Setting next_dagrun for tutorial_dag to None, run_after=None
[2024-05-29T13:46:00.646+0000] {processor.py:183} INFO - Processing /home/airflow/.local/lib/python3.12/site-packages/airflow/example_dags/tutorial_dag.py took 0.038 seconds
[2024-05-29T13:46:31.348+0000] {processor.py:161} INFO - Started process (PID=423) to work on /home/airflow/.local/lib/python3.12/site-packages/airflow/example_dags/tutorial_dag.py
[2024-05-29T13:46:31.349+0000] {processor.py:830} INFO - Processing file /home/airflow/.local/lib/python3.12/site-packages/airflow/example_dags/tutorial_dag.py for tasks to queue
[2024-05-29T13:46:31.350+0000] {logging_mixin.py:188} INFO - [2024-05-29T13:46:31.350+0000] {dagbag.py:545} INFO - Filling up the DagBag from /home/airflow/.local/lib/python3.12/site-packages/airflow/example_dags/tutorial_dag.py
[2024-05-29T13:46:31.353+0000] {processor.py:840} INFO - DAG(s) 'tutorial_dag' retrieved from /home/airflow/.local/lib/python3.12/site-packages/airflow/example_dags/tutorial_dag.py
[2024-05-29T13:46:31.366+0000] {logging_mixin.py:188} INFO - [2024-05-29T13:46:31.365+0000] {dag.py:3096} INFO - Sync 1 DAGs
[2024-05-29T13:46:31.377+0000] {logging_mixin.py:188} INFO - [2024-05-29T13:46:31.377+0000] {dag.py:3954} INFO - Setting next_dagrun for tutorial_dag to None, run_after=None
[2024-05-29T13:46:31.391+0000] {processor.py:183} INFO - Processing /home/airflow/.local/lib/python3.12/site-packages/airflow/example_dags/tutorial_dag.py took 0.046 seconds
[2024-05-29T13:47:01.451+0000] {processor.py:161} INFO - Started process (PID=482) to work on /home/airflow/.local/lib/python3.12/site-packages/airflow/example_dags/tutorial_dag.py
[2024-05-29T13:47:01.452+0000] {processor.py:830} INFO - Processing file /home/airflow/.local/lib/python3.12/site-packages/airflow/example_dags/tutorial_dag.py for tasks to queue
[2024-05-29T13:47:01.453+0000] {logging_mixin.py:188} INFO - [2024-05-29T13:47:01.453+0000] {dagbag.py:545} INFO - Filling up the DagBag from /home/airflow/.local/lib/python3.12/site-packages/airflow/example_dags/tutorial_dag.py
[2024-05-29T13:47:01.456+0000] {processor.py:840} INFO - DAG(s) 'tutorial_dag' retrieved from /home/airflow/.local/lib/python3.12/site-packages/airflow/example_dags/tutorial_dag.py
[2024-05-29T13:47:01.469+0000] {logging_mixin.py:188} INFO - [2024-05-29T13:47:01.469+0000] {dag.py:3096} INFO - Sync 1 DAGs
[2024-05-29T13:47:01.477+0000] {logging_mixin.py:188} INFO - [2024-05-29T13:47:01.476+0000] {dag.py:3954} INFO - Setting next_dagrun for tutorial_dag to None, run_after=None
[2024-05-29T13:47:01.489+0000] {processor.py:183} INFO - Processing /home/airflow/.local/lib/python3.12/site-packages/airflow/example_dags/tutorial_dag.py took 0.041 seconds
[2024-05-29T14:22:18.479+0000] {processor.py:161} INFO - Started process (PID=69) to work on /home/airflow/.local/lib/python3.12/site-packages/airflow/example_dags/tutorial_dag.py
[2024-05-29T14:22:18.480+0000] {processor.py:830} INFO - Processing file /home/airflow/.local/lib/python3.12/site-packages/airflow/example_dags/tutorial_dag.py for tasks to queue
[2024-05-29T14:22:18.481+0000] {logging_mixin.py:188} INFO - [2024-05-29T14:22:18.481+0000] {dagbag.py:545} INFO - Filling up the DagBag from /home/airflow/.local/lib/python3.12/site-packages/airflow/example_dags/tutorial_dag.py
[2024-05-29T14:22:18.485+0000] {processor.py:840} INFO - DAG(s) 'tutorial_dag' retrieved from /home/airflow/.local/lib/python3.12/site-packages/airflow/example_dags/tutorial_dag.py
[2024-05-29T14:22:18.492+0000] {logging_mixin.py:188} INFO - [2024-05-29T14:22:18.492+0000] {dag.py:3096} INFO - Sync 1 DAGs
[2024-05-29T14:22:18.502+0000] {logging_mixin.py:188} INFO - [2024-05-29T14:22:18.501+0000] {dag.py:3954} INFO - Setting next_dagrun for tutorial_dag to None, run_after=None
[2024-05-29T14:22:18.515+0000] {processor.py:183} INFO - Processing /home/airflow/.local/lib/python3.12/site-packages/airflow/example_dags/tutorial_dag.py took 0.041 seconds
[2024-05-29T14:22:49.703+0000] {processor.py:161} INFO - Started process (PID=128) to work on /home/airflow/.local/lib/python3.12/site-packages/airflow/example_dags/tutorial_dag.py
[2024-05-29T14:22:49.704+0000] {processor.py:830} INFO - Processing file /home/airflow/.local/lib/python3.12/site-packages/airflow/example_dags/tutorial_dag.py for tasks to queue
[2024-05-29T14:22:49.705+0000] {logging_mixin.py:188} INFO - [2024-05-29T14:22:49.705+0000] {dagbag.py:545} INFO - Filling up the DagBag from /home/airflow/.local/lib/python3.12/site-packages/airflow/example_dags/tutorial_dag.py
[2024-05-29T14:22:49.708+0000] {processor.py:840} INFO - DAG(s) 'tutorial_dag' retrieved from /home/airflow/.local/lib/python3.12/site-packages/airflow/example_dags/tutorial_dag.py
[2024-05-29T14:22:49.765+0000] {logging_mixin.py:188} INFO - [2024-05-29T14:22:49.765+0000] {dag.py:3096} INFO - Sync 1 DAGs
[2024-05-29T14:22:49.772+0000] {logging_mixin.py:188} INFO - [2024-05-29T14:22:49.772+0000] {dag.py:3954} INFO - Setting next_dagrun for tutorial_dag to None, run_after=None
[2024-05-29T14:22:49.787+0000] {processor.py:183} INFO - Processing /home/airflow/.local/lib/python3.12/site-packages/airflow/example_dags/tutorial_dag.py took 0.088 seconds
[2024-05-29T14:36:33.199+0000] {processor.py:161} INFO - Started process (PID=70) to work on /home/airflow/.local/lib/python3.12/site-packages/airflow/example_dags/tutorial_dag.py
[2024-05-29T14:36:33.200+0000] {processor.py:830} INFO - Processing file /home/airflow/.local/lib/python3.12/site-packages/airflow/example_dags/tutorial_dag.py for tasks to queue
[2024-05-29T14:36:33.201+0000] {logging_mixin.py:188} INFO - [2024-05-29T14:36:33.200+0000] {dagbag.py:545} INFO - Filling up the DagBag from /home/airflow/.local/lib/python3.12/site-packages/airflow/example_dags/tutorial_dag.py
[2024-05-29T14:36:33.204+0000] {processor.py:840} INFO - DAG(s) 'tutorial_dag' retrieved from /home/airflow/.local/lib/python3.12/site-packages/airflow/example_dags/tutorial_dag.py
[2024-05-29T14:36:33.271+0000] {logging_mixin.py:188} INFO - [2024-05-29T14:36:33.270+0000] {override.py:1829} INFO - Created Permission View: can read on DAG:tutorial_dag
[2024-05-29T14:36:33.277+0000] {logging_mixin.py:188} INFO - [2024-05-29T14:36:33.277+0000] {override.py:1829} INFO - Created Permission View: can delete on DAG:tutorial_dag
[2024-05-29T14:36:33.282+0000] {logging_mixin.py:188} INFO - [2024-05-29T14:36:33.281+0000] {override.py:1829} INFO - Created Permission View: can edit on DAG:tutorial_dag
[2024-05-29T14:36:33.282+0000] {logging_mixin.py:188} INFO - [2024-05-29T14:36:33.282+0000] {dag.py:3096} INFO - Sync 1 DAGs
[2024-05-29T14:36:33.289+0000] {logging_mixin.py:188} INFO - [2024-05-29T14:36:33.289+0000] {dag.py:3118} INFO - Creating ORM DAG for tutorial_dag
[2024-05-29T14:36:33.289+0000] {logging_mixin.py:188} INFO - [2024-05-29T14:36:33.289+0000] {dag.py:3954} INFO - Setting next_dagrun for tutorial_dag to None, run_after=None
[2024-05-29T14:36:33.301+0000] {processor.py:183} INFO - Processing /home/airflow/.local/lib/python3.12/site-packages/airflow/example_dags/tutorial_dag.py took 0.106 seconds
[2024-05-29T14:37:04.142+0000] {processor.py:161} INFO - Started process (PID=130) to work on /home/airflow/.local/lib/python3.12/site-packages/airflow/example_dags/tutorial_dag.py
[2024-05-29T14:37:04.142+0000] {processor.py:830} INFO - Processing file /home/airflow/.local/lib/python3.12/site-packages/airflow/example_dags/tutorial_dag.py for tasks to queue
[2024-05-29T14:37:04.143+0000] {logging_mixin.py:188} INFO - [2024-05-29T14:37:04.143+0000] {dagbag.py:545} INFO - Filling up the DagBag from /home/airflow/.local/lib/python3.12/site-packages/airflow/example_dags/tutorial_dag.py
[2024-05-29T14:37:04.146+0000] {processor.py:840} INFO - DAG(s) 'tutorial_dag' retrieved from /home/airflow/.local/lib/python3.12/site-packages/airflow/example_dags/tutorial_dag.py
[2024-05-29T14:37:04.158+0000] {logging_mixin.py:188} INFO - [2024-05-29T14:37:04.158+0000] {dag.py:3096} INFO - Sync 1 DAGs
[2024-05-29T14:37:04.166+0000] {logging_mixin.py:188} INFO - [2024-05-29T14:37:04.165+0000] {dag.py:3954} INFO - Setting next_dagrun for tutorial_dag to None, run_after=None
[2024-05-29T14:37:04.177+0000] {processor.py:183} INFO - Processing /home/airflow/.local/lib/python3.12/site-packages/airflow/example_dags/tutorial_dag.py took 0.039 seconds
[2024-05-29T14:37:34.445+0000] {processor.py:161} INFO - Started process (PID=190) to work on /home/airflow/.local/lib/python3.12/site-packages/airflow/example_dags/tutorial_dag.py
[2024-05-29T14:37:34.446+0000] {processor.py:830} INFO - Processing file /home/airflow/.local/lib/python3.12/site-packages/airflow/example_dags/tutorial_dag.py for tasks to queue
[2024-05-29T14:37:34.447+0000] {logging_mixin.py:188} INFO - [2024-05-29T14:37:34.447+0000] {dagbag.py:545} INFO - Filling up the DagBag from /home/airflow/.local/lib/python3.12/site-packages/airflow/example_dags/tutorial_dag.py
[2024-05-29T14:37:34.450+0000] {processor.py:840} INFO - DAG(s) 'tutorial_dag' retrieved from /home/airflow/.local/lib/python3.12/site-packages/airflow/example_dags/tutorial_dag.py
[2024-05-29T14:37:34.462+0000] {logging_mixin.py:188} INFO - [2024-05-29T14:37:34.462+0000] {dag.py:3096} INFO - Sync 1 DAGs
[2024-05-29T14:37:34.470+0000] {logging_mixin.py:188} INFO - [2024-05-29T14:37:34.470+0000] {dag.py:3954} INFO - Setting next_dagrun for tutorial_dag to None, run_after=None
[2024-05-29T14:37:34.481+0000] {processor.py:183} INFO - Processing /home/airflow/.local/lib/python3.12/site-packages/airflow/example_dags/tutorial_dag.py took 0.040 seconds
[2024-05-29T14:38:04.561+0000] {processor.py:161} INFO - Started process (PID=250) to work on /home/airflow/.local/lib/python3.12/site-packages/airflow/example_dags/tutorial_dag.py
[2024-05-29T14:38:04.562+0000] {processor.py:830} INFO - Processing file /home/airflow/.local/lib/python3.12/site-packages/airflow/example_dags/tutorial_dag.py for tasks to queue
[2024-05-29T14:38:04.563+0000] {logging_mixin.py:188} INFO - [2024-05-29T14:38:04.563+0000] {dagbag.py:545} INFO - Filling up the DagBag from /home/airflow/.local/lib/python3.12/site-packages/airflow/example_dags/tutorial_dag.py
[2024-05-29T14:38:04.566+0000] {processor.py:840} INFO - DAG(s) 'tutorial_dag' retrieved from /home/airflow/.local/lib/python3.12/site-packages/airflow/example_dags/tutorial_dag.py
[2024-05-29T14:38:04.580+0000] {logging_mixin.py:188} INFO - [2024-05-29T14:38:04.580+0000] {dag.py:3096} INFO - Sync 1 DAGs
[2024-05-29T14:38:04.588+0000] {logging_mixin.py:188} INFO - [2024-05-29T14:38:04.588+0000] {dag.py:3954} INFO - Setting next_dagrun for tutorial_dag to None, run_after=None
[2024-05-29T14:38:04.602+0000] {processor.py:183} INFO - Processing /home/airflow/.local/lib/python3.12/site-packages/airflow/example_dags/tutorial_dag.py took 0.044 seconds
[2024-05-29T14:47:13.801+0000] {processor.py:161} INFO - Started process (PID=71) to work on /home/airflow/.local/lib/python3.12/site-packages/airflow/example_dags/tutorial_dag.py
[2024-05-29T14:47:13.802+0000] {processor.py:830} INFO - Processing file /home/airflow/.local/lib/python3.12/site-packages/airflow/example_dags/tutorial_dag.py for tasks to queue
[2024-05-29T14:47:13.803+0000] {logging_mixin.py:188} INFO - [2024-05-29T14:47:13.803+0000] {dagbag.py:545} INFO - Filling up the DagBag from /home/airflow/.local/lib/python3.12/site-packages/airflow/example_dags/tutorial_dag.py
[2024-05-29T14:47:13.807+0000] {processor.py:840} INFO - DAG(s) 'tutorial_dag' retrieved from /home/airflow/.local/lib/python3.12/site-packages/airflow/example_dags/tutorial_dag.py
[2024-05-29T14:47:13.818+0000] {logging_mixin.py:188} INFO - [2024-05-29T14:47:13.818+0000] {dag.py:3096} INFO - Sync 1 DAGs
[2024-05-29T14:47:13.827+0000] {logging_mixin.py:188} INFO - [2024-05-29T14:47:13.827+0000] {dag.py:3954} INFO - Setting next_dagrun for tutorial_dag to None, run_after=None
[2024-05-29T14:47:13.840+0000] {processor.py:183} INFO - Processing /home/airflow/.local/lib/python3.12/site-packages/airflow/example_dags/tutorial_dag.py took 0.042 seconds
[2024-05-29T14:47:44.726+0000] {processor.py:161} INFO - Started process (PID=131) to work on /home/airflow/.local/lib/python3.12/site-packages/airflow/example_dags/tutorial_dag.py
[2024-05-29T14:47:44.726+0000] {processor.py:830} INFO - Processing file /home/airflow/.local/lib/python3.12/site-packages/airflow/example_dags/tutorial_dag.py for tasks to queue
[2024-05-29T14:47:44.727+0000] {logging_mixin.py:188} INFO - [2024-05-29T14:47:44.727+0000] {dagbag.py:545} INFO - Filling up the DagBag from /home/airflow/.local/lib/python3.12/site-packages/airflow/example_dags/tutorial_dag.py
[2024-05-29T14:47:44.730+0000] {processor.py:840} INFO - DAG(s) 'tutorial_dag' retrieved from /home/airflow/.local/lib/python3.12/site-packages/airflow/example_dags/tutorial_dag.py
[2024-05-29T14:47:44.743+0000] {logging_mixin.py:188} INFO - [2024-05-29T14:47:44.743+0000] {dag.py:3096} INFO - Sync 1 DAGs
[2024-05-29T14:47:44.751+0000] {logging_mixin.py:188} INFO - [2024-05-29T14:47:44.750+0000] {dag.py:3954} INFO - Setting next_dagrun for tutorial_dag to None, run_after=None
[2024-05-29T14:47:44.762+0000] {processor.py:183} INFO - Processing /home/airflow/.local/lib/python3.12/site-packages/airflow/example_dags/tutorial_dag.py took 0.040 seconds
[2024-05-29T14:48:15.872+0000] {processor.py:161} INFO - Started process (PID=191) to work on /home/airflow/.local/lib/python3.12/site-packages/airflow/example_dags/tutorial_dag.py
[2024-05-29T14:48:15.874+0000] {processor.py:830} INFO - Processing file /home/airflow/.local/lib/python3.12/site-packages/airflow/example_dags/tutorial_dag.py for tasks to queue
[2024-05-29T14:48:15.875+0000] {logging_mixin.py:188} INFO - [2024-05-29T14:48:15.875+0000] {dagbag.py:545} INFO - Filling up the DagBag from /home/airflow/.local/lib/python3.12/site-packages/airflow/example_dags/tutorial_dag.py
[2024-05-29T14:48:15.879+0000] {processor.py:840} INFO - DAG(s) 'tutorial_dag' retrieved from /home/airflow/.local/lib/python3.12/site-packages/airflow/example_dags/tutorial_dag.py
[2024-05-29T14:48:15.893+0000] {logging_mixin.py:188} INFO - [2024-05-29T14:48:15.892+0000] {dag.py:3096} INFO - Sync 1 DAGs
[2024-05-29T14:48:15.901+0000] {logging_mixin.py:188} INFO - [2024-05-29T14:48:15.901+0000] {dag.py:3954} INFO - Setting next_dagrun for tutorial_dag to None, run_after=None
[2024-05-29T14:48:15.916+0000] {processor.py:183} INFO - Processing /home/airflow/.local/lib/python3.12/site-packages/airflow/example_dags/tutorial_dag.py took 0.048 seconds
[2024-05-29T14:48:46.968+0000] {processor.py:161} INFO - Started process (PID=251) to work on /home/airflow/.local/lib/python3.12/site-packages/airflow/example_dags/tutorial_dag.py
[2024-05-29T14:48:46.969+0000] {processor.py:830} INFO - Processing file /home/airflow/.local/lib/python3.12/site-packages/airflow/example_dags/tutorial_dag.py for tasks to queue
[2024-05-29T14:48:46.970+0000] {logging_mixin.py:188} INFO - [2024-05-29T14:48:46.970+0000] {dagbag.py:545} INFO - Filling up the DagBag from /home/airflow/.local/lib/python3.12/site-packages/airflow/example_dags/tutorial_dag.py
[2024-05-29T14:48:46.974+0000] {processor.py:840} INFO - DAG(s) 'tutorial_dag' retrieved from /home/airflow/.local/lib/python3.12/site-packages/airflow/example_dags/tutorial_dag.py
[2024-05-29T14:48:46.985+0000] {logging_mixin.py:188} INFO - [2024-05-29T14:48:46.985+0000] {dag.py:3096} INFO - Sync 1 DAGs
[2024-05-29T14:48:46.993+0000] {logging_mixin.py:188} INFO - [2024-05-29T14:48:46.993+0000] {dag.py:3954} INFO - Setting next_dagrun for tutorial_dag to None, run_after=None
[2024-05-29T14:48:47.005+0000] {processor.py:183} INFO - Processing /home/airflow/.local/lib/python3.12/site-packages/airflow/example_dags/tutorial_dag.py took 0.040 seconds
[2024-05-29T14:49:17.885+0000] {processor.py:161} INFO - Started process (PID=311) to work on /home/airflow/.local/lib/python3.12/site-packages/airflow/example_dags/tutorial_dag.py
[2024-05-29T14:49:17.886+0000] {processor.py:830} INFO - Processing file /home/airflow/.local/lib/python3.12/site-packages/airflow/example_dags/tutorial_dag.py for tasks to queue
[2024-05-29T14:49:17.887+0000] {logging_mixin.py:188} INFO - [2024-05-29T14:49:17.887+0000] {dagbag.py:545} INFO - Filling up the DagBag from /home/airflow/.local/lib/python3.12/site-packages/airflow/example_dags/tutorial_dag.py
[2024-05-29T14:49:17.890+0000] {processor.py:840} INFO - DAG(s) 'tutorial_dag' retrieved from /home/airflow/.local/lib/python3.12/site-packages/airflow/example_dags/tutorial_dag.py
[2024-05-29T14:49:17.902+0000] {logging_mixin.py:188} INFO - [2024-05-29T14:49:17.901+0000] {dag.py:3096} INFO - Sync 1 DAGs
[2024-05-29T14:49:17.909+0000] {logging_mixin.py:188} INFO - [2024-05-29T14:49:17.909+0000] {dag.py:3954} INFO - Setting next_dagrun for tutorial_dag to None, run_after=None
[2024-05-29T14:49:17.922+0000] {processor.py:183} INFO - Processing /home/airflow/.local/lib/python3.12/site-packages/airflow/example_dags/tutorial_dag.py took 0.040 seconds
[2024-05-29T14:49:48.010+0000] {processor.py:161} INFO - Started process (PID=371) to work on /home/airflow/.local/lib/python3.12/site-packages/airflow/example_dags/tutorial_dag.py
[2024-05-29T14:49:48.010+0000] {processor.py:830} INFO - Processing file /home/airflow/.local/lib/python3.12/site-packages/airflow/example_dags/tutorial_dag.py for tasks to queue
[2024-05-29T14:49:48.011+0000] {logging_mixin.py:188} INFO - [2024-05-29T14:49:48.011+0000] {dagbag.py:545} INFO - Filling up the DagBag from /home/airflow/.local/lib/python3.12/site-packages/airflow/example_dags/tutorial_dag.py
[2024-05-29T14:49:48.014+0000] {processor.py:840} INFO - DAG(s) 'tutorial_dag' retrieved from /home/airflow/.local/lib/python3.12/site-packages/airflow/example_dags/tutorial_dag.py
[2024-05-29T14:49:48.026+0000] {logging_mixin.py:188} INFO - [2024-05-29T14:49:48.026+0000] {dag.py:3096} INFO - Sync 1 DAGs
[2024-05-29T14:49:48.033+0000] {logging_mixin.py:188} INFO - [2024-05-29T14:49:48.033+0000] {dag.py:3954} INFO - Setting next_dagrun for tutorial_dag to None, run_after=None
[2024-05-29T14:49:48.044+0000] {processor.py:183} INFO - Processing /home/airflow/.local/lib/python3.12/site-packages/airflow/example_dags/tutorial_dag.py took 0.038 seconds
