[2024-06-03T09:50:45.569+0000] {local_task_job_runner.py:120} INFO - ::group::Pre task execution logs
[2024-06-03T09:50:45.587+0000] {taskinstance.py:2076} INFO - Dependencies all met for dep_context=non-requeueable deps ti=<TaskInstance: f1_data_pipeline_taskflow.driverStandingsDim_transform manual__2024-06-03T09:50:13.362454+00:00 [queued]>
[2024-06-03T09:50:45.595+0000] {taskinstance.py:2076} INFO - Dependencies all met for dep_context=requeueable deps ti=<TaskInstance: f1_data_pipeline_taskflow.driverStandingsDim_transform manual__2024-06-03T09:50:13.362454+00:00 [queued]>
[2024-06-03T09:50:45.595+0000] {taskinstance.py:2306} INFO - Starting attempt 1 of 1
[2024-06-03T09:50:45.607+0000] {taskinstance.py:2330} INFO - Executing <Task(_PythonDecoratedOperator): driverStandingsDim_transform> on 2024-06-03 09:50:13.362454+00:00
[2024-06-03T09:50:45.613+0000] {warnings.py:110} WARNING - /home/***/.local/lib/python3.12/site-packages/***/task/task_runner/standard_task_runner.py:61: DeprecationWarning: This process (pid=117) is multi-threaded, use of fork() may lead to deadlocks in the child.
  pid = os.fork()

[2024-06-03T09:50:45.615+0000] {standard_task_runner.py:63} INFO - Started process 134 to run task
[2024-06-03T09:50:45.615+0000] {standard_task_runner.py:90} INFO - Running: ['***', 'tasks', 'run', 'f1_data_pipeline_taskflow', 'driverStandingsDim_transform', 'manual__2024-06-03T09:50:13.362454+00:00', '--job-id', '8', '--raw', '--subdir', 'DAGS_FOLDER/etl_dag.py', '--cfg-path', '/tmp/tmp8g4a_du8']
[2024-06-03T09:50:45.616+0000] {standard_task_runner.py:91} INFO - Job 8: Subtask driverStandingsDim_transform
[2024-06-03T09:50:45.659+0000] {task_command.py:426} INFO - Running <TaskInstance: f1_data_pipeline_taskflow.driverStandingsDim_transform manual__2024-06-03T09:50:13.362454+00:00 [running]> on host 822b25182b4b
[2024-06-03T09:50:48.365+0000] {taskinstance.py:2648} INFO - Exporting env vars: AIRFLOW_CTX_DAG_OWNER='***' AIRFLOW_CTX_DAG_ID='f1_data_pipeline_taskflow' AIRFLOW_CTX_TASK_ID='driverStandingsDim_transform' AIRFLOW_CTX_EXECUTION_DATE='2024-06-03T09:50:13.362454+00:00' AIRFLOW_CTX_TRY_NUMBER='1' AIRFLOW_CTX_DAG_RUN_ID='manual__2024-06-03T09:50:13.362454+00:00'
[2024-06-03T09:50:48.389+0000] {taskinstance.py:430} INFO - ::endgroup::
[2024-06-03T09:50:48.449+0000] {python.py:237} INFO - Done. Returned value was:         driverStandingsId  driverId  ...  points_driverstandings  wins
0                   64976        18  ...                    25.0     1
116                 64978         1  ...                    15.0     0
232                 64928        18  ...                    25.0     1
512                 64930         1  ...                    30.0     0
680                 64952        18  ...                    43.0     1
...                   ...       ...  ...                     ...   ...
517536              67183       829  ...                     0.0     0
517602              67264       829  ...                     0.0     0
517927              67503       829  ...                     0.0     0
518061              67504       834  ...                     0.0     0
518195              67681       837  ...                     0.0     0

[4502 rows x 5 columns]
[2024-06-03T09:50:48.461+0000] {taskinstance.py:441} INFO - ::group::Post task execution logs
[2024-06-03T09:50:48.556+0000] {taskinstance.py:1206} INFO - Marking task as SUCCESS. dag_id=f1_data_pipeline_taskflow, task_id=driverStandingsDim_transform, run_id=manual__2024-06-03T09:50:13.362454+00:00, execution_date=20240603T095013, start_date=20240603T095045, end_date=20240603T095048
[2024-06-03T09:50:48.640+0000] {local_task_job_runner.py:240} INFO - Task exited with return code 0
[2024-06-03T09:50:48.867+0000] {taskinstance.py:3498} INFO - 0 downstream tasks scheduled from follow-on schedule check
[2024-06-03T09:50:48.876+0000] {local_task_job_runner.py:222} INFO - ::endgroup::
