[2024-06-12T10:40:36.875+0000] {local_task_job_runner.py:120} INFO - ::group::Pre task execution logs
[2024-06-12T10:40:36.894+0000] {taskinstance.py:2076} INFO - Dependencies all met for dep_context=non-requeueable deps ti=<TaskInstance: f1_data_pipeline_taskflow.pitStopsDim_transform scheduled__2024-06-11T00:00:00+00:00 [queued]>
[2024-06-12T10:40:36.899+0000] {taskinstance.py:2076} INFO - Dependencies all met for dep_context=requeueable deps ti=<TaskInstance: f1_data_pipeline_taskflow.pitStopsDim_transform scheduled__2024-06-11T00:00:00+00:00 [queued]>
[2024-06-12T10:40:36.899+0000] {taskinstance.py:2306} INFO - Starting attempt 1 of 1
[2024-06-12T10:40:36.907+0000] {taskinstance.py:2330} INFO - Executing <Task(_PythonDecoratedOperator): pitStopsDim_transform> on 2024-06-11 00:00:00+00:00
[2024-06-12T10:40:36.913+0000] {warnings.py:110} WARNING - /home/***/.local/lib/python3.12/site-packages/***/task/task_runner/standard_task_runner.py:61: DeprecationWarning: This process (pid=683) is multi-threaded, use of fork() may lead to deadlocks in the child.
  pid = os.fork()

[2024-06-12T10:40:36.914+0000] {standard_task_runner.py:63} INFO - Started process 691 to run task
[2024-06-12T10:40:36.915+0000] {standard_task_runner.py:90} INFO - Running: ['***', 'tasks', 'run', 'f1_data_pipeline_taskflow', 'pitStopsDim_transform', 'scheduled__2024-06-11T00:00:00+00:00', '--job-id', '16', '--raw', '--subdir', 'DAGS_FOLDER/etl_dag.py', '--cfg-path', '/tmp/tmpvd09rpp8']
[2024-06-12T10:40:36.916+0000] {standard_task_runner.py:91} INFO - Job 16: Subtask pitStopsDim_transform
[2024-06-12T10:40:36.949+0000] {task_command.py:426} INFO - Running <TaskInstance: f1_data_pipeline_taskflow.pitStopsDim_transform scheduled__2024-06-11T00:00:00+00:00 [running]> on host 52285cb34a44
[2024-06-12T10:40:37.570+0000] {taskinstance.py:2648} INFO - Exporting env vars: AIRFLOW_CTX_DAG_OWNER='***' AIRFLOW_CTX_DAG_ID='f1_data_pipeline_taskflow' AIRFLOW_CTX_TASK_ID='pitStopsDim_transform' AIRFLOW_CTX_EXECUTION_DATE='2024-06-11T00:00:00+00:00' AIRFLOW_CTX_TRY_NUMBER='1' AIRFLOW_CTX_DAG_RUN_ID='scheduled__2024-06-11T00:00:00+00:00'
[2024-06-12T10:40:37.571+0000] {taskinstance.py:430} INFO - ::endgroup::
[2024-06-12T10:40:37.614+0000] {python.py:237} INFO - Done. Returned value was:         raceId  driverId  stop  lap_pitstops time_pitstops  duration
0          860        18     1            16      17:28:30    23.275
1          860        18     2            36      17:59:44    22.837
116        860         1     1            17      17:30:12    22.862
117        860         1     2            36      17:59:54    23.464
232        861        18     1             4      16:12:01    24.305
...        ...       ...   ...           ...           ...       ...
518061     944       834     1            14      14:22:03    25.492
518062     944       834     2            41      14:59:12    26.706
518195     953       837     1            11      14:22:57    29.117
518196     953       837     2            34      15:00:18    27.380
518197     953       837     3            47      15:21:24    26.292

[8975 rows x 6 columns]
[2024-06-12T10:40:37.622+0000] {taskinstance.py:441} INFO - ::group::Post task execution logs
[2024-06-12T10:40:37.660+0000] {taskinstance.py:1206} INFO - Marking task as SUCCESS. dag_id=f1_data_pipeline_taskflow, task_id=pitStopsDim_transform, run_id=scheduled__2024-06-11T00:00:00+00:00, execution_date=20240611T000000, start_date=20240612T104036, end_date=20240612T104037
[2024-06-12T10:40:37.689+0000] {local_task_job_runner.py:240} INFO - Task exited with return code 0
[2024-06-12T10:40:37.708+0000] {taskinstance.py:3498} INFO - 1 downstream tasks scheduled from follow-on schedule check
[2024-06-12T10:40:37.709+0000] {local_task_job_runner.py:222} INFO - ::endgroup::
[2024-06-12T11:05:09.269+0000] {local_task_job_runner.py:120} INFO - ::group::Pre task execution logs
[2024-06-12T11:05:09.286+0000] {taskinstance.py:2076} INFO - Dependencies all met for dep_context=non-requeueable deps ti=<TaskInstance: f1_data_pipeline_taskflow.pitStopsDim_transform scheduled__2024-06-11T00:00:00+00:00 [queued]>
[2024-06-12T11:05:09.292+0000] {taskinstance.py:2076} INFO - Dependencies all met for dep_context=requeueable deps ti=<TaskInstance: f1_data_pipeline_taskflow.pitStopsDim_transform scheduled__2024-06-11T00:00:00+00:00 [queued]>
[2024-06-12T11:05:09.293+0000] {taskinstance.py:2306} INFO - Starting attempt 1 of 1
[2024-06-12T11:05:09.304+0000] {taskinstance.py:2330} INFO - Executing <Task(_PythonDecoratedOperator): pitStopsDim_transform> on 2024-06-11 00:00:00+00:00
[2024-06-12T11:05:09.311+0000] {warnings.py:110} WARNING - /home/***/.local/lib/python3.12/site-packages/***/task/task_runner/standard_task_runner.py:61: DeprecationWarning: This process (pid=400) is multi-threaded, use of fork() may lead to deadlocks in the child.
  pid = os.fork()

[2024-06-12T11:05:09.312+0000] {standard_task_runner.py:63} INFO - Started process 417 to run task
[2024-06-12T11:05:09.312+0000] {standard_task_runner.py:90} INFO - Running: ['***', 'tasks', 'run', 'f1_data_pipeline_taskflow', 'pitStopsDim_transform', 'scheduled__2024-06-11T00:00:00+00:00', '--job-id', '18', '--raw', '--subdir', 'DAGS_FOLDER/etl_dag.py', '--cfg-path', '/tmp/tmp3axouypz']
[2024-06-12T11:05:09.314+0000] {standard_task_runner.py:91} INFO - Job 18: Subtask pitStopsDim_transform
[2024-06-12T11:05:09.351+0000] {task_command.py:426} INFO - Running <TaskInstance: f1_data_pipeline_taskflow.pitStopsDim_transform scheduled__2024-06-11T00:00:00+00:00 [running]> on host a8d8326d12bd
[2024-06-12T11:05:10.041+0000] {taskinstance.py:2648} INFO - Exporting env vars: AIRFLOW_CTX_DAG_OWNER='***' AIRFLOW_CTX_DAG_ID='f1_data_pipeline_taskflow' AIRFLOW_CTX_TASK_ID='pitStopsDim_transform' AIRFLOW_CTX_EXECUTION_DATE='2024-06-11T00:00:00+00:00' AIRFLOW_CTX_TRY_NUMBER='1' AIRFLOW_CTX_DAG_RUN_ID='scheduled__2024-06-11T00:00:00+00:00'
[2024-06-12T11:05:10.042+0000] {taskinstance.py:430} INFO - ::endgroup::
[2024-06-12T11:05:10.089+0000] {python.py:237} INFO - Done. Returned value was:         raceId  driverId  stop  lap_pitstops time_pitstops  duration
0          860        18     1            16      17:28:30    23.275
1          860        18     2            36      17:59:44    22.837
116        860         1     1            17      17:30:12    22.862
117        860         1     2            36      17:59:54    23.464
232        861        18     1             4      16:12:01    24.305
...        ...       ...   ...           ...           ...       ...
518061     944       834     1            14      14:22:03    25.492
518062     944       834     2            41      14:59:12    26.706
518195     953       837     1            11      14:22:57    29.117
518196     953       837     2            34      15:00:18    27.380
518197     953       837     3            47      15:21:24    26.292

[8975 rows x 6 columns]
[2024-06-12T11:05:10.097+0000] {taskinstance.py:441} INFO - ::group::Post task execution logs
[2024-06-12T11:05:10.140+0000] {taskinstance.py:1206} INFO - Marking task as SUCCESS. dag_id=f1_data_pipeline_taskflow, task_id=pitStopsDim_transform, run_id=scheduled__2024-06-11T00:00:00+00:00, execution_date=20240611T000000, start_date=20240612T110509, end_date=20240612T110510
[2024-06-12T11:05:10.168+0000] {local_task_job_runner.py:240} INFO - Task exited with return code 0
[2024-06-12T11:05:10.191+0000] {taskinstance.py:3498} INFO - 1 downstream tasks scheduled from follow-on schedule check
[2024-06-12T11:05:10.192+0000] {local_task_job_runner.py:222} INFO - ::endgroup::
[2024-06-12T11:18:03.110+0000] {local_task_job_runner.py:120} INFO - ::group::Pre task execution logs
[2024-06-12T11:18:03.126+0000] {taskinstance.py:2076} INFO - Dependencies all met for dep_context=non-requeueable deps ti=<TaskInstance: f1_data_pipeline_taskflow.pitStopsDim_transform scheduled__2024-06-11T00:00:00+00:00 [queued]>
[2024-06-12T11:18:03.132+0000] {taskinstance.py:2076} INFO - Dependencies all met for dep_context=requeueable deps ti=<TaskInstance: f1_data_pipeline_taskflow.pitStopsDim_transform scheduled__2024-06-11T00:00:00+00:00 [queued]>
[2024-06-12T11:18:03.132+0000] {taskinstance.py:2306} INFO - Starting attempt 1 of 1
[2024-06-12T11:18:03.140+0000] {taskinstance.py:2330} INFO - Executing <Task(_PythonDecoratedOperator): pitStopsDim_transform> on 2024-06-11 00:00:00+00:00
[2024-06-12T11:18:03.146+0000] {warnings.py:110} WARNING - /home/***/.local/lib/python3.12/site-packages/***/task/task_runner/standard_task_runner.py:61: DeprecationWarning: This process (pid=312) is multi-threaded, use of fork() may lead to deadlocks in the child.
  pid = os.fork()

[2024-06-12T11:18:03.147+0000] {standard_task_runner.py:63} INFO - Started process 340 to run task
[2024-06-12T11:18:03.148+0000] {standard_task_runner.py:90} INFO - Running: ['***', 'tasks', 'run', 'f1_data_pipeline_taskflow', 'pitStopsDim_transform', 'scheduled__2024-06-11T00:00:00+00:00', '--job-id', '17', '--raw', '--subdir', 'DAGS_FOLDER/etl_dag.py', '--cfg-path', '/tmp/tmp89cyj5wn']
[2024-06-12T11:18:03.149+0000] {standard_task_runner.py:91} INFO - Job 17: Subtask pitStopsDim_transform
[2024-06-12T11:18:03.184+0000] {task_command.py:426} INFO - Running <TaskInstance: f1_data_pipeline_taskflow.pitStopsDim_transform scheduled__2024-06-11T00:00:00+00:00 [running]> on host e07cec2adf81
[2024-06-12T11:18:03.803+0000] {taskinstance.py:2648} INFO - Exporting env vars: AIRFLOW_CTX_DAG_OWNER='***' AIRFLOW_CTX_DAG_ID='f1_data_pipeline_taskflow' AIRFLOW_CTX_TASK_ID='pitStopsDim_transform' AIRFLOW_CTX_EXECUTION_DATE='2024-06-11T00:00:00+00:00' AIRFLOW_CTX_TRY_NUMBER='1' AIRFLOW_CTX_DAG_RUN_ID='scheduled__2024-06-11T00:00:00+00:00'
[2024-06-12T11:18:03.804+0000] {taskinstance.py:430} INFO - ::endgroup::
[2024-06-12T11:18:03.850+0000] {python.py:237} INFO - Done. Returned value was:         raceId  driverId  stop  lap_pitstops time_pitstops  duration
0          860        18     1            16      17:28:30    23.275
1          860        18     2            36      17:59:44    22.837
116        860         1     1            17      17:30:12    22.862
117        860         1     2            36      17:59:54    23.464
232        861        18     1             4      16:12:01    24.305
...        ...       ...   ...           ...           ...       ...
518061     944       834     1            14      14:22:03    25.492
518062     944       834     2            41      14:59:12    26.706
518195     953       837     1            11      14:22:57    29.117
518196     953       837     2            34      15:00:18    27.380
518197     953       837     3            47      15:21:24    26.292

[8975 rows x 6 columns]
[2024-06-12T11:18:03.858+0000] {taskinstance.py:441} INFO - ::group::Post task execution logs
[2024-06-12T11:18:03.897+0000] {taskinstance.py:1206} INFO - Marking task as SUCCESS. dag_id=f1_data_pipeline_taskflow, task_id=pitStopsDim_transform, run_id=scheduled__2024-06-11T00:00:00+00:00, execution_date=20240611T000000, start_date=20240612T111803, end_date=20240612T111803
[2024-06-12T11:18:03.922+0000] {local_task_job_runner.py:240} INFO - Task exited with return code 0
[2024-06-12T11:18:03.943+0000] {taskinstance.py:3498} INFO - 1 downstream tasks scheduled from follow-on schedule check
[2024-06-12T11:18:03.945+0000] {local_task_job_runner.py:222} INFO - ::endgroup::
[2024-06-12T11:34:01.621+0000] {local_task_job_runner.py:120} INFO - ::group::Pre task execution logs
[2024-06-12T11:34:01.642+0000] {taskinstance.py:2076} INFO - Dependencies all met for dep_context=non-requeueable deps ti=<TaskInstance: f1_data_pipeline_taskflow.pitStopsDim_transform scheduled__2024-06-11T00:00:00+00:00 [queued]>
[2024-06-12T11:34:01.648+0000] {taskinstance.py:2076} INFO - Dependencies all met for dep_context=requeueable deps ti=<TaskInstance: f1_data_pipeline_taskflow.pitStopsDim_transform scheduled__2024-06-11T00:00:00+00:00 [queued]>
[2024-06-12T11:34:01.648+0000] {taskinstance.py:2306} INFO - Starting attempt 1 of 1
[2024-06-12T11:34:01.657+0000] {taskinstance.py:2330} INFO - Executing <Task(_PythonDecoratedOperator): pitStopsDim_transform> on 2024-06-11 00:00:00+00:00
[2024-06-12T11:34:01.664+0000] {warnings.py:110} WARNING - /home/***/.local/lib/python3.12/site-packages/***/task/task_runner/standard_task_runner.py:61: DeprecationWarning: This process (pid=482) is multi-threaded, use of fork() may lead to deadlocks in the child.
  pid = os.fork()

[2024-06-12T11:34:01.665+0000] {standard_task_runner.py:63} INFO - Started process 488 to run task
[2024-06-12T11:34:01.665+0000] {standard_task_runner.py:90} INFO - Running: ['***', 'tasks', 'run', 'f1_data_pipeline_taskflow', 'pitStopsDim_transform', 'scheduled__2024-06-11T00:00:00+00:00', '--job-id', '30', '--raw', '--subdir', 'DAGS_FOLDER/etl_dag.py', '--cfg-path', '/tmp/tmpxvhxl6ee']
[2024-06-12T11:34:01.667+0000] {standard_task_runner.py:91} INFO - Job 30: Subtask pitStopsDim_transform
[2024-06-12T11:34:01.703+0000] {task_command.py:426} INFO - Running <TaskInstance: f1_data_pipeline_taskflow.pitStopsDim_transform scheduled__2024-06-11T00:00:00+00:00 [running]> on host 16e46b42a87a
[2024-06-12T11:34:02.293+0000] {taskinstance.py:2648} INFO - Exporting env vars: AIRFLOW_CTX_DAG_OWNER='***' AIRFLOW_CTX_DAG_ID='f1_data_pipeline_taskflow' AIRFLOW_CTX_TASK_ID='pitStopsDim_transform' AIRFLOW_CTX_EXECUTION_DATE='2024-06-11T00:00:00+00:00' AIRFLOW_CTX_TRY_NUMBER='1' AIRFLOW_CTX_DAG_RUN_ID='scheduled__2024-06-11T00:00:00+00:00'
[2024-06-12T11:34:02.294+0000] {taskinstance.py:430} INFO - ::endgroup::
[2024-06-12T11:34:02.338+0000] {python.py:237} INFO - Done. Returned value was:         raceId  driverId  stop  lap_pitstops time_pitstops  duration
0          860        18     1            16      17:28:30    23.275
1          860        18     2            36      17:59:44    22.837
116        860         1     1            17      17:30:12    22.862
117        860         1     2            36      17:59:54    23.464
232        861        18     1             4      16:12:01    24.305
...        ...       ...   ...           ...           ...       ...
518061     944       834     1            14      14:22:03    25.492
518062     944       834     2            41      14:59:12    26.706
518195     953       837     1            11      14:22:57    29.117
518196     953       837     2            34      15:00:18    27.380
518197     953       837     3            47      15:21:24    26.292

[8975 rows x 6 columns]
[2024-06-12T11:34:02.347+0000] {taskinstance.py:441} INFO - ::group::Post task execution logs
[2024-06-12T11:34:02.384+0000] {taskinstance.py:1206} INFO - Marking task as SUCCESS. dag_id=f1_data_pipeline_taskflow, task_id=pitStopsDim_transform, run_id=scheduled__2024-06-11T00:00:00+00:00, execution_date=20240611T000000, start_date=20240612T113401, end_date=20240612T113402
[2024-06-12T11:34:02.441+0000] {local_task_job_runner.py:240} INFO - Task exited with return code 0
[2024-06-12T11:34:02.449+0000] {local_task_job_runner.py:222} INFO - ::endgroup::
[2024-06-12T11:38:04.012+0000] {local_task_job_runner.py:120} INFO - ::group::Pre task execution logs
[2024-06-12T11:38:04.030+0000] {taskinstance.py:2076} INFO - Dependencies all met for dep_context=non-requeueable deps ti=<TaskInstance: f1_data_pipeline_taskflow.pitStopsDim_transform scheduled__2024-06-11T00:00:00+00:00 [queued]>
[2024-06-12T11:38:04.035+0000] {taskinstance.py:2076} INFO - Dependencies all met for dep_context=requeueable deps ti=<TaskInstance: f1_data_pipeline_taskflow.pitStopsDim_transform scheduled__2024-06-11T00:00:00+00:00 [queued]>
[2024-06-12T11:38:04.035+0000] {taskinstance.py:2306} INFO - Starting attempt 1 of 1
[2024-06-12T11:38:04.044+0000] {taskinstance.py:2330} INFO - Executing <Task(_PythonDecoratedOperator): pitStopsDim_transform> on 2024-06-11 00:00:00+00:00
[2024-06-12T11:38:04.050+0000] {warnings.py:110} WARNING - /home/***/.local/lib/python3.12/site-packages/***/task/task_runner/standard_task_runner.py:61: DeprecationWarning: This process (pid=311) is multi-threaded, use of fork() may lead to deadlocks in the child.
  pid = os.fork()

[2024-06-12T11:38:04.051+0000] {standard_task_runner.py:63} INFO - Started process 318 to run task
[2024-06-12T11:38:04.051+0000] {standard_task_runner.py:90} INFO - Running: ['***', 'tasks', 'run', 'f1_data_pipeline_taskflow', 'pitStopsDim_transform', 'scheduled__2024-06-11T00:00:00+00:00', '--job-id', '15', '--raw', '--subdir', 'DAGS_FOLDER/etl_dag.py', '--cfg-path', '/tmp/tmpw3cuuut7']
[2024-06-12T11:38:04.053+0000] {standard_task_runner.py:91} INFO - Job 15: Subtask pitStopsDim_transform
[2024-06-12T11:38:04.088+0000] {task_command.py:426} INFO - Running <TaskInstance: f1_data_pipeline_taskflow.pitStopsDim_transform scheduled__2024-06-11T00:00:00+00:00 [running]> on host 33197dc676ae
[2024-06-12T11:38:04.756+0000] {taskinstance.py:2648} INFO - Exporting env vars: AIRFLOW_CTX_DAG_OWNER='***' AIRFLOW_CTX_DAG_ID='f1_data_pipeline_taskflow' AIRFLOW_CTX_TASK_ID='pitStopsDim_transform' AIRFLOW_CTX_EXECUTION_DATE='2024-06-11T00:00:00+00:00' AIRFLOW_CTX_TRY_NUMBER='1' AIRFLOW_CTX_DAG_RUN_ID='scheduled__2024-06-11T00:00:00+00:00'
[2024-06-12T11:38:04.757+0000] {taskinstance.py:430} INFO - ::endgroup::
[2024-06-12T11:38:04.801+0000] {python.py:237} INFO - Done. Returned value was:         raceId  driverId  stop  lap_pitstops time_pitstops  duration
0          860        18     1            16      17:28:30    23.275
1          860        18     2            36      17:59:44    22.837
116        860         1     1            17      17:30:12    22.862
117        860         1     2            36      17:59:54    23.464
232        861        18     1             4      16:12:01    24.305
...        ...       ...   ...           ...           ...       ...
518061     944       834     1            14      14:22:03    25.492
518062     944       834     2            41      14:59:12    26.706
518195     953       837     1            11      14:22:57    29.117
518196     953       837     2            34      15:00:18    27.380
518197     953       837     3            47      15:21:24    26.292

[8975 rows x 6 columns]
[2024-06-12T11:38:04.811+0000] {taskinstance.py:441} INFO - ::group::Post task execution logs
[2024-06-12T11:38:04.853+0000] {taskinstance.py:1206} INFO - Marking task as SUCCESS. dag_id=f1_data_pipeline_taskflow, task_id=pitStopsDim_transform, run_id=scheduled__2024-06-11T00:00:00+00:00, execution_date=20240611T000000, start_date=20240612T113804, end_date=20240612T113804
[2024-06-12T11:38:04.883+0000] {local_task_job_runner.py:240} INFO - Task exited with return code 0
[2024-06-12T11:38:04.904+0000] {taskinstance.py:3498} INFO - 1 downstream tasks scheduled from follow-on schedule check
[2024-06-12T11:38:04.905+0000] {local_task_job_runner.py:222} INFO - ::endgroup::
[2024-06-12T11:56:04.824+0000] {local_task_job_runner.py:120} INFO - ::group::Pre task execution logs
[2024-06-12T11:56:04.842+0000] {taskinstance.py:2076} INFO - Dependencies all met for dep_context=non-requeueable deps ti=<TaskInstance: f1_data_pipeline_taskflow.pitStopsDim_transform scheduled__2024-06-11T00:00:00+00:00 [queued]>
[2024-06-12T11:56:04.848+0000] {taskinstance.py:2076} INFO - Dependencies all met for dep_context=requeueable deps ti=<TaskInstance: f1_data_pipeline_taskflow.pitStopsDim_transform scheduled__2024-06-11T00:00:00+00:00 [queued]>
[2024-06-12T11:56:04.849+0000] {taskinstance.py:2306} INFO - Starting attempt 1 of 1
[2024-06-12T11:56:04.858+0000] {taskinstance.py:2330} INFO - Executing <Task(_PythonDecoratedOperator): pitStopsDim_transform> on 2024-06-11 00:00:00+00:00
[2024-06-12T11:56:04.866+0000] {warnings.py:110} WARNING - /home/***/.local/lib/python3.12/site-packages/***/task/task_runner/standard_task_runner.py:61: DeprecationWarning: This process (pid=313) is multi-threaded, use of fork() may lead to deadlocks in the child.
  pid = os.fork()

[2024-06-12T11:56:04.867+0000] {standard_task_runner.py:63} INFO - Started process 347 to run task
[2024-06-12T11:56:04.867+0000] {standard_task_runner.py:90} INFO - Running: ['***', 'tasks', 'run', 'f1_data_pipeline_taskflow', 'pitStopsDim_transform', 'scheduled__2024-06-11T00:00:00+00:00', '--job-id', '17', '--raw', '--subdir', 'DAGS_FOLDER/etl_dag.py', '--cfg-path', '/tmp/tmpkqn8nxcr']
[2024-06-12T11:56:04.869+0000] {standard_task_runner.py:91} INFO - Job 17: Subtask pitStopsDim_transform
[2024-06-12T11:56:04.906+0000] {task_command.py:426} INFO - Running <TaskInstance: f1_data_pipeline_taskflow.pitStopsDim_transform scheduled__2024-06-11T00:00:00+00:00 [running]> on host e699387b7fc9
[2024-06-12T11:56:05.589+0000] {taskinstance.py:2648} INFO - Exporting env vars: AIRFLOW_CTX_DAG_OWNER='***' AIRFLOW_CTX_DAG_ID='f1_data_pipeline_taskflow' AIRFLOW_CTX_TASK_ID='pitStopsDim_transform' AIRFLOW_CTX_EXECUTION_DATE='2024-06-11T00:00:00+00:00' AIRFLOW_CTX_TRY_NUMBER='1' AIRFLOW_CTX_DAG_RUN_ID='scheduled__2024-06-11T00:00:00+00:00'
[2024-06-12T11:56:05.590+0000] {taskinstance.py:430} INFO - ::endgroup::
[2024-06-12T11:56:05.637+0000] {python.py:237} INFO - Done. Returned value was:         raceId  driverId  stop  lap_pitstops time_pitstops  duration
0          860        18     1            16      17:28:30    23.275
1          860        18     2            36      17:59:44    22.837
116        860         1     1            17      17:30:12    22.862
117        860         1     2            36      17:59:54    23.464
232        861        18     1             4      16:12:01    24.305
...        ...       ...   ...           ...           ...       ...
518061     944       834     1            14      14:22:03    25.492
518062     944       834     2            41      14:59:12    26.706
518195     953       837     1            11      14:22:57    29.117
518196     953       837     2            34      15:00:18    27.380
518197     953       837     3            47      15:21:24    26.292

[8975 rows x 6 columns]
[2024-06-12T11:56:05.646+0000] {taskinstance.py:441} INFO - ::group::Post task execution logs
[2024-06-12T11:56:05.719+0000] {taskinstance.py:1206} INFO - Marking task as SUCCESS. dag_id=f1_data_pipeline_taskflow, task_id=pitStopsDim_transform, run_id=scheduled__2024-06-11T00:00:00+00:00, execution_date=20240611T000000, start_date=20240612T115604, end_date=20240612T115605
[2024-06-12T11:56:05.762+0000] {local_task_job_runner.py:240} INFO - Task exited with return code 0
[2024-06-12T11:56:05.789+0000] {taskinstance.py:3498} INFO - 1 downstream tasks scheduled from follow-on schedule check
[2024-06-12T11:56:05.791+0000] {local_task_job_runner.py:222} INFO - ::endgroup::
[2024-06-12T12:08:28.522+0000] {local_task_job_runner.py:120} INFO - ::group::Pre task execution logs
[2024-06-12T12:08:28.539+0000] {taskinstance.py:2076} INFO - Dependencies all met for dep_context=non-requeueable deps ti=<TaskInstance: f1_data_pipeline_taskflow.pitStopsDim_transform scheduled__2024-06-11T00:00:00+00:00 [queued]>
[2024-06-12T12:08:28.545+0000] {taskinstance.py:2076} INFO - Dependencies all met for dep_context=requeueable deps ti=<TaskInstance: f1_data_pipeline_taskflow.pitStopsDim_transform scheduled__2024-06-11T00:00:00+00:00 [queued]>
[2024-06-12T12:08:28.545+0000] {taskinstance.py:2306} INFO - Starting attempt 1 of 1
[2024-06-12T12:08:28.558+0000] {taskinstance.py:2330} INFO - Executing <Task(_PythonDecoratedOperator): pitStopsDim_transform> on 2024-06-11 00:00:00+00:00
[2024-06-12T12:08:28.564+0000] {warnings.py:110} WARNING - /home/***/.local/lib/python3.12/site-packages/***/task/task_runner/standard_task_runner.py:61: DeprecationWarning: This process (pid=364) is multi-threaded, use of fork() may lead to deadlocks in the child.
  pid = os.fork()

[2024-06-12T12:08:28.565+0000] {standard_task_runner.py:63} INFO - Started process 370 to run task
[2024-06-12T12:08:28.565+0000] {standard_task_runner.py:90} INFO - Running: ['***', 'tasks', 'run', 'f1_data_pipeline_taskflow', 'pitStopsDim_transform', 'scheduled__2024-06-11T00:00:00+00:00', '--job-id', '15', '--raw', '--subdir', 'DAGS_FOLDER/etl_dag.py', '--cfg-path', '/tmp/tmpexp3c97f']
[2024-06-12T12:08:28.567+0000] {standard_task_runner.py:91} INFO - Job 15: Subtask pitStopsDim_transform
[2024-06-12T12:08:28.606+0000] {task_command.py:426} INFO - Running <TaskInstance: f1_data_pipeline_taskflow.pitStopsDim_transform scheduled__2024-06-11T00:00:00+00:00 [running]> on host 7c9178d6b02a
[2024-06-12T12:08:29.228+0000] {taskinstance.py:2648} INFO - Exporting env vars: AIRFLOW_CTX_DAG_OWNER='***' AIRFLOW_CTX_DAG_ID='f1_data_pipeline_taskflow' AIRFLOW_CTX_TASK_ID='pitStopsDim_transform' AIRFLOW_CTX_EXECUTION_DATE='2024-06-11T00:00:00+00:00' AIRFLOW_CTX_TRY_NUMBER='1' AIRFLOW_CTX_DAG_RUN_ID='scheduled__2024-06-11T00:00:00+00:00'
[2024-06-12T12:08:29.229+0000] {taskinstance.py:430} INFO - ::endgroup::
[2024-06-12T12:08:29.275+0000] {python.py:237} INFO - Done. Returned value was:         raceId  driverId  stop  lap_pitstops time_pitstops  duration
0          860        18     1            16      17:28:30    23.275
1          860        18     2            36      17:59:44    22.837
116        860         1     1            17      17:30:12    22.862
117        860         1     2            36      17:59:54    23.464
232        861        18     1             4      16:12:01    24.305
...        ...       ...   ...           ...           ...       ...
518061     944       834     1            14      14:22:03    25.492
518062     944       834     2            41      14:59:12    26.706
518195     953       837     1            11      14:22:57    29.117
518196     953       837     2            34      15:00:18    27.380
518197     953       837     3            47      15:21:24    26.292

[8975 rows x 6 columns]
[2024-06-12T12:08:29.284+0000] {taskinstance.py:441} INFO - ::group::Post task execution logs
[2024-06-12T12:08:29.327+0000] {taskinstance.py:1206} INFO - Marking task as SUCCESS. dag_id=f1_data_pipeline_taskflow, task_id=pitStopsDim_transform, run_id=scheduled__2024-06-11T00:00:00+00:00, execution_date=20240611T000000, start_date=20240612T120828, end_date=20240612T120829
[2024-06-12T12:08:29.381+0000] {local_task_job_runner.py:240} INFO - Task exited with return code 0
[2024-06-12T12:08:29.407+0000] {taskinstance.py:3498} INFO - 1 downstream tasks scheduled from follow-on schedule check
[2024-06-12T12:08:29.409+0000] {local_task_job_runner.py:222} INFO - ::endgroup::
[2024-06-12T12:32:04.818+0000] {local_task_job_runner.py:120} INFO - ::group::Pre task execution logs
[2024-06-12T12:32:04.835+0000] {taskinstance.py:2076} INFO - Dependencies all met for dep_context=non-requeueable deps ti=<TaskInstance: f1_data_pipeline_taskflow.pitStopsDim_transform scheduled__2024-06-11T00:00:00+00:00 [queued]>
[2024-06-12T12:32:04.841+0000] {taskinstance.py:2076} INFO - Dependencies all met for dep_context=requeueable deps ti=<TaskInstance: f1_data_pipeline_taskflow.pitStopsDim_transform scheduled__2024-06-11T00:00:00+00:00 [queued]>
[2024-06-12T12:32:04.841+0000] {taskinstance.py:2306} INFO - Starting attempt 1 of 1
[2024-06-12T12:32:04.850+0000] {taskinstance.py:2330} INFO - Executing <Task(_PythonDecoratedOperator): pitStopsDim_transform> on 2024-06-11 00:00:00+00:00
[2024-06-12T12:32:04.857+0000] {warnings.py:110} WARNING - /home/***/.local/lib/python3.12/site-packages/***/task/task_runner/standard_task_runner.py:61: DeprecationWarning: This process (pid=362) is multi-threaded, use of fork() may lead to deadlocks in the child.
  pid = os.fork()

[2024-06-12T12:32:04.858+0000] {standard_task_runner.py:63} INFO - Started process 402 to run task
[2024-06-12T12:32:04.859+0000] {standard_task_runner.py:90} INFO - Running: ['***', 'tasks', 'run', 'f1_data_pipeline_taskflow', 'pitStopsDim_transform', 'scheduled__2024-06-11T00:00:00+00:00', '--job-id', '16', '--raw', '--subdir', 'DAGS_FOLDER/etl_dag.py', '--cfg-path', '/tmp/tmpa5_zdygr']
[2024-06-12T12:32:04.860+0000] {standard_task_runner.py:91} INFO - Job 16: Subtask pitStopsDim_transform
[2024-06-12T12:32:04.898+0000] {task_command.py:426} INFO - Running <TaskInstance: f1_data_pipeline_taskflow.pitStopsDim_transform scheduled__2024-06-11T00:00:00+00:00 [running]> on host 79a7d5bd11df
[2024-06-12T12:32:05.471+0000] {taskinstance.py:2648} INFO - Exporting env vars: AIRFLOW_CTX_DAG_OWNER='***' AIRFLOW_CTX_DAG_ID='f1_data_pipeline_taskflow' AIRFLOW_CTX_TASK_ID='pitStopsDim_transform' AIRFLOW_CTX_EXECUTION_DATE='2024-06-11T00:00:00+00:00' AIRFLOW_CTX_TRY_NUMBER='1' AIRFLOW_CTX_DAG_RUN_ID='scheduled__2024-06-11T00:00:00+00:00'
[2024-06-12T12:32:05.472+0000] {taskinstance.py:430} INFO - ::endgroup::
[2024-06-12T12:32:05.516+0000] {python.py:237} INFO - Done. Returned value was:         raceId  driverId  stop  lap_pitstops time_pitstops  duration
0          860        18     1            16      17:28:30    23.275
1          860        18     2            36      17:59:44    22.837
116        860         1     1            17      17:30:12    22.862
117        860         1     2            36      17:59:54    23.464
232        861        18     1             4      16:12:01    24.305
...        ...       ...   ...           ...           ...       ...
518061     944       834     1            14      14:22:03    25.492
518062     944       834     2            41      14:59:12    26.706
518195     953       837     1            11      14:22:57    29.117
518196     953       837     2            34      15:00:18    27.380
518197     953       837     3            47      15:21:24    26.292

[8975 rows x 6 columns]
[2024-06-12T12:32:05.524+0000] {taskinstance.py:441} INFO - ::group::Post task execution logs
[2024-06-12T12:32:05.564+0000] {taskinstance.py:1206} INFO - Marking task as SUCCESS. dag_id=f1_data_pipeline_taskflow, task_id=pitStopsDim_transform, run_id=scheduled__2024-06-11T00:00:00+00:00, execution_date=20240611T000000, start_date=20240612T123204, end_date=20240612T123205
[2024-06-12T12:32:05.594+0000] {local_task_job_runner.py:240} INFO - Task exited with return code 0
[2024-06-12T12:32:05.601+0000] {local_task_job_runner.py:222} INFO - ::endgroup::
[2024-06-12T12:56:54.019+0000] {local_task_job_runner.py:120} INFO - ::group::Pre task execution logs
[2024-06-12T12:56:54.035+0000] {taskinstance.py:2076} INFO - Dependencies all met for dep_context=non-requeueable deps ti=<TaskInstance: f1_data_pipeline_taskflow.pitStopsDim_transform scheduled__2024-06-11T00:00:00+00:00 [queued]>
[2024-06-12T12:56:54.042+0000] {taskinstance.py:2076} INFO - Dependencies all met for dep_context=requeueable deps ti=<TaskInstance: f1_data_pipeline_taskflow.pitStopsDim_transform scheduled__2024-06-11T00:00:00+00:00 [queued]>
[2024-06-12T12:56:54.043+0000] {taskinstance.py:2306} INFO - Starting attempt 1 of 1
[2024-06-12T12:56:54.051+0000] {taskinstance.py:2330} INFO - Executing <Task(_PythonDecoratedOperator): pitStopsDim_transform> on 2024-06-11 00:00:00+00:00
[2024-06-12T12:56:54.058+0000] {warnings.py:110} WARNING - /home/***/.local/lib/python3.12/site-packages/***/task/task_runner/standard_task_runner.py:61: DeprecationWarning: This process (pid=347) is multi-threaded, use of fork() may lead to deadlocks in the child.
  pid = os.fork()

[2024-06-12T12:56:54.059+0000] {standard_task_runner.py:63} INFO - Started process 389 to run task
[2024-06-12T12:56:54.059+0000] {standard_task_runner.py:90} INFO - Running: ['***', 'tasks', 'run', 'f1_data_pipeline_taskflow', 'pitStopsDim_transform', 'scheduled__2024-06-11T00:00:00+00:00', '--job-id', '16', '--raw', '--subdir', 'DAGS_FOLDER/etl_dag.py', '--cfg-path', '/tmp/tmpfndmfckl']
[2024-06-12T12:56:54.061+0000] {standard_task_runner.py:91} INFO - Job 16: Subtask pitStopsDim_transform
[2024-06-12T12:56:54.099+0000] {task_command.py:426} INFO - Running <TaskInstance: f1_data_pipeline_taskflow.pitStopsDim_transform scheduled__2024-06-11T00:00:00+00:00 [running]> on host ce972f89b6ce
[2024-06-12T12:56:54.729+0000] {taskinstance.py:2648} INFO - Exporting env vars: AIRFLOW_CTX_DAG_OWNER='***' AIRFLOW_CTX_DAG_ID='f1_data_pipeline_taskflow' AIRFLOW_CTX_TASK_ID='pitStopsDim_transform' AIRFLOW_CTX_EXECUTION_DATE='2024-06-11T00:00:00+00:00' AIRFLOW_CTX_TRY_NUMBER='1' AIRFLOW_CTX_DAG_RUN_ID='scheduled__2024-06-11T00:00:00+00:00'
[2024-06-12T12:56:54.730+0000] {taskinstance.py:430} INFO - ::endgroup::
[2024-06-12T12:56:54.776+0000] {python.py:237} INFO - Done. Returned value was:         raceId  driverId  stop  lap_pitstops time_pitstops  duration
0          860        18     1            16      17:28:30    23.275
1          860        18     2            36      17:59:44    22.837
116        860         1     1            17      17:30:12    22.862
117        860         1     2            36      17:59:54    23.464
232        861        18     1             4      16:12:01    24.305
...        ...       ...   ...           ...           ...       ...
518061     944       834     1            14      14:22:03    25.492
518062     944       834     2            41      14:59:12    26.706
518195     953       837     1            11      14:22:57    29.117
518196     953       837     2            34      15:00:18    27.380
518197     953       837     3            47      15:21:24    26.292

[8975 rows x 6 columns]
[2024-06-12T12:56:54.784+0000] {taskinstance.py:441} INFO - ::group::Post task execution logs
[2024-06-12T12:56:54.825+0000] {taskinstance.py:1206} INFO - Marking task as SUCCESS. dag_id=f1_data_pipeline_taskflow, task_id=pitStopsDim_transform, run_id=scheduled__2024-06-11T00:00:00+00:00, execution_date=20240611T000000, start_date=20240612T125654, end_date=20240612T125654
[2024-06-12T12:56:54.874+0000] {local_task_job_runner.py:240} INFO - Task exited with return code 0
[2024-06-12T12:56:54.904+0000] {taskinstance.py:3498} INFO - 1 downstream tasks scheduled from follow-on schedule check
[2024-06-12T12:56:54.905+0000] {local_task_job_runner.py:222} INFO - ::endgroup::
[2024-06-12T13:11:19.524+0000] {local_task_job_runner.py:120} INFO - ::group::Pre task execution logs
[2024-06-12T13:11:19.545+0000] {taskinstance.py:2076} INFO - Dependencies all met for dep_context=non-requeueable deps ti=<TaskInstance: f1_data_pipeline_taskflow.pitStopsDim_transform scheduled__2024-06-11T00:00:00+00:00 [queued]>
[2024-06-12T13:11:19.551+0000] {taskinstance.py:2076} INFO - Dependencies all met for dep_context=requeueable deps ti=<TaskInstance: f1_data_pipeline_taskflow.pitStopsDim_transform scheduled__2024-06-11T00:00:00+00:00 [queued]>
[2024-06-12T13:11:19.551+0000] {taskinstance.py:2306} INFO - Starting attempt 1 of 1
[2024-06-12T13:11:19.565+0000] {taskinstance.py:2330} INFO - Executing <Task(_PythonDecoratedOperator): pitStopsDim_transform> on 2024-06-11 00:00:00+00:00
[2024-06-12T13:11:19.572+0000] {warnings.py:110} WARNING - /home/***/.local/lib/python3.12/site-packages/***/task/task_runner/standard_task_runner.py:61: DeprecationWarning: This process (pid=323) is multi-threaded, use of fork() may lead to deadlocks in the child.
  pid = os.fork()

[2024-06-12T13:11:19.573+0000] {standard_task_runner.py:63} INFO - Started process 332 to run task
[2024-06-12T13:11:19.574+0000] {standard_task_runner.py:90} INFO - Running: ['***', 'tasks', 'run', 'f1_data_pipeline_taskflow', 'pitStopsDim_transform', 'scheduled__2024-06-11T00:00:00+00:00', '--job-id', '16', '--raw', '--subdir', 'DAGS_FOLDER/etl_dag.py', '--cfg-path', '/tmp/tmprajxuyg5']
[2024-06-12T13:11:19.575+0000] {standard_task_runner.py:91} INFO - Job 16: Subtask pitStopsDim_transform
[2024-06-12T13:11:19.614+0000] {task_command.py:426} INFO - Running <TaskInstance: f1_data_pipeline_taskflow.pitStopsDim_transform scheduled__2024-06-11T00:00:00+00:00 [running]> on host 75496fb8ac8a
[2024-06-12T13:11:20.216+0000] {taskinstance.py:2648} INFO - Exporting env vars: AIRFLOW_CTX_DAG_OWNER='***' AIRFLOW_CTX_DAG_ID='f1_data_pipeline_taskflow' AIRFLOW_CTX_TASK_ID='pitStopsDim_transform' AIRFLOW_CTX_EXECUTION_DATE='2024-06-11T00:00:00+00:00' AIRFLOW_CTX_TRY_NUMBER='1' AIRFLOW_CTX_DAG_RUN_ID='scheduled__2024-06-11T00:00:00+00:00'
[2024-06-12T13:11:20.217+0000] {taskinstance.py:430} INFO - ::endgroup::
[2024-06-12T13:11:20.263+0000] {python.py:237} INFO - Done. Returned value was:         raceId  driverId  stop  lap_pitstops time_pitstops  duration
0          860        18     1            16      17:28:30    23.275
1          860        18     2            36      17:59:44    22.837
116        860         1     1            17      17:30:12    22.862
117        860         1     2            36      17:59:54    23.464
232        861        18     1             4      16:12:01    24.305
...        ...       ...   ...           ...           ...       ...
518061     944       834     1            14      14:22:03    25.492
518062     944       834     2            41      14:59:12    26.706
518195     953       837     1            11      14:22:57    29.117
518196     953       837     2            34      15:00:18    27.380
518197     953       837     3            47      15:21:24    26.292

[8975 rows x 6 columns]
[2024-06-12T13:11:20.273+0000] {taskinstance.py:441} INFO - ::group::Post task execution logs
[2024-06-12T13:11:20.313+0000] {taskinstance.py:1206} INFO - Marking task as SUCCESS. dag_id=f1_data_pipeline_taskflow, task_id=pitStopsDim_transform, run_id=scheduled__2024-06-11T00:00:00+00:00, execution_date=20240611T000000, start_date=20240612T131119, end_date=20240612T131120
[2024-06-12T13:11:20.348+0000] {local_task_job_runner.py:240} INFO - Task exited with return code 0
[2024-06-12T13:11:20.370+0000] {taskinstance.py:3498} INFO - 1 downstream tasks scheduled from follow-on schedule check
[2024-06-12T13:11:20.372+0000] {local_task_job_runner.py:222} INFO - ::endgroup::
[2024-06-12T13:24:16.792+0000] {local_task_job_runner.py:120} INFO - ::group::Pre task execution logs
[2024-06-12T13:24:16.808+0000] {taskinstance.py:2076} INFO - Dependencies all met for dep_context=non-requeueable deps ti=<TaskInstance: f1_data_pipeline_taskflow.pitStopsDim_transform scheduled__2024-06-11T00:00:00+00:00 [queued]>
[2024-06-12T13:24:16.815+0000] {taskinstance.py:2076} INFO - Dependencies all met for dep_context=requeueable deps ti=<TaskInstance: f1_data_pipeline_taskflow.pitStopsDim_transform scheduled__2024-06-11T00:00:00+00:00 [queued]>
[2024-06-12T13:24:16.815+0000] {taskinstance.py:2306} INFO - Starting attempt 1 of 1
[2024-06-12T13:24:16.823+0000] {taskinstance.py:2330} INFO - Executing <Task(_PythonDecoratedOperator): pitStopsDim_transform> on 2024-06-11 00:00:00+00:00
[2024-06-12T13:24:16.829+0000] {warnings.py:110} WARNING - /home/***/.local/lib/python3.12/site-packages/***/task/task_runner/standard_task_runner.py:61: DeprecationWarning: This process (pid=327) is multi-threaded, use of fork() may lead to deadlocks in the child.
  pid = os.fork()

[2024-06-12T13:24:16.830+0000] {standard_task_runner.py:63} INFO - Started process 369 to run task
[2024-06-12T13:24:16.831+0000] {standard_task_runner.py:90} INFO - Running: ['***', 'tasks', 'run', 'f1_data_pipeline_taskflow', 'pitStopsDim_transform', 'scheduled__2024-06-11T00:00:00+00:00', '--job-id', '18', '--raw', '--subdir', 'DAGS_FOLDER/etl_dag.py', '--cfg-path', '/tmp/tmpwe23xefk']
[2024-06-12T13:24:16.832+0000] {standard_task_runner.py:91} INFO - Job 18: Subtask pitStopsDim_transform
[2024-06-12T13:24:16.874+0000] {task_command.py:426} INFO - Running <TaskInstance: f1_data_pipeline_taskflow.pitStopsDim_transform scheduled__2024-06-11T00:00:00+00:00 [running]> on host 7ad193764747
[2024-06-12T13:24:17.449+0000] {taskinstance.py:2648} INFO - Exporting env vars: AIRFLOW_CTX_DAG_OWNER='***' AIRFLOW_CTX_DAG_ID='f1_data_pipeline_taskflow' AIRFLOW_CTX_TASK_ID='pitStopsDim_transform' AIRFLOW_CTX_EXECUTION_DATE='2024-06-11T00:00:00+00:00' AIRFLOW_CTX_TRY_NUMBER='1' AIRFLOW_CTX_DAG_RUN_ID='scheduled__2024-06-11T00:00:00+00:00'
[2024-06-12T13:24:17.450+0000] {taskinstance.py:430} INFO - ::endgroup::
[2024-06-12T13:24:17.494+0000] {python.py:237} INFO - Done. Returned value was:         raceId  driverId  stop  lap_pitstops time_pitstops  duration
0          860        18     1            16      17:28:30    23.275
1          860        18     2            36      17:59:44    22.837
116        860         1     1            17      17:30:12    22.862
117        860         1     2            36      17:59:54    23.464
232        861        18     1             4      16:12:01    24.305
...        ...       ...   ...           ...           ...       ...
518061     944       834     1            14      14:22:03    25.492
518062     944       834     2            41      14:59:12    26.706
518195     953       837     1            11      14:22:57    29.117
518196     953       837     2            34      15:00:18    27.380
518197     953       837     3            47      15:21:24    26.292

[8975 rows x 6 columns]
[2024-06-12T13:24:17.503+0000] {taskinstance.py:441} INFO - ::group::Post task execution logs
[2024-06-12T13:24:17.544+0000] {taskinstance.py:1206} INFO - Marking task as SUCCESS. dag_id=f1_data_pipeline_taskflow, task_id=pitStopsDim_transform, run_id=scheduled__2024-06-11T00:00:00+00:00, execution_date=20240611T000000, start_date=20240612T132416, end_date=20240612T132417
[2024-06-12T13:24:17.570+0000] {local_task_job_runner.py:240} INFO - Task exited with return code 0
[2024-06-12T13:24:17.600+0000] {taskinstance.py:3498} INFO - 1 downstream tasks scheduled from follow-on schedule check
[2024-06-12T13:24:17.602+0000] {local_task_job_runner.py:222} INFO - ::endgroup::
[2024-06-12T13:31:24.008+0000] {local_task_job_runner.py:120} INFO - ::group::Pre task execution logs
[2024-06-12T13:31:24.029+0000] {taskinstance.py:2076} INFO - Dependencies all met for dep_context=non-requeueable deps ti=<TaskInstance: f1_data_pipeline_taskflow.pitStopsDim_transform scheduled__2024-06-11T00:00:00+00:00 [queued]>
[2024-06-12T13:31:24.036+0000] {taskinstance.py:2076} INFO - Dependencies all met for dep_context=requeueable deps ti=<TaskInstance: f1_data_pipeline_taskflow.pitStopsDim_transform scheduled__2024-06-11T00:00:00+00:00 [queued]>
[2024-06-12T13:31:24.036+0000] {taskinstance.py:2306} INFO - Starting attempt 1 of 1
[2024-06-12T13:31:24.045+0000] {taskinstance.py:2330} INFO - Executing <Task(_PythonDecoratedOperator): pitStopsDim_transform> on 2024-06-11 00:00:00+00:00
[2024-06-12T13:31:24.053+0000] {warnings.py:110} WARNING - /home/***/.local/lib/python3.12/site-packages/***/task/task_runner/standard_task_runner.py:61: DeprecationWarning: This process (pid=309) is multi-threaded, use of fork() may lead to deadlocks in the child.
  pid = os.fork()

[2024-06-12T13:31:24.054+0000] {standard_task_runner.py:63} INFO - Started process 324 to run task
[2024-06-12T13:31:24.054+0000] {standard_task_runner.py:90} INFO - Running: ['***', 'tasks', 'run', 'f1_data_pipeline_taskflow', 'pitStopsDim_transform', 'scheduled__2024-06-11T00:00:00+00:00', '--job-id', '15', '--raw', '--subdir', 'DAGS_FOLDER/etl_dag.py', '--cfg-path', '/tmp/tmpcvmgy69m']
[2024-06-12T13:31:24.055+0000] {standard_task_runner.py:91} INFO - Job 15: Subtask pitStopsDim_transform
[2024-06-12T13:31:24.094+0000] {task_command.py:426} INFO - Running <TaskInstance: f1_data_pipeline_taskflow.pitStopsDim_transform scheduled__2024-06-11T00:00:00+00:00 [running]> on host c05e5b3efdbc
[2024-06-12T13:31:24.728+0000] {taskinstance.py:2648} INFO - Exporting env vars: AIRFLOW_CTX_DAG_OWNER='***' AIRFLOW_CTX_DAG_ID='f1_data_pipeline_taskflow' AIRFLOW_CTX_TASK_ID='pitStopsDim_transform' AIRFLOW_CTX_EXECUTION_DATE='2024-06-11T00:00:00+00:00' AIRFLOW_CTX_TRY_NUMBER='1' AIRFLOW_CTX_DAG_RUN_ID='scheduled__2024-06-11T00:00:00+00:00'
[2024-06-12T13:31:24.729+0000] {taskinstance.py:430} INFO - ::endgroup::
[2024-06-12T13:31:24.779+0000] {python.py:237} INFO - Done. Returned value was:         raceId  driverId  stop  lap_pitstops time_pitstops  duration
0          860        18     1            16      17:28:30    23.275
1          860        18     2            36      17:59:44    22.837
116        860         1     1            17      17:30:12    22.862
117        860         1     2            36      17:59:54    23.464
232        861        18     1             4      16:12:01    24.305
...        ...       ...   ...           ...           ...       ...
518061     944       834     1            14      14:22:03    25.492
518062     944       834     2            41      14:59:12    26.706
518195     953       837     1            11      14:22:57    29.117
518196     953       837     2            34      15:00:18    27.380
518197     953       837     3            47      15:21:24    26.292

[8975 rows x 6 columns]
[2024-06-12T13:31:24.789+0000] {taskinstance.py:441} INFO - ::group::Post task execution logs
[2024-06-12T13:31:24.831+0000] {taskinstance.py:1206} INFO - Marking task as SUCCESS. dag_id=f1_data_pipeline_taskflow, task_id=pitStopsDim_transform, run_id=scheduled__2024-06-11T00:00:00+00:00, execution_date=20240611T000000, start_date=20240612T133124, end_date=20240612T133124
[2024-06-12T13:31:24.870+0000] {local_task_job_runner.py:240} INFO - Task exited with return code 0
[2024-06-12T13:31:24.891+0000] {taskinstance.py:3498} INFO - 1 downstream tasks scheduled from follow-on schedule check
[2024-06-12T13:31:24.892+0000] {local_task_job_runner.py:222} INFO - ::endgroup::
