[2024-06-13T08:00:16.642+0000] {local_task_job_runner.py:120} INFO - ::group::Pre task execution logs
[2024-06-13T08:00:16.662+0000] {taskinstance.py:2076} INFO - Dependencies all met for dep_context=non-requeueable deps ti=<TaskInstance: f1_data_pipeline_taskflow.constructorStandingsDim_transform scheduled__2024-06-12T00:00:00+00:00 [queued]>
[2024-06-13T08:00:16.670+0000] {taskinstance.py:2076} INFO - Dependencies all met for dep_context=requeueable deps ti=<TaskInstance: f1_data_pipeline_taskflow.constructorStandingsDim_transform scheduled__2024-06-12T00:00:00+00:00 [queued]>
[2024-06-13T08:00:16.670+0000] {taskinstance.py:2306} INFO - Starting attempt 1 of 1
[2024-06-13T08:00:16.686+0000] {taskinstance.py:2330} INFO - Executing <Task(_PythonDecoratedOperator): constructorStandingsDim_transform> on 2024-06-12 00:00:00+00:00
[2024-06-13T08:00:16.693+0000] {warnings.py:110} WARNING - /home/***/.local/lib/python3.12/site-packages/***/task/task_runner/standard_task_runner.py:61: DeprecationWarning: This process (pid=261) is multi-threaded, use of fork() may lead to deadlocks in the child.
  pid = os.fork()

[2024-06-13T08:00:16.694+0000] {standard_task_runner.py:63} INFO - Started process 279 to run task
[2024-06-13T08:00:16.695+0000] {standard_task_runner.py:90} INFO - Running: ['***', 'tasks', 'run', 'f1_data_pipeline_taskflow', 'constructorStandingsDim_transform', 'scheduled__2024-06-12T00:00:00+00:00', '--job-id', '10', '--raw', '--subdir', 'DAGS_FOLDER/etl_dag.py', '--cfg-path', '/tmp/tmp6rb2kz5a']
[2024-06-13T08:00:16.696+0000] {standard_task_runner.py:91} INFO - Job 10: Subtask constructorStandingsDim_transform
[2024-06-13T08:00:16.739+0000] {task_command.py:426} INFO - Running <TaskInstance: f1_data_pipeline_taskflow.constructorStandingsDim_transform scheduled__2024-06-12T00:00:00+00:00 [running]> on host 2af4b76eb3c8
[2024-06-13T08:00:19.093+0000] {taskinstance.py:2648} INFO - Exporting env vars: AIRFLOW_CTX_DAG_OWNER='***' AIRFLOW_CTX_DAG_ID='f1_data_pipeline_taskflow' AIRFLOW_CTX_TASK_ID='constructorStandingsDim_transform' AIRFLOW_CTX_EXECUTION_DATE='2024-06-12T00:00:00+00:00' AIRFLOW_CTX_TRY_NUMBER='1' AIRFLOW_CTX_DAG_RUN_ID='scheduled__2024-06-12T00:00:00+00:00'
[2024-06-13T08:00:19.095+0000] {taskinstance.py:430} INFO - ::endgroup::
[2024-06-13T08:00:19.130+0000] {python.py:237} INFO - Done. Returned value was:         constructorStandingsId  ...  points_constructorstandings
0                        24932  ...                         40.0
232                      24777  ...                         55.0
680                      24789  ...                         88.0
1016                     24824  ...                         92.0
1187                     24836  ...                         98.0
...                        ...  ...                          ...
513282                   27880  ...                        104.0
513429                   26005  ...                          8.0
514821                   26556  ...                          1.0
515041                   25940  ...                          0.0
517927                   26414  ...                          0.0

[2398 rows x 5 columns]
[2024-06-13T08:00:19.144+0000] {taskinstance.py:441} INFO - ::group::Post task execution logs
[2024-06-13T08:00:19.226+0000] {taskinstance.py:1206} INFO - Marking task as SUCCESS. dag_id=f1_data_pipeline_taskflow, task_id=constructorStandingsDim_transform, run_id=scheduled__2024-06-12T00:00:00+00:00, execution_date=20240612T000000, start_date=20240613T080016, end_date=20240613T080019
[2024-06-13T08:00:19.303+0000] {local_task_job_runner.py:240} INFO - Task exited with return code 0
[2024-06-13T08:00:19.332+0000] {taskinstance.py:3498} INFO - 0 downstream tasks scheduled from follow-on schedule check
[2024-06-13T08:00:19.334+0000] {local_task_job_runner.py:222} INFO - ::endgroup::
[2024-06-13T08:44:43.770+0000] {local_task_job_runner.py:120} INFO - ::group::Pre task execution logs
[2024-06-13T08:44:43.795+0000] {taskinstance.py:2076} INFO - Dependencies all met for dep_context=non-requeueable deps ti=<TaskInstance: f1_data_pipeline_taskflow.constructorStandingsDim_transform scheduled__2024-06-12T00:00:00+00:00 [queued]>
[2024-06-13T08:44:43.804+0000] {taskinstance.py:2076} INFO - Dependencies all met for dep_context=requeueable deps ti=<TaskInstance: f1_data_pipeline_taskflow.constructorStandingsDim_transform scheduled__2024-06-12T00:00:00+00:00 [queued]>
[2024-06-13T08:44:43.804+0000] {taskinstance.py:2306} INFO - Starting attempt 1 of 1
[2024-06-13T08:44:43.819+0000] {taskinstance.py:2330} INFO - Executing <Task(_PythonDecoratedOperator): constructorStandingsDim_transform> on 2024-06-12 00:00:00+00:00
[2024-06-13T08:44:43.826+0000] {warnings.py:110} WARNING - /home/***/.local/lib/python3.12/site-packages/***/task/task_runner/standard_task_runner.py:61: DeprecationWarning: This process (pid=141) is multi-threaded, use of fork() may lead to deadlocks in the child.
  pid = os.fork()

[2024-06-13T08:44:43.830+0000] {standard_task_runner.py:63} INFO - Started process 163 to run task
[2024-06-13T08:44:43.830+0000] {standard_task_runner.py:90} INFO - Running: ['***', 'tasks', 'run', 'f1_data_pipeline_taskflow', 'constructorStandingsDim_transform', 'scheduled__2024-06-12T00:00:00+00:00', '--job-id', '19', '--raw', '--subdir', 'DAGS_FOLDER/etl_dag.py', '--cfg-path', '/tmp/tmpne7sf63d']
[2024-06-13T08:44:43.834+0000] {standard_task_runner.py:91} INFO - Job 19: Subtask constructorStandingsDim_transform
[2024-06-13T08:44:43.881+0000] {task_command.py:426} INFO - Running <TaskInstance: f1_data_pipeline_taskflow.constructorStandingsDim_transform scheduled__2024-06-12T00:00:00+00:00 [running]> on host c97498906c69
[2024-06-13T08:44:46.590+0000] {taskinstance.py:2648} INFO - Exporting env vars: AIRFLOW_CTX_DAG_OWNER='***' AIRFLOW_CTX_DAG_ID='f1_data_pipeline_taskflow' AIRFLOW_CTX_TASK_ID='constructorStandingsDim_transform' AIRFLOW_CTX_EXECUTION_DATE='2024-06-12T00:00:00+00:00' AIRFLOW_CTX_TRY_NUMBER='1' AIRFLOW_CTX_DAG_RUN_ID='scheduled__2024-06-12T00:00:00+00:00'
[2024-06-13T08:44:46.605+0000] {taskinstance.py:430} INFO - ::endgroup::
[2024-06-13T08:44:46.658+0000] {python.py:237} INFO - Done. Returned value was:         constructorStandingsId  ...  points_constructorstandings
0                        24932  ...                         40.0
232                      24777  ...                         55.0
680                      24789  ...                         88.0
1016                     24824  ...                         92.0
1187                     24836  ...                         98.0
...                        ...  ...                          ...
513282                   27880  ...                        104.0
513429                   26005  ...                          8.0
514821                   26556  ...                          1.0
515041                   25940  ...                          0.0
517927                   26414  ...                          0.0

[2398 rows x 5 columns]
[2024-06-13T08:44:46.670+0000] {taskinstance.py:441} INFO - ::group::Post task execution logs
[2024-06-13T08:44:46.739+0000] {taskinstance.py:1206} INFO - Marking task as SUCCESS. dag_id=f1_data_pipeline_taskflow, task_id=constructorStandingsDim_transform, run_id=scheduled__2024-06-12T00:00:00+00:00, execution_date=20240612T000000, start_date=20240613T084443, end_date=20240613T084446
[2024-06-13T08:44:46.870+0000] {local_task_job_runner.py:240} INFO - Task exited with return code 0
[2024-06-13T08:44:47.037+0000] {local_task_job_runner.py:222} INFO - ::endgroup::
[2024-06-13T09:20:22.822+0000] {local_task_job_runner.py:120} INFO - ::group::Pre task execution logs
[2024-06-13T09:20:22.842+0000] {taskinstance.py:2076} INFO - Dependencies all met for dep_context=non-requeueable deps ti=<TaskInstance: f1_data_pipeline_taskflow.constructorStandingsDim_transform scheduled__2024-06-12T00:00:00+00:00 [queued]>
[2024-06-13T09:20:22.851+0000] {taskinstance.py:2076} INFO - Dependencies all met for dep_context=requeueable deps ti=<TaskInstance: f1_data_pipeline_taskflow.constructorStandingsDim_transform scheduled__2024-06-12T00:00:00+00:00 [queued]>
[2024-06-13T09:20:22.852+0000] {taskinstance.py:2306} INFO - Starting attempt 1 of 1
[2024-06-13T09:20:22.875+0000] {taskinstance.py:2330} INFO - Executing <Task(_PythonDecoratedOperator): constructorStandingsDim_transform> on 2024-06-12 00:00:00+00:00
[2024-06-13T09:20:22.881+0000] {warnings.py:110} WARNING - /home/***/.local/lib/python3.12/site-packages/***/task/task_runner/standard_task_runner.py:61: DeprecationWarning: This process (pid=99) is multi-threaded, use of fork() may lead to deadlocks in the child.
  pid = os.fork()

[2024-06-13T09:20:22.882+0000] {standard_task_runner.py:63} INFO - Started process 113 to run task
[2024-06-13T09:20:22.883+0000] {standard_task_runner.py:90} INFO - Running: ['***', 'tasks', 'run', 'f1_data_pipeline_taskflow', 'constructorStandingsDim_transform', 'scheduled__2024-06-12T00:00:00+00:00', '--job-id', '6', '--raw', '--subdir', 'DAGS_FOLDER/etl_dag.py', '--cfg-path', '/tmp/tmppdzo099g']
[2024-06-13T09:20:22.886+0000] {standard_task_runner.py:91} INFO - Job 6: Subtask constructorStandingsDim_transform
[2024-06-13T09:20:22.932+0000] {task_command.py:426} INFO - Running <TaskInstance: f1_data_pipeline_taskflow.constructorStandingsDim_transform scheduled__2024-06-12T00:00:00+00:00 [running]> on host a1ac73387874
[2024-06-13T09:20:25.225+0000] {taskinstance.py:2648} INFO - Exporting env vars: AIRFLOW_CTX_DAG_OWNER='***' AIRFLOW_CTX_DAG_ID='f1_data_pipeline_taskflow' AIRFLOW_CTX_TASK_ID='constructorStandingsDim_transform' AIRFLOW_CTX_EXECUTION_DATE='2024-06-12T00:00:00+00:00' AIRFLOW_CTX_TRY_NUMBER='1' AIRFLOW_CTX_DAG_RUN_ID='scheduled__2024-06-12T00:00:00+00:00'
[2024-06-13T09:20:25.226+0000] {taskinstance.py:430} INFO - ::endgroup::
[2024-06-13T09:20:25.271+0000] {python.py:237} INFO - Done. Returned value was:         constructorStandingsId  ...  points_constructorstandings
0                        24932  ...                         40.0
232                      24777  ...                         55.0
680                      24789  ...                         88.0
1016                     24824  ...                         92.0
1187                     24836  ...                         98.0
...                        ...  ...                          ...
513282                   27880  ...                        104.0
513429                   26005  ...                          8.0
514821                   26556  ...                          1.0
515041                   25940  ...                          0.0
517927                   26414  ...                          0.0

[2398 rows x 5 columns]
[2024-06-13T09:20:25.281+0000] {taskinstance.py:441} INFO - ::group::Post task execution logs
[2024-06-13T09:20:25.352+0000] {taskinstance.py:1206} INFO - Marking task as SUCCESS. dag_id=f1_data_pipeline_taskflow, task_id=constructorStandingsDim_transform, run_id=scheduled__2024-06-12T00:00:00+00:00, execution_date=20240612T000000, start_date=20240613T092022, end_date=20240613T092025
[2024-06-13T09:20:25.425+0000] {local_task_job_runner.py:240} INFO - Task exited with return code 0
[2024-06-13T09:20:25.447+0000] {taskinstance.py:3498} INFO - 0 downstream tasks scheduled from follow-on schedule check
[2024-06-13T09:20:25.450+0000] {local_task_job_runner.py:222} INFO - ::endgroup::
[2024-06-13T09:42:14.699+0000] {local_task_job_runner.py:120} INFO - ::group::Pre task execution logs
[2024-06-13T09:42:14.719+0000] {taskinstance.py:2076} INFO - Dependencies all met for dep_context=non-requeueable deps ti=<TaskInstance: f1_data_pipeline_taskflow.constructorStandingsDim_transform scheduled__2024-06-12T00:00:00+00:00 [queued]>
[2024-06-13T09:42:14.729+0000] {taskinstance.py:2076} INFO - Dependencies all met for dep_context=requeueable deps ti=<TaskInstance: f1_data_pipeline_taskflow.constructorStandingsDim_transform scheduled__2024-06-12T00:00:00+00:00 [queued]>
[2024-06-13T09:42:14.729+0000] {taskinstance.py:2306} INFO - Starting attempt 1 of 1
[2024-06-13T09:42:14.739+0000] {taskinstance.py:2330} INFO - Executing <Task(_PythonDecoratedOperator): constructorStandingsDim_transform> on 2024-06-12 00:00:00+00:00
[2024-06-13T09:42:14.746+0000] {warnings.py:110} WARNING - /home/***/.local/lib/python3.12/site-packages/***/task/task_runner/standard_task_runner.py:61: DeprecationWarning: This process (pid=114) is multi-threaded, use of fork() may lead to deadlocks in the child.
  pid = os.fork()

[2024-06-13T09:42:14.747+0000] {standard_task_runner.py:63} INFO - Started process 133 to run task
[2024-06-13T09:42:14.747+0000] {standard_task_runner.py:90} INFO - Running: ['***', 'tasks', 'run', 'f1_data_pipeline_taskflow', 'constructorStandingsDim_transform', 'scheduled__2024-06-12T00:00:00+00:00', '--job-id', '12', '--raw', '--subdir', 'DAGS_FOLDER/etl_dag.py', '--cfg-path', '/tmp/tmpuudzq67n']
[2024-06-13T09:42:14.749+0000] {standard_task_runner.py:91} INFO - Job 12: Subtask constructorStandingsDim_transform
[2024-06-13T09:42:14.796+0000] {task_command.py:426} INFO - Running <TaskInstance: f1_data_pipeline_taskflow.constructorStandingsDim_transform scheduled__2024-06-12T00:00:00+00:00 [running]> on host 765a3094118c
[2024-06-13T09:42:17.148+0000] {taskinstance.py:2648} INFO - Exporting env vars: AIRFLOW_CTX_DAG_OWNER='***' AIRFLOW_CTX_DAG_ID='f1_data_pipeline_taskflow' AIRFLOW_CTX_TASK_ID='constructorStandingsDim_transform' AIRFLOW_CTX_EXECUTION_DATE='2024-06-12T00:00:00+00:00' AIRFLOW_CTX_TRY_NUMBER='1' AIRFLOW_CTX_DAG_RUN_ID='scheduled__2024-06-12T00:00:00+00:00'
[2024-06-13T09:42:17.150+0000] {taskinstance.py:430} INFO - ::endgroup::
[2024-06-13T09:42:17.180+0000] {python.py:237} INFO - Done. Returned value was:         constructorStandingsId  ...  points_constructorstandings
0                        24932  ...                         40.0
232                      24777  ...                         55.0
680                      24789  ...                         88.0
1016                     24824  ...                         92.0
1187                     24836  ...                         98.0
...                        ...  ...                          ...
513282                   27880  ...                        104.0
513429                   26005  ...                          8.0
514821                   26556  ...                          1.0
515041                   25940  ...                          0.0
517927                   26414  ...                          0.0

[2398 rows x 5 columns]
[2024-06-13T09:42:17.189+0000] {taskinstance.py:441} INFO - ::group::Post task execution logs
[2024-06-13T09:42:17.220+0000] {taskinstance.py:1206} INFO - Marking task as SUCCESS. dag_id=f1_data_pipeline_taskflow, task_id=constructorStandingsDim_transform, run_id=scheduled__2024-06-12T00:00:00+00:00, execution_date=20240612T000000, start_date=20240613T094214, end_date=20240613T094217
[2024-06-13T09:42:17.293+0000] {local_task_job_runner.py:240} INFO - Task exited with return code 0
[2024-06-13T09:42:17.328+0000] {local_task_job_runner.py:222} INFO - ::endgroup::
[2024-06-13T09:55:49.363+0000] {local_task_job_runner.py:120} INFO - ::group::Pre task execution logs
[2024-06-13T09:55:49.386+0000] {taskinstance.py:2076} INFO - Dependencies all met for dep_context=non-requeueable deps ti=<TaskInstance: f1_data_pipeline_taskflow.constructorStandingsDim_transform scheduled__2024-06-12T00:00:00+00:00 [queued]>
[2024-06-13T09:55:49.395+0000] {taskinstance.py:2076} INFO - Dependencies all met for dep_context=requeueable deps ti=<TaskInstance: f1_data_pipeline_taskflow.constructorStandingsDim_transform scheduled__2024-06-12T00:00:00+00:00 [queued]>
[2024-06-13T09:55:49.395+0000] {taskinstance.py:2306} INFO - Starting attempt 1 of 1
[2024-06-13T09:55:49.406+0000] {taskinstance.py:2330} INFO - Executing <Task(_PythonDecoratedOperator): constructorStandingsDim_transform> on 2024-06-12 00:00:00+00:00
[2024-06-13T09:55:49.412+0000] {warnings.py:110} WARNING - /home/***/.local/lib/python3.12/site-packages/***/task/task_runner/standard_task_runner.py:61: DeprecationWarning: This process (pid=102) is multi-threaded, use of fork() may lead to deadlocks in the child.
  pid = os.fork()

[2024-06-13T09:55:49.413+0000] {standard_task_runner.py:63} INFO - Started process 116 to run task
[2024-06-13T09:55:49.414+0000] {standard_task_runner.py:90} INFO - Running: ['***', 'tasks', 'run', 'f1_data_pipeline_taskflow', 'constructorStandingsDim_transform', 'scheduled__2024-06-12T00:00:00+00:00', '--job-id', '10', '--raw', '--subdir', 'DAGS_FOLDER/etl_dag.py', '--cfg-path', '/tmp/tmpig1uqkqa']
[2024-06-13T09:55:49.417+0000] {standard_task_runner.py:91} INFO - Job 10: Subtask constructorStandingsDim_transform
[2024-06-13T09:55:49.460+0000] {task_command.py:426} INFO - Running <TaskInstance: f1_data_pipeline_taskflow.constructorStandingsDim_transform scheduled__2024-06-12T00:00:00+00:00 [running]> on host 611decc8aca0
[2024-06-13T09:55:51.782+0000] {taskinstance.py:2648} INFO - Exporting env vars: AIRFLOW_CTX_DAG_OWNER='***' AIRFLOW_CTX_DAG_ID='f1_data_pipeline_taskflow' AIRFLOW_CTX_TASK_ID='constructorStandingsDim_transform' AIRFLOW_CTX_EXECUTION_DATE='2024-06-12T00:00:00+00:00' AIRFLOW_CTX_TRY_NUMBER='1' AIRFLOW_CTX_DAG_RUN_ID='scheduled__2024-06-12T00:00:00+00:00'
[2024-06-13T09:55:51.790+0000] {taskinstance.py:430} INFO - ::endgroup::
[2024-06-13T09:55:51.841+0000] {python.py:237} INFO - Done. Returned value was:         constructorStandingsId  ...  points_constructorstandings
0                        24932  ...                         40.0
232                      24777  ...                         55.0
680                      24789  ...                         88.0
1016                     24824  ...                         92.0
1187                     24836  ...                         98.0
...                        ...  ...                          ...
513282                   27880  ...                        104.0
513429                   26005  ...                          8.0
514821                   26556  ...                          1.0
515041                   25940  ...                          0.0
517927                   26414  ...                          0.0

[2398 rows x 5 columns]
[2024-06-13T09:55:51.860+0000] {taskinstance.py:441} INFO - ::group::Post task execution logs
[2024-06-13T09:55:51.933+0000] {taskinstance.py:1206} INFO - Marking task as SUCCESS. dag_id=f1_data_pipeline_taskflow, task_id=constructorStandingsDim_transform, run_id=scheduled__2024-06-12T00:00:00+00:00, execution_date=20240612T000000, start_date=20240613T095549, end_date=20240613T095551
[2024-06-13T09:55:52.029+0000] {local_task_job_runner.py:240} INFO - Task exited with return code 0
[2024-06-13T09:55:52.052+0000] {taskinstance.py:3498} INFO - 0 downstream tasks scheduled from follow-on schedule check
[2024-06-13T09:55:52.054+0000] {local_task_job_runner.py:222} INFO - ::endgroup::
[2024-06-13T12:22:52.670+0000] {local_task_job_runner.py:120} INFO - ::group::Pre task execution logs
[2024-06-13T12:22:52.692+0000] {taskinstance.py:2076} INFO - Dependencies all met for dep_context=non-requeueable deps ti=<TaskInstance: f1_data_pipeline_taskflow.constructorStandingsDim_transform scheduled__2024-06-12T00:00:00+00:00 [queued]>
[2024-06-13T12:22:52.702+0000] {taskinstance.py:2076} INFO - Dependencies all met for dep_context=requeueable deps ti=<TaskInstance: f1_data_pipeline_taskflow.constructorStandingsDim_transform scheduled__2024-06-12T00:00:00+00:00 [queued]>
[2024-06-13T12:22:52.702+0000] {taskinstance.py:2306} INFO - Starting attempt 1 of 1
[2024-06-13T12:22:52.720+0000] {taskinstance.py:2330} INFO - Executing <Task(_PythonDecoratedOperator): constructorStandingsDim_transform> on 2024-06-12 00:00:00+00:00
[2024-06-13T12:22:52.728+0000] {warnings.py:110} WARNING - /home/***/.local/lib/python3.12/site-packages/***/task/task_runner/standard_task_runner.py:61: DeprecationWarning: This process (pid=94) is multi-threaded, use of fork() may lead to deadlocks in the child.
  pid = os.fork()

[2024-06-13T12:22:52.730+0000] {standard_task_runner.py:63} INFO - Started process 116 to run task
[2024-06-13T12:22:52.730+0000] {standard_task_runner.py:90} INFO - Running: ['***', 'tasks', 'run', 'f1_data_pipeline_taskflow', 'constructorStandingsDim_transform', 'scheduled__2024-06-12T00:00:00+00:00', '--job-id', '15', '--raw', '--subdir', 'DAGS_FOLDER/etl_dag.py', '--cfg-path', '/tmp/tmprqidjrdd']
[2024-06-13T12:22:52.732+0000] {standard_task_runner.py:91} INFO - Job 15: Subtask constructorStandingsDim_transform
[2024-06-13T12:22:52.783+0000] {task_command.py:426} INFO - Running <TaskInstance: f1_data_pipeline_taskflow.constructorStandingsDim_transform scheduled__2024-06-12T00:00:00+00:00 [running]> on host 5dd2cf9078a8
[2024-06-13T12:22:55.193+0000] {taskinstance.py:2648} INFO - Exporting env vars: AIRFLOW_CTX_DAG_OWNER='***' AIRFLOW_CTX_DAG_ID='f1_data_pipeline_taskflow' AIRFLOW_CTX_TASK_ID='constructorStandingsDim_transform' AIRFLOW_CTX_EXECUTION_DATE='2024-06-12T00:00:00+00:00' AIRFLOW_CTX_TRY_NUMBER='1' AIRFLOW_CTX_DAG_RUN_ID='scheduled__2024-06-12T00:00:00+00:00'
[2024-06-13T12:22:55.194+0000] {taskinstance.py:430} INFO - ::endgroup::
[2024-06-13T12:22:55.257+0000] {python.py:237} INFO - Done. Returned value was:         constructorStandingsId  ...  points_constructorstandings
0                        24932  ...                         40.0
232                      24777  ...                         55.0
680                      24789  ...                         88.0
1016                     24824  ...                         92.0
1187                     24836  ...                         98.0
...                        ...  ...                          ...
513282                   27880  ...                        104.0
513429                   26005  ...                          8.0
514821                   26556  ...                          1.0
515041                   25940  ...                          0.0
517927                   26414  ...                          0.0

[2398 rows x 5 columns]
[2024-06-13T12:22:55.268+0000] {taskinstance.py:441} INFO - ::group::Post task execution logs
[2024-06-13T12:22:55.363+0000] {taskinstance.py:1206} INFO - Marking task as SUCCESS. dag_id=f1_data_pipeline_taskflow, task_id=constructorStandingsDim_transform, run_id=scheduled__2024-06-12T00:00:00+00:00, execution_date=20240612T000000, start_date=20240613T122252, end_date=20240613T122255
[2024-06-13T12:22:55.445+0000] {local_task_job_runner.py:240} INFO - Task exited with return code 0
[2024-06-13T12:22:55.573+0000] {local_task_job_runner.py:222} INFO - ::endgroup::
[2024-06-13T13:58:14.889+0000] {local_task_job_runner.py:120} INFO - ::group::Pre task execution logs
[2024-06-13T13:58:14.913+0000] {taskinstance.py:2076} INFO - Dependencies all met for dep_context=non-requeueable deps ti=<TaskInstance: f1_data_pipeline_taskflow.constructorStandingsDim_transform scheduled__2024-06-12T00:00:00+00:00 [queued]>
[2024-06-13T13:58:14.920+0000] {taskinstance.py:2076} INFO - Dependencies all met for dep_context=requeueable deps ti=<TaskInstance: f1_data_pipeline_taskflow.constructorStandingsDim_transform scheduled__2024-06-12T00:00:00+00:00 [queued]>
[2024-06-13T13:58:14.920+0000] {taskinstance.py:2306} INFO - Starting attempt 1 of 1
[2024-06-13T13:58:14.934+0000] {taskinstance.py:2330} INFO - Executing <Task(_PythonDecoratedOperator): constructorStandingsDim_transform> on 2024-06-12 00:00:00+00:00
[2024-06-13T13:58:14.940+0000] {warnings.py:110} WARNING - /home/***/.local/lib/python3.12/site-packages/***/task/task_runner/standard_task_runner.py:61: DeprecationWarning: This process (pid=309) is multi-threaded, use of fork() may lead to deadlocks in the child.
  pid = os.fork()

[2024-06-13T13:58:14.941+0000] {standard_task_runner.py:63} INFO - Started process 324 to run task
[2024-06-13T13:58:14.942+0000] {standard_task_runner.py:90} INFO - Running: ['***', 'tasks', 'run', 'f1_data_pipeline_taskflow', 'constructorStandingsDim_transform', 'scheduled__2024-06-12T00:00:00+00:00', '--job-id', '12', '--raw', '--subdir', 'DAGS_FOLDER/etl_dag.py', '--cfg-path', '/tmp/tmpfeeazea5']
[2024-06-13T13:58:14.944+0000] {standard_task_runner.py:91} INFO - Job 12: Subtask constructorStandingsDim_transform
[2024-06-13T13:58:14.989+0000] {task_command.py:426} INFO - Running <TaskInstance: f1_data_pipeline_taskflow.constructorStandingsDim_transform scheduled__2024-06-12T00:00:00+00:00 [running]> on host 169b46753152
[2024-06-13T13:58:18.006+0000] {taskinstance.py:2648} INFO - Exporting env vars: AIRFLOW_CTX_DAG_OWNER='***' AIRFLOW_CTX_DAG_ID='f1_data_pipeline_taskflow' AIRFLOW_CTX_TASK_ID='constructorStandingsDim_transform' AIRFLOW_CTX_EXECUTION_DATE='2024-06-12T00:00:00+00:00' AIRFLOW_CTX_TRY_NUMBER='1' AIRFLOW_CTX_DAG_RUN_ID='scheduled__2024-06-12T00:00:00+00:00'
[2024-06-13T13:58:18.039+0000] {taskinstance.py:430} INFO - ::endgroup::
[2024-06-13T13:58:18.090+0000] {python.py:237} INFO - Done. Returned value was:         constructorStandingsId  ...  points_constructorstandings
0                        24932  ...                         40.0
232                      24777  ...                         55.0
680                      24789  ...                         88.0
1016                     24824  ...                         92.0
1187                     24836  ...                         98.0
...                        ...  ...                          ...
513282                   27880  ...                        104.0
513429                   26005  ...                          8.0
514821                   26556  ...                          1.0
515041                   25940  ...                          0.0
517927                   26414  ...                          0.0

[2398 rows x 5 columns]
[2024-06-13T13:58:18.101+0000] {taskinstance.py:441} INFO - ::group::Post task execution logs
[2024-06-13T13:58:18.166+0000] {taskinstance.py:1206} INFO - Marking task as SUCCESS. dag_id=f1_data_pipeline_taskflow, task_id=constructorStandingsDim_transform, run_id=scheduled__2024-06-12T00:00:00+00:00, execution_date=20240612T000000, start_date=20240613T135814, end_date=20240613T135818
[2024-06-13T13:58:18.285+0000] {local_task_job_runner.py:240} INFO - Task exited with return code 0
[2024-06-13T13:58:18.557+0000] {local_task_job_runner.py:222} INFO - ::endgroup::
[2024-06-13T14:20:28.103+0000] {local_task_job_runner.py:120} INFO - ::group::Pre task execution logs
[2024-06-13T14:20:28.127+0000] {taskinstance.py:2076} INFO - Dependencies all met for dep_context=non-requeueable deps ti=<TaskInstance: f1_data_pipeline_taskflow.constructorStandingsDim_transform scheduled__2024-06-12T00:00:00+00:00 [queued]>
[2024-06-13T14:20:28.140+0000] {taskinstance.py:2076} INFO - Dependencies all met for dep_context=requeueable deps ti=<TaskInstance: f1_data_pipeline_taskflow.constructorStandingsDim_transform scheduled__2024-06-12T00:00:00+00:00 [queued]>
[2024-06-13T14:20:28.140+0000] {taskinstance.py:2306} INFO - Starting attempt 1 of 1
[2024-06-13T14:20:28.156+0000] {taskinstance.py:2330} INFO - Executing <Task(_PythonDecoratedOperator): constructorStandingsDim_transform> on 2024-06-12 00:00:00+00:00
[2024-06-13T14:20:28.163+0000] {warnings.py:110} WARNING - /home/***/.local/lib/python3.12/site-packages/***/task/task_runner/standard_task_runner.py:61: DeprecationWarning: This process (pid=107) is multi-threaded, use of fork() may lead to deadlocks in the child.
  pid = os.fork()

[2024-06-13T14:20:28.164+0000] {standard_task_runner.py:63} INFO - Started process 124 to run task
[2024-06-13T14:20:28.164+0000] {standard_task_runner.py:90} INFO - Running: ['***', 'tasks', 'run', 'f1_data_pipeline_taskflow', 'constructorStandingsDim_transform', 'scheduled__2024-06-12T00:00:00+00:00', '--job-id', '17', '--raw', '--subdir', 'DAGS_FOLDER/etl_dag.py', '--cfg-path', '/tmp/tmpeggh8wj5']
[2024-06-13T14:20:28.166+0000] {standard_task_runner.py:91} INFO - Job 17: Subtask constructorStandingsDim_transform
[2024-06-13T14:20:28.211+0000] {task_command.py:426} INFO - Running <TaskInstance: f1_data_pipeline_taskflow.constructorStandingsDim_transform scheduled__2024-06-12T00:00:00+00:00 [running]> on host 9503b7b620e4
[2024-06-13T14:20:30.947+0000] {taskinstance.py:2648} INFO - Exporting env vars: AIRFLOW_CTX_DAG_OWNER='***' AIRFLOW_CTX_DAG_ID='f1_data_pipeline_taskflow' AIRFLOW_CTX_TASK_ID='constructorStandingsDim_transform' AIRFLOW_CTX_EXECUTION_DATE='2024-06-12T00:00:00+00:00' AIRFLOW_CTX_TRY_NUMBER='1' AIRFLOW_CTX_DAG_RUN_ID='scheduled__2024-06-12T00:00:00+00:00'
[2024-06-13T14:20:30.965+0000] {taskinstance.py:430} INFO - ::endgroup::
[2024-06-13T14:20:31.008+0000] {python.py:237} INFO - Done. Returned value was:         constructorStandingsId  ...  points_constructorstandings
0                        24932  ...                         40.0
232                      24777  ...                         55.0
680                      24789  ...                         88.0
1016                     24824  ...                         92.0
1187                     24836  ...                         98.0
...                        ...  ...                          ...
513282                   27880  ...                        104.0
513429                   26005  ...                          8.0
514821                   26556  ...                          1.0
515041                   25940  ...                          0.0
517927                   26414  ...                          0.0

[2398 rows x 5 columns]
[2024-06-13T14:20:31.018+0000] {taskinstance.py:441} INFO - ::group::Post task execution logs
[2024-06-13T14:20:31.125+0000] {taskinstance.py:1206} INFO - Marking task as SUCCESS. dag_id=f1_data_pipeline_taskflow, task_id=constructorStandingsDim_transform, run_id=scheduled__2024-06-12T00:00:00+00:00, execution_date=20240612T000000, start_date=20240613T142028, end_date=20240613T142031
[2024-06-13T14:20:31.246+0000] {local_task_job_runner.py:240} INFO - Task exited with return code 0
[2024-06-13T14:20:31.667+0000] {taskinstance.py:3498} INFO - 0 downstream tasks scheduled from follow-on schedule check
[2024-06-13T14:20:31.673+0000] {local_task_job_runner.py:222} INFO - ::endgroup::
