[2024-06-11T07:51:09.785+0000] {local_task_job_runner.py:120} INFO - ::group::Pre task execution logs
[2024-06-11T07:51:09.807+0000] {taskinstance.py:2076} INFO - Dependencies all met for dep_context=non-requeueable deps ti=<TaskInstance: f1_data_pipeline_taskflow.load_driver_task scheduled__2024-06-10T00:00:00+00:00 [queued]>
[2024-06-11T07:51:09.814+0000] {taskinstance.py:2076} INFO - Dependencies all met for dep_context=requeueable deps ti=<TaskInstance: f1_data_pipeline_taskflow.load_driver_task scheduled__2024-06-10T00:00:00+00:00 [queued]>
[2024-06-11T07:51:09.815+0000] {taskinstance.py:2306} INFO - Starting attempt 1 of 1
[2024-06-11T07:51:09.830+0000] {taskinstance.py:2330} INFO - Executing <Task(_PythonDecoratedOperator): load_driver_task> on 2024-06-10 00:00:00+00:00
[2024-06-11T07:51:09.837+0000] {warnings.py:110} WARNING - /home/***/.local/lib/python3.12/site-packages/***/task/task_runner/standard_task_runner.py:61: DeprecationWarning: This process (pid=574) is multi-threaded, use of fork() may lead to deadlocks in the child.
  pid = os.fork()

[2024-06-11T07:51:09.838+0000] {standard_task_runner.py:63} INFO - Started process 603 to run task
[2024-06-11T07:51:09.838+0000] {standard_task_runner.py:90} INFO - Running: ['***', 'tasks', 'run', 'f1_data_pipeline_taskflow', 'load_driver_task', 'scheduled__2024-06-10T00:00:00+00:00', '--job-id', '18', '--raw', '--subdir', 'DAGS_FOLDER/etl_dag.py', '--cfg-path', '/tmp/tmp5jdmbhy5']
[2024-06-11T07:51:09.840+0000] {standard_task_runner.py:91} INFO - Job 18: Subtask load_driver_task
[2024-06-11T07:51:09.876+0000] {task_command.py:426} INFO - Running <TaskInstance: f1_data_pipeline_taskflow.load_driver_task scheduled__2024-06-10T00:00:00+00:00 [running]> on host 774afe459216
[2024-06-11T07:51:09.994+0000] {taskinstance.py:2648} INFO - Exporting env vars: AIRFLOW_CTX_DAG_OWNER='***' AIRFLOW_CTX_DAG_ID='f1_data_pipeline_taskflow' AIRFLOW_CTX_TASK_ID='load_driver_task' AIRFLOW_CTX_EXECUTION_DATE='2024-06-10T00:00:00+00:00' AIRFLOW_CTX_TRY_NUMBER='1' AIRFLOW_CTX_DAG_RUN_ID='scheduled__2024-06-10T00:00:00+00:00'
[2024-06-11T07:51:09.995+0000] {taskinstance.py:430} INFO - ::endgroup::
[2024-06-11T07:51:09.996+0000] {crypto.py:82} WARNING - empty cryptography key - values will not be stored encrypted.
[2024-06-11T07:51:09.997+0000] {base.py:84} INFO - Using connection ID 'sourcedb_connection' for task execution.
[2024-06-11T07:51:10.039+0000] {python.py:237} INFO - Done. Returned value was: None
[2024-06-11T07:51:10.039+0000] {taskinstance.py:441} INFO - ::group::Post task execution logs
[2024-06-11T07:51:10.046+0000] {taskinstance.py:1206} INFO - Marking task as SUCCESS. dag_id=f1_data_pipeline_taskflow, task_id=load_driver_task, run_id=scheduled__2024-06-10T00:00:00+00:00, execution_date=20240610T000000, start_date=20240611T075109, end_date=20240611T075110
[2024-06-11T07:51:10.091+0000] {local_task_job_runner.py:240} INFO - Task exited with return code 0
[2024-06-11T07:51:10.098+0000] {local_task_job_runner.py:222} INFO - ::endgroup::
[2024-06-11T09:15:32.541+0000] {local_task_job_runner.py:120} INFO - ::group::Pre task execution logs
[2024-06-11T09:15:32.557+0000] {taskinstance.py:2076} INFO - Dependencies all met for dep_context=non-requeueable deps ti=<TaskInstance: f1_data_pipeline_taskflow.load_driver_task scheduled__2024-06-10T00:00:00+00:00 [queued]>
[2024-06-11T09:15:32.563+0000] {taskinstance.py:2076} INFO - Dependencies all met for dep_context=requeueable deps ti=<TaskInstance: f1_data_pipeline_taskflow.load_driver_task scheduled__2024-06-10T00:00:00+00:00 [queued]>
[2024-06-11T09:15:32.564+0000] {taskinstance.py:2306} INFO - Starting attempt 1 of 1
[2024-06-11T09:15:32.573+0000] {taskinstance.py:2330} INFO - Executing <Task(_PythonDecoratedOperator): load_driver_task> on 2024-06-10 00:00:00+00:00
[2024-06-11T09:15:32.580+0000] {warnings.py:110} WARNING - /home/***/.local/lib/python3.12/site-packages/***/task/task_runner/standard_task_runner.py:61: DeprecationWarning: This process (pid=413) is multi-threaded, use of fork() may lead to deadlocks in the child.
  pid = os.fork()

[2024-06-11T09:15:32.581+0000] {standard_task_runner.py:63} INFO - Started process 421 to run task
[2024-06-11T09:15:32.582+0000] {standard_task_runner.py:90} INFO - Running: ['***', 'tasks', 'run', 'f1_data_pipeline_taskflow', 'load_driver_task', 'scheduled__2024-06-10T00:00:00+00:00', '--job-id', '18', '--raw', '--subdir', 'DAGS_FOLDER/etl_dag.py', '--cfg-path', '/tmp/tmp7llg_oon']
[2024-06-11T09:15:32.583+0000] {standard_task_runner.py:91} INFO - Job 18: Subtask load_driver_task
[2024-06-11T09:15:32.620+0000] {task_command.py:426} INFO - Running <TaskInstance: f1_data_pipeline_taskflow.load_driver_task scheduled__2024-06-10T00:00:00+00:00 [running]> on host fdc9bf7b6fb8
[2024-06-11T09:15:32.743+0000] {taskinstance.py:2648} INFO - Exporting env vars: AIRFLOW_CTX_DAG_OWNER='***' AIRFLOW_CTX_DAG_ID='f1_data_pipeline_taskflow' AIRFLOW_CTX_TASK_ID='load_driver_task' AIRFLOW_CTX_EXECUTION_DATE='2024-06-10T00:00:00+00:00' AIRFLOW_CTX_TRY_NUMBER='1' AIRFLOW_CTX_DAG_RUN_ID='scheduled__2024-06-10T00:00:00+00:00'
[2024-06-11T09:15:32.744+0000] {taskinstance.py:430} INFO - ::endgroup::
[2024-06-11T09:15:32.746+0000] {crypto.py:82} WARNING - empty cryptography key - values will not be stored encrypted.
[2024-06-11T09:15:32.746+0000] {base.py:84} INFO - Using connection ID 'sourcedb_connection' for task execution.
[2024-06-11T09:15:32.813+0000] {python.py:237} INFO - Done. Returned value was: None
[2024-06-11T09:15:32.816+0000] {taskinstance.py:441} INFO - ::group::Post task execution logs
[2024-06-11T09:15:32.845+0000] {taskinstance.py:1206} INFO - Marking task as SUCCESS. dag_id=f1_data_pipeline_taskflow, task_id=load_driver_task, run_id=scheduled__2024-06-10T00:00:00+00:00, execution_date=20240610T000000, start_date=20240611T091532, end_date=20240611T091532
[2024-06-11T09:15:32.915+0000] {local_task_job_runner.py:240} INFO - Task exited with return code 0
[2024-06-11T09:15:32.931+0000] {taskinstance.py:3498} INFO - 1 downstream tasks scheduled from follow-on schedule check
[2024-06-11T09:15:32.933+0000] {local_task_job_runner.py:222} INFO - ::endgroup::
[2024-06-11T11:21:35.641+0000] {local_task_job_runner.py:120} INFO - ::group::Pre task execution logs
[2024-06-11T11:21:35.656+0000] {taskinstance.py:2076} INFO - Dependencies all met for dep_context=non-requeueable deps ti=<TaskInstance: f1_data_pipeline_taskflow.load_driver_task scheduled__2024-06-10T00:00:00+00:00 [queued]>
[2024-06-11T11:21:35.662+0000] {taskinstance.py:2076} INFO - Dependencies all met for dep_context=requeueable deps ti=<TaskInstance: f1_data_pipeline_taskflow.load_driver_task scheduled__2024-06-10T00:00:00+00:00 [queued]>
[2024-06-11T11:21:35.662+0000] {taskinstance.py:2306} INFO - Starting attempt 1 of 1
[2024-06-11T11:21:35.674+0000] {taskinstance.py:2330} INFO - Executing <Task(_PythonDecoratedOperator): load_driver_task> on 2024-06-10 00:00:00+00:00
[2024-06-11T11:21:35.681+0000] {warnings.py:110} WARNING - /home/***/.local/lib/python3.12/site-packages/***/task/task_runner/standard_task_runner.py:61: DeprecationWarning: This process (pid=431) is multi-threaded, use of fork() may lead to deadlocks in the child.
  pid = os.fork()

[2024-06-11T11:21:35.682+0000] {standard_task_runner.py:63} INFO - Started process 441 to run task
[2024-06-11T11:21:35.682+0000] {standard_task_runner.py:90} INFO - Running: ['***', 'tasks', 'run', 'f1_data_pipeline_taskflow', 'load_driver_task', 'scheduled__2024-06-10T00:00:00+00:00', '--job-id', '18', '--raw', '--subdir', 'DAGS_FOLDER/etl_dag.py', '--cfg-path', '/tmp/tmp31s5zjip']
[2024-06-11T11:21:35.684+0000] {standard_task_runner.py:91} INFO - Job 18: Subtask load_driver_task
[2024-06-11T11:21:35.718+0000] {task_command.py:426} INFO - Running <TaskInstance: f1_data_pipeline_taskflow.load_driver_task scheduled__2024-06-10T00:00:00+00:00 [running]> on host bc9f1e77df41
[2024-06-11T11:21:35.851+0000] {taskinstance.py:2648} INFO - Exporting env vars: AIRFLOW_CTX_DAG_OWNER='***' AIRFLOW_CTX_DAG_ID='f1_data_pipeline_taskflow' AIRFLOW_CTX_TASK_ID='load_driver_task' AIRFLOW_CTX_EXECUTION_DATE='2024-06-10T00:00:00+00:00' AIRFLOW_CTX_TRY_NUMBER='1' AIRFLOW_CTX_DAG_RUN_ID='scheduled__2024-06-10T00:00:00+00:00'
[2024-06-11T11:21:35.852+0000] {taskinstance.py:430} INFO - ::endgroup::
[2024-06-11T11:21:35.853+0000] {crypto.py:82} WARNING - empty cryptography key - values will not be stored encrypted.
[2024-06-11T11:21:35.853+0000] {base.py:84} INFO - Using connection ID 'sourcedb_connection' for task execution.
[2024-06-11T11:21:35.917+0000] {python.py:237} INFO - Done. Returned value was: None
[2024-06-11T11:21:35.918+0000] {taskinstance.py:441} INFO - ::group::Post task execution logs
[2024-06-11T11:21:35.937+0000] {taskinstance.py:1206} INFO - Marking task as SUCCESS. dag_id=f1_data_pipeline_taskflow, task_id=load_driver_task, run_id=scheduled__2024-06-10T00:00:00+00:00, execution_date=20240610T000000, start_date=20240611T112135, end_date=20240611T112135
[2024-06-11T11:21:35.976+0000] {local_task_job_runner.py:240} INFO - Task exited with return code 0
[2024-06-11T11:21:35.991+0000] {local_task_job_runner.py:222} INFO - ::endgroup::
[2024-06-11T14:24:34.977+0000] {local_task_job_runner.py:120} INFO - ::group::Pre task execution logs
[2024-06-11T14:24:34.996+0000] {taskinstance.py:2076} INFO - Dependencies all met for dep_context=non-requeueable deps ti=<TaskInstance: f1_data_pipeline_taskflow.load_driver_task scheduled__2024-06-10T00:00:00+00:00 [queued]>
[2024-06-11T14:24:35.002+0000] {taskinstance.py:2076} INFO - Dependencies all met for dep_context=requeueable deps ti=<TaskInstance: f1_data_pipeline_taskflow.load_driver_task scheduled__2024-06-10T00:00:00+00:00 [queued]>
[2024-06-11T14:24:35.002+0000] {taskinstance.py:2306} INFO - Starting attempt 1 of 1
[2024-06-11T14:24:35.011+0000] {taskinstance.py:2330} INFO - Executing <Task(_PythonDecoratedOperator): load_driver_task> on 2024-06-10 00:00:00+00:00
[2024-06-11T14:24:35.018+0000] {warnings.py:110} WARNING - /home/***/.local/lib/python3.12/site-packages/***/task/task_runner/standard_task_runner.py:61: DeprecationWarning: This process (pid=524) is multi-threaded, use of fork() may lead to deadlocks in the child.
  pid = os.fork()

[2024-06-11T14:24:35.019+0000] {standard_task_runner.py:63} INFO - Started process 529 to run task
[2024-06-11T14:24:35.019+0000] {standard_task_runner.py:90} INFO - Running: ['***', 'tasks', 'run', 'f1_data_pipeline_taskflow', 'load_driver_task', 'scheduled__2024-06-10T00:00:00+00:00', '--job-id', '17', '--raw', '--subdir', 'DAGS_FOLDER/etl_dag.py', '--cfg-path', '/tmp/tmpsna8_73s']
[2024-06-11T14:24:35.020+0000] {standard_task_runner.py:91} INFO - Job 17: Subtask load_driver_task
[2024-06-11T14:24:35.055+0000] {task_command.py:426} INFO - Running <TaskInstance: f1_data_pipeline_taskflow.load_driver_task scheduled__2024-06-10T00:00:00+00:00 [running]> on host f99ae21f53ae
[2024-06-11T14:24:35.192+0000] {taskinstance.py:2648} INFO - Exporting env vars: AIRFLOW_CTX_DAG_OWNER='***' AIRFLOW_CTX_DAG_ID='f1_data_pipeline_taskflow' AIRFLOW_CTX_TASK_ID='load_driver_task' AIRFLOW_CTX_EXECUTION_DATE='2024-06-10T00:00:00+00:00' AIRFLOW_CTX_TRY_NUMBER='1' AIRFLOW_CTX_DAG_RUN_ID='scheduled__2024-06-10T00:00:00+00:00'
[2024-06-11T14:24:35.193+0000] {taskinstance.py:430} INFO - ::endgroup::
[2024-06-11T14:24:35.194+0000] {crypto.py:82} WARNING - empty cryptography key - values will not be stored encrypted.
[2024-06-11T14:24:35.194+0000] {base.py:84} INFO - Using connection ID 'sourcedb_connection' for task execution.
[2024-06-11T14:24:35.262+0000] {python.py:237} INFO - Done. Returned value was: None
[2024-06-11T14:24:35.264+0000] {taskinstance.py:441} INFO - ::group::Post task execution logs
[2024-06-11T14:24:35.286+0000] {taskinstance.py:1206} INFO - Marking task as SUCCESS. dag_id=f1_data_pipeline_taskflow, task_id=load_driver_task, run_id=scheduled__2024-06-10T00:00:00+00:00, execution_date=20240610T000000, start_date=20240611T142434, end_date=20240611T142435
[2024-06-11T14:24:35.352+0000] {local_task_job_runner.py:240} INFO - Task exited with return code 0
[2024-06-11T14:24:35.360+0000] {local_task_job_runner.py:222} INFO - ::endgroup::
