[2024-05-31T09:20:08.752+0000] {local_task_job_runner.py:120} INFO - ::group::Pre task execution logs
[2024-05-31T09:20:08.768+0000] {taskinstance.py:2076} INFO - Dependencies all met for dep_context=non-requeueable deps ti=<TaskInstance: f1_data_pipeline_taskflow.constructorDim_transform manual__2024-05-31T09:19:37.783390+00:00 [queued]>
[2024-05-31T09:20:08.773+0000] {taskinstance.py:2076} INFO - Dependencies all met for dep_context=requeueable deps ti=<TaskInstance: f1_data_pipeline_taskflow.constructorDim_transform manual__2024-05-31T09:19:37.783390+00:00 [queued]>
[2024-05-31T09:20:08.773+0000] {taskinstance.py:2306} INFO - Starting attempt 1 of 1
[2024-05-31T09:20:08.780+0000] {taskinstance.py:2330} INFO - Executing <Task(_PythonDecoratedOperator): constructorDim_transform> on 2024-05-31 09:19:37.783390+00:00
[2024-05-31T09:20:08.785+0000] {warnings.py:110} WARNING - /home/***/.local/lib/python3.12/site-packages/***/task/task_runner/standard_task_runner.py:61: DeprecationWarning: This process (pid=358) is multi-threaded, use of fork() may lead to deadlocks in the child.
  pid = os.fork()

[2024-05-31T09:20:08.786+0000] {standard_task_runner.py:63} INFO - Started process 362 to run task
[2024-05-31T09:20:08.787+0000] {standard_task_runner.py:90} INFO - Running: ['***', 'tasks', 'run', 'f1_data_pipeline_taskflow', 'constructorDim_transform', 'manual__2024-05-31T09:19:37.783390+00:00', '--job-id', '12', '--raw', '--subdir', 'DAGS_FOLDER/etl_dag.py', '--cfg-path', '/tmp/tmp7yxvkj6f']
[2024-05-31T09:20:08.788+0000] {standard_task_runner.py:91} INFO - Job 12: Subtask constructorDim_transform
[2024-05-31T09:20:08.816+0000] {task_command.py:426} INFO - Running <TaskInstance: f1_data_pipeline_taskflow.constructorDim_transform manual__2024-05-31T09:19:37.783390+00:00 [running]> on host b277d7b6eaf3
[2024-05-31T09:20:09.495+0000] {taskinstance.py:2648} INFO - Exporting env vars: AIRFLOW_CTX_DAG_OWNER='***' AIRFLOW_CTX_DAG_ID='f1_data_pipeline_taskflow' AIRFLOW_CTX_TASK_ID='constructorDim_transform' AIRFLOW_CTX_EXECUTION_DATE='2024-05-31T09:19:37.783390+00:00' AIRFLOW_CTX_TRY_NUMBER='1' AIRFLOW_CTX_DAG_RUN_ID='manual__2024-05-31T09:19:37.783390+00:00'
[2024-05-31T09:20:09.496+0000] {taskinstance.py:430} INFO - ::endgroup::
[2024-05-31T09:20:09.593+0000] {python.py:237} INFO - Done. Returned value was:         constructorId  ...                                   url_constructors
0                   1  ...               http://en.wikipedia.org/wiki/McLaren
28696               9  ...       http://en.wikipedia.org/wiki/Red_Bull_Racing
73996               6  ...      http://en.wikipedia.org/wiki/Scuderia_Ferrari
118525            117  ...  http://en.wikipedia.org/wiki/Aston_Martin_in_F...
125663            131  ...  http://en.wikipedia.org/wiki/Mercedes-Benz_in_...
173941            214  ...        http://en.wikipedia.org/wiki/Alpine_F1_Team
181307             15  ...                http://en.wikipedia.org/wiki/Sauber
191700            207  ...           http://en.wikipedia.org/wiki/Caterham_F1
193332            208  ...              http://en.wikipedia.org/wiki/Lotus_F1
203641             51  ...  http://en.wikipedia.org/wiki/Alfa_Romeo_in_For...
211897             10  ...  http://en.wikipedia.org/wiki/Racing_Point_Forc...
229622            211  ...  http://en.wikipedia.org/wiki/Racing_Point_F1_Team
233527              5  ...   http://en.wikipedia.org/wiki/Scuderia_Toro_Rosso
248454              4  ...  http://en.wikipedia.org/wiki/Renault_in_Formul...
255351            213  ...   http://en.wikipedia.org/wiki/Scuderia_AlphaTauri
263628              3  ...  http://en.wikipedia.org/wiki/Williams_Grand_Pr...
286300            206  ...           http://en.wikipedia.org/wiki/Marussia_F1
287718            210  ...          http://en.wikipedia.org/wiki/Haas_F1_Team
297680            164  ...       http://en.wikipedia.org/wiki/Hispania_Racing
297735            209  ...      http://en.wikipedia.org/wiki/Manor_Motorsport

[20 rows x 5 columns]
[2024-05-31T09:20:09.602+0000] {taskinstance.py:441} INFO - ::group::Post task execution logs
[2024-05-31T09:20:09.620+0000] {taskinstance.py:1206} INFO - Marking task as SUCCESS. dag_id=f1_data_pipeline_taskflow, task_id=constructorDim_transform, run_id=manual__2024-05-31T09:19:37.783390+00:00, execution_date=20240531T091937, start_date=20240531T092008, end_date=20240531T092009
[2024-05-31T09:20:09.643+0000] {local_task_job_runner.py:240} INFO - Task exited with return code 0
[2024-05-31T09:20:09.656+0000] {taskinstance.py:3498} INFO - 1 downstream tasks scheduled from follow-on schedule check
[2024-05-31T09:20:09.658+0000] {local_task_job_runner.py:222} INFO - ::endgroup::
