[2024-06-07T08:42:57.729+0000] {local_task_job_runner.py:120} INFO - ::group::Pre task execution logs
[2024-06-07T08:42:57.746+0000] {taskinstance.py:2076} INFO - Dependencies all met for dep_context=non-requeueable deps ti=<TaskInstance: f1_data_pipeline_taskflow.load_qualifications_task scheduled__2024-06-06T00:00:00+00:00 [queued]>
[2024-06-07T08:42:57.752+0000] {taskinstance.py:2076} INFO - Dependencies all met for dep_context=requeueable deps ti=<TaskInstance: f1_data_pipeline_taskflow.load_qualifications_task scheduled__2024-06-06T00:00:00+00:00 [queued]>
[2024-06-07T08:42:57.753+0000] {taskinstance.py:2306} INFO - Starting attempt 1 of 1
[2024-06-07T08:42:57.766+0000] {taskinstance.py:2330} INFO - Executing <Task(_PythonDecoratedOperator): load_qualifications_task> on 2024-06-06 00:00:00+00:00
[2024-06-07T08:42:57.773+0000] {warnings.py:110} WARNING - /home/***/.local/lib/python3.12/site-packages/***/task/task_runner/standard_task_runner.py:61: DeprecationWarning: This process (pid=528) is multi-threaded, use of fork() may lead to deadlocks in the child.
  pid = os.fork()

[2024-06-07T08:42:57.774+0000] {standard_task_runner.py:63} INFO - Started process 539 to run task
[2024-06-07T08:42:57.775+0000] {standard_task_runner.py:90} INFO - Running: ['***', 'tasks', 'run', 'f1_data_pipeline_taskflow', 'load_qualifications_task', 'scheduled__2024-06-06T00:00:00+00:00', '--job-id', '64', '--raw', '--subdir', 'DAGS_FOLDER/etl_dag.py', '--cfg-path', '/tmp/tmp0sfyyt7t']
[2024-06-07T08:42:57.776+0000] {standard_task_runner.py:91} INFO - Job 64: Subtask load_qualifications_task
[2024-06-07T08:42:57.816+0000] {task_command.py:426} INFO - Running <TaskInstance: f1_data_pipeline_taskflow.load_qualifications_task scheduled__2024-06-06T00:00:00+00:00 [running]> on host 9459748fcbed
[2024-06-07T08:42:57.923+0000] {taskinstance.py:2648} INFO - Exporting env vars: AIRFLOW_CTX_DAG_OWNER='***' AIRFLOW_CTX_DAG_ID='f1_data_pipeline_taskflow' AIRFLOW_CTX_TASK_ID='load_qualifications_task' AIRFLOW_CTX_EXECUTION_DATE='2024-06-06T00:00:00+00:00' AIRFLOW_CTX_TRY_NUMBER='1' AIRFLOW_CTX_DAG_RUN_ID='scheduled__2024-06-06T00:00:00+00:00'
[2024-06-07T08:42:57.924+0000] {taskinstance.py:430} INFO - ::endgroup::
[2024-06-07T08:42:57.925+0000] {crypto.py:82} WARNING - empty cryptography key - values will not be stored encrypted.
[2024-06-07T08:42:57.925+0000] {base.py:84} INFO - Using connection ID 'sourcedb_connection' for task execution.
[2024-06-07T08:42:57.975+0000] {python.py:237} INFO - Done. Returned value was: None
[2024-06-07T08:42:57.976+0000] {taskinstance.py:441} INFO - ::group::Post task execution logs
[2024-06-07T08:42:57.983+0000] {taskinstance.py:1206} INFO - Marking task as SUCCESS. dag_id=f1_data_pipeline_taskflow, task_id=load_qualifications_task, run_id=scheduled__2024-06-06T00:00:00+00:00, execution_date=20240606T000000, start_date=20240607T084257, end_date=20240607T084257
[2024-06-07T08:42:58.028+0000] {local_task_job_runner.py:240} INFO - Task exited with return code 0
[2024-06-07T08:42:58.046+0000] {taskinstance.py:3498} INFO - 0 downstream tasks scheduled from follow-on schedule check
[2024-06-07T08:42:58.048+0000] {local_task_job_runner.py:222} INFO - ::endgroup::
[2024-06-07T10:22:50.447+0000] {local_task_job_runner.py:120} INFO - ::group::Pre task execution logs
[2024-06-07T10:22:50.463+0000] {taskinstance.py:2076} INFO - Dependencies all met for dep_context=non-requeueable deps ti=<TaskInstance: f1_data_pipeline_taskflow.load_qualifications_task scheduled__2024-06-06T00:00:00+00:00 [queued]>
[2024-06-07T10:22:50.468+0000] {taskinstance.py:2076} INFO - Dependencies all met for dep_context=requeueable deps ti=<TaskInstance: f1_data_pipeline_taskflow.load_qualifications_task scheduled__2024-06-06T00:00:00+00:00 [queued]>
[2024-06-07T10:22:50.469+0000] {taskinstance.py:2306} INFO - Starting attempt 1 of 1
[2024-06-07T10:22:50.477+0000] {taskinstance.py:2330} INFO - Executing <Task(_PythonDecoratedOperator): load_qualifications_task> on 2024-06-06 00:00:00+00:00
[2024-06-07T10:22:50.484+0000] {warnings.py:110} WARNING - /home/***/.local/lib/python3.12/site-packages/***/task/task_runner/standard_task_runner.py:61: DeprecationWarning: This process (pid=503) is multi-threaded, use of fork() may lead to deadlocks in the child.
  pid = os.fork()

[2024-06-07T10:22:50.485+0000] {standard_task_runner.py:63} INFO - Started process 512 to run task
[2024-06-07T10:22:50.485+0000] {standard_task_runner.py:90} INFO - Running: ['***', 'tasks', 'run', 'f1_data_pipeline_taskflow', 'load_qualifications_task', 'scheduled__2024-06-06T00:00:00+00:00', '--job-id', '27', '--raw', '--subdir', 'DAGS_FOLDER/etl_dag.py', '--cfg-path', '/tmp/tmpq07_vim0']
[2024-06-07T10:22:50.487+0000] {standard_task_runner.py:91} INFO - Job 27: Subtask load_qualifications_task
[2024-06-07T10:22:50.525+0000] {task_command.py:426} INFO - Running <TaskInstance: f1_data_pipeline_taskflow.load_qualifications_task scheduled__2024-06-06T00:00:00+00:00 [running]> on host c52e0424619c
[2024-06-07T10:22:50.630+0000] {taskinstance.py:2648} INFO - Exporting env vars: AIRFLOW_CTX_DAG_OWNER='***' AIRFLOW_CTX_DAG_ID='f1_data_pipeline_taskflow' AIRFLOW_CTX_TASK_ID='load_qualifications_task' AIRFLOW_CTX_EXECUTION_DATE='2024-06-06T00:00:00+00:00' AIRFLOW_CTX_TRY_NUMBER='1' AIRFLOW_CTX_DAG_RUN_ID='scheduled__2024-06-06T00:00:00+00:00'
[2024-06-07T10:22:50.631+0000] {taskinstance.py:430} INFO - ::endgroup::
[2024-06-07T10:22:50.632+0000] {crypto.py:82} WARNING - empty cryptography key - values will not be stored encrypted.
[2024-06-07T10:22:50.632+0000] {base.py:84} INFO - Using connection ID 'sourcedb_connection' for task execution.
[2024-06-07T10:22:50.681+0000] {python.py:237} INFO - Done. Returned value was: None
[2024-06-07T10:22:50.682+0000] {taskinstance.py:441} INFO - ::group::Post task execution logs
[2024-06-07T10:22:50.692+0000] {taskinstance.py:1206} INFO - Marking task as SUCCESS. dag_id=f1_data_pipeline_taskflow, task_id=load_qualifications_task, run_id=scheduled__2024-06-06T00:00:00+00:00, execution_date=20240606T000000, start_date=20240607T102250, end_date=20240607T102250
[2024-06-07T10:22:50.739+0000] {local_task_job_runner.py:240} INFO - Task exited with return code 0
[2024-06-07T10:22:50.760+0000] {local_task_job_runner.py:222} INFO - ::endgroup::
[2024-06-07T10:29:20.533+0000] {local_task_job_runner.py:120} INFO - ::group::Pre task execution logs
[2024-06-07T10:29:20.549+0000] {taskinstance.py:2076} INFO - Dependencies all met for dep_context=non-requeueable deps ti=<TaskInstance: f1_data_pipeline_taskflow.load_qualifications_task scheduled__2024-06-06T00:00:00+00:00 [queued]>
[2024-06-07T10:29:20.556+0000] {taskinstance.py:2076} INFO - Dependencies all met for dep_context=requeueable deps ti=<TaskInstance: f1_data_pipeline_taskflow.load_qualifications_task scheduled__2024-06-06T00:00:00+00:00 [queued]>
[2024-06-07T10:29:20.556+0000] {taskinstance.py:2306} INFO - Starting attempt 1 of 1
[2024-06-07T10:29:20.566+0000] {taskinstance.py:2330} INFO - Executing <Task(_PythonDecoratedOperator): load_qualifications_task> on 2024-06-06 00:00:00+00:00
[2024-06-07T10:29:20.572+0000] {warnings.py:110} WARNING - /home/***/.local/lib/python3.12/site-packages/***/task/task_runner/standard_task_runner.py:61: DeprecationWarning: This process (pid=474) is multi-threaded, use of fork() may lead to deadlocks in the child.
  pid = os.fork()

[2024-06-07T10:29:20.573+0000] {standard_task_runner.py:63} INFO - Started process 483 to run task
[2024-06-07T10:29:20.573+0000] {standard_task_runner.py:90} INFO - Running: ['***', 'tasks', 'run', 'f1_data_pipeline_taskflow', 'load_qualifications_task', 'scheduled__2024-06-06T00:00:00+00:00', '--job-id', '26', '--raw', '--subdir', 'DAGS_FOLDER/etl_dag.py', '--cfg-path', '/tmp/tmprgh6vs9s']
[2024-06-07T10:29:20.575+0000] {standard_task_runner.py:91} INFO - Job 26: Subtask load_qualifications_task
[2024-06-07T10:29:20.613+0000] {task_command.py:426} INFO - Running <TaskInstance: f1_data_pipeline_taskflow.load_qualifications_task scheduled__2024-06-06T00:00:00+00:00 [running]> on host 560daa7ebc6f
[2024-06-07T10:29:20.724+0000] {taskinstance.py:2648} INFO - Exporting env vars: AIRFLOW_CTX_DAG_OWNER='***' AIRFLOW_CTX_DAG_ID='f1_data_pipeline_taskflow' AIRFLOW_CTX_TASK_ID='load_qualifications_task' AIRFLOW_CTX_EXECUTION_DATE='2024-06-06T00:00:00+00:00' AIRFLOW_CTX_TRY_NUMBER='1' AIRFLOW_CTX_DAG_RUN_ID='scheduled__2024-06-06T00:00:00+00:00'
[2024-06-07T10:29:20.725+0000] {taskinstance.py:430} INFO - ::endgroup::
[2024-06-07T10:29:20.726+0000] {crypto.py:82} WARNING - empty cryptography key - values will not be stored encrypted.
[2024-06-07T10:29:20.726+0000] {base.py:84} INFO - Using connection ID 'sourcedb_connection' for task execution.
[2024-06-07T10:29:20.776+0000] {python.py:237} INFO - Done. Returned value was: None
[2024-06-07T10:29:20.776+0000] {taskinstance.py:441} INFO - ::group::Post task execution logs
[2024-06-07T10:29:20.785+0000] {taskinstance.py:1206} INFO - Marking task as SUCCESS. dag_id=f1_data_pipeline_taskflow, task_id=load_qualifications_task, run_id=scheduled__2024-06-06T00:00:00+00:00, execution_date=20240606T000000, start_date=20240607T102920, end_date=20240607T102920
[2024-06-07T10:29:20.827+0000] {local_task_job_runner.py:240} INFO - Task exited with return code 0
[2024-06-07T10:29:20.876+0000] {taskinstance.py:3498} INFO - 0 downstream tasks scheduled from follow-on schedule check
[2024-06-07T10:29:20.879+0000] {local_task_job_runner.py:222} INFO - ::endgroup::
[2024-06-07T10:54:57.462+0000] {local_task_job_runner.py:120} INFO - ::group::Pre task execution logs
[2024-06-07T10:54:57.481+0000] {taskinstance.py:2076} INFO - Dependencies all met for dep_context=non-requeueable deps ti=<TaskInstance: f1_data_pipeline_taskflow.load_qualifications_task scheduled__2024-06-06T00:00:00+00:00 [queued]>
[2024-06-07T10:54:57.487+0000] {taskinstance.py:2076} INFO - Dependencies all met for dep_context=requeueable deps ti=<TaskInstance: f1_data_pipeline_taskflow.load_qualifications_task scheduled__2024-06-06T00:00:00+00:00 [queued]>
[2024-06-07T10:54:57.487+0000] {taskinstance.py:2306} INFO - Starting attempt 1 of 1
[2024-06-07T10:54:57.495+0000] {taskinstance.py:2330} INFO - Executing <Task(_PythonDecoratedOperator): load_qualifications_task> on 2024-06-06 00:00:00+00:00
[2024-06-07T10:54:57.502+0000] {warnings.py:110} WARNING - /home/***/.local/lib/python3.12/site-packages/***/task/task_runner/standard_task_runner.py:61: DeprecationWarning: This process (pid=630) is multi-threaded, use of fork() may lead to deadlocks in the child.
  pid = os.fork()

[2024-06-07T10:54:57.503+0000] {standard_task_runner.py:63} INFO - Started process 636 to run task
[2024-06-07T10:54:57.503+0000] {standard_task_runner.py:90} INFO - Running: ['***', 'tasks', 'run', 'f1_data_pipeline_taskflow', 'load_qualifications_task', 'scheduled__2024-06-06T00:00:00+00:00', '--job-id', '27', '--raw', '--subdir', 'DAGS_FOLDER/etl_dag.py', '--cfg-path', '/tmp/tmpjghhkstz']
[2024-06-07T10:54:57.505+0000] {standard_task_runner.py:91} INFO - Job 27: Subtask load_qualifications_task
[2024-06-07T10:54:57.541+0000] {task_command.py:426} INFO - Running <TaskInstance: f1_data_pipeline_taskflow.load_qualifications_task scheduled__2024-06-06T00:00:00+00:00 [running]> on host 511ae3a85ee7
[2024-06-07T10:54:57.650+0000] {taskinstance.py:2648} INFO - Exporting env vars: AIRFLOW_CTX_DAG_OWNER='***' AIRFLOW_CTX_DAG_ID='f1_data_pipeline_taskflow' AIRFLOW_CTX_TASK_ID='load_qualifications_task' AIRFLOW_CTX_EXECUTION_DATE='2024-06-06T00:00:00+00:00' AIRFLOW_CTX_TRY_NUMBER='1' AIRFLOW_CTX_DAG_RUN_ID='scheduled__2024-06-06T00:00:00+00:00'
[2024-06-07T10:54:57.651+0000] {taskinstance.py:430} INFO - ::endgroup::
[2024-06-07T10:54:57.652+0000] {crypto.py:82} WARNING - empty cryptography key - values will not be stored encrypted.
[2024-06-07T10:54:57.652+0000] {base.py:84} INFO - Using connection ID 'sourcedb_connection' for task execution.
[2024-06-07T10:54:57.698+0000] {python.py:237} INFO - Done. Returned value was: None
[2024-06-07T10:54:57.699+0000] {taskinstance.py:441} INFO - ::group::Post task execution logs
[2024-06-07T10:54:57.705+0000] {taskinstance.py:1206} INFO - Marking task as SUCCESS. dag_id=f1_data_pipeline_taskflow, task_id=load_qualifications_task, run_id=scheduled__2024-06-06T00:00:00+00:00, execution_date=20240606T000000, start_date=20240607T105457, end_date=20240607T105457
[2024-06-07T10:54:57.756+0000] {local_task_job_runner.py:240} INFO - Task exited with return code 0
[2024-06-07T10:54:57.774+0000] {taskinstance.py:3498} INFO - 0 downstream tasks scheduled from follow-on schedule check
[2024-06-07T10:54:57.776+0000] {local_task_job_runner.py:222} INFO - ::endgroup::
[2024-06-07T11:04:24.511+0000] {local_task_job_runner.py:120} INFO - ::group::Pre task execution logs
[2024-06-07T11:04:24.529+0000] {taskinstance.py:2076} INFO - Dependencies all met for dep_context=non-requeueable deps ti=<TaskInstance: f1_data_pipeline_taskflow.load_qualifications_task scheduled__2024-06-06T00:00:00+00:00 [queued]>
[2024-06-07T11:04:24.536+0000] {taskinstance.py:2076} INFO - Dependencies all met for dep_context=requeueable deps ti=<TaskInstance: f1_data_pipeline_taskflow.load_qualifications_task scheduled__2024-06-06T00:00:00+00:00 [queued]>
[2024-06-07T11:04:24.536+0000] {taskinstance.py:2306} INFO - Starting attempt 1 of 1
[2024-06-07T11:04:24.546+0000] {taskinstance.py:2330} INFO - Executing <Task(_PythonDecoratedOperator): load_qualifications_task> on 2024-06-06 00:00:00+00:00
[2024-06-07T11:04:24.553+0000] {warnings.py:110} WARNING - /home/***/.local/lib/python3.12/site-packages/***/task/task_runner/standard_task_runner.py:61: DeprecationWarning: This process (pid=486) is multi-threaded, use of fork() may lead to deadlocks in the child.
  pid = os.fork()

[2024-06-07T11:04:24.554+0000] {standard_task_runner.py:63} INFO - Started process 493 to run task
[2024-06-07T11:04:24.555+0000] {standard_task_runner.py:90} INFO - Running: ['***', 'tasks', 'run', 'f1_data_pipeline_taskflow', 'load_qualifications_task', 'scheduled__2024-06-06T00:00:00+00:00', '--job-id', '25', '--raw', '--subdir', 'DAGS_FOLDER/etl_dag.py', '--cfg-path', '/tmp/tmp2ds0dosr']
[2024-06-07T11:04:24.557+0000] {standard_task_runner.py:91} INFO - Job 25: Subtask load_qualifications_task
[2024-06-07T11:04:24.596+0000] {task_command.py:426} INFO - Running <TaskInstance: f1_data_pipeline_taskflow.load_qualifications_task scheduled__2024-06-06T00:00:00+00:00 [running]> on host 56deb138ba11
[2024-06-07T11:04:24.721+0000] {taskinstance.py:2648} INFO - Exporting env vars: AIRFLOW_CTX_DAG_OWNER='***' AIRFLOW_CTX_DAG_ID='f1_data_pipeline_taskflow' AIRFLOW_CTX_TASK_ID='load_qualifications_task' AIRFLOW_CTX_EXECUTION_DATE='2024-06-06T00:00:00+00:00' AIRFLOW_CTX_TRY_NUMBER='1' AIRFLOW_CTX_DAG_RUN_ID='scheduled__2024-06-06T00:00:00+00:00'
[2024-06-07T11:04:24.724+0000] {taskinstance.py:430} INFO - ::endgroup::
[2024-06-07T11:04:24.726+0000] {crypto.py:82} WARNING - empty cryptography key - values will not be stored encrypted.
[2024-06-07T11:04:24.726+0000] {base.py:84} INFO - Using connection ID 'sourcedb_connection' for task execution.
[2024-06-07T11:04:24.797+0000] {python.py:237} INFO - Done. Returned value was: None
[2024-06-07T11:04:24.799+0000] {taskinstance.py:441} INFO - ::group::Post task execution logs
[2024-06-07T11:04:24.823+0000] {taskinstance.py:1206} INFO - Marking task as SUCCESS. dag_id=f1_data_pipeline_taskflow, task_id=load_qualifications_task, run_id=scheduled__2024-06-06T00:00:00+00:00, execution_date=20240606T000000, start_date=20240607T110424, end_date=20240607T110424
[2024-06-07T11:04:24.889+0000] {local_task_job_runner.py:240} INFO - Task exited with return code 0
[2024-06-07T11:04:24.910+0000] {taskinstance.py:3498} INFO - 0 downstream tasks scheduled from follow-on schedule check
[2024-06-07T11:04:24.912+0000] {local_task_job_runner.py:222} INFO - ::endgroup::
[2024-06-07T11:15:11.560+0000] {local_task_job_runner.py:120} INFO - ::group::Pre task execution logs
[2024-06-07T11:15:11.576+0000] {taskinstance.py:2076} INFO - Dependencies all met for dep_context=non-requeueable deps ti=<TaskInstance: f1_data_pipeline_taskflow.load_qualifications_task scheduled__2024-06-06T00:00:00+00:00 [queued]>
[2024-06-07T11:15:11.582+0000] {taskinstance.py:2076} INFO - Dependencies all met for dep_context=requeueable deps ti=<TaskInstance: f1_data_pipeline_taskflow.load_qualifications_task scheduled__2024-06-06T00:00:00+00:00 [queued]>
[2024-06-07T11:15:11.583+0000] {taskinstance.py:2306} INFO - Starting attempt 1 of 1
[2024-06-07T11:15:11.591+0000] {taskinstance.py:2330} INFO - Executing <Task(_PythonDecoratedOperator): load_qualifications_task> on 2024-06-06 00:00:00+00:00
[2024-06-07T11:15:11.597+0000] {warnings.py:110} WARNING - /home/***/.local/lib/python3.12/site-packages/***/task/task_runner/standard_task_runner.py:61: DeprecationWarning: This process (pid=537) is multi-threaded, use of fork() may lead to deadlocks in the child.
  pid = os.fork()

[2024-06-07T11:15:11.598+0000] {standard_task_runner.py:63} INFO - Started process 584 to run task
[2024-06-07T11:15:11.598+0000] {standard_task_runner.py:90} INFO - Running: ['***', 'tasks', 'run', 'f1_data_pipeline_taskflow', 'load_qualifications_task', 'scheduled__2024-06-06T00:00:00+00:00', '--job-id', '30', '--raw', '--subdir', 'DAGS_FOLDER/etl_dag.py', '--cfg-path', '/tmp/tmpss3__5es']
[2024-06-07T11:15:11.600+0000] {standard_task_runner.py:91} INFO - Job 30: Subtask load_qualifications_task
[2024-06-07T11:15:11.634+0000] {task_command.py:426} INFO - Running <TaskInstance: f1_data_pipeline_taskflow.load_qualifications_task scheduled__2024-06-06T00:00:00+00:00 [running]> on host bdba731e3ece
[2024-06-07T11:15:11.737+0000] {taskinstance.py:2648} INFO - Exporting env vars: AIRFLOW_CTX_DAG_OWNER='***' AIRFLOW_CTX_DAG_ID='f1_data_pipeline_taskflow' AIRFLOW_CTX_TASK_ID='load_qualifications_task' AIRFLOW_CTX_EXECUTION_DATE='2024-06-06T00:00:00+00:00' AIRFLOW_CTX_TRY_NUMBER='1' AIRFLOW_CTX_DAG_RUN_ID='scheduled__2024-06-06T00:00:00+00:00'
[2024-06-07T11:15:11.739+0000] {taskinstance.py:430} INFO - ::endgroup::
[2024-06-07T11:15:11.740+0000] {crypto.py:82} WARNING - empty cryptography key - values will not be stored encrypted.
[2024-06-07T11:15:11.740+0000] {base.py:84} INFO - Using connection ID 'sourcedb_connection' for task execution.
[2024-06-07T11:15:11.786+0000] {python.py:237} INFO - Done. Returned value was: None
[2024-06-07T11:15:11.786+0000] {taskinstance.py:441} INFO - ::group::Post task execution logs
[2024-06-07T11:15:11.793+0000] {taskinstance.py:1206} INFO - Marking task as SUCCESS. dag_id=f1_data_pipeline_taskflow, task_id=load_qualifications_task, run_id=scheduled__2024-06-06T00:00:00+00:00, execution_date=20240606T000000, start_date=20240607T111511, end_date=20240607T111511
[2024-06-07T11:15:11.811+0000] {local_task_job_runner.py:240} INFO - Task exited with return code 0
[2024-06-07T11:15:11.828+0000] {taskinstance.py:3498} INFO - 0 downstream tasks scheduled from follow-on schedule check
[2024-06-07T11:15:11.830+0000] {local_task_job_runner.py:222} INFO - ::endgroup::
[2024-06-07T12:31:01.146+0000] {local_task_job_runner.py:120} INFO - ::group::Pre task execution logs
[2024-06-07T12:31:01.163+0000] {taskinstance.py:2076} INFO - Dependencies all met for dep_context=non-requeueable deps ti=<TaskInstance: f1_data_pipeline_taskflow.load_qualifications_task scheduled__2024-06-06T00:00:00+00:00 [queued]>
[2024-06-07T12:31:01.170+0000] {taskinstance.py:2076} INFO - Dependencies all met for dep_context=requeueable deps ti=<TaskInstance: f1_data_pipeline_taskflow.load_qualifications_task scheduled__2024-06-06T00:00:00+00:00 [queued]>
[2024-06-07T12:31:01.171+0000] {taskinstance.py:2306} INFO - Starting attempt 1 of 1
[2024-06-07T12:31:01.181+0000] {taskinstance.py:2330} INFO - Executing <Task(_PythonDecoratedOperator): load_qualifications_task> on 2024-06-06 00:00:00+00:00
[2024-06-07T12:31:01.189+0000] {warnings.py:110} WARNING - /home/***/.local/lib/python3.12/site-packages/***/task/task_runner/standard_task_runner.py:61: DeprecationWarning: This process (pid=471) is multi-threaded, use of fork() may lead to deadlocks in the child.
  pid = os.fork()

[2024-06-07T12:31:01.191+0000] {standard_task_runner.py:63} INFO - Started process 487 to run task
[2024-06-07T12:31:01.190+0000] {standard_task_runner.py:90} INFO - Running: ['***', 'tasks', 'run', 'f1_data_pipeline_taskflow', 'load_qualifications_task', 'scheduled__2024-06-06T00:00:00+00:00', '--job-id', '27', '--raw', '--subdir', 'DAGS_FOLDER/etl_dag.py', '--cfg-path', '/tmp/tmprabposrb']
[2024-06-07T12:31:01.192+0000] {standard_task_runner.py:91} INFO - Job 27: Subtask load_qualifications_task
[2024-06-07T12:31:01.241+0000] {task_command.py:426} INFO - Running <TaskInstance: f1_data_pipeline_taskflow.load_qualifications_task scheduled__2024-06-06T00:00:00+00:00 [running]> on host 5a6477355f45
[2024-06-07T12:31:01.386+0000] {taskinstance.py:2648} INFO - Exporting env vars: AIRFLOW_CTX_DAG_OWNER='***' AIRFLOW_CTX_DAG_ID='f1_data_pipeline_taskflow' AIRFLOW_CTX_TASK_ID='load_qualifications_task' AIRFLOW_CTX_EXECUTION_DATE='2024-06-06T00:00:00+00:00' AIRFLOW_CTX_TRY_NUMBER='1' AIRFLOW_CTX_DAG_RUN_ID='scheduled__2024-06-06T00:00:00+00:00'
[2024-06-07T12:31:01.390+0000] {taskinstance.py:430} INFO - ::endgroup::
[2024-06-07T12:31:01.392+0000] {crypto.py:82} WARNING - empty cryptography key - values will not be stored encrypted.
[2024-06-07T12:31:01.393+0000] {base.py:84} INFO - Using connection ID 'sourcedb_connection' for task execution.
[2024-06-07T12:31:01.458+0000] {python.py:237} INFO - Done. Returned value was: None
[2024-06-07T12:31:01.459+0000] {taskinstance.py:441} INFO - ::group::Post task execution logs
[2024-06-07T12:31:01.478+0000] {taskinstance.py:1206} INFO - Marking task as SUCCESS. dag_id=f1_data_pipeline_taskflow, task_id=load_qualifications_task, run_id=scheduled__2024-06-06T00:00:00+00:00, execution_date=20240606T000000, start_date=20240607T123101, end_date=20240607T123101
[2024-06-07T12:31:01.526+0000] {local_task_job_runner.py:240} INFO - Task exited with return code 0
[2024-06-07T12:31:01.562+0000] {taskinstance.py:3498} INFO - 0 downstream tasks scheduled from follow-on schedule check
[2024-06-07T12:31:01.564+0000] {local_task_job_runner.py:222} INFO - ::endgroup::
[2024-06-07T13:02:20.094+0000] {local_task_job_runner.py:120} INFO - ::group::Pre task execution logs
[2024-06-07T13:02:20.111+0000] {taskinstance.py:2076} INFO - Dependencies all met for dep_context=non-requeueable deps ti=<TaskInstance: f1_data_pipeline_taskflow.load_qualifications_task scheduled__2024-06-06T00:00:00+00:00 [queued]>
[2024-06-07T13:02:20.118+0000] {taskinstance.py:2076} INFO - Dependencies all met for dep_context=requeueable deps ti=<TaskInstance: f1_data_pipeline_taskflow.load_qualifications_task scheduled__2024-06-06T00:00:00+00:00 [queued]>
[2024-06-07T13:02:20.119+0000] {taskinstance.py:2306} INFO - Starting attempt 1 of 1
[2024-06-07T13:02:20.128+0000] {taskinstance.py:2330} INFO - Executing <Task(_PythonDecoratedOperator): load_qualifications_task> on 2024-06-06 00:00:00+00:00
[2024-06-07T13:02:20.136+0000] {warnings.py:110} WARNING - /home/***/.local/lib/python3.12/site-packages/***/task/task_runner/standard_task_runner.py:61: DeprecationWarning: This process (pid=504) is multi-threaded, use of fork() may lead to deadlocks in the child.
  pid = os.fork()

[2024-06-07T13:02:20.137+0000] {standard_task_runner.py:63} INFO - Started process 513 to run task
[2024-06-07T13:02:20.138+0000] {standard_task_runner.py:90} INFO - Running: ['***', 'tasks', 'run', 'f1_data_pipeline_taskflow', 'load_qualifications_task', 'scheduled__2024-06-06T00:00:00+00:00', '--job-id', '27', '--raw', '--subdir', 'DAGS_FOLDER/etl_dag.py', '--cfg-path', '/tmp/tmpdr6cngpy']
[2024-06-07T13:02:20.139+0000] {standard_task_runner.py:91} INFO - Job 27: Subtask load_qualifications_task
[2024-06-07T13:02:20.176+0000] {task_command.py:426} INFO - Running <TaskInstance: f1_data_pipeline_taskflow.load_qualifications_task scheduled__2024-06-06T00:00:00+00:00 [running]> on host f698bc001b17
[2024-06-07T13:02:20.287+0000] {taskinstance.py:2648} INFO - Exporting env vars: AIRFLOW_CTX_DAG_OWNER='***' AIRFLOW_CTX_DAG_ID='f1_data_pipeline_taskflow' AIRFLOW_CTX_TASK_ID='load_qualifications_task' AIRFLOW_CTX_EXECUTION_DATE='2024-06-06T00:00:00+00:00' AIRFLOW_CTX_TRY_NUMBER='1' AIRFLOW_CTX_DAG_RUN_ID='scheduled__2024-06-06T00:00:00+00:00'
[2024-06-07T13:02:20.288+0000] {taskinstance.py:430} INFO - ::endgroup::
[2024-06-07T13:02:20.289+0000] {crypto.py:82} WARNING - empty cryptography key - values will not be stored encrypted.
[2024-06-07T13:02:20.290+0000] {base.py:84} INFO - Using connection ID 'sourcedb_connection' for task execution.
[2024-06-07T13:02:20.337+0000] {python.py:237} INFO - Done. Returned value was: None
[2024-06-07T13:02:20.338+0000] {taskinstance.py:441} INFO - ::group::Post task execution logs
[2024-06-07T13:02:20.345+0000] {taskinstance.py:1206} INFO - Marking task as SUCCESS. dag_id=f1_data_pipeline_taskflow, task_id=load_qualifications_task, run_id=scheduled__2024-06-06T00:00:00+00:00, execution_date=20240606T000000, start_date=20240607T130220, end_date=20240607T130220
[2024-06-07T13:02:20.391+0000] {local_task_job_runner.py:240} INFO - Task exited with return code 0
[2024-06-07T13:02:20.408+0000] {taskinstance.py:3498} INFO - 0 downstream tasks scheduled from follow-on schedule check
[2024-06-07T13:02:20.409+0000] {local_task_job_runner.py:222} INFO - ::endgroup::
[2024-06-07T13:10:46.937+0000] {local_task_job_runner.py:120} INFO - ::group::Pre task execution logs
[2024-06-07T13:10:46.952+0000] {taskinstance.py:2076} INFO - Dependencies all met for dep_context=non-requeueable deps ti=<TaskInstance: f1_data_pipeline_taskflow.load_qualifications_task scheduled__2024-06-06T00:00:00+00:00 [queued]>
[2024-06-07T13:10:46.959+0000] {taskinstance.py:2076} INFO - Dependencies all met for dep_context=requeueable deps ti=<TaskInstance: f1_data_pipeline_taskflow.load_qualifications_task scheduled__2024-06-06T00:00:00+00:00 [queued]>
[2024-06-07T13:10:46.959+0000] {taskinstance.py:2306} INFO - Starting attempt 1 of 1
[2024-06-07T13:10:46.968+0000] {taskinstance.py:2330} INFO - Executing <Task(_PythonDecoratedOperator): load_qualifications_task> on 2024-06-06 00:00:00+00:00
[2024-06-07T13:10:46.975+0000] {warnings.py:110} WARNING - /home/***/.local/lib/python3.12/site-packages/***/task/task_runner/standard_task_runner.py:61: DeprecationWarning: This process (pid=496) is multi-threaded, use of fork() may lead to deadlocks in the child.
  pid = os.fork()

[2024-06-07T13:10:46.976+0000] {standard_task_runner.py:63} INFO - Started process 506 to run task
[2024-06-07T13:10:46.979+0000] {standard_task_runner.py:90} INFO - Running: ['***', 'tasks', 'run', 'f1_data_pipeline_taskflow', 'load_qualifications_task', 'scheduled__2024-06-06T00:00:00+00:00', '--job-id', '28', '--raw', '--subdir', 'DAGS_FOLDER/etl_dag.py', '--cfg-path', '/tmp/tmpr29fc1yk']
[2024-06-07T13:10:46.981+0000] {standard_task_runner.py:91} INFO - Job 28: Subtask load_qualifications_task
[2024-06-07T13:10:47.017+0000] {task_command.py:426} INFO - Running <TaskInstance: f1_data_pipeline_taskflow.load_qualifications_task scheduled__2024-06-06T00:00:00+00:00 [running]> on host 5220b11abc3b
[2024-06-07T13:10:47.121+0000] {taskinstance.py:2648} INFO - Exporting env vars: AIRFLOW_CTX_DAG_OWNER='***' AIRFLOW_CTX_DAG_ID='f1_data_pipeline_taskflow' AIRFLOW_CTX_TASK_ID='load_qualifications_task' AIRFLOW_CTX_EXECUTION_DATE='2024-06-06T00:00:00+00:00' AIRFLOW_CTX_TRY_NUMBER='1' AIRFLOW_CTX_DAG_RUN_ID='scheduled__2024-06-06T00:00:00+00:00'
[2024-06-07T13:10:47.123+0000] {taskinstance.py:430} INFO - ::endgroup::
[2024-06-07T13:10:47.124+0000] {crypto.py:82} WARNING - empty cryptography key - values will not be stored encrypted.
[2024-06-07T13:10:47.125+0000] {base.py:84} INFO - Using connection ID 'sourcedb_connection' for task execution.
[2024-06-07T13:10:47.174+0000] {python.py:237} INFO - Done. Returned value was: None
[2024-06-07T13:10:47.175+0000] {taskinstance.py:441} INFO - ::group::Post task execution logs
[2024-06-07T13:10:47.181+0000] {taskinstance.py:1206} INFO - Marking task as SUCCESS. dag_id=f1_data_pipeline_taskflow, task_id=load_qualifications_task, run_id=scheduled__2024-06-06T00:00:00+00:00, execution_date=20240606T000000, start_date=20240607T131046, end_date=20240607T131047
[2024-06-07T13:10:47.229+0000] {local_task_job_runner.py:240} INFO - Task exited with return code 0
[2024-06-07T13:10:47.246+0000] {taskinstance.py:3498} INFO - 0 downstream tasks scheduled from follow-on schedule check
[2024-06-07T13:10:47.247+0000] {local_task_job_runner.py:222} INFO - ::endgroup::
[2024-06-07T14:13:57.751+0000] {local_task_job_runner.py:120} INFO - ::group::Pre task execution logs
[2024-06-07T14:13:57.768+0000] {taskinstance.py:2076} INFO - Dependencies all met for dep_context=non-requeueable deps ti=<TaskInstance: f1_data_pipeline_taskflow.load_qualifications_task scheduled__2024-06-06T00:00:00+00:00 [queued]>
[2024-06-07T14:13:57.773+0000] {taskinstance.py:2076} INFO - Dependencies all met for dep_context=requeueable deps ti=<TaskInstance: f1_data_pipeline_taskflow.load_qualifications_task scheduled__2024-06-06T00:00:00+00:00 [queued]>
[2024-06-07T14:13:57.774+0000] {taskinstance.py:2306} INFO - Starting attempt 1 of 1
[2024-06-07T14:13:57.782+0000] {taskinstance.py:2330} INFO - Executing <Task(_PythonDecoratedOperator): load_qualifications_task> on 2024-06-06 00:00:00+00:00
[2024-06-07T14:13:57.788+0000] {warnings.py:110} WARNING - /home/***/.local/lib/python3.12/site-packages/***/task/task_runner/standard_task_runner.py:61: DeprecationWarning: This process (pid=502) is multi-threaded, use of fork() may lead to deadlocks in the child.
  pid = os.fork()

[2024-06-07T14:13:57.789+0000] {standard_task_runner.py:63} INFO - Started process 511 to run task
[2024-06-07T14:13:57.789+0000] {standard_task_runner.py:90} INFO - Running: ['***', 'tasks', 'run', 'f1_data_pipeline_taskflow', 'load_qualifications_task', 'scheduled__2024-06-06T00:00:00+00:00', '--job-id', '27', '--raw', '--subdir', 'DAGS_FOLDER/etl_dag.py', '--cfg-path', '/tmp/tmpd1d6kgbf']
[2024-06-07T14:13:57.791+0000] {standard_task_runner.py:91} INFO - Job 27: Subtask load_qualifications_task
[2024-06-07T14:13:57.827+0000] {task_command.py:426} INFO - Running <TaskInstance: f1_data_pipeline_taskflow.load_qualifications_task scheduled__2024-06-06T00:00:00+00:00 [running]> on host 21a09bc8bac4
[2024-06-07T14:13:57.930+0000] {taskinstance.py:2648} INFO - Exporting env vars: AIRFLOW_CTX_DAG_OWNER='***' AIRFLOW_CTX_DAG_ID='f1_data_pipeline_taskflow' AIRFLOW_CTX_TASK_ID='load_qualifications_task' AIRFLOW_CTX_EXECUTION_DATE='2024-06-06T00:00:00+00:00' AIRFLOW_CTX_TRY_NUMBER='1' AIRFLOW_CTX_DAG_RUN_ID='scheduled__2024-06-06T00:00:00+00:00'
[2024-06-07T14:13:57.930+0000] {taskinstance.py:430} INFO - ::endgroup::
[2024-06-07T14:13:57.931+0000] {crypto.py:82} WARNING - empty cryptography key - values will not be stored encrypted.
[2024-06-07T14:13:57.932+0000] {base.py:84} INFO - Using connection ID 'sourcedb_connection' for task execution.
[2024-06-07T14:13:57.978+0000] {python.py:237} INFO - Done. Returned value was: None
[2024-06-07T14:13:57.978+0000] {taskinstance.py:441} INFO - ::group::Post task execution logs
[2024-06-07T14:13:57.986+0000] {taskinstance.py:1206} INFO - Marking task as SUCCESS. dag_id=f1_data_pipeline_taskflow, task_id=load_qualifications_task, run_id=scheduled__2024-06-06T00:00:00+00:00, execution_date=20240606T000000, start_date=20240607T141357, end_date=20240607T141357
[2024-06-07T14:13:58.002+0000] {local_task_job_runner.py:240} INFO - Task exited with return code 0
[2024-06-07T14:13:58.018+0000] {taskinstance.py:3498} INFO - 0 downstream tasks scheduled from follow-on schedule check
[2024-06-07T14:13:58.020+0000] {local_task_job_runner.py:222} INFO - ::endgroup::
[2024-06-07T14:41:51.605+0000] {local_task_job_runner.py:120} INFO - ::group::Pre task execution logs
[2024-06-07T14:41:51.621+0000] {taskinstance.py:2076} INFO - Dependencies all met for dep_context=non-requeueable deps ti=<TaskInstance: f1_data_pipeline_taskflow.load_qualifications_task scheduled__2024-06-06T00:00:00+00:00 [queued]>
[2024-06-07T14:41:51.627+0000] {taskinstance.py:2076} INFO - Dependencies all met for dep_context=requeueable deps ti=<TaskInstance: f1_data_pipeline_taskflow.load_qualifications_task scheduled__2024-06-06T00:00:00+00:00 [queued]>
[2024-06-07T14:41:51.627+0000] {taskinstance.py:2306} INFO - Starting attempt 1 of 1
[2024-06-07T14:41:51.635+0000] {taskinstance.py:2330} INFO - Executing <Task(_PythonDecoratedOperator): load_qualifications_task> on 2024-06-06 00:00:00+00:00
[2024-06-07T14:41:51.641+0000] {warnings.py:110} WARNING - /home/***/.local/lib/python3.12/site-packages/***/task/task_runner/standard_task_runner.py:61: DeprecationWarning: This process (pid=504) is multi-threaded, use of fork() may lead to deadlocks in the child.
  pid = os.fork()

[2024-06-07T14:41:51.642+0000] {standard_task_runner.py:63} INFO - Started process 512 to run task
[2024-06-07T14:41:51.643+0000] {standard_task_runner.py:90} INFO - Running: ['***', 'tasks', 'run', 'f1_data_pipeline_taskflow', 'load_qualifications_task', 'scheduled__2024-06-06T00:00:00+00:00', '--job-id', '28', '--raw', '--subdir', 'DAGS_FOLDER/etl_dag.py', '--cfg-path', '/tmp/tmpwi3eukb5']
[2024-06-07T14:41:51.644+0000] {standard_task_runner.py:91} INFO - Job 28: Subtask load_qualifications_task
[2024-06-07T14:41:51.677+0000] {task_command.py:426} INFO - Running <TaskInstance: f1_data_pipeline_taskflow.load_qualifications_task scheduled__2024-06-06T00:00:00+00:00 [running]> on host 5b44fb81e12c
[2024-06-07T14:41:51.784+0000] {taskinstance.py:2648} INFO - Exporting env vars: AIRFLOW_CTX_DAG_OWNER='***' AIRFLOW_CTX_DAG_ID='f1_data_pipeline_taskflow' AIRFLOW_CTX_TASK_ID='load_qualifications_task' AIRFLOW_CTX_EXECUTION_DATE='2024-06-06T00:00:00+00:00' AIRFLOW_CTX_TRY_NUMBER='1' AIRFLOW_CTX_DAG_RUN_ID='scheduled__2024-06-06T00:00:00+00:00'
[2024-06-07T14:41:51.784+0000] {taskinstance.py:430} INFO - ::endgroup::
[2024-06-07T14:41:51.785+0000] {crypto.py:82} WARNING - empty cryptography key - values will not be stored encrypted.
[2024-06-07T14:41:51.786+0000] {base.py:84} INFO - Using connection ID 'sourcedb_connection' for task execution.
[2024-06-07T14:41:51.835+0000] {python.py:237} INFO - Done. Returned value was: None
[2024-06-07T14:41:51.835+0000] {taskinstance.py:441} INFO - ::group::Post task execution logs
[2024-06-07T14:41:51.843+0000] {taskinstance.py:1206} INFO - Marking task as SUCCESS. dag_id=f1_data_pipeline_taskflow, task_id=load_qualifications_task, run_id=scheduled__2024-06-06T00:00:00+00:00, execution_date=20240606T000000, start_date=20240607T144151, end_date=20240607T144151
[2024-06-07T14:41:51.896+0000] {local_task_job_runner.py:240} INFO - Task exited with return code 0
[2024-06-07T14:41:51.913+0000] {taskinstance.py:3498} INFO - 0 downstream tasks scheduled from follow-on schedule check
[2024-06-07T14:41:51.914+0000] {local_task_job_runner.py:222} INFO - ::endgroup::
