[2024-06-19T07:28:41.688+0000] {local_task_job_runner.py:120} INFO - ::group::Pre task execution logs
[2024-06-19T07:28:41.706+0000] {taskinstance.py:2076} INFO - Dependencies all met for dep_context=non-requeueable deps ti=<TaskInstance: f1_data_pipeline_taskflow.raceResultsFact_transform scheduled__2024-06-18T00:00:00+00:00 [queued]>
[2024-06-19T07:28:41.715+0000] {taskinstance.py:2076} INFO - Dependencies all met for dep_context=requeueable deps ti=<TaskInstance: f1_data_pipeline_taskflow.raceResultsFact_transform scheduled__2024-06-18T00:00:00+00:00 [queued]>
[2024-06-19T07:28:41.715+0000] {taskinstance.py:2306} INFO - Starting attempt 1 of 1
[2024-06-19T07:28:41.727+0000] {taskinstance.py:2330} INFO - Executing <Task(_PythonDecoratedOperator): raceResultsFact_transform> on 2024-06-18 00:00:00+00:00
[2024-06-19T07:28:41.732+0000] {warnings.py:110} WARNING - /home/***/.local/lib/python3.12/site-packages/***/task/task_runner/standard_task_runner.py:61: DeprecationWarning: This process (pid=142) is multi-threaded, use of fork() may lead to deadlocks in the child.
  pid = os.fork()

[2024-06-19T07:28:41.733+0000] {standard_task_runner.py:63} INFO - Started process 161 to run task
[2024-06-19T07:28:41.733+0000] {standard_task_runner.py:90} INFO - Running: ['***', 'tasks', 'run', 'f1_data_pipeline_taskflow', 'raceResultsFact_transform', 'scheduled__2024-06-18T00:00:00+00:00', '--job-id', '11', '--raw', '--subdir', 'DAGS_FOLDER/etl_dag.py', '--cfg-path', '/tmp/tmpvaur4dfl']
[2024-06-19T07:28:41.736+0000] {standard_task_runner.py:91} INFO - Job 11: Subtask raceResultsFact_transform
[2024-06-19T07:28:41.793+0000] {task_command.py:426} INFO - Running <TaskInstance: f1_data_pipeline_taskflow.raceResultsFact_transform scheduled__2024-06-18T00:00:00+00:00 [running]> on host 5d5bc16a80d8
[2024-06-19T07:28:44.013+0000] {taskinstance.py:2648} INFO - Exporting env vars: AIRFLOW_CTX_DAG_OWNER='***' AIRFLOW_CTX_DAG_ID='f1_data_pipeline_taskflow' AIRFLOW_CTX_TASK_ID='raceResultsFact_transform' AIRFLOW_CTX_EXECUTION_DATE='2024-06-18T00:00:00+00:00' AIRFLOW_CTX_TRY_NUMBER='1' AIRFLOW_CTX_DAG_RUN_ID='scheduled__2024-06-18T00:00:00+00:00'
[2024-06-19T07:28:44.016+0000] {taskinstance.py:430} INFO - ::endgroup::
[2024-06-19T07:28:44.189+0000] {python.py:237} INFO - Done. Returned value was:         resultId  raceId  ...         time  fastestLap
0          21232     860  ...  1:34:09.565        56.0
116        21234     860  ...       +4.075        57.0
232        21269     861  ...    +1:19.719        50.0
512        21258     861  ...      +14.591        50.0
680        21281     862  ...      +20.626        56.0
...          ...     ...  ...          ...         ...
517536     22672     932  ...         None        38.0
517602     22731     936  ...         None        56.0
517927     22893     944  ...         None        42.0
518061     22894     944  ...         None        43.0
518195     23041     953  ...         None        70.0

[4502 rows x 15 columns]
[2024-06-19T07:28:44.206+0000] {taskinstance.py:441} INFO - ::group::Post task execution logs
[2024-06-19T07:28:44.253+0000] {taskinstance.py:1206} INFO - Marking task as SUCCESS. dag_id=f1_data_pipeline_taskflow, task_id=raceResultsFact_transform, run_id=scheduled__2024-06-18T00:00:00+00:00, execution_date=20240618T000000, start_date=20240619T072841, end_date=20240619T072844
[2024-06-19T07:28:44.306+0000] {local_task_job_runner.py:240} INFO - Task exited with return code 0
[2024-06-19T07:28:44.328+0000] {taskinstance.py:3498} INFO - 1 downstream tasks scheduled from follow-on schedule check
[2024-06-19T07:28:44.330+0000] {local_task_job_runner.py:222} INFO - ::endgroup::
[2024-06-19T08:27:03.076+0000] {local_task_job_runner.py:120} INFO - ::group::Pre task execution logs
[2024-06-19T08:27:03.094+0000] {taskinstance.py:2076} INFO - Dependencies all met for dep_context=non-requeueable deps ti=<TaskInstance: f1_data_pipeline_taskflow.raceResultsFact_transform scheduled__2024-06-18T00:00:00+00:00 [queued]>
[2024-06-19T08:27:03.100+0000] {taskinstance.py:2076} INFO - Dependencies all met for dep_context=requeueable deps ti=<TaskInstance: f1_data_pipeline_taskflow.raceResultsFact_transform scheduled__2024-06-18T00:00:00+00:00 [queued]>
[2024-06-19T08:27:03.100+0000] {taskinstance.py:2306} INFO - Starting attempt 1 of 1
[2024-06-19T08:27:03.116+0000] {taskinstance.py:2330} INFO - Executing <Task(_PythonDecoratedOperator): raceResultsFact_transform> on 2024-06-18 00:00:00+00:00
[2024-06-19T08:27:03.121+0000] {warnings.py:110} WARNING - /home/***/.local/lib/python3.12/site-packages/***/task/task_runner/standard_task_runner.py:61: DeprecationWarning: This process (pid=115) is multi-threaded, use of fork() may lead to deadlocks in the child.
  pid = os.fork()

[2024-06-19T08:27:03.122+0000] {standard_task_runner.py:63} INFO - Started process 134 to run task
[2024-06-19T08:27:03.123+0000] {standard_task_runner.py:90} INFO - Running: ['***', 'tasks', 'run', 'f1_data_pipeline_taskflow', 'raceResultsFact_transform', 'scheduled__2024-06-18T00:00:00+00:00', '--job-id', '11', '--raw', '--subdir', 'DAGS_FOLDER/etl_dag.py', '--cfg-path', '/tmp/tmpdse1ou2f']
[2024-06-19T08:27:03.124+0000] {standard_task_runner.py:91} INFO - Job 11: Subtask raceResultsFact_transform
[2024-06-19T08:27:03.174+0000] {task_command.py:426} INFO - Running <TaskInstance: f1_data_pipeline_taskflow.raceResultsFact_transform scheduled__2024-06-18T00:00:00+00:00 [running]> on host d64590577fb7
[2024-06-19T08:27:05.001+0000] {taskinstance.py:2648} INFO - Exporting env vars: AIRFLOW_CTX_DAG_OWNER='***' AIRFLOW_CTX_DAG_ID='f1_data_pipeline_taskflow' AIRFLOW_CTX_TASK_ID='raceResultsFact_transform' AIRFLOW_CTX_EXECUTION_DATE='2024-06-18T00:00:00+00:00' AIRFLOW_CTX_TRY_NUMBER='1' AIRFLOW_CTX_DAG_RUN_ID='scheduled__2024-06-18T00:00:00+00:00'
[2024-06-19T08:27:05.003+0000] {taskinstance.py:430} INFO - ::endgroup::
[2024-06-19T08:27:05.170+0000] {python.py:237} INFO - Done. Returned value was:         resultId  raceId  ...         time  fastestLap
0          21232     860  ...  1:34:09.565        56.0
116        21234     860  ...       +4.075        57.0
232        21269     861  ...    +1:19.719        50.0
512        21258     861  ...      +14.591        50.0
680        21281     862  ...      +20.626        56.0
...          ...     ...  ...          ...         ...
517536     22672     932  ...         None        38.0
517602     22731     936  ...         None        56.0
517927     22893     944  ...         None        42.0
518061     22894     944  ...         None        43.0
518195     23041     953  ...         None        70.0

[4502 rows x 15 columns]
[2024-06-19T08:27:05.191+0000] {taskinstance.py:441} INFO - ::group::Post task execution logs
[2024-06-19T08:27:05.241+0000] {taskinstance.py:1206} INFO - Marking task as SUCCESS. dag_id=f1_data_pipeline_taskflow, task_id=raceResultsFact_transform, run_id=scheduled__2024-06-18T00:00:00+00:00, execution_date=20240618T000000, start_date=20240619T082703, end_date=20240619T082705
[2024-06-19T08:27:05.320+0000] {local_task_job_runner.py:240} INFO - Task exited with return code 0
[2024-06-19T08:27:05.338+0000] {taskinstance.py:3498} INFO - 1 downstream tasks scheduled from follow-on schedule check
[2024-06-19T08:27:05.340+0000] {local_task_job_runner.py:222} INFO - ::endgroup::
[2024-06-19T08:54:09.837+0000] {local_task_job_runner.py:120} INFO - ::group::Pre task execution logs
[2024-06-19T08:54:09.855+0000] {taskinstance.py:2076} INFO - Dependencies all met for dep_context=non-requeueable deps ti=<TaskInstance: f1_data_pipeline_taskflow.raceResultsFact_transform scheduled__2024-06-18T00:00:00+00:00 [queued]>
[2024-06-19T08:54:09.863+0000] {taskinstance.py:2076} INFO - Dependencies all met for dep_context=requeueable deps ti=<TaskInstance: f1_data_pipeline_taskflow.raceResultsFact_transform scheduled__2024-06-18T00:00:00+00:00 [queued]>
[2024-06-19T08:54:09.863+0000] {taskinstance.py:2306} INFO - Starting attempt 1 of 1
[2024-06-19T08:54:09.874+0000] {taskinstance.py:2330} INFO - Executing <Task(_PythonDecoratedOperator): raceResultsFact_transform> on 2024-06-18 00:00:00+00:00
[2024-06-19T08:54:09.881+0000] {warnings.py:110} WARNING - /home/***/.local/lib/python3.12/site-packages/***/task/task_runner/standard_task_runner.py:61: DeprecationWarning: This process (pid=109) is multi-threaded, use of fork() may lead to deadlocks in the child.
  pid = os.fork()

[2024-06-19T08:54:09.882+0000] {standard_task_runner.py:63} INFO - Started process 131 to run task
[2024-06-19T08:54:09.882+0000] {standard_task_runner.py:90} INFO - Running: ['***', 'tasks', 'run', 'f1_data_pipeline_taskflow', 'raceResultsFact_transform', 'scheduled__2024-06-18T00:00:00+00:00', '--job-id', '12', '--raw', '--subdir', 'DAGS_FOLDER/etl_dag.py', '--cfg-path', '/tmp/tmpjynma6aw']
[2024-06-19T08:54:09.884+0000] {standard_task_runner.py:91} INFO - Job 12: Subtask raceResultsFact_transform
[2024-06-19T08:54:09.930+0000] {task_command.py:426} INFO - Running <TaskInstance: f1_data_pipeline_taskflow.raceResultsFact_transform scheduled__2024-06-18T00:00:00+00:00 [running]> on host e5c8778eab06
[2024-06-19T08:54:11.605+0000] {taskinstance.py:2648} INFO - Exporting env vars: AIRFLOW_CTX_DAG_OWNER='***' AIRFLOW_CTX_DAG_ID='f1_data_pipeline_taskflow' AIRFLOW_CTX_TASK_ID='raceResultsFact_transform' AIRFLOW_CTX_EXECUTION_DATE='2024-06-18T00:00:00+00:00' AIRFLOW_CTX_TRY_NUMBER='1' AIRFLOW_CTX_DAG_RUN_ID='scheduled__2024-06-18T00:00:00+00:00'
[2024-06-19T08:54:11.608+0000] {taskinstance.py:430} INFO - ::endgroup::
[2024-06-19T08:54:11.810+0000] {python.py:237} INFO - Done. Returned value was:         resultId  raceId  ...         time  fastestLap
0          21232     860  ...  1:34:09.565        56.0
116        21234     860  ...       +4.075        57.0
232        21269     861  ...    +1:19.719        50.0
512        21258     861  ...      +14.591        50.0
680        21281     862  ...      +20.626        56.0
...          ...     ...  ...          ...         ...
517536     22672     932  ...         None        38.0
517602     22731     936  ...         None        56.0
517927     22893     944  ...         None        42.0
518061     22894     944  ...         None        43.0
518195     23041     953  ...         None        70.0

[4502 rows x 15 columns]
[2024-06-19T08:54:11.833+0000] {taskinstance.py:441} INFO - ::group::Post task execution logs
[2024-06-19T08:54:11.883+0000] {taskinstance.py:1206} INFO - Marking task as SUCCESS. dag_id=f1_data_pipeline_taskflow, task_id=raceResultsFact_transform, run_id=scheduled__2024-06-18T00:00:00+00:00, execution_date=20240618T000000, start_date=20240619T085409, end_date=20240619T085411
[2024-06-19T08:54:11.943+0000] {local_task_job_runner.py:240} INFO - Task exited with return code 0
[2024-06-19T08:54:11.951+0000] {local_task_job_runner.py:222} INFO - ::endgroup::
[2024-06-19T12:05:26.893+0000] {local_task_job_runner.py:120} INFO - ::group::Pre task execution logs
[2024-06-19T12:05:26.911+0000] {taskinstance.py:2076} INFO - Dependencies all met for dep_context=non-requeueable deps ti=<TaskInstance: f1_data_pipeline_taskflow.raceResultsFact_transform scheduled__2024-06-18T00:00:00+00:00 [queued]>
[2024-06-19T12:05:26.918+0000] {taskinstance.py:2076} INFO - Dependencies all met for dep_context=requeueable deps ti=<TaskInstance: f1_data_pipeline_taskflow.raceResultsFact_transform scheduled__2024-06-18T00:00:00+00:00 [queued]>
[2024-06-19T12:05:26.919+0000] {taskinstance.py:2306} INFO - Starting attempt 1 of 1
[2024-06-19T12:05:26.934+0000] {taskinstance.py:2330} INFO - Executing <Task(_PythonDecoratedOperator): raceResultsFact_transform> on 2024-06-18 00:00:00+00:00
[2024-06-19T12:05:26.939+0000] {warnings.py:110} WARNING - /home/***/.local/lib/python3.12/site-packages/***/task/task_runner/standard_task_runner.py:61: DeprecationWarning: This process (pid=119) is multi-threaded, use of fork() may lead to deadlocks in the child.
  pid = os.fork()

[2024-06-19T12:05:26.940+0000] {standard_task_runner.py:63} INFO - Started process 136 to run task
[2024-06-19T12:05:26.940+0000] {standard_task_runner.py:90} INFO - Running: ['***', 'tasks', 'run', 'f1_data_pipeline_taskflow', 'raceResultsFact_transform', 'scheduled__2024-06-18T00:00:00+00:00', '--job-id', '7', '--raw', '--subdir', 'DAGS_FOLDER/etl_dag.py', '--cfg-path', '/tmp/tmpa3iqnqzf']
[2024-06-19T12:05:26.942+0000] {standard_task_runner.py:91} INFO - Job 7: Subtask raceResultsFact_transform
[2024-06-19T12:05:26.988+0000] {task_command.py:426} INFO - Running <TaskInstance: f1_data_pipeline_taskflow.raceResultsFact_transform scheduled__2024-06-18T00:00:00+00:00 [running]> on host eef124934bf8
[2024-06-19T12:05:29.487+0000] {taskinstance.py:2648} INFO - Exporting env vars: AIRFLOW_CTX_DAG_OWNER='***' AIRFLOW_CTX_DAG_ID='f1_data_pipeline_taskflow' AIRFLOW_CTX_TASK_ID='raceResultsFact_transform' AIRFLOW_CTX_EXECUTION_DATE='2024-06-18T00:00:00+00:00' AIRFLOW_CTX_TRY_NUMBER='1' AIRFLOW_CTX_DAG_RUN_ID='scheduled__2024-06-18T00:00:00+00:00'
[2024-06-19T12:05:29.488+0000] {taskinstance.py:430} INFO - ::endgroup::
[2024-06-19T12:05:29.693+0000] {python.py:237} INFO - Done. Returned value was:         resultId  raceId  ...         time  fastestLap
0          21232     860  ...  1:34:09.565        56.0
116        21234     860  ...       +4.075        57.0
232        21269     861  ...    +1:19.719        50.0
512        21258     861  ...      +14.591        50.0
680        21281     862  ...      +20.626        56.0
...          ...     ...  ...          ...         ...
517536     22672     932  ...         None        38.0
517602     22731     936  ...         None        56.0
517927     22893     944  ...         None        42.0
518061     22894     944  ...         None        43.0
518195     23041     953  ...         None        70.0

[4502 rows x 15 columns]
[2024-06-19T12:05:29.737+0000] {taskinstance.py:441} INFO - ::group::Post task execution logs
[2024-06-19T12:05:29.803+0000] {taskinstance.py:1206} INFO - Marking task as SUCCESS. dag_id=f1_data_pipeline_taskflow, task_id=raceResultsFact_transform, run_id=scheduled__2024-06-18T00:00:00+00:00, execution_date=20240618T000000, start_date=20240619T120526, end_date=20240619T120529
[2024-06-19T12:05:29.864+0000] {local_task_job_runner.py:240} INFO - Task exited with return code 0
[2024-06-19T12:05:29.892+0000] {taskinstance.py:3498} INFO - 1 downstream tasks scheduled from follow-on schedule check
[2024-06-19T12:05:29.894+0000] {local_task_job_runner.py:222} INFO - ::endgroup::
[2024-06-19T12:36:36.946+0000] {local_task_job_runner.py:120} INFO - ::group::Pre task execution logs
[2024-06-19T12:36:36.967+0000] {taskinstance.py:2076} INFO - Dependencies all met for dep_context=non-requeueable deps ti=<TaskInstance: f1_data_pipeline_taskflow.raceResultsFact_transform scheduled__2024-06-18T00:00:00+00:00 [queued]>
[2024-06-19T12:36:36.974+0000] {taskinstance.py:2076} INFO - Dependencies all met for dep_context=requeueable deps ti=<TaskInstance: f1_data_pipeline_taskflow.raceResultsFact_transform scheduled__2024-06-18T00:00:00+00:00 [queued]>
[2024-06-19T12:36:36.974+0000] {taskinstance.py:2306} INFO - Starting attempt 1 of 1
[2024-06-19T12:36:36.986+0000] {taskinstance.py:2330} INFO - Executing <Task(_PythonDecoratedOperator): raceResultsFact_transform> on 2024-06-18 00:00:00+00:00
[2024-06-19T12:36:36.992+0000] {warnings.py:110} WARNING - /home/***/.local/lib/python3.12/site-packages/***/task/task_runner/standard_task_runner.py:61: DeprecationWarning: This process (pid=156) is multi-threaded, use of fork() may lead to deadlocks in the child.
  pid = os.fork()

[2024-06-19T12:36:36.993+0000] {standard_task_runner.py:63} INFO - Started process 175 to run task
[2024-06-19T12:36:36.993+0000] {standard_task_runner.py:90} INFO - Running: ['***', 'tasks', 'run', 'f1_data_pipeline_taskflow', 'raceResultsFact_transform', 'scheduled__2024-06-18T00:00:00+00:00', '--job-id', '10', '--raw', '--subdir', 'DAGS_FOLDER/etl_dag.py', '--cfg-path', '/tmp/tmpehoiq73l']
[2024-06-19T12:36:36.995+0000] {standard_task_runner.py:91} INFO - Job 10: Subtask raceResultsFact_transform
[2024-06-19T12:36:37.041+0000] {task_command.py:426} INFO - Running <TaskInstance: f1_data_pipeline_taskflow.raceResultsFact_transform scheduled__2024-06-18T00:00:00+00:00 [running]> on host 3a98e934d90a
[2024-06-19T12:36:39.418+0000] {taskinstance.py:2648} INFO - Exporting env vars: AIRFLOW_CTX_DAG_OWNER='***' AIRFLOW_CTX_DAG_ID='f1_data_pipeline_taskflow' AIRFLOW_CTX_TASK_ID='raceResultsFact_transform' AIRFLOW_CTX_EXECUTION_DATE='2024-06-18T00:00:00+00:00' AIRFLOW_CTX_TRY_NUMBER='1' AIRFLOW_CTX_DAG_RUN_ID='scheduled__2024-06-18T00:00:00+00:00'
[2024-06-19T12:36:39.419+0000] {taskinstance.py:430} INFO - ::endgroup::
[2024-06-19T12:36:39.574+0000] {python.py:237} INFO - Done. Returned value was:         resultId  raceId  ...         time  fastestLap
0          21232     860  ...  1:34:09.565        56.0
116        21234     860  ...       +4.075        57.0
232        21269     861  ...    +1:19.719        50.0
512        21258     861  ...      +14.591        50.0
680        21281     862  ...      +20.626        56.0
...          ...     ...  ...          ...         ...
517536     22672     932  ...         None        38.0
517602     22731     936  ...         None        56.0
517927     22893     944  ...         None        42.0
518061     22894     944  ...         None        43.0
518195     23041     953  ...         None        70.0

[4502 rows x 15 columns]
[2024-06-19T12:36:39.593+0000] {taskinstance.py:441} INFO - ::group::Post task execution logs
[2024-06-19T12:36:39.647+0000] {taskinstance.py:1206} INFO - Marking task as SUCCESS. dag_id=f1_data_pipeline_taskflow, task_id=raceResultsFact_transform, run_id=scheduled__2024-06-18T00:00:00+00:00, execution_date=20240618T000000, start_date=20240619T123636, end_date=20240619T123639
[2024-06-19T12:36:39.759+0000] {local_task_job_runner.py:240} INFO - Task exited with return code 0
[2024-06-19T12:36:39.768+0000] {local_task_job_runner.py:222} INFO - ::endgroup::
[2024-06-19T12:53:07.571+0000] {local_task_job_runner.py:120} INFO - ::group::Pre task execution logs
[2024-06-19T12:53:07.589+0000] {taskinstance.py:2076} INFO - Dependencies all met for dep_context=non-requeueable deps ti=<TaskInstance: f1_data_pipeline_taskflow.raceResultsFact_transform scheduled__2024-06-18T00:00:00+00:00 [queued]>
[2024-06-19T12:53:07.596+0000] {taskinstance.py:2076} INFO - Dependencies all met for dep_context=requeueable deps ti=<TaskInstance: f1_data_pipeline_taskflow.raceResultsFact_transform scheduled__2024-06-18T00:00:00+00:00 [queued]>
[2024-06-19T12:53:07.596+0000] {taskinstance.py:2306} INFO - Starting attempt 1 of 1
[2024-06-19T12:53:07.606+0000] {taskinstance.py:2330} INFO - Executing <Task(_PythonDecoratedOperator): raceResultsFact_transform> on 2024-06-18 00:00:00+00:00
[2024-06-19T12:53:07.611+0000] {warnings.py:110} WARNING - /home/***/.local/lib/python3.12/site-packages/***/task/task_runner/standard_task_runner.py:61: DeprecationWarning: This process (pid=113) is multi-threaded, use of fork() may lead to deadlocks in the child.
  pid = os.fork()

[2024-06-19T12:53:07.612+0000] {standard_task_runner.py:63} INFO - Started process 130 to run task
[2024-06-19T12:53:07.613+0000] {standard_task_runner.py:90} INFO - Running: ['***', 'tasks', 'run', 'f1_data_pipeline_taskflow', 'raceResultsFact_transform', 'scheduled__2024-06-18T00:00:00+00:00', '--job-id', '7', '--raw', '--subdir', 'DAGS_FOLDER/etl_dag.py', '--cfg-path', '/tmp/tmp6y_n2des']
[2024-06-19T12:53:07.614+0000] {standard_task_runner.py:91} INFO - Job 7: Subtask raceResultsFact_transform
[2024-06-19T12:53:07.657+0000] {task_command.py:426} INFO - Running <TaskInstance: f1_data_pipeline_taskflow.raceResultsFact_transform scheduled__2024-06-18T00:00:00+00:00 [running]> on host 9426bfe013d2
[2024-06-19T12:53:10.192+0000] {taskinstance.py:2648} INFO - Exporting env vars: AIRFLOW_CTX_DAG_OWNER='***' AIRFLOW_CTX_DAG_ID='f1_data_pipeline_taskflow' AIRFLOW_CTX_TASK_ID='raceResultsFact_transform' AIRFLOW_CTX_EXECUTION_DATE='2024-06-18T00:00:00+00:00' AIRFLOW_CTX_TRY_NUMBER='1' AIRFLOW_CTX_DAG_RUN_ID='scheduled__2024-06-18T00:00:00+00:00'
[2024-06-19T12:53:10.194+0000] {taskinstance.py:430} INFO - ::endgroup::
[2024-06-19T12:53:10.347+0000] {python.py:237} INFO - Done. Returned value was:         resultId  raceId  ...         time  fastestLap
0          21232     860  ...  1:34:09.565        56.0
116        21234     860  ...       +4.075        57.0
232        21269     861  ...    +1:19.719        50.0
512        21258     861  ...      +14.591        50.0
680        21281     862  ...      +20.626        56.0
...          ...     ...  ...          ...         ...
517536     22672     932  ...         None        38.0
517602     22731     936  ...         None        56.0
517927     22893     944  ...         None        42.0
518061     22894     944  ...         None        43.0
518195     23041     953  ...         None        70.0

[4502 rows x 15 columns]
[2024-06-19T12:53:10.364+0000] {taskinstance.py:441} INFO - ::group::Post task execution logs
[2024-06-19T12:53:10.413+0000] {taskinstance.py:1206} INFO - Marking task as SUCCESS. dag_id=f1_data_pipeline_taskflow, task_id=raceResultsFact_transform, run_id=scheduled__2024-06-18T00:00:00+00:00, execution_date=20240618T000000, start_date=20240619T125307, end_date=20240619T125310
[2024-06-19T12:53:10.471+0000] {local_task_job_runner.py:240} INFO - Task exited with return code 0
[2024-06-19T12:53:10.494+0000] {taskinstance.py:3498} INFO - 1 downstream tasks scheduled from follow-on schedule check
[2024-06-19T12:53:10.496+0000] {local_task_job_runner.py:222} INFO - ::endgroup::
[2024-06-19T13:03:08.965+0000] {local_task_job_runner.py:120} INFO - ::group::Pre task execution logs
[2024-06-19T13:03:08.983+0000] {taskinstance.py:2076} INFO - Dependencies all met for dep_context=non-requeueable deps ti=<TaskInstance: f1_data_pipeline_taskflow.raceResultsFact_transform scheduled__2024-06-18T00:00:00+00:00 [queued]>
[2024-06-19T13:03:08.992+0000] {taskinstance.py:2076} INFO - Dependencies all met for dep_context=requeueable deps ti=<TaskInstance: f1_data_pipeline_taskflow.raceResultsFact_transform scheduled__2024-06-18T00:00:00+00:00 [queued]>
[2024-06-19T13:03:08.992+0000] {taskinstance.py:2306} INFO - Starting attempt 1 of 1
[2024-06-19T13:03:09.001+0000] {taskinstance.py:2330} INFO - Executing <Task(_PythonDecoratedOperator): raceResultsFact_transform> on 2024-06-18 00:00:00+00:00
[2024-06-19T13:03:09.007+0000] {warnings.py:110} WARNING - /home/***/.local/lib/python3.12/site-packages/***/task/task_runner/standard_task_runner.py:61: DeprecationWarning: This process (pid=117) is multi-threaded, use of fork() may lead to deadlocks in the child.
  pid = os.fork()

[2024-06-19T13:03:09.008+0000] {standard_task_runner.py:63} INFO - Started process 131 to run task
[2024-06-19T13:03:09.009+0000] {standard_task_runner.py:90} INFO - Running: ['***', 'tasks', 'run', 'f1_data_pipeline_taskflow', 'raceResultsFact_transform', 'scheduled__2024-06-18T00:00:00+00:00', '--job-id', '10', '--raw', '--subdir', 'DAGS_FOLDER/etl_dag.py', '--cfg-path', '/tmp/tmphqlwvai1']
[2024-06-19T13:03:09.011+0000] {standard_task_runner.py:91} INFO - Job 10: Subtask raceResultsFact_transform
[2024-06-19T13:03:09.055+0000] {task_command.py:426} INFO - Running <TaskInstance: f1_data_pipeline_taskflow.raceResultsFact_transform scheduled__2024-06-18T00:00:00+00:00 [running]> on host 6fa64189ef34
[2024-06-19T13:03:11.386+0000] {taskinstance.py:2648} INFO - Exporting env vars: AIRFLOW_CTX_DAG_OWNER='***' AIRFLOW_CTX_DAG_ID='f1_data_pipeline_taskflow' AIRFLOW_CTX_TASK_ID='raceResultsFact_transform' AIRFLOW_CTX_EXECUTION_DATE='2024-06-18T00:00:00+00:00' AIRFLOW_CTX_TRY_NUMBER='1' AIRFLOW_CTX_DAG_RUN_ID='scheduled__2024-06-18T00:00:00+00:00'
[2024-06-19T13:03:11.388+0000] {taskinstance.py:430} INFO - ::endgroup::
[2024-06-19T13:03:11.563+0000] {python.py:237} INFO - Done. Returned value was:         resultId  raceId  ...         time  fastestLap
0          21232     860  ...  1:34:09.565        56.0
116        21234     860  ...       +4.075        57.0
232        21269     861  ...    +1:19.719        50.0
512        21258     861  ...      +14.591        50.0
680        21281     862  ...      +20.626        56.0
...          ...     ...  ...          ...         ...
517536     22672     932  ...         None        38.0
517602     22731     936  ...         None        56.0
517927     22893     944  ...         None        42.0
518061     22894     944  ...         None        43.0
518195     23041     953  ...         None        70.0

[4502 rows x 15 columns]
[2024-06-19T13:03:11.581+0000] {taskinstance.py:441} INFO - ::group::Post task execution logs
[2024-06-19T13:03:11.644+0000] {taskinstance.py:1206} INFO - Marking task as SUCCESS. dag_id=f1_data_pipeline_taskflow, task_id=raceResultsFact_transform, run_id=scheduled__2024-06-18T00:00:00+00:00, execution_date=20240618T000000, start_date=20240619T130308, end_date=20240619T130311
[2024-06-19T13:03:11.728+0000] {local_task_job_runner.py:240} INFO - Task exited with return code 0
[2024-06-19T13:03:11.754+0000] {taskinstance.py:3498} INFO - 1 downstream tasks scheduled from follow-on schedule check
[2024-06-19T13:03:11.756+0000] {local_task_job_runner.py:222} INFO - ::endgroup::
[2024-06-19T13:16:55.275+0000] {local_task_job_runner.py:120} INFO - ::group::Pre task execution logs
[2024-06-19T13:16:55.292+0000] {taskinstance.py:2076} INFO - Dependencies all met for dep_context=non-requeueable deps ti=<TaskInstance: f1_data_pipeline_taskflow.raceResultsFact_transform scheduled__2024-06-18T00:00:00+00:00 [queued]>
[2024-06-19T13:16:55.299+0000] {taskinstance.py:2076} INFO - Dependencies all met for dep_context=requeueable deps ti=<TaskInstance: f1_data_pipeline_taskflow.raceResultsFact_transform scheduled__2024-06-18T00:00:00+00:00 [queued]>
[2024-06-19T13:16:55.300+0000] {taskinstance.py:2306} INFO - Starting attempt 1 of 1
[2024-06-19T13:16:55.318+0000] {taskinstance.py:2330} INFO - Executing <Task(_PythonDecoratedOperator): raceResultsFact_transform> on 2024-06-18 00:00:00+00:00
[2024-06-19T13:16:55.325+0000] {warnings.py:110} WARNING - /home/***/.local/lib/python3.12/site-packages/***/task/task_runner/standard_task_runner.py:61: DeprecationWarning: This process (pid=119) is multi-threaded, use of fork() may lead to deadlocks in the child.
  pid = os.fork()

[2024-06-19T13:16:55.326+0000] {standard_task_runner.py:63} INFO - Started process 133 to run task
[2024-06-19T13:16:55.326+0000] {standard_task_runner.py:90} INFO - Running: ['***', 'tasks', 'run', 'f1_data_pipeline_taskflow', 'raceResultsFact_transform', 'scheduled__2024-06-18T00:00:00+00:00', '--job-id', '10', '--raw', '--subdir', 'DAGS_FOLDER/etl_dag.py', '--cfg-path', '/tmp/tmpuusei9ai']
[2024-06-19T13:16:55.328+0000] {standard_task_runner.py:91} INFO - Job 10: Subtask raceResultsFact_transform
[2024-06-19T13:16:55.388+0000] {task_command.py:426} INFO - Running <TaskInstance: f1_data_pipeline_taskflow.raceResultsFact_transform scheduled__2024-06-18T00:00:00+00:00 [running]> on host d5b44298ec9f
[2024-06-19T13:16:57.447+0000] {taskinstance.py:2648} INFO - Exporting env vars: AIRFLOW_CTX_DAG_OWNER='***' AIRFLOW_CTX_DAG_ID='f1_data_pipeline_taskflow' AIRFLOW_CTX_TASK_ID='raceResultsFact_transform' AIRFLOW_CTX_EXECUTION_DATE='2024-06-18T00:00:00+00:00' AIRFLOW_CTX_TRY_NUMBER='1' AIRFLOW_CTX_DAG_RUN_ID='scheduled__2024-06-18T00:00:00+00:00'
[2024-06-19T13:16:57.451+0000] {taskinstance.py:430} INFO - ::endgroup::
[2024-06-19T13:16:57.651+0000] {python.py:237} INFO - Done. Returned value was:         resultId  raceId  ...         time  fastestLap
0          21232     860  ...  1:34:09.565        56.0
116        21234     860  ...       +4.075        57.0
232        21269     861  ...    +1:19.719        50.0
512        21258     861  ...      +14.591        50.0
680        21281     862  ...      +20.626        56.0
...          ...     ...  ...          ...         ...
517536     22672     932  ...         None        38.0
517602     22731     936  ...         None        56.0
517927     22893     944  ...         None        42.0
518061     22894     944  ...         None        43.0
518195     23041     953  ...         None        70.0

[4502 rows x 15 columns]
[2024-06-19T13:16:57.675+0000] {taskinstance.py:441} INFO - ::group::Post task execution logs
[2024-06-19T13:16:57.726+0000] {taskinstance.py:1206} INFO - Marking task as SUCCESS. dag_id=f1_data_pipeline_taskflow, task_id=raceResultsFact_transform, run_id=scheduled__2024-06-18T00:00:00+00:00, execution_date=20240618T000000, start_date=20240619T131655, end_date=20240619T131657
[2024-06-19T13:16:57.776+0000] {local_task_job_runner.py:240} INFO - Task exited with return code 0
[2024-06-19T13:16:57.798+0000] {taskinstance.py:3498} INFO - 1 downstream tasks scheduled from follow-on schedule check
[2024-06-19T13:16:57.800+0000] {local_task_job_runner.py:222} INFO - ::endgroup::
[2024-06-19T13:27:23.092+0000] {local_task_job_runner.py:120} INFO - ::group::Pre task execution logs
[2024-06-19T13:27:23.113+0000] {taskinstance.py:2076} INFO - Dependencies all met for dep_context=non-requeueable deps ti=<TaskInstance: f1_data_pipeline_taskflow.raceResultsFact_transform scheduled__2024-06-18T00:00:00+00:00 [queued]>
[2024-06-19T13:27:23.123+0000] {taskinstance.py:2076} INFO - Dependencies all met for dep_context=requeueable deps ti=<TaskInstance: f1_data_pipeline_taskflow.raceResultsFact_transform scheduled__2024-06-18T00:00:00+00:00 [queued]>
[2024-06-19T13:27:23.124+0000] {taskinstance.py:2306} INFO - Starting attempt 1 of 1
[2024-06-19T13:27:23.134+0000] {taskinstance.py:2330} INFO - Executing <Task(_PythonDecoratedOperator): raceResultsFact_transform> on 2024-06-18 00:00:00+00:00
[2024-06-19T13:27:23.140+0000] {warnings.py:110} WARNING - /home/***/.local/lib/python3.12/site-packages/***/task/task_runner/standard_task_runner.py:61: DeprecationWarning: This process (pid=107) is multi-threaded, use of fork() may lead to deadlocks in the child.
  pid = os.fork()

[2024-06-19T13:27:23.142+0000] {standard_task_runner.py:63} INFO - Started process 129 to run task
[2024-06-19T13:27:23.143+0000] {standard_task_runner.py:90} INFO - Running: ['***', 'tasks', 'run', 'f1_data_pipeline_taskflow', 'raceResultsFact_transform', 'scheduled__2024-06-18T00:00:00+00:00', '--job-id', '12', '--raw', '--subdir', 'DAGS_FOLDER/etl_dag.py', '--cfg-path', '/tmp/tmpx0no0i3f']
[2024-06-19T13:27:23.146+0000] {standard_task_runner.py:91} INFO - Job 12: Subtask raceResultsFact_transform
[2024-06-19T13:27:23.202+0000] {task_command.py:426} INFO - Running <TaskInstance: f1_data_pipeline_taskflow.raceResultsFact_transform scheduled__2024-06-18T00:00:00+00:00 [running]> on host fc0cf0aa1225
[2024-06-19T13:27:25.582+0000] {taskinstance.py:2648} INFO - Exporting env vars: AIRFLOW_CTX_DAG_OWNER='***' AIRFLOW_CTX_DAG_ID='f1_data_pipeline_taskflow' AIRFLOW_CTX_TASK_ID='raceResultsFact_transform' AIRFLOW_CTX_EXECUTION_DATE='2024-06-18T00:00:00+00:00' AIRFLOW_CTX_TRY_NUMBER='1' AIRFLOW_CTX_DAG_RUN_ID='scheduled__2024-06-18T00:00:00+00:00'
[2024-06-19T13:27:25.584+0000] {taskinstance.py:430} INFO - ::endgroup::
[2024-06-19T13:27:25.717+0000] {python.py:237} INFO - Done. Returned value was:         resultId  raceId  ...         time  fastestLap
0          21232     860  ...  1:34:09.565        56.0
116        21234     860  ...       +4.075        57.0
232        21269     861  ...    +1:19.719        50.0
512        21258     861  ...      +14.591        50.0
680        21281     862  ...      +20.626        56.0
...          ...     ...  ...          ...         ...
517536     22672     932  ...         None        38.0
517602     22731     936  ...         None        56.0
517927     22893     944  ...         None        42.0
518061     22894     944  ...         None        43.0
518195     23041     953  ...         None        70.0

[4502 rows x 15 columns]
[2024-06-19T13:27:25.738+0000] {taskinstance.py:441} INFO - ::group::Post task execution logs
[2024-06-19T13:27:25.791+0000] {taskinstance.py:1206} INFO - Marking task as SUCCESS. dag_id=f1_data_pipeline_taskflow, task_id=raceResultsFact_transform, run_id=scheduled__2024-06-18T00:00:00+00:00, execution_date=20240618T000000, start_date=20240619T132723, end_date=20240619T132725
[2024-06-19T13:27:25.870+0000] {local_task_job_runner.py:240} INFO - Task exited with return code 0
[2024-06-19T13:27:25.895+0000] {taskinstance.py:3498} INFO - 1 downstream tasks scheduled from follow-on schedule check
[2024-06-19T13:27:25.896+0000] {local_task_job_runner.py:222} INFO - ::endgroup::
[2024-06-19T13:37:31.701+0000] {local_task_job_runner.py:120} INFO - ::group::Pre task execution logs
[2024-06-19T13:37:31.724+0000] {taskinstance.py:2076} INFO - Dependencies all met for dep_context=non-requeueable deps ti=<TaskInstance: f1_data_pipeline_taskflow.raceResultsFact_transform scheduled__2024-06-18T00:00:00+00:00 [queued]>
[2024-06-19T13:37:31.732+0000] {taskinstance.py:2076} INFO - Dependencies all met for dep_context=requeueable deps ti=<TaskInstance: f1_data_pipeline_taskflow.raceResultsFact_transform scheduled__2024-06-18T00:00:00+00:00 [queued]>
[2024-06-19T13:37:31.732+0000] {taskinstance.py:2306} INFO - Starting attempt 1 of 1
[2024-06-19T13:37:31.748+0000] {taskinstance.py:2330} INFO - Executing <Task(_PythonDecoratedOperator): raceResultsFact_transform> on 2024-06-18 00:00:00+00:00
[2024-06-19T13:37:31.756+0000] {warnings.py:110} WARNING - /home/***/.local/lib/python3.12/site-packages/***/task/task_runner/standard_task_runner.py:61: DeprecationWarning: This process (pid=107) is multi-threaded, use of fork() may lead to deadlocks in the child.
  pid = os.fork()

[2024-06-19T13:37:31.761+0000] {standard_task_runner.py:63} INFO - Started process 124 to run task
[2024-06-19T13:37:31.762+0000] {standard_task_runner.py:90} INFO - Running: ['***', 'tasks', 'run', 'f1_data_pipeline_taskflow', 'raceResultsFact_transform', 'scheduled__2024-06-18T00:00:00+00:00', '--job-id', '14', '--raw', '--subdir', 'DAGS_FOLDER/etl_dag.py', '--cfg-path', '/tmp/tmpxarcnl2k']
[2024-06-19T13:37:31.765+0000] {standard_task_runner.py:91} INFO - Job 14: Subtask raceResultsFact_transform
[2024-06-19T13:37:31.820+0000] {task_command.py:426} INFO - Running <TaskInstance: f1_data_pipeline_taskflow.raceResultsFact_transform scheduled__2024-06-18T00:00:00+00:00 [running]> on host 790bccf90551
[2024-06-19T13:37:33.974+0000] {taskinstance.py:2648} INFO - Exporting env vars: AIRFLOW_CTX_DAG_OWNER='***' AIRFLOW_CTX_DAG_ID='f1_data_pipeline_taskflow' AIRFLOW_CTX_TASK_ID='raceResultsFact_transform' AIRFLOW_CTX_EXECUTION_DATE='2024-06-18T00:00:00+00:00' AIRFLOW_CTX_TRY_NUMBER='1' AIRFLOW_CTX_DAG_RUN_ID='scheduled__2024-06-18T00:00:00+00:00'
[2024-06-19T13:37:33.976+0000] {taskinstance.py:430} INFO - ::endgroup::
[2024-06-19T13:37:34.111+0000] {python.py:237} INFO - Done. Returned value was:         resultId  raceId  ...         time  fastestLap
0          21232     860  ...  1:34:09.565        56.0
116        21234     860  ...       +4.075        57.0
232        21269     861  ...    +1:19.719        50.0
512        21258     861  ...      +14.591        50.0
680        21281     862  ...      +20.626        56.0
...          ...     ...  ...          ...         ...
517536     22672     932  ...         None        38.0
517602     22731     936  ...         None        56.0
517927     22893     944  ...         None        42.0
518061     22894     944  ...         None        43.0
518195     23041     953  ...         None        70.0

[4502 rows x 15 columns]
[2024-06-19T13:37:34.129+0000] {taskinstance.py:441} INFO - ::group::Post task execution logs
[2024-06-19T13:37:34.179+0000] {taskinstance.py:1206} INFO - Marking task as SUCCESS. dag_id=f1_data_pipeline_taskflow, task_id=raceResultsFact_transform, run_id=scheduled__2024-06-18T00:00:00+00:00, execution_date=20240618T000000, start_date=20240619T133731, end_date=20240619T133734
[2024-06-19T13:37:34.258+0000] {local_task_job_runner.py:240} INFO - Task exited with return code 0
[2024-06-19T13:37:34.280+0000] {taskinstance.py:3498} INFO - 1 downstream tasks scheduled from follow-on schedule check
[2024-06-19T13:37:34.281+0000] {local_task_job_runner.py:222} INFO - ::endgroup::
[2024-06-19T14:01:16.639+0000] {local_task_job_runner.py:120} INFO - ::group::Pre task execution logs
[2024-06-19T14:01:16.660+0000] {taskinstance.py:2076} INFO - Dependencies all met for dep_context=non-requeueable deps ti=<TaskInstance: f1_data_pipeline_taskflow.raceResultsFact_transform scheduled__2024-06-18T00:00:00+00:00 [queued]>
[2024-06-19T14:01:16.667+0000] {taskinstance.py:2076} INFO - Dependencies all met for dep_context=requeueable deps ti=<TaskInstance: f1_data_pipeline_taskflow.raceResultsFact_transform scheduled__2024-06-18T00:00:00+00:00 [queued]>
[2024-06-19T14:01:16.667+0000] {taskinstance.py:2306} INFO - Starting attempt 1 of 1
[2024-06-19T14:01:16.679+0000] {taskinstance.py:2330} INFO - Executing <Task(_PythonDecoratedOperator): raceResultsFact_transform> on 2024-06-18 00:00:00+00:00
[2024-06-19T14:01:16.684+0000] {warnings.py:110} WARNING - /home/***/.local/lib/python3.12/site-packages/***/task/task_runner/standard_task_runner.py:61: DeprecationWarning: This process (pid=113) is multi-threaded, use of fork() may lead to deadlocks in the child.
  pid = os.fork()

[2024-06-19T14:01:16.685+0000] {standard_task_runner.py:63} INFO - Started process 130 to run task
[2024-06-19T14:01:16.685+0000] {standard_task_runner.py:90} INFO - Running: ['***', 'tasks', 'run', 'f1_data_pipeline_taskflow', 'raceResultsFact_transform', 'scheduled__2024-06-18T00:00:00+00:00', '--job-id', '13', '--raw', '--subdir', 'DAGS_FOLDER/etl_dag.py', '--cfg-path', '/tmp/tmpswft42vd']
[2024-06-19T14:01:16.687+0000] {standard_task_runner.py:91} INFO - Job 13: Subtask raceResultsFact_transform
[2024-06-19T14:01:16.733+0000] {task_command.py:426} INFO - Running <TaskInstance: f1_data_pipeline_taskflow.raceResultsFact_transform scheduled__2024-06-18T00:00:00+00:00 [running]> on host 0ff0d3189758
[2024-06-19T14:01:18.725+0000] {taskinstance.py:2648} INFO - Exporting env vars: AIRFLOW_CTX_DAG_OWNER='***' AIRFLOW_CTX_DAG_ID='f1_data_pipeline_taskflow' AIRFLOW_CTX_TASK_ID='raceResultsFact_transform' AIRFLOW_CTX_EXECUTION_DATE='2024-06-18T00:00:00+00:00' AIRFLOW_CTX_TRY_NUMBER='1' AIRFLOW_CTX_DAG_RUN_ID='scheduled__2024-06-18T00:00:00+00:00'
[2024-06-19T14:01:18.728+0000] {taskinstance.py:430} INFO - ::endgroup::
[2024-06-19T14:01:18.868+0000] {python.py:237} INFO - Done. Returned value was:         resultId  raceId  ...         time  fastestLap
0          21232     860  ...  1:34:09.565        56.0
116        21234     860  ...       +4.075        57.0
232        21269     861  ...    +1:19.719        50.0
512        21258     861  ...      +14.591        50.0
680        21281     862  ...      +20.626        56.0
...          ...     ...  ...          ...         ...
517536     22672     932  ...         None        38.0
517602     22731     936  ...         None        56.0
517927     22893     944  ...         None        42.0
518061     22894     944  ...         None        43.0
518195     23041     953  ...         None        70.0

[4502 rows x 15 columns]
[2024-06-19T14:01:18.885+0000] {taskinstance.py:441} INFO - ::group::Post task execution logs
[2024-06-19T14:01:18.930+0000] {taskinstance.py:1206} INFO - Marking task as SUCCESS. dag_id=f1_data_pipeline_taskflow, task_id=raceResultsFact_transform, run_id=scheduled__2024-06-18T00:00:00+00:00, execution_date=20240618T000000, start_date=20240619T140116, end_date=20240619T140118
[2024-06-19T14:01:18.985+0000] {local_task_job_runner.py:240} INFO - Task exited with return code 0
[2024-06-19T14:01:19.005+0000] {taskinstance.py:3498} INFO - 1 downstream tasks scheduled from follow-on schedule check
[2024-06-19T14:01:19.006+0000] {local_task_job_runner.py:222} INFO - ::endgroup::
[2024-06-19T14:04:53.064+0000] {local_task_job_runner.py:120} INFO - ::group::Pre task execution logs
[2024-06-19T14:04:53.083+0000] {taskinstance.py:2076} INFO - Dependencies all met for dep_context=non-requeueable deps ti=<TaskInstance: f1_data_pipeline_taskflow.raceResultsFact_transform scheduled__2024-06-18T00:00:00+00:00 [queued]>
[2024-06-19T14:04:53.090+0000] {taskinstance.py:2076} INFO - Dependencies all met for dep_context=requeueable deps ti=<TaskInstance: f1_data_pipeline_taskflow.raceResultsFact_transform scheduled__2024-06-18T00:00:00+00:00 [queued]>
[2024-06-19T14:04:53.091+0000] {taskinstance.py:2306} INFO - Starting attempt 1 of 1
[2024-06-19T14:04:53.105+0000] {taskinstance.py:2330} INFO - Executing <Task(_PythonDecoratedOperator): raceResultsFact_transform> on 2024-06-18 00:00:00+00:00
[2024-06-19T14:04:53.110+0000] {warnings.py:110} WARNING - /home/***/.local/lib/python3.12/site-packages/***/task/task_runner/standard_task_runner.py:61: DeprecationWarning: This process (pid=103) is multi-threaded, use of fork() may lead to deadlocks in the child.
  pid = os.fork()

[2024-06-19T14:04:53.111+0000] {standard_task_runner.py:63} INFO - Started process 119 to run task
[2024-06-19T14:04:53.111+0000] {standard_task_runner.py:90} INFO - Running: ['***', 'tasks', 'run', 'f1_data_pipeline_taskflow', 'raceResultsFact_transform', 'scheduled__2024-06-18T00:00:00+00:00', '--job-id', '9', '--raw', '--subdir', 'DAGS_FOLDER/etl_dag.py', '--cfg-path', '/tmp/tmpdy1k5ki9']
[2024-06-19T14:04:53.113+0000] {standard_task_runner.py:91} INFO - Job 9: Subtask raceResultsFact_transform
[2024-06-19T14:04:53.162+0000] {task_command.py:426} INFO - Running <TaskInstance: f1_data_pipeline_taskflow.raceResultsFact_transform scheduled__2024-06-18T00:00:00+00:00 [running]> on host dc92dd71b4a2
[2024-06-19T14:04:55.062+0000] {taskinstance.py:2648} INFO - Exporting env vars: AIRFLOW_CTX_DAG_OWNER='***' AIRFLOW_CTX_DAG_ID='f1_data_pipeline_taskflow' AIRFLOW_CTX_TASK_ID='raceResultsFact_transform' AIRFLOW_CTX_EXECUTION_DATE='2024-06-18T00:00:00+00:00' AIRFLOW_CTX_TRY_NUMBER='1' AIRFLOW_CTX_DAG_RUN_ID='scheduled__2024-06-18T00:00:00+00:00'
[2024-06-19T14:04:55.063+0000] {taskinstance.py:430} INFO - ::endgroup::
[2024-06-19T14:04:55.225+0000] {python.py:237} INFO - Done. Returned value was:         resultId  raceId  ...         time  fastestLap
0          21232     860  ...  1:34:09.565        56.0
116        21234     860  ...       +4.075        57.0
232        21269     861  ...    +1:19.719        50.0
512        21258     861  ...      +14.591        50.0
680        21281     862  ...      +20.626        56.0
...          ...     ...  ...          ...         ...
517536     22672     932  ...         None        38.0
517602     22731     936  ...         None        56.0
517927     22893     944  ...         None        42.0
518061     22894     944  ...         None        43.0
518195     23041     953  ...         None        70.0

[4502 rows x 15 columns]
[2024-06-19T14:04:55.251+0000] {taskinstance.py:441} INFO - ::group::Post task execution logs
[2024-06-19T14:04:55.310+0000] {taskinstance.py:1206} INFO - Marking task as SUCCESS. dag_id=f1_data_pipeline_taskflow, task_id=raceResultsFact_transform, run_id=scheduled__2024-06-18T00:00:00+00:00, execution_date=20240618T000000, start_date=20240619T140453, end_date=20240619T140455
[2024-06-19T14:04:55.369+0000] {local_task_job_runner.py:240} INFO - Task exited with return code 0
[2024-06-19T14:04:55.378+0000] {local_task_job_runner.py:222} INFO - ::endgroup::
[2024-06-19T14:13:53.532+0000] {local_task_job_runner.py:120} INFO - ::group::Pre task execution logs
[2024-06-19T14:13:53.553+0000] {taskinstance.py:2076} INFO - Dependencies all met for dep_context=non-requeueable deps ti=<TaskInstance: f1_data_pipeline_taskflow.raceResultsFact_transform scheduled__2024-06-18T00:00:00+00:00 [queued]>
[2024-06-19T14:13:53.561+0000] {taskinstance.py:2076} INFO - Dependencies all met for dep_context=requeueable deps ti=<TaskInstance: f1_data_pipeline_taskflow.raceResultsFact_transform scheduled__2024-06-18T00:00:00+00:00 [queued]>
[2024-06-19T14:13:53.561+0000] {taskinstance.py:2306} INFO - Starting attempt 1 of 1
[2024-06-19T14:13:53.574+0000] {taskinstance.py:2330} INFO - Executing <Task(_PythonDecoratedOperator): raceResultsFact_transform> on 2024-06-18 00:00:00+00:00
[2024-06-19T14:13:53.580+0000] {warnings.py:110} WARNING - /home/***/.local/lib/python3.12/site-packages/***/task/task_runner/standard_task_runner.py:61: DeprecationWarning: This process (pid=142) is multi-threaded, use of fork() may lead to deadlocks in the child.
  pid = os.fork()

[2024-06-19T14:13:53.582+0000] {standard_task_runner.py:63} INFO - Started process 156 to run task
[2024-06-19T14:13:53.582+0000] {standard_task_runner.py:90} INFO - Running: ['***', 'tasks', 'run', 'f1_data_pipeline_taskflow', 'raceResultsFact_transform', 'scheduled__2024-06-18T00:00:00+00:00', '--job-id', '11', '--raw', '--subdir', 'DAGS_FOLDER/etl_dag.py', '--cfg-path', '/tmp/tmpn1wewt1o']
[2024-06-19T14:13:53.583+0000] {standard_task_runner.py:91} INFO - Job 11: Subtask raceResultsFact_transform
[2024-06-19T14:13:53.629+0000] {task_command.py:426} INFO - Running <TaskInstance: f1_data_pipeline_taskflow.raceResultsFact_transform scheduled__2024-06-18T00:00:00+00:00 [running]> on host 2acd74b25e37
[2024-06-19T14:13:55.519+0000] {taskinstance.py:2648} INFO - Exporting env vars: AIRFLOW_CTX_DAG_OWNER='***' AIRFLOW_CTX_DAG_ID='f1_data_pipeline_taskflow' AIRFLOW_CTX_TASK_ID='raceResultsFact_transform' AIRFLOW_CTX_EXECUTION_DATE='2024-06-18T00:00:00+00:00' AIRFLOW_CTX_TRY_NUMBER='1' AIRFLOW_CTX_DAG_RUN_ID='scheduled__2024-06-18T00:00:00+00:00'
[2024-06-19T14:13:55.521+0000] {taskinstance.py:430} INFO - ::endgroup::
[2024-06-19T14:13:55.682+0000] {python.py:237} INFO - Done. Returned value was:         resultId  raceId  ...         time  fastestLap
0          21232     860  ...  1:34:09.565        56.0
116        21234     860  ...       +4.075        57.0
232        21269     861  ...    +1:19.719        50.0
512        21258     861  ...      +14.591        50.0
680        21281     862  ...      +20.626        56.0
...          ...     ...  ...          ...         ...
517536     22672     932  ...         None        38.0
517602     22731     936  ...         None        56.0
517927     22893     944  ...         None        42.0
518061     22894     944  ...         None        43.0
518195     23041     953  ...         None        70.0

[4502 rows x 15 columns]
[2024-06-19T14:13:55.703+0000] {taskinstance.py:441} INFO - ::group::Post task execution logs
[2024-06-19T14:13:55.755+0000] {taskinstance.py:1206} INFO - Marking task as SUCCESS. dag_id=f1_data_pipeline_taskflow, task_id=raceResultsFact_transform, run_id=scheduled__2024-06-18T00:00:00+00:00, execution_date=20240618T000000, start_date=20240619T141353, end_date=20240619T141355
[2024-06-19T14:13:55.824+0000] {local_task_job_runner.py:240} INFO - Task exited with return code 0
[2024-06-19T14:13:55.845+0000] {taskinstance.py:3498} INFO - 1 downstream tasks scheduled from follow-on schedule check
[2024-06-19T14:13:55.847+0000] {local_task_job_runner.py:222} INFO - ::endgroup::
[2024-06-19T14:25:50.603+0000] {local_task_job_runner.py:120} INFO - ::group::Pre task execution logs
[2024-06-19T14:25:50.624+0000] {taskinstance.py:2076} INFO - Dependencies all met for dep_context=non-requeueable deps ti=<TaskInstance: f1_data_pipeline_taskflow.raceResultsFact_transform scheduled__2024-06-18T00:00:00+00:00 [queued]>
[2024-06-19T14:25:50.631+0000] {taskinstance.py:2076} INFO - Dependencies all met for dep_context=requeueable deps ti=<TaskInstance: f1_data_pipeline_taskflow.raceResultsFact_transform scheduled__2024-06-18T00:00:00+00:00 [queued]>
[2024-06-19T14:25:50.631+0000] {taskinstance.py:2306} INFO - Starting attempt 1 of 1
[2024-06-19T14:25:50.643+0000] {taskinstance.py:2330} INFO - Executing <Task(_PythonDecoratedOperator): raceResultsFact_transform> on 2024-06-18 00:00:00+00:00
[2024-06-19T14:25:50.648+0000] {warnings.py:110} WARNING - /home/***/.local/lib/python3.12/site-packages/***/task/task_runner/standard_task_runner.py:61: DeprecationWarning: This process (pid=107) is multi-threaded, use of fork() may lead to deadlocks in the child.
  pid = os.fork()

[2024-06-19T14:25:50.649+0000] {standard_task_runner.py:63} INFO - Started process 123 to run task
[2024-06-19T14:25:50.650+0000] {standard_task_runner.py:90} INFO - Running: ['***', 'tasks', 'run', 'f1_data_pipeline_taskflow', 'raceResultsFact_transform', 'scheduled__2024-06-18T00:00:00+00:00', '--job-id', '8', '--raw', '--subdir', 'DAGS_FOLDER/etl_dag.py', '--cfg-path', '/tmp/tmpuu37bfef']
[2024-06-19T14:25:50.651+0000] {standard_task_runner.py:91} INFO - Job 8: Subtask raceResultsFact_transform
[2024-06-19T14:25:50.694+0000] {task_command.py:426} INFO - Running <TaskInstance: f1_data_pipeline_taskflow.raceResultsFact_transform scheduled__2024-06-18T00:00:00+00:00 [running]> on host 7f714baf6013
[2024-06-19T14:25:52.636+0000] {taskinstance.py:2648} INFO - Exporting env vars: AIRFLOW_CTX_DAG_OWNER='***' AIRFLOW_CTX_DAG_ID='f1_data_pipeline_taskflow' AIRFLOW_CTX_TASK_ID='raceResultsFact_transform' AIRFLOW_CTX_EXECUTION_DATE='2024-06-18T00:00:00+00:00' AIRFLOW_CTX_TRY_NUMBER='1' AIRFLOW_CTX_DAG_RUN_ID='scheduled__2024-06-18T00:00:00+00:00'
[2024-06-19T14:25:52.641+0000] {taskinstance.py:430} INFO - ::endgroup::
[2024-06-19T14:25:52.870+0000] {python.py:237} INFO - Done. Returned value was:         resultId  raceId  ...         time  fastestLap
0          21232     860  ...  1:34:09.565        56.0
116        21234     860  ...       +4.075        57.0
232        21269     861  ...    +1:19.719        50.0
512        21258     861  ...      +14.591        50.0
680        21281     862  ...      +20.626        56.0
...          ...     ...  ...          ...         ...
517536     22672     932  ...         None        38.0
517602     22731     936  ...         None        56.0
517927     22893     944  ...         None        42.0
518061     22894     944  ...         None        43.0
518195     23041     953  ...         None        70.0

[4502 rows x 15 columns]
[2024-06-19T14:25:52.895+0000] {taskinstance.py:441} INFO - ::group::Post task execution logs
[2024-06-19T14:25:52.967+0000] {taskinstance.py:1206} INFO - Marking task as SUCCESS. dag_id=f1_data_pipeline_taskflow, task_id=raceResultsFact_transform, run_id=scheduled__2024-06-18T00:00:00+00:00, execution_date=20240618T000000, start_date=20240619T142550, end_date=20240619T142552
[2024-06-19T14:25:53.037+0000] {local_task_job_runner.py:240} INFO - Task exited with return code 0
[2024-06-19T14:25:53.060+0000] {taskinstance.py:3498} INFO - 1 downstream tasks scheduled from follow-on schedule check
[2024-06-19T14:25:53.061+0000] {local_task_job_runner.py:222} INFO - ::endgroup::
