[2024-06-05T07:10:10.279+0000] {local_task_job_runner.py:120} INFO - ::group::Pre task execution logs
[2024-06-05T07:10:10.295+0000] {taskinstance.py:2076} INFO - Dependencies all met for dep_context=non-requeueable deps ti=<TaskInstance: f1_data_pipeline_taskflow.load_sprint_task scheduled__2024-06-04T00:00:00+00:00 [queued]>
[2024-06-05T07:10:10.300+0000] {taskinstance.py:2076} INFO - Dependencies all met for dep_context=requeueable deps ti=<TaskInstance: f1_data_pipeline_taskflow.load_sprint_task scheduled__2024-06-04T00:00:00+00:00 [queued]>
[2024-06-05T07:10:10.301+0000] {taskinstance.py:2306} INFO - Starting attempt 1 of 1
[2024-06-05T07:10:10.309+0000] {taskinstance.py:2330} INFO - Executing <Task(_PythonDecoratedOperator): load_sprint_task> on 2024-06-04 00:00:00+00:00
[2024-06-05T07:10:10.314+0000] {warnings.py:110} WARNING - /home/***/.local/lib/python3.12/site-packages/***/task/task_runner/standard_task_runner.py:61: DeprecationWarning: This process (pid=599) is multi-threaded, use of fork() may lead to deadlocks in the child.
  pid = os.fork()

[2024-06-05T07:10:10.315+0000] {standard_task_runner.py:63} INFO - Started process 601 to run task
[2024-06-05T07:10:10.315+0000] {standard_task_runner.py:90} INFO - Running: ['***', 'tasks', 'run', 'f1_data_pipeline_taskflow', 'load_sprint_task', 'scheduled__2024-06-04T00:00:00+00:00', '--job-id', '26', '--raw', '--subdir', 'DAGS_FOLDER/etl_dag.py', '--cfg-path', '/tmp/tmpa_r5fya3']
[2024-06-05T07:10:10.317+0000] {standard_task_runner.py:91} INFO - Job 26: Subtask load_sprint_task
[2024-06-05T07:10:10.350+0000] {task_command.py:426} INFO - Running <TaskInstance: f1_data_pipeline_taskflow.load_sprint_task scheduled__2024-06-04T00:00:00+00:00 [running]> on host add871a599c8
[2024-06-05T07:10:10.449+0000] {taskinstance.py:2648} INFO - Exporting env vars: AIRFLOW_CTX_DAG_OWNER='***' AIRFLOW_CTX_DAG_ID='f1_data_pipeline_taskflow' AIRFLOW_CTX_TASK_ID='load_sprint_task' AIRFLOW_CTX_EXECUTION_DATE='2024-06-04T00:00:00+00:00' AIRFLOW_CTX_TRY_NUMBER='1' AIRFLOW_CTX_DAG_RUN_ID='scheduled__2024-06-04T00:00:00+00:00'
[2024-06-05T07:10:10.451+0000] {taskinstance.py:430} INFO - ::endgroup::
[2024-06-05T07:10:10.452+0000] {crypto.py:82} WARNING - empty cryptography key - values will not be stored encrypted.
[2024-06-05T07:10:10.453+0000] {base.py:84} INFO - Using connection ID 'sourcedb_connection' for task execution.
[2024-06-05T07:10:10.500+0000] {python.py:237} INFO - Done. Returned value was: None
[2024-06-05T07:10:10.500+0000] {taskinstance.py:441} INFO - ::group::Post task execution logs
[2024-06-05T07:10:10.508+0000] {taskinstance.py:1206} INFO - Marking task as SUCCESS. dag_id=f1_data_pipeline_taskflow, task_id=load_sprint_task, run_id=scheduled__2024-06-04T00:00:00+00:00, execution_date=20240604T000000, start_date=20240605T071010, end_date=20240605T071010
[2024-06-05T07:10:10.528+0000] {local_task_job_runner.py:240} INFO - Task exited with return code 0
[2024-06-05T07:10:10.544+0000] {taskinstance.py:3498} INFO - 0 downstream tasks scheduled from follow-on schedule check
[2024-06-05T07:10:10.545+0000] {local_task_job_runner.py:222} INFO - ::endgroup::
[2024-06-05T09:15:03.952+0000] {local_task_job_runner.py:120} INFO - ::group::Pre task execution logs
[2024-06-05T09:15:03.967+0000] {taskinstance.py:2076} INFO - Dependencies all met for dep_context=non-requeueable deps ti=<TaskInstance: f1_data_pipeline_taskflow.load_sprint_task scheduled__2024-06-04T00:00:00+00:00 [queued]>
[2024-06-05T09:15:03.973+0000] {taskinstance.py:2076} INFO - Dependencies all met for dep_context=requeueable deps ti=<TaskInstance: f1_data_pipeline_taskflow.load_sprint_task scheduled__2024-06-04T00:00:00+00:00 [queued]>
[2024-06-05T09:15:03.973+0000] {taskinstance.py:2306} INFO - Starting attempt 1 of 1
[2024-06-05T09:15:03.984+0000] {taskinstance.py:2330} INFO - Executing <Task(_PythonDecoratedOperator): load_sprint_task> on 2024-06-04 00:00:00+00:00
[2024-06-05T09:15:03.989+0000] {warnings.py:110} WARNING - /home/***/.local/lib/python3.12/site-packages/***/task/task_runner/standard_task_runner.py:61: DeprecationWarning: This process (pid=548) is multi-threaded, use of fork() may lead to deadlocks in the child.
  pid = os.fork()

[2024-06-05T09:15:03.990+0000] {standard_task_runner.py:63} INFO - Started process 550 to run task
[2024-06-05T09:15:03.991+0000] {standard_task_runner.py:90} INFO - Running: ['***', 'tasks', 'run', 'f1_data_pipeline_taskflow', 'load_sprint_task', 'scheduled__2024-06-04T00:00:00+00:00', '--job-id', '28', '--raw', '--subdir', 'DAGS_FOLDER/etl_dag.py', '--cfg-path', '/tmp/tmp35kpvehj']
[2024-06-05T09:15:03.992+0000] {standard_task_runner.py:91} INFO - Job 28: Subtask load_sprint_task
[2024-06-05T09:15:04.027+0000] {task_command.py:426} INFO - Running <TaskInstance: f1_data_pipeline_taskflow.load_sprint_task scheduled__2024-06-04T00:00:00+00:00 [running]> on host b40b31c0938c
[2024-06-05T09:15:04.136+0000] {taskinstance.py:2648} INFO - Exporting env vars: AIRFLOW_CTX_DAG_OWNER='***' AIRFLOW_CTX_DAG_ID='f1_data_pipeline_taskflow' AIRFLOW_CTX_TASK_ID='load_sprint_task' AIRFLOW_CTX_EXECUTION_DATE='2024-06-04T00:00:00+00:00' AIRFLOW_CTX_TRY_NUMBER='1' AIRFLOW_CTX_DAG_RUN_ID='scheduled__2024-06-04T00:00:00+00:00'
[2024-06-05T09:15:04.138+0000] {taskinstance.py:430} INFO - ::endgroup::
[2024-06-05T09:15:04.139+0000] {crypto.py:82} WARNING - empty cryptography key - values will not be stored encrypted.
[2024-06-05T09:15:04.139+0000] {base.py:84} INFO - Using connection ID 'sourcedb_connection' for task execution.
[2024-06-05T09:15:04.198+0000] {python.py:237} INFO - Done. Returned value was: None
[2024-06-05T09:15:04.199+0000] {taskinstance.py:441} INFO - ::group::Post task execution logs
[2024-06-05T09:15:04.206+0000] {taskinstance.py:1206} INFO - Marking task as SUCCESS. dag_id=f1_data_pipeline_taskflow, task_id=load_sprint_task, run_id=scheduled__2024-06-04T00:00:00+00:00, execution_date=20240604T000000, start_date=20240605T091503, end_date=20240605T091504
[2024-06-05T09:15:04.244+0000] {local_task_job_runner.py:240} INFO - Task exited with return code 0
[2024-06-05T09:15:04.260+0000] {taskinstance.py:3498} INFO - 0 downstream tasks scheduled from follow-on schedule check
[2024-06-05T09:15:04.261+0000] {local_task_job_runner.py:222} INFO - ::endgroup::
[2024-06-05T09:57:31.251+0000] {local_task_job_runner.py:120} INFO - ::group::Pre task execution logs
[2024-06-05T09:57:31.272+0000] {taskinstance.py:2076} INFO - Dependencies all met for dep_context=non-requeueable deps ti=<TaskInstance: f1_data_pipeline_taskflow.load_sprint_task scheduled__2024-06-04T00:00:00+00:00 [queued]>
[2024-06-05T09:57:31.280+0000] {taskinstance.py:2076} INFO - Dependencies all met for dep_context=requeueable deps ti=<TaskInstance: f1_data_pipeline_taskflow.load_sprint_task scheduled__2024-06-04T00:00:00+00:00 [queued]>
[2024-06-05T09:57:31.281+0000] {taskinstance.py:2306} INFO - Starting attempt 1 of 1
[2024-06-05T09:57:31.293+0000] {taskinstance.py:2330} INFO - Executing <Task(_PythonDecoratedOperator): load_sprint_task> on 2024-06-04 00:00:00+00:00
[2024-06-05T09:57:31.300+0000] {warnings.py:110} WARNING - /home/***/.local/lib/python3.12/site-packages/***/task/task_runner/standard_task_runner.py:61: DeprecationWarning: This process (pid=511) is multi-threaded, use of fork() may lead to deadlocks in the child.
  pid = os.fork()

[2024-06-05T09:57:31.301+0000] {standard_task_runner.py:63} INFO - Started process 523 to run task
[2024-06-05T09:57:31.301+0000] {standard_task_runner.py:90} INFO - Running: ['***', 'tasks', 'run', 'f1_data_pipeline_taskflow', 'load_sprint_task', 'scheduled__2024-06-04T00:00:00+00:00', '--job-id', '28', '--raw', '--subdir', 'DAGS_FOLDER/etl_dag.py', '--cfg-path', '/tmp/tmpowtebkst']
[2024-06-05T09:57:31.303+0000] {standard_task_runner.py:91} INFO - Job 28: Subtask load_sprint_task
[2024-06-05T09:57:31.343+0000] {task_command.py:426} INFO - Running <TaskInstance: f1_data_pipeline_taskflow.load_sprint_task scheduled__2024-06-04T00:00:00+00:00 [running]> on host 4404d6f11afd
[2024-06-05T09:57:31.451+0000] {taskinstance.py:2648} INFO - Exporting env vars: AIRFLOW_CTX_DAG_OWNER='***' AIRFLOW_CTX_DAG_ID='f1_data_pipeline_taskflow' AIRFLOW_CTX_TASK_ID='load_sprint_task' AIRFLOW_CTX_EXECUTION_DATE='2024-06-04T00:00:00+00:00' AIRFLOW_CTX_TRY_NUMBER='1' AIRFLOW_CTX_DAG_RUN_ID='scheduled__2024-06-04T00:00:00+00:00'
[2024-06-05T09:57:31.452+0000] {taskinstance.py:430} INFO - ::endgroup::
[2024-06-05T09:57:31.453+0000] {crypto.py:82} WARNING - empty cryptography key - values will not be stored encrypted.
[2024-06-05T09:57:31.453+0000] {base.py:84} INFO - Using connection ID 'sourcedb_connection' for task execution.
[2024-06-05T09:57:31.503+0000] {python.py:237} INFO - Done. Returned value was: None
[2024-06-05T09:57:31.504+0000] {taskinstance.py:441} INFO - ::group::Post task execution logs
[2024-06-05T09:57:31.511+0000] {taskinstance.py:1206} INFO - Marking task as SUCCESS. dag_id=f1_data_pipeline_taskflow, task_id=load_sprint_task, run_id=scheduled__2024-06-04T00:00:00+00:00, execution_date=20240604T000000, start_date=20240605T095731, end_date=20240605T095731
[2024-06-05T09:57:31.555+0000] {local_task_job_runner.py:240} INFO - Task exited with return code 0
[2024-06-05T09:57:31.572+0000] {taskinstance.py:3498} INFO - 0 downstream tasks scheduled from follow-on schedule check
[2024-06-05T09:57:31.574+0000] {local_task_job_runner.py:222} INFO - ::endgroup::
[2024-06-05T10:05:58.003+0000] {local_task_job_runner.py:120} INFO - ::group::Pre task execution logs
[2024-06-05T10:05:58.020+0000] {taskinstance.py:2076} INFO - Dependencies all met for dep_context=non-requeueable deps ti=<TaskInstance: f1_data_pipeline_taskflow.load_sprint_task scheduled__2024-06-04T00:00:00+00:00 [queued]>
[2024-06-05T10:05:58.027+0000] {taskinstance.py:2076} INFO - Dependencies all met for dep_context=requeueable deps ti=<TaskInstance: f1_data_pipeline_taskflow.load_sprint_task scheduled__2024-06-04T00:00:00+00:00 [queued]>
[2024-06-05T10:05:58.027+0000] {taskinstance.py:2306} INFO - Starting attempt 1 of 1
[2024-06-05T10:05:58.036+0000] {taskinstance.py:2330} INFO - Executing <Task(_PythonDecoratedOperator): load_sprint_task> on 2024-06-04 00:00:00+00:00
[2024-06-05T10:05:58.042+0000] {warnings.py:110} WARNING - /home/***/.local/lib/python3.12/site-packages/***/task/task_runner/standard_task_runner.py:61: DeprecationWarning: This process (pid=568) is multi-threaded, use of fork() may lead to deadlocks in the child.
  pid = os.fork()

[2024-06-05T10:05:58.043+0000] {standard_task_runner.py:63} INFO - Started process 611 to run task
[2024-06-05T10:05:58.043+0000] {standard_task_runner.py:90} INFO - Running: ['***', 'tasks', 'run', 'f1_data_pipeline_taskflow', 'load_sprint_task', 'scheduled__2024-06-04T00:00:00+00:00', '--job-id', '30', '--raw', '--subdir', 'DAGS_FOLDER/etl_dag.py', '--cfg-path', '/tmp/tmpewvyma_p']
[2024-06-05T10:05:58.045+0000] {standard_task_runner.py:91} INFO - Job 30: Subtask load_sprint_task
[2024-06-05T10:05:58.080+0000] {task_command.py:426} INFO - Running <TaskInstance: f1_data_pipeline_taskflow.load_sprint_task scheduled__2024-06-04T00:00:00+00:00 [running]> on host c82c00099500
[2024-06-05T10:05:58.181+0000] {taskinstance.py:2648} INFO - Exporting env vars: AIRFLOW_CTX_DAG_OWNER='***' AIRFLOW_CTX_DAG_ID='f1_data_pipeline_taskflow' AIRFLOW_CTX_TASK_ID='load_sprint_task' AIRFLOW_CTX_EXECUTION_DATE='2024-06-04T00:00:00+00:00' AIRFLOW_CTX_TRY_NUMBER='1' AIRFLOW_CTX_DAG_RUN_ID='scheduled__2024-06-04T00:00:00+00:00'
[2024-06-05T10:05:58.182+0000] {taskinstance.py:430} INFO - ::endgroup::
[2024-06-05T10:05:58.183+0000] {crypto.py:82} WARNING - empty cryptography key - values will not be stored encrypted.
[2024-06-05T10:05:58.183+0000] {base.py:84} INFO - Using connection ID 'sourcedb_connection' for task execution.
[2024-06-05T10:05:58.229+0000] {python.py:237} INFO - Done. Returned value was: None
[2024-06-05T10:05:58.229+0000] {taskinstance.py:441} INFO - ::group::Post task execution logs
[2024-06-05T10:05:58.236+0000] {taskinstance.py:1206} INFO - Marking task as SUCCESS. dag_id=f1_data_pipeline_taskflow, task_id=load_sprint_task, run_id=scheduled__2024-06-04T00:00:00+00:00, execution_date=20240604T000000, start_date=20240605T100558, end_date=20240605T100558
[2024-06-05T10:05:58.256+0000] {local_task_job_runner.py:240} INFO - Task exited with return code 0
[2024-06-05T10:05:58.273+0000] {taskinstance.py:3498} INFO - 0 downstream tasks scheduled from follow-on schedule check
[2024-06-05T10:05:58.275+0000] {local_task_job_runner.py:222} INFO - ::endgroup::
[2024-06-05T10:27:31.622+0000] {local_task_job_runner.py:120} INFO - ::group::Pre task execution logs
[2024-06-05T10:27:31.772+0000] {taskinstance.py:2076} INFO - Dependencies all met for dep_context=non-requeueable deps ti=<TaskInstance: f1_data_pipeline_taskflow.load_sprint_task scheduled__2024-06-04T00:00:00+00:00 [queued]>
[2024-06-05T10:27:31.779+0000] {taskinstance.py:2076} INFO - Dependencies all met for dep_context=requeueable deps ti=<TaskInstance: f1_data_pipeline_taskflow.load_sprint_task scheduled__2024-06-04T00:00:00+00:00 [queued]>
[2024-06-05T10:27:31.779+0000] {taskinstance.py:2306} INFO - Starting attempt 1 of 1
[2024-06-05T10:27:31.787+0000] {taskinstance.py:2330} INFO - Executing <Task(_PythonDecoratedOperator): load_sprint_task> on 2024-06-04 00:00:00+00:00
[2024-06-05T10:27:31.794+0000] {warnings.py:110} WARNING - /home/***/.local/lib/python3.12/site-packages/***/task/task_runner/standard_task_runner.py:61: DeprecationWarning: This process (pid=525) is multi-threaded, use of fork() may lead to deadlocks in the child.
  pid = os.fork()

[2024-06-05T10:27:31.795+0000] {standard_task_runner.py:63} INFO - Started process 535 to run task
[2024-06-05T10:27:31.795+0000] {standard_task_runner.py:90} INFO - Running: ['***', 'tasks', 'run', 'f1_data_pipeline_taskflow', 'load_sprint_task', 'scheduled__2024-06-04T00:00:00+00:00', '--job-id', '24', '--raw', '--subdir', 'DAGS_FOLDER/etl_dag.py', '--cfg-path', '/tmp/tmp2ukfxs7y']
[2024-06-05T10:27:31.797+0000] {standard_task_runner.py:91} INFO - Job 24: Subtask load_sprint_task
[2024-06-05T10:27:31.832+0000] {task_command.py:426} INFO - Running <TaskInstance: f1_data_pipeline_taskflow.load_sprint_task scheduled__2024-06-04T00:00:00+00:00 [running]> on host 6ad0dd8168be
[2024-06-05T10:27:31.949+0000] {taskinstance.py:2648} INFO - Exporting env vars: AIRFLOW_CTX_DAG_OWNER='***' AIRFLOW_CTX_DAG_ID='f1_data_pipeline_taskflow' AIRFLOW_CTX_TASK_ID='load_sprint_task' AIRFLOW_CTX_EXECUTION_DATE='2024-06-04T00:00:00+00:00' AIRFLOW_CTX_TRY_NUMBER='1' AIRFLOW_CTX_DAG_RUN_ID='scheduled__2024-06-04T00:00:00+00:00'
[2024-06-05T10:27:31.950+0000] {taskinstance.py:430} INFO - ::endgroup::
[2024-06-05T10:27:31.951+0000] {crypto.py:82} WARNING - empty cryptography key - values will not be stored encrypted.
[2024-06-05T10:27:31.951+0000] {base.py:84} INFO - Using connection ID 'sourcedb_connection' for task execution.
[2024-06-05T10:27:32.002+0000] {python.py:237} INFO - Done. Returned value was: None
[2024-06-05T10:27:32.002+0000] {taskinstance.py:441} INFO - ::group::Post task execution logs
[2024-06-05T10:27:32.010+0000] {taskinstance.py:1206} INFO - Marking task as SUCCESS. dag_id=f1_data_pipeline_taskflow, task_id=load_sprint_task, run_id=scheduled__2024-06-04T00:00:00+00:00, execution_date=20240604T000000, start_date=20240605T102731, end_date=20240605T102732
[2024-06-05T10:27:32.049+0000] {local_task_job_runner.py:240} INFO - Task exited with return code 0
[2024-06-05T10:27:32.067+0000] {taskinstance.py:3498} INFO - 0 downstream tasks scheduled from follow-on schedule check
[2024-06-05T10:27:32.068+0000] {local_task_job_runner.py:222} INFO - ::endgroup::
[2024-06-05T12:24:34.725+0000] {local_task_job_runner.py:120} INFO - ::group::Pre task execution logs
[2024-06-05T12:24:34.741+0000] {taskinstance.py:2076} INFO - Dependencies all met for dep_context=non-requeueable deps ti=<TaskInstance: f1_data_pipeline_taskflow.load_sprint_task scheduled__2024-06-04T00:00:00+00:00 [queued]>
[2024-06-05T12:24:34.747+0000] {taskinstance.py:2076} INFO - Dependencies all met for dep_context=requeueable deps ti=<TaskInstance: f1_data_pipeline_taskflow.load_sprint_task scheduled__2024-06-04T00:00:00+00:00 [queued]>
[2024-06-05T12:24:34.748+0000] {taskinstance.py:2306} INFO - Starting attempt 1 of 1
[2024-06-05T12:24:34.756+0000] {taskinstance.py:2330} INFO - Executing <Task(_PythonDecoratedOperator): load_sprint_task> on 2024-06-04 00:00:00+00:00
[2024-06-05T12:24:34.761+0000] {warnings.py:110} WARNING - /home/***/.local/lib/python3.12/site-packages/***/task/task_runner/standard_task_runner.py:61: DeprecationWarning: This process (pid=594) is multi-threaded, use of fork() may lead to deadlocks in the child.
  pid = os.fork()

[2024-06-05T12:24:34.762+0000] {standard_task_runner.py:63} INFO - Started process 628 to run task
[2024-06-05T12:24:34.762+0000] {standard_task_runner.py:90} INFO - Running: ['***', 'tasks', 'run', 'f1_data_pipeline_taskflow', 'load_sprint_task', 'scheduled__2024-06-04T00:00:00+00:00', '--job-id', '27', '--raw', '--subdir', 'DAGS_FOLDER/etl_dag.py', '--cfg-path', '/tmp/tmphhzbrzgk']
[2024-06-05T12:24:34.763+0000] {standard_task_runner.py:91} INFO - Job 27: Subtask load_sprint_task
[2024-06-05T12:24:34.796+0000] {task_command.py:426} INFO - Running <TaskInstance: f1_data_pipeline_taskflow.load_sprint_task scheduled__2024-06-04T00:00:00+00:00 [running]> on host f5493de6508e
[2024-06-05T12:24:34.895+0000] {taskinstance.py:2648} INFO - Exporting env vars: AIRFLOW_CTX_DAG_OWNER='***' AIRFLOW_CTX_DAG_ID='f1_data_pipeline_taskflow' AIRFLOW_CTX_TASK_ID='load_sprint_task' AIRFLOW_CTX_EXECUTION_DATE='2024-06-04T00:00:00+00:00' AIRFLOW_CTX_TRY_NUMBER='1' AIRFLOW_CTX_DAG_RUN_ID='scheduled__2024-06-04T00:00:00+00:00'
[2024-06-05T12:24:34.896+0000] {taskinstance.py:430} INFO - ::endgroup::
[2024-06-05T12:24:34.897+0000] {crypto.py:82} WARNING - empty cryptography key - values will not be stored encrypted.
[2024-06-05T12:24:34.898+0000] {base.py:84} INFO - Using connection ID 'sourcedb_connection' for task execution.
[2024-06-05T12:24:34.941+0000] {python.py:237} INFO - Done. Returned value was: None
[2024-06-05T12:24:34.942+0000] {taskinstance.py:441} INFO - ::group::Post task execution logs
[2024-06-05T12:24:34.949+0000] {taskinstance.py:1206} INFO - Marking task as SUCCESS. dag_id=f1_data_pipeline_taskflow, task_id=load_sprint_task, run_id=scheduled__2024-06-04T00:00:00+00:00, execution_date=20240604T000000, start_date=20240605T122434, end_date=20240605T122434
[2024-06-05T12:24:34.975+0000] {local_task_job_runner.py:240} INFO - Task exited with return code 0
[2024-06-05T12:24:34.992+0000] {taskinstance.py:3498} INFO - 0 downstream tasks scheduled from follow-on schedule check
[2024-06-05T12:24:34.993+0000] {local_task_job_runner.py:222} INFO - ::endgroup::
[2024-06-05T13:55:44.519+0000] {local_task_job_runner.py:120} INFO - ::group::Pre task execution logs
[2024-06-05T13:55:44.537+0000] {taskinstance.py:2076} INFO - Dependencies all met for dep_context=non-requeueable deps ti=<TaskInstance: f1_data_pipeline_taskflow.load_sprint_task scheduled__2024-06-04T00:00:00+00:00 [queued]>
[2024-06-05T13:55:44.543+0000] {taskinstance.py:2076} INFO - Dependencies all met for dep_context=requeueable deps ti=<TaskInstance: f1_data_pipeline_taskflow.load_sprint_task scheduled__2024-06-04T00:00:00+00:00 [queued]>
[2024-06-05T13:55:44.543+0000] {taskinstance.py:2306} INFO - Starting attempt 1 of 1
[2024-06-05T13:55:44.553+0000] {taskinstance.py:2330} INFO - Executing <Task(_PythonDecoratedOperator): load_sprint_task> on 2024-06-04 00:00:00+00:00
[2024-06-05T13:55:44.560+0000] {warnings.py:110} WARNING - /home/***/.local/lib/python3.12/site-packages/***/task/task_runner/standard_task_runner.py:61: DeprecationWarning: This process (pid=509) is multi-threaded, use of fork() may lead to deadlocks in the child.
  pid = os.fork()

[2024-06-05T13:55:44.561+0000] {standard_task_runner.py:63} INFO - Started process 538 to run task
[2024-06-05T13:55:44.561+0000] {standard_task_runner.py:90} INFO - Running: ['***', 'tasks', 'run', 'f1_data_pipeline_taskflow', 'load_sprint_task', 'scheduled__2024-06-04T00:00:00+00:00', '--job-id', '27', '--raw', '--subdir', 'DAGS_FOLDER/etl_dag.py', '--cfg-path', '/tmp/tmp4mkquh_r']
[2024-06-05T13:55:44.562+0000] {standard_task_runner.py:91} INFO - Job 27: Subtask load_sprint_task
[2024-06-05T13:55:44.599+0000] {task_command.py:426} INFO - Running <TaskInstance: f1_data_pipeline_taskflow.load_sprint_task scheduled__2024-06-04T00:00:00+00:00 [running]> on host 097d29da6aa2
[2024-06-05T13:55:44.699+0000] {taskinstance.py:2648} INFO - Exporting env vars: AIRFLOW_CTX_DAG_OWNER='***' AIRFLOW_CTX_DAG_ID='f1_data_pipeline_taskflow' AIRFLOW_CTX_TASK_ID='load_sprint_task' AIRFLOW_CTX_EXECUTION_DATE='2024-06-04T00:00:00+00:00' AIRFLOW_CTX_TRY_NUMBER='1' AIRFLOW_CTX_DAG_RUN_ID='scheduled__2024-06-04T00:00:00+00:00'
[2024-06-05T13:55:44.701+0000] {taskinstance.py:430} INFO - ::endgroup::
[2024-06-05T13:55:44.702+0000] {crypto.py:82} WARNING - empty cryptography key - values will not be stored encrypted.
[2024-06-05T13:55:44.702+0000] {base.py:84} INFO - Using connection ID 'sourcedb_connection' for task execution.
[2024-06-05T13:55:44.746+0000] {python.py:237} INFO - Done. Returned value was: None
[2024-06-05T13:55:44.746+0000] {taskinstance.py:441} INFO - ::group::Post task execution logs
[2024-06-05T13:55:44.753+0000] {taskinstance.py:1206} INFO - Marking task as SUCCESS. dag_id=f1_data_pipeline_taskflow, task_id=load_sprint_task, run_id=scheduled__2024-06-04T00:00:00+00:00, execution_date=20240604T000000, start_date=20240605T135544, end_date=20240605T135544
[2024-06-05T13:55:44.775+0000] {local_task_job_runner.py:240} INFO - Task exited with return code 0
[2024-06-05T13:55:44.791+0000] {taskinstance.py:3498} INFO - 0 downstream tasks scheduled from follow-on schedule check
[2024-06-05T13:55:44.792+0000] {local_task_job_runner.py:222} INFO - ::endgroup::
[2024-06-05T14:24:55.567+0000] {local_task_job_runner.py:120} INFO - ::group::Pre task execution logs
[2024-06-05T14:24:55.711+0000] {taskinstance.py:2076} INFO - Dependencies all met for dep_context=non-requeueable deps ti=<TaskInstance: f1_data_pipeline_taskflow.load_sprint_task scheduled__2024-06-04T00:00:00+00:00 [queued]>
[2024-06-05T14:24:55.719+0000] {taskinstance.py:2076} INFO - Dependencies all met for dep_context=requeueable deps ti=<TaskInstance: f1_data_pipeline_taskflow.load_sprint_task scheduled__2024-06-04T00:00:00+00:00 [queued]>
[2024-06-05T14:24:55.719+0000] {taskinstance.py:2306} INFO - Starting attempt 1 of 1
[2024-06-05T14:24:55.728+0000] {taskinstance.py:2330} INFO - Executing <Task(_PythonDecoratedOperator): load_sprint_task> on 2024-06-04 00:00:00+00:00
[2024-06-05T14:24:55.734+0000] {warnings.py:110} WARNING - /home/***/.local/lib/python3.12/site-packages/***/task/task_runner/standard_task_runner.py:61: DeprecationWarning: This process (pid=510) is multi-threaded, use of fork() may lead to deadlocks in the child.
  pid = os.fork()

[2024-06-05T14:24:55.735+0000] {standard_task_runner.py:63} INFO - Started process 520 to run task
[2024-06-05T14:24:55.735+0000] {standard_task_runner.py:90} INFO - Running: ['***', 'tasks', 'run', 'f1_data_pipeline_taskflow', 'load_sprint_task', 'scheduled__2024-06-04T00:00:00+00:00', '--job-id', '26', '--raw', '--subdir', 'DAGS_FOLDER/etl_dag.py', '--cfg-path', '/tmp/tmpgtfp4hns']
[2024-06-05T14:24:55.737+0000] {standard_task_runner.py:91} INFO - Job 26: Subtask load_sprint_task
[2024-06-05T14:24:55.774+0000] {task_command.py:426} INFO - Running <TaskInstance: f1_data_pipeline_taskflow.load_sprint_task scheduled__2024-06-04T00:00:00+00:00 [running]> on host 3da1f8dc12f1
[2024-06-05T14:24:55.884+0000] {taskinstance.py:2648} INFO - Exporting env vars: AIRFLOW_CTX_DAG_OWNER='***' AIRFLOW_CTX_DAG_ID='f1_data_pipeline_taskflow' AIRFLOW_CTX_TASK_ID='load_sprint_task' AIRFLOW_CTX_EXECUTION_DATE='2024-06-04T00:00:00+00:00' AIRFLOW_CTX_TRY_NUMBER='1' AIRFLOW_CTX_DAG_RUN_ID='scheduled__2024-06-04T00:00:00+00:00'
[2024-06-05T14:24:55.885+0000] {taskinstance.py:430} INFO - ::endgroup::
[2024-06-05T14:24:55.886+0000] {crypto.py:82} WARNING - empty cryptography key - values will not be stored encrypted.
[2024-06-05T14:24:55.887+0000] {base.py:84} INFO - Using connection ID 'sourcedb_connection' for task execution.
[2024-06-05T14:24:55.936+0000] {python.py:237} INFO - Done. Returned value was: None
[2024-06-05T14:24:55.937+0000] {taskinstance.py:441} INFO - ::group::Post task execution logs
[2024-06-05T14:24:55.944+0000] {taskinstance.py:1206} INFO - Marking task as SUCCESS. dag_id=f1_data_pipeline_taskflow, task_id=load_sprint_task, run_id=scheduled__2024-06-04T00:00:00+00:00, execution_date=20240604T000000, start_date=20240605T142455, end_date=20240605T142455
[2024-06-05T14:24:55.989+0000] {local_task_job_runner.py:240} INFO - Task exited with return code 0
[2024-06-05T14:24:56.008+0000] {taskinstance.py:3498} INFO - 0 downstream tasks scheduled from follow-on schedule check
[2024-06-05T14:24:56.009+0000] {local_task_job_runner.py:222} INFO - ::endgroup::
[2024-06-05T14:27:54.441+0000] {local_task_job_runner.py:120} INFO - ::group::Pre task execution logs
[2024-06-05T14:27:54.460+0000] {taskinstance.py:2076} INFO - Dependencies all met for dep_context=non-requeueable deps ti=<TaskInstance: f1_data_pipeline_taskflow.load_sprint_task scheduled__2024-06-04T00:00:00+00:00 [queued]>
[2024-06-05T14:27:54.469+0000] {taskinstance.py:2076} INFO - Dependencies all met for dep_context=requeueable deps ti=<TaskInstance: f1_data_pipeline_taskflow.load_sprint_task scheduled__2024-06-04T00:00:00+00:00 [queued]>
[2024-06-05T14:27:54.469+0000] {taskinstance.py:2306} INFO - Starting attempt 1 of 1
[2024-06-05T14:27:54.478+0000] {taskinstance.py:2330} INFO - Executing <Task(_PythonDecoratedOperator): load_sprint_task> on 2024-06-04 00:00:00+00:00
[2024-06-05T14:27:54.486+0000] {warnings.py:110} WARNING - /home/***/.local/lib/python3.12/site-packages/***/task/task_runner/standard_task_runner.py:61: DeprecationWarning: This process (pid=502) is multi-threaded, use of fork() may lead to deadlocks in the child.
  pid = os.fork()

[2024-06-05T14:27:54.487+0000] {standard_task_runner.py:63} INFO - Started process 509 to run task
[2024-06-05T14:27:54.487+0000] {standard_task_runner.py:90} INFO - Running: ['***', 'tasks', 'run', 'f1_data_pipeline_taskflow', 'load_sprint_task', 'scheduled__2024-06-04T00:00:00+00:00', '--job-id', '26', '--raw', '--subdir', 'DAGS_FOLDER/etl_dag.py', '--cfg-path', '/tmp/tmpbp4pt2mj']
[2024-06-05T14:27:54.489+0000] {standard_task_runner.py:91} INFO - Job 26: Subtask load_sprint_task
[2024-06-05T14:27:54.524+0000] {task_command.py:426} INFO - Running <TaskInstance: f1_data_pipeline_taskflow.load_sprint_task scheduled__2024-06-04T00:00:00+00:00 [running]> on host d1c992285f47
[2024-06-05T14:27:54.631+0000] {taskinstance.py:2648} INFO - Exporting env vars: AIRFLOW_CTX_DAG_OWNER='***' AIRFLOW_CTX_DAG_ID='f1_data_pipeline_taskflow' AIRFLOW_CTX_TASK_ID='load_sprint_task' AIRFLOW_CTX_EXECUTION_DATE='2024-06-04T00:00:00+00:00' AIRFLOW_CTX_TRY_NUMBER='1' AIRFLOW_CTX_DAG_RUN_ID='scheduled__2024-06-04T00:00:00+00:00'
[2024-06-05T14:27:54.632+0000] {taskinstance.py:430} INFO - ::endgroup::
[2024-06-05T14:27:54.633+0000] {crypto.py:82} WARNING - empty cryptography key - values will not be stored encrypted.
[2024-06-05T14:27:54.634+0000] {base.py:84} INFO - Using connection ID 'sourcedb_connection' for task execution.
[2024-06-05T14:27:54.686+0000] {python.py:237} INFO - Done. Returned value was: None
[2024-06-05T14:27:54.686+0000] {taskinstance.py:441} INFO - ::group::Post task execution logs
[2024-06-05T14:27:54.694+0000] {taskinstance.py:1206} INFO - Marking task as SUCCESS. dag_id=f1_data_pipeline_taskflow, task_id=load_sprint_task, run_id=scheduled__2024-06-04T00:00:00+00:00, execution_date=20240604T000000, start_date=20240605T142754, end_date=20240605T142754
[2024-06-05T14:27:54.740+0000] {local_task_job_runner.py:240} INFO - Task exited with return code 0
[2024-06-05T14:27:54.747+0000] {local_task_job_runner.py:222} INFO - ::endgroup::
[2024-06-05T14:34:55.272+0000] {local_task_job_runner.py:120} INFO - ::group::Pre task execution logs
[2024-06-05T14:34:55.298+0000] {taskinstance.py:2076} INFO - Dependencies all met for dep_context=non-requeueable deps ti=<TaskInstance: f1_data_pipeline_taskflow.load_sprint_task scheduled__2024-06-04T00:00:00+00:00 [queued]>
[2024-06-05T14:34:55.309+0000] {taskinstance.py:2076} INFO - Dependencies all met for dep_context=requeueable deps ti=<TaskInstance: f1_data_pipeline_taskflow.load_sprint_task scheduled__2024-06-04T00:00:00+00:00 [queued]>
[2024-06-05T14:34:55.309+0000] {taskinstance.py:2306} INFO - Starting attempt 1 of 1
[2024-06-05T14:34:55.322+0000] {taskinstance.py:2330} INFO - Executing <Task(_PythonDecoratedOperator): load_sprint_task> on 2024-06-04 00:00:00+00:00
[2024-06-05T14:34:55.328+0000] {warnings.py:110} WARNING - /home/***/.local/lib/python3.12/site-packages/***/task/task_runner/standard_task_runner.py:61: DeprecationWarning: This process (pid=496) is multi-threaded, use of fork() may lead to deadlocks in the child.
  pid = os.fork()

[2024-06-05T14:34:55.329+0000] {standard_task_runner.py:63} INFO - Started process 541 to run task
[2024-06-05T14:34:55.330+0000] {standard_task_runner.py:90} INFO - Running: ['***', 'tasks', 'run', 'f1_data_pipeline_taskflow', 'load_sprint_task', 'scheduled__2024-06-04T00:00:00+00:00', '--job-id', '28', '--raw', '--subdir', 'DAGS_FOLDER/etl_dag.py', '--cfg-path', '/tmp/tmpchrz5p8y']
[2024-06-05T14:34:55.331+0000] {standard_task_runner.py:91} INFO - Job 28: Subtask load_sprint_task
[2024-06-05T14:34:55.378+0000] {task_command.py:426} INFO - Running <TaskInstance: f1_data_pipeline_taskflow.load_sprint_task scheduled__2024-06-04T00:00:00+00:00 [running]> on host 0c159eaec4ac
[2024-06-05T14:34:55.497+0000] {taskinstance.py:2648} INFO - Exporting env vars: AIRFLOW_CTX_DAG_OWNER='***' AIRFLOW_CTX_DAG_ID='f1_data_pipeline_taskflow' AIRFLOW_CTX_TASK_ID='load_sprint_task' AIRFLOW_CTX_EXECUTION_DATE='2024-06-04T00:00:00+00:00' AIRFLOW_CTX_TRY_NUMBER='1' AIRFLOW_CTX_DAG_RUN_ID='scheduled__2024-06-04T00:00:00+00:00'
[2024-06-05T14:34:55.499+0000] {taskinstance.py:430} INFO - ::endgroup::
[2024-06-05T14:34:55.500+0000] {crypto.py:82} WARNING - empty cryptography key - values will not be stored encrypted.
[2024-06-05T14:34:55.500+0000] {base.py:84} INFO - Using connection ID 'sourcedb_connection' for task execution.
[2024-06-05T14:34:55.546+0000] {python.py:237} INFO - Done. Returned value was: None
[2024-06-05T14:34:55.546+0000] {taskinstance.py:441} INFO - ::group::Post task execution logs
[2024-06-05T14:34:55.553+0000] {taskinstance.py:1206} INFO - Marking task as SUCCESS. dag_id=f1_data_pipeline_taskflow, task_id=load_sprint_task, run_id=scheduled__2024-06-04T00:00:00+00:00, execution_date=20240604T000000, start_date=20240605T143455, end_date=20240605T143455
[2024-06-05T14:34:55.583+0000] {local_task_job_runner.py:240} INFO - Task exited with return code 0
[2024-06-05T14:34:55.600+0000] {taskinstance.py:3498} INFO - 0 downstream tasks scheduled from follow-on schedule check
[2024-06-05T14:34:55.601+0000] {local_task_job_runner.py:222} INFO - ::endgroup::
[2024-06-05T14:43:05.969+0000] {local_task_job_runner.py:120} INFO - ::group::Pre task execution logs
[2024-06-05T14:43:05.987+0000] {taskinstance.py:2076} INFO - Dependencies all met for dep_context=non-requeueable deps ti=<TaskInstance: f1_data_pipeline_taskflow.load_sprint_task scheduled__2024-06-04T00:00:00+00:00 [queued]>
[2024-06-05T14:43:05.994+0000] {taskinstance.py:2076} INFO - Dependencies all met for dep_context=requeueable deps ti=<TaskInstance: f1_data_pipeline_taskflow.load_sprint_task scheduled__2024-06-04T00:00:00+00:00 [queued]>
[2024-06-05T14:43:05.994+0000] {taskinstance.py:2306} INFO - Starting attempt 1 of 1
[2024-06-05T14:43:06.003+0000] {taskinstance.py:2330} INFO - Executing <Task(_PythonDecoratedOperator): load_sprint_task> on 2024-06-04 00:00:00+00:00
[2024-06-05T14:43:06.010+0000] {warnings.py:110} WARNING - /home/***/.local/lib/python3.12/site-packages/***/task/task_runner/standard_task_runner.py:61: DeprecationWarning: This process (pid=569) is multi-threaded, use of fork() may lead to deadlocks in the child.
  pid = os.fork()

[2024-06-05T14:43:06.011+0000] {standard_task_runner.py:63} INFO - Started process 571 to run task
[2024-06-05T14:43:06.012+0000] {standard_task_runner.py:90} INFO - Running: ['***', 'tasks', 'run', 'f1_data_pipeline_taskflow', 'load_sprint_task', 'scheduled__2024-06-04T00:00:00+00:00', '--job-id', '28', '--raw', '--subdir', 'DAGS_FOLDER/etl_dag.py', '--cfg-path', '/tmp/tmp2f9x94qu']
[2024-06-05T14:43:06.013+0000] {standard_task_runner.py:91} INFO - Job 28: Subtask load_sprint_task
[2024-06-05T14:43:06.049+0000] {task_command.py:426} INFO - Running <TaskInstance: f1_data_pipeline_taskflow.load_sprint_task scheduled__2024-06-04T00:00:00+00:00 [running]> on host dc71de5e87bd
[2024-06-05T14:43:06.157+0000] {taskinstance.py:2648} INFO - Exporting env vars: AIRFLOW_CTX_DAG_OWNER='***' AIRFLOW_CTX_DAG_ID='f1_data_pipeline_taskflow' AIRFLOW_CTX_TASK_ID='load_sprint_task' AIRFLOW_CTX_EXECUTION_DATE='2024-06-04T00:00:00+00:00' AIRFLOW_CTX_TRY_NUMBER='1' AIRFLOW_CTX_DAG_RUN_ID='scheduled__2024-06-04T00:00:00+00:00'
[2024-06-05T14:43:06.159+0000] {taskinstance.py:430} INFO - ::endgroup::
[2024-06-05T14:43:06.160+0000] {crypto.py:82} WARNING - empty cryptography key - values will not be stored encrypted.
[2024-06-05T14:43:06.160+0000] {base.py:84} INFO - Using connection ID 'sourcedb_connection' for task execution.
[2024-06-05T14:43:06.207+0000] {python.py:237} INFO - Done. Returned value was: None
[2024-06-05T14:43:06.208+0000] {taskinstance.py:441} INFO - ::group::Post task execution logs
[2024-06-05T14:43:06.215+0000] {taskinstance.py:1206} INFO - Marking task as SUCCESS. dag_id=f1_data_pipeline_taskflow, task_id=load_sprint_task, run_id=scheduled__2024-06-04T00:00:00+00:00, execution_date=20240604T000000, start_date=20240605T144305, end_date=20240605T144306
[2024-06-05T14:43:06.265+0000] {local_task_job_runner.py:240} INFO - Task exited with return code 0
[2024-06-05T14:43:06.282+0000] {taskinstance.py:3498} INFO - 0 downstream tasks scheduled from follow-on schedule check
[2024-06-05T14:43:06.285+0000] {local_task_job_runner.py:222} INFO - ::endgroup::
