[2024-06-19T07:28:47.096+0000] {local_task_job_runner.py:120} INFO - ::group::Pre task execution logs
[2024-06-19T07:28:47.112+0000] {taskinstance.py:2076} INFO - Dependencies all met for dep_context=non-requeueable deps ti=<TaskInstance: f1_data_pipeline_taskflow.load_driver_task scheduled__2024-06-18T00:00:00+00:00 [queued]>
[2024-06-19T07:28:47.117+0000] {taskinstance.py:2076} INFO - Dependencies all met for dep_context=requeueable deps ti=<TaskInstance: f1_data_pipeline_taskflow.load_driver_task scheduled__2024-06-18T00:00:00+00:00 [queued]>
[2024-06-19T07:28:47.118+0000] {taskinstance.py:2306} INFO - Starting attempt 1 of 1
[2024-06-19T07:28:47.129+0000] {taskinstance.py:2330} INFO - Executing <Task(_PythonDecoratedOperator): load_driver_task> on 2024-06-18 00:00:00+00:00
[2024-06-19T07:28:47.135+0000] {warnings.py:110} WARNING - /home/***/.local/lib/python3.12/site-packages/***/task/task_runner/standard_task_runner.py:61: DeprecationWarning: This process (pid=337) is multi-threaded, use of fork() may lead to deadlocks in the child.
  pid = os.fork()

[2024-06-19T07:28:47.136+0000] {standard_task_runner.py:63} INFO - Started process 371 to run task
[2024-06-19T07:28:47.136+0000] {standard_task_runner.py:90} INFO - Running: ['***', 'tasks', 'run', 'f1_data_pipeline_taskflow', 'load_driver_task', 'scheduled__2024-06-18T00:00:00+00:00', '--job-id', '16', '--raw', '--subdir', 'DAGS_FOLDER/etl_dag.py', '--cfg-path', '/tmp/tmpw0tf8vph']
[2024-06-19T07:28:47.138+0000] {standard_task_runner.py:91} INFO - Job 16: Subtask load_driver_task
[2024-06-19T07:28:47.176+0000] {task_command.py:426} INFO - Running <TaskInstance: f1_data_pipeline_taskflow.load_driver_task scheduled__2024-06-18T00:00:00+00:00 [running]> on host 5d5bc16a80d8
[2024-06-19T07:28:47.288+0000] {taskinstance.py:2648} INFO - Exporting env vars: AIRFLOW_CTX_DAG_OWNER='***' AIRFLOW_CTX_DAG_ID='f1_data_pipeline_taskflow' AIRFLOW_CTX_TASK_ID='load_driver_task' AIRFLOW_CTX_EXECUTION_DATE='2024-06-18T00:00:00+00:00' AIRFLOW_CTX_TRY_NUMBER='1' AIRFLOW_CTX_DAG_RUN_ID='scheduled__2024-06-18T00:00:00+00:00'
[2024-06-19T07:28:47.289+0000] {taskinstance.py:430} INFO - ::endgroup::
[2024-06-19T07:28:47.290+0000] {crypto.py:82} WARNING - empty cryptography key - values will not be stored encrypted.
[2024-06-19T07:28:47.291+0000] {base.py:84} INFO - Using connection ID 'sourcedb_connection' for task execution.
[2024-06-19T07:28:47.312+0000] {python.py:237} INFO - Done. Returned value was: None
[2024-06-19T07:28:47.313+0000] {taskinstance.py:441} INFO - ::group::Post task execution logs
[2024-06-19T07:28:47.320+0000] {taskinstance.py:1206} INFO - Marking task as SUCCESS. dag_id=f1_data_pipeline_taskflow, task_id=load_driver_task, run_id=scheduled__2024-06-18T00:00:00+00:00, execution_date=20240618T000000, start_date=20240619T072847, end_date=20240619T072847
[2024-06-19T07:28:47.349+0000] {local_task_job_runner.py:240} INFO - Task exited with return code 0
[2024-06-19T07:28:47.366+0000] {taskinstance.py:3498} INFO - 1 downstream tasks scheduled from follow-on schedule check
[2024-06-19T07:28:47.368+0000] {local_task_job_runner.py:222} INFO - ::endgroup::
[2024-06-19T08:27:07.830+0000] {local_task_job_runner.py:120} INFO - ::group::Pre task execution logs
[2024-06-19T08:27:07.846+0000] {taskinstance.py:2076} INFO - Dependencies all met for dep_context=non-requeueable deps ti=<TaskInstance: f1_data_pipeline_taskflow.load_driver_task scheduled__2024-06-18T00:00:00+00:00 [queued]>
[2024-06-19T08:27:07.852+0000] {taskinstance.py:2076} INFO - Dependencies all met for dep_context=requeueable deps ti=<TaskInstance: f1_data_pipeline_taskflow.load_driver_task scheduled__2024-06-18T00:00:00+00:00 [queued]>
[2024-06-19T08:27:07.852+0000] {taskinstance.py:2306} INFO - Starting attempt 1 of 1
[2024-06-19T08:27:07.861+0000] {taskinstance.py:2330} INFO - Executing <Task(_PythonDecoratedOperator): load_driver_task> on 2024-06-18 00:00:00+00:00
[2024-06-19T08:27:07.867+0000] {warnings.py:110} WARNING - /home/***/.local/lib/python3.12/site-packages/***/task/task_runner/standard_task_runner.py:61: DeprecationWarning: This process (pid=311) is multi-threaded, use of fork() may lead to deadlocks in the child.
  pid = os.fork()

[2024-06-19T08:27:07.868+0000] {standard_task_runner.py:63} INFO - Started process 345 to run task
[2024-06-19T08:27:07.868+0000] {standard_task_runner.py:90} INFO - Running: ['***', 'tasks', 'run', 'f1_data_pipeline_taskflow', 'load_driver_task', 'scheduled__2024-06-18T00:00:00+00:00', '--job-id', '17', '--raw', '--subdir', 'DAGS_FOLDER/etl_dag.py', '--cfg-path', '/tmp/tmphr6iukpe']
[2024-06-19T08:27:07.870+0000] {standard_task_runner.py:91} INFO - Job 17: Subtask load_driver_task
[2024-06-19T08:27:07.905+0000] {task_command.py:426} INFO - Running <TaskInstance: f1_data_pipeline_taskflow.load_driver_task scheduled__2024-06-18T00:00:00+00:00 [running]> on host d64590577fb7
[2024-06-19T08:27:08.017+0000] {taskinstance.py:2648} INFO - Exporting env vars: AIRFLOW_CTX_DAG_OWNER='***' AIRFLOW_CTX_DAG_ID='f1_data_pipeline_taskflow' AIRFLOW_CTX_TASK_ID='load_driver_task' AIRFLOW_CTX_EXECUTION_DATE='2024-06-18T00:00:00+00:00' AIRFLOW_CTX_TRY_NUMBER='1' AIRFLOW_CTX_DAG_RUN_ID='scheduled__2024-06-18T00:00:00+00:00'
[2024-06-19T08:27:08.018+0000] {taskinstance.py:430} INFO - ::endgroup::
[2024-06-19T08:27:08.019+0000] {crypto.py:82} WARNING - empty cryptography key - values will not be stored encrypted.
[2024-06-19T08:27:08.020+0000] {base.py:84} INFO - Using connection ID 'sourcedb_connection' for task execution.
[2024-06-19T08:27:08.038+0000] {python.py:237} INFO - Done. Returned value was: None
[2024-06-19T08:27:08.038+0000] {taskinstance.py:441} INFO - ::group::Post task execution logs
[2024-06-19T08:27:08.045+0000] {taskinstance.py:1206} INFO - Marking task as SUCCESS. dag_id=f1_data_pipeline_taskflow, task_id=load_driver_task, run_id=scheduled__2024-06-18T00:00:00+00:00, execution_date=20240618T000000, start_date=20240619T082707, end_date=20240619T082708
[2024-06-19T08:27:08.082+0000] {local_task_job_runner.py:240} INFO - Task exited with return code 0
[2024-06-19T08:27:08.088+0000] {local_task_job_runner.py:222} INFO - ::endgroup::
[2024-06-19T08:54:14.360+0000] {local_task_job_runner.py:120} INFO - ::group::Pre task execution logs
[2024-06-19T08:54:14.393+0000] {taskinstance.py:2076} INFO - Dependencies all met for dep_context=non-requeueable deps ti=<TaskInstance: f1_data_pipeline_taskflow.load_driver_task scheduled__2024-06-18T00:00:00+00:00 [queued]>
[2024-06-19T08:54:14.401+0000] {taskinstance.py:2076} INFO - Dependencies all met for dep_context=requeueable deps ti=<TaskInstance: f1_data_pipeline_taskflow.load_driver_task scheduled__2024-06-18T00:00:00+00:00 [queued]>
[2024-06-19T08:54:14.401+0000] {taskinstance.py:2306} INFO - Starting attempt 1 of 1
[2024-06-19T08:54:14.413+0000] {taskinstance.py:2330} INFO - Executing <Task(_PythonDecoratedOperator): load_driver_task> on 2024-06-18 00:00:00+00:00
[2024-06-19T08:54:14.420+0000] {warnings.py:110} WARNING - /home/***/.local/lib/python3.12/site-packages/***/task/task_runner/standard_task_runner.py:61: DeprecationWarning: This process (pid=308) is multi-threaded, use of fork() may lead to deadlocks in the child.
  pid = os.fork()

[2024-06-19T08:54:14.421+0000] {standard_task_runner.py:63} INFO - Started process 349 to run task
[2024-06-19T08:54:14.421+0000] {standard_task_runner.py:90} INFO - Running: ['***', 'tasks', 'run', 'f1_data_pipeline_taskflow', 'load_driver_task', 'scheduled__2024-06-18T00:00:00+00:00', '--job-id', '17', '--raw', '--subdir', 'DAGS_FOLDER/etl_dag.py', '--cfg-path', '/tmp/tmpitsh6ijl']
[2024-06-19T08:54:14.423+0000] {standard_task_runner.py:91} INFO - Job 17: Subtask load_driver_task
[2024-06-19T08:54:14.463+0000] {task_command.py:426} INFO - Running <TaskInstance: f1_data_pipeline_taskflow.load_driver_task scheduled__2024-06-18T00:00:00+00:00 [running]> on host e5c8778eab06
[2024-06-19T08:54:14.601+0000] {taskinstance.py:2648} INFO - Exporting env vars: AIRFLOW_CTX_DAG_OWNER='***' AIRFLOW_CTX_DAG_ID='f1_data_pipeline_taskflow' AIRFLOW_CTX_TASK_ID='load_driver_task' AIRFLOW_CTX_EXECUTION_DATE='2024-06-18T00:00:00+00:00' AIRFLOW_CTX_TRY_NUMBER='1' AIRFLOW_CTX_DAG_RUN_ID='scheduled__2024-06-18T00:00:00+00:00'
[2024-06-19T08:54:14.605+0000] {taskinstance.py:430} INFO - ::endgroup::
[2024-06-19T08:54:14.608+0000] {crypto.py:82} WARNING - empty cryptography key - values will not be stored encrypted.
[2024-06-19T08:54:14.610+0000] {base.py:84} INFO - Using connection ID 'sourcedb_connection' for task execution.
[2024-06-19T08:54:14.649+0000] {python.py:237} INFO - Done. Returned value was: None
[2024-06-19T08:54:14.655+0000] {taskinstance.py:441} INFO - ::group::Post task execution logs
[2024-06-19T08:54:14.663+0000] {taskinstance.py:1206} INFO - Marking task as SUCCESS. dag_id=f1_data_pipeline_taskflow, task_id=load_driver_task, run_id=scheduled__2024-06-18T00:00:00+00:00, execution_date=20240618T000000, start_date=20240619T085414, end_date=20240619T085414
[2024-06-19T08:54:14.714+0000] {local_task_job_runner.py:240} INFO - Task exited with return code 0
[2024-06-19T08:54:14.731+0000] {taskinstance.py:3498} INFO - 1 downstream tasks scheduled from follow-on schedule check
[2024-06-19T08:54:14.732+0000] {local_task_job_runner.py:222} INFO - ::endgroup::
[2024-06-19T12:05:34.026+0000] {local_task_job_runner.py:120} INFO - ::group::Pre task execution logs
[2024-06-19T12:05:34.046+0000] {taskinstance.py:2076} INFO - Dependencies all met for dep_context=non-requeueable deps ti=<TaskInstance: f1_data_pipeline_taskflow.load_driver_task scheduled__2024-06-18T00:00:00+00:00 [queued]>
[2024-06-19T12:05:34.057+0000] {taskinstance.py:2076} INFO - Dependencies all met for dep_context=requeueable deps ti=<TaskInstance: f1_data_pipeline_taskflow.load_driver_task scheduled__2024-06-18T00:00:00+00:00 [queued]>
[2024-06-19T12:05:34.058+0000] {taskinstance.py:2306} INFO - Starting attempt 1 of 1
[2024-06-19T12:05:34.076+0000] {taskinstance.py:2330} INFO - Executing <Task(_PythonDecoratedOperator): load_driver_task> on 2024-06-18 00:00:00+00:00
[2024-06-19T12:05:34.084+0000] {warnings.py:110} WARNING - /home/***/.local/lib/python3.12/site-packages/***/task/task_runner/standard_task_runner.py:61: DeprecationWarning: This process (pid=320) is multi-threaded, use of fork() may lead to deadlocks in the child.
  pid = os.fork()

[2024-06-19T12:05:34.085+0000] {standard_task_runner.py:63} INFO - Started process 334 to run task
[2024-06-19T12:05:34.085+0000] {standard_task_runner.py:90} INFO - Running: ['***', 'tasks', 'run', 'f1_data_pipeline_taskflow', 'load_driver_task', 'scheduled__2024-06-18T00:00:00+00:00', '--job-id', '17', '--raw', '--subdir', 'DAGS_FOLDER/etl_dag.py', '--cfg-path', '/tmp/tmp5xvci69o']
[2024-06-19T12:05:34.087+0000] {standard_task_runner.py:91} INFO - Job 17: Subtask load_driver_task
[2024-06-19T12:05:34.140+0000] {task_command.py:426} INFO - Running <TaskInstance: f1_data_pipeline_taskflow.load_driver_task scheduled__2024-06-18T00:00:00+00:00 [running]> on host eef124934bf8
[2024-06-19T12:05:34.325+0000] {taskinstance.py:2648} INFO - Exporting env vars: AIRFLOW_CTX_DAG_OWNER='***' AIRFLOW_CTX_DAG_ID='f1_data_pipeline_taskflow' AIRFLOW_CTX_TASK_ID='load_driver_task' AIRFLOW_CTX_EXECUTION_DATE='2024-06-18T00:00:00+00:00' AIRFLOW_CTX_TRY_NUMBER='1' AIRFLOW_CTX_DAG_RUN_ID='scheduled__2024-06-18T00:00:00+00:00'
[2024-06-19T12:05:34.326+0000] {taskinstance.py:430} INFO - ::endgroup::
[2024-06-19T12:05:34.327+0000] {crypto.py:82} WARNING - empty cryptography key - values will not be stored encrypted.
[2024-06-19T12:05:34.327+0000] {base.py:84} INFO - Using connection ID 'sourcedb_connection' for task execution.
[2024-06-19T12:05:34.369+0000] {python.py:237} INFO - Done. Returned value was: None
[2024-06-19T12:05:34.370+0000] {taskinstance.py:441} INFO - ::group::Post task execution logs
[2024-06-19T12:05:34.383+0000] {taskinstance.py:1206} INFO - Marking task as SUCCESS. dag_id=f1_data_pipeline_taskflow, task_id=load_driver_task, run_id=scheduled__2024-06-18T00:00:00+00:00, execution_date=20240618T000000, start_date=20240619T120534, end_date=20240619T120534
[2024-06-19T12:05:34.419+0000] {local_task_job_runner.py:240} INFO - Task exited with return code 0
[2024-06-19T12:05:34.489+0000] {taskinstance.py:3498} INFO - 1 downstream tasks scheduled from follow-on schedule check
[2024-06-19T12:05:34.495+0000] {local_task_job_runner.py:222} INFO - ::endgroup::
[2024-06-19T12:36:43.425+0000] {local_task_job_runner.py:120} INFO - ::group::Pre task execution logs
[2024-06-19T12:36:43.440+0000] {taskinstance.py:2076} INFO - Dependencies all met for dep_context=non-requeueable deps ti=<TaskInstance: f1_data_pipeline_taskflow.load_driver_task scheduled__2024-06-18T00:00:00+00:00 [queued]>
[2024-06-19T12:36:43.445+0000] {taskinstance.py:2076} INFO - Dependencies all met for dep_context=requeueable deps ti=<TaskInstance: f1_data_pipeline_taskflow.load_driver_task scheduled__2024-06-18T00:00:00+00:00 [queued]>
[2024-06-19T12:36:43.446+0000] {taskinstance.py:2306} INFO - Starting attempt 1 of 1
[2024-06-19T12:36:43.459+0000] {taskinstance.py:2330} INFO - Executing <Task(_PythonDecoratedOperator): load_driver_task> on 2024-06-18 00:00:00+00:00
[2024-06-19T12:36:43.466+0000] {warnings.py:110} WARNING - /home/***/.local/lib/python3.12/site-packages/***/task/task_runner/standard_task_runner.py:61: DeprecationWarning: This process (pid=352) is multi-threaded, use of fork() may lead to deadlocks in the child.
  pid = os.fork()

[2024-06-19T12:36:43.467+0000] {standard_task_runner.py:63} INFO - Started process 365 to run task
[2024-06-19T12:36:43.468+0000] {standard_task_runner.py:90} INFO - Running: ['***', 'tasks', 'run', 'f1_data_pipeline_taskflow', 'load_driver_task', 'scheduled__2024-06-18T00:00:00+00:00', '--job-id', '18', '--raw', '--subdir', 'DAGS_FOLDER/etl_dag.py', '--cfg-path', '/tmp/tmp9ziz2v1s']
[2024-06-19T12:36:43.469+0000] {standard_task_runner.py:91} INFO - Job 18: Subtask load_driver_task
[2024-06-19T12:36:43.507+0000] {task_command.py:426} INFO - Running <TaskInstance: f1_data_pipeline_taskflow.load_driver_task scheduled__2024-06-18T00:00:00+00:00 [running]> on host 3a98e934d90a
[2024-06-19T12:36:43.642+0000] {taskinstance.py:2648} INFO - Exporting env vars: AIRFLOW_CTX_DAG_OWNER='***' AIRFLOW_CTX_DAG_ID='f1_data_pipeline_taskflow' AIRFLOW_CTX_TASK_ID='load_driver_task' AIRFLOW_CTX_EXECUTION_DATE='2024-06-18T00:00:00+00:00' AIRFLOW_CTX_TRY_NUMBER='1' AIRFLOW_CTX_DAG_RUN_ID='scheduled__2024-06-18T00:00:00+00:00'
[2024-06-19T12:36:43.643+0000] {taskinstance.py:430} INFO - ::endgroup::
[2024-06-19T12:36:43.645+0000] {crypto.py:82} WARNING - empty cryptography key - values will not be stored encrypted.
[2024-06-19T12:36:43.645+0000] {base.py:84} INFO - Using connection ID 'sourcedb_connection' for task execution.
[2024-06-19T12:36:43.671+0000] {python.py:237} INFO - Done. Returned value was: None
[2024-06-19T12:36:43.671+0000] {taskinstance.py:441} INFO - ::group::Post task execution logs
[2024-06-19T12:36:43.682+0000] {taskinstance.py:1206} INFO - Marking task as SUCCESS. dag_id=f1_data_pipeline_taskflow, task_id=load_driver_task, run_id=scheduled__2024-06-18T00:00:00+00:00, execution_date=20240618T000000, start_date=20240619T123643, end_date=20240619T123643
[2024-06-19T12:36:43.722+0000] {local_task_job_runner.py:240} INFO - Task exited with return code 0
[2024-06-19T12:36:43.752+0000] {taskinstance.py:3498} INFO - 1 downstream tasks scheduled from follow-on schedule check
[2024-06-19T12:36:43.760+0000] {local_task_job_runner.py:222} INFO - ::endgroup::
[2024-06-19T12:53:14.626+0000] {local_task_job_runner.py:120} INFO - ::group::Pre task execution logs
[2024-06-19T12:53:14.643+0000] {taskinstance.py:2076} INFO - Dependencies all met for dep_context=non-requeueable deps ti=<TaskInstance: f1_data_pipeline_taskflow.load_driver_task scheduled__2024-06-18T00:00:00+00:00 [queued]>
[2024-06-19T12:53:14.649+0000] {taskinstance.py:2076} INFO - Dependencies all met for dep_context=requeueable deps ti=<TaskInstance: f1_data_pipeline_taskflow.load_driver_task scheduled__2024-06-18T00:00:00+00:00 [queued]>
[2024-06-19T12:53:14.650+0000] {taskinstance.py:2306} INFO - Starting attempt 1 of 1
[2024-06-19T12:53:14.659+0000] {taskinstance.py:2330} INFO - Executing <Task(_PythonDecoratedOperator): load_driver_task> on 2024-06-18 00:00:00+00:00
[2024-06-19T12:53:14.665+0000] {warnings.py:110} WARNING - /home/***/.local/lib/python3.12/site-packages/***/task/task_runner/standard_task_runner.py:61: DeprecationWarning: This process (pid=313) is multi-threaded, use of fork() may lead to deadlocks in the child.
  pid = os.fork()

[2024-06-19T12:53:14.666+0000] {standard_task_runner.py:63} INFO - Started process 321 to run task
[2024-06-19T12:53:14.666+0000] {standard_task_runner.py:90} INFO - Running: ['***', 'tasks', 'run', 'f1_data_pipeline_taskflow', 'load_driver_task', 'scheduled__2024-06-18T00:00:00+00:00', '--job-id', '15', '--raw', '--subdir', 'DAGS_FOLDER/etl_dag.py', '--cfg-path', '/tmp/tmp1vwc8av2']
[2024-06-19T12:53:14.668+0000] {standard_task_runner.py:91} INFO - Job 15: Subtask load_driver_task
[2024-06-19T12:53:14.708+0000] {task_command.py:426} INFO - Running <TaskInstance: f1_data_pipeline_taskflow.load_driver_task scheduled__2024-06-18T00:00:00+00:00 [running]> on host 9426bfe013d2
[2024-06-19T12:53:14.854+0000] {taskinstance.py:2648} INFO - Exporting env vars: AIRFLOW_CTX_DAG_OWNER='***' AIRFLOW_CTX_DAG_ID='f1_data_pipeline_taskflow' AIRFLOW_CTX_TASK_ID='load_driver_task' AIRFLOW_CTX_EXECUTION_DATE='2024-06-18T00:00:00+00:00' AIRFLOW_CTX_TRY_NUMBER='1' AIRFLOW_CTX_DAG_RUN_ID='scheduled__2024-06-18T00:00:00+00:00'
[2024-06-19T12:53:14.855+0000] {taskinstance.py:430} INFO - ::endgroup::
[2024-06-19T12:53:14.856+0000] {crypto.py:82} WARNING - empty cryptography key - values will not be stored encrypted.
[2024-06-19T12:53:14.856+0000] {base.py:84} INFO - Using connection ID 'sourcedb_connection' for task execution.
[2024-06-19T12:53:14.909+0000] {python.py:237} INFO - Done. Returned value was: None
[2024-06-19T12:53:14.911+0000] {taskinstance.py:441} INFO - ::group::Post task execution logs
[2024-06-19T12:53:14.928+0000] {taskinstance.py:1206} INFO - Marking task as SUCCESS. dag_id=f1_data_pipeline_taskflow, task_id=load_driver_task, run_id=scheduled__2024-06-18T00:00:00+00:00, execution_date=20240618T000000, start_date=20240619T125314, end_date=20240619T125314
[2024-06-19T12:53:15.001+0000] {local_task_job_runner.py:240} INFO - Task exited with return code 0
[2024-06-19T12:53:15.030+0000] {local_task_job_runner.py:222} INFO - ::endgroup::
[2024-06-19T13:03:15.763+0000] {local_task_job_runner.py:120} INFO - ::group::Pre task execution logs
[2024-06-19T13:03:15.785+0000] {taskinstance.py:2076} INFO - Dependencies all met for dep_context=non-requeueable deps ti=<TaskInstance: f1_data_pipeline_taskflow.load_driver_task scheduled__2024-06-18T00:00:00+00:00 [queued]>
[2024-06-19T13:03:15.795+0000] {taskinstance.py:2076} INFO - Dependencies all met for dep_context=requeueable deps ti=<TaskInstance: f1_data_pipeline_taskflow.load_driver_task scheduled__2024-06-18T00:00:00+00:00 [queued]>
[2024-06-19T13:03:15.795+0000] {taskinstance.py:2306} INFO - Starting attempt 1 of 1
[2024-06-19T13:03:15.810+0000] {taskinstance.py:2330} INFO - Executing <Task(_PythonDecoratedOperator): load_driver_task> on 2024-06-18 00:00:00+00:00
[2024-06-19T13:03:15.817+0000] {warnings.py:110} WARNING - /home/***/.local/lib/python3.12/site-packages/***/task/task_runner/standard_task_runner.py:61: DeprecationWarning: This process (pid=309) is multi-threaded, use of fork() may lead to deadlocks in the child.
  pid = os.fork()

[2024-06-19T13:03:15.819+0000] {standard_task_runner.py:63} INFO - Started process 321 to run task
[2024-06-19T13:03:15.819+0000] {standard_task_runner.py:90} INFO - Running: ['***', 'tasks', 'run', 'f1_data_pipeline_taskflow', 'load_driver_task', 'scheduled__2024-06-18T00:00:00+00:00', '--job-id', '17', '--raw', '--subdir', 'DAGS_FOLDER/etl_dag.py', '--cfg-path', '/tmp/tmp_20q25ig']
[2024-06-19T13:03:15.821+0000] {standard_task_runner.py:91} INFO - Job 17: Subtask load_driver_task
[2024-06-19T13:03:15.871+0000] {task_command.py:426} INFO - Running <TaskInstance: f1_data_pipeline_taskflow.load_driver_task scheduled__2024-06-18T00:00:00+00:00 [running]> on host 6fa64189ef34
[2024-06-19T13:03:16.042+0000] {taskinstance.py:2648} INFO - Exporting env vars: AIRFLOW_CTX_DAG_OWNER='***' AIRFLOW_CTX_DAG_ID='f1_data_pipeline_taskflow' AIRFLOW_CTX_TASK_ID='load_driver_task' AIRFLOW_CTX_EXECUTION_DATE='2024-06-18T00:00:00+00:00' AIRFLOW_CTX_TRY_NUMBER='1' AIRFLOW_CTX_DAG_RUN_ID='scheduled__2024-06-18T00:00:00+00:00'
[2024-06-19T13:03:16.043+0000] {taskinstance.py:430} INFO - ::endgroup::
[2024-06-19T13:03:16.044+0000] {crypto.py:82} WARNING - empty cryptography key - values will not be stored encrypted.
[2024-06-19T13:03:16.045+0000] {base.py:84} INFO - Using connection ID 'sourcedb_connection' for task execution.
[2024-06-19T13:03:16.086+0000] {python.py:237} INFO - Done. Returned value was: None
[2024-06-19T13:03:16.088+0000] {taskinstance.py:441} INFO - ::group::Post task execution logs
[2024-06-19T13:03:16.108+0000] {taskinstance.py:1206} INFO - Marking task as SUCCESS. dag_id=f1_data_pipeline_taskflow, task_id=load_driver_task, run_id=scheduled__2024-06-18T00:00:00+00:00, execution_date=20240618T000000, start_date=20240619T130315, end_date=20240619T130316
[2024-06-19T13:03:16.154+0000] {local_task_job_runner.py:240} INFO - Task exited with return code 0
[2024-06-19T13:03:16.182+0000] {taskinstance.py:3498} INFO - 1 downstream tasks scheduled from follow-on schedule check
[2024-06-19T13:03:16.185+0000] {local_task_job_runner.py:222} INFO - ::endgroup::
[2024-06-19T13:17:01.241+0000] {local_task_job_runner.py:120} INFO - ::group::Pre task execution logs
[2024-06-19T13:17:01.260+0000] {taskinstance.py:2076} INFO - Dependencies all met for dep_context=non-requeueable deps ti=<TaskInstance: f1_data_pipeline_taskflow.load_driver_task scheduled__2024-06-18T00:00:00+00:00 [queued]>
[2024-06-19T13:17:01.268+0000] {taskinstance.py:2076} INFO - Dependencies all met for dep_context=requeueable deps ti=<TaskInstance: f1_data_pipeline_taskflow.load_driver_task scheduled__2024-06-18T00:00:00+00:00 [queued]>
[2024-06-19T13:17:01.268+0000] {taskinstance.py:2306} INFO - Starting attempt 1 of 1
[2024-06-19T13:17:01.278+0000] {taskinstance.py:2330} INFO - Executing <Task(_PythonDecoratedOperator): load_driver_task> on 2024-06-18 00:00:00+00:00
[2024-06-19T13:17:01.285+0000] {warnings.py:110} WARNING - /home/***/.local/lib/python3.12/site-packages/***/task/task_runner/standard_task_runner.py:61: DeprecationWarning: This process (pid=313) is multi-threaded, use of fork() may lead to deadlocks in the child.
  pid = os.fork()

[2024-06-19T13:17:01.286+0000] {standard_task_runner.py:63} INFO - Started process 391 to run task
[2024-06-19T13:17:01.287+0000] {standard_task_runner.py:90} INFO - Running: ['***', 'tasks', 'run', 'f1_data_pipeline_taskflow', 'load_driver_task', 'scheduled__2024-06-18T00:00:00+00:00', '--job-id', '20', '--raw', '--subdir', 'DAGS_FOLDER/etl_dag.py', '--cfg-path', '/tmp/tmp76xk9axm']
[2024-06-19T13:17:01.289+0000] {standard_task_runner.py:91} INFO - Job 20: Subtask load_driver_task
[2024-06-19T13:17:01.336+0000] {task_command.py:426} INFO - Running <TaskInstance: f1_data_pipeline_taskflow.load_driver_task scheduled__2024-06-18T00:00:00+00:00 [running]> on host d5b44298ec9f
[2024-06-19T13:17:01.511+0000] {taskinstance.py:2648} INFO - Exporting env vars: AIRFLOW_CTX_DAG_OWNER='***' AIRFLOW_CTX_DAG_ID='f1_data_pipeline_taskflow' AIRFLOW_CTX_TASK_ID='load_driver_task' AIRFLOW_CTX_EXECUTION_DATE='2024-06-18T00:00:00+00:00' AIRFLOW_CTX_TRY_NUMBER='1' AIRFLOW_CTX_DAG_RUN_ID='scheduled__2024-06-18T00:00:00+00:00'
[2024-06-19T13:17:01.512+0000] {taskinstance.py:430} INFO - ::endgroup::
[2024-06-19T13:17:01.513+0000] {crypto.py:82} WARNING - empty cryptography key - values will not be stored encrypted.
[2024-06-19T13:17:01.513+0000] {base.py:84} INFO - Using connection ID 'sourcedb_connection' for task execution.
[2024-06-19T13:17:01.530+0000] {python.py:237} INFO - Done. Returned value was: None
[2024-06-19T13:17:01.530+0000] {taskinstance.py:441} INFO - ::group::Post task execution logs
[2024-06-19T13:17:01.538+0000] {taskinstance.py:1206} INFO - Marking task as SUCCESS. dag_id=f1_data_pipeline_taskflow, task_id=load_driver_task, run_id=scheduled__2024-06-18T00:00:00+00:00, execution_date=20240618T000000, start_date=20240619T131701, end_date=20240619T131701
[2024-06-19T13:17:01.580+0000] {local_task_job_runner.py:240} INFO - Task exited with return code 0
[2024-06-19T13:17:01.600+0000] {taskinstance.py:3498} INFO - 1 downstream tasks scheduled from follow-on schedule check
[2024-06-19T13:17:01.602+0000] {local_task_job_runner.py:222} INFO - ::endgroup::
[2024-06-19T13:27:29.145+0000] {local_task_job_runner.py:120} INFO - ::group::Pre task execution logs
[2024-06-19T13:27:29.164+0000] {taskinstance.py:2076} INFO - Dependencies all met for dep_context=non-requeueable deps ti=<TaskInstance: f1_data_pipeline_taskflow.load_driver_task scheduled__2024-06-18T00:00:00+00:00 [queued]>
[2024-06-19T13:27:29.170+0000] {taskinstance.py:2076} INFO - Dependencies all met for dep_context=requeueable deps ti=<TaskInstance: f1_data_pipeline_taskflow.load_driver_task scheduled__2024-06-18T00:00:00+00:00 [queued]>
[2024-06-19T13:27:29.170+0000] {taskinstance.py:2306} INFO - Starting attempt 1 of 1
[2024-06-19T13:27:29.180+0000] {taskinstance.py:2330} INFO - Executing <Task(_PythonDecoratedOperator): load_driver_task> on 2024-06-18 00:00:00+00:00
[2024-06-19T13:27:29.186+0000] {warnings.py:110} WARNING - /home/***/.local/lib/python3.12/site-packages/***/task/task_runner/standard_task_runner.py:61: DeprecationWarning: This process (pid=306) is multi-threaded, use of fork() may lead to deadlocks in the child.
  pid = os.fork()

[2024-06-19T13:27:29.187+0000] {standard_task_runner.py:63} INFO - Started process 325 to run task
[2024-06-19T13:27:29.188+0000] {standard_task_runner.py:90} INFO - Running: ['***', 'tasks', 'run', 'f1_data_pipeline_taskflow', 'load_driver_task', 'scheduled__2024-06-18T00:00:00+00:00', '--job-id', '17', '--raw', '--subdir', 'DAGS_FOLDER/etl_dag.py', '--cfg-path', '/tmp/tmpv33wvc3m']
[2024-06-19T13:27:29.190+0000] {standard_task_runner.py:91} INFO - Job 17: Subtask load_driver_task
[2024-06-19T13:27:29.228+0000] {task_command.py:426} INFO - Running <TaskInstance: f1_data_pipeline_taskflow.load_driver_task scheduled__2024-06-18T00:00:00+00:00 [running]> on host fc0cf0aa1225
[2024-06-19T13:27:29.351+0000] {taskinstance.py:2648} INFO - Exporting env vars: AIRFLOW_CTX_DAG_OWNER='***' AIRFLOW_CTX_DAG_ID='f1_data_pipeline_taskflow' AIRFLOW_CTX_TASK_ID='load_driver_task' AIRFLOW_CTX_EXECUTION_DATE='2024-06-18T00:00:00+00:00' AIRFLOW_CTX_TRY_NUMBER='1' AIRFLOW_CTX_DAG_RUN_ID='scheduled__2024-06-18T00:00:00+00:00'
[2024-06-19T13:27:29.352+0000] {taskinstance.py:430} INFO - ::endgroup::
[2024-06-19T13:27:29.354+0000] {crypto.py:82} WARNING - empty cryptography key - values will not be stored encrypted.
[2024-06-19T13:27:29.355+0000] {base.py:84} INFO - Using connection ID 'sourcedb_connection' for task execution.
[2024-06-19T13:27:29.381+0000] {python.py:237} INFO - Done. Returned value was: None
[2024-06-19T13:27:29.383+0000] {taskinstance.py:441} INFO - ::group::Post task execution logs
[2024-06-19T13:27:29.394+0000] {taskinstance.py:1206} INFO - Marking task as SUCCESS. dag_id=f1_data_pipeline_taskflow, task_id=load_driver_task, run_id=scheduled__2024-06-18T00:00:00+00:00, execution_date=20240618T000000, start_date=20240619T132729, end_date=20240619T132729
[2024-06-19T13:27:29.481+0000] {local_task_job_runner.py:240} INFO - Task exited with return code 0
[2024-06-19T13:27:29.502+0000] {taskinstance.py:3498} INFO - 1 downstream tasks scheduled from follow-on schedule check
[2024-06-19T13:27:29.504+0000] {local_task_job_runner.py:222} INFO - ::endgroup::
[2024-06-19T13:37:37.762+0000] {local_task_job_runner.py:120} INFO - ::group::Pre task execution logs
[2024-06-19T13:37:37.779+0000] {taskinstance.py:2076} INFO - Dependencies all met for dep_context=non-requeueable deps ti=<TaskInstance: f1_data_pipeline_taskflow.load_driver_task scheduled__2024-06-18T00:00:00+00:00 [queued]>
[2024-06-19T13:37:37.786+0000] {taskinstance.py:2076} INFO - Dependencies all met for dep_context=requeueable deps ti=<TaskInstance: f1_data_pipeline_taskflow.load_driver_task scheduled__2024-06-18T00:00:00+00:00 [queued]>
[2024-06-19T13:37:37.786+0000] {taskinstance.py:2306} INFO - Starting attempt 1 of 1
[2024-06-19T13:37:37.795+0000] {taskinstance.py:2330} INFO - Executing <Task(_PythonDecoratedOperator): load_driver_task> on 2024-06-18 00:00:00+00:00
[2024-06-19T13:37:37.802+0000] {warnings.py:110} WARNING - /home/***/.local/lib/python3.12/site-packages/***/task/task_runner/standard_task_runner.py:61: DeprecationWarning: This process (pid=309) is multi-threaded, use of fork() may lead to deadlocks in the child.
  pid = os.fork()

[2024-06-19T13:37:37.803+0000] {standard_task_runner.py:63} INFO - Started process 319 to run task
[2024-06-19T13:37:37.803+0000] {standard_task_runner.py:90} INFO - Running: ['***', 'tasks', 'run', 'f1_data_pipeline_taskflow', 'load_driver_task', 'scheduled__2024-06-18T00:00:00+00:00', '--job-id', '19', '--raw', '--subdir', 'DAGS_FOLDER/etl_dag.py', '--cfg-path', '/tmp/tmprct63w4_']
[2024-06-19T13:37:37.805+0000] {standard_task_runner.py:91} INFO - Job 19: Subtask load_driver_task
[2024-06-19T13:37:37.843+0000] {task_command.py:426} INFO - Running <TaskInstance: f1_data_pipeline_taskflow.load_driver_task scheduled__2024-06-18T00:00:00+00:00 [running]> on host 790bccf90551
[2024-06-19T13:37:37.970+0000] {taskinstance.py:2648} INFO - Exporting env vars: AIRFLOW_CTX_DAG_OWNER='***' AIRFLOW_CTX_DAG_ID='f1_data_pipeline_taskflow' AIRFLOW_CTX_TASK_ID='load_driver_task' AIRFLOW_CTX_EXECUTION_DATE='2024-06-18T00:00:00+00:00' AIRFLOW_CTX_TRY_NUMBER='1' AIRFLOW_CTX_DAG_RUN_ID='scheduled__2024-06-18T00:00:00+00:00'
[2024-06-19T13:37:37.972+0000] {taskinstance.py:430} INFO - ::endgroup::
[2024-06-19T13:37:37.973+0000] {crypto.py:82} WARNING - empty cryptography key - values will not be stored encrypted.
[2024-06-19T13:37:37.973+0000] {base.py:84} INFO - Using connection ID 'sourcedb_connection' for task execution.
[2024-06-19T13:37:38.013+0000] {python.py:237} INFO - Done. Returned value was: None
[2024-06-19T13:37:38.015+0000] {taskinstance.py:441} INFO - ::group::Post task execution logs
[2024-06-19T13:37:38.040+0000] {taskinstance.py:1206} INFO - Marking task as SUCCESS. dag_id=f1_data_pipeline_taskflow, task_id=load_driver_task, run_id=scheduled__2024-06-18T00:00:00+00:00, execution_date=20240618T000000, start_date=20240619T133737, end_date=20240619T133738
[2024-06-19T13:37:38.138+0000] {local_task_job_runner.py:240} INFO - Task exited with return code 0
[2024-06-19T13:37:38.156+0000] {local_task_job_runner.py:222} INFO - ::endgroup::
[2024-06-19T14:01:21.330+0000] {local_task_job_runner.py:120} INFO - ::group::Pre task execution logs
[2024-06-19T14:01:21.347+0000] {taskinstance.py:2076} INFO - Dependencies all met for dep_context=non-requeueable deps ti=<TaskInstance: f1_data_pipeline_taskflow.load_driver_task scheduled__2024-06-18T00:00:00+00:00 [queued]>
[2024-06-19T14:01:21.353+0000] {taskinstance.py:2076} INFO - Dependencies all met for dep_context=requeueable deps ti=<TaskInstance: f1_data_pipeline_taskflow.load_driver_task scheduled__2024-06-18T00:00:00+00:00 [queued]>
[2024-06-19T14:01:21.353+0000] {taskinstance.py:2306} INFO - Starting attempt 1 of 1
[2024-06-19T14:01:21.362+0000] {taskinstance.py:2330} INFO - Executing <Task(_PythonDecoratedOperator): load_driver_task> on 2024-06-18 00:00:00+00:00
[2024-06-19T14:01:21.369+0000] {warnings.py:110} WARNING - /home/***/.local/lib/python3.12/site-packages/***/task/task_runner/standard_task_runner.py:61: DeprecationWarning: This process (pid=307) is multi-threaded, use of fork() may lead to deadlocks in the child.
  pid = os.fork()

[2024-06-19T14:01:21.370+0000] {standard_task_runner.py:63} INFO - Started process 317 to run task
[2024-06-19T14:01:21.370+0000] {standard_task_runner.py:90} INFO - Running: ['***', 'tasks', 'run', 'f1_data_pipeline_taskflow', 'load_driver_task', 'scheduled__2024-06-18T00:00:00+00:00', '--job-id', '18', '--raw', '--subdir', 'DAGS_FOLDER/etl_dag.py', '--cfg-path', '/tmp/tmpf73vep9c']
[2024-06-19T14:01:21.372+0000] {standard_task_runner.py:91} INFO - Job 18: Subtask load_driver_task
[2024-06-19T14:01:21.410+0000] {task_command.py:426} INFO - Running <TaskInstance: f1_data_pipeline_taskflow.load_driver_task scheduled__2024-06-18T00:00:00+00:00 [running]> on host 0ff0d3189758
[2024-06-19T14:01:21.561+0000] {taskinstance.py:2648} INFO - Exporting env vars: AIRFLOW_CTX_DAG_OWNER='***' AIRFLOW_CTX_DAG_ID='f1_data_pipeline_taskflow' AIRFLOW_CTX_TASK_ID='load_driver_task' AIRFLOW_CTX_EXECUTION_DATE='2024-06-18T00:00:00+00:00' AIRFLOW_CTX_TRY_NUMBER='1' AIRFLOW_CTX_DAG_RUN_ID='scheduled__2024-06-18T00:00:00+00:00'
[2024-06-19T14:01:21.562+0000] {taskinstance.py:430} INFO - ::endgroup::
[2024-06-19T14:01:21.563+0000] {crypto.py:82} WARNING - empty cryptography key - values will not be stored encrypted.
[2024-06-19T14:01:21.563+0000] {base.py:84} INFO - Using connection ID 'sourcedb_connection' for task execution.
[2024-06-19T14:01:21.599+0000] {python.py:237} INFO - Done. Returned value was: None
[2024-06-19T14:01:21.600+0000] {taskinstance.py:441} INFO - ::group::Post task execution logs
[2024-06-19T14:01:21.610+0000] {taskinstance.py:1206} INFO - Marking task as SUCCESS. dag_id=f1_data_pipeline_taskflow, task_id=load_driver_task, run_id=scheduled__2024-06-18T00:00:00+00:00, execution_date=20240618T000000, start_date=20240619T140121, end_date=20240619T140121
[2024-06-19T14:01:21.664+0000] {local_task_job_runner.py:240} INFO - Task exited with return code 0
[2024-06-19T14:01:21.709+0000] {taskinstance.py:3498} INFO - 1 downstream tasks scheduled from follow-on schedule check
[2024-06-19T14:01:21.711+0000] {local_task_job_runner.py:222} INFO - ::endgroup::
[2024-06-19T14:04:58.831+0000] {local_task_job_runner.py:120} INFO - ::group::Pre task execution logs
[2024-06-19T14:04:58.847+0000] {taskinstance.py:2076} INFO - Dependencies all met for dep_context=non-requeueable deps ti=<TaskInstance: f1_data_pipeline_taskflow.load_driver_task scheduled__2024-06-18T00:00:00+00:00 [queued]>
[2024-06-19T14:04:58.852+0000] {taskinstance.py:2076} INFO - Dependencies all met for dep_context=requeueable deps ti=<TaskInstance: f1_data_pipeline_taskflow.load_driver_task scheduled__2024-06-18T00:00:00+00:00 [queued]>
[2024-06-19T14:04:58.852+0000] {taskinstance.py:2306} INFO - Starting attempt 1 of 1
[2024-06-19T14:04:58.861+0000] {taskinstance.py:2330} INFO - Executing <Task(_PythonDecoratedOperator): load_driver_task> on 2024-06-18 00:00:00+00:00
[2024-06-19T14:04:58.868+0000] {warnings.py:110} WARNING - /home/***/.local/lib/python3.12/site-packages/***/task/task_runner/standard_task_runner.py:61: DeprecationWarning: This process (pid=305) is multi-threaded, use of fork() may lead to deadlocks in the child.
  pid = os.fork()

[2024-06-19T14:04:58.868+0000] {standard_task_runner.py:63} INFO - Started process 315 to run task
[2024-06-19T14:04:58.868+0000] {standard_task_runner.py:90} INFO - Running: ['***', 'tasks', 'run', 'f1_data_pipeline_taskflow', 'load_driver_task', 'scheduled__2024-06-18T00:00:00+00:00', '--job-id', '17', '--raw', '--subdir', 'DAGS_FOLDER/etl_dag.py', '--cfg-path', '/tmp/tmp3z7_acjj']
[2024-06-19T14:04:58.870+0000] {standard_task_runner.py:91} INFO - Job 17: Subtask load_driver_task
[2024-06-19T14:04:58.908+0000] {task_command.py:426} INFO - Running <TaskInstance: f1_data_pipeline_taskflow.load_driver_task scheduled__2024-06-18T00:00:00+00:00 [running]> on host dc92dd71b4a2
[2024-06-19T14:04:59.042+0000] {taskinstance.py:2648} INFO - Exporting env vars: AIRFLOW_CTX_DAG_OWNER='***' AIRFLOW_CTX_DAG_ID='f1_data_pipeline_taskflow' AIRFLOW_CTX_TASK_ID='load_driver_task' AIRFLOW_CTX_EXECUTION_DATE='2024-06-18T00:00:00+00:00' AIRFLOW_CTX_TRY_NUMBER='1' AIRFLOW_CTX_DAG_RUN_ID='scheduled__2024-06-18T00:00:00+00:00'
[2024-06-19T14:04:59.042+0000] {taskinstance.py:430} INFO - ::endgroup::
[2024-06-19T14:04:59.043+0000] {crypto.py:82} WARNING - empty cryptography key - values will not be stored encrypted.
[2024-06-19T14:04:59.044+0000] {base.py:84} INFO - Using connection ID 'sourcedb_connection' for task execution.
[2024-06-19T14:04:59.074+0000] {python.py:237} INFO - Done. Returned value was: None
[2024-06-19T14:04:59.075+0000] {taskinstance.py:441} INFO - ::group::Post task execution logs
[2024-06-19T14:04:59.086+0000] {taskinstance.py:1206} INFO - Marking task as SUCCESS. dag_id=f1_data_pipeline_taskflow, task_id=load_driver_task, run_id=scheduled__2024-06-18T00:00:00+00:00, execution_date=20240618T000000, start_date=20240619T140458, end_date=20240619T140459
[2024-06-19T14:04:59.163+0000] {local_task_job_runner.py:240} INFO - Task exited with return code 0
[2024-06-19T14:04:59.202+0000] {local_task_job_runner.py:222} INFO - ::endgroup::
[2024-06-19T14:13:58.733+0000] {local_task_job_runner.py:120} INFO - ::group::Pre task execution logs
[2024-06-19T14:13:58.751+0000] {taskinstance.py:2076} INFO - Dependencies all met for dep_context=non-requeueable deps ti=<TaskInstance: f1_data_pipeline_taskflow.load_driver_task scheduled__2024-06-18T00:00:00+00:00 [queued]>
[2024-06-19T14:13:58.758+0000] {taskinstance.py:2076} INFO - Dependencies all met for dep_context=requeueable deps ti=<TaskInstance: f1_data_pipeline_taskflow.load_driver_task scheduled__2024-06-18T00:00:00+00:00 [queued]>
[2024-06-19T14:13:58.758+0000] {taskinstance.py:2306} INFO - Starting attempt 1 of 1
[2024-06-19T14:13:58.769+0000] {taskinstance.py:2330} INFO - Executing <Task(_PythonDecoratedOperator): load_driver_task> on 2024-06-18 00:00:00+00:00
[2024-06-19T14:13:58.775+0000] {warnings.py:110} WARNING - /home/***/.local/lib/python3.12/site-packages/***/task/task_runner/standard_task_runner.py:61: DeprecationWarning: This process (pid=334) is multi-threaded, use of fork() may lead to deadlocks in the child.
  pid = os.fork()

[2024-06-19T14:13:58.776+0000] {standard_task_runner.py:63} INFO - Started process 354 to run task
[2024-06-19T14:13:58.777+0000] {standard_task_runner.py:90} INFO - Running: ['***', 'tasks', 'run', 'f1_data_pipeline_taskflow', 'load_driver_task', 'scheduled__2024-06-18T00:00:00+00:00', '--job-id', '19', '--raw', '--subdir', 'DAGS_FOLDER/etl_dag.py', '--cfg-path', '/tmp/tmpzamolnau']
[2024-06-19T14:13:58.778+0000] {standard_task_runner.py:91} INFO - Job 19: Subtask load_driver_task
[2024-06-19T14:13:58.820+0000] {task_command.py:426} INFO - Running <TaskInstance: f1_data_pipeline_taskflow.load_driver_task scheduled__2024-06-18T00:00:00+00:00 [running]> on host 2acd74b25e37
[2024-06-19T14:13:58.995+0000] {taskinstance.py:2648} INFO - Exporting env vars: AIRFLOW_CTX_DAG_OWNER='***' AIRFLOW_CTX_DAG_ID='f1_data_pipeline_taskflow' AIRFLOW_CTX_TASK_ID='load_driver_task' AIRFLOW_CTX_EXECUTION_DATE='2024-06-18T00:00:00+00:00' AIRFLOW_CTX_TRY_NUMBER='1' AIRFLOW_CTX_DAG_RUN_ID='scheduled__2024-06-18T00:00:00+00:00'
[2024-06-19T14:13:58.998+0000] {taskinstance.py:430} INFO - ::endgroup::
[2024-06-19T14:13:59.003+0000] {crypto.py:82} WARNING - empty cryptography key - values will not be stored encrypted.
[2024-06-19T14:13:59.006+0000] {base.py:84} INFO - Using connection ID 'sourcedb_connection' for task execution.
[2024-06-19T14:13:59.070+0000] {python.py:237} INFO - Done. Returned value was: None
[2024-06-19T14:13:59.073+0000] {taskinstance.py:441} INFO - ::group::Post task execution logs
[2024-06-19T14:13:59.098+0000] {taskinstance.py:1206} INFO - Marking task as SUCCESS. dag_id=f1_data_pipeline_taskflow, task_id=load_driver_task, run_id=scheduled__2024-06-18T00:00:00+00:00, execution_date=20240618T000000, start_date=20240619T141358, end_date=20240619T141359
[2024-06-19T14:13:59.151+0000] {local_task_job_runner.py:240} INFO - Task exited with return code 0
[2024-06-19T14:13:59.166+0000] {taskinstance.py:3498} INFO - 1 downstream tasks scheduled from follow-on schedule check
[2024-06-19T14:13:59.168+0000] {local_task_job_runner.py:222} INFO - ::endgroup::
[2024-06-19T14:25:55.613+0000] {local_task_job_runner.py:120} INFO - ::group::Pre task execution logs
[2024-06-19T14:25:55.631+0000] {taskinstance.py:2076} INFO - Dependencies all met for dep_context=non-requeueable deps ti=<TaskInstance: f1_data_pipeline_taskflow.load_driver_task scheduled__2024-06-18T00:00:00+00:00 [queued]>
[2024-06-19T14:25:55.637+0000] {taskinstance.py:2076} INFO - Dependencies all met for dep_context=requeueable deps ti=<TaskInstance: f1_data_pipeline_taskflow.load_driver_task scheduled__2024-06-18T00:00:00+00:00 [queued]>
[2024-06-19T14:25:55.638+0000] {taskinstance.py:2306} INFO - Starting attempt 1 of 1
[2024-06-19T14:25:55.647+0000] {taskinstance.py:2330} INFO - Executing <Task(_PythonDecoratedOperator): load_driver_task> on 2024-06-18 00:00:00+00:00
[2024-06-19T14:25:55.654+0000] {warnings.py:110} WARNING - /home/***/.local/lib/python3.12/site-packages/***/task/task_runner/standard_task_runner.py:61: DeprecationWarning: This process (pid=307) is multi-threaded, use of fork() may lead to deadlocks in the child.
  pid = os.fork()

[2024-06-19T14:25:55.655+0000] {standard_task_runner.py:63} INFO - Started process 327 to run task
[2024-06-19T14:25:55.655+0000] {standard_task_runner.py:90} INFO - Running: ['***', 'tasks', 'run', 'f1_data_pipeline_taskflow', 'load_driver_task', 'scheduled__2024-06-18T00:00:00+00:00', '--job-id', '19', '--raw', '--subdir', 'DAGS_FOLDER/etl_dag.py', '--cfg-path', '/tmp/tmpbx11kkov']
[2024-06-19T14:25:55.657+0000] {standard_task_runner.py:91} INFO - Job 19: Subtask load_driver_task
[2024-06-19T14:25:55.694+0000] {task_command.py:426} INFO - Running <TaskInstance: f1_data_pipeline_taskflow.load_driver_task scheduled__2024-06-18T00:00:00+00:00 [running]> on host 7f714baf6013
[2024-06-19T14:25:55.836+0000] {taskinstance.py:2648} INFO - Exporting env vars: AIRFLOW_CTX_DAG_OWNER='***' AIRFLOW_CTX_DAG_ID='f1_data_pipeline_taskflow' AIRFLOW_CTX_TASK_ID='load_driver_task' AIRFLOW_CTX_EXECUTION_DATE='2024-06-18T00:00:00+00:00' AIRFLOW_CTX_TRY_NUMBER='1' AIRFLOW_CTX_DAG_RUN_ID='scheduled__2024-06-18T00:00:00+00:00'
[2024-06-19T14:25:55.838+0000] {taskinstance.py:430} INFO - ::endgroup::
[2024-06-19T14:25:55.839+0000] {crypto.py:82} WARNING - empty cryptography key - values will not be stored encrypted.
[2024-06-19T14:25:55.839+0000] {base.py:84} INFO - Using connection ID 'sourcedb_connection' for task execution.
[2024-06-19T14:25:55.861+0000] {python.py:237} INFO - Done. Returned value was: None
[2024-06-19T14:25:55.862+0000] {taskinstance.py:441} INFO - ::group::Post task execution logs
[2024-06-19T14:25:55.872+0000] {taskinstance.py:1206} INFO - Marking task as SUCCESS. dag_id=f1_data_pipeline_taskflow, task_id=load_driver_task, run_id=scheduled__2024-06-18T00:00:00+00:00, execution_date=20240618T000000, start_date=20240619T142555, end_date=20240619T142555
[2024-06-19T14:25:55.909+0000] {local_task_job_runner.py:240} INFO - Task exited with return code 0
[2024-06-19T14:25:55.970+0000] {taskinstance.py:3498} INFO - 1 downstream tasks scheduled from follow-on schedule check
[2024-06-19T14:25:55.978+0000] {local_task_job_runner.py:222} INFO - ::endgroup::
