[2024-06-11T07:51:09.784+0000] {local_task_job_runner.py:120} INFO - ::group::Pre task execution logs
[2024-06-11T07:51:09.807+0000] {taskinstance.py:2076} INFO - Dependencies all met for dep_context=non-requeueable deps ti=<TaskInstance: f1_data_pipeline_taskflow.load_circuit_task scheduled__2024-06-10T00:00:00+00:00 [queued]>
[2024-06-11T07:51:09.814+0000] {taskinstance.py:2076} INFO - Dependencies all met for dep_context=requeueable deps ti=<TaskInstance: f1_data_pipeline_taskflow.load_circuit_task scheduled__2024-06-10T00:00:00+00:00 [queued]>
[2024-06-11T07:51:09.815+0000] {taskinstance.py:2306} INFO - Starting attempt 1 of 1
[2024-06-11T07:51:09.825+0000] {taskinstance.py:2330} INFO - Executing <Task(_PythonDecoratedOperator): load_circuit_task> on 2024-06-10 00:00:00+00:00
[2024-06-11T07:51:09.833+0000] {warnings.py:110} WARNING - /home/***/.local/lib/python3.12/site-packages/***/task/task_runner/standard_task_runner.py:61: DeprecationWarning: This process (pid=575) is multi-threaded, use of fork() may lead to deadlocks in the child.
  pid = os.fork()

[2024-06-11T07:51:09.834+0000] {standard_task_runner.py:63} INFO - Started process 602 to run task
[2024-06-11T07:51:09.834+0000] {standard_task_runner.py:90} INFO - Running: ['***', 'tasks', 'run', 'f1_data_pipeline_taskflow', 'load_circuit_task', 'scheduled__2024-06-10T00:00:00+00:00', '--job-id', '17', '--raw', '--subdir', 'DAGS_FOLDER/etl_dag.py', '--cfg-path', '/tmp/tmpjvvkewv9']
[2024-06-11T07:51:09.836+0000] {standard_task_runner.py:91} INFO - Job 17: Subtask load_circuit_task
[2024-06-11T07:51:09.873+0000] {task_command.py:426} INFO - Running <TaskInstance: f1_data_pipeline_taskflow.load_circuit_task scheduled__2024-06-10T00:00:00+00:00 [running]> on host 774afe459216
[2024-06-11T07:51:09.997+0000] {taskinstance.py:2648} INFO - Exporting env vars: AIRFLOW_CTX_DAG_OWNER='***' AIRFLOW_CTX_DAG_ID='f1_data_pipeline_taskflow' AIRFLOW_CTX_TASK_ID='load_circuit_task' AIRFLOW_CTX_EXECUTION_DATE='2024-06-10T00:00:00+00:00' AIRFLOW_CTX_TRY_NUMBER='1' AIRFLOW_CTX_DAG_RUN_ID='scheduled__2024-06-10T00:00:00+00:00'
[2024-06-11T07:51:09.998+0000] {taskinstance.py:430} INFO - ::endgroup::
[2024-06-11T07:51:09.999+0000] {crypto.py:82} WARNING - empty cryptography key - values will not be stored encrypted.
[2024-06-11T07:51:09.999+0000] {base.py:84} INFO - Using connection ID 'sourcedb_connection' for task execution.
[2024-06-11T07:51:10.038+0000] {python.py:237} INFO - Done. Returned value was: None
[2024-06-11T07:51:10.039+0000] {taskinstance.py:441} INFO - ::group::Post task execution logs
[2024-06-11T07:51:10.045+0000] {taskinstance.py:1206} INFO - Marking task as SUCCESS. dag_id=f1_data_pipeline_taskflow, task_id=load_circuit_task, run_id=scheduled__2024-06-10T00:00:00+00:00, execution_date=20240610T000000, start_date=20240611T075109, end_date=20240611T075110
[2024-06-11T07:51:10.087+0000] {local_task_job_runner.py:240} INFO - Task exited with return code 0
[2024-06-11T07:51:10.110+0000] {taskinstance.py:3498} INFO - 1 downstream tasks scheduled from follow-on schedule check
[2024-06-11T07:51:10.112+0000] {local_task_job_runner.py:222} INFO - ::endgroup::
[2024-06-11T09:15:32.541+0000] {local_task_job_runner.py:120} INFO - ::group::Pre task execution logs
[2024-06-11T09:15:32.557+0000] {taskinstance.py:2076} INFO - Dependencies all met for dep_context=non-requeueable deps ti=<TaskInstance: f1_data_pipeline_taskflow.load_circuit_task scheduled__2024-06-10T00:00:00+00:00 [queued]>
[2024-06-11T09:15:32.563+0000] {taskinstance.py:2076} INFO - Dependencies all met for dep_context=requeueable deps ti=<TaskInstance: f1_data_pipeline_taskflow.load_circuit_task scheduled__2024-06-10T00:00:00+00:00 [queued]>
[2024-06-11T09:15:32.564+0000] {taskinstance.py:2306} INFO - Starting attempt 1 of 1
[2024-06-11T09:15:32.574+0000] {taskinstance.py:2330} INFO - Executing <Task(_PythonDecoratedOperator): load_circuit_task> on 2024-06-10 00:00:00+00:00
[2024-06-11T09:15:32.581+0000] {warnings.py:110} WARNING - /home/***/.local/lib/python3.12/site-packages/***/task/task_runner/standard_task_runner.py:61: DeprecationWarning: This process (pid=414) is multi-threaded, use of fork() may lead to deadlocks in the child.
  pid = os.fork()

[2024-06-11T09:15:32.582+0000] {standard_task_runner.py:63} INFO - Started process 422 to run task
[2024-06-11T09:15:32.582+0000] {standard_task_runner.py:90} INFO - Running: ['***', 'tasks', 'run', 'f1_data_pipeline_taskflow', 'load_circuit_task', 'scheduled__2024-06-10T00:00:00+00:00', '--job-id', '19', '--raw', '--subdir', 'DAGS_FOLDER/etl_dag.py', '--cfg-path', '/tmp/tmp7gx_7y36']
[2024-06-11T09:15:32.584+0000] {standard_task_runner.py:91} INFO - Job 19: Subtask load_circuit_task
[2024-06-11T09:15:32.620+0000] {task_command.py:426} INFO - Running <TaskInstance: f1_data_pipeline_taskflow.load_circuit_task scheduled__2024-06-10T00:00:00+00:00 [running]> on host fdc9bf7b6fb8
[2024-06-11T09:15:32.748+0000] {taskinstance.py:2648} INFO - Exporting env vars: AIRFLOW_CTX_DAG_OWNER='***' AIRFLOW_CTX_DAG_ID='f1_data_pipeline_taskflow' AIRFLOW_CTX_TASK_ID='load_circuit_task' AIRFLOW_CTX_EXECUTION_DATE='2024-06-10T00:00:00+00:00' AIRFLOW_CTX_TRY_NUMBER='1' AIRFLOW_CTX_DAG_RUN_ID='scheduled__2024-06-10T00:00:00+00:00'
[2024-06-11T09:15:32.749+0000] {taskinstance.py:430} INFO - ::endgroup::
[2024-06-11T09:15:32.750+0000] {crypto.py:82} WARNING - empty cryptography key - values will not be stored encrypted.
[2024-06-11T09:15:32.751+0000] {base.py:84} INFO - Using connection ID 'sourcedb_connection' for task execution.
[2024-06-11T09:15:32.808+0000] {python.py:237} INFO - Done. Returned value was: None
[2024-06-11T09:15:32.808+0000] {taskinstance.py:441} INFO - ::group::Post task execution logs
[2024-06-11T09:15:32.833+0000] {taskinstance.py:1206} INFO - Marking task as SUCCESS. dag_id=f1_data_pipeline_taskflow, task_id=load_circuit_task, run_id=scheduled__2024-06-10T00:00:00+00:00, execution_date=20240610T000000, start_date=20240611T091532, end_date=20240611T091532
[2024-06-11T09:15:32.876+0000] {local_task_job_runner.py:240} INFO - Task exited with return code 0
[2024-06-11T09:15:32.910+0000] {taskinstance.py:3498} INFO - 1 downstream tasks scheduled from follow-on schedule check
[2024-06-11T09:15:32.912+0000] {local_task_job_runner.py:222} INFO - ::endgroup::
[2024-06-11T11:21:35.644+0000] {local_task_job_runner.py:120} INFO - ::group::Pre task execution logs
[2024-06-11T11:21:35.661+0000] {taskinstance.py:2076} INFO - Dependencies all met for dep_context=non-requeueable deps ti=<TaskInstance: f1_data_pipeline_taskflow.load_circuit_task scheduled__2024-06-10T00:00:00+00:00 [queued]>
[2024-06-11T11:21:35.667+0000] {taskinstance.py:2076} INFO - Dependencies all met for dep_context=requeueable deps ti=<TaskInstance: f1_data_pipeline_taskflow.load_circuit_task scheduled__2024-06-10T00:00:00+00:00 [queued]>
[2024-06-11T11:21:35.667+0000] {taskinstance.py:2306} INFO - Starting attempt 1 of 1
[2024-06-11T11:21:35.678+0000] {taskinstance.py:2330} INFO - Executing <Task(_PythonDecoratedOperator): load_circuit_task> on 2024-06-10 00:00:00+00:00
[2024-06-11T11:21:35.685+0000] {warnings.py:110} WARNING - /home/***/.local/lib/python3.12/site-packages/***/task/task_runner/standard_task_runner.py:61: DeprecationWarning: This process (pid=433) is multi-threaded, use of fork() may lead to deadlocks in the child.
  pid = os.fork()

[2024-06-11T11:21:35.686+0000] {standard_task_runner.py:63} INFO - Started process 442 to run task
[2024-06-11T11:21:35.686+0000] {standard_task_runner.py:90} INFO - Running: ['***', 'tasks', 'run', 'f1_data_pipeline_taskflow', 'load_circuit_task', 'scheduled__2024-06-10T00:00:00+00:00', '--job-id', '19', '--raw', '--subdir', 'DAGS_FOLDER/etl_dag.py', '--cfg-path', '/tmp/tmp01k04n5f']
[2024-06-11T11:21:35.688+0000] {standard_task_runner.py:91} INFO - Job 19: Subtask load_circuit_task
[2024-06-11T11:21:35.722+0000] {task_command.py:426} INFO - Running <TaskInstance: f1_data_pipeline_taskflow.load_circuit_task scheduled__2024-06-10T00:00:00+00:00 [running]> on host bc9f1e77df41
[2024-06-11T11:21:35.887+0000] {taskinstance.py:2648} INFO - Exporting env vars: AIRFLOW_CTX_DAG_OWNER='***' AIRFLOW_CTX_DAG_ID='f1_data_pipeline_taskflow' AIRFLOW_CTX_TASK_ID='load_circuit_task' AIRFLOW_CTX_EXECUTION_DATE='2024-06-10T00:00:00+00:00' AIRFLOW_CTX_TRY_NUMBER='1' AIRFLOW_CTX_DAG_RUN_ID='scheduled__2024-06-10T00:00:00+00:00'
[2024-06-11T11:21:35.888+0000] {taskinstance.py:430} INFO - ::endgroup::
[2024-06-11T11:21:35.889+0000] {crypto.py:82} WARNING - empty cryptography key - values will not be stored encrypted.
[2024-06-11T11:21:35.890+0000] {base.py:84} INFO - Using connection ID 'sourcedb_connection' for task execution.
[2024-06-11T11:21:35.914+0000] {python.py:237} INFO - Done. Returned value was: None
[2024-06-11T11:21:35.914+0000] {taskinstance.py:441} INFO - ::group::Post task execution logs
[2024-06-11T11:21:35.927+0000] {taskinstance.py:1206} INFO - Marking task as SUCCESS. dag_id=f1_data_pipeline_taskflow, task_id=load_circuit_task, run_id=scheduled__2024-06-10T00:00:00+00:00, execution_date=20240610T000000, start_date=20240611T112135, end_date=20240611T112135
[2024-06-11T11:21:35.981+0000] {local_task_job_runner.py:240} INFO - Task exited with return code 0
[2024-06-11T11:21:35.991+0000] {local_task_job_runner.py:222} INFO - ::endgroup::
[2024-06-11T14:24:35.060+0000] {local_task_job_runner.py:120} INFO - ::group::Pre task execution logs
[2024-06-11T14:24:35.075+0000] {taskinstance.py:2076} INFO - Dependencies all met for dep_context=non-requeueable deps ti=<TaskInstance: f1_data_pipeline_taskflow.load_circuit_task scheduled__2024-06-10T00:00:00+00:00 [queued]>
[2024-06-11T14:24:35.082+0000] {taskinstance.py:2076} INFO - Dependencies all met for dep_context=requeueable deps ti=<TaskInstance: f1_data_pipeline_taskflow.load_circuit_task scheduled__2024-06-10T00:00:00+00:00 [queued]>
[2024-06-11T14:24:35.082+0000] {taskinstance.py:2306} INFO - Starting attempt 1 of 1
[2024-06-11T14:24:35.090+0000] {taskinstance.py:2330} INFO - Executing <Task(_PythonDecoratedOperator): load_circuit_task> on 2024-06-10 00:00:00+00:00
[2024-06-11T14:24:35.097+0000] {warnings.py:110} WARNING - /home/***/.local/lib/python3.12/site-packages/***/task/task_runner/standard_task_runner.py:61: DeprecationWarning: This process (pid=522) is multi-threaded, use of fork() may lead to deadlocks in the child.
  pid = os.fork()

[2024-06-11T14:24:35.098+0000] {standard_task_runner.py:63} INFO - Started process 532 to run task
[2024-06-11T14:24:35.098+0000] {standard_task_runner.py:90} INFO - Running: ['***', 'tasks', 'run', 'f1_data_pipeline_taskflow', 'load_circuit_task', 'scheduled__2024-06-10T00:00:00+00:00', '--job-id', '19', '--raw', '--subdir', 'DAGS_FOLDER/etl_dag.py', '--cfg-path', '/tmp/tmpjw5ptuc2']
[2024-06-11T14:24:35.100+0000] {standard_task_runner.py:91} INFO - Job 19: Subtask load_circuit_task
[2024-06-11T14:24:35.137+0000] {task_command.py:426} INFO - Running <TaskInstance: f1_data_pipeline_taskflow.load_circuit_task scheduled__2024-06-10T00:00:00+00:00 [running]> on host f99ae21f53ae
[2024-06-11T14:24:35.313+0000] {taskinstance.py:2648} INFO - Exporting env vars: AIRFLOW_CTX_DAG_OWNER='***' AIRFLOW_CTX_DAG_ID='f1_data_pipeline_taskflow' AIRFLOW_CTX_TASK_ID='load_circuit_task' AIRFLOW_CTX_EXECUTION_DATE='2024-06-10T00:00:00+00:00' AIRFLOW_CTX_TRY_NUMBER='1' AIRFLOW_CTX_DAG_RUN_ID='scheduled__2024-06-10T00:00:00+00:00'
[2024-06-11T14:24:35.314+0000] {taskinstance.py:430} INFO - ::endgroup::
[2024-06-11T14:24:35.315+0000] {crypto.py:82} WARNING - empty cryptography key - values will not be stored encrypted.
[2024-06-11T14:24:35.316+0000] {base.py:84} INFO - Using connection ID 'sourcedb_connection' for task execution.
[2024-06-11T14:24:35.331+0000] {python.py:237} INFO - Done. Returned value was: None
[2024-06-11T14:24:35.332+0000] {taskinstance.py:441} INFO - ::group::Post task execution logs
[2024-06-11T14:24:35.339+0000] {taskinstance.py:1206} INFO - Marking task as SUCCESS. dag_id=f1_data_pipeline_taskflow, task_id=load_circuit_task, run_id=scheduled__2024-06-10T00:00:00+00:00, execution_date=20240610T000000, start_date=20240611T142435, end_date=20240611T142435
[2024-06-11T14:24:35.352+0000] {local_task_job_runner.py:240} INFO - Task exited with return code 0
[2024-06-11T14:24:35.374+0000] {taskinstance.py:3498} INFO - 1 downstream tasks scheduled from follow-on schedule check
[2024-06-11T14:24:35.376+0000] {local_task_job_runner.py:222} INFO - ::endgroup::
