[2024-06-13T08:00:16.590+0000] {local_task_job_runner.py:120} INFO - ::group::Pre task execution logs
[2024-06-13T08:00:16.611+0000] {taskinstance.py:2076} INFO - Dependencies all met for dep_context=non-requeueable deps ti=<TaskInstance: f1_data_pipeline_taskflow.raceStatusDim_transform scheduled__2024-06-12T00:00:00+00:00 [queued]>
[2024-06-13T08:00:16.619+0000] {taskinstance.py:2076} INFO - Dependencies all met for dep_context=requeueable deps ti=<TaskInstance: f1_data_pipeline_taskflow.raceStatusDim_transform scheduled__2024-06-12T00:00:00+00:00 [queued]>
[2024-06-13T08:00:16.619+0000] {taskinstance.py:2306} INFO - Starting attempt 1 of 1
[2024-06-13T08:00:16.631+0000] {taskinstance.py:2330} INFO - Executing <Task(_PythonDecoratedOperator): raceStatusDim_transform> on 2024-06-12 00:00:00+00:00
[2024-06-13T08:00:16.637+0000] {warnings.py:110} WARNING - /home/***/.local/lib/python3.12/site-packages/***/task/task_runner/standard_task_runner.py:61: DeprecationWarning: This process (pid=258) is multi-threaded, use of fork() may lead to deadlocks in the child.
  pid = os.fork()

[2024-06-13T08:00:16.638+0000] {standard_task_runner.py:63} INFO - Started process 276 to run task
[2024-06-13T08:00:16.639+0000] {standard_task_runner.py:90} INFO - Running: ['***', 'tasks', 'run', 'f1_data_pipeline_taskflow', 'raceStatusDim_transform', 'scheduled__2024-06-12T00:00:00+00:00', '--job-id', '7', '--raw', '--subdir', 'DAGS_FOLDER/etl_dag.py', '--cfg-path', '/tmp/tmp0n7xo0pp']
[2024-06-13T08:00:16.641+0000] {standard_task_runner.py:91} INFO - Job 7: Subtask raceStatusDim_transform
[2024-06-13T08:00:16.687+0000] {task_command.py:426} INFO - Running <TaskInstance: f1_data_pipeline_taskflow.raceStatusDim_transform scheduled__2024-06-12T00:00:00+00:00 [running]> on host 2af4b76eb3c8
[2024-06-13T08:00:19.067+0000] {taskinstance.py:2648} INFO - Exporting env vars: AIRFLOW_CTX_DAG_OWNER='***' AIRFLOW_CTX_DAG_ID='f1_data_pipeline_taskflow' AIRFLOW_CTX_TASK_ID='raceStatusDim_transform' AIRFLOW_CTX_EXECUTION_DATE='2024-06-12T00:00:00+00:00' AIRFLOW_CTX_TRY_NUMBER='1' AIRFLOW_CTX_DAG_RUN_ID='scheduled__2024-06-12T00:00:00+00:00'
[2024-06-13T08:00:19.069+0000] {taskinstance.py:430} INFO - ::endgroup::
[2024-06-13T08:00:19.125+0000] {python.py:237} INFO - Done. Returned value was:         statusId        status
0              1      Finished
298258        43       Exhaust
298661         4     Collision
304122        11        +1 Lap
445393        29      Puncture
...          ...           ...
516480        24  Differential
516609        96      Excluded
516819        15       +5 Laps
517303       139       Illness
517350        14       +4 Laps

[65 rows x 2 columns]
[2024-06-13T08:00:19.135+0000] {taskinstance.py:441} INFO - ::group::Post task execution logs
[2024-06-13T08:00:19.222+0000] {taskinstance.py:1206} INFO - Marking task as SUCCESS. dag_id=f1_data_pipeline_taskflow, task_id=raceStatusDim_transform, run_id=scheduled__2024-06-12T00:00:00+00:00, execution_date=20240612T000000, start_date=20240613T080016, end_date=20240613T080019
[2024-06-13T08:00:19.263+0000] {local_task_job_runner.py:240} INFO - Task exited with return code 0
[2024-06-13T08:00:19.309+0000] {taskinstance.py:3498} INFO - 1 downstream tasks scheduled from follow-on schedule check
[2024-06-13T08:00:19.312+0000] {local_task_job_runner.py:222} INFO - ::endgroup::
[2024-06-13T08:44:43.764+0000] {local_task_job_runner.py:120} INFO - ::group::Pre task execution logs
[2024-06-13T08:44:43.789+0000] {taskinstance.py:2076} INFO - Dependencies all met for dep_context=non-requeueable deps ti=<TaskInstance: f1_data_pipeline_taskflow.raceStatusDim_transform scheduled__2024-06-12T00:00:00+00:00 [queued]>
[2024-06-13T08:44:43.798+0000] {taskinstance.py:2076} INFO - Dependencies all met for dep_context=requeueable deps ti=<TaskInstance: f1_data_pipeline_taskflow.raceStatusDim_transform scheduled__2024-06-12T00:00:00+00:00 [queued]>
[2024-06-13T08:44:43.799+0000] {taskinstance.py:2306} INFO - Starting attempt 1 of 1
[2024-06-13T08:44:43.812+0000] {taskinstance.py:2330} INFO - Executing <Task(_PythonDecoratedOperator): raceStatusDim_transform> on 2024-06-12 00:00:00+00:00
[2024-06-13T08:44:43.817+0000] {warnings.py:110} WARNING - /home/***/.local/lib/python3.12/site-packages/***/task/task_runner/standard_task_runner.py:61: DeprecationWarning: This process (pid=143) is multi-threaded, use of fork() may lead to deadlocks in the child.
  pid = os.fork()

[2024-06-13T08:44:43.819+0000] {standard_task_runner.py:63} INFO - Started process 161 to run task
[2024-06-13T08:44:43.822+0000] {standard_task_runner.py:90} INFO - Running: ['***', 'tasks', 'run', 'f1_data_pipeline_taskflow', 'raceStatusDim_transform', 'scheduled__2024-06-12T00:00:00+00:00', '--job-id', '17', '--raw', '--subdir', 'DAGS_FOLDER/etl_dag.py', '--cfg-path', '/tmp/tmp79h4c2nl']
[2024-06-13T08:44:43.825+0000] {standard_task_runner.py:91} INFO - Job 17: Subtask raceStatusDim_transform
[2024-06-13T08:44:43.873+0000] {task_command.py:426} INFO - Running <TaskInstance: f1_data_pipeline_taskflow.raceStatusDim_transform scheduled__2024-06-12T00:00:00+00:00 [running]> on host c97498906c69
[2024-06-13T08:44:46.587+0000] {taskinstance.py:2648} INFO - Exporting env vars: AIRFLOW_CTX_DAG_OWNER='***' AIRFLOW_CTX_DAG_ID='f1_data_pipeline_taskflow' AIRFLOW_CTX_TASK_ID='raceStatusDim_transform' AIRFLOW_CTX_EXECUTION_DATE='2024-06-12T00:00:00+00:00' AIRFLOW_CTX_TRY_NUMBER='1' AIRFLOW_CTX_DAG_RUN_ID='scheduled__2024-06-12T00:00:00+00:00'
[2024-06-13T08:44:46.605+0000] {taskinstance.py:430} INFO - ::endgroup::
[2024-06-13T08:44:46.672+0000] {python.py:237} INFO - Done. Returned value was:         statusId        status
0              1      Finished
298258        43       Exhaust
298661         4     Collision
304122        11        +1 Lap
445393        29      Puncture
...          ...           ...
516480        24  Differential
516609        96      Excluded
516819        15       +5 Laps
517303       139       Illness
517350        14       +4 Laps

[65 rows x 2 columns]
[2024-06-13T08:44:46.680+0000] {taskinstance.py:441} INFO - ::group::Post task execution logs
[2024-06-13T08:44:46.738+0000] {taskinstance.py:1206} INFO - Marking task as SUCCESS. dag_id=f1_data_pipeline_taskflow, task_id=raceStatusDim_transform, run_id=scheduled__2024-06-12T00:00:00+00:00, execution_date=20240612T000000, start_date=20240613T084443, end_date=20240613T084446
[2024-06-13T08:44:46.829+0000] {local_task_job_runner.py:240} INFO - Task exited with return code 0
[2024-06-13T08:44:47.075+0000] {taskinstance.py:3498} INFO - 0 downstream tasks scheduled from follow-on schedule check
[2024-06-13T08:44:47.084+0000] {local_task_job_runner.py:222} INFO - ::endgroup::
[2024-06-13T09:20:22.878+0000] {local_task_job_runner.py:120} INFO - ::group::Pre task execution logs
[2024-06-13T09:20:22.899+0000] {taskinstance.py:2076} INFO - Dependencies all met for dep_context=non-requeueable deps ti=<TaskInstance: f1_data_pipeline_taskflow.raceStatusDim_transform scheduled__2024-06-12T00:00:00+00:00 [queued]>
[2024-06-13T09:20:22.908+0000] {taskinstance.py:2076} INFO - Dependencies all met for dep_context=requeueable deps ti=<TaskInstance: f1_data_pipeline_taskflow.raceStatusDim_transform scheduled__2024-06-12T00:00:00+00:00 [queued]>
[2024-06-13T09:20:22.908+0000] {taskinstance.py:2306} INFO - Starting attempt 1 of 1
[2024-06-13T09:20:22.925+0000] {taskinstance.py:2330} INFO - Executing <Task(_PythonDecoratedOperator): raceStatusDim_transform> on 2024-06-12 00:00:00+00:00
[2024-06-13T09:20:22.930+0000] {warnings.py:110} WARNING - /home/***/.local/lib/python3.12/site-packages/***/task/task_runner/standard_task_runner.py:61: DeprecationWarning: This process (pid=101) is multi-threaded, use of fork() may lead to deadlocks in the child.
  pid = os.fork()

[2024-06-13T09:20:22.931+0000] {standard_task_runner.py:63} INFO - Started process 118 to run task
[2024-06-13T09:20:22.932+0000] {standard_task_runner.py:90} INFO - Running: ['***', 'tasks', 'run', 'f1_data_pipeline_taskflow', 'raceStatusDim_transform', 'scheduled__2024-06-12T00:00:00+00:00', '--job-id', '11', '--raw', '--subdir', 'DAGS_FOLDER/etl_dag.py', '--cfg-path', '/tmp/tmpydggxcdf']
[2024-06-13T09:20:22.933+0000] {standard_task_runner.py:91} INFO - Job 11: Subtask raceStatusDim_transform
[2024-06-13T09:20:22.984+0000] {task_command.py:426} INFO - Running <TaskInstance: f1_data_pipeline_taskflow.raceStatusDim_transform scheduled__2024-06-12T00:00:00+00:00 [running]> on host a1ac73387874
[2024-06-13T09:20:25.226+0000] {taskinstance.py:2648} INFO - Exporting env vars: AIRFLOW_CTX_DAG_OWNER='***' AIRFLOW_CTX_DAG_ID='f1_data_pipeline_taskflow' AIRFLOW_CTX_TASK_ID='raceStatusDim_transform' AIRFLOW_CTX_EXECUTION_DATE='2024-06-12T00:00:00+00:00' AIRFLOW_CTX_TRY_NUMBER='1' AIRFLOW_CTX_DAG_RUN_ID='scheduled__2024-06-12T00:00:00+00:00'
[2024-06-13T09:20:25.227+0000] {taskinstance.py:430} INFO - ::endgroup::
[2024-06-13T09:20:25.298+0000] {python.py:237} INFO - Done. Returned value was:         statusId        status
0              1      Finished
298258        43       Exhaust
298661         4     Collision
304122        11        +1 Lap
445393        29      Puncture
...          ...           ...
516480        24  Differential
516609        96      Excluded
516819        15       +5 Laps
517303       139       Illness
517350        14       +4 Laps

[65 rows x 2 columns]
[2024-06-13T09:20:25.305+0000] {taskinstance.py:441} INFO - ::group::Post task execution logs
[2024-06-13T09:20:25.348+0000] {taskinstance.py:1206} INFO - Marking task as SUCCESS. dag_id=f1_data_pipeline_taskflow, task_id=raceStatusDim_transform, run_id=scheduled__2024-06-12T00:00:00+00:00, execution_date=20240612T000000, start_date=20240613T092022, end_date=20240613T092025
[2024-06-13T09:20:25.425+0000] {local_task_job_runner.py:240} INFO - Task exited with return code 0
[2024-06-13T09:20:25.436+0000] {local_task_job_runner.py:222} INFO - ::endgroup::
[2024-06-13T09:42:14.702+0000] {local_task_job_runner.py:120} INFO - ::group::Pre task execution logs
[2024-06-13T09:42:14.721+0000] {taskinstance.py:2076} INFO - Dependencies all met for dep_context=non-requeueable deps ti=<TaskInstance: f1_data_pipeline_taskflow.raceStatusDim_transform scheduled__2024-06-12T00:00:00+00:00 [queued]>
[2024-06-13T09:42:14.730+0000] {taskinstance.py:2076} INFO - Dependencies all met for dep_context=requeueable deps ti=<TaskInstance: f1_data_pipeline_taskflow.raceStatusDim_transform scheduled__2024-06-12T00:00:00+00:00 [queued]>
[2024-06-13T09:42:14.731+0000] {taskinstance.py:2306} INFO - Starting attempt 1 of 1
[2024-06-13T09:42:14.742+0000] {taskinstance.py:2330} INFO - Executing <Task(_PythonDecoratedOperator): raceStatusDim_transform> on 2024-06-12 00:00:00+00:00
[2024-06-13T09:42:14.748+0000] {warnings.py:110} WARNING - /home/***/.local/lib/python3.12/site-packages/***/task/task_runner/standard_task_runner.py:61: DeprecationWarning: This process (pid=113) is multi-threaded, use of fork() may lead to deadlocks in the child.
  pid = os.fork()

[2024-06-13T09:42:14.749+0000] {standard_task_runner.py:63} INFO - Started process 134 to run task
[2024-06-13T09:42:14.750+0000] {standard_task_runner.py:90} INFO - Running: ['***', 'tasks', 'run', 'f1_data_pipeline_taskflow', 'raceStatusDim_transform', 'scheduled__2024-06-12T00:00:00+00:00', '--job-id', '13', '--raw', '--subdir', 'DAGS_FOLDER/etl_dag.py', '--cfg-path', '/tmp/tmpdksluuil']
[2024-06-13T09:42:14.751+0000] {standard_task_runner.py:91} INFO - Job 13: Subtask raceStatusDim_transform
[2024-06-13T09:42:14.796+0000] {task_command.py:426} INFO - Running <TaskInstance: f1_data_pipeline_taskflow.raceStatusDim_transform scheduled__2024-06-12T00:00:00+00:00 [running]> on host 765a3094118c
[2024-06-13T09:42:17.085+0000] {taskinstance.py:2648} INFO - Exporting env vars: AIRFLOW_CTX_DAG_OWNER='***' AIRFLOW_CTX_DAG_ID='f1_data_pipeline_taskflow' AIRFLOW_CTX_TASK_ID='raceStatusDim_transform' AIRFLOW_CTX_EXECUTION_DATE='2024-06-12T00:00:00+00:00' AIRFLOW_CTX_TRY_NUMBER='1' AIRFLOW_CTX_DAG_RUN_ID='scheduled__2024-06-12T00:00:00+00:00'
[2024-06-13T09:42:17.088+0000] {taskinstance.py:430} INFO - ::endgroup::
[2024-06-13T09:42:17.146+0000] {python.py:237} INFO - Done. Returned value was:         statusId        status
0              1      Finished
298258        43       Exhaust
298661         4     Collision
304122        11        +1 Lap
445393        29      Puncture
...          ...           ...
516480        24  Differential
516609        96      Excluded
516819        15       +5 Laps
517303       139       Illness
517350        14       +4 Laps

[65 rows x 2 columns]
[2024-06-13T09:42:17.152+0000] {taskinstance.py:441} INFO - ::group::Post task execution logs
[2024-06-13T09:42:17.180+0000] {taskinstance.py:1206} INFO - Marking task as SUCCESS. dag_id=f1_data_pipeline_taskflow, task_id=raceStatusDim_transform, run_id=scheduled__2024-06-12T00:00:00+00:00, execution_date=20240612T000000, start_date=20240613T094214, end_date=20240613T094217
[2024-06-13T09:42:17.254+0000] {local_task_job_runner.py:240} INFO - Task exited with return code 0
[2024-06-13T09:42:17.325+0000] {taskinstance.py:3498} INFO - 1 downstream tasks scheduled from follow-on schedule check
[2024-06-13T09:42:17.327+0000] {local_task_job_runner.py:222} INFO - ::endgroup::
[2024-06-13T09:55:49.357+0000] {local_task_job_runner.py:120} INFO - ::group::Pre task execution logs
[2024-06-13T09:55:49.379+0000] {taskinstance.py:2076} INFO - Dependencies all met for dep_context=non-requeueable deps ti=<TaskInstance: f1_data_pipeline_taskflow.raceStatusDim_transform scheduled__2024-06-12T00:00:00+00:00 [queued]>
[2024-06-13T09:55:49.388+0000] {taskinstance.py:2076} INFO - Dependencies all met for dep_context=requeueable deps ti=<TaskInstance: f1_data_pipeline_taskflow.raceStatusDim_transform scheduled__2024-06-12T00:00:00+00:00 [queued]>
[2024-06-13T09:55:49.388+0000] {taskinstance.py:2306} INFO - Starting attempt 1 of 1
[2024-06-13T09:55:49.402+0000] {taskinstance.py:2330} INFO - Executing <Task(_PythonDecoratedOperator): raceStatusDim_transform> on 2024-06-12 00:00:00+00:00
[2024-06-13T09:55:49.408+0000] {warnings.py:110} WARNING - /home/***/.local/lib/python3.12/site-packages/***/task/task_runner/standard_task_runner.py:61: DeprecationWarning: This process (pid=101) is multi-threaded, use of fork() may lead to deadlocks in the child.
  pid = os.fork()

[2024-06-13T09:55:49.409+0000] {standard_task_runner.py:63} INFO - Started process 115 to run task
[2024-06-13T09:55:49.409+0000] {standard_task_runner.py:90} INFO - Running: ['***', 'tasks', 'run', 'f1_data_pipeline_taskflow', 'raceStatusDim_transform', 'scheduled__2024-06-12T00:00:00+00:00', '--job-id', '9', '--raw', '--subdir', 'DAGS_FOLDER/etl_dag.py', '--cfg-path', '/tmp/tmp790lytpd']
[2024-06-13T09:55:49.411+0000] {standard_task_runner.py:91} INFO - Job 9: Subtask raceStatusDim_transform
[2024-06-13T09:55:49.458+0000] {task_command.py:426} INFO - Running <TaskInstance: f1_data_pipeline_taskflow.raceStatusDim_transform scheduled__2024-06-12T00:00:00+00:00 [running]> on host 611decc8aca0
[2024-06-13T09:55:51.805+0000] {taskinstance.py:2648} INFO - Exporting env vars: AIRFLOW_CTX_DAG_OWNER='***' AIRFLOW_CTX_DAG_ID='f1_data_pipeline_taskflow' AIRFLOW_CTX_TASK_ID='raceStatusDim_transform' AIRFLOW_CTX_EXECUTION_DATE='2024-06-12T00:00:00+00:00' AIRFLOW_CTX_TRY_NUMBER='1' AIRFLOW_CTX_DAG_RUN_ID='scheduled__2024-06-12T00:00:00+00:00'
[2024-06-13T09:55:51.807+0000] {taskinstance.py:430} INFO - ::endgroup::
[2024-06-13T09:55:51.874+0000] {python.py:237} INFO - Done. Returned value was:         statusId        status
0              1      Finished
298258        43       Exhaust
298661         4     Collision
304122        11        +1 Lap
445393        29      Puncture
...          ...           ...
516480        24  Differential
516609        96      Excluded
516819        15       +5 Laps
517303       139       Illness
517350        14       +4 Laps

[65 rows x 2 columns]
[2024-06-13T09:55:51.882+0000] {taskinstance.py:441} INFO - ::group::Post task execution logs
[2024-06-13T09:55:51.929+0000] {taskinstance.py:1206} INFO - Marking task as SUCCESS. dag_id=f1_data_pipeline_taskflow, task_id=raceStatusDim_transform, run_id=scheduled__2024-06-12T00:00:00+00:00, execution_date=20240612T000000, start_date=20240613T095549, end_date=20240613T095551
[2024-06-13T09:55:51.996+0000] {local_task_job_runner.py:240} INFO - Task exited with return code 0
[2024-06-13T09:55:52.029+0000] {taskinstance.py:3498} INFO - 1 downstream tasks scheduled from follow-on schedule check
[2024-06-13T09:55:52.031+0000] {local_task_job_runner.py:222} INFO - ::endgroup::
[2024-06-13T12:22:52.661+0000] {local_task_job_runner.py:120} INFO - ::group::Pre task execution logs
[2024-06-13T12:22:52.680+0000] {taskinstance.py:2076} INFO - Dependencies all met for dep_context=non-requeueable deps ti=<TaskInstance: f1_data_pipeline_taskflow.raceStatusDim_transform scheduled__2024-06-12T00:00:00+00:00 [queued]>
[2024-06-13T12:22:52.687+0000] {taskinstance.py:2076} INFO - Dependencies all met for dep_context=requeueable deps ti=<TaskInstance: f1_data_pipeline_taskflow.raceStatusDim_transform scheduled__2024-06-12T00:00:00+00:00 [queued]>
[2024-06-13T12:22:52.687+0000] {taskinstance.py:2306} INFO - Starting attempt 1 of 1
[2024-06-13T12:22:52.703+0000] {taskinstance.py:2330} INFO - Executing <Task(_PythonDecoratedOperator): raceStatusDim_transform> on 2024-06-12 00:00:00+00:00
[2024-06-13T12:22:52.712+0000] {warnings.py:110} WARNING - /home/***/.local/lib/python3.12/site-packages/***/task/task_runner/standard_task_runner.py:61: DeprecationWarning: This process (pid=91) is multi-threaded, use of fork() may lead to deadlocks in the child.
  pid = os.fork()

[2024-06-13T12:22:52.714+0000] {standard_task_runner.py:63} INFO - Started process 113 to run task
[2024-06-13T12:22:52.715+0000] {standard_task_runner.py:90} INFO - Running: ['***', 'tasks', 'run', 'f1_data_pipeline_taskflow', 'raceStatusDim_transform', 'scheduled__2024-06-12T00:00:00+00:00', '--job-id', '13', '--raw', '--subdir', 'DAGS_FOLDER/etl_dag.py', '--cfg-path', '/tmp/tmpdhddtpxt']
[2024-06-13T12:22:52.717+0000] {standard_task_runner.py:91} INFO - Job 13: Subtask raceStatusDim_transform
[2024-06-13T12:22:52.772+0000] {task_command.py:426} INFO - Running <TaskInstance: f1_data_pipeline_taskflow.raceStatusDim_transform scheduled__2024-06-12T00:00:00+00:00 [running]> on host 5dd2cf9078a8
[2024-06-13T12:22:55.453+0000] {taskinstance.py:2648} INFO - Exporting env vars: AIRFLOW_CTX_DAG_OWNER='***' AIRFLOW_CTX_DAG_ID='f1_data_pipeline_taskflow' AIRFLOW_CTX_TASK_ID='raceStatusDim_transform' AIRFLOW_CTX_EXECUTION_DATE='2024-06-12T00:00:00+00:00' AIRFLOW_CTX_TRY_NUMBER='1' AIRFLOW_CTX_DAG_RUN_ID='scheduled__2024-06-12T00:00:00+00:00'
[2024-06-13T12:22:55.458+0000] {taskinstance.py:430} INFO - ::endgroup::
[2024-06-13T12:22:55.509+0000] {python.py:237} INFO - Done. Returned value was:         statusId        status
0              1      Finished
298258        43       Exhaust
298661         4     Collision
304122        11        +1 Lap
445393        29      Puncture
...          ...           ...
516480        24  Differential
516609        96      Excluded
516819        15       +5 Laps
517303       139       Illness
517350        14       +4 Laps

[65 rows x 2 columns]
[2024-06-13T12:22:55.514+0000] {taskinstance.py:441} INFO - ::group::Post task execution logs
[2024-06-13T12:22:55.539+0000] {taskinstance.py:1206} INFO - Marking task as SUCCESS. dag_id=f1_data_pipeline_taskflow, task_id=raceStatusDim_transform, run_id=scheduled__2024-06-12T00:00:00+00:00, execution_date=20240612T000000, start_date=20240613T122252, end_date=20240613T122255
[2024-06-13T12:22:55.605+0000] {local_task_job_runner.py:240} INFO - Task exited with return code 0
[2024-06-13T12:22:55.813+0000] {taskinstance.py:3498} INFO - 1 downstream tasks scheduled from follow-on schedule check
[2024-06-13T12:22:55.819+0000] {local_task_job_runner.py:222} INFO - ::endgroup::
[2024-06-13T13:58:14.661+0000] {local_task_job_runner.py:120} INFO - ::group::Pre task execution logs
[2024-06-13T13:58:14.683+0000] {taskinstance.py:2076} INFO - Dependencies all met for dep_context=non-requeueable deps ti=<TaskInstance: f1_data_pipeline_taskflow.raceStatusDim_transform scheduled__2024-06-12T00:00:00+00:00 [queued]>
[2024-06-13T13:58:14.693+0000] {taskinstance.py:2076} INFO - Dependencies all met for dep_context=requeueable deps ti=<TaskInstance: f1_data_pipeline_taskflow.raceStatusDim_transform scheduled__2024-06-12T00:00:00+00:00 [queued]>
[2024-06-13T13:58:14.693+0000] {taskinstance.py:2306} INFO - Starting attempt 1 of 1
[2024-06-13T13:58:14.709+0000] {taskinstance.py:2330} INFO - Executing <Task(_PythonDecoratedOperator): raceStatusDim_transform> on 2024-06-12 00:00:00+00:00
[2024-06-13T13:58:14.717+0000] {warnings.py:110} WARNING - /home/***/.local/lib/python3.12/site-packages/***/task/task_runner/standard_task_runner.py:61: DeprecationWarning: This process (pid=301) is multi-threaded, use of fork() may lead to deadlocks in the child.
  pid = os.fork()

[2024-06-13T13:58:14.719+0000] {standard_task_runner.py:63} INFO - Started process 319 to run task
[2024-06-13T13:58:14.719+0000] {standard_task_runner.py:90} INFO - Running: ['***', 'tasks', 'run', 'f1_data_pipeline_taskflow', 'raceStatusDim_transform', 'scheduled__2024-06-12T00:00:00+00:00', '--job-id', '6', '--raw', '--subdir', 'DAGS_FOLDER/etl_dag.py', '--cfg-path', '/tmp/tmpckwhzkz3']
[2024-06-13T13:58:14.722+0000] {standard_task_runner.py:91} INFO - Job 6: Subtask raceStatusDim_transform
[2024-06-13T13:58:14.927+0000] {task_command.py:426} INFO - Running <TaskInstance: f1_data_pipeline_taskflow.raceStatusDim_transform scheduled__2024-06-12T00:00:00+00:00 [running]> on host 169b46753152
[2024-06-13T13:58:17.735+0000] {taskinstance.py:2648} INFO - Exporting env vars: AIRFLOW_CTX_DAG_OWNER='***' AIRFLOW_CTX_DAG_ID='f1_data_pipeline_taskflow' AIRFLOW_CTX_TASK_ID='raceStatusDim_transform' AIRFLOW_CTX_EXECUTION_DATE='2024-06-12T00:00:00+00:00' AIRFLOW_CTX_TRY_NUMBER='1' AIRFLOW_CTX_DAG_RUN_ID='scheduled__2024-06-12T00:00:00+00:00'
[2024-06-13T13:58:17.752+0000] {taskinstance.py:430} INFO - ::endgroup::
[2024-06-13T13:58:17.802+0000] {python.py:237} INFO - Done. Returned value was:         statusId        status
0              1      Finished
298258        43       Exhaust
298661         4     Collision
304122        11        +1 Lap
445393        29      Puncture
...          ...           ...
516480        24  Differential
516609        96      Excluded
516819        15       +5 Laps
517303       139       Illness
517350        14       +4 Laps

[65 rows x 2 columns]
[2024-06-13T13:58:17.807+0000] {taskinstance.py:441} INFO - ::group::Post task execution logs
[2024-06-13T13:58:17.857+0000] {taskinstance.py:1206} INFO - Marking task as SUCCESS. dag_id=f1_data_pipeline_taskflow, task_id=raceStatusDim_transform, run_id=scheduled__2024-06-12T00:00:00+00:00, execution_date=20240612T000000, start_date=20240613T135814, end_date=20240613T135817
[2024-06-13T13:58:17.928+0000] {local_task_job_runner.py:240} INFO - Task exited with return code 0
[2024-06-13T13:58:20.855+0000] {taskinstance.py:3498} INFO - 0 downstream tasks scheduled from follow-on schedule check
[2024-06-13T13:58:20.856+0000] {local_task_job_runner.py:222} INFO - ::endgroup::
[2024-06-13T14:20:27.950+0000] {local_task_job_runner.py:120} INFO - ::group::Pre task execution logs
[2024-06-13T14:20:28.150+0000] {taskinstance.py:2076} INFO - Dependencies all met for dep_context=non-requeueable deps ti=<TaskInstance: f1_data_pipeline_taskflow.raceStatusDim_transform scheduled__2024-06-12T00:00:00+00:00 [queued]>
[2024-06-13T14:20:28.159+0000] {taskinstance.py:2076} INFO - Dependencies all met for dep_context=requeueable deps ti=<TaskInstance: f1_data_pipeline_taskflow.raceStatusDim_transform scheduled__2024-06-12T00:00:00+00:00 [queued]>
[2024-06-13T14:20:28.160+0000] {taskinstance.py:2306} INFO - Starting attempt 1 of 1
[2024-06-13T14:20:28.171+0000] {taskinstance.py:2330} INFO - Executing <Task(_PythonDecoratedOperator): raceStatusDim_transform> on 2024-06-12 00:00:00+00:00
[2024-06-13T14:20:28.177+0000] {warnings.py:110} WARNING - /home/***/.local/lib/python3.12/site-packages/***/task/task_runner/standard_task_runner.py:61: DeprecationWarning: This process (pid=105) is multi-threaded, use of fork() may lead to deadlocks in the child.
  pid = os.fork()

[2024-06-13T14:20:28.179+0000] {standard_task_runner.py:63} INFO - Started process 125 to run task
[2024-06-13T14:20:28.179+0000] {standard_task_runner.py:90} INFO - Running: ['***', 'tasks', 'run', 'f1_data_pipeline_taskflow', 'raceStatusDim_transform', 'scheduled__2024-06-12T00:00:00+00:00', '--job-id', '9', '--raw', '--subdir', 'DAGS_FOLDER/etl_dag.py', '--cfg-path', '/tmp/tmpto4k54ty']
[2024-06-13T14:20:28.181+0000] {standard_task_runner.py:91} INFO - Job 9: Subtask raceStatusDim_transform
[2024-06-13T14:20:28.223+0000] {task_command.py:426} INFO - Running <TaskInstance: f1_data_pipeline_taskflow.raceStatusDim_transform scheduled__2024-06-12T00:00:00+00:00 [running]> on host 9503b7b620e4
[2024-06-13T14:20:31.213+0000] {taskinstance.py:2648} INFO - Exporting env vars: AIRFLOW_CTX_DAG_OWNER='***' AIRFLOW_CTX_DAG_ID='f1_data_pipeline_taskflow' AIRFLOW_CTX_TASK_ID='raceStatusDim_transform' AIRFLOW_CTX_EXECUTION_DATE='2024-06-12T00:00:00+00:00' AIRFLOW_CTX_TRY_NUMBER='1' AIRFLOW_CTX_DAG_RUN_ID='scheduled__2024-06-12T00:00:00+00:00'
[2024-06-13T14:20:31.240+0000] {taskinstance.py:430} INFO - ::endgroup::
[2024-06-13T14:20:31.358+0000] {python.py:237} INFO - Done. Returned value was:         statusId        status
0              1      Finished
298258        43       Exhaust
298661         4     Collision
304122        11        +1 Lap
445393        29      Puncture
...          ...           ...
516480        24  Differential
516609        96      Excluded
516819        15       +5 Laps
517303       139       Illness
517350        14       +4 Laps

[65 rows x 2 columns]
[2024-06-13T14:20:31.367+0000] {taskinstance.py:441} INFO - ::group::Post task execution logs
[2024-06-13T14:20:31.417+0000] {taskinstance.py:1206} INFO - Marking task as SUCCESS. dag_id=f1_data_pipeline_taskflow, task_id=raceStatusDim_transform, run_id=scheduled__2024-06-12T00:00:00+00:00, execution_date=20240612T000000, start_date=20240613T142028, end_date=20240613T142031
[2024-06-13T14:20:31.530+0000] {local_task_job_runner.py:240} INFO - Task exited with return code 0
[2024-06-13T14:20:31.938+0000] {taskinstance.py:3498} INFO - 1 downstream tasks scheduled from follow-on schedule check
[2024-06-13T14:20:31.945+0000] {local_task_job_runner.py:222} INFO - ::endgroup::
