[2024-06-04T07:13:50.531+0000] {local_task_job_runner.py:120} INFO - ::group::Pre task execution logs
[2024-06-04T07:13:50.545+0000] {taskinstance.py:2076} INFO - Dependencies all met for dep_context=non-requeueable deps ti=<TaskInstance: f1_data_pipeline_taskflow.pitStopsDim_transform scheduled__2024-06-03T00:00:00+00:00 [queued]>
[2024-06-04T07:13:50.550+0000] {taskinstance.py:2076} INFO - Dependencies all met for dep_context=requeueable deps ti=<TaskInstance: f1_data_pipeline_taskflow.pitStopsDim_transform scheduled__2024-06-03T00:00:00+00:00 [queued]>
[2024-06-04T07:13:50.550+0000] {taskinstance.py:2306} INFO - Starting attempt 1 of 1
[2024-06-04T07:13:50.558+0000] {taskinstance.py:2330} INFO - Executing <Task(_PythonDecoratedOperator): pitStopsDim_transform> on 2024-06-03 00:00:00+00:00
[2024-06-04T07:13:50.565+0000] {warnings.py:110} WARNING - /home/***/.local/lib/python3.12/site-packages/***/task/task_runner/standard_task_runner.py:61: DeprecationWarning: This process (pid=317) is multi-threaded, use of fork() may lead to deadlocks in the child.
  pid = os.fork()

[2024-06-04T07:13:50.565+0000] {standard_task_runner.py:63} INFO - Started process 334 to run task
[2024-06-04T07:13:50.566+0000] {standard_task_runner.py:90} INFO - Running: ['***', 'tasks', 'run', 'f1_data_pipeline_taskflow', 'pitStopsDim_transform', 'scheduled__2024-06-03T00:00:00+00:00', '--job-id', '15', '--raw', '--subdir', 'DAGS_FOLDER/etl_dag.py', '--cfg-path', '/tmp/tmprxgxexsw']
[2024-06-04T07:13:50.567+0000] {standard_task_runner.py:91} INFO - Job 15: Subtask pitStopsDim_transform
[2024-06-04T07:13:50.599+0000] {task_command.py:426} INFO - Running <TaskInstance: f1_data_pipeline_taskflow.pitStopsDim_transform scheduled__2024-06-03T00:00:00+00:00 [running]> on host 66d2136786e1
[2024-06-04T07:13:51.164+0000] {taskinstance.py:2648} INFO - Exporting env vars: AIRFLOW_CTX_DAG_OWNER='***' AIRFLOW_CTX_DAG_ID='f1_data_pipeline_taskflow' AIRFLOW_CTX_TASK_ID='pitStopsDim_transform' AIRFLOW_CTX_EXECUTION_DATE='2024-06-03T00:00:00+00:00' AIRFLOW_CTX_TRY_NUMBER='1' AIRFLOW_CTX_DAG_RUN_ID='scheduled__2024-06-03T00:00:00+00:00'
[2024-06-04T07:13:51.165+0000] {taskinstance.py:430} INFO - ::endgroup::
[2024-06-04T07:13:51.209+0000] {python.py:237} INFO - Done. Returned value was:         raceId  driverId  stop  lap_pitstops time_pitstops  duration
0          860        18     1            16      17:28:30    23.275
1          860        18     2            36      17:59:44    22.837
116        860         1     1            17      17:30:12    22.862
117        860         1     2            36      17:59:54    23.464
232        861        18     1             4      16:12:01    24.305
...        ...       ...   ...           ...           ...       ...
518061     944       834     1            14      14:22:03    25.492
518062     944       834     2            41      14:59:12    26.706
518195     953       837     1            11      14:22:57    29.117
518196     953       837     2            34      15:00:18    27.380
518197     953       837     3            47      15:21:24    26.292

[8975 rows x 6 columns]
[2024-06-04T07:13:51.217+0000] {taskinstance.py:441} INFO - ::group::Post task execution logs
[2024-06-04T07:13:51.258+0000] {taskinstance.py:1206} INFO - Marking task as SUCCESS. dag_id=f1_data_pipeline_taskflow, task_id=pitStopsDim_transform, run_id=scheduled__2024-06-03T00:00:00+00:00, execution_date=20240603T000000, start_date=20240604T071350, end_date=20240604T071351
[2024-06-04T07:13:51.300+0000] {local_task_job_runner.py:240} INFO - Task exited with return code 0
[2024-06-04T07:13:51.322+0000] {taskinstance.py:3498} INFO - 1 downstream tasks scheduled from follow-on schedule check
[2024-06-04T07:13:51.323+0000] {local_task_job_runner.py:222} INFO - ::endgroup::
[2024-06-04T07:47:49.707+0000] {local_task_job_runner.py:120} INFO - ::group::Pre task execution logs
[2024-06-04T07:47:49.726+0000] {taskinstance.py:2076} INFO - Dependencies all met for dep_context=non-requeueable deps ti=<TaskInstance: f1_data_pipeline_taskflow.pitStopsDim_transform scheduled__2024-06-03T00:00:00+00:00 [queued]>
[2024-06-04T07:47:49.733+0000] {taskinstance.py:2076} INFO - Dependencies all met for dep_context=requeueable deps ti=<TaskInstance: f1_data_pipeline_taskflow.pitStopsDim_transform scheduled__2024-06-03T00:00:00+00:00 [queued]>
[2024-06-04T07:47:49.733+0000] {taskinstance.py:2306} INFO - Starting attempt 1 of 1
[2024-06-04T07:47:49.743+0000] {taskinstance.py:2330} INFO - Executing <Task(_PythonDecoratedOperator): pitStopsDim_transform> on 2024-06-03 00:00:00+00:00
[2024-06-04T07:47:49.749+0000] {warnings.py:110} WARNING - /home/***/.local/lib/python3.12/site-packages/***/task/task_runner/standard_task_runner.py:61: DeprecationWarning: This process (pid=339) is multi-threaded, use of fork() may lead to deadlocks in the child.
  pid = os.fork()

[2024-06-04T07:47:49.750+0000] {standard_task_runner.py:63} INFO - Started process 377 to run task
[2024-06-04T07:47:49.751+0000] {standard_task_runner.py:90} INFO - Running: ['***', 'tasks', 'run', 'f1_data_pipeline_taskflow', 'pitStopsDim_transform', 'scheduled__2024-06-03T00:00:00+00:00', '--job-id', '17', '--raw', '--subdir', 'DAGS_FOLDER/etl_dag.py', '--cfg-path', '/tmp/tmp1az3p6fc']
[2024-06-04T07:47:49.753+0000] {standard_task_runner.py:91} INFO - Job 17: Subtask pitStopsDim_transform
[2024-06-04T07:47:49.798+0000] {task_command.py:426} INFO - Running <TaskInstance: f1_data_pipeline_taskflow.pitStopsDim_transform scheduled__2024-06-03T00:00:00+00:00 [running]> on host bbf1b45fa521
[2024-06-04T07:47:50.436+0000] {taskinstance.py:2648} INFO - Exporting env vars: AIRFLOW_CTX_DAG_OWNER='***' AIRFLOW_CTX_DAG_ID='f1_data_pipeline_taskflow' AIRFLOW_CTX_TASK_ID='pitStopsDim_transform' AIRFLOW_CTX_EXECUTION_DATE='2024-06-03T00:00:00+00:00' AIRFLOW_CTX_TRY_NUMBER='1' AIRFLOW_CTX_DAG_RUN_ID='scheduled__2024-06-03T00:00:00+00:00'
[2024-06-04T07:47:50.437+0000] {taskinstance.py:430} INFO - ::endgroup::
[2024-06-04T07:47:50.486+0000] {python.py:237} INFO - Done. Returned value was:         raceId  driverId  stop  lap_pitstops time_pitstops  duration
0          860        18     1            16      17:28:30    23.275
1          860        18     2            36      17:59:44    22.837
116        860         1     1            17      17:30:12    22.862
117        860         1     2            36      17:59:54    23.464
232        861        18     1             4      16:12:01    24.305
...        ...       ...   ...           ...           ...       ...
518061     944       834     1            14      14:22:03    25.492
518062     944       834     2            41      14:59:12    26.706
518195     953       837     1            11      14:22:57    29.117
518196     953       837     2            34      15:00:18    27.380
518197     953       837     3            47      15:21:24    26.292

[8975 rows x 6 columns]
[2024-06-04T07:47:50.496+0000] {taskinstance.py:441} INFO - ::group::Post task execution logs
[2024-06-04T07:47:50.540+0000] {taskinstance.py:1206} INFO - Marking task as SUCCESS. dag_id=f1_data_pipeline_taskflow, task_id=pitStopsDim_transform, run_id=scheduled__2024-06-03T00:00:00+00:00, execution_date=20240603T000000, start_date=20240604T074749, end_date=20240604T074750
[2024-06-04T07:47:50.566+0000] {local_task_job_runner.py:240} INFO - Task exited with return code 0
[2024-06-04T07:47:50.587+0000] {taskinstance.py:3498} INFO - 1 downstream tasks scheduled from follow-on schedule check
[2024-06-04T07:47:50.589+0000] {local_task_job_runner.py:222} INFO - ::endgroup::
[2024-06-04T08:56:26.786+0000] {local_task_job_runner.py:120} INFO - ::group::Pre task execution logs
[2024-06-04T08:56:26.809+0000] {taskinstance.py:2076} INFO - Dependencies all met for dep_context=non-requeueable deps ti=<TaskInstance: f1_data_pipeline_taskflow.pitStopsDim_transform scheduled__2024-06-03T00:00:00+00:00 [queued]>
[2024-06-04T08:56:26.818+0000] {taskinstance.py:2076} INFO - Dependencies all met for dep_context=requeueable deps ti=<TaskInstance: f1_data_pipeline_taskflow.pitStopsDim_transform scheduled__2024-06-03T00:00:00+00:00 [queued]>
[2024-06-04T08:56:26.818+0000] {taskinstance.py:2306} INFO - Starting attempt 1 of 1
[2024-06-04T08:56:26.835+0000] {taskinstance.py:2330} INFO - Executing <Task(_PythonDecoratedOperator): pitStopsDim_transform> on 2024-06-03 00:00:00+00:00
[2024-06-04T08:56:26.842+0000] {warnings.py:110} WARNING - /home/***/.local/lib/python3.12/site-packages/***/task/task_runner/standard_task_runner.py:61: DeprecationWarning: This process (pid=137) is multi-threaded, use of fork() may lead to deadlocks in the child.
  pid = os.fork()

[2024-06-04T08:56:26.843+0000] {standard_task_runner.py:63} INFO - Started process 162 to run task
[2024-06-04T08:56:26.844+0000] {standard_task_runner.py:90} INFO - Running: ['***', 'tasks', 'run', 'f1_data_pipeline_taskflow', 'pitStopsDim_transform', 'scheduled__2024-06-03T00:00:00+00:00', '--job-id', '11', '--raw', '--subdir', 'DAGS_FOLDER/etl_dag.py', '--cfg-path', '/tmp/tmp72bjxgfq']
[2024-06-04T08:56:26.846+0000] {standard_task_runner.py:91} INFO - Job 11: Subtask pitStopsDim_transform
[2024-06-04T08:56:26.908+0000] {task_command.py:426} INFO - Running <TaskInstance: f1_data_pipeline_taskflow.pitStopsDim_transform scheduled__2024-06-03T00:00:00+00:00 [running]> on host 92ae07eb2785
[2024-06-04T08:56:33.662+0000] {local_task_job_runner.py:240} INFO - Task exited with return code -9
[2024-06-04T08:56:33.848+0000] {taskinstance.py:3498} INFO - 0 downstream tasks scheduled from follow-on schedule check
[2024-06-04T08:56:33.851+0000] {local_task_job_runner.py:222} INFO - ::endgroup::
[2024-06-04T09:00:30.844+0000] {local_task_job_runner.py:120} INFO - ::group::Pre task execution logs
[2024-06-04T09:00:30.858+0000] {taskinstance.py:2076} INFO - Dependencies all met for dep_context=non-requeueable deps ti=<TaskInstance: f1_data_pipeline_taskflow.pitStopsDim_transform scheduled__2024-06-03T00:00:00+00:00 [queued]>
[2024-06-04T09:00:30.864+0000] {taskinstance.py:2076} INFO - Dependencies all met for dep_context=requeueable deps ti=<TaskInstance: f1_data_pipeline_taskflow.pitStopsDim_transform scheduled__2024-06-03T00:00:00+00:00 [queued]>
[2024-06-04T09:00:30.864+0000] {taskinstance.py:2306} INFO - Starting attempt 1 of 1
[2024-06-04T09:00:30.873+0000] {taskinstance.py:2330} INFO - Executing <Task(_PythonDecoratedOperator): pitStopsDim_transform> on 2024-06-03 00:00:00+00:00
[2024-06-04T09:00:30.878+0000] {warnings.py:110} WARNING - /home/***/.local/lib/python3.12/site-packages/***/task/task_runner/standard_task_runner.py:61: DeprecationWarning: This process (pid=151) is multi-threaded, use of fork() may lead to deadlocks in the child.
  pid = os.fork()

[2024-06-04T09:00:30.879+0000] {standard_task_runner.py:63} INFO - Started process 154 to run task
[2024-06-04T09:00:30.880+0000] {standard_task_runner.py:90} INFO - Running: ['***', 'tasks', 'run', 'f1_data_pipeline_taskflow', 'pitStopsDim_transform', 'scheduled__2024-06-03T00:00:00+00:00', '--job-id', '7', '--raw', '--subdir', 'DAGS_FOLDER/etl_dag.py', '--cfg-path', '/tmp/tmpfw_ixl4u']
[2024-06-04T09:00:30.882+0000] {standard_task_runner.py:91} INFO - Job 7: Subtask pitStopsDim_transform
[2024-06-04T09:00:30.924+0000] {task_command.py:426} INFO - Running <TaskInstance: f1_data_pipeline_taskflow.pitStopsDim_transform scheduled__2024-06-03T00:00:00+00:00 [running]> on host 849b6d275aca
[2024-06-04T09:00:31.542+0000] {taskinstance.py:2648} INFO - Exporting env vars: AIRFLOW_CTX_DAG_OWNER='***' AIRFLOW_CTX_DAG_ID='f1_data_pipeline_taskflow' AIRFLOW_CTX_TASK_ID='pitStopsDim_transform' AIRFLOW_CTX_EXECUTION_DATE='2024-06-03T00:00:00+00:00' AIRFLOW_CTX_TRY_NUMBER='1' AIRFLOW_CTX_DAG_RUN_ID='scheduled__2024-06-03T00:00:00+00:00'
[2024-06-04T09:00:31.542+0000] {taskinstance.py:430} INFO - ::endgroup::
[2024-06-04T09:00:31.592+0000] {python.py:237} INFO - Done. Returned value was:         raceId  driverId  stop  lap_pitstops time_pitstops  duration
0          860        18     1            16      17:28:30    23.275
1          860        18     2            36      17:59:44    22.837
116        860         1     1            17      17:30:12    22.862
117        860         1     2            36      17:59:54    23.464
232        861        18     1             4      16:12:01    24.305
...        ...       ...   ...           ...           ...       ...
518061     944       834     1            14      14:22:03    25.492
518062     944       834     2            41      14:59:12    26.706
518195     953       837     1            11      14:22:57    29.117
518196     953       837     2            34      15:00:18    27.380
518197     953       837     3            47      15:21:24    26.292

[8975 rows x 6 columns]
[2024-06-04T09:00:31.603+0000] {taskinstance.py:441} INFO - ::group::Post task execution logs
[2024-06-04T09:00:31.645+0000] {taskinstance.py:1206} INFO - Marking task as SUCCESS. dag_id=f1_data_pipeline_taskflow, task_id=pitStopsDim_transform, run_id=scheduled__2024-06-03T00:00:00+00:00, execution_date=20240603T000000, start_date=20240604T090030, end_date=20240604T090031
[2024-06-04T09:00:31.695+0000] {local_task_job_runner.py:240} INFO - Task exited with return code 0
[2024-06-04T09:00:31.716+0000] {taskinstance.py:3498} INFO - 10 downstream tasks scheduled from follow-on schedule check
[2024-06-04T09:00:31.717+0000] {local_task_job_runner.py:222} INFO - ::endgroup::
[2024-06-04T09:14:42.927+0000] {local_task_job_runner.py:120} INFO - ::group::Pre task execution logs
[2024-06-04T09:14:42.942+0000] {taskinstance.py:2076} INFO - Dependencies all met for dep_context=non-requeueable deps ti=<TaskInstance: f1_data_pipeline_taskflow.pitStopsDim_transform scheduled__2024-06-03T00:00:00+00:00 [queued]>
[2024-06-04T09:14:42.947+0000] {taskinstance.py:2076} INFO - Dependencies all met for dep_context=requeueable deps ti=<TaskInstance: f1_data_pipeline_taskflow.pitStopsDim_transform scheduled__2024-06-03T00:00:00+00:00 [queued]>
[2024-06-04T09:14:42.947+0000] {taskinstance.py:2306} INFO - Starting attempt 1 of 1
[2024-06-04T09:14:42.956+0000] {taskinstance.py:2330} INFO - Executing <Task(_PythonDecoratedOperator): pitStopsDim_transform> on 2024-06-03 00:00:00+00:00
[2024-06-04T09:14:42.963+0000] {warnings.py:110} WARNING - /home/***/.local/lib/python3.12/site-packages/***/task/task_runner/standard_task_runner.py:61: DeprecationWarning: This process (pid=332) is multi-threaded, use of fork() may lead to deadlocks in the child.
  pid = os.fork()

[2024-06-04T09:14:42.964+0000] {standard_task_runner.py:63} INFO - Started process 355 to run task
[2024-06-04T09:14:42.965+0000] {standard_task_runner.py:90} INFO - Running: ['***', 'tasks', 'run', 'f1_data_pipeline_taskflow', 'pitStopsDim_transform', 'scheduled__2024-06-03T00:00:00+00:00', '--job-id', '15', '--raw', '--subdir', 'DAGS_FOLDER/etl_dag.py', '--cfg-path', '/tmp/tmpw63yago0']
[2024-06-04T09:14:42.967+0000] {standard_task_runner.py:91} INFO - Job 15: Subtask pitStopsDim_transform
[2024-06-04T09:14:43.010+0000] {task_command.py:426} INFO - Running <TaskInstance: f1_data_pipeline_taskflow.pitStopsDim_transform scheduled__2024-06-03T00:00:00+00:00 [running]> on host f99a8e5dd798
[2024-06-04T09:14:43.701+0000] {taskinstance.py:2648} INFO - Exporting env vars: AIRFLOW_CTX_DAG_OWNER='***' AIRFLOW_CTX_DAG_ID='f1_data_pipeline_taskflow' AIRFLOW_CTX_TASK_ID='pitStopsDim_transform' AIRFLOW_CTX_EXECUTION_DATE='2024-06-03T00:00:00+00:00' AIRFLOW_CTX_TRY_NUMBER='1' AIRFLOW_CTX_DAG_RUN_ID='scheduled__2024-06-03T00:00:00+00:00'
[2024-06-04T09:14:43.702+0000] {taskinstance.py:430} INFO - ::endgroup::
[2024-06-04T09:14:43.750+0000] {python.py:237} INFO - Done. Returned value was:         raceId  driverId  stop  lap_pitstops time_pitstops  duration
0          860        18     1            16      17:28:30    23.275
1          860        18     2            36      17:59:44    22.837
116        860         1     1            17      17:30:12    22.862
117        860         1     2            36      17:59:54    23.464
232        861        18     1             4      16:12:01    24.305
...        ...       ...   ...           ...           ...       ...
518061     944       834     1            14      14:22:03    25.492
518062     944       834     2            41      14:59:12    26.706
518195     953       837     1            11      14:22:57    29.117
518196     953       837     2            34      15:00:18    27.380
518197     953       837     3            47      15:21:24    26.292

[8975 rows x 6 columns]
[2024-06-04T09:14:43.759+0000] {taskinstance.py:441} INFO - ::group::Post task execution logs
[2024-06-04T09:14:43.803+0000] {taskinstance.py:1206} INFO - Marking task as SUCCESS. dag_id=f1_data_pipeline_taskflow, task_id=pitStopsDim_transform, run_id=scheduled__2024-06-03T00:00:00+00:00, execution_date=20240603T000000, start_date=20240604T091442, end_date=20240604T091443
[2024-06-04T09:14:43.860+0000] {local_task_job_runner.py:240} INFO - Task exited with return code 0
[2024-06-04T09:14:43.890+0000] {taskinstance.py:3498} INFO - 1 downstream tasks scheduled from follow-on schedule check
[2024-06-04T09:14:43.892+0000] {local_task_job_runner.py:222} INFO - ::endgroup::
[2024-06-04T09:20:54.494+0000] {local_task_job_runner.py:120} INFO - ::group::Pre task execution logs
[2024-06-04T09:20:54.510+0000] {taskinstance.py:2076} INFO - Dependencies all met for dep_context=non-requeueable deps ti=<TaskInstance: f1_data_pipeline_taskflow.pitStopsDim_transform scheduled__2024-06-03T00:00:00+00:00 [queued]>
[2024-06-04T09:20:54.515+0000] {taskinstance.py:2076} INFO - Dependencies all met for dep_context=requeueable deps ti=<TaskInstance: f1_data_pipeline_taskflow.pitStopsDim_transform scheduled__2024-06-03T00:00:00+00:00 [queued]>
[2024-06-04T09:20:54.516+0000] {taskinstance.py:2306} INFO - Starting attempt 1 of 1
[2024-06-04T09:20:54.524+0000] {taskinstance.py:2330} INFO - Executing <Task(_PythonDecoratedOperator): pitStopsDim_transform> on 2024-06-03 00:00:00+00:00
[2024-06-04T09:20:54.530+0000] {warnings.py:110} WARNING - /home/***/.local/lib/python3.12/site-packages/***/task/task_runner/standard_task_runner.py:61: DeprecationWarning: This process (pid=317) is multi-threaded, use of fork() may lead to deadlocks in the child.
  pid = os.fork()

[2024-06-04T09:20:54.531+0000] {standard_task_runner.py:63} INFO - Started process 340 to run task
[2024-06-04T09:20:54.531+0000] {standard_task_runner.py:90} INFO - Running: ['***', 'tasks', 'run', 'f1_data_pipeline_taskflow', 'pitStopsDim_transform', 'scheduled__2024-06-03T00:00:00+00:00', '--job-id', '14', '--raw', '--subdir', 'DAGS_FOLDER/etl_dag.py', '--cfg-path', '/tmp/tmprqc4ghbt']
[2024-06-04T09:20:54.533+0000] {standard_task_runner.py:91} INFO - Job 14: Subtask pitStopsDim_transform
[2024-06-04T09:20:54.569+0000] {task_command.py:426} INFO - Running <TaskInstance: f1_data_pipeline_taskflow.pitStopsDim_transform scheduled__2024-06-03T00:00:00+00:00 [running]> on host 9a492cf60085
[2024-06-04T09:20:55.155+0000] {taskinstance.py:2648} INFO - Exporting env vars: AIRFLOW_CTX_DAG_OWNER='***' AIRFLOW_CTX_DAG_ID='f1_data_pipeline_taskflow' AIRFLOW_CTX_TASK_ID='pitStopsDim_transform' AIRFLOW_CTX_EXECUTION_DATE='2024-06-03T00:00:00+00:00' AIRFLOW_CTX_TRY_NUMBER='1' AIRFLOW_CTX_DAG_RUN_ID='scheduled__2024-06-03T00:00:00+00:00'
[2024-06-04T09:20:55.156+0000] {taskinstance.py:430} INFO - ::endgroup::
[2024-06-04T09:20:55.202+0000] {python.py:237} INFO - Done. Returned value was:         raceId  driverId  stop  lap_pitstops time_pitstops  duration
0          860        18     1            16      17:28:30    23.275
1          860        18     2            36      17:59:44    22.837
116        860         1     1            17      17:30:12    22.862
117        860         1     2            36      17:59:54    23.464
232        861        18     1             4      16:12:01    24.305
...        ...       ...   ...           ...           ...       ...
518061     944       834     1            14      14:22:03    25.492
518062     944       834     2            41      14:59:12    26.706
518195     953       837     1            11      14:22:57    29.117
518196     953       837     2            34      15:00:18    27.380
518197     953       837     3            47      15:21:24    26.292

[8975 rows x 6 columns]
[2024-06-04T09:20:55.211+0000] {taskinstance.py:441} INFO - ::group::Post task execution logs
[2024-06-04T09:20:55.250+0000] {taskinstance.py:1206} INFO - Marking task as SUCCESS. dag_id=f1_data_pipeline_taskflow, task_id=pitStopsDim_transform, run_id=scheduled__2024-06-03T00:00:00+00:00, execution_date=20240603T000000, start_date=20240604T092054, end_date=20240604T092055
[2024-06-04T09:20:55.306+0000] {local_task_job_runner.py:240} INFO - Task exited with return code 0
[2024-06-04T09:20:55.329+0000] {taskinstance.py:3498} INFO - 1 downstream tasks scheduled from follow-on schedule check
[2024-06-04T09:20:55.331+0000] {local_task_job_runner.py:222} INFO - ::endgroup::
[2024-06-04T09:35:04.977+0000] {local_task_job_runner.py:120} INFO - ::group::Pre task execution logs
[2024-06-04T09:35:04.993+0000] {taskinstance.py:2076} INFO - Dependencies all met for dep_context=non-requeueable deps ti=<TaskInstance: f1_data_pipeline_taskflow.pitStopsDim_transform scheduled__2024-06-03T00:00:00+00:00 [queued]>
[2024-06-04T09:35:04.998+0000] {taskinstance.py:2076} INFO - Dependencies all met for dep_context=requeueable deps ti=<TaskInstance: f1_data_pipeline_taskflow.pitStopsDim_transform scheduled__2024-06-03T00:00:00+00:00 [queued]>
[2024-06-04T09:35:04.998+0000] {taskinstance.py:2306} INFO - Starting attempt 1 of 1
[2024-06-04T09:35:05.007+0000] {taskinstance.py:2330} INFO - Executing <Task(_PythonDecoratedOperator): pitStopsDim_transform> on 2024-06-03 00:00:00+00:00
[2024-06-04T09:35:05.013+0000] {warnings.py:110} WARNING - /home/***/.local/lib/python3.12/site-packages/***/task/task_runner/standard_task_runner.py:61: DeprecationWarning: This process (pid=380) is multi-threaded, use of fork() may lead to deadlocks in the child.
  pid = os.fork()

[2024-06-04T09:35:05.014+0000] {standard_task_runner.py:63} INFO - Started process 389 to run task
[2024-06-04T09:35:05.014+0000] {standard_task_runner.py:90} INFO - Running: ['***', 'tasks', 'run', 'f1_data_pipeline_taskflow', 'pitStopsDim_transform', 'scheduled__2024-06-03T00:00:00+00:00', '--job-id', '13', '--raw', '--subdir', 'DAGS_FOLDER/etl_dag.py', '--cfg-path', '/tmp/tmp7m7nbtfj']
[2024-06-04T09:35:05.015+0000] {standard_task_runner.py:91} INFO - Job 13: Subtask pitStopsDim_transform
[2024-06-04T09:35:05.048+0000] {task_command.py:426} INFO - Running <TaskInstance: f1_data_pipeline_taskflow.pitStopsDim_transform scheduled__2024-06-03T00:00:00+00:00 [running]> on host 5ac195476051
[2024-06-04T09:35:05.647+0000] {taskinstance.py:2648} INFO - Exporting env vars: AIRFLOW_CTX_DAG_OWNER='***' AIRFLOW_CTX_DAG_ID='f1_data_pipeline_taskflow' AIRFLOW_CTX_TASK_ID='pitStopsDim_transform' AIRFLOW_CTX_EXECUTION_DATE='2024-06-03T00:00:00+00:00' AIRFLOW_CTX_TRY_NUMBER='1' AIRFLOW_CTX_DAG_RUN_ID='scheduled__2024-06-03T00:00:00+00:00'
[2024-06-04T09:35:05.648+0000] {taskinstance.py:430} INFO - ::endgroup::
[2024-06-04T09:35:05.696+0000] {python.py:237} INFO - Done. Returned value was:         raceId  driverId  stop  lap_pitstops time_pitstops  duration
0          860        18     1            16      17:28:30    23.275
1          860        18     2            36      17:59:44    22.837
116        860         1     1            17      17:30:12    22.862
117        860         1     2            36      17:59:54    23.464
232        861        18     1             4      16:12:01    24.305
...        ...       ...   ...           ...           ...       ...
518061     944       834     1            14      14:22:03    25.492
518062     944       834     2            41      14:59:12    26.706
518195     953       837     1            11      14:22:57    29.117
518196     953       837     2            34      15:00:18    27.380
518197     953       837     3            47      15:21:24    26.292

[8975 rows x 6 columns]
[2024-06-04T09:35:05.703+0000] {taskinstance.py:441} INFO - ::group::Post task execution logs
[2024-06-04T09:35:05.744+0000] {taskinstance.py:1206} INFO - Marking task as SUCCESS. dag_id=f1_data_pipeline_taskflow, task_id=pitStopsDim_transform, run_id=scheduled__2024-06-03T00:00:00+00:00, execution_date=20240603T000000, start_date=20240604T093504, end_date=20240604T093505
[2024-06-04T09:35:05.789+0000] {local_task_job_runner.py:240} INFO - Task exited with return code 0
[2024-06-04T09:35:05.810+0000] {taskinstance.py:3498} INFO - 1 downstream tasks scheduled from follow-on schedule check
[2024-06-04T09:35:05.812+0000] {local_task_job_runner.py:222} INFO - ::endgroup::
[2024-06-04T10:21:55.012+0000] {local_task_job_runner.py:120} INFO - ::group::Pre task execution logs
[2024-06-04T10:21:55.735+0000] {taskinstance.py:2076} INFO - Dependencies all met for dep_context=non-requeueable deps ti=<TaskInstance: f1_data_pipeline_taskflow.pitStopsDim_transform scheduled__2024-06-03T00:00:00+00:00 [queued]>
[2024-06-04T10:21:55.741+0000] {taskinstance.py:2076} INFO - Dependencies all met for dep_context=requeueable deps ti=<TaskInstance: f1_data_pipeline_taskflow.pitStopsDim_transform scheduled__2024-06-03T00:00:00+00:00 [queued]>
[2024-06-04T10:21:55.742+0000] {taskinstance.py:2306} INFO - Starting attempt 1 of 1
[2024-06-04T10:21:55.750+0000] {taskinstance.py:2330} INFO - Executing <Task(_PythonDecoratedOperator): pitStopsDim_transform> on 2024-06-03 00:00:00+00:00
[2024-06-04T10:21:55.756+0000] {warnings.py:110} WARNING - /home/***/.local/lib/python3.12/site-packages/***/task/task_runner/standard_task_runner.py:61: DeprecationWarning: This process (pid=318) is multi-threaded, use of fork() may lead to deadlocks in the child.
  pid = os.fork()

[2024-06-04T10:21:55.757+0000] {standard_task_runner.py:63} INFO - Started process 367 to run task
[2024-06-04T10:21:55.758+0000] {standard_task_runner.py:90} INFO - Running: ['***', 'tasks', 'run', 'f1_data_pipeline_taskflow', 'pitStopsDim_transform', 'scheduled__2024-06-03T00:00:00+00:00', '--job-id', '14', '--raw', '--subdir', 'DAGS_FOLDER/etl_dag.py', '--cfg-path', '/tmp/tmp22z608er']
[2024-06-04T10:21:55.760+0000] {standard_task_runner.py:91} INFO - Job 14: Subtask pitStopsDim_transform
[2024-06-04T10:21:55.792+0000] {task_command.py:426} INFO - Running <TaskInstance: f1_data_pipeline_taskflow.pitStopsDim_transform scheduled__2024-06-03T00:00:00+00:00 [running]> on host 11fdb96bc2ba
[2024-06-04T10:21:56.361+0000] {taskinstance.py:2648} INFO - Exporting env vars: AIRFLOW_CTX_DAG_OWNER='***' AIRFLOW_CTX_DAG_ID='f1_data_pipeline_taskflow' AIRFLOW_CTX_TASK_ID='pitStopsDim_transform' AIRFLOW_CTX_EXECUTION_DATE='2024-06-03T00:00:00+00:00' AIRFLOW_CTX_TRY_NUMBER='1' AIRFLOW_CTX_DAG_RUN_ID='scheduled__2024-06-03T00:00:00+00:00'
[2024-06-04T10:21:56.362+0000] {taskinstance.py:430} INFO - ::endgroup::
[2024-06-04T10:21:56.409+0000] {python.py:237} INFO - Done. Returned value was:         raceId  driverId  stop  lap_pitstops time_pitstops  duration
0          860        18     1            16      17:28:30    23.275
1          860        18     2            36      17:59:44    22.837
116        860         1     1            17      17:30:12    22.862
117        860         1     2            36      17:59:54    23.464
232        861        18     1             4      16:12:01    24.305
...        ...       ...   ...           ...           ...       ...
518061     944       834     1            14      14:22:03    25.492
518062     944       834     2            41      14:59:12    26.706
518195     953       837     1            11      14:22:57    29.117
518196     953       837     2            34      15:00:18    27.380
518197     953       837     3            47      15:21:24    26.292

[8975 rows x 6 columns]
[2024-06-04T10:21:56.418+0000] {taskinstance.py:441} INFO - ::group::Post task execution logs
[2024-06-04T10:21:56.459+0000] {taskinstance.py:1206} INFO - Marking task as SUCCESS. dag_id=f1_data_pipeline_taskflow, task_id=pitStopsDim_transform, run_id=scheduled__2024-06-03T00:00:00+00:00, execution_date=20240603T000000, start_date=20240604T102155, end_date=20240604T102156
[2024-06-04T10:21:56.493+0000] {local_task_job_runner.py:240} INFO - Task exited with return code 0
[2024-06-04T10:21:56.517+0000] {taskinstance.py:3498} INFO - 1 downstream tasks scheduled from follow-on schedule check
[2024-06-04T10:21:56.518+0000] {local_task_job_runner.py:222} INFO - ::endgroup::
[2024-06-04T12:38:06.432+0000] {local_task_job_runner.py:120} INFO - ::group::Pre task execution logs
[2024-06-04T12:38:06.450+0000] {taskinstance.py:2076} INFO - Dependencies all met for dep_context=non-requeueable deps ti=<TaskInstance: f1_data_pipeline_taskflow.pitStopsDim_transform scheduled__2024-06-03T00:00:00+00:00 [queued]>
[2024-06-04T12:38:06.456+0000] {taskinstance.py:2076} INFO - Dependencies all met for dep_context=requeueable deps ti=<TaskInstance: f1_data_pipeline_taskflow.pitStopsDim_transform scheduled__2024-06-03T00:00:00+00:00 [queued]>
[2024-06-04T12:38:06.456+0000] {taskinstance.py:2306} INFO - Starting attempt 1 of 1
[2024-06-04T12:38:06.465+0000] {taskinstance.py:2330} INFO - Executing <Task(_PythonDecoratedOperator): pitStopsDim_transform> on 2024-06-03 00:00:00+00:00
[2024-06-04T12:38:06.471+0000] {warnings.py:110} WARNING - /home/***/.local/lib/python3.12/site-packages/***/task/task_runner/standard_task_runner.py:61: DeprecationWarning: This process (pid=403) is multi-threaded, use of fork() may lead to deadlocks in the child.
  pid = os.fork()

[2024-06-04T12:38:06.472+0000] {standard_task_runner.py:63} INFO - Started process 412 to run task
[2024-06-04T12:38:06.472+0000] {standard_task_runner.py:90} INFO - Running: ['***', 'tasks', 'run', 'f1_data_pipeline_taskflow', 'pitStopsDim_transform', 'scheduled__2024-06-03T00:00:00+00:00', '--job-id', '13', '--raw', '--subdir', 'DAGS_FOLDER/etl_dag.py', '--cfg-path', '/tmp/tmpvnpqwe5n']
[2024-06-04T12:38:06.474+0000] {standard_task_runner.py:91} INFO - Job 13: Subtask pitStopsDim_transform
[2024-06-04T12:38:06.506+0000] {task_command.py:426} INFO - Running <TaskInstance: f1_data_pipeline_taskflow.pitStopsDim_transform scheduled__2024-06-03T00:00:00+00:00 [running]> on host 7aeb235ee08d
[2024-06-04T12:38:07.098+0000] {taskinstance.py:2648} INFO - Exporting env vars: AIRFLOW_CTX_DAG_OWNER='***' AIRFLOW_CTX_DAG_ID='f1_data_pipeline_taskflow' AIRFLOW_CTX_TASK_ID='pitStopsDim_transform' AIRFLOW_CTX_EXECUTION_DATE='2024-06-03T00:00:00+00:00' AIRFLOW_CTX_TRY_NUMBER='1' AIRFLOW_CTX_DAG_RUN_ID='scheduled__2024-06-03T00:00:00+00:00'
[2024-06-04T12:38:07.099+0000] {taskinstance.py:430} INFO - ::endgroup::
[2024-06-04T12:38:07.144+0000] {python.py:237} INFO - Done. Returned value was:         raceId  driverId  stop  lap_pitstops time_pitstops  duration
0          860        18     1            16      17:28:30    23.275
1          860        18     2            36      17:59:44    22.837
116        860         1     1            17      17:30:12    22.862
117        860         1     2            36      17:59:54    23.464
232        861        18     1             4      16:12:01    24.305
...        ...       ...   ...           ...           ...       ...
518061     944       834     1            14      14:22:03    25.492
518062     944       834     2            41      14:59:12    26.706
518195     953       837     1            11      14:22:57    29.117
518196     953       837     2            34      15:00:18    27.380
518197     953       837     3            47      15:21:24    26.292

[8975 rows x 6 columns]
[2024-06-04T12:38:07.153+0000] {taskinstance.py:441} INFO - ::group::Post task execution logs
[2024-06-04T12:38:07.192+0000] {taskinstance.py:1206} INFO - Marking task as SUCCESS. dag_id=f1_data_pipeline_taskflow, task_id=pitStopsDim_transform, run_id=scheduled__2024-06-03T00:00:00+00:00, execution_date=20240603T000000, start_date=20240604T123806, end_date=20240604T123807
[2024-06-04T12:38:07.247+0000] {local_task_job_runner.py:240} INFO - Task exited with return code 0
[2024-06-04T12:38:07.268+0000] {taskinstance.py:3498} INFO - 1 downstream tasks scheduled from follow-on schedule check
[2024-06-04T12:38:07.269+0000] {local_task_job_runner.py:222} INFO - ::endgroup::
[2024-06-04T13:05:11.022+0000] {local_task_job_runner.py:120} INFO - ::group::Pre task execution logs
[2024-06-04T13:05:11.042+0000] {taskinstance.py:2076} INFO - Dependencies all met for dep_context=non-requeueable deps ti=<TaskInstance: f1_data_pipeline_taskflow.pitStopsDim_transform scheduled__2024-06-03T00:00:00+00:00 [queued]>
[2024-06-04T13:05:11.048+0000] {taskinstance.py:2076} INFO - Dependencies all met for dep_context=requeueable deps ti=<TaskInstance: f1_data_pipeline_taskflow.pitStopsDim_transform scheduled__2024-06-03T00:00:00+00:00 [queued]>
[2024-06-04T13:05:11.048+0000] {taskinstance.py:2306} INFO - Starting attempt 1 of 1
[2024-06-04T13:05:11.056+0000] {taskinstance.py:2330} INFO - Executing <Task(_PythonDecoratedOperator): pitStopsDim_transform> on 2024-06-03 00:00:00+00:00
[2024-06-04T13:05:11.063+0000] {standard_task_runner.py:90} INFO - Running: ['***', 'tasks', 'run', 'f1_data_pipeline_taskflow', 'pitStopsDim_transform', 'scheduled__2024-06-03T00:00:00+00:00', '--job-id', '13', '--raw', '--subdir', 'DAGS_FOLDER/etl_dag.py', '--cfg-path', '/tmp/tmp9vb53m4c']
[2024-06-04T13:05:11.065+0000] {standard_task_runner.py:91} INFO - Job 13: Subtask pitStopsDim_transform
[2024-06-04T13:05:11.065+0000] {warnings.py:110} WARNING - /home/***/.local/lib/python3.12/site-packages/***/task/task_runner/standard_task_runner.py:61: DeprecationWarning: This process (pid=325) is multi-threaded, use of fork() may lead to deadlocks in the child.
  pid = os.fork()

[2024-06-04T13:05:11.065+0000] {standard_task_runner.py:63} INFO - Started process 334 to run task
[2024-06-04T13:05:11.101+0000] {task_command.py:426} INFO - Running <TaskInstance: f1_data_pipeline_taskflow.pitStopsDim_transform scheduled__2024-06-03T00:00:00+00:00 [running]> on host aaf296cae260
[2024-06-04T13:05:11.721+0000] {taskinstance.py:2648} INFO - Exporting env vars: AIRFLOW_CTX_DAG_OWNER='***' AIRFLOW_CTX_DAG_ID='f1_data_pipeline_taskflow' AIRFLOW_CTX_TASK_ID='pitStopsDim_transform' AIRFLOW_CTX_EXECUTION_DATE='2024-06-03T00:00:00+00:00' AIRFLOW_CTX_TRY_NUMBER='1' AIRFLOW_CTX_DAG_RUN_ID='scheduled__2024-06-03T00:00:00+00:00'
[2024-06-04T13:05:11.722+0000] {taskinstance.py:430} INFO - ::endgroup::
[2024-06-04T13:05:11.774+0000] {python.py:237} INFO - Done. Returned value was:         raceId  driverId  stop  lap_pitstops time_pitstops  duration
0          860        18     1            16      17:28:30    23.275
1          860        18     2            36      17:59:44    22.837
116        860         1     1            17      17:30:12    22.862
117        860         1     2            36      17:59:54    23.464
232        861        18     1             4      16:12:01    24.305
...        ...       ...   ...           ...           ...       ...
518061     944       834     1            14      14:22:03    25.492
518062     944       834     2            41      14:59:12    26.706
518195     953       837     1            11      14:22:57    29.117
518196     953       837     2            34      15:00:18    27.380
518197     953       837     3            47      15:21:24    26.292

[8975 rows x 6 columns]
[2024-06-04T13:05:11.785+0000] {taskinstance.py:441} INFO - ::group::Post task execution logs
[2024-06-04T13:05:11.830+0000] {taskinstance.py:1206} INFO - Marking task as SUCCESS. dag_id=f1_data_pipeline_taskflow, task_id=pitStopsDim_transform, run_id=scheduled__2024-06-03T00:00:00+00:00, execution_date=20240603T000000, start_date=20240604T130511, end_date=20240604T130511
[2024-06-04T13:05:11.881+0000] {local_task_job_runner.py:240} INFO - Task exited with return code 0
[2024-06-04T13:05:11.906+0000] {taskinstance.py:3498} INFO - 1 downstream tasks scheduled from follow-on schedule check
[2024-06-04T13:05:11.908+0000] {local_task_job_runner.py:222} INFO - ::endgroup::
[2024-06-04T13:25:04.879+0000] {local_task_job_runner.py:120} INFO - ::group::Pre task execution logs
[2024-06-04T13:25:04.898+0000] {taskinstance.py:2076} INFO - Dependencies all met for dep_context=non-requeueable deps ti=<TaskInstance: f1_data_pipeline_taskflow.pitStopsDim_transform scheduled__2024-06-03T00:00:00+00:00 [queued]>
[2024-06-04T13:25:04.904+0000] {taskinstance.py:2076} INFO - Dependencies all met for dep_context=requeueable deps ti=<TaskInstance: f1_data_pipeline_taskflow.pitStopsDim_transform scheduled__2024-06-03T00:00:00+00:00 [queued]>
[2024-06-04T13:25:04.905+0000] {taskinstance.py:2306} INFO - Starting attempt 1 of 1
[2024-06-04T13:25:04.915+0000] {taskinstance.py:2330} INFO - Executing <Task(_PythonDecoratedOperator): pitStopsDim_transform> on 2024-06-03 00:00:00+00:00
[2024-06-04T13:25:04.922+0000] {warnings.py:110} WARNING - /home/***/.local/lib/python3.12/site-packages/***/task/task_runner/standard_task_runner.py:61: DeprecationWarning: This process (pid=318) is multi-threaded, use of fork() may lead to deadlocks in the child.
  pid = os.fork()

[2024-06-04T13:25:04.923+0000] {standard_task_runner.py:63} INFO - Started process 353 to run task
[2024-06-04T13:25:04.923+0000] {standard_task_runner.py:90} INFO - Running: ['***', 'tasks', 'run', 'f1_data_pipeline_taskflow', 'pitStopsDim_transform', 'scheduled__2024-06-03T00:00:00+00:00', '--job-id', '16', '--raw', '--subdir', 'DAGS_FOLDER/etl_dag.py', '--cfg-path', '/tmp/tmpq5r865i9']
[2024-06-04T13:25:04.924+0000] {standard_task_runner.py:91} INFO - Job 16: Subtask pitStopsDim_transform
[2024-06-04T13:25:04.960+0000] {task_command.py:426} INFO - Running <TaskInstance: f1_data_pipeline_taskflow.pitStopsDim_transform scheduled__2024-06-03T00:00:00+00:00 [running]> on host 55cd6db943bb
[2024-06-04T13:25:05.558+0000] {taskinstance.py:2648} INFO - Exporting env vars: AIRFLOW_CTX_DAG_OWNER='***' AIRFLOW_CTX_DAG_ID='f1_data_pipeline_taskflow' AIRFLOW_CTX_TASK_ID='pitStopsDim_transform' AIRFLOW_CTX_EXECUTION_DATE='2024-06-03T00:00:00+00:00' AIRFLOW_CTX_TRY_NUMBER='1' AIRFLOW_CTX_DAG_RUN_ID='scheduled__2024-06-03T00:00:00+00:00'
[2024-06-04T13:25:05.559+0000] {taskinstance.py:430} INFO - ::endgroup::
[2024-06-04T13:25:05.604+0000] {python.py:237} INFO - Done. Returned value was:         raceId  driverId  stop  lap_pitstops time_pitstops  duration
0          860        18     1            16      17:28:30    23.275
1          860        18     2            36      17:59:44    22.837
116        860         1     1            17      17:30:12    22.862
117        860         1     2            36      17:59:54    23.464
232        861        18     1             4      16:12:01    24.305
...        ...       ...   ...           ...           ...       ...
518061     944       834     1            14      14:22:03    25.492
518062     944       834     2            41      14:59:12    26.706
518195     953       837     1            11      14:22:57    29.117
518196     953       837     2            34      15:00:18    27.380
518197     953       837     3            47      15:21:24    26.292

[8975 rows x 6 columns]
[2024-06-04T13:25:05.614+0000] {taskinstance.py:441} INFO - ::group::Post task execution logs
[2024-06-04T13:25:05.653+0000] {taskinstance.py:1206} INFO - Marking task as SUCCESS. dag_id=f1_data_pipeline_taskflow, task_id=pitStopsDim_transform, run_id=scheduled__2024-06-03T00:00:00+00:00, execution_date=20240603T000000, start_date=20240604T132504, end_date=20240604T132505
[2024-06-04T13:25:05.698+0000] {local_task_job_runner.py:240} INFO - Task exited with return code 0
[2024-06-04T13:25:05.718+0000] {taskinstance.py:3498} INFO - 1 downstream tasks scheduled from follow-on schedule check
[2024-06-04T13:25:05.720+0000] {local_task_job_runner.py:222} INFO - ::endgroup::
[2024-06-04T13:53:01.377+0000] {local_task_job_runner.py:120} INFO - ::group::Pre task execution logs
[2024-06-04T13:53:01.393+0000] {taskinstance.py:2076} INFO - Dependencies all met for dep_context=non-requeueable deps ti=<TaskInstance: f1_data_pipeline_taskflow.pitStopsDim_transform scheduled__2024-06-03T00:00:00+00:00 [queued]>
[2024-06-04T13:53:01.398+0000] {taskinstance.py:2076} INFO - Dependencies all met for dep_context=requeueable deps ti=<TaskInstance: f1_data_pipeline_taskflow.pitStopsDim_transform scheduled__2024-06-03T00:00:00+00:00 [queued]>
[2024-06-04T13:53:01.398+0000] {taskinstance.py:2306} INFO - Starting attempt 1 of 1
[2024-06-04T13:53:01.407+0000] {taskinstance.py:2330} INFO - Executing <Task(_PythonDecoratedOperator): pitStopsDim_transform> on 2024-06-03 00:00:00+00:00
[2024-06-04T13:53:01.413+0000] {warnings.py:110} WARNING - /home/***/.local/lib/python3.12/site-packages/***/task/task_runner/standard_task_runner.py:61: DeprecationWarning: This process (pid=318) is multi-threaded, use of fork() may lead to deadlocks in the child.
  pid = os.fork()

[2024-06-04T13:53:01.414+0000] {standard_task_runner.py:63} INFO - Started process 327 to run task
[2024-06-04T13:53:01.414+0000] {standard_task_runner.py:90} INFO - Running: ['***', 'tasks', 'run', 'f1_data_pipeline_taskflow', 'pitStopsDim_transform', 'scheduled__2024-06-03T00:00:00+00:00', '--job-id', '13', '--raw', '--subdir', 'DAGS_FOLDER/etl_dag.py', '--cfg-path', '/tmp/tmp3xzte3_x']
[2024-06-04T13:53:01.416+0000] {standard_task_runner.py:91} INFO - Job 13: Subtask pitStopsDim_transform
[2024-06-04T13:53:01.448+0000] {task_command.py:426} INFO - Running <TaskInstance: f1_data_pipeline_taskflow.pitStopsDim_transform scheduled__2024-06-03T00:00:00+00:00 [running]> on host 43686a6526ed
[2024-06-04T13:53:02.031+0000] {taskinstance.py:2648} INFO - Exporting env vars: AIRFLOW_CTX_DAG_OWNER='***' AIRFLOW_CTX_DAG_ID='f1_data_pipeline_taskflow' AIRFLOW_CTX_TASK_ID='pitStopsDim_transform' AIRFLOW_CTX_EXECUTION_DATE='2024-06-03T00:00:00+00:00' AIRFLOW_CTX_TRY_NUMBER='1' AIRFLOW_CTX_DAG_RUN_ID='scheduled__2024-06-03T00:00:00+00:00'
[2024-06-04T13:53:02.032+0000] {taskinstance.py:430} INFO - ::endgroup::
[2024-06-04T13:53:02.075+0000] {python.py:237} INFO - Done. Returned value was:         raceId  driverId  stop  lap_pitstops time_pitstops  duration
0          860        18     1            16      17:28:30    23.275
1          860        18     2            36      17:59:44    22.837
116        860         1     1            17      17:30:12    22.862
117        860         1     2            36      17:59:54    23.464
232        861        18     1             4      16:12:01    24.305
...        ...       ...   ...           ...           ...       ...
518061     944       834     1            14      14:22:03    25.492
518062     944       834     2            41      14:59:12    26.706
518195     953       837     1            11      14:22:57    29.117
518196     953       837     2            34      15:00:18    27.380
518197     953       837     3            47      15:21:24    26.292

[8975 rows x 6 columns]
[2024-06-04T13:53:02.082+0000] {taskinstance.py:441} INFO - ::group::Post task execution logs
[2024-06-04T13:53:02.120+0000] {taskinstance.py:1206} INFO - Marking task as SUCCESS. dag_id=f1_data_pipeline_taskflow, task_id=pitStopsDim_transform, run_id=scheduled__2024-06-03T00:00:00+00:00, execution_date=20240603T000000, start_date=20240604T135301, end_date=20240604T135302
[2024-06-04T13:53:02.148+0000] {local_task_job_runner.py:240} INFO - Task exited with return code 0
[2024-06-04T13:53:02.169+0000] {taskinstance.py:3498} INFO - 1 downstream tasks scheduled from follow-on schedule check
[2024-06-04T13:53:02.170+0000] {local_task_job_runner.py:222} INFO - ::endgroup::
[2024-06-04T14:01:36.627+0000] {local_task_job_runner.py:120} INFO - ::group::Pre task execution logs
[2024-06-04T14:01:36.643+0000] {taskinstance.py:2076} INFO - Dependencies all met for dep_context=non-requeueable deps ti=<TaskInstance: f1_data_pipeline_taskflow.pitStopsDim_transform scheduled__2024-06-03T00:00:00+00:00 [queued]>
[2024-06-04T14:01:36.648+0000] {taskinstance.py:2076} INFO - Dependencies all met for dep_context=requeueable deps ti=<TaskInstance: f1_data_pipeline_taskflow.pitStopsDim_transform scheduled__2024-06-03T00:00:00+00:00 [queued]>
[2024-06-04T14:01:36.648+0000] {taskinstance.py:2306} INFO - Starting attempt 1 of 1
[2024-06-04T14:01:36.657+0000] {taskinstance.py:2330} INFO - Executing <Task(_PythonDecoratedOperator): pitStopsDim_transform> on 2024-06-03 00:00:00+00:00
[2024-06-04T14:01:36.664+0000] {warnings.py:110} WARNING - /home/***/.local/lib/python3.12/site-packages/***/task/task_runner/standard_task_runner.py:61: DeprecationWarning: This process (pid=317) is multi-threaded, use of fork() may lead to deadlocks in the child.
  pid = os.fork()

[2024-06-04T14:01:36.665+0000] {standard_task_runner.py:63} INFO - Started process 326 to run task
[2024-06-04T14:01:36.665+0000] {standard_task_runner.py:90} INFO - Running: ['***', 'tasks', 'run', 'f1_data_pipeline_taskflow', 'pitStopsDim_transform', 'scheduled__2024-06-03T00:00:00+00:00', '--job-id', '15', '--raw', '--subdir', 'DAGS_FOLDER/etl_dag.py', '--cfg-path', '/tmp/tmpaey6n14n']
[2024-06-04T14:01:36.666+0000] {standard_task_runner.py:91} INFO - Job 15: Subtask pitStopsDim_transform
[2024-06-04T14:01:36.701+0000] {task_command.py:426} INFO - Running <TaskInstance: f1_data_pipeline_taskflow.pitStopsDim_transform scheduled__2024-06-03T00:00:00+00:00 [running]> on host 7bdd51a4d37b
[2024-06-04T14:01:37.329+0000] {taskinstance.py:2648} INFO - Exporting env vars: AIRFLOW_CTX_DAG_OWNER='***' AIRFLOW_CTX_DAG_ID='f1_data_pipeline_taskflow' AIRFLOW_CTX_TASK_ID='pitStopsDim_transform' AIRFLOW_CTX_EXECUTION_DATE='2024-06-03T00:00:00+00:00' AIRFLOW_CTX_TRY_NUMBER='1' AIRFLOW_CTX_DAG_RUN_ID='scheduled__2024-06-03T00:00:00+00:00'
[2024-06-04T14:01:37.330+0000] {taskinstance.py:430} INFO - ::endgroup::
[2024-06-04T14:01:37.376+0000] {python.py:237} INFO - Done. Returned value was:         raceId  driverId  stop  lap_pitstops time_pitstops  duration
0          860        18     1            16      17:28:30    23.275
1          860        18     2            36      17:59:44    22.837
116        860         1     1            17      17:30:12    22.862
117        860         1     2            36      17:59:54    23.464
232        861        18     1             4      16:12:01    24.305
...        ...       ...   ...           ...           ...       ...
518061     944       834     1            14      14:22:03    25.492
518062     944       834     2            41      14:59:12    26.706
518195     953       837     1            11      14:22:57    29.117
518196     953       837     2            34      15:00:18    27.380
518197     953       837     3            47      15:21:24    26.292

[8975 rows x 6 columns]
[2024-06-04T14:01:37.383+0000] {taskinstance.py:441} INFO - ::group::Post task execution logs
[2024-06-04T14:01:37.422+0000] {taskinstance.py:1206} INFO - Marking task as SUCCESS. dag_id=f1_data_pipeline_taskflow, task_id=pitStopsDim_transform, run_id=scheduled__2024-06-03T00:00:00+00:00, execution_date=20240603T000000, start_date=20240604T140136, end_date=20240604T140137
[2024-06-04T14:01:37.480+0000] {local_task_job_runner.py:240} INFO - Task exited with return code 0
[2024-06-04T14:01:37.500+0000] {taskinstance.py:3498} INFO - 1 downstream tasks scheduled from follow-on schedule check
[2024-06-04T14:01:37.502+0000] {local_task_job_runner.py:222} INFO - ::endgroup::
