[2024-06-07T08:42:45.384+0000] {local_task_job_runner.py:120} INFO - ::group::Pre task execution logs
[2024-06-07T08:42:45.402+0000] {taskinstance.py:2076} INFO - Dependencies all met for dep_context=non-requeueable deps ti=<TaskInstance: f1_data_pipeline_taskflow.freePracticeDim_transform scheduled__2024-06-06T00:00:00+00:00 [queued]>
[2024-06-07T08:42:45.410+0000] {taskinstance.py:2076} INFO - Dependencies all met for dep_context=requeueable deps ti=<TaskInstance: f1_data_pipeline_taskflow.freePracticeDim_transform scheduled__2024-06-06T00:00:00+00:00 [queued]>
[2024-06-07T08:42:45.411+0000] {taskinstance.py:2306} INFO - Starting attempt 1 of 1
[2024-06-07T08:42:45.422+0000] {taskinstance.py:2330} INFO - Executing <Task(_PythonDecoratedOperator): freePracticeDim_transform> on 2024-06-06 00:00:00+00:00
[2024-06-07T08:42:45.427+0000] {warnings.py:110} WARNING - /home/***/.local/lib/python3.12/site-packages/***/task/task_runner/standard_task_runner.py:61: DeprecationWarning: This process (pid=123) is multi-threaded, use of fork() may lead to deadlocks in the child.
  pid = os.fork()

[2024-06-07T08:42:45.428+0000] {standard_task_runner.py:63} INFO - Started process 142 to run task
[2024-06-07T08:42:45.429+0000] {standard_task_runner.py:90} INFO - Running: ['***', 'tasks', 'run', 'f1_data_pipeline_taskflow', 'freePracticeDim_transform', 'scheduled__2024-06-06T00:00:00+00:00', '--job-id', '46', '--raw', '--subdir', 'DAGS_FOLDER/etl_dag.py', '--cfg-path', '/tmp/tmp9j4ww9p7']
[2024-06-07T08:42:45.431+0000] {standard_task_runner.py:91} INFO - Job 46: Subtask freePracticeDim_transform
[2024-06-07T08:42:45.479+0000] {task_command.py:426} INFO - Running <TaskInstance: f1_data_pipeline_taskflow.freePracticeDim_transform scheduled__2024-06-06T00:00:00+00:00 [running]> on host 9459748fcbed
[2024-06-07T08:42:48.327+0000] {taskinstance.py:2648} INFO - Exporting env vars: AIRFLOW_CTX_DAG_OWNER='***' AIRFLOW_CTX_DAG_ID='f1_data_pipeline_taskflow' AIRFLOW_CTX_TASK_ID='freePracticeDim_transform' AIRFLOW_CTX_EXECUTION_DATE='2024-06-06T00:00:00+00:00' AIRFLOW_CTX_TRY_NUMBER='1' AIRFLOW_CTX_DAG_RUN_ID='scheduled__2024-06-06T00:00:00+00:00'
[2024-06-07T08:42:48.349+0000] {taskinstance.py:430} INFO - ::endgroup::
[2024-06-07T08:42:48.452+0000] {python.py:237} INFO - Done. Returned value was:         raceId fp1_date fp2_date fp3_date fp1_time fp2_time fp3_time
0          860     None     None     None     None     None     None
232        861     None     None     None     None     None     None
680        862     None     None     None     None     None     None
1016       863     None     None     None     None     None     None
1187       864     None     None     None     None     None     None
...        ...      ...      ...      ...      ...      ...      ...
76080      938     None     None     None     None     None     None
76430      940     None     None     None     None     None     None
76916      944     None     None     None     None     None     None
85494      990     None     None     None     None     None     None
106841     951     None     None     None     None     None     None

[232 rows x 7 columns]
[2024-06-07T08:42:48.462+0000] {taskinstance.py:441} INFO - ::group::Post task execution logs
[2024-06-07T08:42:48.496+0000] {taskinstance.py:1206} INFO - Marking task as SUCCESS. dag_id=f1_data_pipeline_taskflow, task_id=freePracticeDim_transform, run_id=scheduled__2024-06-06T00:00:00+00:00, execution_date=20240606T000000, start_date=20240607T084245, end_date=20240607T084248
[2024-06-07T08:42:48.593+0000] {local_task_job_runner.py:240} INFO - Task exited with return code 0
[2024-06-07T08:42:48.768+0000] {local_task_job_runner.py:222} INFO - ::endgroup::
[2024-06-07T10:22:40.959+0000] {local_task_job_runner.py:120} INFO - ::group::Pre task execution logs
[2024-06-07T10:22:40.982+0000] {taskinstance.py:2076} INFO - Dependencies all met for dep_context=non-requeueable deps ti=<TaskInstance: f1_data_pipeline_taskflow.freePracticeDim_transform scheduled__2024-06-06T00:00:00+00:00 [queued]>
[2024-06-07T10:22:40.989+0000] {taskinstance.py:2076} INFO - Dependencies all met for dep_context=requeueable deps ti=<TaskInstance: f1_data_pipeline_taskflow.freePracticeDim_transform scheduled__2024-06-06T00:00:00+00:00 [queued]>
[2024-06-07T10:22:40.989+0000] {taskinstance.py:2306} INFO - Starting attempt 1 of 1
[2024-06-07T10:22:40.999+0000] {taskinstance.py:2330} INFO - Executing <Task(_PythonDecoratedOperator): freePracticeDim_transform> on 2024-06-06 00:00:00+00:00
[2024-06-07T10:22:41.006+0000] {warnings.py:110} WARNING - /home/***/.local/lib/python3.12/site-packages/***/task/task_runner/standard_task_runner.py:61: DeprecationWarning: This process (pid=132) is multi-threaded, use of fork() may lead to deadlocks in the child.
  pid = os.fork()

[2024-06-07T10:22:41.007+0000] {standard_task_runner.py:63} INFO - Started process 152 to run task
[2024-06-07T10:22:41.007+0000] {standard_task_runner.py:90} INFO - Running: ['***', 'tasks', 'run', 'f1_data_pipeline_taskflow', 'freePracticeDim_transform', 'scheduled__2024-06-06T00:00:00+00:00', '--job-id', '11', '--raw', '--subdir', 'DAGS_FOLDER/etl_dag.py', '--cfg-path', '/tmp/tmp8sh448ey']
[2024-06-07T10:22:41.009+0000] {standard_task_runner.py:91} INFO - Job 11: Subtask freePracticeDim_transform
[2024-06-07T10:22:41.055+0000] {task_command.py:426} INFO - Running <TaskInstance: f1_data_pipeline_taskflow.freePracticeDim_transform scheduled__2024-06-06T00:00:00+00:00 [running]> on host c52e0424619c
[2024-06-07T10:22:43.410+0000] {taskinstance.py:2648} INFO - Exporting env vars: AIRFLOW_CTX_DAG_OWNER='***' AIRFLOW_CTX_DAG_ID='f1_data_pipeline_taskflow' AIRFLOW_CTX_TASK_ID='freePracticeDim_transform' AIRFLOW_CTX_EXECUTION_DATE='2024-06-06T00:00:00+00:00' AIRFLOW_CTX_TRY_NUMBER='1' AIRFLOW_CTX_DAG_RUN_ID='scheduled__2024-06-06T00:00:00+00:00'
[2024-06-07T10:22:43.412+0000] {taskinstance.py:430} INFO - ::endgroup::
[2024-06-07T10:22:43.495+0000] {python.py:237} INFO - Done. Returned value was:         raceId fp1_date fp2_date fp3_date fp1_time fp2_time fp3_time
0          860     None     None     None     None     None     None
232        861     None     None     None     None     None     None
680        862     None     None     None     None     None     None
1016       863     None     None     None     None     None     None
1187       864     None     None     None     None     None     None
...        ...      ...      ...      ...      ...      ...      ...
76080      938     None     None     None     None     None     None
76430      940     None     None     None     None     None     None
76916      944     None     None     None     None     None     None
85494      990     None     None     None     None     None     None
106841     951     None     None     None     None     None     None

[232 rows x 7 columns]
[2024-06-07T10:22:43.505+0000] {taskinstance.py:441} INFO - ::group::Post task execution logs
[2024-06-07T10:22:43.532+0000] {taskinstance.py:1206} INFO - Marking task as SUCCESS. dag_id=f1_data_pipeline_taskflow, task_id=freePracticeDim_transform, run_id=scheduled__2024-06-06T00:00:00+00:00, execution_date=20240606T000000, start_date=20240607T102240, end_date=20240607T102243
[2024-06-07T10:22:43.604+0000] {local_task_job_runner.py:240} INFO - Task exited with return code 0
[2024-06-07T10:22:43.614+0000] {local_task_job_runner.py:222} INFO - ::endgroup::
[2024-06-07T10:29:10.840+0000] {local_task_job_runner.py:120} INFO - ::group::Pre task execution logs
[2024-06-07T10:29:10.858+0000] {taskinstance.py:2076} INFO - Dependencies all met for dep_context=non-requeueable deps ti=<TaskInstance: f1_data_pipeline_taskflow.freePracticeDim_transform scheduled__2024-06-06T00:00:00+00:00 [queued]>
[2024-06-07T10:29:10.865+0000] {taskinstance.py:2076} INFO - Dependencies all met for dep_context=requeueable deps ti=<TaskInstance: f1_data_pipeline_taskflow.freePracticeDim_transform scheduled__2024-06-06T00:00:00+00:00 [queued]>
[2024-06-07T10:29:10.865+0000] {taskinstance.py:2306} INFO - Starting attempt 1 of 1
[2024-06-07T10:29:10.876+0000] {taskinstance.py:2330} INFO - Executing <Task(_PythonDecoratedOperator): freePracticeDim_transform> on 2024-06-06 00:00:00+00:00
[2024-06-07T10:29:10.882+0000] {warnings.py:110} WARNING - /home/***/.local/lib/python3.12/site-packages/***/task/task_runner/standard_task_runner.py:61: DeprecationWarning: This process (pid=97) is multi-threaded, use of fork() may lead to deadlocks in the child.
  pid = os.fork()

[2024-06-07T10:29:10.883+0000] {standard_task_runner.py:63} INFO - Started process 114 to run task
[2024-06-07T10:29:10.884+0000] {standard_task_runner.py:90} INFO - Running: ['***', 'tasks', 'run', 'f1_data_pipeline_taskflow', 'freePracticeDim_transform', 'scheduled__2024-06-06T00:00:00+00:00', '--job-id', '14', '--raw', '--subdir', 'DAGS_FOLDER/etl_dag.py', '--cfg-path', '/tmp/tmp1wa9q2ok']
[2024-06-07T10:29:10.886+0000] {standard_task_runner.py:91} INFO - Job 14: Subtask freePracticeDim_transform
[2024-06-07T10:29:10.939+0000] {task_command.py:426} INFO - Running <TaskInstance: f1_data_pipeline_taskflow.freePracticeDim_transform scheduled__2024-06-06T00:00:00+00:00 [running]> on host 560daa7ebc6f
[2024-06-07T10:29:13.041+0000] {taskinstance.py:2648} INFO - Exporting env vars: AIRFLOW_CTX_DAG_OWNER='***' AIRFLOW_CTX_DAG_ID='f1_data_pipeline_taskflow' AIRFLOW_CTX_TASK_ID='freePracticeDim_transform' AIRFLOW_CTX_EXECUTION_DATE='2024-06-06T00:00:00+00:00' AIRFLOW_CTX_TRY_NUMBER='1' AIRFLOW_CTX_DAG_RUN_ID='scheduled__2024-06-06T00:00:00+00:00'
[2024-06-07T10:29:13.043+0000] {taskinstance.py:430} INFO - ::endgroup::
[2024-06-07T10:29:13.127+0000] {python.py:237} INFO - Done. Returned value was:         raceId fp1_date fp2_date fp3_date fp1_time fp2_time fp3_time
0          860     None     None     None     None     None     None
232        861     None     None     None     None     None     None
680        862     None     None     None     None     None     None
1016       863     None     None     None     None     None     None
1187       864     None     None     None     None     None     None
...        ...      ...      ...      ...      ...      ...      ...
76080      938     None     None     None     None     None     None
76430      940     None     None     None     None     None     None
76916      944     None     None     None     None     None     None
85494      990     None     None     None     None     None     None
106841     951     None     None     None     None     None     None

[232 rows x 7 columns]
[2024-06-07T10:29:13.137+0000] {taskinstance.py:441} INFO - ::group::Post task execution logs
[2024-06-07T10:29:13.166+0000] {taskinstance.py:1206} INFO - Marking task as SUCCESS. dag_id=f1_data_pipeline_taskflow, task_id=freePracticeDim_transform, run_id=scheduled__2024-06-06T00:00:00+00:00, execution_date=20240606T000000, start_date=20240607T102910, end_date=20240607T102913
[2024-06-07T10:29:13.231+0000] {local_task_job_runner.py:240} INFO - Task exited with return code 0
[2024-06-07T10:29:13.239+0000] {local_task_job_runner.py:222} INFO - ::endgroup::
[2024-06-07T10:54:46.719+0000] {local_task_job_runner.py:120} INFO - ::group::Pre task execution logs
[2024-06-07T10:54:46.743+0000] {taskinstance.py:2076} INFO - Dependencies all met for dep_context=non-requeueable deps ti=<TaskInstance: f1_data_pipeline_taskflow.freePracticeDim_transform scheduled__2024-06-06T00:00:00+00:00 [queued]>
[2024-06-07T10:54:46.752+0000] {taskinstance.py:2076} INFO - Dependencies all met for dep_context=requeueable deps ti=<TaskInstance: f1_data_pipeline_taskflow.freePracticeDim_transform scheduled__2024-06-06T00:00:00+00:00 [queued]>
[2024-06-07T10:54:46.752+0000] {taskinstance.py:2306} INFO - Starting attempt 1 of 1
[2024-06-07T10:54:46.767+0000] {taskinstance.py:2330} INFO - Executing <Task(_PythonDecoratedOperator): freePracticeDim_transform> on 2024-06-06 00:00:00+00:00
[2024-06-07T10:54:46.773+0000] {warnings.py:110} WARNING - /home/***/.local/lib/python3.12/site-packages/***/task/task_runner/standard_task_runner.py:61: DeprecationWarning: This process (pid=228) is multi-threaded, use of fork() may lead to deadlocks in the child.
  pid = os.fork()

[2024-06-07T10:54:46.776+0000] {standard_task_runner.py:63} INFO - Started process 247 to run task
[2024-06-07T10:54:46.776+0000] {standard_task_runner.py:90} INFO - Running: ['***', 'tasks', 'run', 'f1_data_pipeline_taskflow', 'freePracticeDim_transform', 'scheduled__2024-06-06T00:00:00+00:00', '--job-id', '12', '--raw', '--subdir', 'DAGS_FOLDER/etl_dag.py', '--cfg-path', '/tmp/tmpkwny2g45']
[2024-06-07T10:54:46.779+0000] {standard_task_runner.py:91} INFO - Job 12: Subtask freePracticeDim_transform
[2024-06-07T10:54:46.832+0000] {task_command.py:426} INFO - Running <TaskInstance: f1_data_pipeline_taskflow.freePracticeDim_transform scheduled__2024-06-06T00:00:00+00:00 [running]> on host 511ae3a85ee7
[2024-06-07T10:54:49.000+0000] {taskinstance.py:2648} INFO - Exporting env vars: AIRFLOW_CTX_DAG_OWNER='***' AIRFLOW_CTX_DAG_ID='f1_data_pipeline_taskflow' AIRFLOW_CTX_TASK_ID='freePracticeDim_transform' AIRFLOW_CTX_EXECUTION_DATE='2024-06-06T00:00:00+00:00' AIRFLOW_CTX_TRY_NUMBER='1' AIRFLOW_CTX_DAG_RUN_ID='scheduled__2024-06-06T00:00:00+00:00'
[2024-06-07T10:54:49.003+0000] {taskinstance.py:430} INFO - ::endgroup::
[2024-06-07T10:54:49.096+0000] {python.py:237} INFO - Done. Returned value was:         raceId fp1_date fp2_date fp3_date fp1_time fp2_time fp3_time
0          860     None     None     None     None     None     None
232        861     None     None     None     None     None     None
680        862     None     None     None     None     None     None
1016       863     None     None     None     None     None     None
1187       864     None     None     None     None     None     None
...        ...      ...      ...      ...      ...      ...      ...
76080      938     None     None     None     None     None     None
76430      940     None     None     None     None     None     None
76916      944     None     None     None     None     None     None
85494      990     None     None     None     None     None     None
106841     951     None     None     None     None     None     None

[232 rows x 7 columns]
[2024-06-07T10:54:49.111+0000] {taskinstance.py:441} INFO - ::group::Post task execution logs
[2024-06-07T10:54:49.138+0000] {taskinstance.py:1206} INFO - Marking task as SUCCESS. dag_id=f1_data_pipeline_taskflow, task_id=freePracticeDim_transform, run_id=scheduled__2024-06-06T00:00:00+00:00, execution_date=20240606T000000, start_date=20240607T105446, end_date=20240607T105449
[2024-06-07T10:54:49.197+0000] {local_task_job_runner.py:240} INFO - Task exited with return code 0
[2024-06-07T10:54:49.221+0000] {taskinstance.py:3498} INFO - 0 downstream tasks scheduled from follow-on schedule check
[2024-06-07T10:54:49.222+0000] {local_task_job_runner.py:222} INFO - ::endgroup::
[2024-06-07T11:04:15.768+0000] {local_task_job_runner.py:120} INFO - ::group::Pre task execution logs
[2024-06-07T11:04:15.794+0000] {taskinstance.py:2076} INFO - Dependencies all met for dep_context=non-requeueable deps ti=<TaskInstance: f1_data_pipeline_taskflow.freePracticeDim_transform scheduled__2024-06-06T00:00:00+00:00 [queued]>
[2024-06-07T11:04:15.803+0000] {taskinstance.py:2076} INFO - Dependencies all met for dep_context=requeueable deps ti=<TaskInstance: f1_data_pipeline_taskflow.freePracticeDim_transform scheduled__2024-06-06T00:00:00+00:00 [queued]>
[2024-06-07T11:04:15.803+0000] {taskinstance.py:2306} INFO - Starting attempt 1 of 1
[2024-06-07T11:04:15.816+0000] {taskinstance.py:2330} INFO - Executing <Task(_PythonDecoratedOperator): freePracticeDim_transform> on 2024-06-06 00:00:00+00:00
[2024-06-07T11:04:15.822+0000] {warnings.py:110} WARNING - /home/***/.local/lib/python3.12/site-packages/***/task/task_runner/standard_task_runner.py:61: DeprecationWarning: This process (pid=104) is multi-threaded, use of fork() may lead to deadlocks in the child.
  pid = os.fork()

[2024-06-07T11:04:15.824+0000] {standard_task_runner.py:63} INFO - Started process 120 to run task
[2024-06-07T11:04:15.824+0000] {standard_task_runner.py:90} INFO - Running: ['***', 'tasks', 'run', 'f1_data_pipeline_taskflow', 'freePracticeDim_transform', 'scheduled__2024-06-06T00:00:00+00:00', '--job-id', '6', '--raw', '--subdir', 'DAGS_FOLDER/etl_dag.py', '--cfg-path', '/tmp/tmpliwoq3xf']
[2024-06-07T11:04:15.825+0000] {standard_task_runner.py:91} INFO - Job 6: Subtask freePracticeDim_transform
[2024-06-07T11:04:15.870+0000] {task_command.py:426} INFO - Running <TaskInstance: f1_data_pipeline_taskflow.freePracticeDim_transform scheduled__2024-06-06T00:00:00+00:00 [running]> on host 56deb138ba11
[2024-06-07T11:04:17.726+0000] {taskinstance.py:2648} INFO - Exporting env vars: AIRFLOW_CTX_DAG_OWNER='***' AIRFLOW_CTX_DAG_ID='f1_data_pipeline_taskflow' AIRFLOW_CTX_TASK_ID='freePracticeDim_transform' AIRFLOW_CTX_EXECUTION_DATE='2024-06-06T00:00:00+00:00' AIRFLOW_CTX_TRY_NUMBER='1' AIRFLOW_CTX_DAG_RUN_ID='scheduled__2024-06-06T00:00:00+00:00'
[2024-06-07T11:04:17.732+0000] {taskinstance.py:430} INFO - ::endgroup::
[2024-06-07T11:04:17.936+0000] {python.py:237} INFO - Done. Returned value was:         raceId fp1_date fp2_date fp3_date fp1_time fp2_time fp3_time
0          860     None     None     None     None     None     None
232        861     None     None     None     None     None     None
680        862     None     None     None     None     None     None
1016       863     None     None     None     None     None     None
1187       864     None     None     None     None     None     None
...        ...      ...      ...      ...      ...      ...      ...
76080      938     None     None     None     None     None     None
76430      940     None     None     None     None     None     None
76916      944     None     None     None     None     None     None
85494      990     None     None     None     None     None     None
106841     951     None     None     None     None     None     None

[232 rows x 7 columns]
[2024-06-07T11:04:17.951+0000] {taskinstance.py:441} INFO - ::group::Post task execution logs
[2024-06-07T11:04:18.077+0000] {taskinstance.py:1206} INFO - Marking task as SUCCESS. dag_id=f1_data_pipeline_taskflow, task_id=freePracticeDim_transform, run_id=scheduled__2024-06-06T00:00:00+00:00, execution_date=20240606T000000, start_date=20240607T110415, end_date=20240607T110418
[2024-06-07T11:04:18.145+0000] {local_task_job_runner.py:240} INFO - Task exited with return code 0
[2024-06-07T11:04:18.157+0000] {local_task_job_runner.py:222} INFO - ::endgroup::
[2024-06-07T11:15:00.064+0000] {local_task_job_runner.py:120} INFO - ::group::Pre task execution logs
[2024-06-07T11:15:00.091+0000] {taskinstance.py:2076} INFO - Dependencies all met for dep_context=non-requeueable deps ti=<TaskInstance: f1_data_pipeline_taskflow.freePracticeDim_transform scheduled__2024-06-06T00:00:00+00:00 [queued]>
[2024-06-07T11:15:00.101+0000] {taskinstance.py:2076} INFO - Dependencies all met for dep_context=requeueable deps ti=<TaskInstance: f1_data_pipeline_taskflow.freePracticeDim_transform scheduled__2024-06-06T00:00:00+00:00 [queued]>
[2024-06-07T11:15:00.102+0000] {taskinstance.py:2306} INFO - Starting attempt 1 of 1
[2024-06-07T11:15:00.116+0000] {taskinstance.py:2330} INFO - Executing <Task(_PythonDecoratedOperator): freePracticeDim_transform> on 2024-06-06 00:00:00+00:00
[2024-06-07T11:15:00.122+0000] {warnings.py:110} WARNING - /home/***/.local/lib/python3.12/site-packages/***/task/task_runner/standard_task_runner.py:61: DeprecationWarning: This process (pid=128) is multi-threaded, use of fork() may lead to deadlocks in the child.
  pid = os.fork()

[2024-06-07T11:15:00.123+0000] {standard_task_runner.py:63} INFO - Started process 146 to run task
[2024-06-07T11:15:00.124+0000] {standard_task_runner.py:90} INFO - Running: ['***', 'tasks', 'run', 'f1_data_pipeline_taskflow', 'freePracticeDim_transform', 'scheduled__2024-06-06T00:00:00+00:00', '--job-id', '6', '--raw', '--subdir', 'DAGS_FOLDER/etl_dag.py', '--cfg-path', '/tmp/tmpceyciyuu']
[2024-06-07T11:15:00.127+0000] {standard_task_runner.py:91} INFO - Job 6: Subtask freePracticeDim_transform
[2024-06-07T11:15:00.170+0000] {task_command.py:426} INFO - Running <TaskInstance: f1_data_pipeline_taskflow.freePracticeDim_transform scheduled__2024-06-06T00:00:00+00:00 [running]> on host bdba731e3ece
[2024-06-07T11:15:02.218+0000] {taskinstance.py:2648} INFO - Exporting env vars: AIRFLOW_CTX_DAG_OWNER='***' AIRFLOW_CTX_DAG_ID='f1_data_pipeline_taskflow' AIRFLOW_CTX_TASK_ID='freePracticeDim_transform' AIRFLOW_CTX_EXECUTION_DATE='2024-06-06T00:00:00+00:00' AIRFLOW_CTX_TRY_NUMBER='1' AIRFLOW_CTX_DAG_RUN_ID='scheduled__2024-06-06T00:00:00+00:00'
[2024-06-07T11:15:02.228+0000] {taskinstance.py:430} INFO - ::endgroup::
[2024-06-07T11:15:02.339+0000] {python.py:237} INFO - Done. Returned value was:         raceId fp1_date fp2_date fp3_date fp1_time fp2_time fp3_time
0          860     None     None     None     None     None     None
232        861     None     None     None     None     None     None
680        862     None     None     None     None     None     None
1016       863     None     None     None     None     None     None
1187       864     None     None     None     None     None     None
...        ...      ...      ...      ...      ...      ...      ...
76080      938     None     None     None     None     None     None
76430      940     None     None     None     None     None     None
76916      944     None     None     None     None     None     None
85494      990     None     None     None     None     None     None
106841     951     None     None     None     None     None     None

[232 rows x 7 columns]
[2024-06-07T11:15:02.349+0000] {taskinstance.py:441} INFO - ::group::Post task execution logs
[2024-06-07T11:15:02.435+0000] {taskinstance.py:1206} INFO - Marking task as SUCCESS. dag_id=f1_data_pipeline_taskflow, task_id=freePracticeDim_transform, run_id=scheduled__2024-06-06T00:00:00+00:00, execution_date=20240606T000000, start_date=20240607T111500, end_date=20240607T111502
[2024-06-07T11:15:02.523+0000] {local_task_job_runner.py:240} INFO - Task exited with return code 0
[2024-06-07T11:15:02.537+0000] {local_task_job_runner.py:222} INFO - ::endgroup::
[2024-06-07T12:30:51.328+0000] {local_task_job_runner.py:120} INFO - ::group::Pre task execution logs
[2024-06-07T12:30:51.353+0000] {taskinstance.py:2076} INFO - Dependencies all met for dep_context=non-requeueable deps ti=<TaskInstance: f1_data_pipeline_taskflow.freePracticeDim_transform scheduled__2024-06-06T00:00:00+00:00 [queued]>
[2024-06-07T12:30:51.362+0000] {taskinstance.py:2076} INFO - Dependencies all met for dep_context=requeueable deps ti=<TaskInstance: f1_data_pipeline_taskflow.freePracticeDim_transform scheduled__2024-06-06T00:00:00+00:00 [queued]>
[2024-06-07T12:30:51.362+0000] {taskinstance.py:2306} INFO - Starting attempt 1 of 1
[2024-06-07T12:30:51.375+0000] {taskinstance.py:2330} INFO - Executing <Task(_PythonDecoratedOperator): freePracticeDim_transform> on 2024-06-06 00:00:00+00:00
[2024-06-07T12:30:51.382+0000] {warnings.py:110} WARNING - /home/***/.local/lib/python3.12/site-packages/***/task/task_runner/standard_task_runner.py:61: DeprecationWarning: This process (pid=88) is multi-threaded, use of fork() may lead to deadlocks in the child.
  pid = os.fork()

[2024-06-07T12:30:51.384+0000] {standard_task_runner.py:63} INFO - Started process 108 to run task
[2024-06-07T12:30:51.385+0000] {standard_task_runner.py:90} INFO - Running: ['***', 'tasks', 'run', 'f1_data_pipeline_taskflow', 'freePracticeDim_transform', 'scheduled__2024-06-06T00:00:00+00:00', '--job-id', '8', '--raw', '--subdir', 'DAGS_FOLDER/etl_dag.py', '--cfg-path', '/tmp/tmp4eekgmkh']
[2024-06-07T12:30:51.387+0000] {standard_task_runner.py:91} INFO - Job 8: Subtask freePracticeDim_transform
[2024-06-07T12:30:51.434+0000] {task_command.py:426} INFO - Running <TaskInstance: f1_data_pipeline_taskflow.freePracticeDim_transform scheduled__2024-06-06T00:00:00+00:00 [running]> on host 5a6477355f45
[2024-06-07T12:30:53.407+0000] {taskinstance.py:2648} INFO - Exporting env vars: AIRFLOW_CTX_DAG_OWNER='***' AIRFLOW_CTX_DAG_ID='f1_data_pipeline_taskflow' AIRFLOW_CTX_TASK_ID='freePracticeDim_transform' AIRFLOW_CTX_EXECUTION_DATE='2024-06-06T00:00:00+00:00' AIRFLOW_CTX_TRY_NUMBER='1' AIRFLOW_CTX_DAG_RUN_ID='scheduled__2024-06-06T00:00:00+00:00'
[2024-06-07T12:30:53.438+0000] {taskinstance.py:430} INFO - ::endgroup::
[2024-06-07T12:30:53.707+0000] {python.py:237} INFO - Done. Returned value was:         raceId fp1_date fp2_date fp3_date fp1_time fp2_time fp3_time
0          860     None     None     None     None     None     None
232        861     None     None     None     None     None     None
680        862     None     None     None     None     None     None
1016       863     None     None     None     None     None     None
1187       864     None     None     None     None     None     None
...        ...      ...      ...      ...      ...      ...      ...
76080      938     None     None     None     None     None     None
76430      940     None     None     None     None     None     None
76916      944     None     None     None     None     None     None
85494      990     None     None     None     None     None     None
106841     951     None     None     None     None     None     None

[232 rows x 7 columns]
[2024-06-07T12:30:53.739+0000] {taskinstance.py:441} INFO - ::group::Post task execution logs
[2024-06-07T12:30:53.815+0000] {taskinstance.py:1206} INFO - Marking task as SUCCESS. dag_id=f1_data_pipeline_taskflow, task_id=freePracticeDim_transform, run_id=scheduled__2024-06-06T00:00:00+00:00, execution_date=20240606T000000, start_date=20240607T123051, end_date=20240607T123053
[2024-06-07T12:30:53.869+0000] {local_task_job_runner.py:240} INFO - Task exited with return code 0
[2024-06-07T12:30:53.896+0000] {taskinstance.py:3498} INFO - 0 downstream tasks scheduled from follow-on schedule check
[2024-06-07T12:30:53.899+0000] {local_task_job_runner.py:222} INFO - ::endgroup::
[2024-06-07T13:02:10.233+0000] {local_task_job_runner.py:120} INFO - ::group::Pre task execution logs
[2024-06-07T13:02:10.254+0000] {taskinstance.py:2076} INFO - Dependencies all met for dep_context=non-requeueable deps ti=<TaskInstance: f1_data_pipeline_taskflow.freePracticeDim_transform scheduled__2024-06-06T00:00:00+00:00 [queued]>
[2024-06-07T13:02:10.262+0000] {taskinstance.py:2076} INFO - Dependencies all met for dep_context=requeueable deps ti=<TaskInstance: f1_data_pipeline_taskflow.freePracticeDim_transform scheduled__2024-06-06T00:00:00+00:00 [queued]>
[2024-06-07T13:02:10.263+0000] {taskinstance.py:2306} INFO - Starting attempt 1 of 1
[2024-06-07T13:02:10.277+0000] {taskinstance.py:2330} INFO - Executing <Task(_PythonDecoratedOperator): freePracticeDim_transform> on 2024-06-06 00:00:00+00:00
[2024-06-07T13:02:10.283+0000] {warnings.py:110} WARNING - /home/***/.local/lib/python3.12/site-packages/***/task/task_runner/standard_task_runner.py:61: DeprecationWarning: This process (pid=102) is multi-threaded, use of fork() may lead to deadlocks in the child.
  pid = os.fork()

[2024-06-07T13:02:10.285+0000] {standard_task_runner.py:63} INFO - Started process 119 to run task
[2024-06-07T13:02:10.286+0000] {standard_task_runner.py:90} INFO - Running: ['***', 'tasks', 'run', 'f1_data_pipeline_taskflow', 'freePracticeDim_transform', 'scheduled__2024-06-06T00:00:00+00:00', '--job-id', '13', '--raw', '--subdir', 'DAGS_FOLDER/etl_dag.py', '--cfg-path', '/tmp/tmplsyfzqi1']
[2024-06-07T13:02:10.288+0000] {standard_task_runner.py:91} INFO - Job 13: Subtask freePracticeDim_transform
[2024-06-07T13:02:10.345+0000] {task_command.py:426} INFO - Running <TaskInstance: f1_data_pipeline_taskflow.freePracticeDim_transform scheduled__2024-06-06T00:00:00+00:00 [running]> on host f698bc001b17
[2024-06-07T13:02:12.614+0000] {taskinstance.py:2648} INFO - Exporting env vars: AIRFLOW_CTX_DAG_OWNER='***' AIRFLOW_CTX_DAG_ID='f1_data_pipeline_taskflow' AIRFLOW_CTX_TASK_ID='freePracticeDim_transform' AIRFLOW_CTX_EXECUTION_DATE='2024-06-06T00:00:00+00:00' AIRFLOW_CTX_TRY_NUMBER='1' AIRFLOW_CTX_DAG_RUN_ID='scheduled__2024-06-06T00:00:00+00:00'
[2024-06-07T13:02:12.616+0000] {taskinstance.py:430} INFO - ::endgroup::
[2024-06-07T13:02:12.694+0000] {python.py:237} INFO - Done. Returned value was:         raceId fp1_date fp2_date fp3_date fp1_time fp2_time fp3_time
0          860     None     None     None     None     None     None
232        861     None     None     None     None     None     None
680        862     None     None     None     None     None     None
1016       863     None     None     None     None     None     None
1187       864     None     None     None     None     None     None
...        ...      ...      ...      ...      ...      ...      ...
76080      938     None     None     None     None     None     None
76430      940     None     None     None     None     None     None
76916      944     None     None     None     None     None     None
85494      990     None     None     None     None     None     None
106841     951     None     None     None     None     None     None

[232 rows x 7 columns]
[2024-06-07T13:02:12.703+0000] {taskinstance.py:441} INFO - ::group::Post task execution logs
[2024-06-07T13:02:12.731+0000] {taskinstance.py:1206} INFO - Marking task as SUCCESS. dag_id=f1_data_pipeline_taskflow, task_id=freePracticeDim_transform, run_id=scheduled__2024-06-06T00:00:00+00:00, execution_date=20240606T000000, start_date=20240607T130210, end_date=20240607T130212
[2024-06-07T13:02:12.805+0000] {local_task_job_runner.py:240} INFO - Task exited with return code 0
[2024-06-07T13:02:12.815+0000] {local_task_job_runner.py:222} INFO - ::endgroup::
[2024-06-07T13:10:36.796+0000] {local_task_job_runner.py:120} INFO - ::group::Pre task execution logs
[2024-06-07T13:10:36.824+0000] {taskinstance.py:2076} INFO - Dependencies all met for dep_context=non-requeueable deps ti=<TaskInstance: f1_data_pipeline_taskflow.freePracticeDim_transform scheduled__2024-06-06T00:00:00+00:00 [queued]>
[2024-06-07T13:10:36.834+0000] {taskinstance.py:2076} INFO - Dependencies all met for dep_context=requeueable deps ti=<TaskInstance: f1_data_pipeline_taskflow.freePracticeDim_transform scheduled__2024-06-06T00:00:00+00:00 [queued]>
[2024-06-07T13:10:36.834+0000] {taskinstance.py:2306} INFO - Starting attempt 1 of 1
[2024-06-07T13:10:36.848+0000] {taskinstance.py:2330} INFO - Executing <Task(_PythonDecoratedOperator): freePracticeDim_transform> on 2024-06-06 00:00:00+00:00
[2024-06-07T13:10:36.854+0000] {warnings.py:110} WARNING - /home/***/.local/lib/python3.12/site-packages/***/task/task_runner/standard_task_runner.py:61: DeprecationWarning: This process (pid=87) is multi-threaded, use of fork() may lead to deadlocks in the child.
  pid = os.fork()

[2024-06-07T13:10:36.856+0000] {standard_task_runner.py:63} INFO - Started process 106 to run task
[2024-06-07T13:10:36.856+0000] {standard_task_runner.py:90} INFO - Running: ['***', 'tasks', 'run', 'f1_data_pipeline_taskflow', 'freePracticeDim_transform', 'scheduled__2024-06-06T00:00:00+00:00', '--job-id', '6', '--raw', '--subdir', 'DAGS_FOLDER/etl_dag.py', '--cfg-path', '/tmp/tmpm1yx0v7y']
[2024-06-07T13:10:36.858+0000] {standard_task_runner.py:91} INFO - Job 6: Subtask freePracticeDim_transform
[2024-06-07T13:10:36.905+0000] {task_command.py:426} INFO - Running <TaskInstance: f1_data_pipeline_taskflow.freePracticeDim_transform scheduled__2024-06-06T00:00:00+00:00 [running]> on host 5220b11abc3b
[2024-06-07T13:10:39.225+0000] {taskinstance.py:2648} INFO - Exporting env vars: AIRFLOW_CTX_DAG_OWNER='***' AIRFLOW_CTX_DAG_ID='f1_data_pipeline_taskflow' AIRFLOW_CTX_TASK_ID='freePracticeDim_transform' AIRFLOW_CTX_EXECUTION_DATE='2024-06-06T00:00:00+00:00' AIRFLOW_CTX_TRY_NUMBER='1' AIRFLOW_CTX_DAG_RUN_ID='scheduled__2024-06-06T00:00:00+00:00'
[2024-06-07T13:10:39.227+0000] {taskinstance.py:430} INFO - ::endgroup::
[2024-06-07T13:10:39.317+0000] {python.py:237} INFO - Done. Returned value was:         raceId fp1_date fp2_date fp3_date fp1_time fp2_time fp3_time
0          860     None     None     None     None     None     None
232        861     None     None     None     None     None     None
680        862     None     None     None     None     None     None
1016       863     None     None     None     None     None     None
1187       864     None     None     None     None     None     None
...        ...      ...      ...      ...      ...      ...      ...
76080      938     None     None     None     None     None     None
76430      940     None     None     None     None     None     None
76916      944     None     None     None     None     None     None
85494      990     None     None     None     None     None     None
106841     951     None     None     None     None     None     None

[232 rows x 7 columns]
[2024-06-07T13:10:39.328+0000] {taskinstance.py:441} INFO - ::group::Post task execution logs
[2024-06-07T13:10:39.363+0000] {taskinstance.py:1206} INFO - Marking task as SUCCESS. dag_id=f1_data_pipeline_taskflow, task_id=freePracticeDim_transform, run_id=scheduled__2024-06-06T00:00:00+00:00, execution_date=20240606T000000, start_date=20240607T131036, end_date=20240607T131039
[2024-06-07T13:10:39.427+0000] {local_task_job_runner.py:240} INFO - Task exited with return code 0
[2024-06-07T13:10:39.454+0000] {taskinstance.py:3498} INFO - 0 downstream tasks scheduled from follow-on schedule check
[2024-06-07T13:10:39.455+0000] {local_task_job_runner.py:222} INFO - ::endgroup::
[2024-06-07T14:13:47.801+0000] {local_task_job_runner.py:120} INFO - ::group::Pre task execution logs
[2024-06-07T14:13:47.823+0000] {taskinstance.py:2076} INFO - Dependencies all met for dep_context=non-requeueable deps ti=<TaskInstance: f1_data_pipeline_taskflow.freePracticeDim_transform scheduled__2024-06-06T00:00:00+00:00 [queued]>
[2024-06-07T14:13:47.829+0000] {taskinstance.py:2076} INFO - Dependencies all met for dep_context=requeueable deps ti=<TaskInstance: f1_data_pipeline_taskflow.freePracticeDim_transform scheduled__2024-06-06T00:00:00+00:00 [queued]>
[2024-06-07T14:13:47.829+0000] {taskinstance.py:2306} INFO - Starting attempt 1 of 1
[2024-06-07T14:13:47.842+0000] {taskinstance.py:2330} INFO - Executing <Task(_PythonDecoratedOperator): freePracticeDim_transform> on 2024-06-06 00:00:00+00:00
[2024-06-07T14:13:47.847+0000] {warnings.py:110} WARNING - /home/***/.local/lib/python3.12/site-packages/***/task/task_runner/standard_task_runner.py:61: DeprecationWarning: This process (pid=103) is multi-threaded, use of fork() may lead to deadlocks in the child.
  pid = os.fork()

[2024-06-07T14:13:47.848+0000] {standard_task_runner.py:63} INFO - Started process 119 to run task
[2024-06-07T14:13:47.848+0000] {standard_task_runner.py:90} INFO - Running: ['***', 'tasks', 'run', 'f1_data_pipeline_taskflow', 'freePracticeDim_transform', 'scheduled__2024-06-06T00:00:00+00:00', '--job-id', '12', '--raw', '--subdir', 'DAGS_FOLDER/etl_dag.py', '--cfg-path', '/tmp/tmpugdxzz8t']
[2024-06-07T14:13:47.851+0000] {standard_task_runner.py:91} INFO - Job 12: Subtask freePracticeDim_transform
[2024-06-07T14:13:47.911+0000] {task_command.py:426} INFO - Running <TaskInstance: f1_data_pipeline_taskflow.freePracticeDim_transform scheduled__2024-06-06T00:00:00+00:00 [running]> on host 21a09bc8bac4
[2024-06-07T14:13:50.240+0000] {taskinstance.py:2648} INFO - Exporting env vars: AIRFLOW_CTX_DAG_OWNER='***' AIRFLOW_CTX_DAG_ID='f1_data_pipeline_taskflow' AIRFLOW_CTX_TASK_ID='freePracticeDim_transform' AIRFLOW_CTX_EXECUTION_DATE='2024-06-06T00:00:00+00:00' AIRFLOW_CTX_TRY_NUMBER='1' AIRFLOW_CTX_DAG_RUN_ID='scheduled__2024-06-06T00:00:00+00:00'
[2024-06-07T14:13:50.242+0000] {taskinstance.py:430} INFO - ::endgroup::
[2024-06-07T14:13:50.326+0000] {python.py:237} INFO - Done. Returned value was:         raceId fp1_date fp2_date fp3_date fp1_time fp2_time fp3_time
0          860     None     None     None     None     None     None
232        861     None     None     None     None     None     None
680        862     None     None     None     None     None     None
1016       863     None     None     None     None     None     None
1187       864     None     None     None     None     None     None
...        ...      ...      ...      ...      ...      ...      ...
76080      938     None     None     None     None     None     None
76430      940     None     None     None     None     None     None
76916      944     None     None     None     None     None     None
85494      990     None     None     None     None     None     None
106841     951     None     None     None     None     None     None

[232 rows x 7 columns]
[2024-06-07T14:13:50.340+0000] {taskinstance.py:441} INFO - ::group::Post task execution logs
[2024-06-07T14:13:50.379+0000] {taskinstance.py:1206} INFO - Marking task as SUCCESS. dag_id=f1_data_pipeline_taskflow, task_id=freePracticeDim_transform, run_id=scheduled__2024-06-06T00:00:00+00:00, execution_date=20240606T000000, start_date=20240607T141347, end_date=20240607T141350
[2024-06-07T14:13:50.431+0000] {local_task_job_runner.py:240} INFO - Task exited with return code 0
[2024-06-07T14:13:50.454+0000] {taskinstance.py:3498} INFO - 0 downstream tasks scheduled from follow-on schedule check
[2024-06-07T14:13:50.456+0000] {local_task_job_runner.py:222} INFO - ::endgroup::
[2024-06-07T14:41:38.328+0000] {local_task_job_runner.py:120} INFO - ::group::Pre task execution logs
[2024-06-07T14:41:38.350+0000] {taskinstance.py:2076} INFO - Dependencies all met for dep_context=non-requeueable deps ti=<TaskInstance: f1_data_pipeline_taskflow.freePracticeDim_transform scheduled__2024-06-06T00:00:00+00:00 [queued]>
[2024-06-07T14:41:38.357+0000] {taskinstance.py:2076} INFO - Dependencies all met for dep_context=requeueable deps ti=<TaskInstance: f1_data_pipeline_taskflow.freePracticeDim_transform scheduled__2024-06-06T00:00:00+00:00 [queued]>
[2024-06-07T14:41:38.358+0000] {taskinstance.py:2306} INFO - Starting attempt 1 of 1
[2024-06-07T14:41:38.369+0000] {taskinstance.py:2330} INFO - Executing <Task(_PythonDecoratedOperator): freePracticeDim_transform> on 2024-06-06 00:00:00+00:00
[2024-06-07T14:41:38.375+0000] {warnings.py:110} WARNING - /home/***/.local/lib/python3.12/site-packages/***/task/task_runner/standard_task_runner.py:61: DeprecationWarning: This process (pid=87) is multi-threaded, use of fork() may lead to deadlocks in the child.
  pid = os.fork()

[2024-06-07T14:41:38.376+0000] {standard_task_runner.py:63} INFO - Started process 113 to run task
[2024-06-07T14:41:38.376+0000] {standard_task_runner.py:90} INFO - Running: ['***', 'tasks', 'run', 'f1_data_pipeline_taskflow', 'freePracticeDim_transform', 'scheduled__2024-06-06T00:00:00+00:00', '--job-id', '8', '--raw', '--subdir', 'DAGS_FOLDER/etl_dag.py', '--cfg-path', '/tmp/tmppj6pdla0']
[2024-06-07T14:41:38.378+0000] {standard_task_runner.py:91} INFO - Job 8: Subtask freePracticeDim_transform
[2024-06-07T14:41:38.441+0000] {task_command.py:426} INFO - Running <TaskInstance: f1_data_pipeline_taskflow.freePracticeDim_transform scheduled__2024-06-06T00:00:00+00:00 [running]> on host 5b44fb81e12c
[2024-06-07T14:41:40.981+0000] {taskinstance.py:2648} INFO - Exporting env vars: AIRFLOW_CTX_DAG_OWNER='***' AIRFLOW_CTX_DAG_ID='f1_data_pipeline_taskflow' AIRFLOW_CTX_TASK_ID='freePracticeDim_transform' AIRFLOW_CTX_EXECUTION_DATE='2024-06-06T00:00:00+00:00' AIRFLOW_CTX_TRY_NUMBER='1' AIRFLOW_CTX_DAG_RUN_ID='scheduled__2024-06-06T00:00:00+00:00'
[2024-06-07T14:41:40.988+0000] {taskinstance.py:430} INFO - ::endgroup::
[2024-06-07T14:41:41.096+0000] {python.py:237} INFO - Done. Returned value was:         raceId fp1_date fp2_date fp3_date fp1_time fp2_time fp3_time
0          860     None     None     None     None     None     None
232        861     None     None     None     None     None     None
680        862     None     None     None     None     None     None
1016       863     None     None     None     None     None     None
1187       864     None     None     None     None     None     None
...        ...      ...      ...      ...      ...      ...      ...
76080      938     None     None     None     None     None     None
76430      940     None     None     None     None     None     None
76916      944     None     None     None     None     None     None
85494      990     None     None     None     None     None     None
106841     951     None     None     None     None     None     None

[232 rows x 7 columns]
[2024-06-07T14:41:41.107+0000] {taskinstance.py:441} INFO - ::group::Post task execution logs
[2024-06-07T14:41:41.148+0000] {taskinstance.py:1206} INFO - Marking task as SUCCESS. dag_id=f1_data_pipeline_taskflow, task_id=freePracticeDim_transform, run_id=scheduled__2024-06-06T00:00:00+00:00, execution_date=20240606T000000, start_date=20240607T144138, end_date=20240607T144141
[2024-06-07T14:41:41.262+0000] {local_task_job_runner.py:240} INFO - Task exited with return code 0
[2024-06-07T14:41:41.397+0000] {local_task_job_runner.py:222} INFO - ::endgroup::
