[2024-06-10T08:36:09.536+0000] {local_task_job_runner.py:120} INFO - ::group::Pre task execution logs
[2024-06-10T08:36:09.555+0000] {taskinstance.py:2076} INFO - Dependencies all met for dep_context=non-requeueable deps ti=<TaskInstance: f1_data_pipeline_taskflow_with_kafka.wait_for_etl_dag manual__2024-06-10T08:36:08.512647+00:00 [queued]>
[2024-06-10T08:36:09.564+0000] {taskinstance.py:2076} INFO - Dependencies all met for dep_context=requeueable deps ti=<TaskInstance: f1_data_pipeline_taskflow_with_kafka.wait_for_etl_dag manual__2024-06-10T08:36:08.512647+00:00 [queued]>
[2024-06-10T08:36:09.564+0000] {taskinstance.py:2306} INFO - Starting attempt 1 of 1
[2024-06-10T08:36:09.575+0000] {taskinstance.py:2330} INFO - Executing <Task(ExternalTaskSensor): wait_for_etl_dag> on 2024-06-10 08:36:08.512647+00:00
[2024-06-10T08:36:09.580+0000] {warnings.py:110} WARNING - /home/***/.local/lib/python3.12/site-packages/***/task/task_runner/standard_task_runner.py:61: DeprecationWarning: This process (pid=699) is multi-threaded, use of fork() may lead to deadlocks in the child.
  pid = os.fork()

[2024-06-10T08:36:09.581+0000] {standard_task_runner.py:63} INFO - Started process 707 to run task
[2024-06-10T08:36:09.582+0000] {standard_task_runner.py:90} INFO - Running: ['***', 'tasks', 'run', 'f1_data_pipeline_taskflow_with_kafka', 'wait_for_etl_dag', 'manual__2024-06-10T08:36:08.512647+00:00', '--job-id', '49', '--raw', '--subdir', 'DAGS_FOLDER/kafkaProduce.py', '--cfg-path', '/tmp/tmpnide2eeo']
[2024-06-10T08:36:09.584+0000] {standard_task_runner.py:91} INFO - Job 49: Subtask wait_for_etl_dag
[2024-06-10T08:36:09.614+0000] {task_command.py:426} INFO - Running <TaskInstance: f1_data_pipeline_taskflow_with_kafka.wait_for_etl_dag manual__2024-06-10T08:36:08.512647+00:00 [running]> on host c0d58a373fda
[2024-06-10T08:36:09.675+0000] {taskinstance.py:2648} INFO - Exporting env vars: AIRFLOW_CTX_DAG_OWNER='***' AIRFLOW_CTX_DAG_ID='f1_data_pipeline_taskflow_with_kafka' AIRFLOW_CTX_TASK_ID='wait_for_etl_dag' AIRFLOW_CTX_EXECUTION_DATE='2024-06-10T08:36:08.512647+00:00' AIRFLOW_CTX_TRY_NUMBER='1' AIRFLOW_CTX_DAG_RUN_ID='manual__2024-06-10T08:36:08.512647+00:00'
[2024-06-10T08:36:09.676+0000] {taskinstance.py:430} INFO - ::endgroup::
[2024-06-10T08:36:09.676+0000] {baseoperator.py:399} WARNING - ExternalTaskSensor.execute cannot be called outside TaskInstance!
[2024-06-10T08:36:09.676+0000] {external_task.py:274} INFO - Poking for DAG 'f1_data_pipeline_taskflow' on 2024-06-10T08:36:08.512647+00:00 ... 
[2024-06-10T08:36:09.676+0000] {warnings.py:110} WARNING - /home/***/.local/lib/python3.12/site-packages/***/utils/session.py:79: DeprecationWarning: This method is deprecated and will be removed in future.
  return func(*args, session=session, **kwargs)

[2024-06-10T08:37:09.682+0000] {external_task.py:274} INFO - Poking for DAG 'f1_data_pipeline_taskflow' on 2024-06-10T08:36:08.512647+00:00 ... 
[2024-06-10T08:38:09.693+0000] {external_task.py:274} INFO - Poking for DAG 'f1_data_pipeline_taskflow' on 2024-06-10T08:36:08.512647+00:00 ... 
[2024-06-10T08:39:09.700+0000] {external_task.py:274} INFO - Poking for DAG 'f1_data_pipeline_taskflow' on 2024-06-10T08:36:08.512647+00:00 ... 
[2024-06-10T08:40:09.710+0000] {external_task.py:274} INFO - Poking for DAG 'f1_data_pipeline_taskflow' on 2024-06-10T08:36:08.512647+00:00 ... 
[2024-06-10T08:41:09.717+0000] {external_task.py:274} INFO - Poking for DAG 'f1_data_pipeline_taskflow' on 2024-06-10T08:36:08.512647+00:00 ... 
[2024-06-10T08:42:09.726+0000] {external_task.py:274} INFO - Poking for DAG 'f1_data_pipeline_taskflow' on 2024-06-10T08:36:08.512647+00:00 ... 
