[2024-06-04T14:01:42.577+0000] {local_task_job_runner.py:120} INFO - ::group::Pre task execution logs
[2024-06-04T14:01:42.595+0000] {taskinstance.py:2076} INFO - Dependencies all met for dep_context=non-requeueable deps ti=<TaskInstance: f1_data_pipeline_taskflow.load_practice_task scheduled__2024-06-03T00:00:00+00:00 [queued]>
[2024-06-04T14:01:42.602+0000] {taskinstance.py:2076} INFO - Dependencies all met for dep_context=requeueable deps ti=<TaskInstance: f1_data_pipeline_taskflow.load_practice_task scheduled__2024-06-03T00:00:00+00:00 [queued]>
[2024-06-04T14:01:42.602+0000] {taskinstance.py:2306} INFO - Starting attempt 1 of 1
[2024-06-04T14:01:42.611+0000] {taskinstance.py:2330} INFO - Executing <Task(_PythonDecoratedOperator): load_practice_task> on 2024-06-03 00:00:00+00:00
[2024-06-04T14:01:42.618+0000] {warnings.py:110} WARNING - /home/***/.local/lib/python3.12/site-packages/***/task/task_runner/standard_task_runner.py:61: DeprecationWarning: This process (pid=501) is multi-threaded, use of fork() may lead to deadlocks in the child.
  pid = os.fork()

[2024-06-04T14:01:42.619+0000] {standard_task_runner.py:63} INFO - Started process 510 to run task
[2024-06-04T14:01:42.619+0000] {standard_task_runner.py:90} INFO - Running: ['***', 'tasks', 'run', 'f1_data_pipeline_taskflow', 'load_practice_task', 'scheduled__2024-06-03T00:00:00+00:00', '--job-id', '25', '--raw', '--subdir', 'DAGS_FOLDER/etl_dag.py', '--cfg-path', '/tmp/tmpclbm7awd']
[2024-06-04T14:01:42.621+0000] {standard_task_runner.py:91} INFO - Job 25: Subtask load_practice_task
[2024-06-04T14:01:42.661+0000] {task_command.py:426} INFO - Running <TaskInstance: f1_data_pipeline_taskflow.load_practice_task scheduled__2024-06-03T00:00:00+00:00 [running]> on host 7bdd51a4d37b
[2024-06-04T14:01:42.771+0000] {taskinstance.py:2648} INFO - Exporting env vars: AIRFLOW_CTX_DAG_OWNER='***' AIRFLOW_CTX_DAG_ID='f1_data_pipeline_taskflow' AIRFLOW_CTX_TASK_ID='load_practice_task' AIRFLOW_CTX_EXECUTION_DATE='2024-06-03T00:00:00+00:00' AIRFLOW_CTX_TRY_NUMBER='1' AIRFLOW_CTX_DAG_RUN_ID='scheduled__2024-06-03T00:00:00+00:00'
[2024-06-04T14:01:42.772+0000] {taskinstance.py:430} INFO - ::endgroup::
[2024-06-04T14:01:42.772+0000] {crypto.py:82} WARNING - empty cryptography key - values will not be stored encrypted.
[2024-06-04T14:01:42.773+0000] {base.py:84} INFO - Using connection ID 'sourcedb_connection' for task execution.
[2024-06-04T14:01:42.790+0000] {python.py:237} INFO - Done. Returned value was: None
[2024-06-04T14:01:42.791+0000] {taskinstance.py:441} INFO - ::group::Post task execution logs
[2024-06-04T14:01:42.798+0000] {taskinstance.py:1206} INFO - Marking task as SUCCESS. dag_id=f1_data_pipeline_taskflow, task_id=load_practice_task, run_id=scheduled__2024-06-03T00:00:00+00:00, execution_date=20240603T000000, start_date=20240604T140142, end_date=20240604T140142
[2024-06-04T14:01:42.832+0000] {local_task_job_runner.py:240} INFO - Task exited with return code 0
[2024-06-04T14:01:42.849+0000] {taskinstance.py:3498} INFO - 0 downstream tasks scheduled from follow-on schedule check
[2024-06-04T14:01:42.850+0000] {local_task_job_runner.py:222} INFO - ::endgroup::
