[2024-06-14T07:29:46.784+0000] {local_task_job_runner.py:120} INFO - ::group::Pre task execution logs
[2024-06-14T07:29:46.806+0000] {taskinstance.py:2076} INFO - Dependencies all met for dep_context=non-requeueable deps ti=<TaskInstance: f1_data_pipeline_taskflow.sprint_transform scheduled__2024-06-13T00:00:00+00:00 [queued]>
[2024-06-14T07:29:46.814+0000] {taskinstance.py:2076} INFO - Dependencies all met for dep_context=requeueable deps ti=<TaskInstance: f1_data_pipeline_taskflow.sprint_transform scheduled__2024-06-13T00:00:00+00:00 [queued]>
[2024-06-14T07:29:46.814+0000] {taskinstance.py:2306} INFO - Starting attempt 1 of 1
[2024-06-14T07:29:46.826+0000] {taskinstance.py:2330} INFO - Executing <Task(_PythonDecoratedOperator): sprint_transform> on 2024-06-13 00:00:00+00:00
[2024-06-14T07:29:46.833+0000] {warnings.py:110} WARNING - /home/***/.local/lib/python3.12/site-packages/***/task/task_runner/standard_task_runner.py:61: DeprecationWarning: This process (pid=857) is multi-threaded, use of fork() may lead to deadlocks in the child.
  pid = os.fork()

[2024-06-14T07:29:46.834+0000] {standard_task_runner.py:63} INFO - Started process 861 to run task
[2024-06-14T07:29:46.834+0000] {standard_task_runner.py:90} INFO - Running: ['***', 'tasks', 'run', 'f1_data_pipeline_taskflow', 'sprint_transform', 'scheduled__2024-06-13T00:00:00+00:00', '--job-id', '23', '--raw', '--subdir', 'DAGS_FOLDER/etl_dag.py', '--cfg-path', '/tmp/tmpbybl8dmf']
[2024-06-14T07:29:46.836+0000] {standard_task_runner.py:91} INFO - Job 23: Subtask sprint_transform
[2024-06-14T07:29:46.871+0000] {task_command.py:426} INFO - Running <TaskInstance: f1_data_pipeline_taskflow.sprint_transform scheduled__2024-06-13T00:00:00+00:00 [running]> on host aece75d0a06d
[2024-06-14T07:29:47.458+0000] {taskinstance.py:2648} INFO - Exporting env vars: AIRFLOW_CTX_DAG_OWNER='***' AIRFLOW_CTX_DAG_ID='f1_data_pipeline_taskflow' AIRFLOW_CTX_TASK_ID='sprint_transform' AIRFLOW_CTX_EXECUTION_DATE='2024-06-13T00:00:00+00:00' AIRFLOW_CTX_TRY_NUMBER='1' AIRFLOW_CTX_DAG_RUN_ID='scheduled__2024-06-13T00:00:00+00:00'
[2024-06-14T07:29:47.459+0000] {taskinstance.py:430} INFO - ::endgroup::
[2024-06-14T07:29:47.486+0000] {python.py:237} INFO - Done. Returned value was:         raceId  driverId sprint_date sprint_time
0          860        18        None        None
116        860         1        None        None
232        861        18        None        None
512        861         1        None        None
680        862        18        None        None
...        ...       ...         ...         ...
517536     932       829        None        None
517602     936       829        None        None
517927     944       829        None        None
518061     944       834        None        None
518195     953       837        None        None

[4502 rows x 4 columns]
[2024-06-14T07:29:47.494+0000] {taskinstance.py:441} INFO - ::group::Post task execution logs
[2024-06-14T07:29:47.518+0000] {taskinstance.py:1206} INFO - Marking task as SUCCESS. dag_id=f1_data_pipeline_taskflow, task_id=sprint_transform, run_id=scheduled__2024-06-13T00:00:00+00:00, execution_date=20240613T000000, start_date=20240614T072946, end_date=20240614T072947
[2024-06-14T07:29:47.569+0000] {local_task_job_runner.py:240} INFO - Task exited with return code 0
[2024-06-14T07:29:47.590+0000] {taskinstance.py:3498} INFO - 1 downstream tasks scheduled from follow-on schedule check
[2024-06-14T07:29:47.592+0000] {local_task_job_runner.py:222} INFO - ::endgroup::
[2024-06-14T07:56:22.732+0000] {local_task_job_runner.py:120} INFO - ::group::Pre task execution logs
[2024-06-14T07:56:22.750+0000] {taskinstance.py:2076} INFO - Dependencies all met for dep_context=non-requeueable deps ti=<TaskInstance: f1_data_pipeline_taskflow.sprint_transform scheduled__2024-06-13T00:00:00+00:00 [queued]>
[2024-06-14T07:56:22.756+0000] {taskinstance.py:2076} INFO - Dependencies all met for dep_context=requeueable deps ti=<TaskInstance: f1_data_pipeline_taskflow.sprint_transform scheduled__2024-06-13T00:00:00+00:00 [queued]>
[2024-06-14T07:56:22.756+0000] {taskinstance.py:2306} INFO - Starting attempt 1 of 1
[2024-06-14T07:56:22.766+0000] {taskinstance.py:2330} INFO - Executing <Task(_PythonDecoratedOperator): sprint_transform> on 2024-06-13 00:00:00+00:00
[2024-06-14T07:56:22.773+0000] {warnings.py:110} WARNING - /home/***/.local/lib/python3.12/site-packages/***/task/task_runner/standard_task_runner.py:61: DeprecationWarning: This process (pid=477) is multi-threaded, use of fork() may lead to deadlocks in the child.
  pid = os.fork()

[2024-06-14T07:56:22.774+0000] {standard_task_runner.py:63} INFO - Started process 486 to run task
[2024-06-14T07:56:22.774+0000] {standard_task_runner.py:90} INFO - Running: ['***', 'tasks', 'run', 'f1_data_pipeline_taskflow', 'sprint_transform', 'scheduled__2024-06-13T00:00:00+00:00', '--job-id', '25', '--raw', '--subdir', 'DAGS_FOLDER/etl_dag.py', '--cfg-path', '/tmp/tmpnjlx5uzf']
[2024-06-14T07:56:22.776+0000] {standard_task_runner.py:91} INFO - Job 25: Subtask sprint_transform
[2024-06-14T07:56:22.815+0000] {task_command.py:426} INFO - Running <TaskInstance: f1_data_pipeline_taskflow.sprint_transform scheduled__2024-06-13T00:00:00+00:00 [running]> on host 22673327f9c1
[2024-06-14T07:56:23.434+0000] {taskinstance.py:2648} INFO - Exporting env vars: AIRFLOW_CTX_DAG_OWNER='***' AIRFLOW_CTX_DAG_ID='f1_data_pipeline_taskflow' AIRFLOW_CTX_TASK_ID='sprint_transform' AIRFLOW_CTX_EXECUTION_DATE='2024-06-13T00:00:00+00:00' AIRFLOW_CTX_TRY_NUMBER='1' AIRFLOW_CTX_DAG_RUN_ID='scheduled__2024-06-13T00:00:00+00:00'
[2024-06-14T07:56:23.434+0000] {taskinstance.py:430} INFO - ::endgroup::
[2024-06-14T07:56:23.458+0000] {python.py:237} INFO - Done. Returned value was:         raceId  driverId sprint_date sprint_time
0          860        18        None        None
116        860         1        None        None
232        861        18        None        None
512        861         1        None        None
680        862        18        None        None
...        ...       ...         ...         ...
517536     932       829        None        None
517602     936       829        None        None
517927     944       829        None        None
518061     944       834        None        None
518195     953       837        None        None

[4502 rows x 4 columns]
[2024-06-14T07:56:23.464+0000] {taskinstance.py:441} INFO - ::group::Post task execution logs
[2024-06-14T07:56:23.487+0000] {taskinstance.py:1206} INFO - Marking task as SUCCESS. dag_id=f1_data_pipeline_taskflow, task_id=sprint_transform, run_id=scheduled__2024-06-13T00:00:00+00:00, execution_date=20240613T000000, start_date=20240614T075622, end_date=20240614T075623
[2024-06-14T07:56:23.509+0000] {local_task_job_runner.py:240} INFO - Task exited with return code 0
[2024-06-14T07:56:23.529+0000] {taskinstance.py:3498} INFO - 1 downstream tasks scheduled from follow-on schedule check
[2024-06-14T07:56:23.531+0000] {local_task_job_runner.py:222} INFO - ::endgroup::
[2024-06-14T08:05:08.408+0000] {local_task_job_runner.py:120} INFO - ::group::Pre task execution logs
[2024-06-14T08:05:08.425+0000] {taskinstance.py:2076} INFO - Dependencies all met for dep_context=non-requeueable deps ti=<TaskInstance: f1_data_pipeline_taskflow.sprint_transform scheduled__2024-06-13T00:00:00+00:00 [queued]>
[2024-06-14T08:05:08.431+0000] {taskinstance.py:2076} INFO - Dependencies all met for dep_context=requeueable deps ti=<TaskInstance: f1_data_pipeline_taskflow.sprint_transform scheduled__2024-06-13T00:00:00+00:00 [queued]>
[2024-06-14T08:05:08.431+0000] {taskinstance.py:2306} INFO - Starting attempt 1 of 1
[2024-06-14T08:05:08.440+0000] {taskinstance.py:2330} INFO - Executing <Task(_PythonDecoratedOperator): sprint_transform> on 2024-06-13 00:00:00+00:00
[2024-06-14T08:05:08.447+0000] {warnings.py:110} WARNING - /home/***/.local/lib/python3.12/site-packages/***/task/task_runner/standard_task_runner.py:61: DeprecationWarning: This process (pid=437) is multi-threaded, use of fork() may lead to deadlocks in the child.
  pid = os.fork()

[2024-06-14T08:05:08.448+0000] {standard_task_runner.py:63} INFO - Started process 440 to run task
[2024-06-14T08:05:08.448+0000] {standard_task_runner.py:90} INFO - Running: ['***', 'tasks', 'run', 'f1_data_pipeline_taskflow', 'sprint_transform', 'scheduled__2024-06-13T00:00:00+00:00', '--job-id', '21', '--raw', '--subdir', 'DAGS_FOLDER/etl_dag.py', '--cfg-path', '/tmp/tmpyzz2pryo']
[2024-06-14T08:05:08.450+0000] {standard_task_runner.py:91} INFO - Job 21: Subtask sprint_transform
[2024-06-14T08:05:08.490+0000] {task_command.py:426} INFO - Running <TaskInstance: f1_data_pipeline_taskflow.sprint_transform scheduled__2024-06-13T00:00:00+00:00 [running]> on host 75ebf4a056df
[2024-06-14T08:05:09.179+0000] {taskinstance.py:2648} INFO - Exporting env vars: AIRFLOW_CTX_DAG_OWNER='***' AIRFLOW_CTX_DAG_ID='f1_data_pipeline_taskflow' AIRFLOW_CTX_TASK_ID='sprint_transform' AIRFLOW_CTX_EXECUTION_DATE='2024-06-13T00:00:00+00:00' AIRFLOW_CTX_TRY_NUMBER='1' AIRFLOW_CTX_DAG_RUN_ID='scheduled__2024-06-13T00:00:00+00:00'
[2024-06-14T08:05:09.180+0000] {taskinstance.py:430} INFO - ::endgroup::
[2024-06-14T08:05:09.210+0000] {python.py:237} INFO - Done. Returned value was:         raceId  driverId sprint_date sprint_time
0          860        18        None        None
116        860         1        None        None
232        861        18        None        None
512        861         1        None        None
680        862        18        None        None
...        ...       ...         ...         ...
517536     932       829        None        None
517602     936       829        None        None
517927     944       829        None        None
518061     944       834        None        None
518195     953       837        None        None

[4502 rows x 4 columns]
[2024-06-14T08:05:09.218+0000] {taskinstance.py:441} INFO - ::group::Post task execution logs
[2024-06-14T08:05:09.248+0000] {taskinstance.py:1206} INFO - Marking task as SUCCESS. dag_id=f1_data_pipeline_taskflow, task_id=sprint_transform, run_id=scheduled__2024-06-13T00:00:00+00:00, execution_date=20240613T000000, start_date=20240614T080508, end_date=20240614T080509
[2024-06-14T08:05:09.304+0000] {local_task_job_runner.py:240} INFO - Task exited with return code 0
[2024-06-14T08:05:09.313+0000] {local_task_job_runner.py:222} INFO - ::endgroup::
[2024-06-14T08:33:38.928+0000] {local_task_job_runner.py:120} INFO - ::group::Pre task execution logs
[2024-06-14T08:33:38.945+0000] {taskinstance.py:2076} INFO - Dependencies all met for dep_context=non-requeueable deps ti=<TaskInstance: f1_data_pipeline_taskflow.sprint_transform scheduled__2024-06-13T00:00:00+00:00 [queued]>
[2024-06-14T08:33:38.951+0000] {taskinstance.py:2076} INFO - Dependencies all met for dep_context=requeueable deps ti=<TaskInstance: f1_data_pipeline_taskflow.sprint_transform scheduled__2024-06-13T00:00:00+00:00 [queued]>
[2024-06-14T08:33:38.951+0000] {taskinstance.py:2306} INFO - Starting attempt 1 of 1
[2024-06-14T08:33:38.961+0000] {taskinstance.py:2330} INFO - Executing <Task(_PythonDecoratedOperator): sprint_transform> on 2024-06-13 00:00:00+00:00
[2024-06-14T08:33:38.968+0000] {warnings.py:110} WARNING - /home/***/.local/lib/python3.12/site-packages/***/task/task_runner/standard_task_runner.py:61: DeprecationWarning: This process (pid=491) is multi-threaded, use of fork() may lead to deadlocks in the child.
  pid = os.fork()

[2024-06-14T08:33:38.969+0000] {standard_task_runner.py:63} INFO - Started process 534 to run task
[2024-06-14T08:33:38.969+0000] {standard_task_runner.py:90} INFO - Running: ['***', 'tasks', 'run', 'f1_data_pipeline_taskflow', 'sprint_transform', 'scheduled__2024-06-13T00:00:00+00:00', '--job-id', '27', '--raw', '--subdir', 'DAGS_FOLDER/etl_dag.py', '--cfg-path', '/tmp/tmpu8y4g_20']
[2024-06-14T08:33:38.971+0000] {standard_task_runner.py:91} INFO - Job 27: Subtask sprint_transform
[2024-06-14T08:33:39.010+0000] {task_command.py:426} INFO - Running <TaskInstance: f1_data_pipeline_taskflow.sprint_transform scheduled__2024-06-13T00:00:00+00:00 [running]> on host 02396e2d7ca5
[2024-06-14T08:33:39.646+0000] {taskinstance.py:2648} INFO - Exporting env vars: AIRFLOW_CTX_DAG_OWNER='***' AIRFLOW_CTX_DAG_ID='f1_data_pipeline_taskflow' AIRFLOW_CTX_TASK_ID='sprint_transform' AIRFLOW_CTX_EXECUTION_DATE='2024-06-13T00:00:00+00:00' AIRFLOW_CTX_TRY_NUMBER='1' AIRFLOW_CTX_DAG_RUN_ID='scheduled__2024-06-13T00:00:00+00:00'
[2024-06-14T08:33:39.647+0000] {taskinstance.py:430} INFO - ::endgroup::
[2024-06-14T08:33:39.674+0000] {python.py:237} INFO - Done. Returned value was:         raceId  driverId sprint_date sprint_time
0          860        18        None        None
116        860         1        None        None
232        861        18        None        None
512        861         1        None        None
680        862        18        None        None
...        ...       ...         ...         ...
517536     932       829        None        None
517602     936       829        None        None
517927     944       829        None        None
518061     944       834        None        None
518195     953       837        None        None

[4502 rows x 4 columns]
[2024-06-14T08:33:39.682+0000] {taskinstance.py:441} INFO - ::group::Post task execution logs
[2024-06-14T08:33:39.710+0000] {taskinstance.py:1206} INFO - Marking task as SUCCESS. dag_id=f1_data_pipeline_taskflow, task_id=sprint_transform, run_id=scheduled__2024-06-13T00:00:00+00:00, execution_date=20240613T000000, start_date=20240614T083338, end_date=20240614T083339
[2024-06-14T08:33:39.744+0000] {local_task_job_runner.py:240} INFO - Task exited with return code 0
[2024-06-14T08:33:39.765+0000] {taskinstance.py:3498} INFO - 1 downstream tasks scheduled from follow-on schedule check
[2024-06-14T08:33:39.766+0000] {local_task_job_runner.py:222} INFO - ::endgroup::
[2024-06-14T08:56:38.467+0000] {local_task_job_runner.py:120} INFO - ::group::Pre task execution logs
[2024-06-14T08:56:38.612+0000] {taskinstance.py:2076} INFO - Dependencies all met for dep_context=non-requeueable deps ti=<TaskInstance: f1_data_pipeline_taskflow.sprint_transform scheduled__2024-06-13T00:00:00+00:00 [queued]>
[2024-06-14T08:56:38.618+0000] {taskinstance.py:2076} INFO - Dependencies all met for dep_context=requeueable deps ti=<TaskInstance: f1_data_pipeline_taskflow.sprint_transform scheduled__2024-06-13T00:00:00+00:00 [queued]>
[2024-06-14T08:56:38.618+0000] {taskinstance.py:2306} INFO - Starting attempt 1 of 1
[2024-06-14T08:56:38.627+0000] {taskinstance.py:2330} INFO - Executing <Task(_PythonDecoratedOperator): sprint_transform> on 2024-06-13 00:00:00+00:00
[2024-06-14T08:56:38.632+0000] {warnings.py:110} WARNING - /home/***/.local/lib/python3.12/site-packages/***/task/task_runner/standard_task_runner.py:61: DeprecationWarning: This process (pid=551) is multi-threaded, use of fork() may lead to deadlocks in the child.
  pid = os.fork()

[2024-06-14T08:56:38.633+0000] {standard_task_runner.py:63} INFO - Started process 574 to run task
[2024-06-14T08:56:38.633+0000] {standard_task_runner.py:90} INFO - Running: ['***', 'tasks', 'run', 'f1_data_pipeline_taskflow', 'sprint_transform', 'scheduled__2024-06-13T00:00:00+00:00', '--job-id', '22', '--raw', '--subdir', 'DAGS_FOLDER/etl_dag.py', '--cfg-path', '/tmp/tmp9h_v3y6l']
[2024-06-14T08:56:38.635+0000] {standard_task_runner.py:91} INFO - Job 22: Subtask sprint_transform
[2024-06-14T08:56:38.669+0000] {task_command.py:426} INFO - Running <TaskInstance: f1_data_pipeline_taskflow.sprint_transform scheduled__2024-06-13T00:00:00+00:00 [running]> on host 78c0b56418d0
[2024-06-14T08:56:39.296+0000] {taskinstance.py:2648} INFO - Exporting env vars: AIRFLOW_CTX_DAG_OWNER='***' AIRFLOW_CTX_DAG_ID='f1_data_pipeline_taskflow' AIRFLOW_CTX_TASK_ID='sprint_transform' AIRFLOW_CTX_EXECUTION_DATE='2024-06-13T00:00:00+00:00' AIRFLOW_CTX_TRY_NUMBER='1' AIRFLOW_CTX_DAG_RUN_ID='scheduled__2024-06-13T00:00:00+00:00'
[2024-06-14T08:56:39.297+0000] {taskinstance.py:430} INFO - ::endgroup::
[2024-06-14T08:56:39.375+0000] {python.py:237} INFO - Done. Returned value was:         raceId  driverId sprint_date sprint_time
0          860        18        None        None
116        860         1        None        None
232        861        18        None        None
512        861         1        None        None
680        862        18        None        None
...        ...       ...         ...         ...
517536     932       829        None        None
517602     936       829        None        None
517927     944       829        None        None
518061     944       834        None        None
518195     953       837        None        None

[4502 rows x 4 columns]
[2024-06-14T08:56:39.382+0000] {taskinstance.py:441} INFO - ::group::Post task execution logs
[2024-06-14T08:56:39.410+0000] {taskinstance.py:1206} INFO - Marking task as SUCCESS. dag_id=f1_data_pipeline_taskflow, task_id=sprint_transform, run_id=scheduled__2024-06-13T00:00:00+00:00, execution_date=20240613T000000, start_date=20240614T085638, end_date=20240614T085639
[2024-06-14T08:56:39.449+0000] {local_task_job_runner.py:240} INFO - Task exited with return code 0
[2024-06-14T08:56:39.468+0000] {taskinstance.py:3498} INFO - 1 downstream tasks scheduled from follow-on schedule check
[2024-06-14T08:56:39.470+0000] {local_task_job_runner.py:222} INFO - ::endgroup::
[2024-06-14T09:05:30.374+0000] {local_task_job_runner.py:120} INFO - ::group::Pre task execution logs
[2024-06-14T09:05:30.520+0000] {taskinstance.py:2076} INFO - Dependencies all met for dep_context=non-requeueable deps ti=<TaskInstance: f1_data_pipeline_taskflow.sprint_transform scheduled__2024-06-13T00:00:00+00:00 [queued]>
[2024-06-14T09:05:30.526+0000] {taskinstance.py:2076} INFO - Dependencies all met for dep_context=requeueable deps ti=<TaskInstance: f1_data_pipeline_taskflow.sprint_transform scheduled__2024-06-13T00:00:00+00:00 [queued]>
[2024-06-14T09:05:30.526+0000] {taskinstance.py:2306} INFO - Starting attempt 1 of 1
[2024-06-14T09:05:30.534+0000] {taskinstance.py:2330} INFO - Executing <Task(_PythonDecoratedOperator): sprint_transform> on 2024-06-13 00:00:00+00:00
[2024-06-14T09:05:30.539+0000] {warnings.py:110} WARNING - /home/***/.local/lib/python3.12/site-packages/***/task/task_runner/standard_task_runner.py:61: DeprecationWarning: This process (pid=562) is multi-threaded, use of fork() may lead to deadlocks in the child.
  pid = os.fork()

[2024-06-14T09:05:30.540+0000] {standard_task_runner.py:63} INFO - Started process 566 to run task
[2024-06-14T09:05:30.541+0000] {standard_task_runner.py:90} INFO - Running: ['***', 'tasks', 'run', 'f1_data_pipeline_taskflow', 'sprint_transform', 'scheduled__2024-06-13T00:00:00+00:00', '--job-id', '26', '--raw', '--subdir', 'DAGS_FOLDER/etl_dag.py', '--cfg-path', '/tmp/tmpbqipahh0']
[2024-06-14T09:05:30.543+0000] {standard_task_runner.py:91} INFO - Job 26: Subtask sprint_transform
[2024-06-14T09:05:30.579+0000] {task_command.py:426} INFO - Running <TaskInstance: f1_data_pipeline_taskflow.sprint_transform scheduled__2024-06-13T00:00:00+00:00 [running]> on host 2998375d03a6
[2024-06-14T09:05:31.225+0000] {taskinstance.py:2648} INFO - Exporting env vars: AIRFLOW_CTX_DAG_OWNER='***' AIRFLOW_CTX_DAG_ID='f1_data_pipeline_taskflow' AIRFLOW_CTX_TASK_ID='sprint_transform' AIRFLOW_CTX_EXECUTION_DATE='2024-06-13T00:00:00+00:00' AIRFLOW_CTX_TRY_NUMBER='1' AIRFLOW_CTX_DAG_RUN_ID='scheduled__2024-06-13T00:00:00+00:00'
[2024-06-14T09:05:31.227+0000] {taskinstance.py:430} INFO - ::endgroup::
[2024-06-14T09:05:31.255+0000] {python.py:237} INFO - Done. Returned value was:         raceId  driverId sprint_date sprint_time
0          860        18        None        None
116        860         1        None        None
232        861        18        None        None
512        861         1        None        None
680        862        18        None        None
...        ...       ...         ...         ...
517536     932       829        None        None
517602     936       829        None        None
517927     944       829        None        None
518061     944       834        None        None
518195     953       837        None        None

[4502 rows x 4 columns]
[2024-06-14T09:05:31.261+0000] {taskinstance.py:441} INFO - ::group::Post task execution logs
[2024-06-14T09:05:31.288+0000] {taskinstance.py:1206} INFO - Marking task as SUCCESS. dag_id=f1_data_pipeline_taskflow, task_id=sprint_transform, run_id=scheduled__2024-06-13T00:00:00+00:00, execution_date=20240613T000000, start_date=20240614T090530, end_date=20240614T090531
[2024-06-14T09:05:31.316+0000] {local_task_job_runner.py:240} INFO - Task exited with return code 0
[2024-06-14T09:05:31.336+0000] {taskinstance.py:3498} INFO - 1 downstream tasks scheduled from follow-on schedule check
[2024-06-14T09:05:31.337+0000] {local_task_job_runner.py:222} INFO - ::endgroup::
[2024-06-14T09:27:32.686+0000] {local_task_job_runner.py:120} INFO - ::group::Pre task execution logs
[2024-06-14T09:27:32.846+0000] {taskinstance.py:2076} INFO - Dependencies all met for dep_context=non-requeueable deps ti=<TaskInstance: f1_data_pipeline_taskflow.sprint_transform scheduled__2024-06-13T00:00:00+00:00 [queued]>
[2024-06-14T09:27:32.853+0000] {taskinstance.py:2076} INFO - Dependencies all met for dep_context=requeueable deps ti=<TaskInstance: f1_data_pipeline_taskflow.sprint_transform scheduled__2024-06-13T00:00:00+00:00 [queued]>
[2024-06-14T09:27:32.853+0000] {taskinstance.py:2306} INFO - Starting attempt 1 of 1
[2024-06-14T09:27:32.874+0000] {taskinstance.py:2330} INFO - Executing <Task(_PythonDecoratedOperator): sprint_transform> on 2024-06-13 00:00:00+00:00
[2024-06-14T09:27:32.880+0000] {warnings.py:110} WARNING - /home/***/.local/lib/python3.12/site-packages/***/task/task_runner/standard_task_runner.py:61: DeprecationWarning: This process (pid=503) is multi-threaded, use of fork() may lead to deadlocks in the child.
  pid = os.fork()

[2024-06-14T09:27:32.881+0000] {standard_task_runner.py:63} INFO - Started process 515 to run task
[2024-06-14T09:27:32.882+0000] {standard_task_runner.py:90} INFO - Running: ['***', 'tasks', 'run', 'f1_data_pipeline_taskflow', 'sprint_transform', 'scheduled__2024-06-13T00:00:00+00:00', '--job-id', '22', '--raw', '--subdir', 'DAGS_FOLDER/etl_dag.py', '--cfg-path', '/tmp/tmpw660_ery']
[2024-06-14T09:27:32.883+0000] {standard_task_runner.py:91} INFO - Job 22: Subtask sprint_transform
[2024-06-14T09:27:32.921+0000] {task_command.py:426} INFO - Running <TaskInstance: f1_data_pipeline_taskflow.sprint_transform scheduled__2024-06-13T00:00:00+00:00 [running]> on host 05f8e2de7bcc
[2024-06-14T09:27:33.526+0000] {taskinstance.py:2648} INFO - Exporting env vars: AIRFLOW_CTX_DAG_OWNER='***' AIRFLOW_CTX_DAG_ID='f1_data_pipeline_taskflow' AIRFLOW_CTX_TASK_ID='sprint_transform' AIRFLOW_CTX_EXECUTION_DATE='2024-06-13T00:00:00+00:00' AIRFLOW_CTX_TRY_NUMBER='1' AIRFLOW_CTX_DAG_RUN_ID='scheduled__2024-06-13T00:00:00+00:00'
[2024-06-14T09:27:33.527+0000] {taskinstance.py:430} INFO - ::endgroup::
[2024-06-14T09:27:33.552+0000] {python.py:237} INFO - Done. Returned value was:         raceId  driverId sprint_date sprint_time
0          860        18        None        None
116        860         1        None        None
232        861        18        None        None
512        861         1        None        None
680        862        18        None        None
...        ...       ...         ...         ...
517536     932       829        None        None
517602     936       829        None        None
517927     944       829        None        None
518061     944       834        None        None
518195     953       837        None        None

[4502 rows x 4 columns]
[2024-06-14T09:27:33.559+0000] {taskinstance.py:441} INFO - ::group::Post task execution logs
[2024-06-14T09:27:33.585+0000] {taskinstance.py:1206} INFO - Marking task as SUCCESS. dag_id=f1_data_pipeline_taskflow, task_id=sprint_transform, run_id=scheduled__2024-06-13T00:00:00+00:00, execution_date=20240613T000000, start_date=20240614T092732, end_date=20240614T092733
[2024-06-14T09:27:33.616+0000] {local_task_job_runner.py:240} INFO - Task exited with return code 0
[2024-06-14T09:27:33.636+0000] {taskinstance.py:3498} INFO - 1 downstream tasks scheduled from follow-on schedule check
[2024-06-14T09:27:33.637+0000] {local_task_job_runner.py:222} INFO - ::endgroup::
[2024-06-14T10:52:06.043+0000] {local_task_job_runner.py:120} INFO - ::group::Pre task execution logs
[2024-06-14T10:52:06.059+0000] {taskinstance.py:2076} INFO - Dependencies all met for dep_context=non-requeueable deps ti=<TaskInstance: f1_data_pipeline_taskflow.sprint_transform scheduled__2024-06-13T00:00:00+00:00 [queued]>
[2024-06-14T10:52:06.065+0000] {taskinstance.py:2076} INFO - Dependencies all met for dep_context=requeueable deps ti=<TaskInstance: f1_data_pipeline_taskflow.sprint_transform scheduled__2024-06-13T00:00:00+00:00 [queued]>
[2024-06-14T10:52:06.065+0000] {taskinstance.py:2306} INFO - Starting attempt 1 of 1
[2024-06-14T10:52:06.073+0000] {taskinstance.py:2330} INFO - Executing <Task(_PythonDecoratedOperator): sprint_transform> on 2024-06-13 00:00:00+00:00
[2024-06-14T10:52:06.080+0000] {warnings.py:110} WARNING - /home/***/.local/lib/python3.12/site-packages/***/task/task_runner/standard_task_runner.py:61: DeprecationWarning: This process (pid=532) is multi-threaded, use of fork() may lead to deadlocks in the child.
  pid = os.fork()

[2024-06-14T10:52:06.081+0000] {standard_task_runner.py:63} INFO - Started process 538 to run task
[2024-06-14T10:52:06.081+0000] {standard_task_runner.py:90} INFO - Running: ['***', 'tasks', 'run', 'f1_data_pipeline_taskflow', 'sprint_transform', 'scheduled__2024-06-13T00:00:00+00:00', '--job-id', '29', '--raw', '--subdir', 'DAGS_FOLDER/etl_dag.py', '--cfg-path', '/tmp/tmpdtylbric']
[2024-06-14T10:52:06.083+0000] {standard_task_runner.py:91} INFO - Job 29: Subtask sprint_transform
[2024-06-14T10:52:06.136+0000] {task_command.py:426} INFO - Running <TaskInstance: f1_data_pipeline_taskflow.sprint_transform scheduled__2024-06-13T00:00:00+00:00 [running]> on host e391edf20c31
[2024-06-14T10:52:06.758+0000] {taskinstance.py:2648} INFO - Exporting env vars: AIRFLOW_CTX_DAG_OWNER='***' AIRFLOW_CTX_DAG_ID='f1_data_pipeline_taskflow' AIRFLOW_CTX_TASK_ID='sprint_transform' AIRFLOW_CTX_EXECUTION_DATE='2024-06-13T00:00:00+00:00' AIRFLOW_CTX_TRY_NUMBER='1' AIRFLOW_CTX_DAG_RUN_ID='scheduled__2024-06-13T00:00:00+00:00'
[2024-06-14T10:52:06.759+0000] {taskinstance.py:430} INFO - ::endgroup::
[2024-06-14T10:52:06.784+0000] {python.py:237} INFO - Done. Returned value was:         raceId  driverId sprint_date sprint_time
0          860        18        None        None
116        860         1        None        None
232        861        18        None        None
512        861         1        None        None
680        862        18        None        None
...        ...       ...         ...         ...
517536     932       829        None        None
517602     936       829        None        None
517927     944       829        None        None
518061     944       834        None        None
518195     953       837        None        None

[4502 rows x 4 columns]
[2024-06-14T10:52:06.791+0000] {taskinstance.py:441} INFO - ::group::Post task execution logs
[2024-06-14T10:52:06.816+0000] {taskinstance.py:1206} INFO - Marking task as SUCCESS. dag_id=f1_data_pipeline_taskflow, task_id=sprint_transform, run_id=scheduled__2024-06-13T00:00:00+00:00, execution_date=20240613T000000, start_date=20240614T105206, end_date=20240614T105206
[2024-06-14T10:52:06.856+0000] {local_task_job_runner.py:240} INFO - Task exited with return code 0
[2024-06-14T10:52:06.876+0000] {taskinstance.py:3498} INFO - 1 downstream tasks scheduled from follow-on schedule check
[2024-06-14T10:52:06.877+0000] {local_task_job_runner.py:222} INFO - ::endgroup::
[2024-06-14T10:55:53.373+0000] {local_task_job_runner.py:120} INFO - ::group::Pre task execution logs
[2024-06-14T10:55:53.391+0000] {taskinstance.py:2076} INFO - Dependencies all met for dep_context=non-requeueable deps ti=<TaskInstance: f1_data_pipeline_taskflow.sprint_transform scheduled__2024-06-13T00:00:00+00:00 [queued]>
[2024-06-14T10:55:53.397+0000] {taskinstance.py:2076} INFO - Dependencies all met for dep_context=requeueable deps ti=<TaskInstance: f1_data_pipeline_taskflow.sprint_transform scheduled__2024-06-13T00:00:00+00:00 [queued]>
[2024-06-14T10:55:53.397+0000] {taskinstance.py:2306} INFO - Starting attempt 1 of 1
[2024-06-14T10:55:53.407+0000] {taskinstance.py:2330} INFO - Executing <Task(_PythonDecoratedOperator): sprint_transform> on 2024-06-13 00:00:00+00:00
[2024-06-14T10:55:53.413+0000] {warnings.py:110} WARNING - /home/***/.local/lib/python3.12/site-packages/***/task/task_runner/standard_task_runner.py:61: DeprecationWarning: This process (pid=478) is multi-threaded, use of fork() may lead to deadlocks in the child.
  pid = os.fork()

[2024-06-14T10:55:53.414+0000] {standard_task_runner.py:63} INFO - Started process 521 to run task
[2024-06-14T10:55:53.415+0000] {standard_task_runner.py:90} INFO - Running: ['***', 'tasks', 'run', 'f1_data_pipeline_taskflow', 'sprint_transform', 'scheduled__2024-06-13T00:00:00+00:00', '--job-id', '26', '--raw', '--subdir', 'DAGS_FOLDER/etl_dag.py', '--cfg-path', '/tmp/tmpi5cagkbh']
[2024-06-14T10:55:53.416+0000] {standard_task_runner.py:91} INFO - Job 26: Subtask sprint_transform
[2024-06-14T10:55:53.456+0000] {task_command.py:426} INFO - Running <TaskInstance: f1_data_pipeline_taskflow.sprint_transform scheduled__2024-06-13T00:00:00+00:00 [running]> on host c9e393690dc3
[2024-06-14T10:55:54.109+0000] {taskinstance.py:2648} INFO - Exporting env vars: AIRFLOW_CTX_DAG_OWNER='***' AIRFLOW_CTX_DAG_ID='f1_data_pipeline_taskflow' AIRFLOW_CTX_TASK_ID='sprint_transform' AIRFLOW_CTX_EXECUTION_DATE='2024-06-13T00:00:00+00:00' AIRFLOW_CTX_TRY_NUMBER='1' AIRFLOW_CTX_DAG_RUN_ID='scheduled__2024-06-13T00:00:00+00:00'
[2024-06-14T10:55:54.109+0000] {taskinstance.py:430} INFO - ::endgroup::
[2024-06-14T10:55:54.137+0000] {python.py:237} INFO - Done. Returned value was:         raceId  driverId sprint_date sprint_time
0          860        18        None        None
116        860         1        None        None
232        861        18        None        None
512        861         1        None        None
680        862        18        None        None
...        ...       ...         ...         ...
517536     932       829        None        None
517602     936       829        None        None
517927     944       829        None        None
518061     944       834        None        None
518195     953       837        None        None

[4502 rows x 4 columns]
[2024-06-14T10:55:54.144+0000] {taskinstance.py:441} INFO - ::group::Post task execution logs
[2024-06-14T10:55:54.171+0000] {taskinstance.py:1206} INFO - Marking task as SUCCESS. dag_id=f1_data_pipeline_taskflow, task_id=sprint_transform, run_id=scheduled__2024-06-13T00:00:00+00:00, execution_date=20240613T000000, start_date=20240614T105553, end_date=20240614T105554
[2024-06-14T10:55:54.190+0000] {local_task_job_runner.py:240} INFO - Task exited with return code 0
[2024-06-14T10:55:54.211+0000] {taskinstance.py:3498} INFO - 1 downstream tasks scheduled from follow-on schedule check
[2024-06-14T10:55:54.212+0000] {local_task_job_runner.py:222} INFO - ::endgroup::
[2024-06-14T11:03:58.401+0000] {local_task_job_runner.py:120} INFO - ::group::Pre task execution logs
[2024-06-14T11:03:58.418+0000] {taskinstance.py:2076} INFO - Dependencies all met for dep_context=non-requeueable deps ti=<TaskInstance: f1_data_pipeline_taskflow.sprint_transform scheduled__2024-06-13T00:00:00+00:00 [queued]>
[2024-06-14T11:03:58.424+0000] {taskinstance.py:2076} INFO - Dependencies all met for dep_context=requeueable deps ti=<TaskInstance: f1_data_pipeline_taskflow.sprint_transform scheduled__2024-06-13T00:00:00+00:00 [queued]>
[2024-06-14T11:03:58.425+0000] {taskinstance.py:2306} INFO - Starting attempt 1 of 1
[2024-06-14T11:03:58.434+0000] {taskinstance.py:2330} INFO - Executing <Task(_PythonDecoratedOperator): sprint_transform> on 2024-06-13 00:00:00+00:00
[2024-06-14T11:03:58.440+0000] {warnings.py:110} WARNING - /home/***/.local/lib/python3.12/site-packages/***/task/task_runner/standard_task_runner.py:61: DeprecationWarning: This process (pid=550) is multi-threaded, use of fork() may lead to deadlocks in the child.
  pid = os.fork()

[2024-06-14T11:03:58.441+0000] {standard_task_runner.py:63} INFO - Started process 555 to run task
[2024-06-14T11:03:58.441+0000] {standard_task_runner.py:90} INFO - Running: ['***', 'tasks', 'run', 'f1_data_pipeline_taskflow', 'sprint_transform', 'scheduled__2024-06-13T00:00:00+00:00', '--job-id', '30', '--raw', '--subdir', 'DAGS_FOLDER/etl_dag.py', '--cfg-path', '/tmp/tmpiskd6fam']
[2024-06-14T11:03:58.443+0000] {standard_task_runner.py:91} INFO - Job 30: Subtask sprint_transform
[2024-06-14T11:03:58.482+0000] {task_command.py:426} INFO - Running <TaskInstance: f1_data_pipeline_taskflow.sprint_transform scheduled__2024-06-13T00:00:00+00:00 [running]> on host cfca011b7e89
[2024-06-14T11:03:59.095+0000] {taskinstance.py:2648} INFO - Exporting env vars: AIRFLOW_CTX_DAG_OWNER='***' AIRFLOW_CTX_DAG_ID='f1_data_pipeline_taskflow' AIRFLOW_CTX_TASK_ID='sprint_transform' AIRFLOW_CTX_EXECUTION_DATE='2024-06-13T00:00:00+00:00' AIRFLOW_CTX_TRY_NUMBER='1' AIRFLOW_CTX_DAG_RUN_ID='scheduled__2024-06-13T00:00:00+00:00'
[2024-06-14T11:03:59.096+0000] {taskinstance.py:430} INFO - ::endgroup::
[2024-06-14T11:03:59.121+0000] {python.py:237} INFO - Done. Returned value was:         raceId  driverId sprint_date sprint_time
0          860        18        None        None
116        860         1        None        None
232        861        18        None        None
512        861         1        None        None
680        862        18        None        None
...        ...       ...         ...         ...
517536     932       829        None        None
517602     936       829        None        None
517927     944       829        None        None
518061     944       834        None        None
518195     953       837        None        None

[4502 rows x 4 columns]
[2024-06-14T11:03:59.128+0000] {taskinstance.py:441} INFO - ::group::Post task execution logs
[2024-06-14T11:03:59.152+0000] {taskinstance.py:1206} INFO - Marking task as SUCCESS. dag_id=f1_data_pipeline_taskflow, task_id=sprint_transform, run_id=scheduled__2024-06-13T00:00:00+00:00, execution_date=20240613T000000, start_date=20240614T110358, end_date=20240614T110359
[2024-06-14T11:03:59.176+0000] {local_task_job_runner.py:240} INFO - Task exited with return code 0
[2024-06-14T11:03:59.195+0000] {taskinstance.py:3498} INFO - 1 downstream tasks scheduled from follow-on schedule check
[2024-06-14T11:03:59.197+0000] {local_task_job_runner.py:222} INFO - ::endgroup::
[2024-06-14T11:08:26.979+0000] {local_task_job_runner.py:120} INFO - ::group::Pre task execution logs
[2024-06-14T11:08:26.998+0000] {taskinstance.py:2076} INFO - Dependencies all met for dep_context=non-requeueable deps ti=<TaskInstance: f1_data_pipeline_taskflow.sprint_transform scheduled__2024-06-13T00:00:00+00:00 [queued]>
[2024-06-14T11:08:27.004+0000] {taskinstance.py:2076} INFO - Dependencies all met for dep_context=requeueable deps ti=<TaskInstance: f1_data_pipeline_taskflow.sprint_transform scheduled__2024-06-13T00:00:00+00:00 [queued]>
[2024-06-14T11:08:27.005+0000] {taskinstance.py:2306} INFO - Starting attempt 1 of 1
[2024-06-14T11:08:27.015+0000] {taskinstance.py:2330} INFO - Executing <Task(_PythonDecoratedOperator): sprint_transform> on 2024-06-13 00:00:00+00:00
[2024-06-14T11:08:27.022+0000] {warnings.py:110} WARNING - /home/***/.local/lib/python3.12/site-packages/***/task/task_runner/standard_task_runner.py:61: DeprecationWarning: This process (pid=485) is multi-threaded, use of fork() may lead to deadlocks in the child.
  pid = os.fork()

[2024-06-14T11:08:27.024+0000] {standard_task_runner.py:63} INFO - Started process 494 to run task
[2024-06-14T11:08:27.024+0000] {standard_task_runner.py:90} INFO - Running: ['***', 'tasks', 'run', 'f1_data_pipeline_taskflow', 'sprint_transform', 'scheduled__2024-06-13T00:00:00+00:00', '--job-id', '24', '--raw', '--subdir', 'DAGS_FOLDER/etl_dag.py', '--cfg-path', '/tmp/tmpy2l3nocq']
[2024-06-14T11:08:27.026+0000] {standard_task_runner.py:91} INFO - Job 24: Subtask sprint_transform
[2024-06-14T11:08:27.067+0000] {task_command.py:426} INFO - Running <TaskInstance: f1_data_pipeline_taskflow.sprint_transform scheduled__2024-06-13T00:00:00+00:00 [running]> on host 6e52e947d844
[2024-06-14T11:08:27.689+0000] {taskinstance.py:2648} INFO - Exporting env vars: AIRFLOW_CTX_DAG_OWNER='***' AIRFLOW_CTX_DAG_ID='f1_data_pipeline_taskflow' AIRFLOW_CTX_TASK_ID='sprint_transform' AIRFLOW_CTX_EXECUTION_DATE='2024-06-13T00:00:00+00:00' AIRFLOW_CTX_TRY_NUMBER='1' AIRFLOW_CTX_DAG_RUN_ID='scheduled__2024-06-13T00:00:00+00:00'
[2024-06-14T11:08:27.690+0000] {taskinstance.py:430} INFO - ::endgroup::
[2024-06-14T11:08:27.716+0000] {python.py:237} INFO - Done. Returned value was:         raceId  driverId sprint_date sprint_time
0          860        18        None        None
116        860         1        None        None
232        861        18        None        None
512        861         1        None        None
680        862        18        None        None
...        ...       ...         ...         ...
517536     932       829        None        None
517602     936       829        None        None
517927     944       829        None        None
518061     944       834        None        None
518195     953       837        None        None

[4502 rows x 4 columns]
[2024-06-14T11:08:27.723+0000] {taskinstance.py:441} INFO - ::group::Post task execution logs
[2024-06-14T11:08:27.748+0000] {taskinstance.py:1206} INFO - Marking task as SUCCESS. dag_id=f1_data_pipeline_taskflow, task_id=sprint_transform, run_id=scheduled__2024-06-13T00:00:00+00:00, execution_date=20240613T000000, start_date=20240614T110826, end_date=20240614T110827
[2024-06-14T11:08:27.799+0000] {local_task_job_runner.py:240} INFO - Task exited with return code 0
[2024-06-14T11:08:27.819+0000] {taskinstance.py:3498} INFO - 1 downstream tasks scheduled from follow-on schedule check
[2024-06-14T11:08:27.820+0000] {local_task_job_runner.py:222} INFO - ::endgroup::
[2024-06-14T11:16:01.364+0000] {local_task_job_runner.py:120} INFO - ::group::Pre task execution logs
[2024-06-14T11:16:01.381+0000] {taskinstance.py:2076} INFO - Dependencies all met for dep_context=non-requeueable deps ti=<TaskInstance: f1_data_pipeline_taskflow.sprint_transform scheduled__2024-06-13T00:00:00+00:00 [queued]>
[2024-06-14T11:16:01.387+0000] {taskinstance.py:2076} INFO - Dependencies all met for dep_context=requeueable deps ti=<TaskInstance: f1_data_pipeline_taskflow.sprint_transform scheduled__2024-06-13T00:00:00+00:00 [queued]>
[2024-06-14T11:16:01.388+0000] {taskinstance.py:2306} INFO - Starting attempt 1 of 1
[2024-06-14T11:16:01.396+0000] {taskinstance.py:2330} INFO - Executing <Task(_PythonDecoratedOperator): sprint_transform> on 2024-06-13 00:00:00+00:00
[2024-06-14T11:16:01.402+0000] {warnings.py:110} WARNING - /home/***/.local/lib/python3.12/site-packages/***/task/task_runner/standard_task_runner.py:61: DeprecationWarning: This process (pid=461) is multi-threaded, use of fork() may lead to deadlocks in the child.
  pid = os.fork()

[2024-06-14T11:16:01.403+0000] {standard_task_runner.py:63} INFO - Started process 473 to run task
[2024-06-14T11:16:01.404+0000] {standard_task_runner.py:90} INFO - Running: ['***', 'tasks', 'run', 'f1_data_pipeline_taskflow', 'sprint_transform', 'scheduled__2024-06-13T00:00:00+00:00', '--job-id', '22', '--raw', '--subdir', 'DAGS_FOLDER/etl_dag.py', '--cfg-path', '/tmp/tmpqi0khubx']
[2024-06-14T11:16:01.405+0000] {standard_task_runner.py:91} INFO - Job 22: Subtask sprint_transform
[2024-06-14T11:16:01.446+0000] {task_command.py:426} INFO - Running <TaskInstance: f1_data_pipeline_taskflow.sprint_transform scheduled__2024-06-13T00:00:00+00:00 [running]> on host 82d779af27dd
[2024-06-14T11:16:02.071+0000] {taskinstance.py:2648} INFO - Exporting env vars: AIRFLOW_CTX_DAG_OWNER='***' AIRFLOW_CTX_DAG_ID='f1_data_pipeline_taskflow' AIRFLOW_CTX_TASK_ID='sprint_transform' AIRFLOW_CTX_EXECUTION_DATE='2024-06-13T00:00:00+00:00' AIRFLOW_CTX_TRY_NUMBER='1' AIRFLOW_CTX_DAG_RUN_ID='scheduled__2024-06-13T00:00:00+00:00'
[2024-06-14T11:16:02.072+0000] {taskinstance.py:430} INFO - ::endgroup::
[2024-06-14T11:16:02.103+0000] {python.py:237} INFO - Done. Returned value was:         raceId  driverId sprint_date sprint_time
0          860        18        None        None
116        860         1        None        None
232        861        18        None        None
512        861         1        None        None
680        862        18        None        None
...        ...       ...         ...         ...
517536     932       829        None        None
517602     936       829        None        None
517927     944       829        None        None
518061     944       834        None        None
518195     953       837        None        None

[4502 rows x 4 columns]
[2024-06-14T11:16:02.111+0000] {taskinstance.py:441} INFO - ::group::Post task execution logs
[2024-06-14T11:16:02.143+0000] {taskinstance.py:1206} INFO - Marking task as SUCCESS. dag_id=f1_data_pipeline_taskflow, task_id=sprint_transform, run_id=scheduled__2024-06-13T00:00:00+00:00, execution_date=20240613T000000, start_date=20240614T111601, end_date=20240614T111602
[2024-06-14T11:16:02.178+0000] {local_task_job_runner.py:240} INFO - Task exited with return code 0
[2024-06-14T11:16:02.200+0000] {taskinstance.py:3498} INFO - 1 downstream tasks scheduled from follow-on schedule check
[2024-06-14T11:16:02.201+0000] {local_task_job_runner.py:222} INFO - ::endgroup::
[2024-06-14T11:21:20.593+0000] {local_task_job_runner.py:120} INFO - ::group::Pre task execution logs
[2024-06-14T11:21:20.609+0000] {taskinstance.py:2076} INFO - Dependencies all met for dep_context=non-requeueable deps ti=<TaskInstance: f1_data_pipeline_taskflow.sprint_transform scheduled__2024-06-13T00:00:00+00:00 [queued]>
[2024-06-14T11:21:20.615+0000] {taskinstance.py:2076} INFO - Dependencies all met for dep_context=requeueable deps ti=<TaskInstance: f1_data_pipeline_taskflow.sprint_transform scheduled__2024-06-13T00:00:00+00:00 [queued]>
[2024-06-14T11:21:20.615+0000] {taskinstance.py:2306} INFO - Starting attempt 1 of 1
[2024-06-14T11:21:20.624+0000] {taskinstance.py:2330} INFO - Executing <Task(_PythonDecoratedOperator): sprint_transform> on 2024-06-13 00:00:00+00:00
[2024-06-14T11:21:20.632+0000] {warnings.py:110} WARNING - /home/***/.local/lib/python3.12/site-packages/***/task/task_runner/standard_task_runner.py:61: DeprecationWarning: This process (pid=444) is multi-threaded, use of fork() may lead to deadlocks in the child.
  pid = os.fork()

[2024-06-14T11:21:20.633+0000] {standard_task_runner.py:63} INFO - Started process 447 to run task
[2024-06-14T11:21:20.634+0000] {standard_task_runner.py:90} INFO - Running: ['***', 'tasks', 'run', 'f1_data_pipeline_taskflow', 'sprint_transform', 'scheduled__2024-06-13T00:00:00+00:00', '--job-id', '21', '--raw', '--subdir', 'DAGS_FOLDER/etl_dag.py', '--cfg-path', '/tmp/tmp3h58ttas']
[2024-06-14T11:21:20.635+0000] {standard_task_runner.py:91} INFO - Job 21: Subtask sprint_transform
[2024-06-14T11:21:20.677+0000] {task_command.py:426} INFO - Running <TaskInstance: f1_data_pipeline_taskflow.sprint_transform scheduled__2024-06-13T00:00:00+00:00 [running]> on host 385858123cc9
[2024-06-14T11:21:21.348+0000] {taskinstance.py:2648} INFO - Exporting env vars: AIRFLOW_CTX_DAG_OWNER='***' AIRFLOW_CTX_DAG_ID='f1_data_pipeline_taskflow' AIRFLOW_CTX_TASK_ID='sprint_transform' AIRFLOW_CTX_EXECUTION_DATE='2024-06-13T00:00:00+00:00' AIRFLOW_CTX_TRY_NUMBER='1' AIRFLOW_CTX_DAG_RUN_ID='scheduled__2024-06-13T00:00:00+00:00'
[2024-06-14T11:21:21.349+0000] {taskinstance.py:430} INFO - ::endgroup::
[2024-06-14T11:21:21.372+0000] {python.py:237} INFO - Done. Returned value was:         raceId  driverId sprint_date sprint_time
0          860        18        None        None
116        860         1        None        None
232        861        18        None        None
512        861         1        None        None
680        862        18        None        None
...        ...       ...         ...         ...
517536     932       829        None        None
517602     936       829        None        None
517927     944       829        None        None
518061     944       834        None        None
518195     953       837        None        None

[4502 rows x 4 columns]
[2024-06-14T11:21:21.379+0000] {taskinstance.py:441} INFO - ::group::Post task execution logs
[2024-06-14T11:21:21.405+0000] {taskinstance.py:1206} INFO - Marking task as SUCCESS. dag_id=f1_data_pipeline_taskflow, task_id=sprint_transform, run_id=scheduled__2024-06-13T00:00:00+00:00, execution_date=20240613T000000, start_date=20240614T112120, end_date=20240614T112121
[2024-06-14T11:21:21.450+0000] {local_task_job_runner.py:240} INFO - Task exited with return code 0
[2024-06-14T11:21:21.467+0000] {taskinstance.py:3498} INFO - 0 downstream tasks scheduled from follow-on schedule check
[2024-06-14T11:21:21.469+0000] {local_task_job_runner.py:222} INFO - ::endgroup::
[2024-06-14T11:26:23.473+0000] {local_task_job_runner.py:120} INFO - ::group::Pre task execution logs
[2024-06-14T11:26:23.491+0000] {taskinstance.py:2076} INFO - Dependencies all met for dep_context=non-requeueable deps ti=<TaskInstance: f1_data_pipeline_taskflow.sprint_transform scheduled__2024-06-13T00:00:00+00:00 [queued]>
[2024-06-14T11:26:23.508+0000] {taskinstance.py:2076} INFO - Dependencies all met for dep_context=requeueable deps ti=<TaskInstance: f1_data_pipeline_taskflow.sprint_transform scheduled__2024-06-13T00:00:00+00:00 [queued]>
[2024-06-14T11:26:23.508+0000] {taskinstance.py:2306} INFO - Starting attempt 1 of 1
[2024-06-14T11:26:23.521+0000] {taskinstance.py:2330} INFO - Executing <Task(_PythonDecoratedOperator): sprint_transform> on 2024-06-13 00:00:00+00:00
[2024-06-14T11:26:23.530+0000] {warnings.py:110} WARNING - /home/***/.local/lib/python3.12/site-packages/***/task/task_runner/standard_task_runner.py:61: DeprecationWarning: This process (pid=498) is multi-threaded, use of fork() may lead to deadlocks in the child.
  pid = os.fork()

[2024-06-14T11:26:23.531+0000] {standard_task_runner.py:63} INFO - Started process 509 to run task
[2024-06-14T11:26:23.532+0000] {standard_task_runner.py:90} INFO - Running: ['***', 'tasks', 'run', 'f1_data_pipeline_taskflow', 'sprint_transform', 'scheduled__2024-06-13T00:00:00+00:00', '--job-id', '26', '--raw', '--subdir', 'DAGS_FOLDER/etl_dag.py', '--cfg-path', '/tmp/tmpnqyh16j4']
[2024-06-14T11:26:23.534+0000] {standard_task_runner.py:91} INFO - Job 26: Subtask sprint_transform
[2024-06-14T11:26:23.578+0000] {task_command.py:426} INFO - Running <TaskInstance: f1_data_pipeline_taskflow.sprint_transform scheduled__2024-06-13T00:00:00+00:00 [running]> on host 3da481cb81cd
[2024-06-14T11:26:24.184+0000] {taskinstance.py:2648} INFO - Exporting env vars: AIRFLOW_CTX_DAG_OWNER='***' AIRFLOW_CTX_DAG_ID='f1_data_pipeline_taskflow' AIRFLOW_CTX_TASK_ID='sprint_transform' AIRFLOW_CTX_EXECUTION_DATE='2024-06-13T00:00:00+00:00' AIRFLOW_CTX_TRY_NUMBER='1' AIRFLOW_CTX_DAG_RUN_ID='scheduled__2024-06-13T00:00:00+00:00'
[2024-06-14T11:26:24.185+0000] {taskinstance.py:430} INFO - ::endgroup::
[2024-06-14T11:26:24.208+0000] {python.py:237} INFO - Done. Returned value was:         raceId  driverId sprint_date sprint_time
0          860        18        None        None
116        860         1        None        None
232        861        18        None        None
512        861         1        None        None
680        862        18        None        None
...        ...       ...         ...         ...
517536     932       829        None        None
517602     936       829        None        None
517927     944       829        None        None
518061     944       834        None        None
518195     953       837        None        None

[4502 rows x 4 columns]
[2024-06-14T11:26:24.214+0000] {taskinstance.py:441} INFO - ::group::Post task execution logs
[2024-06-14T11:26:24.239+0000] {taskinstance.py:1206} INFO - Marking task as SUCCESS. dag_id=f1_data_pipeline_taskflow, task_id=sprint_transform, run_id=scheduled__2024-06-13T00:00:00+00:00, execution_date=20240613T000000, start_date=20240614T112623, end_date=20240614T112624
[2024-06-14T11:26:24.266+0000] {local_task_job_runner.py:240} INFO - Task exited with return code 0
[2024-06-14T11:26:24.282+0000] {taskinstance.py:3498} INFO - 1 downstream tasks scheduled from follow-on schedule check
[2024-06-14T11:26:24.283+0000] {local_task_job_runner.py:222} INFO - ::endgroup::
[2024-06-14T11:30:54.961+0000] {local_task_job_runner.py:120} INFO - ::group::Pre task execution logs
[2024-06-14T11:30:54.976+0000] {taskinstance.py:2076} INFO - Dependencies all met for dep_context=non-requeueable deps ti=<TaskInstance: f1_data_pipeline_taskflow.sprint_transform scheduled__2024-06-13T00:00:00+00:00 [queued]>
[2024-06-14T11:30:54.982+0000] {taskinstance.py:2076} INFO - Dependencies all met for dep_context=requeueable deps ti=<TaskInstance: f1_data_pipeline_taskflow.sprint_transform scheduled__2024-06-13T00:00:00+00:00 [queued]>
[2024-06-14T11:30:54.982+0000] {taskinstance.py:2306} INFO - Starting attempt 1 of 1
[2024-06-14T11:30:54.990+0000] {taskinstance.py:2330} INFO - Executing <Task(_PythonDecoratedOperator): sprint_transform> on 2024-06-13 00:00:00+00:00
[2024-06-14T11:30:54.996+0000] {warnings.py:110} WARNING - /home/***/.local/lib/python3.12/site-packages/***/task/task_runner/standard_task_runner.py:61: DeprecationWarning: This process (pid=465) is multi-threaded, use of fork() may lead to deadlocks in the child.
  pid = os.fork()

[2024-06-14T11:30:54.997+0000] {standard_task_runner.py:63} INFO - Started process 468 to run task
[2024-06-14T11:30:54.998+0000] {standard_task_runner.py:90} INFO - Running: ['***', 'tasks', 'run', 'f1_data_pipeline_taskflow', 'sprint_transform', 'scheduled__2024-06-13T00:00:00+00:00', '--job-id', '23', '--raw', '--subdir', 'DAGS_FOLDER/etl_dag.py', '--cfg-path', '/tmp/tmphd6ch95q']
[2024-06-14T11:30:54.999+0000] {standard_task_runner.py:91} INFO - Job 23: Subtask sprint_transform
[2024-06-14T11:30:55.036+0000] {task_command.py:426} INFO - Running <TaskInstance: f1_data_pipeline_taskflow.sprint_transform scheduled__2024-06-13T00:00:00+00:00 [running]> on host 397171faad63
[2024-06-14T11:30:55.607+0000] {taskinstance.py:2648} INFO - Exporting env vars: AIRFLOW_CTX_DAG_OWNER='***' AIRFLOW_CTX_DAG_ID='f1_data_pipeline_taskflow' AIRFLOW_CTX_TASK_ID='sprint_transform' AIRFLOW_CTX_EXECUTION_DATE='2024-06-13T00:00:00+00:00' AIRFLOW_CTX_TRY_NUMBER='1' AIRFLOW_CTX_DAG_RUN_ID='scheduled__2024-06-13T00:00:00+00:00'
[2024-06-14T11:30:55.608+0000] {taskinstance.py:430} INFO - ::endgroup::
[2024-06-14T11:30:55.632+0000] {python.py:237} INFO - Done. Returned value was:         raceId  driverId sprint_date sprint_time
0          860        18        None        None
116        860         1        None        None
232        861        18        None        None
512        861         1        None        None
680        862        18        None        None
...        ...       ...         ...         ...
517536     932       829        None        None
517602     936       829        None        None
517927     944       829        None        None
518061     944       834        None        None
518195     953       837        None        None

[4502 rows x 4 columns]
[2024-06-14T11:30:55.638+0000] {taskinstance.py:441} INFO - ::group::Post task execution logs
[2024-06-14T11:30:55.665+0000] {taskinstance.py:1206} INFO - Marking task as SUCCESS. dag_id=f1_data_pipeline_taskflow, task_id=sprint_transform, run_id=scheduled__2024-06-13T00:00:00+00:00, execution_date=20240613T000000, start_date=20240614T113054, end_date=20240614T113055
[2024-06-14T11:30:55.692+0000] {local_task_job_runner.py:240} INFO - Task exited with return code 0
[2024-06-14T11:30:55.701+0000] {local_task_job_runner.py:222} INFO - ::endgroup::
[2024-06-14T11:35:34.937+0000] {local_task_job_runner.py:120} INFO - ::group::Pre task execution logs
[2024-06-14T11:35:34.951+0000] {taskinstance.py:2076} INFO - Dependencies all met for dep_context=non-requeueable deps ti=<TaskInstance: f1_data_pipeline_taskflow.sprint_transform scheduled__2024-06-13T00:00:00+00:00 [queued]>
[2024-06-14T11:35:34.957+0000] {taskinstance.py:2076} INFO - Dependencies all met for dep_context=requeueable deps ti=<TaskInstance: f1_data_pipeline_taskflow.sprint_transform scheduled__2024-06-13T00:00:00+00:00 [queued]>
[2024-06-14T11:35:34.957+0000] {taskinstance.py:2306} INFO - Starting attempt 1 of 1
[2024-06-14T11:35:34.965+0000] {taskinstance.py:2330} INFO - Executing <Task(_PythonDecoratedOperator): sprint_transform> on 2024-06-13 00:00:00+00:00
[2024-06-14T11:35:34.971+0000] {warnings.py:110} WARNING - /home/***/.local/lib/python3.12/site-packages/***/task/task_runner/standard_task_runner.py:61: DeprecationWarning: This process (pid=466) is multi-threaded, use of fork() may lead to deadlocks in the child.
  pid = os.fork()

[2024-06-14T11:35:34.972+0000] {standard_task_runner.py:63} INFO - Started process 470 to run task
[2024-06-14T11:35:34.972+0000] {standard_task_runner.py:90} INFO - Running: ['***', 'tasks', 'run', 'f1_data_pipeline_taskflow', 'sprint_transform', 'scheduled__2024-06-13T00:00:00+00:00', '--job-id', '24', '--raw', '--subdir', 'DAGS_FOLDER/etl_dag.py', '--cfg-path', '/tmp/tmp3zxij6fz']
[2024-06-14T11:35:34.974+0000] {standard_task_runner.py:91} INFO - Job 24: Subtask sprint_transform
[2024-06-14T11:35:35.008+0000] {task_command.py:426} INFO - Running <TaskInstance: f1_data_pipeline_taskflow.sprint_transform scheduled__2024-06-13T00:00:00+00:00 [running]> on host d0ca0375d865
[2024-06-14T11:35:35.562+0000] {taskinstance.py:2648} INFO - Exporting env vars: AIRFLOW_CTX_DAG_OWNER='***' AIRFLOW_CTX_DAG_ID='f1_data_pipeline_taskflow' AIRFLOW_CTX_TASK_ID='sprint_transform' AIRFLOW_CTX_EXECUTION_DATE='2024-06-13T00:00:00+00:00' AIRFLOW_CTX_TRY_NUMBER='1' AIRFLOW_CTX_DAG_RUN_ID='scheduled__2024-06-13T00:00:00+00:00'
[2024-06-14T11:35:35.563+0000] {taskinstance.py:430} INFO - ::endgroup::
[2024-06-14T11:35:35.587+0000] {python.py:237} INFO - Done. Returned value was:         raceId  driverId sprint_date sprint_time
0          860        18        None        None
116        860         1        None        None
232        861        18        None        None
512        861         1        None        None
680        862        18        None        None
...        ...       ...         ...         ...
517536     932       829        None        None
517602     936       829        None        None
517927     944       829        None        None
518061     944       834        None        None
518195     953       837        None        None

[4502 rows x 4 columns]
[2024-06-14T11:35:35.595+0000] {taskinstance.py:441} INFO - ::group::Post task execution logs
[2024-06-14T11:35:35.620+0000] {taskinstance.py:1206} INFO - Marking task as SUCCESS. dag_id=f1_data_pipeline_taskflow, task_id=sprint_transform, run_id=scheduled__2024-06-13T00:00:00+00:00, execution_date=20240613T000000, start_date=20240614T113534, end_date=20240614T113535
[2024-06-14T11:35:35.668+0000] {local_task_job_runner.py:240} INFO - Task exited with return code 0
[2024-06-14T11:35:35.688+0000] {taskinstance.py:3498} INFO - 1 downstream tasks scheduled from follow-on schedule check
[2024-06-14T11:35:35.689+0000] {local_task_job_runner.py:222} INFO - ::endgroup::
[2024-06-14T11:42:54.650+0000] {local_task_job_runner.py:120} INFO - ::group::Pre task execution logs
[2024-06-14T11:42:54.665+0000] {taskinstance.py:2076} INFO - Dependencies all met for dep_context=non-requeueable deps ti=<TaskInstance: f1_data_pipeline_taskflow.sprint_transform scheduled__2024-06-13T00:00:00+00:00 [queued]>
[2024-06-14T11:42:54.670+0000] {taskinstance.py:2076} INFO - Dependencies all met for dep_context=requeueable deps ti=<TaskInstance: f1_data_pipeline_taskflow.sprint_transform scheduled__2024-06-13T00:00:00+00:00 [queued]>
[2024-06-14T11:42:54.670+0000] {taskinstance.py:2306} INFO - Starting attempt 1 of 1
[2024-06-14T11:42:54.680+0000] {taskinstance.py:2330} INFO - Executing <Task(_PythonDecoratedOperator): sprint_transform> on 2024-06-13 00:00:00+00:00
[2024-06-14T11:42:54.686+0000] {warnings.py:110} WARNING - /home/***/.local/lib/python3.12/site-packages/***/task/task_runner/standard_task_runner.py:61: DeprecationWarning: This process (pid=472) is multi-threaded, use of fork() may lead to deadlocks in the child.
  pid = os.fork()

[2024-06-14T11:42:54.688+0000] {standard_task_runner.py:63} INFO - Started process 476 to run task
[2024-06-14T11:42:54.688+0000] {standard_task_runner.py:90} INFO - Running: ['***', 'tasks', 'run', 'f1_data_pipeline_taskflow', 'sprint_transform', 'scheduled__2024-06-13T00:00:00+00:00', '--job-id', '24', '--raw', '--subdir', 'DAGS_FOLDER/etl_dag.py', '--cfg-path', '/tmp/tmpnnuqf_gg']
[2024-06-14T11:42:54.690+0000] {standard_task_runner.py:91} INFO - Job 24: Subtask sprint_transform
[2024-06-14T11:42:54.726+0000] {task_command.py:426} INFO - Running <TaskInstance: f1_data_pipeline_taskflow.sprint_transform scheduled__2024-06-13T00:00:00+00:00 [running]> on host aae9b98b8a12
[2024-06-14T11:42:55.308+0000] {taskinstance.py:2648} INFO - Exporting env vars: AIRFLOW_CTX_DAG_OWNER='***' AIRFLOW_CTX_DAG_ID='f1_data_pipeline_taskflow' AIRFLOW_CTX_TASK_ID='sprint_transform' AIRFLOW_CTX_EXECUTION_DATE='2024-06-13T00:00:00+00:00' AIRFLOW_CTX_TRY_NUMBER='1' AIRFLOW_CTX_DAG_RUN_ID='scheduled__2024-06-13T00:00:00+00:00'
[2024-06-14T11:42:55.309+0000] {taskinstance.py:430} INFO - ::endgroup::
[2024-06-14T11:42:55.336+0000] {python.py:237} INFO - Done. Returned value was:         raceId  driverId sprint_date sprint_time
0          860        18        None        None
116        860         1        None        None
232        861        18        None        None
512        861         1        None        None
680        862        18        None        None
...        ...       ...         ...         ...
517536     932       829        None        None
517602     936       829        None        None
517927     944       829        None        None
518061     944       834        None        None
518195     953       837        None        None

[4502 rows x 4 columns]
[2024-06-14T11:42:55.343+0000] {taskinstance.py:441} INFO - ::group::Post task execution logs
[2024-06-14T11:42:55.372+0000] {taskinstance.py:1206} INFO - Marking task as SUCCESS. dag_id=f1_data_pipeline_taskflow, task_id=sprint_transform, run_id=scheduled__2024-06-13T00:00:00+00:00, execution_date=20240613T000000, start_date=20240614T114254, end_date=20240614T114255
[2024-06-14T11:42:55.423+0000] {local_task_job_runner.py:240} INFO - Task exited with return code 0
[2024-06-14T11:42:55.445+0000] {taskinstance.py:3498} INFO - 1 downstream tasks scheduled from follow-on schedule check
[2024-06-14T11:42:55.446+0000] {local_task_job_runner.py:222} INFO - ::endgroup::
[2024-06-14T12:17:25.305+0000] {local_task_job_runner.py:120} INFO - ::group::Pre task execution logs
[2024-06-14T12:17:25.321+0000] {taskinstance.py:2076} INFO - Dependencies all met for dep_context=non-requeueable deps ti=<TaskInstance: f1_data_pipeline_taskflow.sprint_transform scheduled__2024-06-13T00:00:00+00:00 [queued]>
[2024-06-14T12:17:25.326+0000] {taskinstance.py:2076} INFO - Dependencies all met for dep_context=requeueable deps ti=<TaskInstance: f1_data_pipeline_taskflow.sprint_transform scheduled__2024-06-13T00:00:00+00:00 [queued]>
[2024-06-14T12:17:25.327+0000] {taskinstance.py:2306} INFO - Starting attempt 1 of 1
[2024-06-14T12:17:25.334+0000] {taskinstance.py:2330} INFO - Executing <Task(_PythonDecoratedOperator): sprint_transform> on 2024-06-13 00:00:00+00:00
[2024-06-14T12:17:25.340+0000] {warnings.py:110} WARNING - /home/***/.local/lib/python3.12/site-packages/***/task/task_runner/standard_task_runner.py:61: DeprecationWarning: This process (pid=419) is multi-threaded, use of fork() may lead to deadlocks in the child.
  pid = os.fork()

[2024-06-14T12:17:25.341+0000] {standard_task_runner.py:63} INFO - Started process 461 to run task
[2024-06-14T12:17:25.342+0000] {standard_task_runner.py:90} INFO - Running: ['***', 'tasks', 'run', 'f1_data_pipeline_taskflow', 'sprint_transform', 'scheduled__2024-06-13T00:00:00+00:00', '--job-id', '21', '--raw', '--subdir', 'DAGS_FOLDER/etl_dag.py', '--cfg-path', '/tmp/tmp4oq60_uw']
[2024-06-14T12:17:25.343+0000] {standard_task_runner.py:91} INFO - Job 21: Subtask sprint_transform
[2024-06-14T12:17:25.380+0000] {task_command.py:426} INFO - Running <TaskInstance: f1_data_pipeline_taskflow.sprint_transform scheduled__2024-06-13T00:00:00+00:00 [running]> on host e4ecbb11494f
[2024-06-14T12:17:25.947+0000] {taskinstance.py:2648} INFO - Exporting env vars: AIRFLOW_CTX_DAG_OWNER='***' AIRFLOW_CTX_DAG_ID='f1_data_pipeline_taskflow' AIRFLOW_CTX_TASK_ID='sprint_transform' AIRFLOW_CTX_EXECUTION_DATE='2024-06-13T00:00:00+00:00' AIRFLOW_CTX_TRY_NUMBER='1' AIRFLOW_CTX_DAG_RUN_ID='scheduled__2024-06-13T00:00:00+00:00'
[2024-06-14T12:17:25.948+0000] {taskinstance.py:430} INFO - ::endgroup::
[2024-06-14T12:17:25.972+0000] {python.py:237} INFO - Done. Returned value was:         raceId  driverId sprint_date sprint_time
0          860        18        None        None
116        860         1        None        None
232        861        18        None        None
512        861         1        None        None
680        862        18        None        None
...        ...       ...         ...         ...
517536     932       829        None        None
517602     936       829        None        None
517927     944       829        None        None
518061     944       834        None        None
518195     953       837        None        None

[4502 rows x 4 columns]
[2024-06-14T12:17:25.979+0000] {taskinstance.py:441} INFO - ::group::Post task execution logs
[2024-06-14T12:17:26.004+0000] {taskinstance.py:1206} INFO - Marking task as SUCCESS. dag_id=f1_data_pipeline_taskflow, task_id=sprint_transform, run_id=scheduled__2024-06-13T00:00:00+00:00, execution_date=20240613T000000, start_date=20240614T121725, end_date=20240614T121726
[2024-06-14T12:17:26.037+0000] {local_task_job_runner.py:240} INFO - Task exited with return code 0
[2024-06-14T12:17:26.055+0000] {taskinstance.py:3498} INFO - 0 downstream tasks scheduled from follow-on schedule check
[2024-06-14T12:17:26.057+0000] {local_task_job_runner.py:222} INFO - ::endgroup::
[2024-06-14T12:44:56.497+0000] {local_task_job_runner.py:120} INFO - ::group::Pre task execution logs
[2024-06-14T12:44:56.512+0000] {taskinstance.py:2076} INFO - Dependencies all met for dep_context=non-requeueable deps ti=<TaskInstance: f1_data_pipeline_taskflow.sprint_transform scheduled__2024-06-13T00:00:00+00:00 [queued]>
[2024-06-14T12:44:56.517+0000] {taskinstance.py:2076} INFO - Dependencies all met for dep_context=requeueable deps ti=<TaskInstance: f1_data_pipeline_taskflow.sprint_transform scheduled__2024-06-13T00:00:00+00:00 [queued]>
[2024-06-14T12:44:56.517+0000] {taskinstance.py:2306} INFO - Starting attempt 1 of 1
[2024-06-14T12:44:56.525+0000] {taskinstance.py:2330} INFO - Executing <Task(_PythonDecoratedOperator): sprint_transform> on 2024-06-13 00:00:00+00:00
[2024-06-14T12:44:56.531+0000] {warnings.py:110} WARNING - /home/***/.local/lib/python3.12/site-packages/***/task/task_runner/standard_task_runner.py:61: DeprecationWarning: This process (pid=457) is multi-threaded, use of fork() may lead to deadlocks in the child.
  pid = os.fork()

[2024-06-14T12:44:56.532+0000] {standard_task_runner.py:63} INFO - Started process 459 to run task
[2024-06-14T12:44:56.532+0000] {standard_task_runner.py:90} INFO - Running: ['***', 'tasks', 'run', 'f1_data_pipeline_taskflow', 'sprint_transform', 'scheduled__2024-06-13T00:00:00+00:00', '--job-id', '21', '--raw', '--subdir', 'DAGS_FOLDER/etl_dag.py', '--cfg-path', '/tmp/tmp_du5bwo3']
[2024-06-14T12:44:56.533+0000] {standard_task_runner.py:91} INFO - Job 21: Subtask sprint_transform
[2024-06-14T12:44:56.567+0000] {task_command.py:426} INFO - Running <TaskInstance: f1_data_pipeline_taskflow.sprint_transform scheduled__2024-06-13T00:00:00+00:00 [running]> on host 23fced7d152c
[2024-06-14T12:44:57.157+0000] {taskinstance.py:2648} INFO - Exporting env vars: AIRFLOW_CTX_DAG_OWNER='***' AIRFLOW_CTX_DAG_ID='f1_data_pipeline_taskflow' AIRFLOW_CTX_TASK_ID='sprint_transform' AIRFLOW_CTX_EXECUTION_DATE='2024-06-13T00:00:00+00:00' AIRFLOW_CTX_TRY_NUMBER='1' AIRFLOW_CTX_DAG_RUN_ID='scheduled__2024-06-13T00:00:00+00:00'
[2024-06-14T12:44:57.158+0000] {taskinstance.py:430} INFO - ::endgroup::
[2024-06-14T12:44:57.181+0000] {python.py:237} INFO - Done. Returned value was:         raceId  driverId sprint_date sprint_time
0          860        18        None        None
116        860         1        None        None
232        861        18        None        None
512        861         1        None        None
680        862        18        None        None
...        ...       ...         ...         ...
517536     932       829        None        None
517602     936       829        None        None
517927     944       829        None        None
518061     944       834        None        None
518195     953       837        None        None

[4502 rows x 4 columns]
[2024-06-14T12:44:57.187+0000] {taskinstance.py:441} INFO - ::group::Post task execution logs
[2024-06-14T12:44:57.212+0000] {taskinstance.py:1206} INFO - Marking task as SUCCESS. dag_id=f1_data_pipeline_taskflow, task_id=sprint_transform, run_id=scheduled__2024-06-13T00:00:00+00:00, execution_date=20240613T000000, start_date=20240614T124456, end_date=20240614T124457
[2024-06-14T12:44:57.267+0000] {local_task_job_runner.py:240} INFO - Task exited with return code 0
[2024-06-14T12:44:57.285+0000] {taskinstance.py:3498} INFO - 0 downstream tasks scheduled from follow-on schedule check
[2024-06-14T12:44:57.287+0000] {local_task_job_runner.py:222} INFO - ::endgroup::
[2024-06-14T13:32:31.292+0000] {local_task_job_runner.py:120} INFO - ::group::Pre task execution logs
[2024-06-14T13:32:31.309+0000] {taskinstance.py:2076} INFO - Dependencies all met for dep_context=non-requeueable deps ti=<TaskInstance: f1_data_pipeline_taskflow.sprint_transform scheduled__2024-06-13T00:00:00+00:00 [queued]>
[2024-06-14T13:32:31.315+0000] {taskinstance.py:2076} INFO - Dependencies all met for dep_context=requeueable deps ti=<TaskInstance: f1_data_pipeline_taskflow.sprint_transform scheduled__2024-06-13T00:00:00+00:00 [queued]>
[2024-06-14T13:32:31.315+0000] {taskinstance.py:2306} INFO - Starting attempt 1 of 1
[2024-06-14T13:32:31.325+0000] {taskinstance.py:2330} INFO - Executing <Task(_PythonDecoratedOperator): sprint_transform> on 2024-06-13 00:00:00+00:00
[2024-06-14T13:32:31.331+0000] {warnings.py:110} WARNING - /home/***/.local/lib/python3.12/site-packages/***/task/task_runner/standard_task_runner.py:61: DeprecationWarning: This process (pid=463) is multi-threaded, use of fork() may lead to deadlocks in the child.
  pid = os.fork()

[2024-06-14T13:32:31.332+0000] {standard_task_runner.py:63} INFO - Started process 476 to run task
[2024-06-14T13:32:31.333+0000] {standard_task_runner.py:90} INFO - Running: ['***', 'tasks', 'run', 'f1_data_pipeline_taskflow', 'sprint_transform', 'scheduled__2024-06-13T00:00:00+00:00', '--job-id', '26', '--raw', '--subdir', 'DAGS_FOLDER/etl_dag.py', '--cfg-path', '/tmp/tmpk28wpokl']
[2024-06-14T13:32:31.335+0000] {standard_task_runner.py:91} INFO - Job 26: Subtask sprint_transform
[2024-06-14T13:32:31.374+0000] {task_command.py:426} INFO - Running <TaskInstance: f1_data_pipeline_taskflow.sprint_transform scheduled__2024-06-13T00:00:00+00:00 [running]> on host 5a14b9f42b04
[2024-06-14T13:32:31.994+0000] {taskinstance.py:2648} INFO - Exporting env vars: AIRFLOW_CTX_DAG_OWNER='***' AIRFLOW_CTX_DAG_ID='f1_data_pipeline_taskflow' AIRFLOW_CTX_TASK_ID='sprint_transform' AIRFLOW_CTX_EXECUTION_DATE='2024-06-13T00:00:00+00:00' AIRFLOW_CTX_TRY_NUMBER='1' AIRFLOW_CTX_DAG_RUN_ID='scheduled__2024-06-13T00:00:00+00:00'
[2024-06-14T13:32:31.995+0000] {taskinstance.py:430} INFO - ::endgroup::
[2024-06-14T13:32:32.020+0000] {python.py:237} INFO - Done. Returned value was:         raceId  driverId sprint_date sprint_time
0          860        18        None        None
116        860         1        None        None
232        861        18        None        None
512        861         1        None        None
680        862        18        None        None
...        ...       ...         ...         ...
517536     932       829        None        None
517602     936       829        None        None
517927     944       829        None        None
518061     944       834        None        None
518195     953       837        None        None

[4502 rows x 4 columns]
[2024-06-14T13:32:32.026+0000] {taskinstance.py:441} INFO - ::group::Post task execution logs
[2024-06-14T13:32:32.051+0000] {taskinstance.py:1206} INFO - Marking task as SUCCESS. dag_id=f1_data_pipeline_taskflow, task_id=sprint_transform, run_id=scheduled__2024-06-13T00:00:00+00:00, execution_date=20240613T000000, start_date=20240614T133231, end_date=20240614T133232
[2024-06-14T13:32:32.108+0000] {local_task_job_runner.py:240} INFO - Task exited with return code 0
[2024-06-14T13:32:32.127+0000] {taskinstance.py:3498} INFO - 1 downstream tasks scheduled from follow-on schedule check
[2024-06-14T13:32:32.128+0000] {local_task_job_runner.py:222} INFO - ::endgroup::
[2024-06-14T13:56:45.891+0000] {local_task_job_runner.py:120} INFO - ::group::Pre task execution logs
[2024-06-14T13:56:45.909+0000] {taskinstance.py:2076} INFO - Dependencies all met for dep_context=non-requeueable deps ti=<TaskInstance: f1_data_pipeline_taskflow.sprint_transform scheduled__2024-06-13T00:00:00+00:00 [queued]>
[2024-06-14T13:56:45.915+0000] {taskinstance.py:2076} INFO - Dependencies all met for dep_context=requeueable deps ti=<TaskInstance: f1_data_pipeline_taskflow.sprint_transform scheduled__2024-06-13T00:00:00+00:00 [queued]>
[2024-06-14T13:56:45.915+0000] {taskinstance.py:2306} INFO - Starting attempt 1 of 1
[2024-06-14T13:56:45.924+0000] {taskinstance.py:2330} INFO - Executing <Task(_PythonDecoratedOperator): sprint_transform> on 2024-06-13 00:00:00+00:00
[2024-06-14T13:56:45.931+0000] {warnings.py:110} WARNING - /home/***/.local/lib/python3.12/site-packages/***/task/task_runner/standard_task_runner.py:61: DeprecationWarning: This process (pid=501) is multi-threaded, use of fork() may lead to deadlocks in the child.
  pid = os.fork()

[2024-06-14T13:56:45.933+0000] {standard_task_runner.py:63} INFO - Started process 540 to run task
[2024-06-14T13:56:45.933+0000] {standard_task_runner.py:90} INFO - Running: ['***', 'tasks', 'run', 'f1_data_pipeline_taskflow', 'sprint_transform', 'scheduled__2024-06-13T00:00:00+00:00', '--job-id', '26', '--raw', '--subdir', 'DAGS_FOLDER/etl_dag.py', '--cfg-path', '/tmp/tmpkirvg3h8']
[2024-06-14T13:56:45.935+0000] {standard_task_runner.py:91} INFO - Job 26: Subtask sprint_transform
[2024-06-14T13:56:45.972+0000] {task_command.py:426} INFO - Running <TaskInstance: f1_data_pipeline_taskflow.sprint_transform scheduled__2024-06-13T00:00:00+00:00 [running]> on host 32b182b24782
[2024-06-14T13:56:46.588+0000] {taskinstance.py:2648} INFO - Exporting env vars: AIRFLOW_CTX_DAG_OWNER='***' AIRFLOW_CTX_DAG_ID='f1_data_pipeline_taskflow' AIRFLOW_CTX_TASK_ID='sprint_transform' AIRFLOW_CTX_EXECUTION_DATE='2024-06-13T00:00:00+00:00' AIRFLOW_CTX_TRY_NUMBER='1' AIRFLOW_CTX_DAG_RUN_ID='scheduled__2024-06-13T00:00:00+00:00'
[2024-06-14T13:56:46.589+0000] {taskinstance.py:430} INFO - ::endgroup::
[2024-06-14T13:56:46.613+0000] {python.py:237} INFO - Done. Returned value was:         raceId  driverId sprint_date sprint_time
0          860        18        None        None
116        860         1        None        None
232        861        18        None        None
512        861         1        None        None
680        862        18        None        None
...        ...       ...         ...         ...
517536     932       829        None        None
517602     936       829        None        None
517927     944       829        None        None
518061     944       834        None        None
518195     953       837        None        None

[4502 rows x 4 columns]
[2024-06-14T13:56:46.620+0000] {taskinstance.py:441} INFO - ::group::Post task execution logs
[2024-06-14T13:56:46.645+0000] {taskinstance.py:1206} INFO - Marking task as SUCCESS. dag_id=f1_data_pipeline_taskflow, task_id=sprint_transform, run_id=scheduled__2024-06-13T00:00:00+00:00, execution_date=20240613T000000, start_date=20240614T135645, end_date=20240614T135646
[2024-06-14T13:56:46.668+0000] {local_task_job_runner.py:240} INFO - Task exited with return code 0
[2024-06-14T13:56:46.688+0000] {taskinstance.py:3498} INFO - 1 downstream tasks scheduled from follow-on schedule check
[2024-06-14T13:56:46.689+0000] {local_task_job_runner.py:222} INFO - ::endgroup::
