[2024-06-18T09:34:01.034+0000] {local_task_job_runner.py:120} INFO - ::group::Pre task execution logs
[2024-06-18T09:34:01.048+0000] {taskinstance.py:2076} INFO - Dependencies all met for dep_context=non-requeueable deps ti=<TaskInstance: f1_data_pipeline_kafka_fetchAndPublish.fetch_and_publish_raceResults manual__2024-06-18T09:30:43.974924+00:00 [queued]>
[2024-06-18T09:34:01.053+0000] {taskinstance.py:2076} INFO - Dependencies all met for dep_context=requeueable deps ti=<TaskInstance: f1_data_pipeline_kafka_fetchAndPublish.fetch_and_publish_raceResults manual__2024-06-18T09:30:43.974924+00:00 [queued]>
[2024-06-18T09:34:01.053+0000] {taskinstance.py:2306} INFO - Starting attempt 1 of 1
[2024-06-18T09:34:01.060+0000] {taskinstance.py:2330} INFO - Executing <Task(_PythonDecoratedOperator): fetch_and_publish_raceResults> on 2024-06-18 09:30:43.974924+00:00
[2024-06-18T09:34:01.066+0000] {warnings.py:110} WARNING - /home/***/.local/lib/python3.12/site-packages/***/task/task_runner/standard_task_runner.py:61: DeprecationWarning: This process (pid=2157) is multi-threaded, use of fork() may lead to deadlocks in the child.
  pid = os.fork()

[2024-06-18T09:34:01.066+0000] {standard_task_runner.py:63} INFO - Started process 2159 to run task
[2024-06-18T09:34:01.067+0000] {standard_task_runner.py:90} INFO - Running: ['***', 'tasks', 'run', 'f1_data_pipeline_kafka_fetchAndPublish', 'fetch_and_publish_raceResults', 'manual__2024-06-18T09:30:43.974924+00:00', '--job-id', '65', '--raw', '--subdir', 'DAGS_FOLDER/ergast_kafka_fetch_and_publish.py', '--cfg-path', '/tmp/tmp39qudf0p']
[2024-06-18T09:34:01.068+0000] {standard_task_runner.py:91} INFO - Job 65: Subtask fetch_and_publish_raceResults
[2024-06-18T09:34:01.097+0000] {task_command.py:426} INFO - Running <TaskInstance: f1_data_pipeline_kafka_fetchAndPublish.fetch_and_publish_raceResults manual__2024-06-18T09:30:43.974924+00:00 [running]> on host 85d13f87db98
[2024-06-18T09:34:01.152+0000] {taskinstance.py:2648} INFO - Exporting env vars: AIRFLOW_CTX_DAG_OWNER='***' AIRFLOW_CTX_DAG_ID='f1_data_pipeline_kafka_fetchAndPublish' AIRFLOW_CTX_TASK_ID='fetch_and_publish_raceResults' AIRFLOW_CTX_EXECUTION_DATE='2024-06-18T09:30:43.974924+00:00' AIRFLOW_CTX_TRY_NUMBER='1' AIRFLOW_CTX_DAG_RUN_ID='manual__2024-06-18T09:30:43.974924+00:00'
[2024-06-18T09:34:01.153+0000] {taskinstance.py:430} INFO - ::endgroup::
[2024-06-18T09:34:03.797+0000] {logging_mixin.py:188} INFO - Data processing failed: 'raceId'
[2024-06-18T09:34:03.798+0000] {taskinstance.py:441} INFO - ::group::Post task execution logs
[2024-06-18T09:34:03.798+0000] {taskinstance.py:2905} ERROR - Task failed with exception
Traceback (most recent call last):
  File "/home/airflow/.local/lib/python3.12/site-packages/airflow/models/taskinstance.py", line 465, in _execute_task
    result = _execute_callable(context=context, **execute_callable_kwargs)
             ^^^^^^^^^^^^^^^^^^^^^^^^^^^^^^^^^^^^^^^^^^^^^^^^^^^^^^^^^^^^^
  File "/home/airflow/.local/lib/python3.12/site-packages/airflow/models/taskinstance.py", line 432, in _execute_callable
    return execute_callable(context=context, **execute_callable_kwargs)
           ^^^^^^^^^^^^^^^^^^^^^^^^^^^^^^^^^^^^^^^^^^^^^^^^^^^^^^^^^^^^
  File "/home/airflow/.local/lib/python3.12/site-packages/airflow/models/baseoperator.py", line 400, in wrapper
    return func(self, *args, **kwargs)
           ^^^^^^^^^^^^^^^^^^^^^^^^^^^
  File "/home/airflow/.local/lib/python3.12/site-packages/airflow/decorators/base.py", line 265, in execute
    return_value = super().execute(context)
                   ^^^^^^^^^^^^^^^^^^^^^^^^
  File "/home/airflow/.local/lib/python3.12/site-packages/airflow/models/baseoperator.py", line 400, in wrapper
    return func(self, *args, **kwargs)
           ^^^^^^^^^^^^^^^^^^^^^^^^^^^
  File "/home/airflow/.local/lib/python3.12/site-packages/airflow/operators/python.py", line 235, in execute
    return_value = self.execute_callable()
                   ^^^^^^^^^^^^^^^^^^^^^^^
  File "/home/airflow/.local/lib/python3.12/site-packages/airflow/operators/python.py", line 252, in execute_callable
    return self.python_callable(*self.op_args, **self.op_kwargs)
           ^^^^^^^^^^^^^^^^^^^^^^^^^^^^^^^^^^^^^^^^^^^^^^^^^^^^^
  File "/opt/airflow/dags/ergast_kafka_fetch_and_publish.py", line 628, in fetch_and_publish_raceResults
    'raceId': race['raceId'],
              ~~~~^^^^^^^^^^
KeyError: 'raceId'
[2024-06-18T09:34:03.812+0000] {taskinstance.py:1206} INFO - Marking task as FAILED. dag_id=f1_data_pipeline_kafka_fetchAndPublish, task_id=fetch_and_publish_raceResults, run_id=manual__2024-06-18T09:30:43.974924+00:00, execution_date=20240618T093043, start_date=20240618T093401, end_date=20240618T093403
[2024-06-18T09:34:03.822+0000] {standard_task_runner.py:110} ERROR - Failed to execute job 65 for task fetch_and_publish_raceResults ('raceId'; 2159)
[2024-06-18T09:34:03.852+0000] {local_task_job_runner.py:240} INFO - Task exited with return code 1
[2024-06-18T09:34:03.864+0000] {taskinstance.py:3498} INFO - 0 downstream tasks scheduled from follow-on schedule check
[2024-06-18T09:34:03.865+0000] {local_task_job_runner.py:222} INFO - ::endgroup::
