[2024-06-18T07:20:05.174+0000] {local_task_job_runner.py:120} INFO - ::group::Pre task execution logs
[2024-06-18T07:20:05.189+0000] {taskinstance.py:2076} INFO - Dependencies all met for dep_context=non-requeueable deps ti=<TaskInstance: f1_data_pipeline_taskflow.load_raceResults_task scheduled__2024-06-17T00:00:00+00:00 [queued]>
[2024-06-18T07:20:05.195+0000] {taskinstance.py:2076} INFO - Dependencies all met for dep_context=requeueable deps ti=<TaskInstance: f1_data_pipeline_taskflow.load_raceResults_task scheduled__2024-06-17T00:00:00+00:00 [queued]>
[2024-06-18T07:20:05.195+0000] {taskinstance.py:2306} INFO - Starting attempt 1 of 1
[2024-06-18T07:20:05.202+0000] {taskinstance.py:2330} INFO - Executing <Task(_PythonDecoratedOperator): load_raceResults_task> on 2024-06-17 00:00:00+00:00
[2024-06-18T07:20:05.208+0000] {warnings.py:110} WARNING - /home/***/.local/lib/python3.12/site-packages/***/task/task_runner/standard_task_runner.py:61: DeprecationWarning: This process (pid=576) is multi-threaded, use of fork() may lead to deadlocks in the child.
  pid = os.fork()

[2024-06-18T07:20:05.209+0000] {standard_task_runner.py:63} INFO - Started process 578 to run task
[2024-06-18T07:20:05.209+0000] {standard_task_runner.py:90} INFO - Running: ['***', 'tasks', 'run', 'f1_data_pipeline_taskflow', 'load_raceResults_task', 'scheduled__2024-06-17T00:00:00+00:00', '--job-id', '31', '--raw', '--subdir', 'DAGS_FOLDER/etl_dag.py', '--cfg-path', '/tmp/tmp9ffwxshj']
[2024-06-18T07:20:05.210+0000] {standard_task_runner.py:91} INFO - Job 31: Subtask load_raceResults_task
[2024-06-18T07:20:05.240+0000] {task_command.py:426} INFO - Running <TaskInstance: f1_data_pipeline_taskflow.load_raceResults_task scheduled__2024-06-17T00:00:00+00:00 [running]> on host ce62f6b650cd
[2024-06-18T07:20:05.350+0000] {taskinstance.py:2648} INFO - Exporting env vars: AIRFLOW_CTX_DAG_OWNER='***' AIRFLOW_CTX_DAG_ID='f1_data_pipeline_taskflow' AIRFLOW_CTX_TASK_ID='load_raceResults_task' AIRFLOW_CTX_EXECUTION_DATE='2024-06-17T00:00:00+00:00' AIRFLOW_CTX_TRY_NUMBER='1' AIRFLOW_CTX_DAG_RUN_ID='scheduled__2024-06-17T00:00:00+00:00'
[2024-06-18T07:20:05.351+0000] {taskinstance.py:430} INFO - ::endgroup::
[2024-06-18T07:20:05.353+0000] {crypto.py:82} WARNING - empty cryptography key - values will not be stored encrypted.
[2024-06-18T07:20:05.354+0000] {base.py:84} INFO - Using connection ID 'sourcedb_connection' for task execution.
[2024-06-18T07:20:05.600+0000] {python.py:237} INFO - Done. Returned value was: None
[2024-06-18T07:20:05.600+0000] {taskinstance.py:441} INFO - ::group::Post task execution logs
[2024-06-18T07:20:05.607+0000] {taskinstance.py:1206} INFO - Marking task as SUCCESS. dag_id=f1_data_pipeline_taskflow, task_id=load_raceResults_task, run_id=scheduled__2024-06-17T00:00:00+00:00, execution_date=20240617T000000, start_date=20240618T072005, end_date=20240618T072005
[2024-06-18T07:20:05.622+0000] {local_task_job_runner.py:240} INFO - Task exited with return code 0
[2024-06-18T07:20:05.634+0000] {taskinstance.py:3498} INFO - 0 downstream tasks scheduled from follow-on schedule check
[2024-06-18T07:20:05.635+0000] {local_task_job_runner.py:222} INFO - ::endgroup::
[2024-06-18T08:12:16.900+0000] {local_task_job_runner.py:120} INFO - ::group::Pre task execution logs
[2024-06-18T08:12:16.914+0000] {taskinstance.py:2076} INFO - Dependencies all met for dep_context=non-requeueable deps ti=<TaskInstance: f1_data_pipeline_taskflow.load_raceResults_task scheduled__2024-06-17T00:00:00+00:00 [queued]>
[2024-06-18T08:12:16.920+0000] {taskinstance.py:2076} INFO - Dependencies all met for dep_context=requeueable deps ti=<TaskInstance: f1_data_pipeline_taskflow.load_raceResults_task scheduled__2024-06-17T00:00:00+00:00 [queued]>
[2024-06-18T08:12:16.920+0000] {taskinstance.py:2306} INFO - Starting attempt 1 of 1
[2024-06-18T08:12:16.928+0000] {taskinstance.py:2330} INFO - Executing <Task(_PythonDecoratedOperator): load_raceResults_task> on 2024-06-17 00:00:00+00:00
[2024-06-18T08:12:16.934+0000] {warnings.py:110} WARNING - /home/***/.local/lib/python3.12/site-packages/***/task/task_runner/standard_task_runner.py:61: DeprecationWarning: This process (pid=577) is multi-threaded, use of fork() may lead to deadlocks in the child.
  pid = os.fork()

[2024-06-18T08:12:16.935+0000] {standard_task_runner.py:63} INFO - Started process 579 to run task
[2024-06-18T08:12:16.936+0000] {standard_task_runner.py:90} INFO - Running: ['***', 'tasks', 'run', 'f1_data_pipeline_taskflow', 'load_raceResults_task', 'scheduled__2024-06-17T00:00:00+00:00', '--job-id', '31', '--raw', '--subdir', 'DAGS_FOLDER/etl_dag.py', '--cfg-path', '/tmp/tmpox_1clsl']
[2024-06-18T08:12:16.937+0000] {standard_task_runner.py:91} INFO - Job 31: Subtask load_raceResults_task
[2024-06-18T08:12:16.971+0000] {task_command.py:426} INFO - Running <TaskInstance: f1_data_pipeline_taskflow.load_raceResults_task scheduled__2024-06-17T00:00:00+00:00 [running]> on host 0a8bae48237c
[2024-06-18T08:12:17.099+0000] {taskinstance.py:2648} INFO - Exporting env vars: AIRFLOW_CTX_DAG_OWNER='***' AIRFLOW_CTX_DAG_ID='f1_data_pipeline_taskflow' AIRFLOW_CTX_TASK_ID='load_raceResults_task' AIRFLOW_CTX_EXECUTION_DATE='2024-06-17T00:00:00+00:00' AIRFLOW_CTX_TRY_NUMBER='1' AIRFLOW_CTX_DAG_RUN_ID='scheduled__2024-06-17T00:00:00+00:00'
[2024-06-18T08:12:17.100+0000] {taskinstance.py:430} INFO - ::endgroup::
[2024-06-18T08:12:17.101+0000] {crypto.py:82} WARNING - empty cryptography key - values will not be stored encrypted.
[2024-06-18T08:12:17.101+0000] {base.py:84} INFO - Using connection ID 'sourcedb_connection' for task execution.
[2024-06-18T08:12:17.357+0000] {python.py:237} INFO - Done. Returned value was: None
[2024-06-18T08:12:17.358+0000] {taskinstance.py:441} INFO - ::group::Post task execution logs
[2024-06-18T08:12:17.368+0000] {taskinstance.py:1206} INFO - Marking task as SUCCESS. dag_id=f1_data_pipeline_taskflow, task_id=load_raceResults_task, run_id=scheduled__2024-06-17T00:00:00+00:00, execution_date=20240617T000000, start_date=20240618T081216, end_date=20240618T081217
[2024-06-18T08:12:17.389+0000] {local_task_job_runner.py:240} INFO - Task exited with return code 0
[2024-06-18T08:12:17.401+0000] {taskinstance.py:3498} INFO - 0 downstream tasks scheduled from follow-on schedule check
[2024-06-18T08:12:17.402+0000] {local_task_job_runner.py:222} INFO - ::endgroup::
[2024-06-18T08:22:55.302+0000] {local_task_job_runner.py:120} INFO - ::group::Pre task execution logs
[2024-06-18T08:22:55.316+0000] {taskinstance.py:2076} INFO - Dependencies all met for dep_context=non-requeueable deps ti=<TaskInstance: f1_data_pipeline_taskflow.load_raceResults_task scheduled__2024-06-17T00:00:00+00:00 [queued]>
[2024-06-18T08:22:55.321+0000] {taskinstance.py:2076} INFO - Dependencies all met for dep_context=requeueable deps ti=<TaskInstance: f1_data_pipeline_taskflow.load_raceResults_task scheduled__2024-06-17T00:00:00+00:00 [queued]>
[2024-06-18T08:22:55.321+0000] {taskinstance.py:2306} INFO - Starting attempt 1 of 1
[2024-06-18T08:22:55.328+0000] {taskinstance.py:2330} INFO - Executing <Task(_PythonDecoratedOperator): load_raceResults_task> on 2024-06-17 00:00:00+00:00
[2024-06-18T08:22:55.333+0000] {warnings.py:110} WARNING - /home/***/.local/lib/python3.12/site-packages/***/task/task_runner/standard_task_runner.py:61: DeprecationWarning: This process (pid=605) is multi-threaded, use of fork() may lead to deadlocks in the child.
  pid = os.fork()

[2024-06-18T08:22:55.334+0000] {standard_task_runner.py:63} INFO - Started process 607 to run task
[2024-06-18T08:22:55.335+0000] {standard_task_runner.py:90} INFO - Running: ['***', 'tasks', 'run', 'f1_data_pipeline_taskflow', 'load_raceResults_task', 'scheduled__2024-06-17T00:00:00+00:00', '--job-id', '30', '--raw', '--subdir', 'DAGS_FOLDER/etl_dag.py', '--cfg-path', '/tmp/tmpcypn2qhj']
[2024-06-18T08:22:55.336+0000] {standard_task_runner.py:91} INFO - Job 30: Subtask load_raceResults_task
[2024-06-18T08:22:55.370+0000] {task_command.py:426} INFO - Running <TaskInstance: f1_data_pipeline_taskflow.load_raceResults_task scheduled__2024-06-17T00:00:00+00:00 [running]> on host 7d3c9e9f45b7
[2024-06-18T08:22:55.506+0000] {taskinstance.py:2648} INFO - Exporting env vars: AIRFLOW_CTX_DAG_OWNER='***' AIRFLOW_CTX_DAG_ID='f1_data_pipeline_taskflow' AIRFLOW_CTX_TASK_ID='load_raceResults_task' AIRFLOW_CTX_EXECUTION_DATE='2024-06-17T00:00:00+00:00' AIRFLOW_CTX_TRY_NUMBER='1' AIRFLOW_CTX_DAG_RUN_ID='scheduled__2024-06-17T00:00:00+00:00'
[2024-06-18T08:22:55.507+0000] {taskinstance.py:430} INFO - ::endgroup::
[2024-06-18T08:22:55.508+0000] {crypto.py:82} WARNING - empty cryptography key - values will not be stored encrypted.
[2024-06-18T08:22:55.508+0000] {base.py:84} INFO - Using connection ID 'sourcedb_connection' for task execution.
[2024-06-18T08:22:55.727+0000] {python.py:237} INFO - Done. Returned value was: None
[2024-06-18T08:22:55.728+0000] {taskinstance.py:441} INFO - ::group::Post task execution logs
[2024-06-18T08:22:55.734+0000] {taskinstance.py:1206} INFO - Marking task as SUCCESS. dag_id=f1_data_pipeline_taskflow, task_id=load_raceResults_task, run_id=scheduled__2024-06-17T00:00:00+00:00, execution_date=20240617T000000, start_date=20240618T082255, end_date=20240618T082255
[2024-06-18T08:22:55.748+0000] {local_task_job_runner.py:240} INFO - Task exited with return code 0
[2024-06-18T08:22:55.759+0000] {taskinstance.py:3498} INFO - 0 downstream tasks scheduled from follow-on schedule check
[2024-06-18T08:22:55.760+0000] {local_task_job_runner.py:222} INFO - ::endgroup::
[2024-06-18T08:30:19.191+0000] {local_task_job_runner.py:120} INFO - ::group::Pre task execution logs
[2024-06-18T08:30:19.360+0000] {taskinstance.py:2076} INFO - Dependencies all met for dep_context=non-requeueable deps ti=<TaskInstance: f1_data_pipeline_taskflow.load_raceResults_task scheduled__2024-06-17T00:00:00+00:00 [queued]>
[2024-06-18T08:30:19.366+0000] {taskinstance.py:2076} INFO - Dependencies all met for dep_context=requeueable deps ti=<TaskInstance: f1_data_pipeline_taskflow.load_raceResults_task scheduled__2024-06-17T00:00:00+00:00 [queued]>
[2024-06-18T08:30:19.366+0000] {taskinstance.py:2306} INFO - Starting attempt 1 of 1
[2024-06-18T08:30:19.375+0000] {taskinstance.py:2330} INFO - Executing <Task(_PythonDecoratedOperator): load_raceResults_task> on 2024-06-17 00:00:00+00:00
[2024-06-18T08:30:19.381+0000] {warnings.py:110} WARNING - /home/***/.local/lib/python3.12/site-packages/***/task/task_runner/standard_task_runner.py:61: DeprecationWarning: This process (pid=570) is multi-threaded, use of fork() may lead to deadlocks in the child.
  pid = os.fork()

[2024-06-18T08:30:19.382+0000] {standard_task_runner.py:63} INFO - Started process 572 to run task
[2024-06-18T08:30:19.382+0000] {standard_task_runner.py:90} INFO - Running: ['***', 'tasks', 'run', 'f1_data_pipeline_taskflow', 'load_raceResults_task', 'scheduled__2024-06-17T00:00:00+00:00', '--job-id', '30', '--raw', '--subdir', 'DAGS_FOLDER/etl_dag.py', '--cfg-path', '/tmp/tmpnb9hunlo']
[2024-06-18T08:30:19.383+0000] {standard_task_runner.py:91} INFO - Job 30: Subtask load_raceResults_task
[2024-06-18T08:30:19.416+0000] {task_command.py:426} INFO - Running <TaskInstance: f1_data_pipeline_taskflow.load_raceResults_task scheduled__2024-06-17T00:00:00+00:00 [running]> on host d26fdf24870c
[2024-06-18T08:30:19.525+0000] {taskinstance.py:2648} INFO - Exporting env vars: AIRFLOW_CTX_DAG_OWNER='***' AIRFLOW_CTX_DAG_ID='f1_data_pipeline_taskflow' AIRFLOW_CTX_TASK_ID='load_raceResults_task' AIRFLOW_CTX_EXECUTION_DATE='2024-06-17T00:00:00+00:00' AIRFLOW_CTX_TRY_NUMBER='1' AIRFLOW_CTX_DAG_RUN_ID='scheduled__2024-06-17T00:00:00+00:00'
[2024-06-18T08:30:19.526+0000] {taskinstance.py:430} INFO - ::endgroup::
[2024-06-18T08:30:19.527+0000] {crypto.py:82} WARNING - empty cryptography key - values will not be stored encrypted.
[2024-06-18T08:30:19.527+0000] {base.py:84} INFO - Using connection ID 'sourcedb_connection' for task execution.
[2024-06-18T08:30:19.786+0000] {python.py:237} INFO - Done. Returned value was: None
[2024-06-18T08:30:19.787+0000] {taskinstance.py:441} INFO - ::group::Post task execution logs
[2024-06-18T08:30:19.794+0000] {taskinstance.py:1206} INFO - Marking task as SUCCESS. dag_id=f1_data_pipeline_taskflow, task_id=load_raceResults_task, run_id=scheduled__2024-06-17T00:00:00+00:00, execution_date=20240617T000000, start_date=20240618T083019, end_date=20240618T083019
[2024-06-18T08:30:19.836+0000] {local_task_job_runner.py:240} INFO - Task exited with return code 0
[2024-06-18T08:30:19.848+0000] {taskinstance.py:3498} INFO - 0 downstream tasks scheduled from follow-on schedule check
[2024-06-18T08:30:19.849+0000] {local_task_job_runner.py:222} INFO - ::endgroup::
[2024-06-18T08:54:51.486+0000] {local_task_job_runner.py:120} INFO - ::group::Pre task execution logs
[2024-06-18T08:54:51.501+0000] {taskinstance.py:2076} INFO - Dependencies all met for dep_context=non-requeueable deps ti=<TaskInstance: f1_data_pipeline_taskflow.load_raceResults_task scheduled__2024-06-17T00:00:00+00:00 [queued]>
[2024-06-18T08:54:51.507+0000] {taskinstance.py:2076} INFO - Dependencies all met for dep_context=requeueable deps ti=<TaskInstance: f1_data_pipeline_taskflow.load_raceResults_task scheduled__2024-06-17T00:00:00+00:00 [queued]>
[2024-06-18T08:54:51.507+0000] {taskinstance.py:2306} INFO - Starting attempt 1 of 1
[2024-06-18T08:54:51.514+0000] {taskinstance.py:2330} INFO - Executing <Task(_PythonDecoratedOperator): load_raceResults_task> on 2024-06-17 00:00:00+00:00
[2024-06-18T08:54:51.520+0000] {warnings.py:110} WARNING - /home/***/.local/lib/python3.12/site-packages/***/task/task_runner/standard_task_runner.py:61: DeprecationWarning: This process (pid=577) is multi-threaded, use of fork() may lead to deadlocks in the child.
  pid = os.fork()

[2024-06-18T08:54:51.521+0000] {standard_task_runner.py:63} INFO - Started process 579 to run task
[2024-06-18T08:54:51.521+0000] {standard_task_runner.py:90} INFO - Running: ['***', 'tasks', 'run', 'f1_data_pipeline_taskflow', 'load_raceResults_task', 'scheduled__2024-06-17T00:00:00+00:00', '--job-id', '30', '--raw', '--subdir', 'DAGS_FOLDER/etl_dag.py', '--cfg-path', '/tmp/tmpl2x8l4ic']
[2024-06-18T08:54:51.522+0000] {standard_task_runner.py:91} INFO - Job 30: Subtask load_raceResults_task
[2024-06-18T08:54:51.555+0000] {task_command.py:426} INFO - Running <TaskInstance: f1_data_pipeline_taskflow.load_raceResults_task scheduled__2024-06-17T00:00:00+00:00 [running]> on host 70dbe2d93c7b
[2024-06-18T08:54:51.668+0000] {taskinstance.py:2648} INFO - Exporting env vars: AIRFLOW_CTX_DAG_OWNER='***' AIRFLOW_CTX_DAG_ID='f1_data_pipeline_taskflow' AIRFLOW_CTX_TASK_ID='load_raceResults_task' AIRFLOW_CTX_EXECUTION_DATE='2024-06-17T00:00:00+00:00' AIRFLOW_CTX_TRY_NUMBER='1' AIRFLOW_CTX_DAG_RUN_ID='scheduled__2024-06-17T00:00:00+00:00'
[2024-06-18T08:54:51.669+0000] {taskinstance.py:430} INFO - ::endgroup::
[2024-06-18T08:54:51.671+0000] {crypto.py:82} WARNING - empty cryptography key - values will not be stored encrypted.
[2024-06-18T08:54:51.671+0000] {base.py:84} INFO - Using connection ID 'sourcedb_connection' for task execution.
[2024-06-18T08:54:51.904+0000] {python.py:237} INFO - Done. Returned value was: None
[2024-06-18T08:54:51.905+0000] {taskinstance.py:441} INFO - ::group::Post task execution logs
[2024-06-18T08:54:51.912+0000] {taskinstance.py:1206} INFO - Marking task as SUCCESS. dag_id=f1_data_pipeline_taskflow, task_id=load_raceResults_task, run_id=scheduled__2024-06-17T00:00:00+00:00, execution_date=20240617T000000, start_date=20240618T085451, end_date=20240618T085451
[2024-06-18T08:54:51.935+0000] {local_task_job_runner.py:240} INFO - Task exited with return code 0
[2024-06-18T08:54:51.948+0000] {taskinstance.py:3498} INFO - 0 downstream tasks scheduled from follow-on schedule check
[2024-06-18T08:54:51.950+0000] {local_task_job_runner.py:222} INFO - ::endgroup::
[2024-06-18T08:58:25.508+0000] {local_task_job_runner.py:120} INFO - ::group::Pre task execution logs
[2024-06-18T08:58:25.523+0000] {taskinstance.py:2076} INFO - Dependencies all met for dep_context=non-requeueable deps ti=<TaskInstance: f1_data_pipeline_taskflow.load_raceResults_task scheduled__2024-06-17T00:00:00+00:00 [queued]>
[2024-06-18T08:58:25.529+0000] {taskinstance.py:2076} INFO - Dependencies all met for dep_context=requeueable deps ti=<TaskInstance: f1_data_pipeline_taskflow.load_raceResults_task scheduled__2024-06-17T00:00:00+00:00 [queued]>
[2024-06-18T08:58:25.529+0000] {taskinstance.py:2306} INFO - Starting attempt 1 of 1
[2024-06-18T08:58:25.536+0000] {taskinstance.py:2330} INFO - Executing <Task(_PythonDecoratedOperator): load_raceResults_task> on 2024-06-17 00:00:00+00:00
[2024-06-18T08:58:25.542+0000] {warnings.py:110} WARNING - /home/***/.local/lib/python3.12/site-packages/***/task/task_runner/standard_task_runner.py:61: DeprecationWarning: This process (pid=576) is multi-threaded, use of fork() may lead to deadlocks in the child.
  pid = os.fork()

[2024-06-18T08:58:25.544+0000] {standard_task_runner.py:63} INFO - Started process 578 to run task
[2024-06-18T08:58:25.543+0000] {standard_task_runner.py:90} INFO - Running: ['***', 'tasks', 'run', 'f1_data_pipeline_taskflow', 'load_raceResults_task', 'scheduled__2024-06-17T00:00:00+00:00', '--job-id', '31', '--raw', '--subdir', 'DAGS_FOLDER/etl_dag.py', '--cfg-path', '/tmp/tmppokm_2wx']
[2024-06-18T08:58:25.545+0000] {standard_task_runner.py:91} INFO - Job 31: Subtask load_raceResults_task
[2024-06-18T08:58:25.577+0000] {task_command.py:426} INFO - Running <TaskInstance: f1_data_pipeline_taskflow.load_raceResults_task scheduled__2024-06-17T00:00:00+00:00 [running]> on host 85d13f87db98
[2024-06-18T08:58:25.691+0000] {taskinstance.py:2648} INFO - Exporting env vars: AIRFLOW_CTX_DAG_OWNER='***' AIRFLOW_CTX_DAG_ID='f1_data_pipeline_taskflow' AIRFLOW_CTX_TASK_ID='load_raceResults_task' AIRFLOW_CTX_EXECUTION_DATE='2024-06-17T00:00:00+00:00' AIRFLOW_CTX_TRY_NUMBER='1' AIRFLOW_CTX_DAG_RUN_ID='scheduled__2024-06-17T00:00:00+00:00'
[2024-06-18T08:58:25.692+0000] {taskinstance.py:430} INFO - ::endgroup::
[2024-06-18T08:58:25.693+0000] {crypto.py:82} WARNING - empty cryptography key - values will not be stored encrypted.
[2024-06-18T08:58:25.694+0000] {base.py:84} INFO - Using connection ID 'sourcedb_connection' for task execution.
[2024-06-18T08:58:25.951+0000] {python.py:237} INFO - Done. Returned value was: None
[2024-06-18T08:58:25.952+0000] {taskinstance.py:441} INFO - ::group::Post task execution logs
[2024-06-18T08:58:25.959+0000] {taskinstance.py:1206} INFO - Marking task as SUCCESS. dag_id=f1_data_pipeline_taskflow, task_id=load_raceResults_task, run_id=scheduled__2024-06-17T00:00:00+00:00, execution_date=20240617T000000, start_date=20240618T085825, end_date=20240618T085825
[2024-06-18T08:58:25.998+0000] {local_task_job_runner.py:240} INFO - Task exited with return code 0
[2024-06-18T08:58:26.010+0000] {taskinstance.py:3498} INFO - 0 downstream tasks scheduled from follow-on schedule check
[2024-06-18T08:58:26.011+0000] {local_task_job_runner.py:222} INFO - ::endgroup::
[2024-06-18T11:55:47.210+0000] {local_task_job_runner.py:120} INFO - ::group::Pre task execution logs
[2024-06-18T11:55:47.226+0000] {taskinstance.py:2076} INFO - Dependencies all met for dep_context=non-requeueable deps ti=<TaskInstance: f1_data_pipeline_taskflow.load_raceResults_task scheduled__2024-06-17T00:00:00+00:00 [queued]>
[2024-06-18T11:55:47.232+0000] {taskinstance.py:2076} INFO - Dependencies all met for dep_context=requeueable deps ti=<TaskInstance: f1_data_pipeline_taskflow.load_raceResults_task scheduled__2024-06-17T00:00:00+00:00 [queued]>
[2024-06-18T11:55:47.232+0000] {taskinstance.py:2306} INFO - Starting attempt 1 of 1
[2024-06-18T11:55:47.240+0000] {taskinstance.py:2330} INFO - Executing <Task(_PythonDecoratedOperator): load_raceResults_task> on 2024-06-17 00:00:00+00:00
[2024-06-18T11:55:47.246+0000] {warnings.py:110} WARNING - /home/***/.local/lib/python3.12/site-packages/***/task/task_runner/standard_task_runner.py:61: DeprecationWarning: This process (pid=576) is multi-threaded, use of fork() may lead to deadlocks in the child.
  pid = os.fork()

[2024-06-18T11:55:47.247+0000] {standard_task_runner.py:63} INFO - Started process 578 to run task
[2024-06-18T11:55:47.247+0000] {standard_task_runner.py:90} INFO - Running: ['***', 'tasks', 'run', 'f1_data_pipeline_taskflow', 'load_raceResults_task', 'scheduled__2024-06-17T00:00:00+00:00', '--job-id', '31', '--raw', '--subdir', 'DAGS_FOLDER/etl_dag.py', '--cfg-path', '/tmp/tmpkgy4jbu2']
[2024-06-18T11:55:47.248+0000] {standard_task_runner.py:91} INFO - Job 31: Subtask load_raceResults_task
[2024-06-18T11:55:47.281+0000] {task_command.py:426} INFO - Running <TaskInstance: f1_data_pipeline_taskflow.load_raceResults_task scheduled__2024-06-17T00:00:00+00:00 [running]> on host 21d7efd887f9
[2024-06-18T11:55:47.393+0000] {taskinstance.py:2648} INFO - Exporting env vars: AIRFLOW_CTX_DAG_OWNER='***' AIRFLOW_CTX_DAG_ID='f1_data_pipeline_taskflow' AIRFLOW_CTX_TASK_ID='load_raceResults_task' AIRFLOW_CTX_EXECUTION_DATE='2024-06-17T00:00:00+00:00' AIRFLOW_CTX_TRY_NUMBER='1' AIRFLOW_CTX_DAG_RUN_ID='scheduled__2024-06-17T00:00:00+00:00'
[2024-06-18T11:55:47.393+0000] {taskinstance.py:430} INFO - ::endgroup::
[2024-06-18T11:55:47.394+0000] {crypto.py:82} WARNING - empty cryptography key - values will not be stored encrypted.
[2024-06-18T11:55:47.395+0000] {base.py:84} INFO - Using connection ID 'sourcedb_connection' for task execution.
[2024-06-18T11:55:47.617+0000] {python.py:237} INFO - Done. Returned value was: None
[2024-06-18T11:55:47.617+0000] {taskinstance.py:441} INFO - ::group::Post task execution logs
[2024-06-18T11:55:47.624+0000] {taskinstance.py:1206} INFO - Marking task as SUCCESS. dag_id=f1_data_pipeline_taskflow, task_id=load_raceResults_task, run_id=scheduled__2024-06-17T00:00:00+00:00, execution_date=20240617T000000, start_date=20240618T115547, end_date=20240618T115547
[2024-06-18T11:55:47.661+0000] {local_task_job_runner.py:240} INFO - Task exited with return code 0
[2024-06-18T11:55:47.672+0000] {taskinstance.py:3498} INFO - 0 downstream tasks scheduled from follow-on schedule check
[2024-06-18T11:55:47.673+0000] {local_task_job_runner.py:222} INFO - ::endgroup::
[2024-06-18T12:52:54.194+0000] {local_task_job_runner.py:120} INFO - ::group::Pre task execution logs
[2024-06-18T12:52:54.209+0000] {taskinstance.py:2076} INFO - Dependencies all met for dep_context=non-requeueable deps ti=<TaskInstance: f1_data_pipeline_taskflow.load_raceResults_task scheduled__2024-06-17T00:00:00+00:00 [queued]>
[2024-06-18T12:52:54.215+0000] {taskinstance.py:2076} INFO - Dependencies all met for dep_context=requeueable deps ti=<TaskInstance: f1_data_pipeline_taskflow.load_raceResults_task scheduled__2024-06-17T00:00:00+00:00 [queued]>
[2024-06-18T12:52:54.215+0000] {taskinstance.py:2306} INFO - Starting attempt 1 of 1
[2024-06-18T12:52:54.223+0000] {taskinstance.py:2330} INFO - Executing <Task(_PythonDecoratedOperator): load_raceResults_task> on 2024-06-17 00:00:00+00:00
[2024-06-18T12:52:54.229+0000] {warnings.py:110} WARNING - /home/***/.local/lib/python3.12/site-packages/***/task/task_runner/standard_task_runner.py:61: DeprecationWarning: This process (pid=582) is multi-threaded, use of fork() may lead to deadlocks in the child.
  pid = os.fork()

[2024-06-18T12:52:54.230+0000] {standard_task_runner.py:63} INFO - Started process 584 to run task
[2024-06-18T12:52:54.230+0000] {standard_task_runner.py:90} INFO - Running: ['***', 'tasks', 'run', 'f1_data_pipeline_taskflow', 'load_raceResults_task', 'scheduled__2024-06-17T00:00:00+00:00', '--job-id', '31', '--raw', '--subdir', 'DAGS_FOLDER/etl_dag.py', '--cfg-path', '/tmp/tmpa17iv8i8']
[2024-06-18T12:52:54.231+0000] {standard_task_runner.py:91} INFO - Job 31: Subtask load_raceResults_task
[2024-06-18T12:52:54.269+0000] {task_command.py:426} INFO - Running <TaskInstance: f1_data_pipeline_taskflow.load_raceResults_task scheduled__2024-06-17T00:00:00+00:00 [running]> on host 29634c3e6318
[2024-06-18T12:52:54.398+0000] {taskinstance.py:2648} INFO - Exporting env vars: AIRFLOW_CTX_DAG_OWNER='***' AIRFLOW_CTX_DAG_ID='f1_data_pipeline_taskflow' AIRFLOW_CTX_TASK_ID='load_raceResults_task' AIRFLOW_CTX_EXECUTION_DATE='2024-06-17T00:00:00+00:00' AIRFLOW_CTX_TRY_NUMBER='1' AIRFLOW_CTX_DAG_RUN_ID='scheduled__2024-06-17T00:00:00+00:00'
[2024-06-18T12:52:54.400+0000] {taskinstance.py:430} INFO - ::endgroup::
[2024-06-18T12:52:54.401+0000] {crypto.py:82} WARNING - empty cryptography key - values will not be stored encrypted.
[2024-06-18T12:52:54.401+0000] {base.py:84} INFO - Using connection ID 'sourcedb_connection' for task execution.
[2024-06-18T12:52:54.636+0000] {python.py:237} INFO - Done. Returned value was: None
[2024-06-18T12:52:54.637+0000] {taskinstance.py:441} INFO - ::group::Post task execution logs
[2024-06-18T12:52:54.643+0000] {taskinstance.py:1206} INFO - Marking task as SUCCESS. dag_id=f1_data_pipeline_taskflow, task_id=load_raceResults_task, run_id=scheduled__2024-06-17T00:00:00+00:00, execution_date=20240617T000000, start_date=20240618T125254, end_date=20240618T125254
[2024-06-18T12:52:54.684+0000] {local_task_job_runner.py:240} INFO - Task exited with return code 0
[2024-06-18T12:52:54.695+0000] {taskinstance.py:3498} INFO - 0 downstream tasks scheduled from follow-on schedule check
[2024-06-18T12:52:54.696+0000] {local_task_job_runner.py:222} INFO - ::endgroup::
[2024-06-18T13:18:22.676+0000] {local_task_job_runner.py:120} INFO - ::group::Pre task execution logs
[2024-06-18T13:18:22.803+0000] {taskinstance.py:2076} INFO - Dependencies all met for dep_context=non-requeueable deps ti=<TaskInstance: f1_data_pipeline_taskflow.load_raceResults_task scheduled__2024-06-17T00:00:00+00:00 [queued]>
[2024-06-18T13:18:22.809+0000] {taskinstance.py:2076} INFO - Dependencies all met for dep_context=requeueable deps ti=<TaskInstance: f1_data_pipeline_taskflow.load_raceResults_task scheduled__2024-06-17T00:00:00+00:00 [queued]>
[2024-06-18T13:18:22.809+0000] {taskinstance.py:2306} INFO - Starting attempt 1 of 1
[2024-06-18T13:18:22.817+0000] {taskinstance.py:2330} INFO - Executing <Task(_PythonDecoratedOperator): load_raceResults_task> on 2024-06-17 00:00:00+00:00
[2024-06-18T13:18:22.823+0000] {warnings.py:110} WARNING - /home/***/.local/lib/python3.12/site-packages/***/task/task_runner/standard_task_runner.py:61: DeprecationWarning: This process (pid=605) is multi-threaded, use of fork() may lead to deadlocks in the child.
  pid = os.fork()

[2024-06-18T13:18:22.824+0000] {standard_task_runner.py:63} INFO - Started process 607 to run task
[2024-06-18T13:18:22.825+0000] {standard_task_runner.py:90} INFO - Running: ['***', 'tasks', 'run', 'f1_data_pipeline_taskflow', 'load_raceResults_task', 'scheduled__2024-06-17T00:00:00+00:00', '--job-id', '31', '--raw', '--subdir', 'DAGS_FOLDER/etl_dag.py', '--cfg-path', '/tmp/tmpc3wbwzav']
[2024-06-18T13:18:22.827+0000] {standard_task_runner.py:91} INFO - Job 31: Subtask load_raceResults_task
[2024-06-18T13:18:22.866+0000] {task_command.py:426} INFO - Running <TaskInstance: f1_data_pipeline_taskflow.load_raceResults_task scheduled__2024-06-17T00:00:00+00:00 [running]> on host 642827d53473
[2024-06-18T13:18:22.989+0000] {taskinstance.py:2648} INFO - Exporting env vars: AIRFLOW_CTX_DAG_OWNER='***' AIRFLOW_CTX_DAG_ID='f1_data_pipeline_taskflow' AIRFLOW_CTX_TASK_ID='load_raceResults_task' AIRFLOW_CTX_EXECUTION_DATE='2024-06-17T00:00:00+00:00' AIRFLOW_CTX_TRY_NUMBER='1' AIRFLOW_CTX_DAG_RUN_ID='scheduled__2024-06-17T00:00:00+00:00'
[2024-06-18T13:18:22.990+0000] {taskinstance.py:430} INFO - ::endgroup::
[2024-06-18T13:18:22.992+0000] {crypto.py:82} WARNING - empty cryptography key - values will not be stored encrypted.
[2024-06-18T13:18:22.992+0000] {base.py:84} INFO - Using connection ID 'sourcedb_connection' for task execution.
[2024-06-18T13:18:23.222+0000] {python.py:237} INFO - Done. Returned value was: None
[2024-06-18T13:18:23.222+0000] {taskinstance.py:441} INFO - ::group::Post task execution logs
[2024-06-18T13:18:23.230+0000] {taskinstance.py:1206} INFO - Marking task as SUCCESS. dag_id=f1_data_pipeline_taskflow, task_id=load_raceResults_task, run_id=scheduled__2024-06-17T00:00:00+00:00, execution_date=20240617T000000, start_date=20240618T131822, end_date=20240618T131823
[2024-06-18T13:18:23.279+0000] {local_task_job_runner.py:240} INFO - Task exited with return code 0
[2024-06-18T13:18:23.290+0000] {taskinstance.py:3498} INFO - 0 downstream tasks scheduled from follow-on schedule check
[2024-06-18T13:18:23.292+0000] {local_task_job_runner.py:222} INFO - ::endgroup::
[2024-06-18T13:28:34.766+0000] {local_task_job_runner.py:120} INFO - ::group::Pre task execution logs
[2024-06-18T13:28:34.781+0000] {taskinstance.py:2076} INFO - Dependencies all met for dep_context=non-requeueable deps ti=<TaskInstance: f1_data_pipeline_taskflow.load_raceResults_task scheduled__2024-06-17T00:00:00+00:00 [queued]>
[2024-06-18T13:28:34.788+0000] {taskinstance.py:2076} INFO - Dependencies all met for dep_context=requeueable deps ti=<TaskInstance: f1_data_pipeline_taskflow.load_raceResults_task scheduled__2024-06-17T00:00:00+00:00 [queued]>
[2024-06-18T13:28:34.788+0000] {taskinstance.py:2306} INFO - Starting attempt 1 of 1
[2024-06-18T13:28:34.796+0000] {taskinstance.py:2330} INFO - Executing <Task(_PythonDecoratedOperator): load_raceResults_task> on 2024-06-17 00:00:00+00:00
[2024-06-18T13:28:34.802+0000] {warnings.py:110} WARNING - /home/***/.local/lib/python3.12/site-packages/***/task/task_runner/standard_task_runner.py:61: DeprecationWarning: This process (pid=575) is multi-threaded, use of fork() may lead to deadlocks in the child.
  pid = os.fork()

[2024-06-18T13:28:34.803+0000] {standard_task_runner.py:63} INFO - Started process 577 to run task
[2024-06-18T13:28:34.803+0000] {standard_task_runner.py:90} INFO - Running: ['***', 'tasks', 'run', 'f1_data_pipeline_taskflow', 'load_raceResults_task', 'scheduled__2024-06-17T00:00:00+00:00', '--job-id', '31', '--raw', '--subdir', 'DAGS_FOLDER/etl_dag.py', '--cfg-path', '/tmp/tmp81o4oxuz']
[2024-06-18T13:28:34.804+0000] {standard_task_runner.py:91} INFO - Job 31: Subtask load_raceResults_task
[2024-06-18T13:28:34.839+0000] {task_command.py:426} INFO - Running <TaskInstance: f1_data_pipeline_taskflow.load_raceResults_task scheduled__2024-06-17T00:00:00+00:00 [running]> on host 9ae4be1c5479
[2024-06-18T13:28:35.005+0000] {taskinstance.py:2648} INFO - Exporting env vars: AIRFLOW_CTX_DAG_OWNER='***' AIRFLOW_CTX_DAG_ID='f1_data_pipeline_taskflow' AIRFLOW_CTX_TASK_ID='load_raceResults_task' AIRFLOW_CTX_EXECUTION_DATE='2024-06-17T00:00:00+00:00' AIRFLOW_CTX_TRY_NUMBER='1' AIRFLOW_CTX_DAG_RUN_ID='scheduled__2024-06-17T00:00:00+00:00'
[2024-06-18T13:28:35.006+0000] {taskinstance.py:430} INFO - ::endgroup::
[2024-06-18T13:28:35.007+0000] {crypto.py:82} WARNING - empty cryptography key - values will not be stored encrypted.
[2024-06-18T13:28:35.008+0000] {base.py:84} INFO - Using connection ID 'sourcedb_connection' for task execution.
[2024-06-18T13:28:35.227+0000] {python.py:237} INFO - Done. Returned value was: None
[2024-06-18T13:28:35.228+0000] {taskinstance.py:441} INFO - ::group::Post task execution logs
[2024-06-18T13:28:35.235+0000] {taskinstance.py:1206} INFO - Marking task as SUCCESS. dag_id=f1_data_pipeline_taskflow, task_id=load_raceResults_task, run_id=scheduled__2024-06-17T00:00:00+00:00, execution_date=20240617T000000, start_date=20240618T132834, end_date=20240618T132835
[2024-06-18T13:28:35.257+0000] {local_task_job_runner.py:240} INFO - Task exited with return code 0
[2024-06-18T13:28:35.268+0000] {taskinstance.py:3498} INFO - 0 downstream tasks scheduled from follow-on schedule check
[2024-06-18T13:28:35.269+0000] {local_task_job_runner.py:222} INFO - ::endgroup::
[2024-06-18T13:57:45.649+0000] {local_task_job_runner.py:120} INFO - ::group::Pre task execution logs
[2024-06-18T13:57:45.664+0000] {taskinstance.py:2076} INFO - Dependencies all met for dep_context=non-requeueable deps ti=<TaskInstance: f1_data_pipeline_taskflow.load_raceResults_task scheduled__2024-06-17T00:00:00+00:00 [queued]>
[2024-06-18T13:57:45.670+0000] {taskinstance.py:2076} INFO - Dependencies all met for dep_context=requeueable deps ti=<TaskInstance: f1_data_pipeline_taskflow.load_raceResults_task scheduled__2024-06-17T00:00:00+00:00 [queued]>
[2024-06-18T13:57:45.670+0000] {taskinstance.py:2306} INFO - Starting attempt 1 of 1
[2024-06-18T13:57:45.678+0000] {taskinstance.py:2330} INFO - Executing <Task(_PythonDecoratedOperator): load_raceResults_task> on 2024-06-17 00:00:00+00:00
[2024-06-18T13:57:45.684+0000] {warnings.py:110} WARNING - /home/***/.local/lib/python3.12/site-packages/***/task/task_runner/standard_task_runner.py:61: DeprecationWarning: This process (pid=603) is multi-threaded, use of fork() may lead to deadlocks in the child.
  pid = os.fork()

[2024-06-18T13:57:45.685+0000] {standard_task_runner.py:63} INFO - Started process 605 to run task
[2024-06-18T13:57:45.685+0000] {standard_task_runner.py:90} INFO - Running: ['***', 'tasks', 'run', 'f1_data_pipeline_taskflow', 'load_raceResults_task', 'scheduled__2024-06-17T00:00:00+00:00', '--job-id', '31', '--raw', '--subdir', 'DAGS_FOLDER/etl_dag.py', '--cfg-path', '/tmp/tmpel_8wq33']
[2024-06-18T13:57:45.687+0000] {standard_task_runner.py:91} INFO - Job 31: Subtask load_raceResults_task
[2024-06-18T13:57:45.719+0000] {task_command.py:426} INFO - Running <TaskInstance: f1_data_pipeline_taskflow.load_raceResults_task scheduled__2024-06-17T00:00:00+00:00 [running]> on host a16dbee39cfe
[2024-06-18T13:57:45.826+0000] {taskinstance.py:2648} INFO - Exporting env vars: AIRFLOW_CTX_DAG_OWNER='***' AIRFLOW_CTX_DAG_ID='f1_data_pipeline_taskflow' AIRFLOW_CTX_TASK_ID='load_raceResults_task' AIRFLOW_CTX_EXECUTION_DATE='2024-06-17T00:00:00+00:00' AIRFLOW_CTX_TRY_NUMBER='1' AIRFLOW_CTX_DAG_RUN_ID='scheduled__2024-06-17T00:00:00+00:00'
[2024-06-18T13:57:45.827+0000] {taskinstance.py:430} INFO - ::endgroup::
[2024-06-18T13:57:45.828+0000] {crypto.py:82} WARNING - empty cryptography key - values will not be stored encrypted.
[2024-06-18T13:57:45.829+0000] {base.py:84} INFO - Using connection ID 'sourcedb_connection' for task execution.
[2024-06-18T13:57:46.046+0000] {python.py:237} INFO - Done. Returned value was: None
[2024-06-18T13:57:46.047+0000] {taskinstance.py:441} INFO - ::group::Post task execution logs
[2024-06-18T13:57:46.053+0000] {taskinstance.py:1206} INFO - Marking task as SUCCESS. dag_id=f1_data_pipeline_taskflow, task_id=load_raceResults_task, run_id=scheduled__2024-06-17T00:00:00+00:00, execution_date=20240617T000000, start_date=20240618T135745, end_date=20240618T135746
[2024-06-18T13:57:46.099+0000] {local_task_job_runner.py:240} INFO - Task exited with return code 0
[2024-06-18T13:57:46.111+0000] {taskinstance.py:3498} INFO - 0 downstream tasks scheduled from follow-on schedule check
[2024-06-18T13:57:46.112+0000] {local_task_job_runner.py:222} INFO - ::endgroup::
[2024-06-18T14:07:19.186+0000] {local_task_job_runner.py:120} INFO - ::group::Pre task execution logs
[2024-06-18T14:07:19.201+0000] {taskinstance.py:2076} INFO - Dependencies all met for dep_context=non-requeueable deps ti=<TaskInstance: f1_data_pipeline_taskflow.load_raceResults_task scheduled__2024-06-17T00:00:00+00:00 [queued]>
[2024-06-18T14:07:19.206+0000] {taskinstance.py:2076} INFO - Dependencies all met for dep_context=requeueable deps ti=<TaskInstance: f1_data_pipeline_taskflow.load_raceResults_task scheduled__2024-06-17T00:00:00+00:00 [queued]>
[2024-06-18T14:07:19.207+0000] {taskinstance.py:2306} INFO - Starting attempt 1 of 1
[2024-06-18T14:07:19.214+0000] {taskinstance.py:2330} INFO - Executing <Task(_PythonDecoratedOperator): load_raceResults_task> on 2024-06-17 00:00:00+00:00
[2024-06-18T14:07:19.220+0000] {warnings.py:110} WARNING - /home/***/.local/lib/python3.12/site-packages/***/task/task_runner/standard_task_runner.py:61: DeprecationWarning: This process (pid=582) is multi-threaded, use of fork() may lead to deadlocks in the child.
  pid = os.fork()

[2024-06-18T14:07:19.221+0000] {standard_task_runner.py:63} INFO - Started process 584 to run task
[2024-06-18T14:07:19.221+0000] {standard_task_runner.py:90} INFO - Running: ['***', 'tasks', 'run', 'f1_data_pipeline_taskflow', 'load_raceResults_task', 'scheduled__2024-06-17T00:00:00+00:00', '--job-id', '31', '--raw', '--subdir', 'DAGS_FOLDER/etl_dag.py', '--cfg-path', '/tmp/tmpqdttzjz3']
[2024-06-18T14:07:19.222+0000] {standard_task_runner.py:91} INFO - Job 31: Subtask load_raceResults_task
[2024-06-18T14:07:19.255+0000] {task_command.py:426} INFO - Running <TaskInstance: f1_data_pipeline_taskflow.load_raceResults_task scheduled__2024-06-17T00:00:00+00:00 [running]> on host f083cbcc503e
[2024-06-18T14:07:19.387+0000] {taskinstance.py:2648} INFO - Exporting env vars: AIRFLOW_CTX_DAG_OWNER='***' AIRFLOW_CTX_DAG_ID='f1_data_pipeline_taskflow' AIRFLOW_CTX_TASK_ID='load_raceResults_task' AIRFLOW_CTX_EXECUTION_DATE='2024-06-17T00:00:00+00:00' AIRFLOW_CTX_TRY_NUMBER='1' AIRFLOW_CTX_DAG_RUN_ID='scheduled__2024-06-17T00:00:00+00:00'
[2024-06-18T14:07:19.388+0000] {taskinstance.py:430} INFO - ::endgroup::
[2024-06-18T14:07:19.389+0000] {crypto.py:82} WARNING - empty cryptography key - values will not be stored encrypted.
[2024-06-18T14:07:19.389+0000] {base.py:84} INFO - Using connection ID 'sourcedb_connection' for task execution.
[2024-06-18T14:07:19.626+0000] {python.py:237} INFO - Done. Returned value was: None
[2024-06-18T14:07:19.627+0000] {taskinstance.py:441} INFO - ::group::Post task execution logs
[2024-06-18T14:07:19.634+0000] {taskinstance.py:1206} INFO - Marking task as SUCCESS. dag_id=f1_data_pipeline_taskflow, task_id=load_raceResults_task, run_id=scheduled__2024-06-17T00:00:00+00:00, execution_date=20240617T000000, start_date=20240618T140719, end_date=20240618T140719
[2024-06-18T14:07:19.674+0000] {local_task_job_runner.py:240} INFO - Task exited with return code 0
[2024-06-18T14:07:19.686+0000] {taskinstance.py:3498} INFO - 0 downstream tasks scheduled from follow-on schedule check
[2024-06-18T14:07:19.687+0000] {local_task_job_runner.py:222} INFO - ::endgroup::
