[2024-06-20T07:34:18.757+0000] {local_task_job_runner.py:120} INFO - ::group::Pre task execution logs
[2024-06-20T07:34:18.771+0000] {taskinstance.py:2076} INFO - Dependencies all met for dep_context=non-requeueable deps ti=<TaskInstance: f1_data_pipeline_kafka_consumeAndLoad.wait_for_publish_dag scheduled__2024-06-19T00:00:00+00:00 [queued]>
[2024-06-20T07:34:18.775+0000] {taskinstance.py:2076} INFO - Dependencies all met for dep_context=requeueable deps ti=<TaskInstance: f1_data_pipeline_kafka_consumeAndLoad.wait_for_publish_dag scheduled__2024-06-19T00:00:00+00:00 [queued]>
[2024-06-20T07:34:18.776+0000] {taskinstance.py:2306} INFO - Starting attempt 1 of 1
[2024-06-20T07:34:18.785+0000] {taskinstance.py:2330} INFO - Executing <Task(ExternalTaskSensor): wait_for_publish_dag> on 2024-06-19 00:00:00+00:00
[2024-06-20T07:34:18.789+0000] {warnings.py:110} WARNING - /home/***/.local/lib/python3.12/site-packages/***/task/task_runner/standard_task_runner.py:61: DeprecationWarning: This process (pid=165) is multi-threaded, use of fork() may lead to deadlocks in the child.
  pid = os.fork()

[2024-06-20T07:34:18.791+0000] {standard_task_runner.py:63} INFO - Started process 172 to run task
[2024-06-20T07:34:18.791+0000] {standard_task_runner.py:90} INFO - Running: ['***', 'tasks', 'run', 'f1_data_pipeline_kafka_consumeAndLoad', 'wait_for_publish_dag', 'scheduled__2024-06-19T00:00:00+00:00', '--job-id', '5', '--raw', '--subdir', 'DAGS_FOLDER/ergast_kafka_consume_and_load.py', '--cfg-path', '/tmp/tmpjer_2mam']
[2024-06-20T07:34:18.792+0000] {standard_task_runner.py:91} INFO - Job 5: Subtask wait_for_publish_dag
[2024-06-20T07:34:18.829+0000] {task_command.py:426} INFO - Running <TaskInstance: f1_data_pipeline_kafka_consumeAndLoad.wait_for_publish_dag scheduled__2024-06-19T00:00:00+00:00 [running]> on host 5c5ee06f6e02
[2024-06-20T07:34:18.887+0000] {taskinstance.py:2648} INFO - Exporting env vars: AIRFLOW_CTX_DAG_OWNER='***' AIRFLOW_CTX_DAG_ID='f1_data_pipeline_kafka_consumeAndLoad' AIRFLOW_CTX_TASK_ID='wait_for_publish_dag' AIRFLOW_CTX_EXECUTION_DATE='2024-06-19T00:00:00+00:00' AIRFLOW_CTX_TRY_NUMBER='1' AIRFLOW_CTX_DAG_RUN_ID='scheduled__2024-06-19T00:00:00+00:00'
[2024-06-20T07:34:18.889+0000] {taskinstance.py:430} INFO - ::endgroup::
[2024-06-20T07:34:18.889+0000] {baseoperator.py:399} WARNING - ExternalTaskSensor.execute cannot be called outside TaskInstance!
[2024-06-20T07:34:18.889+0000] {external_task.py:258} INFO - Poking for tasks ['fetch_and_publish_laps'] in dag f1_data_pipeline_kafka_fetchAndPublish on 2024-06-19T00:00:00+00:00 ... 
[2024-06-20T07:34:18.889+0000] {warnings.py:110} WARNING - /home/***/.local/lib/python3.12/site-packages/***/utils/session.py:79: DeprecationWarning: This method is deprecated and will be removed in future.
  return func(*args, session=session, **kwargs)

[2024-06-20T07:34:48.896+0000] {external_task.py:258} INFO - Poking for tasks ['fetch_and_publish_laps'] in dag f1_data_pipeline_kafka_fetchAndPublish on 2024-06-19T00:00:00+00:00 ... 
[2024-06-20T07:35:18.903+0000] {external_task.py:258} INFO - Poking for tasks ['fetch_and_publish_laps'] in dag f1_data_pipeline_kafka_fetchAndPublish on 2024-06-19T00:00:00+00:00 ... 
[2024-06-20T07:35:48.914+0000] {external_task.py:258} INFO - Poking for tasks ['fetch_and_publish_laps'] in dag f1_data_pipeline_kafka_fetchAndPublish on 2024-06-19T00:00:00+00:00 ... 
[2024-06-20T07:36:18.924+0000] {external_task.py:258} INFO - Poking for tasks ['fetch_and_publish_laps'] in dag f1_data_pipeline_kafka_fetchAndPublish on 2024-06-19T00:00:00+00:00 ... 
[2024-06-20T07:36:48.934+0000] {external_task.py:258} INFO - Poking for tasks ['fetch_and_publish_laps'] in dag f1_data_pipeline_kafka_fetchAndPublish on 2024-06-19T00:00:00+00:00 ... 
[2024-06-20T07:37:18.944+0000] {external_task.py:258} INFO - Poking for tasks ['fetch_and_publish_laps'] in dag f1_data_pipeline_kafka_fetchAndPublish on 2024-06-19T00:00:00+00:00 ... 
[2024-06-20T07:37:48.955+0000] {external_task.py:258} INFO - Poking for tasks ['fetch_and_publish_laps'] in dag f1_data_pipeline_kafka_fetchAndPublish on 2024-06-19T00:00:00+00:00 ... 
[2024-06-20T07:38:18.963+0000] {external_task.py:258} INFO - Poking for tasks ['fetch_and_publish_laps'] in dag f1_data_pipeline_kafka_fetchAndPublish on 2024-06-19T00:00:00+00:00 ... 
[2024-06-20T07:38:48.974+0000] {external_task.py:258} INFO - Poking for tasks ['fetch_and_publish_laps'] in dag f1_data_pipeline_kafka_fetchAndPublish on 2024-06-19T00:00:00+00:00 ... 
[2024-06-20T07:39:18.984+0000] {external_task.py:258} INFO - Poking for tasks ['fetch_and_publish_laps'] in dag f1_data_pipeline_kafka_fetchAndPublish on 2024-06-19T00:00:00+00:00 ... 
[2024-06-20T07:39:18.993+0000] {base.py:294} INFO - Success criteria met. Exiting.
[2024-06-20T07:39:18.994+0000] {taskinstance.py:441} INFO - ::group::Post task execution logs
[2024-06-20T07:39:19.004+0000] {taskinstance.py:1206} INFO - Marking task as SUCCESS. dag_id=f1_data_pipeline_kafka_consumeAndLoad, task_id=wait_for_publish_dag, run_id=scheduled__2024-06-19T00:00:00+00:00, execution_date=20240619T000000, start_date=20240620T073418, end_date=20240620T073919
[2024-06-20T07:39:19.042+0000] {local_task_job_runner.py:240} INFO - Task exited with return code 0
[2024-06-20T07:39:19.070+0000] {taskinstance.py:3498} INFO - 4 downstream tasks scheduled from follow-on schedule check
[2024-06-20T07:39:19.072+0000] {local_task_job_runner.py:222} INFO - ::endgroup::
[2024-06-20T08:38:11.844+0000] {local_task_job_runner.py:120} INFO - ::group::Pre task execution logs
[2024-06-20T08:38:11.860+0000] {taskinstance.py:2076} INFO - Dependencies all met for dep_context=non-requeueable deps ti=<TaskInstance: f1_data_pipeline_kafka_consumeAndLoad.wait_for_publish_dag scheduled__2024-06-19T00:00:00+00:00 [queued]>
[2024-06-20T08:38:11.866+0000] {taskinstance.py:2076} INFO - Dependencies all met for dep_context=requeueable deps ti=<TaskInstance: f1_data_pipeline_kafka_consumeAndLoad.wait_for_publish_dag scheduled__2024-06-19T00:00:00+00:00 [queued]>
[2024-06-20T08:38:11.866+0000] {taskinstance.py:2306} INFO - Starting attempt 1 of 1
[2024-06-20T08:38:11.876+0000] {taskinstance.py:2330} INFO - Executing <Task(ExternalTaskSensor): wait_for_publish_dag> on 2024-06-19 00:00:00+00:00
[2024-06-20T08:38:11.881+0000] {warnings.py:110} WARNING - /home/***/.local/lib/python3.12/site-packages/***/task/task_runner/standard_task_runner.py:61: DeprecationWarning: This process (pid=101) is multi-threaded, use of fork() may lead to deadlocks in the child.
  pid = os.fork()

[2024-06-20T08:38:11.882+0000] {standard_task_runner.py:63} INFO - Started process 106 to run task
[2024-06-20T08:38:11.882+0000] {standard_task_runner.py:90} INFO - Running: ['***', 'tasks', 'run', 'f1_data_pipeline_kafka_consumeAndLoad', 'wait_for_publish_dag', 'scheduled__2024-06-19T00:00:00+00:00', '--job-id', '4', '--raw', '--subdir', 'DAGS_FOLDER/ergast_kafka_consume_and_load.py', '--cfg-path', '/tmp/tmp5pj__kd4']
[2024-06-20T08:38:11.884+0000] {standard_task_runner.py:91} INFO - Job 4: Subtask wait_for_publish_dag
[2024-06-20T08:38:11.923+0000] {task_command.py:426} INFO - Running <TaskInstance: f1_data_pipeline_kafka_consumeAndLoad.wait_for_publish_dag scheduled__2024-06-19T00:00:00+00:00 [running]> on host c74b9f5f384d
[2024-06-20T08:38:11.982+0000] {taskinstance.py:2648} INFO - Exporting env vars: AIRFLOW_CTX_DAG_OWNER='***' AIRFLOW_CTX_DAG_ID='f1_data_pipeline_kafka_consumeAndLoad' AIRFLOW_CTX_TASK_ID='wait_for_publish_dag' AIRFLOW_CTX_EXECUTION_DATE='2024-06-19T00:00:00+00:00' AIRFLOW_CTX_TRY_NUMBER='1' AIRFLOW_CTX_DAG_RUN_ID='scheduled__2024-06-19T00:00:00+00:00'
[2024-06-20T08:38:11.983+0000] {taskinstance.py:430} INFO - ::endgroup::
[2024-06-20T08:38:11.983+0000] {baseoperator.py:399} WARNING - ExternalTaskSensor.execute cannot be called outside TaskInstance!
[2024-06-20T08:38:11.983+0000] {external_task.py:258} INFO - Poking for tasks ['fetch_and_publish_laps'] in dag f1_data_pipeline_kafka_fetchAndPublish on 2024-06-19T00:00:00+00:00 ... 
[2024-06-20T08:38:11.984+0000] {warnings.py:110} WARNING - /home/***/.local/lib/python3.12/site-packages/***/utils/session.py:79: DeprecationWarning: This method is deprecated and will be removed in future.
  return func(*args, session=session, **kwargs)

[2024-06-20T08:38:41.992+0000] {external_task.py:258} INFO - Poking for tasks ['fetch_and_publish_laps'] in dag f1_data_pipeline_kafka_fetchAndPublish on 2024-06-19T00:00:00+00:00 ... 
[2024-06-20T08:39:12.014+0000] {external_task.py:258} INFO - Poking for tasks ['fetch_and_publish_laps'] in dag f1_data_pipeline_kafka_fetchAndPublish on 2024-06-19T00:00:00+00:00 ... 
[2024-06-20T08:39:42.025+0000] {external_task.py:258} INFO - Poking for tasks ['fetch_and_publish_laps'] in dag f1_data_pipeline_kafka_fetchAndPublish on 2024-06-19T00:00:00+00:00 ... 
[2024-06-20T08:40:12.035+0000] {external_task.py:258} INFO - Poking for tasks ['fetch_and_publish_laps'] in dag f1_data_pipeline_kafka_fetchAndPublish on 2024-06-19T00:00:00+00:00 ... 
[2024-06-20T08:40:42.046+0000] {external_task.py:258} INFO - Poking for tasks ['fetch_and_publish_laps'] in dag f1_data_pipeline_kafka_fetchAndPublish on 2024-06-19T00:00:00+00:00 ... 
[2024-06-20T08:41:12.057+0000] {external_task.py:258} INFO - Poking for tasks ['fetch_and_publish_laps'] in dag f1_data_pipeline_kafka_fetchAndPublish on 2024-06-19T00:00:00+00:00 ... 
[2024-06-20T08:41:42.068+0000] {external_task.py:258} INFO - Poking for tasks ['fetch_and_publish_laps'] in dag f1_data_pipeline_kafka_fetchAndPublish on 2024-06-19T00:00:00+00:00 ... 
[2024-06-20T08:42:12.076+0000] {external_task.py:258} INFO - Poking for tasks ['fetch_and_publish_laps'] in dag f1_data_pipeline_kafka_fetchAndPublish on 2024-06-19T00:00:00+00:00 ... 
[2024-06-20T08:42:12.083+0000] {base.py:294} INFO - Success criteria met. Exiting.
[2024-06-20T08:42:12.083+0000] {taskinstance.py:441} INFO - ::group::Post task execution logs
[2024-06-20T08:42:12.092+0000] {taskinstance.py:1206} INFO - Marking task as SUCCESS. dag_id=f1_data_pipeline_kafka_consumeAndLoad, task_id=wait_for_publish_dag, run_id=scheduled__2024-06-19T00:00:00+00:00, execution_date=20240619T000000, start_date=20240620T083811, end_date=20240620T084212
[2024-06-20T08:42:12.111+0000] {local_task_job_runner.py:240} INFO - Task exited with return code 0
[2024-06-20T08:42:12.138+0000] {taskinstance.py:3498} INFO - 4 downstream tasks scheduled from follow-on schedule check
[2024-06-20T08:42:12.140+0000] {local_task_job_runner.py:222} INFO - ::endgroup::
