[2024-06-12T10:40:31.834+0000] {local_task_job_runner.py:120} INFO - ::group::Pre task execution logs
[2024-06-12T10:40:31.852+0000] {taskinstance.py:2076} INFO - Dependencies all met for dep_context=non-requeueable deps ti=<TaskInstance: f1_data_pipeline_taskflow.driverDim_transform scheduled__2024-06-11T00:00:00+00:00 [queued]>
[2024-06-12T10:40:31.859+0000] {taskinstance.py:2076} INFO - Dependencies all met for dep_context=requeueable deps ti=<TaskInstance: f1_data_pipeline_taskflow.driverDim_transform scheduled__2024-06-11T00:00:00+00:00 [queued]>
[2024-06-12T10:40:31.859+0000] {taskinstance.py:2306} INFO - Starting attempt 1 of 1
[2024-06-12T10:40:31.869+0000] {taskinstance.py:2330} INFO - Executing <Task(_PythonDecoratedOperator): driverDim_transform> on 2024-06-11 00:00:00+00:00
[2024-06-12T10:40:31.875+0000] {warnings.py:110} WARNING - /home/***/.local/lib/python3.12/site-packages/***/task/task_runner/standard_task_runner.py:61: DeprecationWarning: This process (pid=466) is multi-threaded, use of fork() may lead to deadlocks in the child.
  pid = os.fork()

[2024-06-12T10:40:31.876+0000] {standard_task_runner.py:63} INFO - Started process 484 to run task
[2024-06-12T10:40:31.876+0000] {standard_task_runner.py:90} INFO - Running: ['***', 'tasks', 'run', 'f1_data_pipeline_taskflow', 'driverDim_transform', 'scheduled__2024-06-11T00:00:00+00:00', '--job-id', '14', '--raw', '--subdir', 'DAGS_FOLDER/etl_dag.py', '--cfg-path', '/tmp/tmp8m6w3b03']
[2024-06-12T10:40:31.878+0000] {standard_task_runner.py:91} INFO - Job 14: Subtask driverDim_transform
[2024-06-12T10:40:31.920+0000] {task_command.py:426} INFO - Running <TaskInstance: f1_data_pipeline_taskflow.driverDim_transform scheduled__2024-06-11T00:00:00+00:00 [running]> on host 52285cb34a44
[2024-06-12T10:40:34.331+0000] {taskinstance.py:2648} INFO - Exporting env vars: AIRFLOW_CTX_DAG_OWNER='***' AIRFLOW_CTX_DAG_ID='f1_data_pipeline_taskflow' AIRFLOW_CTX_TASK_ID='driverDim_transform' AIRFLOW_CTX_EXECUTION_DATE='2024-06-11T00:00:00+00:00' AIRFLOW_CTX_TRY_NUMBER='1' AIRFLOW_CTX_DAG_RUN_ID='scheduled__2024-06-11T00:00:00+00:00'
[2024-06-12T10:40:34.333+0000] {taskinstance.py:430} INFO - ::endgroup::
[2024-06-12T10:40:34.422+0000] {python.py:237} INFO - Done. Returned value was:         driverId  ...                                                url
0             18  ...         http://en.wikipedia.org/wiki/Jenson_Button
116            1  ...        http://en.wikipedia.org/wiki/Lewis_Hamilton
3566         815  ...     http://en.wikipedia.org/wiki/Sergio_P%C3%A9rez
7366         825  ...       http://en.wikipedia.org/wiki/Kevin_Magnussen
10801          4  ...       http://en.wikipedia.org/wiki/Fernando_Alonso
...          ...  ...                                                ...
297735       834  ...  http://en.wikipedia.org/wiki/Alexander_Rossi_%...
346416       829  ...          http://en.wikipedia.org/wiki/Will_Stevens
441722        39  ...    http://en.wikipedia.org/wiki/Narain_Karthikeyan
442485       833  ...         http://en.wikipedia.org/wiki/Roberto_Merhi
442957       837  ...          http://en.wikipedia.org/wiki/Rio_Haryanto

[65 rows x 9 columns]
[2024-06-12T10:40:34.434+0000] {taskinstance.py:441} INFO - ::group::Post task execution logs
[2024-06-12T10:40:34.475+0000] {taskinstance.py:1206} INFO - Marking task as SUCCESS. dag_id=f1_data_pipeline_taskflow, task_id=driverDim_transform, run_id=scheduled__2024-06-11T00:00:00+00:00, execution_date=20240611T000000, start_date=20240612T104031, end_date=20240612T104034
[2024-06-12T10:40:34.575+0000] {local_task_job_runner.py:240} INFO - Task exited with return code 0
[2024-06-12T10:40:34.589+0000] {local_task_job_runner.py:222} INFO - ::endgroup::
[2024-06-12T11:05:02.990+0000] {local_task_job_runner.py:120} INFO - ::group::Pre task execution logs
[2024-06-12T11:05:03.009+0000] {taskinstance.py:2076} INFO - Dependencies all met for dep_context=non-requeueable deps ti=<TaskInstance: f1_data_pipeline_taskflow.driverDim_transform scheduled__2024-06-11T00:00:00+00:00 [queued]>
[2024-06-12T11:05:03.016+0000] {taskinstance.py:2076} INFO - Dependencies all met for dep_context=requeueable deps ti=<TaskInstance: f1_data_pipeline_taskflow.driverDim_transform scheduled__2024-06-11T00:00:00+00:00 [queued]>
[2024-06-12T11:05:03.017+0000] {taskinstance.py:2306} INFO - Starting attempt 1 of 1
[2024-06-12T11:05:03.028+0000] {taskinstance.py:2330} INFO - Executing <Task(_PythonDecoratedOperator): driverDim_transform> on 2024-06-11 00:00:00+00:00
[2024-06-12T11:05:03.034+0000] {warnings.py:110} WARNING - /home/***/.local/lib/python3.12/site-packages/***/task/task_runner/standard_task_runner.py:61: DeprecationWarning: This process (pid=181) is multi-threaded, use of fork() may lead to deadlocks in the child.
  pid = os.fork()

[2024-06-12T11:05:03.036+0000] {standard_task_runner.py:63} INFO - Started process 201 to run task
[2024-06-12T11:05:03.036+0000] {standard_task_runner.py:90} INFO - Running: ['***', 'tasks', 'run', 'f1_data_pipeline_taskflow', 'driverDim_transform', 'scheduled__2024-06-11T00:00:00+00:00', '--job-id', '12', '--raw', '--subdir', 'DAGS_FOLDER/etl_dag.py', '--cfg-path', '/tmp/tmp2rsuzry2']
[2024-06-12T11:05:03.037+0000] {standard_task_runner.py:91} INFO - Job 12: Subtask driverDim_transform
[2024-06-12T11:05:03.093+0000] {task_command.py:426} INFO - Running <TaskInstance: f1_data_pipeline_taskflow.driverDim_transform scheduled__2024-06-11T00:00:00+00:00 [running]> on host a8d8326d12bd
[2024-06-12T11:05:05.675+0000] {taskinstance.py:2648} INFO - Exporting env vars: AIRFLOW_CTX_DAG_OWNER='***' AIRFLOW_CTX_DAG_ID='f1_data_pipeline_taskflow' AIRFLOW_CTX_TASK_ID='driverDim_transform' AIRFLOW_CTX_EXECUTION_DATE='2024-06-11T00:00:00+00:00' AIRFLOW_CTX_TRY_NUMBER='1' AIRFLOW_CTX_DAG_RUN_ID='scheduled__2024-06-11T00:00:00+00:00'
[2024-06-12T11:05:05.698+0000] {taskinstance.py:430} INFO - ::endgroup::
[2024-06-12T11:05:05.799+0000] {python.py:237} INFO - Done. Returned value was:         driverId  ...                                                url
0             18  ...         http://en.wikipedia.org/wiki/Jenson_Button
116            1  ...        http://en.wikipedia.org/wiki/Lewis_Hamilton
3566         815  ...     http://en.wikipedia.org/wiki/Sergio_P%C3%A9rez
7366         825  ...       http://en.wikipedia.org/wiki/Kevin_Magnussen
10801          4  ...       http://en.wikipedia.org/wiki/Fernando_Alonso
...          ...  ...                                                ...
297735       834  ...  http://en.wikipedia.org/wiki/Alexander_Rossi_%...
346416       829  ...          http://en.wikipedia.org/wiki/Will_Stevens
441722        39  ...    http://en.wikipedia.org/wiki/Narain_Karthikeyan
442485       833  ...         http://en.wikipedia.org/wiki/Roberto_Merhi
442957       837  ...          http://en.wikipedia.org/wiki/Rio_Haryanto

[65 rows x 9 columns]
[2024-06-12T11:05:05.812+0000] {taskinstance.py:441} INFO - ::group::Post task execution logs
[2024-06-12T11:05:05.849+0000] {taskinstance.py:1206} INFO - Marking task as SUCCESS. dag_id=f1_data_pipeline_taskflow, task_id=driverDim_transform, run_id=scheduled__2024-06-11T00:00:00+00:00, execution_date=20240611T000000, start_date=20240612T110503, end_date=20240612T110505
[2024-06-12T11:05:05.919+0000] {local_task_job_runner.py:240} INFO - Task exited with return code 0
[2024-06-12T11:05:06.081+0000] {local_task_job_runner.py:222} INFO - ::endgroup::
[2024-06-12T11:17:57.721+0000] {local_task_job_runner.py:120} INFO - ::group::Pre task execution logs
[2024-06-12T11:17:57.740+0000] {taskinstance.py:2076} INFO - Dependencies all met for dep_context=non-requeueable deps ti=<TaskInstance: f1_data_pipeline_taskflow.driverDim_transform scheduled__2024-06-11T00:00:00+00:00 [queued]>
[2024-06-12T11:17:57.748+0000] {taskinstance.py:2076} INFO - Dependencies all met for dep_context=requeueable deps ti=<TaskInstance: f1_data_pipeline_taskflow.driverDim_transform scheduled__2024-06-11T00:00:00+00:00 [queued]>
[2024-06-12T11:17:57.748+0000] {taskinstance.py:2306} INFO - Starting attempt 1 of 1
[2024-06-12T11:17:57.757+0000] {taskinstance.py:2330} INFO - Executing <Task(_PythonDecoratedOperator): driverDim_transform> on 2024-06-11 00:00:00+00:00
[2024-06-12T11:17:57.764+0000] {warnings.py:110} WARNING - /home/***/.local/lib/python3.12/site-packages/***/task/task_runner/standard_task_runner.py:61: DeprecationWarning: This process (pid=91) is multi-threaded, use of fork() may lead to deadlocks in the child.
  pid = os.fork()

[2024-06-12T11:17:57.766+0000] {standard_task_runner.py:63} INFO - Started process 106 to run task
[2024-06-12T11:17:57.766+0000] {standard_task_runner.py:90} INFO - Running: ['***', 'tasks', 'run', 'f1_data_pipeline_taskflow', 'driverDim_transform', 'scheduled__2024-06-11T00:00:00+00:00', '--job-id', '7', '--raw', '--subdir', 'DAGS_FOLDER/etl_dag.py', '--cfg-path', '/tmp/tmpez4_lzxw']
[2024-06-12T11:17:57.767+0000] {standard_task_runner.py:91} INFO - Job 7: Subtask driverDim_transform
[2024-06-12T11:17:57.808+0000] {task_command.py:426} INFO - Running <TaskInstance: f1_data_pipeline_taskflow.driverDim_transform scheduled__2024-06-11T00:00:00+00:00 [running]> on host e07cec2adf81
[2024-06-12T11:17:59.929+0000] {taskinstance.py:2648} INFO - Exporting env vars: AIRFLOW_CTX_DAG_OWNER='***' AIRFLOW_CTX_DAG_ID='f1_data_pipeline_taskflow' AIRFLOW_CTX_TASK_ID='driverDim_transform' AIRFLOW_CTX_EXECUTION_DATE='2024-06-11T00:00:00+00:00' AIRFLOW_CTX_TRY_NUMBER='1' AIRFLOW_CTX_DAG_RUN_ID='scheduled__2024-06-11T00:00:00+00:00'
[2024-06-12T11:17:59.931+0000] {taskinstance.py:430} INFO - ::endgroup::
[2024-06-12T11:18:00.000+0000] {python.py:237} INFO - Done. Returned value was:         driverId  ...                                                url
0             18  ...         http://en.wikipedia.org/wiki/Jenson_Button
116            1  ...        http://en.wikipedia.org/wiki/Lewis_Hamilton
3566         815  ...     http://en.wikipedia.org/wiki/Sergio_P%C3%A9rez
7366         825  ...       http://en.wikipedia.org/wiki/Kevin_Magnussen
10801          4  ...       http://en.wikipedia.org/wiki/Fernando_Alonso
...          ...  ...                                                ...
297735       834  ...  http://en.wikipedia.org/wiki/Alexander_Rossi_%...
346416       829  ...          http://en.wikipedia.org/wiki/Will_Stevens
441722        39  ...    http://en.wikipedia.org/wiki/Narain_Karthikeyan
442485       833  ...         http://en.wikipedia.org/wiki/Roberto_Merhi
442957       837  ...          http://en.wikipedia.org/wiki/Rio_Haryanto

[65 rows x 9 columns]
[2024-06-12T11:18:00.017+0000] {taskinstance.py:441} INFO - ::group::Post task execution logs
[2024-06-12T11:18:00.093+0000] {taskinstance.py:1206} INFO - Marking task as SUCCESS. dag_id=f1_data_pipeline_taskflow, task_id=driverDim_transform, run_id=scheduled__2024-06-11T00:00:00+00:00, execution_date=20240611T000000, start_date=20240612T111757, end_date=20240612T111800
[2024-06-12T11:18:00.165+0000] {local_task_job_runner.py:240} INFO - Task exited with return code 0
[2024-06-12T11:18:00.201+0000] {taskinstance.py:3498} INFO - 1 downstream tasks scheduled from follow-on schedule check
[2024-06-12T11:18:00.203+0000] {local_task_job_runner.py:222} INFO - ::endgroup::
[2024-06-12T11:33:54.880+0000] {local_task_job_runner.py:120} INFO - ::group::Pre task execution logs
[2024-06-12T11:33:54.902+0000] {taskinstance.py:2076} INFO - Dependencies all met for dep_context=non-requeueable deps ti=<TaskInstance: f1_data_pipeline_taskflow.driverDim_transform scheduled__2024-06-11T00:00:00+00:00 [queued]>
[2024-06-12T11:33:54.912+0000] {taskinstance.py:2076} INFO - Dependencies all met for dep_context=requeueable deps ti=<TaskInstance: f1_data_pipeline_taskflow.driverDim_transform scheduled__2024-06-11T00:00:00+00:00 [queued]>
[2024-06-12T11:33:54.913+0000] {taskinstance.py:2306} INFO - Starting attempt 1 of 1
[2024-06-12T11:33:54.924+0000] {taskinstance.py:2330} INFO - Executing <Task(_PythonDecoratedOperator): driverDim_transform> on 2024-06-11 00:00:00+00:00
[2024-06-12T11:33:54.930+0000] {warnings.py:110} WARNING - /home/***/.local/lib/python3.12/site-packages/***/task/task_runner/standard_task_runner.py:61: DeprecationWarning: This process (pid=259) is multi-threaded, use of fork() may lead to deadlocks in the child.
  pid = os.fork()

[2024-06-12T11:33:54.931+0000] {standard_task_runner.py:63} INFO - Started process 276 to run task
[2024-06-12T11:33:54.932+0000] {standard_task_runner.py:90} INFO - Running: ['***', 'tasks', 'run', 'f1_data_pipeline_taskflow', 'driverDim_transform', 'scheduled__2024-06-11T00:00:00+00:00', '--job-id', '22', '--raw', '--subdir', 'DAGS_FOLDER/etl_dag.py', '--cfg-path', '/tmp/tmp2jjikouz']
[2024-06-12T11:33:54.934+0000] {standard_task_runner.py:91} INFO - Job 22: Subtask driverDim_transform
[2024-06-12T11:33:54.981+0000] {task_command.py:426} INFO - Running <TaskInstance: f1_data_pipeline_taskflow.driverDim_transform scheduled__2024-06-11T00:00:00+00:00 [running]> on host 16e46b42a87a
[2024-06-12T11:33:58.179+0000] {taskinstance.py:2648} INFO - Exporting env vars: AIRFLOW_CTX_DAG_OWNER='***' AIRFLOW_CTX_DAG_ID='f1_data_pipeline_taskflow' AIRFLOW_CTX_TASK_ID='driverDim_transform' AIRFLOW_CTX_EXECUTION_DATE='2024-06-11T00:00:00+00:00' AIRFLOW_CTX_TRY_NUMBER='1' AIRFLOW_CTX_DAG_RUN_ID='scheduled__2024-06-11T00:00:00+00:00'
[2024-06-12T11:33:58.200+0000] {taskinstance.py:430} INFO - ::endgroup::
[2024-06-12T11:33:58.334+0000] {python.py:237} INFO - Done. Returned value was:         driverId  ...                                                url
0             18  ...         http://en.wikipedia.org/wiki/Jenson_Button
116            1  ...        http://en.wikipedia.org/wiki/Lewis_Hamilton
3566         815  ...     http://en.wikipedia.org/wiki/Sergio_P%C3%A9rez
7366         825  ...       http://en.wikipedia.org/wiki/Kevin_Magnussen
10801          4  ...       http://en.wikipedia.org/wiki/Fernando_Alonso
...          ...  ...                                                ...
297735       834  ...  http://en.wikipedia.org/wiki/Alexander_Rossi_%...
346416       829  ...          http://en.wikipedia.org/wiki/Will_Stevens
441722        39  ...    http://en.wikipedia.org/wiki/Narain_Karthikeyan
442485       833  ...         http://en.wikipedia.org/wiki/Roberto_Merhi
442957       837  ...          http://en.wikipedia.org/wiki/Rio_Haryanto

[65 rows x 9 columns]
[2024-06-12T11:33:58.351+0000] {taskinstance.py:441} INFO - ::group::Post task execution logs
[2024-06-12T11:33:58.385+0000] {taskinstance.py:1206} INFO - Marking task as SUCCESS. dag_id=f1_data_pipeline_taskflow, task_id=driverDim_transform, run_id=scheduled__2024-06-11T00:00:00+00:00, execution_date=20240611T000000, start_date=20240612T113354, end_date=20240612T113358
[2024-06-12T11:33:58.435+0000] {local_task_job_runner.py:240} INFO - Task exited with return code 0
[2024-06-12T11:33:58.568+0000] {local_task_job_runner.py:222} INFO - ::endgroup::
[2024-06-12T11:38:00.345+0000] {local_task_job_runner.py:120} INFO - ::group::Pre task execution logs
[2024-06-12T11:38:00.366+0000] {taskinstance.py:2076} INFO - Dependencies all met for dep_context=non-requeueable deps ti=<TaskInstance: f1_data_pipeline_taskflow.driverDim_transform scheduled__2024-06-11T00:00:00+00:00 [queued]>
[2024-06-12T11:38:00.374+0000] {taskinstance.py:2076} INFO - Dependencies all met for dep_context=requeueable deps ti=<TaskInstance: f1_data_pipeline_taskflow.driverDim_transform scheduled__2024-06-11T00:00:00+00:00 [queued]>
[2024-06-12T11:38:00.374+0000] {taskinstance.py:2306} INFO - Starting attempt 1 of 1
[2024-06-12T11:38:00.386+0000] {taskinstance.py:2330} INFO - Executing <Task(_PythonDecoratedOperator): driverDim_transform> on 2024-06-11 00:00:00+00:00
[2024-06-12T11:38:00.393+0000] {warnings.py:110} WARNING - /home/***/.local/lib/python3.12/site-packages/***/task/task_runner/standard_task_runner.py:61: DeprecationWarning: This process (pid=94) is multi-threaded, use of fork() may lead to deadlocks in the child.
  pid = os.fork()

[2024-06-12T11:38:00.394+0000] {standard_task_runner.py:63} INFO - Started process 111 to run task
[2024-06-12T11:38:00.394+0000] {standard_task_runner.py:90} INFO - Running: ['***', 'tasks', 'run', 'f1_data_pipeline_taskflow', 'driverDim_transform', 'scheduled__2024-06-11T00:00:00+00:00', '--job-id', '12', '--raw', '--subdir', 'DAGS_FOLDER/etl_dag.py', '--cfg-path', '/tmp/tmplnbt57qj']
[2024-06-12T11:38:00.396+0000] {standard_task_runner.py:91} INFO - Job 12: Subtask driverDim_transform
[2024-06-12T11:38:00.446+0000] {task_command.py:426} INFO - Running <TaskInstance: f1_data_pipeline_taskflow.driverDim_transform scheduled__2024-06-11T00:00:00+00:00 [running]> on host 33197dc676ae
[2024-06-12T11:38:02.542+0000] {taskinstance.py:2648} INFO - Exporting env vars: AIRFLOW_CTX_DAG_OWNER='***' AIRFLOW_CTX_DAG_ID='f1_data_pipeline_taskflow' AIRFLOW_CTX_TASK_ID='driverDim_transform' AIRFLOW_CTX_EXECUTION_DATE='2024-06-11T00:00:00+00:00' AIRFLOW_CTX_TRY_NUMBER='1' AIRFLOW_CTX_DAG_RUN_ID='scheduled__2024-06-11T00:00:00+00:00'
[2024-06-12T11:38:02.546+0000] {taskinstance.py:430} INFO - ::endgroup::
[2024-06-12T11:38:02.621+0000] {python.py:237} INFO - Done. Returned value was:         driverId  ...                                                url
0             18  ...         http://en.wikipedia.org/wiki/Jenson_Button
116            1  ...        http://en.wikipedia.org/wiki/Lewis_Hamilton
3566         815  ...     http://en.wikipedia.org/wiki/Sergio_P%C3%A9rez
7366         825  ...       http://en.wikipedia.org/wiki/Kevin_Magnussen
10801          4  ...       http://en.wikipedia.org/wiki/Fernando_Alonso
...          ...  ...                                                ...
297735       834  ...  http://en.wikipedia.org/wiki/Alexander_Rossi_%...
346416       829  ...          http://en.wikipedia.org/wiki/Will_Stevens
441722        39  ...    http://en.wikipedia.org/wiki/Narain_Karthikeyan
442485       833  ...         http://en.wikipedia.org/wiki/Roberto_Merhi
442957       837  ...          http://en.wikipedia.org/wiki/Rio_Haryanto

[65 rows x 9 columns]
[2024-06-12T11:38:02.634+0000] {taskinstance.py:441} INFO - ::group::Post task execution logs
[2024-06-12T11:38:02.669+0000] {taskinstance.py:1206} INFO - Marking task as SUCCESS. dag_id=f1_data_pipeline_taskflow, task_id=driverDim_transform, run_id=scheduled__2024-06-11T00:00:00+00:00, execution_date=20240611T000000, start_date=20240612T113800, end_date=20240612T113802
[2024-06-12T11:38:02.755+0000] {local_task_job_runner.py:240} INFO - Task exited with return code 0
[2024-06-12T11:38:02.765+0000] {local_task_job_runner.py:222} INFO - ::endgroup::
[2024-06-12T11:55:59.238+0000] {local_task_job_runner.py:120} INFO - ::group::Pre task execution logs
[2024-06-12T11:55:59.259+0000] {taskinstance.py:2076} INFO - Dependencies all met for dep_context=non-requeueable deps ti=<TaskInstance: f1_data_pipeline_taskflow.driverDim_transform scheduled__2024-06-11T00:00:00+00:00 [queued]>
[2024-06-12T11:55:59.267+0000] {taskinstance.py:2076} INFO - Dependencies all met for dep_context=requeueable deps ti=<TaskInstance: f1_data_pipeline_taskflow.driverDim_transform scheduled__2024-06-11T00:00:00+00:00 [queued]>
[2024-06-12T11:55:59.267+0000] {taskinstance.py:2306} INFO - Starting attempt 1 of 1
[2024-06-12T11:55:59.281+0000] {taskinstance.py:2330} INFO - Executing <Task(_PythonDecoratedOperator): driverDim_transform> on 2024-06-11 00:00:00+00:00
[2024-06-12T11:55:59.287+0000] {warnings.py:110} WARNING - /home/***/.local/lib/python3.12/site-packages/***/task/task_runner/standard_task_runner.py:61: DeprecationWarning: This process (pid=94) is multi-threaded, use of fork() may lead to deadlocks in the child.
  pid = os.fork()

[2024-06-12T11:55:59.288+0000] {standard_task_runner.py:63} INFO - Started process 111 to run task
[2024-06-12T11:55:59.289+0000] {standard_task_runner.py:90} INFO - Running: ['***', 'tasks', 'run', 'f1_data_pipeline_taskflow', 'driverDim_transform', 'scheduled__2024-06-11T00:00:00+00:00', '--job-id', '13', '--raw', '--subdir', 'DAGS_FOLDER/etl_dag.py', '--cfg-path', '/tmp/tmp_udnegsm']
[2024-06-12T11:55:59.291+0000] {standard_task_runner.py:91} INFO - Job 13: Subtask driverDim_transform
[2024-06-12T11:55:59.337+0000] {task_command.py:426} INFO - Running <TaskInstance: f1_data_pipeline_taskflow.driverDim_transform scheduled__2024-06-11T00:00:00+00:00 [running]> on host e699387b7fc9
[2024-06-12T11:56:01.552+0000] {taskinstance.py:2648} INFO - Exporting env vars: AIRFLOW_CTX_DAG_OWNER='***' AIRFLOW_CTX_DAG_ID='f1_data_pipeline_taskflow' AIRFLOW_CTX_TASK_ID='driverDim_transform' AIRFLOW_CTX_EXECUTION_DATE='2024-06-11T00:00:00+00:00' AIRFLOW_CTX_TRY_NUMBER='1' AIRFLOW_CTX_DAG_RUN_ID='scheduled__2024-06-11T00:00:00+00:00'
[2024-06-12T11:56:01.553+0000] {taskinstance.py:430} INFO - ::endgroup::
[2024-06-12T11:56:01.623+0000] {python.py:237} INFO - Done. Returned value was:         driverId  ...                                                url
0             18  ...         http://en.wikipedia.org/wiki/Jenson_Button
116            1  ...        http://en.wikipedia.org/wiki/Lewis_Hamilton
3566         815  ...     http://en.wikipedia.org/wiki/Sergio_P%C3%A9rez
7366         825  ...       http://en.wikipedia.org/wiki/Kevin_Magnussen
10801          4  ...       http://en.wikipedia.org/wiki/Fernando_Alonso
...          ...  ...                                                ...
297735       834  ...  http://en.wikipedia.org/wiki/Alexander_Rossi_%...
346416       829  ...          http://en.wikipedia.org/wiki/Will_Stevens
441722        39  ...    http://en.wikipedia.org/wiki/Narain_Karthikeyan
442485       833  ...         http://en.wikipedia.org/wiki/Roberto_Merhi
442957       837  ...          http://en.wikipedia.org/wiki/Rio_Haryanto

[65 rows x 9 columns]
[2024-06-12T11:56:01.636+0000] {taskinstance.py:441} INFO - ::group::Post task execution logs
[2024-06-12T11:56:01.660+0000] {taskinstance.py:1206} INFO - Marking task as SUCCESS. dag_id=f1_data_pipeline_taskflow, task_id=driverDim_transform, run_id=scheduled__2024-06-11T00:00:00+00:00, execution_date=20240611T000000, start_date=20240612T115559, end_date=20240612T115601
[2024-06-12T11:56:01.729+0000] {local_task_job_runner.py:240} INFO - Task exited with return code 0
[2024-06-12T11:56:01.740+0000] {local_task_job_runner.py:222} INFO - ::endgroup::
[2024-06-12T12:08:22.227+0000] {local_task_job_runner.py:120} INFO - ::group::Pre task execution logs
[2024-06-12T12:08:22.249+0000] {taskinstance.py:2076} INFO - Dependencies all met for dep_context=non-requeueable deps ti=<TaskInstance: f1_data_pipeline_taskflow.driverDim_transform scheduled__2024-06-11T00:00:00+00:00 [queued]>
[2024-06-12T12:08:22.257+0000] {taskinstance.py:2076} INFO - Dependencies all met for dep_context=requeueable deps ti=<TaskInstance: f1_data_pipeline_taskflow.driverDim_transform scheduled__2024-06-11T00:00:00+00:00 [queued]>
[2024-06-12T12:08:22.258+0000] {taskinstance.py:2306} INFO - Starting attempt 1 of 1
[2024-06-12T12:08:22.270+0000] {taskinstance.py:2330} INFO - Executing <Task(_PythonDecoratedOperator): driverDim_transform> on 2024-06-11 00:00:00+00:00
[2024-06-12T12:08:22.276+0000] {warnings.py:110} WARNING - /home/***/.local/lib/python3.12/site-packages/***/task/task_runner/standard_task_runner.py:61: DeprecationWarning: This process (pid=144) is multi-threaded, use of fork() may lead to deadlocks in the child.
  pid = os.fork()

[2024-06-12T12:08:22.277+0000] {standard_task_runner.py:63} INFO - Started process 157 to run task
[2024-06-12T12:08:22.278+0000] {standard_task_runner.py:90} INFO - Running: ['***', 'tasks', 'run', 'f1_data_pipeline_taskflow', 'driverDim_transform', 'scheduled__2024-06-11T00:00:00+00:00', '--job-id', '6', '--raw', '--subdir', 'DAGS_FOLDER/etl_dag.py', '--cfg-path', '/tmp/tmpkctdy_7q']
[2024-06-12T12:08:22.280+0000] {standard_task_runner.py:91} INFO - Job 6: Subtask driverDim_transform
[2024-06-12T12:08:22.324+0000] {task_command.py:426} INFO - Running <TaskInstance: f1_data_pipeline_taskflow.driverDim_transform scheduled__2024-06-11T00:00:00+00:00 [running]> on host 7c9178d6b02a
[2024-06-12T12:08:24.505+0000] {taskinstance.py:2648} INFO - Exporting env vars: AIRFLOW_CTX_DAG_OWNER='***' AIRFLOW_CTX_DAG_ID='f1_data_pipeline_taskflow' AIRFLOW_CTX_TASK_ID='driverDim_transform' AIRFLOW_CTX_EXECUTION_DATE='2024-06-11T00:00:00+00:00' AIRFLOW_CTX_TRY_NUMBER='1' AIRFLOW_CTX_DAG_RUN_ID='scheduled__2024-06-11T00:00:00+00:00'
[2024-06-12T12:08:24.507+0000] {taskinstance.py:430} INFO - ::endgroup::
[2024-06-12T12:08:24.605+0000] {python.py:237} INFO - Done. Returned value was:         driverId  ...                                                url
0             18  ...         http://en.wikipedia.org/wiki/Jenson_Button
116            1  ...        http://en.wikipedia.org/wiki/Lewis_Hamilton
3566         815  ...     http://en.wikipedia.org/wiki/Sergio_P%C3%A9rez
7366         825  ...       http://en.wikipedia.org/wiki/Kevin_Magnussen
10801          4  ...       http://en.wikipedia.org/wiki/Fernando_Alonso
...          ...  ...                                                ...
297735       834  ...  http://en.wikipedia.org/wiki/Alexander_Rossi_%...
346416       829  ...          http://en.wikipedia.org/wiki/Will_Stevens
441722        39  ...    http://en.wikipedia.org/wiki/Narain_Karthikeyan
442485       833  ...         http://en.wikipedia.org/wiki/Roberto_Merhi
442957       837  ...          http://en.wikipedia.org/wiki/Rio_Haryanto

[65 rows x 9 columns]
[2024-06-12T12:08:24.625+0000] {taskinstance.py:441} INFO - ::group::Post task execution logs
[2024-06-12T12:08:24.716+0000] {taskinstance.py:1206} INFO - Marking task as SUCCESS. dag_id=f1_data_pipeline_taskflow, task_id=driverDim_transform, run_id=scheduled__2024-06-11T00:00:00+00:00, execution_date=20240611T000000, start_date=20240612T120822, end_date=20240612T120824
[2024-06-12T12:08:24.781+0000] {local_task_job_runner.py:240} INFO - Task exited with return code 0
[2024-06-12T12:08:25.022+0000] {taskinstance.py:3498} INFO - 1 downstream tasks scheduled from follow-on schedule check
[2024-06-12T12:08:25.027+0000] {local_task_job_runner.py:222} INFO - ::endgroup::
[2024-06-12T12:31:59.142+0000] {local_task_job_runner.py:120} INFO - ::group::Pre task execution logs
[2024-06-12T12:31:59.161+0000] {taskinstance.py:2076} INFO - Dependencies all met for dep_context=non-requeueable deps ti=<TaskInstance: f1_data_pipeline_taskflow.driverDim_transform scheduled__2024-06-11T00:00:00+00:00 [queued]>
[2024-06-12T12:31:59.169+0000] {taskinstance.py:2076} INFO - Dependencies all met for dep_context=requeueable deps ti=<TaskInstance: f1_data_pipeline_taskflow.driverDim_transform scheduled__2024-06-11T00:00:00+00:00 [queued]>
[2024-06-12T12:31:59.170+0000] {taskinstance.py:2306} INFO - Starting attempt 1 of 1
[2024-06-12T12:31:59.182+0000] {taskinstance.py:2330} INFO - Executing <Task(_PythonDecoratedOperator): driverDim_transform> on 2024-06-11 00:00:00+00:00
[2024-06-12T12:31:59.188+0000] {warnings.py:110} WARNING - /home/***/.local/lib/python3.12/site-packages/***/task/task_runner/standard_task_runner.py:61: DeprecationWarning: This process (pid=142) is multi-threaded, use of fork() may lead to deadlocks in the child.
  pid = os.fork()

[2024-06-12T12:31:59.189+0000] {standard_task_runner.py:63} INFO - Started process 160 to run task
[2024-06-12T12:31:59.189+0000] {standard_task_runner.py:90} INFO - Running: ['***', 'tasks', 'run', 'f1_data_pipeline_taskflow', 'driverDim_transform', 'scheduled__2024-06-11T00:00:00+00:00', '--job-id', '11', '--raw', '--subdir', 'DAGS_FOLDER/etl_dag.py', '--cfg-path', '/tmp/tmp91q5y3t4']
[2024-06-12T12:31:59.191+0000] {standard_task_runner.py:91} INFO - Job 11: Subtask driverDim_transform
[2024-06-12T12:31:59.236+0000] {task_command.py:426} INFO - Running <TaskInstance: f1_data_pipeline_taskflow.driverDim_transform scheduled__2024-06-11T00:00:00+00:00 [running]> on host 79a7d5bd11df
[2024-06-12T12:32:01.550+0000] {taskinstance.py:2648} INFO - Exporting env vars: AIRFLOW_CTX_DAG_OWNER='***' AIRFLOW_CTX_DAG_ID='f1_data_pipeline_taskflow' AIRFLOW_CTX_TASK_ID='driverDim_transform' AIRFLOW_CTX_EXECUTION_DATE='2024-06-11T00:00:00+00:00' AIRFLOW_CTX_TRY_NUMBER='1' AIRFLOW_CTX_DAG_RUN_ID='scheduled__2024-06-11T00:00:00+00:00'
[2024-06-12T12:32:01.552+0000] {taskinstance.py:430} INFO - ::endgroup::
[2024-06-12T12:32:01.612+0000] {python.py:237} INFO - Done. Returned value was:         driverId  ...                                                url
0             18  ...         http://en.wikipedia.org/wiki/Jenson_Button
116            1  ...        http://en.wikipedia.org/wiki/Lewis_Hamilton
3566         815  ...     http://en.wikipedia.org/wiki/Sergio_P%C3%A9rez
7366         825  ...       http://en.wikipedia.org/wiki/Kevin_Magnussen
10801          4  ...       http://en.wikipedia.org/wiki/Fernando_Alonso
...          ...  ...                                                ...
297735       834  ...  http://en.wikipedia.org/wiki/Alexander_Rossi_%...
346416       829  ...          http://en.wikipedia.org/wiki/Will_Stevens
441722        39  ...    http://en.wikipedia.org/wiki/Narain_Karthikeyan
442485       833  ...         http://en.wikipedia.org/wiki/Roberto_Merhi
442957       837  ...          http://en.wikipedia.org/wiki/Rio_Haryanto

[65 rows x 9 columns]
[2024-06-12T12:32:01.627+0000] {taskinstance.py:441} INFO - ::group::Post task execution logs
[2024-06-12T12:32:01.657+0000] {taskinstance.py:1206} INFO - Marking task as SUCCESS. dag_id=f1_data_pipeline_taskflow, task_id=driverDim_transform, run_id=scheduled__2024-06-11T00:00:00+00:00, execution_date=20240611T000000, start_date=20240612T123159, end_date=20240612T123201
[2024-06-12T12:32:01.730+0000] {local_task_job_runner.py:240} INFO - Task exited with return code 0
[2024-06-12T12:32:01.754+0000] {taskinstance.py:3498} INFO - 0 downstream tasks scheduled from follow-on schedule check
[2024-06-12T12:32:01.756+0000] {local_task_job_runner.py:222} INFO - ::endgroup::
[2024-06-12T12:56:48.473+0000] {local_task_job_runner.py:120} INFO - ::group::Pre task execution logs
[2024-06-12T12:56:48.492+0000] {taskinstance.py:2076} INFO - Dependencies all met for dep_context=non-requeueable deps ti=<TaskInstance: f1_data_pipeline_taskflow.driverDim_transform scheduled__2024-06-11T00:00:00+00:00 [queued]>
[2024-06-12T12:56:48.500+0000] {taskinstance.py:2076} INFO - Dependencies all met for dep_context=requeueable deps ti=<TaskInstance: f1_data_pipeline_taskflow.driverDim_transform scheduled__2024-06-11T00:00:00+00:00 [queued]>
[2024-06-12T12:56:48.500+0000] {taskinstance.py:2306} INFO - Starting attempt 1 of 1
[2024-06-12T12:56:48.510+0000] {taskinstance.py:2330} INFO - Executing <Task(_PythonDecoratedOperator): driverDim_transform> on 2024-06-11 00:00:00+00:00
[2024-06-12T12:56:48.515+0000] {warnings.py:110} WARNING - /home/***/.local/lib/python3.12/site-packages/***/task/task_runner/standard_task_runner.py:61: DeprecationWarning: This process (pid=120) is multi-threaded, use of fork() may lead to deadlocks in the child.
  pid = os.fork()

[2024-06-12T12:56:48.516+0000] {standard_task_runner.py:63} INFO - Started process 144 to run task
[2024-06-12T12:56:48.517+0000] {standard_task_runner.py:90} INFO - Running: ['***', 'tasks', 'run', 'f1_data_pipeline_taskflow', 'driverDim_transform', 'scheduled__2024-06-11T00:00:00+00:00', '--job-id', '10', '--raw', '--subdir', 'DAGS_FOLDER/etl_dag.py', '--cfg-path', '/tmp/tmpdxxl624j']
[2024-06-12T12:56:48.519+0000] {standard_task_runner.py:91} INFO - Job 10: Subtask driverDim_transform
[2024-06-12T12:56:48.569+0000] {task_command.py:426} INFO - Running <TaskInstance: f1_data_pipeline_taskflow.driverDim_transform scheduled__2024-06-11T00:00:00+00:00 [running]> on host ce972f89b6ce
[2024-06-12T12:56:50.753+0000] {taskinstance.py:2648} INFO - Exporting env vars: AIRFLOW_CTX_DAG_OWNER='***' AIRFLOW_CTX_DAG_ID='f1_data_pipeline_taskflow' AIRFLOW_CTX_TASK_ID='driverDim_transform' AIRFLOW_CTX_EXECUTION_DATE='2024-06-11T00:00:00+00:00' AIRFLOW_CTX_TRY_NUMBER='1' AIRFLOW_CTX_DAG_RUN_ID='scheduled__2024-06-11T00:00:00+00:00'
[2024-06-12T12:56:50.755+0000] {taskinstance.py:430} INFO - ::endgroup::
[2024-06-12T12:56:50.815+0000] {python.py:237} INFO - Done. Returned value was:         driverId  ...                                                url
0             18  ...         http://en.wikipedia.org/wiki/Jenson_Button
116            1  ...        http://en.wikipedia.org/wiki/Lewis_Hamilton
3566         815  ...     http://en.wikipedia.org/wiki/Sergio_P%C3%A9rez
7366         825  ...       http://en.wikipedia.org/wiki/Kevin_Magnussen
10801          4  ...       http://en.wikipedia.org/wiki/Fernando_Alonso
...          ...  ...                                                ...
297735       834  ...  http://en.wikipedia.org/wiki/Alexander_Rossi_%...
346416       829  ...          http://en.wikipedia.org/wiki/Will_Stevens
441722        39  ...    http://en.wikipedia.org/wiki/Narain_Karthikeyan
442485       833  ...         http://en.wikipedia.org/wiki/Roberto_Merhi
442957       837  ...          http://en.wikipedia.org/wiki/Rio_Haryanto

[65 rows x 9 columns]
[2024-06-12T12:56:50.827+0000] {taskinstance.py:441} INFO - ::group::Post task execution logs
[2024-06-12T12:56:50.862+0000] {taskinstance.py:1206} INFO - Marking task as SUCCESS. dag_id=f1_data_pipeline_taskflow, task_id=driverDim_transform, run_id=scheduled__2024-06-11T00:00:00+00:00, execution_date=20240611T000000, start_date=20240612T125648, end_date=20240612T125650
[2024-06-12T12:56:50.935+0000] {local_task_job_runner.py:240} INFO - Task exited with return code 0
[2024-06-12T12:56:50.965+0000] {taskinstance.py:3498} INFO - 1 downstream tasks scheduled from follow-on schedule check
[2024-06-12T12:56:50.967+0000] {local_task_job_runner.py:222} INFO - ::endgroup::
[2024-06-12T13:11:12.429+0000] {local_task_job_runner.py:120} INFO - ::group::Pre task execution logs
[2024-06-12T13:11:12.451+0000] {taskinstance.py:2076} INFO - Dependencies all met for dep_context=non-requeueable deps ti=<TaskInstance: f1_data_pipeline_taskflow.driverDim_transform scheduled__2024-06-11T00:00:00+00:00 [queued]>
[2024-06-12T13:11:12.458+0000] {taskinstance.py:2076} INFO - Dependencies all met for dep_context=requeueable deps ti=<TaskInstance: f1_data_pipeline_taskflow.driverDim_transform scheduled__2024-06-11T00:00:00+00:00 [queued]>
[2024-06-12T13:11:12.459+0000] {taskinstance.py:2306} INFO - Starting attempt 1 of 1
[2024-06-12T13:11:12.472+0000] {taskinstance.py:2330} INFO - Executing <Task(_PythonDecoratedOperator): driverDim_transform> on 2024-06-11 00:00:00+00:00
[2024-06-12T13:11:12.478+0000] {warnings.py:110} WARNING - /home/***/.local/lib/python3.12/site-packages/***/task/task_runner/standard_task_runner.py:61: DeprecationWarning: This process (pid=97) is multi-threaded, use of fork() may lead to deadlocks in the child.
  pid = os.fork()

[2024-06-12T13:11:12.480+0000] {standard_task_runner.py:63} INFO - Started process 118 to run task
[2024-06-12T13:11:12.480+0000] {standard_task_runner.py:90} INFO - Running: ['***', 'tasks', 'run', 'f1_data_pipeline_taskflow', 'driverDim_transform', 'scheduled__2024-06-11T00:00:00+00:00', '--job-id', '14', '--raw', '--subdir', 'DAGS_FOLDER/etl_dag.py', '--cfg-path', '/tmp/tmp82ktvgl5']
[2024-06-12T13:11:12.482+0000] {standard_task_runner.py:91} INFO - Job 14: Subtask driverDim_transform
[2024-06-12T13:11:12.531+0000] {task_command.py:426} INFO - Running <TaskInstance: f1_data_pipeline_taskflow.driverDim_transform scheduled__2024-06-11T00:00:00+00:00 [running]> on host 75496fb8ac8a
[2024-06-12T13:11:15.360+0000] {taskinstance.py:2648} INFO - Exporting env vars: AIRFLOW_CTX_DAG_OWNER='***' AIRFLOW_CTX_DAG_ID='f1_data_pipeline_taskflow' AIRFLOW_CTX_TASK_ID='driverDim_transform' AIRFLOW_CTX_EXECUTION_DATE='2024-06-11T00:00:00+00:00' AIRFLOW_CTX_TRY_NUMBER='1' AIRFLOW_CTX_DAG_RUN_ID='scheduled__2024-06-11T00:00:00+00:00'
[2024-06-12T13:11:15.384+0000] {taskinstance.py:430} INFO - ::endgroup::
[2024-06-12T13:11:15.525+0000] {python.py:237} INFO - Done. Returned value was:         driverId  ...                                                url
0             18  ...         http://en.wikipedia.org/wiki/Jenson_Button
116            1  ...        http://en.wikipedia.org/wiki/Lewis_Hamilton
3566         815  ...     http://en.wikipedia.org/wiki/Sergio_P%C3%A9rez
7366         825  ...       http://en.wikipedia.org/wiki/Kevin_Magnussen
10801          4  ...       http://en.wikipedia.org/wiki/Fernando_Alonso
...          ...  ...                                                ...
297735       834  ...  http://en.wikipedia.org/wiki/Alexander_Rossi_%...
346416       829  ...          http://en.wikipedia.org/wiki/Will_Stevens
441722        39  ...    http://en.wikipedia.org/wiki/Narain_Karthikeyan
442485       833  ...         http://en.wikipedia.org/wiki/Roberto_Merhi
442957       837  ...          http://en.wikipedia.org/wiki/Rio_Haryanto

[65 rows x 9 columns]
[2024-06-12T13:11:15.541+0000] {taskinstance.py:441} INFO - ::group::Post task execution logs
[2024-06-12T13:11:15.595+0000] {taskinstance.py:1206} INFO - Marking task as SUCCESS. dag_id=f1_data_pipeline_taskflow, task_id=driverDim_transform, run_id=scheduled__2024-06-11T00:00:00+00:00, execution_date=20240611T000000, start_date=20240612T131112, end_date=20240612T131115
[2024-06-12T13:11:15.661+0000] {local_task_job_runner.py:240} INFO - Task exited with return code 0
[2024-06-12T13:11:15.926+0000] {local_task_job_runner.py:222} INFO - ::endgroup::
[2024-06-12T13:24:11.365+0000] {local_task_job_runner.py:120} INFO - ::group::Pre task execution logs
[2024-06-12T13:24:11.386+0000] {taskinstance.py:2076} INFO - Dependencies all met for dep_context=non-requeueable deps ti=<TaskInstance: f1_data_pipeline_taskflow.driverDim_transform scheduled__2024-06-11T00:00:00+00:00 [queued]>
[2024-06-12T13:24:11.392+0000] {taskinstance.py:2076} INFO - Dependencies all met for dep_context=requeueable deps ti=<TaskInstance: f1_data_pipeline_taskflow.driverDim_transform scheduled__2024-06-11T00:00:00+00:00 [queued]>
[2024-06-12T13:24:11.392+0000] {taskinstance.py:2306} INFO - Starting attempt 1 of 1
[2024-06-12T13:24:11.402+0000] {taskinstance.py:2330} INFO - Executing <Task(_PythonDecoratedOperator): driverDim_transform> on 2024-06-11 00:00:00+00:00
[2024-06-12T13:24:11.408+0000] {warnings.py:110} WARNING - /home/***/.local/lib/python3.12/site-packages/***/task/task_runner/standard_task_runner.py:61: DeprecationWarning: This process (pid=103) is multi-threaded, use of fork() may lead to deadlocks in the child.
  pid = os.fork()

[2024-06-12T13:24:11.410+0000] {standard_task_runner.py:63} INFO - Started process 121 to run task
[2024-06-12T13:24:11.409+0000] {standard_task_runner.py:90} INFO - Running: ['***', 'tasks', 'run', 'f1_data_pipeline_taskflow', 'driverDim_transform', 'scheduled__2024-06-11T00:00:00+00:00', '--job-id', '9', '--raw', '--subdir', 'DAGS_FOLDER/etl_dag.py', '--cfg-path', '/tmp/tmpgjq121lo']
[2024-06-12T13:24:11.411+0000] {standard_task_runner.py:91} INFO - Job 9: Subtask driverDim_transform
[2024-06-12T13:24:11.457+0000] {task_command.py:426} INFO - Running <TaskInstance: f1_data_pipeline_taskflow.driverDim_transform scheduled__2024-06-11T00:00:00+00:00 [running]> on host 7ad193764747
[2024-06-12T13:24:13.588+0000] {taskinstance.py:2648} INFO - Exporting env vars: AIRFLOW_CTX_DAG_OWNER='***' AIRFLOW_CTX_DAG_ID='f1_data_pipeline_taskflow' AIRFLOW_CTX_TASK_ID='driverDim_transform' AIRFLOW_CTX_EXECUTION_DATE='2024-06-11T00:00:00+00:00' AIRFLOW_CTX_TRY_NUMBER='1' AIRFLOW_CTX_DAG_RUN_ID='scheduled__2024-06-11T00:00:00+00:00'
[2024-06-12T13:24:13.590+0000] {taskinstance.py:430} INFO - ::endgroup::
[2024-06-12T13:24:13.673+0000] {python.py:237} INFO - Done. Returned value was:         driverId  ...                                                url
0             18  ...         http://en.wikipedia.org/wiki/Jenson_Button
116            1  ...        http://en.wikipedia.org/wiki/Lewis_Hamilton
3566         815  ...     http://en.wikipedia.org/wiki/Sergio_P%C3%A9rez
7366         825  ...       http://en.wikipedia.org/wiki/Kevin_Magnussen
10801          4  ...       http://en.wikipedia.org/wiki/Fernando_Alonso
...          ...  ...                                                ...
297735       834  ...  http://en.wikipedia.org/wiki/Alexander_Rossi_%...
346416       829  ...          http://en.wikipedia.org/wiki/Will_Stevens
441722        39  ...    http://en.wikipedia.org/wiki/Narain_Karthikeyan
442485       833  ...         http://en.wikipedia.org/wiki/Roberto_Merhi
442957       837  ...          http://en.wikipedia.org/wiki/Rio_Haryanto

[65 rows x 9 columns]
[2024-06-12T13:24:13.685+0000] {taskinstance.py:441} INFO - ::group::Post task execution logs
[2024-06-12T13:24:13.725+0000] {taskinstance.py:1206} INFO - Marking task as SUCCESS. dag_id=f1_data_pipeline_taskflow, task_id=driverDim_transform, run_id=scheduled__2024-06-11T00:00:00+00:00, execution_date=20240611T000000, start_date=20240612T132411, end_date=20240612T132413
[2024-06-12T13:24:13.767+0000] {local_task_job_runner.py:240} INFO - Task exited with return code 0
[2024-06-12T13:24:13.780+0000] {local_task_job_runner.py:222} INFO - ::endgroup::
[2024-06-12T13:31:18.252+0000] {local_task_job_runner.py:120} INFO - ::group::Pre task execution logs
[2024-06-12T13:31:18.274+0000] {taskinstance.py:2076} INFO - Dependencies all met for dep_context=non-requeueable deps ti=<TaskInstance: f1_data_pipeline_taskflow.driverDim_transform scheduled__2024-06-11T00:00:00+00:00 [queued]>
[2024-06-12T13:31:18.284+0000] {taskinstance.py:2076} INFO - Dependencies all met for dep_context=requeueable deps ti=<TaskInstance: f1_data_pipeline_taskflow.driverDim_transform scheduled__2024-06-11T00:00:00+00:00 [queued]>
[2024-06-12T13:31:18.285+0000] {taskinstance.py:2306} INFO - Starting attempt 1 of 1
[2024-06-12T13:31:18.295+0000] {taskinstance.py:2330} INFO - Executing <Task(_PythonDecoratedOperator): driverDim_transform> on 2024-06-11 00:00:00+00:00
[2024-06-12T13:31:18.302+0000] {warnings.py:110} WARNING - /home/***/.local/lib/python3.12/site-packages/***/task/task_runner/standard_task_runner.py:61: DeprecationWarning: This process (pid=89) is multi-threaded, use of fork() may lead to deadlocks in the child.
  pid = os.fork()

[2024-06-12T13:31:18.303+0000] {standard_task_runner.py:63} INFO - Started process 109 to run task
[2024-06-12T13:31:18.303+0000] {standard_task_runner.py:90} INFO - Running: ['***', 'tasks', 'run', 'f1_data_pipeline_taskflow', 'driverDim_transform', 'scheduled__2024-06-11T00:00:00+00:00', '--job-id', '11', '--raw', '--subdir', 'DAGS_FOLDER/etl_dag.py', '--cfg-path', '/tmp/tmpj20m3x0x']
[2024-06-12T13:31:18.305+0000] {standard_task_runner.py:91} INFO - Job 11: Subtask driverDim_transform
[2024-06-12T13:31:18.353+0000] {task_command.py:426} INFO - Running <TaskInstance: f1_data_pipeline_taskflow.driverDim_transform scheduled__2024-06-11T00:00:00+00:00 [running]> on host c05e5b3efdbc
[2024-06-12T13:31:20.570+0000] {taskinstance.py:2648} INFO - Exporting env vars: AIRFLOW_CTX_DAG_OWNER='***' AIRFLOW_CTX_DAG_ID='f1_data_pipeline_taskflow' AIRFLOW_CTX_TASK_ID='driverDim_transform' AIRFLOW_CTX_EXECUTION_DATE='2024-06-11T00:00:00+00:00' AIRFLOW_CTX_TRY_NUMBER='1' AIRFLOW_CTX_DAG_RUN_ID='scheduled__2024-06-11T00:00:00+00:00'
[2024-06-12T13:31:20.572+0000] {taskinstance.py:430} INFO - ::endgroup::
[2024-06-12T13:31:20.656+0000] {python.py:237} INFO - Done. Returned value was:         driverId  ...                                                url
0             18  ...         http://en.wikipedia.org/wiki/Jenson_Button
116            1  ...        http://en.wikipedia.org/wiki/Lewis_Hamilton
3566         815  ...     http://en.wikipedia.org/wiki/Sergio_P%C3%A9rez
7366         825  ...       http://en.wikipedia.org/wiki/Kevin_Magnussen
10801          4  ...       http://en.wikipedia.org/wiki/Fernando_Alonso
...          ...  ...                                                ...
297735       834  ...  http://en.wikipedia.org/wiki/Alexander_Rossi_%...
346416       829  ...          http://en.wikipedia.org/wiki/Will_Stevens
441722        39  ...    http://en.wikipedia.org/wiki/Narain_Karthikeyan
442485       833  ...         http://en.wikipedia.org/wiki/Roberto_Merhi
442957       837  ...          http://en.wikipedia.org/wiki/Rio_Haryanto

[65 rows x 9 columns]
[2024-06-12T13:31:20.670+0000] {taskinstance.py:441} INFO - ::group::Post task execution logs
[2024-06-12T13:31:20.703+0000] {taskinstance.py:1206} INFO - Marking task as SUCCESS. dag_id=f1_data_pipeline_taskflow, task_id=driverDim_transform, run_id=scheduled__2024-06-11T00:00:00+00:00, execution_date=20240611T000000, start_date=20240612T133118, end_date=20240612T133120
[2024-06-12T13:31:20.794+0000] {local_task_job_runner.py:240} INFO - Task exited with return code 0
[2024-06-12T13:31:20.805+0000] {local_task_job_runner.py:222} INFO - ::endgroup::
