[2024-06-14T08:39:28.813+0000] {local_task_job_runner.py:120} INFO - ::group::Pre task execution logs
[2024-06-14T08:39:28.834+0000] {taskinstance.py:2076} INFO - Dependencies all met for dep_context=non-requeueable deps ti=<TaskInstance: f1_data_pipeline_taskflow_with_kafka.wait_for_elt_dag manual__2024-06-14T08:39:27.511183+00:00 [queued]>
[2024-06-14T08:39:28.841+0000] {taskinstance.py:2076} INFO - Dependencies all met for dep_context=requeueable deps ti=<TaskInstance: f1_data_pipeline_taskflow_with_kafka.wait_for_elt_dag manual__2024-06-14T08:39:27.511183+00:00 [queued]>
[2024-06-14T08:39:28.842+0000] {taskinstance.py:2306} INFO - Starting attempt 1 of 1
[2024-06-14T08:39:28.853+0000] {taskinstance.py:2330} INFO - Executing <Task(ExternalTaskSensor): wait_for_elt_dag> on 2024-06-14 08:39:27.511183+00:00
[2024-06-14T08:39:28.859+0000] {warnings.py:110} WARNING - /home/***/.local/lib/python3.12/site-packages/***/task/task_runner/standard_task_runner.py:61: DeprecationWarning: This process (pid=1115) is multi-threaded, use of fork() may lead to deadlocks in the child.
  pid = os.fork()

[2024-06-14T08:39:28.860+0000] {standard_task_runner.py:63} INFO - Started process 1129 to run task
[2024-06-14T08:39:28.861+0000] {standard_task_runner.py:90} INFO - Running: ['***', 'tasks', 'run', 'f1_data_pipeline_taskflow_with_kafka', 'wait_for_elt_dag', 'manual__2024-06-14T08:39:27.511183+00:00', '--job-id', '63', '--raw', '--subdir', 'DAGS_FOLDER/kafka_data_scrape.py', '--cfg-path', '/tmp/tmpe7ieapvj']
[2024-06-14T08:39:28.863+0000] {standard_task_runner.py:91} INFO - Job 63: Subtask wait_for_elt_dag
[2024-06-14T08:39:28.903+0000] {task_command.py:426} INFO - Running <TaskInstance: f1_data_pipeline_taskflow_with_kafka.wait_for_elt_dag manual__2024-06-14T08:39:27.511183+00:00 [running]> on host 02396e2d7ca5
[2024-06-14T08:39:28.972+0000] {taskinstance.py:2648} INFO - Exporting env vars: AIRFLOW_CTX_DAG_OWNER='***' AIRFLOW_CTX_DAG_ID='f1_data_pipeline_taskflow_with_kafka' AIRFLOW_CTX_TASK_ID='wait_for_elt_dag' AIRFLOW_CTX_EXECUTION_DATE='2024-06-14T08:39:27.511183+00:00' AIRFLOW_CTX_TRY_NUMBER='1' AIRFLOW_CTX_DAG_RUN_ID='manual__2024-06-14T08:39:27.511183+00:00'
[2024-06-14T08:39:28.973+0000] {taskinstance.py:430} INFO - ::endgroup::
[2024-06-14T08:39:28.974+0000] {baseoperator.py:399} WARNING - ExternalTaskSensor.execute cannot be called outside TaskInstance!
[2024-06-14T08:39:28.974+0000] {external_task.py:258} INFO - Poking for tasks ['load_raceResults_task'] in dag f1_data_pipeline_taskflow on 2024-06-14T08:39:27.511183+00:00 ... 
[2024-06-14T08:39:28.974+0000] {warnings.py:110} WARNING - /home/***/.local/lib/python3.12/site-packages/***/utils/session.py:79: DeprecationWarning: This method is deprecated and will be removed in future.
  return func(*args, session=session, **kwargs)

[2024-06-14T08:40:28.981+0000] {external_task.py:258} INFO - Poking for tasks ['load_raceResults_task'] in dag f1_data_pipeline_taskflow on 2024-06-14T08:39:27.511183+00:00 ... 
[2024-06-14T08:41:28.990+0000] {external_task.py:258} INFO - Poking for tasks ['load_raceResults_task'] in dag f1_data_pipeline_taskflow on 2024-06-14T08:39:27.511183+00:00 ... 
[2024-06-14T08:42:28.999+0000] {external_task.py:258} INFO - Poking for tasks ['load_raceResults_task'] in dag f1_data_pipeline_taskflow on 2024-06-14T08:39:27.511183+00:00 ... 
[2024-06-14T08:43:29.010+0000] {external_task.py:258} INFO - Poking for tasks ['load_raceResults_task'] in dag f1_data_pipeline_taskflow on 2024-06-14T08:39:27.511183+00:00 ... 
