[2024-05-31T10:09:25.173+0000] {local_task_job_runner.py:120} INFO - ::group::Pre task execution logs
[2024-05-31T10:09:25.188+0000] {taskinstance.py:2076} INFO - Dependencies all met for dep_context=non-requeueable deps ti=<TaskInstance: f1_data_pipeline_taskflow.load_data__1 manual__2024-05-31T10:08:52.122570+00:00 [queued]>
[2024-05-31T10:09:25.193+0000] {taskinstance.py:2076} INFO - Dependencies all met for dep_context=requeueable deps ti=<TaskInstance: f1_data_pipeline_taskflow.load_data__1 manual__2024-05-31T10:08:52.122570+00:00 [queued]>
[2024-05-31T10:09:25.194+0000] {taskinstance.py:2306} INFO - Starting attempt 1 of 1
[2024-05-31T10:09:25.201+0000] {taskinstance.py:2330} INFO - Executing <Task(_PythonDecoratedOperator): load_data__1> on 2024-05-31 10:08:52.122570+00:00
[2024-05-31T10:09:25.205+0000] {warnings.py:110} WARNING - /home/***/.local/lib/python3.12/site-packages/***/task/task_runner/standard_task_runner.py:61: DeprecationWarning: This process (pid=363) is multi-threaded, use of fork() may lead to deadlocks in the child.
  pid = os.fork()

[2024-05-31T10:09:25.206+0000] {standard_task_runner.py:63} INFO - Started process 367 to run task
[2024-05-31T10:09:25.207+0000] {standard_task_runner.py:90} INFO - Running: ['***', 'tasks', 'run', 'f1_data_pipeline_taskflow', 'load_data__1', 'manual__2024-05-31T10:08:52.122570+00:00', '--job-id', '12', '--raw', '--subdir', 'DAGS_FOLDER/etl_dag.py', '--cfg-path', '/tmp/tmpuhltvn9m']
[2024-05-31T10:09:25.208+0000] {standard_task_runner.py:91} INFO - Job 12: Subtask load_data__1
[2024-05-31T10:09:25.236+0000] {task_command.py:426} INFO - Running <TaskInstance: f1_data_pipeline_taskflow.load_data__1 manual__2024-05-31T10:08:52.122570+00:00 [running]> on host 353c2808d24f
[2024-05-31T10:09:25.337+0000] {taskinstance.py:2648} INFO - Exporting env vars: AIRFLOW_CTX_DAG_OWNER='***' AIRFLOW_CTX_DAG_ID='f1_data_pipeline_taskflow' AIRFLOW_CTX_TASK_ID='load_data__1' AIRFLOW_CTX_EXECUTION_DATE='2024-05-31T10:08:52.122570+00:00' AIRFLOW_CTX_TRY_NUMBER='1' AIRFLOW_CTX_DAG_RUN_ID='manual__2024-05-31T10:08:52.122570+00:00'
[2024-05-31T10:09:25.338+0000] {taskinstance.py:430} INFO - ::endgroup::
[2024-05-31T10:09:25.344+0000] {base.py:84} INFO - Using connection ID 'sourcedb_connection' for task execution.
[2024-05-31T10:09:25.361+0000] {python.py:237} INFO - Done. Returned value was: None
[2024-05-31T10:09:25.362+0000] {taskinstance.py:441} INFO - ::group::Post task execution logs
[2024-05-31T10:09:25.368+0000] {taskinstance.py:1206} INFO - Marking task as SUCCESS. dag_id=f1_data_pipeline_taskflow, task_id=load_data__1, run_id=manual__2024-05-31T10:08:52.122570+00:00, execution_date=20240531T100852, start_date=20240531T100925, end_date=20240531T100925
[2024-05-31T10:09:25.380+0000] {local_task_job_runner.py:240} INFO - Task exited with return code 0
[2024-05-31T10:09:25.390+0000] {taskinstance.py:3498} INFO - 0 downstream tasks scheduled from follow-on schedule check
[2024-05-31T10:09:25.391+0000] {local_task_job_runner.py:222} INFO - ::endgroup::
