[2024-06-04T13:53:02.648+0000] {local_task_job_runner.py:120} INFO - ::group::Pre task execution logs
[2024-06-04T13:53:02.663+0000] {taskinstance.py:2076} INFO - Dependencies all met for dep_context=non-requeueable deps ti=<TaskInstance: f1_data_pipeline_taskflow.load_constructor_task scheduled__2024-06-03T00:00:00+00:00 [queued]>
[2024-06-04T13:53:02.668+0000] {taskinstance.py:2076} INFO - Dependencies all met for dep_context=requeueable deps ti=<TaskInstance: f1_data_pipeline_taskflow.load_constructor_task scheduled__2024-06-03T00:00:00+00:00 [queued]>
[2024-06-04T13:53:02.668+0000] {taskinstance.py:2306} INFO - Starting attempt 1 of 1
[2024-06-04T13:53:02.676+0000] {taskinstance.py:2330} INFO - Executing <Task(_PythonDecoratedOperator): load_constructor_task> on 2024-06-03 00:00:00+00:00
[2024-06-04T13:53:02.682+0000] {warnings.py:110} WARNING - /home/***/.local/lib/python3.12/site-packages/***/task/task_runner/standard_task_runner.py:61: DeprecationWarning: This process (pid=320) is multi-threaded, use of fork() may lead to deadlocks in the child.
  pid = os.fork()

[2024-06-04T13:53:02.683+0000] {standard_task_runner.py:63} INFO - Started process 366 to run task
[2024-06-04T13:53:02.683+0000] {standard_task_runner.py:90} INFO - Running: ['***', 'tasks', 'run', 'f1_data_pipeline_taskflow', 'load_constructor_task', 'scheduled__2024-06-03T00:00:00+00:00', '--job-id', '17', '--raw', '--subdir', 'DAGS_FOLDER/etl_dag.py', '--cfg-path', '/tmp/tmpwmmq44bs']
[2024-06-04T13:53:02.684+0000] {standard_task_runner.py:91} INFO - Job 17: Subtask load_constructor_task
[2024-06-04T13:53:02.716+0000] {task_command.py:426} INFO - Running <TaskInstance: f1_data_pipeline_taskflow.load_constructor_task scheduled__2024-06-03T00:00:00+00:00 [running]> on host 43686a6526ed
[2024-06-04T13:53:02.817+0000] {taskinstance.py:2648} INFO - Exporting env vars: AIRFLOW_CTX_DAG_OWNER='***' AIRFLOW_CTX_DAG_ID='f1_data_pipeline_taskflow' AIRFLOW_CTX_TASK_ID='load_constructor_task' AIRFLOW_CTX_EXECUTION_DATE='2024-06-03T00:00:00+00:00' AIRFLOW_CTX_TRY_NUMBER='1' AIRFLOW_CTX_DAG_RUN_ID='scheduled__2024-06-03T00:00:00+00:00'
[2024-06-04T13:53:02.819+0000] {taskinstance.py:430} INFO - ::endgroup::
[2024-06-04T13:53:02.820+0000] {crypto.py:82} WARNING - empty cryptography key - values will not be stored encrypted.
[2024-06-04T13:53:02.821+0000] {base.py:84} INFO - Using connection ID 'sourcedb_connection' for task execution.
[2024-06-04T13:53:02.834+0000] {python.py:237} INFO - Done. Returned value was: None
[2024-06-04T13:53:02.835+0000] {taskinstance.py:441} INFO - ::group::Post task execution logs
[2024-06-04T13:53:02.841+0000] {taskinstance.py:1206} INFO - Marking task as SUCCESS. dag_id=f1_data_pipeline_taskflow, task_id=load_constructor_task, run_id=scheduled__2024-06-03T00:00:00+00:00, execution_date=20240603T000000, start_date=20240604T135302, end_date=20240604T135302
[2024-06-04T13:53:02.856+0000] {local_task_job_runner.py:240} INFO - Task exited with return code 0
[2024-06-04T13:53:02.870+0000] {taskinstance.py:3498} INFO - 1 downstream tasks scheduled from follow-on schedule check
[2024-06-04T13:53:02.871+0000] {local_task_job_runner.py:222} INFO - ::endgroup::
[2024-06-04T14:01:36.627+0000] {local_task_job_runner.py:120} INFO - ::group::Pre task execution logs
[2024-06-04T14:01:36.643+0000] {taskinstance.py:2076} INFO - Dependencies all met for dep_context=non-requeueable deps ti=<TaskInstance: f1_data_pipeline_taskflow.load_constructor_task scheduled__2024-06-03T00:00:00+00:00 [queued]>
[2024-06-04T14:01:36.648+0000] {taskinstance.py:2076} INFO - Dependencies all met for dep_context=requeueable deps ti=<TaskInstance: f1_data_pipeline_taskflow.load_constructor_task scheduled__2024-06-03T00:00:00+00:00 [queued]>
[2024-06-04T14:01:36.648+0000] {taskinstance.py:2306} INFO - Starting attempt 1 of 1
[2024-06-04T14:01:36.665+0000] {taskinstance.py:2330} INFO - Executing <Task(_PythonDecoratedOperator): load_constructor_task> on 2024-06-03 00:00:00+00:00
[2024-06-04T14:01:36.672+0000] {warnings.py:110} WARNING - /home/***/.local/lib/python3.12/site-packages/***/task/task_runner/standard_task_runner.py:61: DeprecationWarning: This process (pid=318) is multi-threaded, use of fork() may lead to deadlocks in the child.
  pid = os.fork()

[2024-06-04T14:01:36.672+0000] {standard_task_runner.py:63} INFO - Started process 328 to run task
[2024-06-04T14:01:36.673+0000] {standard_task_runner.py:90} INFO - Running: ['***', 'tasks', 'run', 'f1_data_pipeline_taskflow', 'load_constructor_task', 'scheduled__2024-06-03T00:00:00+00:00', '--job-id', '14', '--raw', '--subdir', 'DAGS_FOLDER/etl_dag.py', '--cfg-path', '/tmp/tmpmg1wuct9']
[2024-06-04T14:01:36.674+0000] {standard_task_runner.py:91} INFO - Job 14: Subtask load_constructor_task
[2024-06-04T14:01:36.708+0000] {task_command.py:426} INFO - Running <TaskInstance: f1_data_pipeline_taskflow.load_constructor_task scheduled__2024-06-03T00:00:00+00:00 [running]> on host 7bdd51a4d37b
[2024-06-04T14:01:36.830+0000] {taskinstance.py:2648} INFO - Exporting env vars: AIRFLOW_CTX_DAG_OWNER='***' AIRFLOW_CTX_DAG_ID='f1_data_pipeline_taskflow' AIRFLOW_CTX_TASK_ID='load_constructor_task' AIRFLOW_CTX_EXECUTION_DATE='2024-06-03T00:00:00+00:00' AIRFLOW_CTX_TRY_NUMBER='1' AIRFLOW_CTX_DAG_RUN_ID='scheduled__2024-06-03T00:00:00+00:00'
[2024-06-04T14:01:36.832+0000] {taskinstance.py:430} INFO - ::endgroup::
[2024-06-04T14:01:36.833+0000] {crypto.py:82} WARNING - empty cryptography key - values will not be stored encrypted.
[2024-06-04T14:01:36.833+0000] {base.py:84} INFO - Using connection ID 'sourcedb_connection' for task execution.
[2024-06-04T14:01:36.873+0000] {python.py:237} INFO - Done. Returned value was: None
[2024-06-04T14:01:36.874+0000] {taskinstance.py:441} INFO - ::group::Post task execution logs
[2024-06-04T14:01:36.884+0000] {taskinstance.py:1206} INFO - Marking task as SUCCESS. dag_id=f1_data_pipeline_taskflow, task_id=load_constructor_task, run_id=scheduled__2024-06-03T00:00:00+00:00, execution_date=20240603T000000, start_date=20240604T140136, end_date=20240604T140136
[2024-06-04T14:01:36.927+0000] {local_task_job_runner.py:240} INFO - Task exited with return code 0
[2024-06-04T14:01:36.955+0000] {taskinstance.py:3498} INFO - 1 downstream tasks scheduled from follow-on schedule check
[2024-06-04T14:01:36.956+0000] {local_task_job_runner.py:222} INFO - ::endgroup::
