[2024-06-20T07:35:00.680+0000] {local_task_job_runner.py:120} INFO - ::group::Pre task execution logs
[2024-06-20T07:35:00.696+0000] {taskinstance.py:2076} INFO - Dependencies all met for dep_context=non-requeueable deps ti=<TaskInstance: f1_data_pipeline_taskflow.load_qualifications_task scheduled__2024-06-19T00:00:00+00:00 [queued]>
[2024-06-20T07:35:00.703+0000] {taskinstance.py:2076} INFO - Dependencies all met for dep_context=requeueable deps ti=<TaskInstance: f1_data_pipeline_taskflow.load_qualifications_task scheduled__2024-06-19T00:00:00+00:00 [queued]>
[2024-06-20T07:35:00.704+0000] {taskinstance.py:2306} INFO - Starting attempt 1 of 1
[2024-06-20T07:35:00.712+0000] {taskinstance.py:2330} INFO - Executing <Task(_PythonDecoratedOperator): load_qualifications_task> on 2024-06-19 00:00:00+00:00
[2024-06-20T07:35:00.719+0000] {warnings.py:110} WARNING - /home/***/.local/lib/python3.12/site-packages/***/task/task_runner/standard_task_runner.py:61: DeprecationWarning: This process (pid=595) is multi-threaded, use of fork() may lead to deadlocks in the child.
  pid = os.fork()

[2024-06-20T07:35:00.720+0000] {standard_task_runner.py:63} INFO - Started process 609 to run task
[2024-06-20T07:35:00.721+0000] {standard_task_runner.py:90} INFO - Running: ['***', 'tasks', 'run', 'f1_data_pipeline_taskflow', 'load_qualifications_task', 'scheduled__2024-06-19T00:00:00+00:00', '--job-id', '28', '--raw', '--subdir', 'DAGS_FOLDER/etl_dag.py', '--cfg-path', '/tmp/tmplfpeunnx']
[2024-06-20T07:35:00.722+0000] {standard_task_runner.py:91} INFO - Job 28: Subtask load_qualifications_task
[2024-06-20T07:35:00.760+0000] {task_command.py:426} INFO - Running <TaskInstance: f1_data_pipeline_taskflow.load_qualifications_task scheduled__2024-06-19T00:00:00+00:00 [running]> on host 5c5ee06f6e02
[2024-06-20T07:35:00.873+0000] {taskinstance.py:2648} INFO - Exporting env vars: AIRFLOW_CTX_DAG_OWNER='***' AIRFLOW_CTX_DAG_ID='f1_data_pipeline_taskflow' AIRFLOW_CTX_TASK_ID='load_qualifications_task' AIRFLOW_CTX_EXECUTION_DATE='2024-06-19T00:00:00+00:00' AIRFLOW_CTX_TRY_NUMBER='1' AIRFLOW_CTX_DAG_RUN_ID='scheduled__2024-06-19T00:00:00+00:00'
[2024-06-20T07:35:00.874+0000] {taskinstance.py:430} INFO - ::endgroup::
[2024-06-20T07:35:00.875+0000] {crypto.py:82} WARNING - empty cryptography key - values will not be stored encrypted.
[2024-06-20T07:35:00.876+0000] {base.py:84} INFO - Using connection ID 'sourcedb_connection' for task execution.
[2024-06-20T07:35:00.925+0000] {python.py:237} INFO - Done. Returned value was: None
[2024-06-20T07:35:00.925+0000] {taskinstance.py:441} INFO - ::group::Post task execution logs
[2024-06-20T07:35:00.932+0000] {taskinstance.py:1206} INFO - Marking task as SUCCESS. dag_id=f1_data_pipeline_taskflow, task_id=load_qualifications_task, run_id=scheduled__2024-06-19T00:00:00+00:00, execution_date=20240619T000000, start_date=20240620T073500, end_date=20240620T073500
[2024-06-20T07:35:00.974+0000] {local_task_job_runner.py:240} INFO - Task exited with return code 0
[2024-06-20T07:35:00.991+0000] {taskinstance.py:3498} INFO - 0 downstream tasks scheduled from follow-on schedule check
[2024-06-20T07:35:00.992+0000] {local_task_job_runner.py:222} INFO - ::endgroup::
[2024-06-20T08:38:51.424+0000] {local_task_job_runner.py:120} INFO - ::group::Pre task execution logs
[2024-06-20T08:38:51.441+0000] {taskinstance.py:2076} INFO - Dependencies all met for dep_context=non-requeueable deps ti=<TaskInstance: f1_data_pipeline_taskflow.load_qualifications_task scheduled__2024-06-19T00:00:00+00:00 [queued]>
[2024-06-20T08:38:51.448+0000] {taskinstance.py:2076} INFO - Dependencies all met for dep_context=requeueable deps ti=<TaskInstance: f1_data_pipeline_taskflow.load_qualifications_task scheduled__2024-06-19T00:00:00+00:00 [queued]>
[2024-06-20T08:38:51.448+0000] {taskinstance.py:2306} INFO - Starting attempt 1 of 1
[2024-06-20T08:38:51.459+0000] {taskinstance.py:2330} INFO - Executing <Task(_PythonDecoratedOperator): load_qualifications_task> on 2024-06-19 00:00:00+00:00
[2024-06-20T08:38:51.465+0000] {warnings.py:110} WARNING - /home/***/.local/lib/python3.12/site-packages/***/task/task_runner/standard_task_runner.py:61: DeprecationWarning: This process (pid=532) is multi-threaded, use of fork() may lead to deadlocks in the child.
  pid = os.fork()

[2024-06-20T08:38:51.466+0000] {standard_task_runner.py:63} INFO - Started process 545 to run task
[2024-06-20T08:38:51.467+0000] {standard_task_runner.py:90} INFO - Running: ['***', 'tasks', 'run', 'f1_data_pipeline_taskflow', 'load_qualifications_task', 'scheduled__2024-06-19T00:00:00+00:00', '--job-id', '26', '--raw', '--subdir', 'DAGS_FOLDER/etl_dag.py', '--cfg-path', '/tmp/tmptlx9wx6p']
[2024-06-20T08:38:51.468+0000] {standard_task_runner.py:91} INFO - Job 26: Subtask load_qualifications_task
[2024-06-20T08:38:51.510+0000] {task_command.py:426} INFO - Running <TaskInstance: f1_data_pipeline_taskflow.load_qualifications_task scheduled__2024-06-19T00:00:00+00:00 [running]> on host c74b9f5f384d
[2024-06-20T08:38:51.631+0000] {taskinstance.py:2648} INFO - Exporting env vars: AIRFLOW_CTX_DAG_OWNER='***' AIRFLOW_CTX_DAG_ID='f1_data_pipeline_taskflow' AIRFLOW_CTX_TASK_ID='load_qualifications_task' AIRFLOW_CTX_EXECUTION_DATE='2024-06-19T00:00:00+00:00' AIRFLOW_CTX_TRY_NUMBER='1' AIRFLOW_CTX_DAG_RUN_ID='scheduled__2024-06-19T00:00:00+00:00'
[2024-06-20T08:38:51.632+0000] {taskinstance.py:430} INFO - ::endgroup::
[2024-06-20T08:38:51.633+0000] {crypto.py:82} WARNING - empty cryptography key - values will not be stored encrypted.
[2024-06-20T08:38:51.634+0000] {base.py:84} INFO - Using connection ID 'sourcedb_connection' for task execution.
[2024-06-20T08:38:51.686+0000] {python.py:237} INFO - Done. Returned value was: None
[2024-06-20T08:38:51.687+0000] {taskinstance.py:441} INFO - ::group::Post task execution logs
[2024-06-20T08:38:51.694+0000] {taskinstance.py:1206} INFO - Marking task as SUCCESS. dag_id=f1_data_pipeline_taskflow, task_id=load_qualifications_task, run_id=scheduled__2024-06-19T00:00:00+00:00, execution_date=20240619T000000, start_date=20240620T083851, end_date=20240620T083851
[2024-06-20T08:38:51.720+0000] {local_task_job_runner.py:240} INFO - Task exited with return code 0
[2024-06-20T08:38:51.729+0000] {local_task_job_runner.py:222} INFO - ::endgroup::
