[2024-06-17T07:43:11.532+0000] {local_task_job_runner.py:120} INFO - ::group::Pre task execution logs
[2024-06-17T07:43:11.554+0000] {taskinstance.py:2076} INFO - Dependencies all met for dep_context=non-requeueable deps ti=<TaskInstance: f1_data_pipeline_taskflow.pitStopsDim_transform scheduled__2024-06-16T00:00:00+00:00 [queued]>
[2024-06-17T07:43:11.560+0000] {taskinstance.py:2076} INFO - Dependencies all met for dep_context=requeueable deps ti=<TaskInstance: f1_data_pipeline_taskflow.pitStopsDim_transform scheduled__2024-06-16T00:00:00+00:00 [queued]>
[2024-06-17T07:43:11.561+0000] {taskinstance.py:2306} INFO - Starting attempt 1 of 1
[2024-06-17T07:43:11.571+0000] {taskinstance.py:2330} INFO - Executing <Task(_PythonDecoratedOperator): pitStopsDim_transform> on 2024-06-16 00:00:00+00:00
[2024-06-17T07:43:11.577+0000] {warnings.py:110} WARNING - /home/***/.local/lib/python3.12/site-packages/***/task/task_runner/standard_task_runner.py:61: DeprecationWarning: This process (pid=346) is multi-threaded, use of fork() may lead to deadlocks in the child.
  pid = os.fork()

[2024-06-17T07:43:11.578+0000] {standard_task_runner.py:63} INFO - Started process 355 to run task
[2024-06-17T07:43:11.578+0000] {standard_task_runner.py:90} INFO - Running: ['***', 'tasks', 'run', 'f1_data_pipeline_taskflow', 'pitStopsDim_transform', 'scheduled__2024-06-16T00:00:00+00:00', '--job-id', '12', '--raw', '--subdir', 'DAGS_FOLDER/etl_dag.py', '--cfg-path', '/tmp/tmpatctfxj7']
[2024-06-17T07:43:11.580+0000] {standard_task_runner.py:91} INFO - Job 12: Subtask pitStopsDim_transform
[2024-06-17T07:43:11.621+0000] {task_command.py:426} INFO - Running <TaskInstance: f1_data_pipeline_taskflow.pitStopsDim_transform scheduled__2024-06-16T00:00:00+00:00 [running]> on host c78fbdbb8669
[2024-06-17T07:43:12.338+0000] {taskinstance.py:2648} INFO - Exporting env vars: AIRFLOW_CTX_DAG_OWNER='***' AIRFLOW_CTX_DAG_ID='f1_data_pipeline_taskflow' AIRFLOW_CTX_TASK_ID='pitStopsDim_transform' AIRFLOW_CTX_EXECUTION_DATE='2024-06-16T00:00:00+00:00' AIRFLOW_CTX_TRY_NUMBER='1' AIRFLOW_CTX_DAG_RUN_ID='scheduled__2024-06-16T00:00:00+00:00'
[2024-06-17T07:43:12.339+0000] {taskinstance.py:430} INFO - ::endgroup::
[2024-06-17T07:43:12.390+0000] {python.py:237} INFO - Done. Returned value was:         raceId  driverId  stop  lap_pitstops time_pitstops  duration
0          860        18     1            16      17:28:30    23.275
1          860        18     2            36      17:59:44    22.837
116        860         1     1            17      17:30:12    22.862
117        860         1     2            36      17:59:54    23.464
232        861        18     1             4      16:12:01    24.305
...        ...       ...   ...           ...           ...       ...
518061     944       834     1            14      14:22:03    25.492
518062     944       834     2            41      14:59:12    26.706
518195     953       837     1            11      14:22:57    29.117
518196     953       837     2            34      15:00:18    27.380
518197     953       837     3            47      15:21:24    26.292

[8975 rows x 6 columns]
[2024-06-17T07:43:12.401+0000] {taskinstance.py:441} INFO - ::group::Post task execution logs
[2024-06-17T07:43:12.443+0000] {taskinstance.py:1206} INFO - Marking task as SUCCESS. dag_id=f1_data_pipeline_taskflow, task_id=pitStopsDim_transform, run_id=scheduled__2024-06-16T00:00:00+00:00, execution_date=20240616T000000, start_date=20240617T074311, end_date=20240617T074312
[2024-06-17T07:43:12.474+0000] {local_task_job_runner.py:240} INFO - Task exited with return code 0
[2024-06-17T07:43:12.497+0000] {taskinstance.py:3498} INFO - 1 downstream tasks scheduled from follow-on schedule check
[2024-06-17T07:43:12.499+0000] {local_task_job_runner.py:222} INFO - ::endgroup::
[2024-06-17T08:17:49.148+0000] {local_task_job_runner.py:120} INFO - ::group::Pre task execution logs
[2024-06-17T08:17:49.165+0000] {taskinstance.py:2076} INFO - Dependencies all met for dep_context=non-requeueable deps ti=<TaskInstance: f1_data_pipeline_taskflow.pitStopsDim_transform scheduled__2024-06-16T00:00:00+00:00 [queued]>
[2024-06-17T08:17:49.171+0000] {taskinstance.py:2076} INFO - Dependencies all met for dep_context=requeueable deps ti=<TaskInstance: f1_data_pipeline_taskflow.pitStopsDim_transform scheduled__2024-06-16T00:00:00+00:00 [queued]>
[2024-06-17T08:17:49.172+0000] {taskinstance.py:2306} INFO - Starting attempt 1 of 1
[2024-06-17T08:17:49.181+0000] {taskinstance.py:2330} INFO - Executing <Task(_PythonDecoratedOperator): pitStopsDim_transform> on 2024-06-16 00:00:00+00:00
[2024-06-17T08:17:49.190+0000] {warnings.py:110} WARNING - /home/***/.local/lib/python3.12/site-packages/***/task/task_runner/standard_task_runner.py:61: DeprecationWarning: This process (pid=323) is multi-threaded, use of fork() may lead to deadlocks in the child.
  pid = os.fork()

[2024-06-17T08:17:49.191+0000] {standard_task_runner.py:63} INFO - Started process 347 to run task
[2024-06-17T08:17:49.191+0000] {standard_task_runner.py:90} INFO - Running: ['***', 'tasks', 'run', 'f1_data_pipeline_taskflow', 'pitStopsDim_transform', 'scheduled__2024-06-16T00:00:00+00:00', '--job-id', '15', '--raw', '--subdir', 'DAGS_FOLDER/etl_dag.py', '--cfg-path', '/tmp/tmpugkwgdxy']
[2024-06-17T08:17:49.193+0000] {standard_task_runner.py:91} INFO - Job 15: Subtask pitStopsDim_transform
[2024-06-17T08:17:49.233+0000] {task_command.py:426} INFO - Running <TaskInstance: f1_data_pipeline_taskflow.pitStopsDim_transform scheduled__2024-06-16T00:00:00+00:00 [running]> on host 8b2116437c09
[2024-06-17T08:17:49.900+0000] {taskinstance.py:2648} INFO - Exporting env vars: AIRFLOW_CTX_DAG_OWNER='***' AIRFLOW_CTX_DAG_ID='f1_data_pipeline_taskflow' AIRFLOW_CTX_TASK_ID='pitStopsDim_transform' AIRFLOW_CTX_EXECUTION_DATE='2024-06-16T00:00:00+00:00' AIRFLOW_CTX_TRY_NUMBER='1' AIRFLOW_CTX_DAG_RUN_ID='scheduled__2024-06-16T00:00:00+00:00'
[2024-06-17T08:17:49.901+0000] {taskinstance.py:430} INFO - ::endgroup::
[2024-06-17T08:17:49.954+0000] {python.py:237} INFO - Done. Returned value was:         raceId  driverId  stop  lap_pitstops time_pitstops  duration
0          860        18     1            16      17:28:30    23.275
1          860        18     2            36      17:59:44    22.837
116        860         1     1            17      17:30:12    22.862
117        860         1     2            36      17:59:54    23.464
232        861        18     1             4      16:12:01    24.305
...        ...       ...   ...           ...           ...       ...
518061     944       834     1            14      14:22:03    25.492
518062     944       834     2            41      14:59:12    26.706
518195     953       837     1            11      14:22:57    29.117
518196     953       837     2            34      15:00:18    27.380
518197     953       837     3            47      15:21:24    26.292

[8975 rows x 6 columns]
[2024-06-17T08:17:49.962+0000] {taskinstance.py:441} INFO - ::group::Post task execution logs
[2024-06-17T08:17:50.005+0000] {taskinstance.py:1206} INFO - Marking task as SUCCESS. dag_id=f1_data_pipeline_taskflow, task_id=pitStopsDim_transform, run_id=scheduled__2024-06-16T00:00:00+00:00, execution_date=20240616T000000, start_date=20240617T081749, end_date=20240617T081750
[2024-06-17T08:17:50.047+0000] {local_task_job_runner.py:240} INFO - Task exited with return code 0
[2024-06-17T08:17:50.067+0000] {taskinstance.py:3498} INFO - 1 downstream tasks scheduled from follow-on schedule check
[2024-06-17T08:17:50.068+0000] {local_task_job_runner.py:222} INFO - ::endgroup::
[2024-06-17T09:04:13.234+0000] {local_task_job_runner.py:120} INFO - ::group::Pre task execution logs
[2024-06-17T09:04:13.251+0000] {taskinstance.py:2076} INFO - Dependencies all met for dep_context=non-requeueable deps ti=<TaskInstance: f1_data_pipeline_taskflow.pitStopsDim_transform scheduled__2024-06-16T00:00:00+00:00 [queued]>
[2024-06-17T09:04:13.258+0000] {taskinstance.py:2076} INFO - Dependencies all met for dep_context=requeueable deps ti=<TaskInstance: f1_data_pipeline_taskflow.pitStopsDim_transform scheduled__2024-06-16T00:00:00+00:00 [queued]>
[2024-06-17T09:04:13.258+0000] {taskinstance.py:2306} INFO - Starting attempt 1 of 1
[2024-06-17T09:04:13.267+0000] {taskinstance.py:2330} INFO - Executing <Task(_PythonDecoratedOperator): pitStopsDim_transform> on 2024-06-16 00:00:00+00:00
[2024-06-17T09:04:13.273+0000] {warnings.py:110} WARNING - /home/***/.local/lib/python3.12/site-packages/***/task/task_runner/standard_task_runner.py:61: DeprecationWarning: This process (pid=291) is multi-threaded, use of fork() may lead to deadlocks in the child.
  pid = os.fork()

[2024-06-17T09:04:13.274+0000] {standard_task_runner.py:63} INFO - Started process 375 to run task
[2024-06-17T09:04:13.275+0000] {standard_task_runner.py:90} INFO - Running: ['***', 'tasks', 'run', 'f1_data_pipeline_taskflow', 'pitStopsDim_transform', 'scheduled__2024-06-16T00:00:00+00:00', '--job-id', '18', '--raw', '--subdir', 'DAGS_FOLDER/etl_dag.py', '--cfg-path', '/tmp/tmpgb1m4u14']
[2024-06-17T09:04:13.276+0000] {standard_task_runner.py:91} INFO - Job 18: Subtask pitStopsDim_transform
[2024-06-17T09:04:13.315+0000] {task_command.py:426} INFO - Running <TaskInstance: f1_data_pipeline_taskflow.pitStopsDim_transform scheduled__2024-06-16T00:00:00+00:00 [running]> on host c4902b1065ce
[2024-06-17T09:04:13.965+0000] {taskinstance.py:2648} INFO - Exporting env vars: AIRFLOW_CTX_DAG_OWNER='***' AIRFLOW_CTX_DAG_ID='f1_data_pipeline_taskflow' AIRFLOW_CTX_TASK_ID='pitStopsDim_transform' AIRFLOW_CTX_EXECUTION_DATE='2024-06-16T00:00:00+00:00' AIRFLOW_CTX_TRY_NUMBER='1' AIRFLOW_CTX_DAG_RUN_ID='scheduled__2024-06-16T00:00:00+00:00'
[2024-06-17T09:04:13.966+0000] {taskinstance.py:430} INFO - ::endgroup::
[2024-06-17T09:04:14.010+0000] {python.py:237} INFO - Done. Returned value was:         raceId  driverId  stop  lap_pitstops time_pitstops  duration
0          860        18     1            16      17:28:30    23.275
1          860        18     2            36      17:59:44    22.837
116        860         1     1            17      17:30:12    22.862
117        860         1     2            36      17:59:54    23.464
232        861        18     1             4      16:12:01    24.305
...        ...       ...   ...           ...           ...       ...
518061     944       834     1            14      14:22:03    25.492
518062     944       834     2            41      14:59:12    26.706
518195     953       837     1            11      14:22:57    29.117
518196     953       837     2            34      15:00:18    27.380
518197     953       837     3            47      15:21:24    26.292

[8975 rows x 6 columns]
[2024-06-17T09:04:14.016+0000] {taskinstance.py:441} INFO - ::group::Post task execution logs
[2024-06-17T09:04:14.054+0000] {taskinstance.py:1206} INFO - Marking task as SUCCESS. dag_id=f1_data_pipeline_taskflow, task_id=pitStopsDim_transform, run_id=scheduled__2024-06-16T00:00:00+00:00, execution_date=20240616T000000, start_date=20240617T090413, end_date=20240617T090414
[2024-06-17T09:04:14.089+0000] {local_task_job_runner.py:240} INFO - Task exited with return code 0
[2024-06-17T09:04:14.108+0000] {taskinstance.py:3498} INFO - 2 downstream tasks scheduled from follow-on schedule check
[2024-06-17T09:04:14.109+0000] {local_task_job_runner.py:222} INFO - ::endgroup::
[2024-06-17T09:25:54.055+0000] {local_task_job_runner.py:120} INFO - ::group::Pre task execution logs
[2024-06-17T09:25:54.728+0000] {taskinstance.py:2076} INFO - Dependencies all met for dep_context=non-requeueable deps ti=<TaskInstance: f1_data_pipeline_taskflow.pitStopsDim_transform scheduled__2024-06-16T00:00:00+00:00 [queued]>
[2024-06-17T09:25:54.738+0000] {taskinstance.py:2076} INFO - Dependencies all met for dep_context=requeueable deps ti=<TaskInstance: f1_data_pipeline_taskflow.pitStopsDim_transform scheduled__2024-06-16T00:00:00+00:00 [queued]>
[2024-06-17T09:25:54.738+0000] {taskinstance.py:2306} INFO - Starting attempt 1 of 1
[2024-06-17T09:25:54.751+0000] {taskinstance.py:2330} INFO - Executing <Task(_PythonDecoratedOperator): pitStopsDim_transform> on 2024-06-16 00:00:00+00:00
[2024-06-17T09:25:54.757+0000] {warnings.py:110} WARNING - /home/***/.local/lib/python3.12/site-packages/***/task/task_runner/standard_task_runner.py:61: DeprecationWarning: This process (pid=304) is multi-threaded, use of fork() may lead to deadlocks in the child.
  pid = os.fork()

[2024-06-17T09:25:54.758+0000] {standard_task_runner.py:63} INFO - Started process 395 to run task
[2024-06-17T09:25:54.759+0000] {standard_task_runner.py:90} INFO - Running: ['***', 'tasks', 'run', 'f1_data_pipeline_taskflow', 'pitStopsDim_transform', 'scheduled__2024-06-16T00:00:00+00:00', '--job-id', '14', '--raw', '--subdir', 'DAGS_FOLDER/etl_dag.py', '--cfg-path', '/tmp/tmpysaz81vw']
[2024-06-17T09:25:54.760+0000] {standard_task_runner.py:91} INFO - Job 14: Subtask pitStopsDim_transform
[2024-06-17T09:25:54.796+0000] {task_command.py:426} INFO - Running <TaskInstance: f1_data_pipeline_taskflow.pitStopsDim_transform scheduled__2024-06-16T00:00:00+00:00 [running]> on host dbef0fd3372f
[2024-06-17T09:25:55.370+0000] {taskinstance.py:2648} INFO - Exporting env vars: AIRFLOW_CTX_DAG_OWNER='***' AIRFLOW_CTX_DAG_ID='f1_data_pipeline_taskflow' AIRFLOW_CTX_TASK_ID='pitStopsDim_transform' AIRFLOW_CTX_EXECUTION_DATE='2024-06-16T00:00:00+00:00' AIRFLOW_CTX_TRY_NUMBER='1' AIRFLOW_CTX_DAG_RUN_ID='scheduled__2024-06-16T00:00:00+00:00'
[2024-06-17T09:25:55.371+0000] {taskinstance.py:430} INFO - ::endgroup::
[2024-06-17T09:25:55.421+0000] {python.py:237} INFO - Done. Returned value was:         raceId  driverId  stop  lap_pitstops time_pitstops  duration
0          860        18     1            16      17:28:30    23.275
1          860        18     2            36      17:59:44    22.837
116        860         1     1            17      17:30:12    22.862
117        860         1     2            36      17:59:54    23.464
232        861        18     1             4      16:12:01    24.305
...        ...       ...   ...           ...           ...       ...
518061     944       834     1            14      14:22:03    25.492
518062     944       834     2            41      14:59:12    26.706
518195     953       837     1            11      14:22:57    29.117
518196     953       837     2            34      15:00:18    27.380
518197     953       837     3            47      15:21:24    26.292

[8975 rows x 6 columns]
[2024-06-17T09:25:55.429+0000] {taskinstance.py:441} INFO - ::group::Post task execution logs
[2024-06-17T09:25:55.469+0000] {taskinstance.py:1206} INFO - Marking task as SUCCESS. dag_id=f1_data_pipeline_taskflow, task_id=pitStopsDim_transform, run_id=scheduled__2024-06-16T00:00:00+00:00, execution_date=20240616T000000, start_date=20240617T092554, end_date=20240617T092555
[2024-06-17T09:25:55.493+0000] {local_task_job_runner.py:240} INFO - Task exited with return code 0
[2024-06-17T09:25:55.512+0000] {taskinstance.py:3498} INFO - 2 downstream tasks scheduled from follow-on schedule check
[2024-06-17T09:25:55.513+0000] {local_task_job_runner.py:222} INFO - ::endgroup::
[2024-06-17T10:24:10.181+0000] {local_task_job_runner.py:120} INFO - ::group::Pre task execution logs
[2024-06-17T10:24:10.195+0000] {taskinstance.py:2076} INFO - Dependencies all met for dep_context=non-requeueable deps ti=<TaskInstance: f1_data_pipeline_taskflow.pitStopsDim_transform scheduled__2024-06-16T00:00:00+00:00 [queued]>
[2024-06-17T10:24:10.200+0000] {taskinstance.py:2076} INFO - Dependencies all met for dep_context=requeueable deps ti=<TaskInstance: f1_data_pipeline_taskflow.pitStopsDim_transform scheduled__2024-06-16T00:00:00+00:00 [queued]>
[2024-06-17T10:24:10.201+0000] {taskinstance.py:2306} INFO - Starting attempt 1 of 1
[2024-06-17T10:24:10.208+0000] {taskinstance.py:2330} INFO - Executing <Task(_PythonDecoratedOperator): pitStopsDim_transform> on 2024-06-16 00:00:00+00:00
[2024-06-17T10:24:10.214+0000] {warnings.py:110} WARNING - /home/***/.local/lib/python3.12/site-packages/***/task/task_runner/standard_task_runner.py:61: DeprecationWarning: This process (pid=911) is multi-threaded, use of fork() may lead to deadlocks in the child.
  pid = os.fork()

[2024-06-17T10:24:10.215+0000] {standard_task_runner.py:63} INFO - Started process 931 to run task
[2024-06-17T10:24:10.215+0000] {standard_task_runner.py:90} INFO - Running: ['***', 'tasks', 'run', 'f1_data_pipeline_taskflow', 'pitStopsDim_transform', 'scheduled__2024-06-16T00:00:00+00:00', '--job-id', '14', '--raw', '--subdir', 'DAGS_FOLDER/etl_dag.py', '--cfg-path', '/tmp/tmp5fm1q9of']
[2024-06-17T10:24:10.217+0000] {standard_task_runner.py:91} INFO - Job 14: Subtask pitStopsDim_transform
[2024-06-17T10:24:10.251+0000] {task_command.py:426} INFO - Running <TaskInstance: f1_data_pipeline_taskflow.pitStopsDim_transform scheduled__2024-06-16T00:00:00+00:00 [running]> on host f37b7fb66c71
[2024-06-17T10:24:10.879+0000] {taskinstance.py:2648} INFO - Exporting env vars: AIRFLOW_CTX_DAG_OWNER='***' AIRFLOW_CTX_DAG_ID='f1_data_pipeline_taskflow' AIRFLOW_CTX_TASK_ID='pitStopsDim_transform' AIRFLOW_CTX_EXECUTION_DATE='2024-06-16T00:00:00+00:00' AIRFLOW_CTX_TRY_NUMBER='1' AIRFLOW_CTX_DAG_RUN_ID='scheduled__2024-06-16T00:00:00+00:00'
[2024-06-17T10:24:10.880+0000] {taskinstance.py:430} INFO - ::endgroup::
[2024-06-17T10:24:10.923+0000] {python.py:237} INFO - Done. Returned value was:         raceId  driverId  stop  lap_pitstops time_pitstops  duration
0          860        18     1            16      17:28:30    23.275
1          860        18     2            36      17:59:44    22.837
116        860         1     1            17      17:30:12    22.862
117        860         1     2            36      17:59:54    23.464
232        861        18     1             4      16:12:01    24.305
...        ...       ...   ...           ...           ...       ...
518061     944       834     1            14      14:22:03    25.492
518062     944       834     2            41      14:59:12    26.706
518195     953       837     1            11      14:22:57    29.117
518196     953       837     2            34      15:00:18    27.380
518197     953       837     3            47      15:21:24    26.292

[8975 rows x 6 columns]
[2024-06-17T10:24:10.929+0000] {taskinstance.py:441} INFO - ::group::Post task execution logs
[2024-06-17T10:24:10.971+0000] {taskinstance.py:1206} INFO - Marking task as SUCCESS. dag_id=f1_data_pipeline_taskflow, task_id=pitStopsDim_transform, run_id=scheduled__2024-06-16T00:00:00+00:00, execution_date=20240616T000000, start_date=20240617T102410, end_date=20240617T102410
[2024-06-17T10:24:11.030+0000] {local_task_job_runner.py:240} INFO - Task exited with return code 0
[2024-06-17T10:24:11.057+0000] {taskinstance.py:3498} INFO - 1 downstream tasks scheduled from follow-on schedule check
[2024-06-17T10:24:11.059+0000] {local_task_job_runner.py:222} INFO - ::endgroup::
[2024-06-17T10:39:19.873+0000] {local_task_job_runner.py:120} INFO - ::group::Pre task execution logs
[2024-06-17T10:39:19.888+0000] {taskinstance.py:2076} INFO - Dependencies all met for dep_context=non-requeueable deps ti=<TaskInstance: f1_data_pipeline_taskflow.pitStopsDim_transform scheduled__2024-06-16T00:00:00+00:00 [queued]>
[2024-06-17T10:39:19.893+0000] {taskinstance.py:2076} INFO - Dependencies all met for dep_context=requeueable deps ti=<TaskInstance: f1_data_pipeline_taskflow.pitStopsDim_transform scheduled__2024-06-16T00:00:00+00:00 [queued]>
[2024-06-17T10:39:19.893+0000] {taskinstance.py:2306} INFO - Starting attempt 1 of 1
[2024-06-17T10:39:19.900+0000] {taskinstance.py:2330} INFO - Executing <Task(_PythonDecoratedOperator): pitStopsDim_transform> on 2024-06-16 00:00:00+00:00
[2024-06-17T10:39:19.906+0000] {warnings.py:110} WARNING - /home/***/.local/lib/python3.12/site-packages/***/task/task_runner/standard_task_runner.py:61: DeprecationWarning: This process (pid=296) is multi-threaded, use of fork() may lead to deadlocks in the child.
  pid = os.fork()

[2024-06-17T10:39:19.907+0000] {standard_task_runner.py:63} INFO - Started process 305 to run task
[2024-06-17T10:39:19.908+0000] {standard_task_runner.py:90} INFO - Running: ['***', 'tasks', 'run', 'f1_data_pipeline_taskflow', 'pitStopsDim_transform', 'scheduled__2024-06-16T00:00:00+00:00', '--job-id', '12', '--raw', '--subdir', 'DAGS_FOLDER/etl_dag.py', '--cfg-path', '/tmp/tmpys19xuqy']
[2024-06-17T10:39:19.909+0000] {standard_task_runner.py:91} INFO - Job 12: Subtask pitStopsDim_transform
[2024-06-17T10:39:19.941+0000] {task_command.py:426} INFO - Running <TaskInstance: f1_data_pipeline_taskflow.pitStopsDim_transform scheduled__2024-06-16T00:00:00+00:00 [running]> on host 688ecc0cce5b
[2024-06-17T10:39:20.485+0000] {taskinstance.py:2648} INFO - Exporting env vars: AIRFLOW_CTX_DAG_OWNER='***' AIRFLOW_CTX_DAG_ID='f1_data_pipeline_taskflow' AIRFLOW_CTX_TASK_ID='pitStopsDim_transform' AIRFLOW_CTX_EXECUTION_DATE='2024-06-16T00:00:00+00:00' AIRFLOW_CTX_TRY_NUMBER='1' AIRFLOW_CTX_DAG_RUN_ID='scheduled__2024-06-16T00:00:00+00:00'
[2024-06-17T10:39:20.485+0000] {taskinstance.py:430} INFO - ::endgroup::
[2024-06-17T10:39:20.528+0000] {python.py:237} INFO - Done. Returned value was:         raceId  driverId  stop  lap_pitstops time_pitstops  duration
0          860        18     1            16      17:28:30    23.275
1          860        18     2            36      17:59:44    22.837
116        860         1     1            17      17:30:12    22.862
117        860         1     2            36      17:59:54    23.464
232        861        18     1             4      16:12:01    24.305
...        ...       ...   ...           ...           ...       ...
518061     944       834     1            14      14:22:03    25.492
518062     944       834     2            41      14:59:12    26.706
518195     953       837     1            11      14:22:57    29.117
518196     953       837     2            34      15:00:18    27.380
518197     953       837     3            47      15:21:24    26.292

[8975 rows x 6 columns]
[2024-06-17T10:39:20.535+0000] {taskinstance.py:441} INFO - ::group::Post task execution logs
[2024-06-17T10:39:20.579+0000] {taskinstance.py:1206} INFO - Marking task as SUCCESS. dag_id=f1_data_pipeline_taskflow, task_id=pitStopsDim_transform, run_id=scheduled__2024-06-16T00:00:00+00:00, execution_date=20240616T000000, start_date=20240617T103919, end_date=20240617T103920
[2024-06-17T10:39:20.603+0000] {local_task_job_runner.py:240} INFO - Task exited with return code 0
[2024-06-17T10:39:20.632+0000] {taskinstance.py:3498} INFO - 1 downstream tasks scheduled from follow-on schedule check
[2024-06-17T10:39:20.634+0000] {local_task_job_runner.py:222} INFO - ::endgroup::
[2024-06-17T11:13:21.027+0000] {local_task_job_runner.py:120} INFO - ::group::Pre task execution logs
[2024-06-17T11:13:21.042+0000] {taskinstance.py:2076} INFO - Dependencies all met for dep_context=non-requeueable deps ti=<TaskInstance: f1_data_pipeline_taskflow.pitStopsDim_transform scheduled__2024-06-16T00:00:00+00:00 [queued]>
[2024-06-17T11:13:21.047+0000] {taskinstance.py:2076} INFO - Dependencies all met for dep_context=requeueable deps ti=<TaskInstance: f1_data_pipeline_taskflow.pitStopsDim_transform scheduled__2024-06-16T00:00:00+00:00 [queued]>
[2024-06-17T11:13:21.047+0000] {taskinstance.py:2306} INFO - Starting attempt 1 of 1
[2024-06-17T11:13:21.055+0000] {taskinstance.py:2330} INFO - Executing <Task(_PythonDecoratedOperator): pitStopsDim_transform> on 2024-06-16 00:00:00+00:00
[2024-06-17T11:13:21.061+0000] {warnings.py:110} WARNING - /home/***/.local/lib/python3.12/site-packages/***/task/task_runner/standard_task_runner.py:61: DeprecationWarning: This process (pid=295) is multi-threaded, use of fork() may lead to deadlocks in the child.
  pid = os.fork()

[2024-06-17T11:13:21.062+0000] {standard_task_runner.py:63} INFO - Started process 306 to run task
[2024-06-17T11:13:21.062+0000] {standard_task_runner.py:90} INFO - Running: ['***', 'tasks', 'run', 'f1_data_pipeline_taskflow', 'pitStopsDim_transform', 'scheduled__2024-06-16T00:00:00+00:00', '--job-id', '13', '--raw', '--subdir', 'DAGS_FOLDER/etl_dag.py', '--cfg-path', '/tmp/tmpr83lawzq']
[2024-06-17T11:13:21.063+0000] {standard_task_runner.py:91} INFO - Job 13: Subtask pitStopsDim_transform
[2024-06-17T11:13:21.098+0000] {task_command.py:426} INFO - Running <TaskInstance: f1_data_pipeline_taskflow.pitStopsDim_transform scheduled__2024-06-16T00:00:00+00:00 [running]> on host 3a133740bf3d
[2024-06-17T11:13:21.766+0000] {taskinstance.py:2648} INFO - Exporting env vars: AIRFLOW_CTX_DAG_OWNER='***' AIRFLOW_CTX_DAG_ID='f1_data_pipeline_taskflow' AIRFLOW_CTX_TASK_ID='pitStopsDim_transform' AIRFLOW_CTX_EXECUTION_DATE='2024-06-16T00:00:00+00:00' AIRFLOW_CTX_TRY_NUMBER='1' AIRFLOW_CTX_DAG_RUN_ID='scheduled__2024-06-16T00:00:00+00:00'
[2024-06-17T11:13:21.767+0000] {taskinstance.py:430} INFO - ::endgroup::
[2024-06-17T11:13:21.812+0000] {python.py:237} INFO - Done. Returned value was:         raceId  driverId  stop  lap_pitstops time_pitstops  duration
0          860        18     1            16      17:28:30    23.275
1          860        18     2            36      17:59:44    22.837
116        860         1     1            17      17:30:12    22.862
117        860         1     2            36      17:59:54    23.464
232        861        18     1             4      16:12:01    24.305
...        ...       ...   ...           ...           ...       ...
518061     944       834     1            14      14:22:03    25.492
518062     944       834     2            41      14:59:12    26.706
518195     953       837     1            11      14:22:57    29.117
518196     953       837     2            34      15:00:18    27.380
518197     953       837     3            47      15:21:24    26.292

[8975 rows x 6 columns]
[2024-06-17T11:13:21.818+0000] {taskinstance.py:441} INFO - ::group::Post task execution logs
[2024-06-17T11:13:21.857+0000] {taskinstance.py:1206} INFO - Marking task as SUCCESS. dag_id=f1_data_pipeline_taskflow, task_id=pitStopsDim_transform, run_id=scheduled__2024-06-16T00:00:00+00:00, execution_date=20240616T000000, start_date=20240617T111321, end_date=20240617T111321
[2024-06-17T11:13:21.879+0000] {local_task_job_runner.py:240} INFO - Task exited with return code 0
[2024-06-17T11:13:21.902+0000] {taskinstance.py:3498} INFO - 1 downstream tasks scheduled from follow-on schedule check
[2024-06-17T11:13:21.903+0000] {local_task_job_runner.py:222} INFO - ::endgroup::
[2024-06-17T12:23:50.224+0000] {local_task_job_runner.py:120} INFO - ::group::Pre task execution logs
[2024-06-17T12:23:51.237+0000] {taskinstance.py:2076} INFO - Dependencies all met for dep_context=non-requeueable deps ti=<TaskInstance: f1_data_pipeline_taskflow.pitStopsDim_transform scheduled__2024-06-16T00:00:00+00:00 [queued]>
[2024-06-17T12:23:51.245+0000] {taskinstance.py:2076} INFO - Dependencies all met for dep_context=requeueable deps ti=<TaskInstance: f1_data_pipeline_taskflow.pitStopsDim_transform scheduled__2024-06-16T00:00:00+00:00 [queued]>
[2024-06-17T12:23:51.245+0000] {taskinstance.py:2306} INFO - Starting attempt 1 of 1
[2024-06-17T12:23:51.257+0000] {taskinstance.py:2330} INFO - Executing <Task(_PythonDecoratedOperator): pitStopsDim_transform> on 2024-06-16 00:00:00+00:00
[2024-06-17T12:23:51.265+0000] {warnings.py:110} WARNING - /home/***/.local/lib/python3.12/site-packages/***/task/task_runner/standard_task_runner.py:61: DeprecationWarning: This process (pid=286) is multi-threaded, use of fork() may lead to deadlocks in the child.
  pid = os.fork()

[2024-06-17T12:23:51.266+0000] {standard_task_runner.py:63} INFO - Started process 324 to run task
[2024-06-17T12:23:51.266+0000] {standard_task_runner.py:90} INFO - Running: ['***', 'tasks', 'run', 'f1_data_pipeline_taskflow', 'pitStopsDim_transform', 'scheduled__2024-06-16T00:00:00+00:00', '--job-id', '12', '--raw', '--subdir', 'DAGS_FOLDER/etl_dag.py', '--cfg-path', '/tmp/tmp9yn8ju5d']
[2024-06-17T12:23:51.268+0000] {standard_task_runner.py:91} INFO - Job 12: Subtask pitStopsDim_transform
[2024-06-17T12:23:51.312+0000] {task_command.py:426} INFO - Running <TaskInstance: f1_data_pipeline_taskflow.pitStopsDim_transform scheduled__2024-06-16T00:00:00+00:00 [running]> on host 5ef985758484
[2024-06-17T12:23:51.971+0000] {taskinstance.py:2648} INFO - Exporting env vars: AIRFLOW_CTX_DAG_OWNER='***' AIRFLOW_CTX_DAG_ID='f1_data_pipeline_taskflow' AIRFLOW_CTX_TASK_ID='pitStopsDim_transform' AIRFLOW_CTX_EXECUTION_DATE='2024-06-16T00:00:00+00:00' AIRFLOW_CTX_TRY_NUMBER='1' AIRFLOW_CTX_DAG_RUN_ID='scheduled__2024-06-16T00:00:00+00:00'
[2024-06-17T12:23:51.972+0000] {taskinstance.py:430} INFO - ::endgroup::
[2024-06-17T12:23:52.023+0000] {python.py:237} INFO - Done. Returned value was:         raceId  driverId  stop  lap_pitstops time_pitstops  duration
0          860        18     1            16      17:28:30    23.275
1          860        18     2            36      17:59:44    22.837
116        860         1     1            17      17:30:12    22.862
117        860         1     2            36      17:59:54    23.464
232        861        18     1             4      16:12:01    24.305
...        ...       ...   ...           ...           ...       ...
518061     944       834     1            14      14:22:03    25.492
518062     944       834     2            41      14:59:12    26.706
518195     953       837     1            11      14:22:57    29.117
518196     953       837     2            34      15:00:18    27.380
518197     953       837     3            47      15:21:24    26.292

[8975 rows x 6 columns]
[2024-06-17T12:23:52.030+0000] {taskinstance.py:441} INFO - ::group::Post task execution logs
[2024-06-17T12:23:52.072+0000] {taskinstance.py:1206} INFO - Marking task as SUCCESS. dag_id=f1_data_pipeline_taskflow, task_id=pitStopsDim_transform, run_id=scheduled__2024-06-16T00:00:00+00:00, execution_date=20240616T000000, start_date=20240617T122351, end_date=20240617T122352
[2024-06-17T12:23:52.122+0000] {local_task_job_runner.py:240} INFO - Task exited with return code 0
[2024-06-17T12:23:52.151+0000] {taskinstance.py:3498} INFO - 1 downstream tasks scheduled from follow-on schedule check
[2024-06-17T12:23:52.153+0000] {local_task_job_runner.py:222} INFO - ::endgroup::
[2024-06-17T12:41:56.438+0000] {local_task_job_runner.py:120} INFO - ::group::Pre task execution logs
[2024-06-17T12:41:56.454+0000] {taskinstance.py:2076} INFO - Dependencies all met for dep_context=non-requeueable deps ti=<TaskInstance: f1_data_pipeline_taskflow.pitStopsDim_transform scheduled__2024-06-16T00:00:00+00:00 [queued]>
[2024-06-17T12:41:56.460+0000] {taskinstance.py:2076} INFO - Dependencies all met for dep_context=requeueable deps ti=<TaskInstance: f1_data_pipeline_taskflow.pitStopsDim_transform scheduled__2024-06-16T00:00:00+00:00 [queued]>
[2024-06-17T12:41:56.460+0000] {taskinstance.py:2306} INFO - Starting attempt 1 of 1
[2024-06-17T12:41:56.468+0000] {taskinstance.py:2330} INFO - Executing <Task(_PythonDecoratedOperator): pitStopsDim_transform> on 2024-06-16 00:00:00+00:00
[2024-06-17T12:41:56.474+0000] {warnings.py:110} WARNING - /home/***/.local/lib/python3.12/site-packages/***/task/task_runner/standard_task_runner.py:61: DeprecationWarning: This process (pid=295) is multi-threaded, use of fork() may lead to deadlocks in the child.
  pid = os.fork()

[2024-06-17T12:41:56.475+0000] {standard_task_runner.py:63} INFO - Started process 305 to run task
[2024-06-17T12:41:56.475+0000] {standard_task_runner.py:90} INFO - Running: ['***', 'tasks', 'run', 'f1_data_pipeline_taskflow', 'pitStopsDim_transform', 'scheduled__2024-06-16T00:00:00+00:00', '--job-id', '12', '--raw', '--subdir', 'DAGS_FOLDER/etl_dag.py', '--cfg-path', '/tmp/tmpu84nhoj8']
[2024-06-17T12:41:56.476+0000] {standard_task_runner.py:91} INFO - Job 12: Subtask pitStopsDim_transform
[2024-06-17T12:41:56.510+0000] {task_command.py:426} INFO - Running <TaskInstance: f1_data_pipeline_taskflow.pitStopsDim_transform scheduled__2024-06-16T00:00:00+00:00 [running]> on host c6f07e7c011e
[2024-06-17T12:41:57.113+0000] {taskinstance.py:2648} INFO - Exporting env vars: AIRFLOW_CTX_DAG_OWNER='***' AIRFLOW_CTX_DAG_ID='f1_data_pipeline_taskflow' AIRFLOW_CTX_TASK_ID='pitStopsDim_transform' AIRFLOW_CTX_EXECUTION_DATE='2024-06-16T00:00:00+00:00' AIRFLOW_CTX_TRY_NUMBER='1' AIRFLOW_CTX_DAG_RUN_ID='scheduled__2024-06-16T00:00:00+00:00'
[2024-06-17T12:41:57.114+0000] {taskinstance.py:430} INFO - ::endgroup::
[2024-06-17T12:41:57.162+0000] {python.py:237} INFO - Done. Returned value was:         raceId  driverId  stop  lap_pitstops time_pitstops  duration
0          860        18     1            16      17:28:30    23.275
1          860        18     2            36      17:59:44    22.837
116        860         1     1            17      17:30:12    22.862
117        860         1     2            36      17:59:54    23.464
232        861        18     1             4      16:12:01    24.305
...        ...       ...   ...           ...           ...       ...
518061     944       834     1            14      14:22:03    25.492
518062     944       834     2            41      14:59:12    26.706
518195     953       837     1            11      14:22:57    29.117
518196     953       837     2            34      15:00:18    27.380
518197     953       837     3            47      15:21:24    26.292

[8975 rows x 6 columns]
[2024-06-17T12:41:57.170+0000] {taskinstance.py:441} INFO - ::group::Post task execution logs
[2024-06-17T12:41:57.209+0000] {taskinstance.py:1206} INFO - Marking task as SUCCESS. dag_id=f1_data_pipeline_taskflow, task_id=pitStopsDim_transform, run_id=scheduled__2024-06-16T00:00:00+00:00, execution_date=20240616T000000, start_date=20240617T124156, end_date=20240617T124157
[2024-06-17T12:41:57.250+0000] {local_task_job_runner.py:240} INFO - Task exited with return code 0
[2024-06-17T12:41:57.273+0000] {taskinstance.py:3498} INFO - 1 downstream tasks scheduled from follow-on schedule check
[2024-06-17T12:41:57.274+0000] {local_task_job_runner.py:222} INFO - ::endgroup::
[2024-06-17T12:47:20.462+0000] {local_task_job_runner.py:120} INFO - ::group::Pre task execution logs
[2024-06-17T12:47:20.480+0000] {taskinstance.py:2076} INFO - Dependencies all met for dep_context=non-requeueable deps ti=<TaskInstance: f1_data_pipeline_taskflow.pitStopsDim_transform scheduled__2024-06-16T00:00:00+00:00 [queued]>
[2024-06-17T12:47:20.488+0000] {taskinstance.py:2076} INFO - Dependencies all met for dep_context=requeueable deps ti=<TaskInstance: f1_data_pipeline_taskflow.pitStopsDim_transform scheduled__2024-06-16T00:00:00+00:00 [queued]>
[2024-06-17T12:47:20.489+0000] {taskinstance.py:2306} INFO - Starting attempt 1 of 1
[2024-06-17T12:47:20.498+0000] {taskinstance.py:2330} INFO - Executing <Task(_PythonDecoratedOperator): pitStopsDim_transform> on 2024-06-16 00:00:00+00:00
[2024-06-17T12:47:20.504+0000] {warnings.py:110} WARNING - /home/***/.local/lib/python3.12/site-packages/***/task/task_runner/standard_task_runner.py:61: DeprecationWarning: This process (pid=298) is multi-threaded, use of fork() may lead to deadlocks in the child.
  pid = os.fork()

[2024-06-17T12:47:20.505+0000] {standard_task_runner.py:63} INFO - Started process 345 to run task
[2024-06-17T12:47:20.506+0000] {standard_task_runner.py:90} INFO - Running: ['***', 'tasks', 'run', 'f1_data_pipeline_taskflow', 'pitStopsDim_transform', 'scheduled__2024-06-16T00:00:00+00:00', '--job-id', '17', '--raw', '--subdir', 'DAGS_FOLDER/etl_dag.py', '--cfg-path', '/tmp/tmpo0au9z7_']
[2024-06-17T12:47:20.507+0000] {standard_task_runner.py:91} INFO - Job 17: Subtask pitStopsDim_transform
[2024-06-17T12:47:20.553+0000] {task_command.py:426} INFO - Running <TaskInstance: f1_data_pipeline_taskflow.pitStopsDim_transform scheduled__2024-06-16T00:00:00+00:00 [running]> on host 7b9616fbccae
[2024-06-17T12:47:21.192+0000] {taskinstance.py:2648} INFO - Exporting env vars: AIRFLOW_CTX_DAG_OWNER='***' AIRFLOW_CTX_DAG_ID='f1_data_pipeline_taskflow' AIRFLOW_CTX_TASK_ID='pitStopsDim_transform' AIRFLOW_CTX_EXECUTION_DATE='2024-06-16T00:00:00+00:00' AIRFLOW_CTX_TRY_NUMBER='1' AIRFLOW_CTX_DAG_RUN_ID='scheduled__2024-06-16T00:00:00+00:00'
[2024-06-17T12:47:21.193+0000] {taskinstance.py:430} INFO - ::endgroup::
[2024-06-17T12:47:21.236+0000] {python.py:237} INFO - Done. Returned value was:         raceId  driverId  stop  lap_pitstops time_pitstops  duration
0          860        18     1            16      17:28:30    23.275
1          860        18     2            36      17:59:44    22.837
116        860         1     1            17      17:30:12    22.862
117        860         1     2            36      17:59:54    23.464
232        861        18     1             4      16:12:01    24.305
...        ...       ...   ...           ...           ...       ...
518061     944       834     1            14      14:22:03    25.492
518062     944       834     2            41      14:59:12    26.706
518195     953       837     1            11      14:22:57    29.117
518196     953       837     2            34      15:00:18    27.380
518197     953       837     3            47      15:21:24    26.292

[8975 rows x 6 columns]
[2024-06-17T12:47:21.242+0000] {taskinstance.py:441} INFO - ::group::Post task execution logs
[2024-06-17T12:47:21.280+0000] {taskinstance.py:1206} INFO - Marking task as SUCCESS. dag_id=f1_data_pipeline_taskflow, task_id=pitStopsDim_transform, run_id=scheduled__2024-06-16T00:00:00+00:00, execution_date=20240616T000000, start_date=20240617T124720, end_date=20240617T124721
[2024-06-17T12:47:21.321+0000] {local_task_job_runner.py:240} INFO - Task exited with return code 0
[2024-06-17T12:47:21.340+0000] {taskinstance.py:3498} INFO - 2 downstream tasks scheduled from follow-on schedule check
[2024-06-17T12:47:21.342+0000] {local_task_job_runner.py:222} INFO - ::endgroup::
[2024-06-17T13:15:45.518+0000] {local_task_job_runner.py:120} INFO - ::group::Pre task execution logs
[2024-06-17T13:15:45.533+0000] {taskinstance.py:2076} INFO - Dependencies all met for dep_context=non-requeueable deps ti=<TaskInstance: f1_data_pipeline_taskflow.pitStopsDim_transform scheduled__2024-06-16T00:00:00+00:00 [queued]>
[2024-06-17T13:15:45.538+0000] {taskinstance.py:2076} INFO - Dependencies all met for dep_context=requeueable deps ti=<TaskInstance: f1_data_pipeline_taskflow.pitStopsDim_transform scheduled__2024-06-16T00:00:00+00:00 [queued]>
[2024-06-17T13:15:45.538+0000] {taskinstance.py:2306} INFO - Starting attempt 1 of 1
[2024-06-17T13:15:45.547+0000] {taskinstance.py:2330} INFO - Executing <Task(_PythonDecoratedOperator): pitStopsDim_transform> on 2024-06-16 00:00:00+00:00
[2024-06-17T13:15:45.553+0000] {warnings.py:110} WARNING - /home/***/.local/lib/python3.12/site-packages/***/task/task_runner/standard_task_runner.py:61: DeprecationWarning: This process (pid=298) is multi-threaded, use of fork() may lead to deadlocks in the child.
  pid = os.fork()

[2024-06-17T13:15:45.553+0000] {standard_task_runner.py:63} INFO - Started process 307 to run task
[2024-06-17T13:15:45.554+0000] {standard_task_runner.py:90} INFO - Running: ['***', 'tasks', 'run', 'f1_data_pipeline_taskflow', 'pitStopsDim_transform', 'scheduled__2024-06-16T00:00:00+00:00', '--job-id', '12', '--raw', '--subdir', 'DAGS_FOLDER/etl_dag.py', '--cfg-path', '/tmp/tmpb3hc_kf3']
[2024-06-17T13:15:45.555+0000] {standard_task_runner.py:91} INFO - Job 12: Subtask pitStopsDim_transform
[2024-06-17T13:15:45.591+0000] {task_command.py:426} INFO - Running <TaskInstance: f1_data_pipeline_taskflow.pitStopsDim_transform scheduled__2024-06-16T00:00:00+00:00 [running]> on host 32e484e314f3
[2024-06-17T13:15:46.182+0000] {taskinstance.py:2648} INFO - Exporting env vars: AIRFLOW_CTX_DAG_OWNER='***' AIRFLOW_CTX_DAG_ID='f1_data_pipeline_taskflow' AIRFLOW_CTX_TASK_ID='pitStopsDim_transform' AIRFLOW_CTX_EXECUTION_DATE='2024-06-16T00:00:00+00:00' AIRFLOW_CTX_TRY_NUMBER='1' AIRFLOW_CTX_DAG_RUN_ID='scheduled__2024-06-16T00:00:00+00:00'
[2024-06-17T13:15:46.182+0000] {taskinstance.py:430} INFO - ::endgroup::
[2024-06-17T13:15:46.225+0000] {python.py:237} INFO - Done. Returned value was:         raceId  driverId  stop  lap_pitstops time_pitstops  duration
0          860        18     1            16      17:28:30    23.275
1          860        18     2            36      17:59:44    22.837
116        860         1     1            17      17:30:12    22.862
117        860         1     2            36      17:59:54    23.464
232        861        18     1             4      16:12:01    24.305
...        ...       ...   ...           ...           ...       ...
518061     944       834     1            14      14:22:03    25.492
518062     944       834     2            41      14:59:12    26.706
518195     953       837     1            11      14:22:57    29.117
518196     953       837     2            34      15:00:18    27.380
518197     953       837     3            47      15:21:24    26.292

[8975 rows x 6 columns]
[2024-06-17T13:15:46.232+0000] {taskinstance.py:441} INFO - ::group::Post task execution logs
[2024-06-17T13:15:46.275+0000] {taskinstance.py:1206} INFO - Marking task as SUCCESS. dag_id=f1_data_pipeline_taskflow, task_id=pitStopsDim_transform, run_id=scheduled__2024-06-16T00:00:00+00:00, execution_date=20240616T000000, start_date=20240617T131545, end_date=20240617T131546
[2024-06-17T13:15:46.328+0000] {local_task_job_runner.py:240} INFO - Task exited with return code 0
[2024-06-17T13:15:46.349+0000] {taskinstance.py:3498} INFO - 1 downstream tasks scheduled from follow-on schedule check
[2024-06-17T13:15:46.351+0000] {local_task_job_runner.py:222} INFO - ::endgroup::
[2024-06-17T13:26:02.436+0000] {local_task_job_runner.py:120} INFO - ::group::Pre task execution logs
[2024-06-17T13:26:02.453+0000] {taskinstance.py:2076} INFO - Dependencies all met for dep_context=non-requeueable deps ti=<TaskInstance: f1_data_pipeline_taskflow.pitStopsDim_transform scheduled__2024-06-16T00:00:00+00:00 [queued]>
[2024-06-17T13:26:02.459+0000] {taskinstance.py:2076} INFO - Dependencies all met for dep_context=requeueable deps ti=<TaskInstance: f1_data_pipeline_taskflow.pitStopsDim_transform scheduled__2024-06-16T00:00:00+00:00 [queued]>
[2024-06-17T13:26:02.459+0000] {taskinstance.py:2306} INFO - Starting attempt 1 of 1
[2024-06-17T13:26:02.469+0000] {taskinstance.py:2330} INFO - Executing <Task(_PythonDecoratedOperator): pitStopsDim_transform> on 2024-06-16 00:00:00+00:00
[2024-06-17T13:26:02.475+0000] {warnings.py:110} WARNING - /home/***/.local/lib/python3.12/site-packages/***/task/task_runner/standard_task_runner.py:61: DeprecationWarning: This process (pid=296) is multi-threaded, use of fork() may lead to deadlocks in the child.
  pid = os.fork()

[2024-06-17T13:26:02.476+0000] {standard_task_runner.py:63} INFO - Started process 335 to run task
[2024-06-17T13:26:02.477+0000] {standard_task_runner.py:90} INFO - Running: ['***', 'tasks', 'run', 'f1_data_pipeline_taskflow', 'pitStopsDim_transform', 'scheduled__2024-06-16T00:00:00+00:00', '--job-id', '16', '--raw', '--subdir', 'DAGS_FOLDER/etl_dag.py', '--cfg-path', '/tmp/tmpdavp_me5']
[2024-06-17T13:26:02.478+0000] {standard_task_runner.py:91} INFO - Job 16: Subtask pitStopsDim_transform
[2024-06-17T13:26:02.518+0000] {task_command.py:426} INFO - Running <TaskInstance: f1_data_pipeline_taskflow.pitStopsDim_transform scheduled__2024-06-16T00:00:00+00:00 [running]> on host 96c07605841c
[2024-06-17T13:26:03.222+0000] {taskinstance.py:2648} INFO - Exporting env vars: AIRFLOW_CTX_DAG_OWNER='***' AIRFLOW_CTX_DAG_ID='f1_data_pipeline_taskflow' AIRFLOW_CTX_TASK_ID='pitStopsDim_transform' AIRFLOW_CTX_EXECUTION_DATE='2024-06-16T00:00:00+00:00' AIRFLOW_CTX_TRY_NUMBER='1' AIRFLOW_CTX_DAG_RUN_ID='scheduled__2024-06-16T00:00:00+00:00'
[2024-06-17T13:26:03.223+0000] {taskinstance.py:430} INFO - ::endgroup::
[2024-06-17T13:26:03.308+0000] {python.py:237} INFO - Done. Returned value was:         raceId  driverId  stop  lap_pitstops time_pitstops  duration
0          860        18     1            16      17:28:30    23.275
1          860        18     2            36      17:59:44    22.837
116        860         1     1            17      17:30:12    22.862
117        860         1     2            36      17:59:54    23.464
232        861        18     1             4      16:12:01    24.305
...        ...       ...   ...           ...           ...       ...
518061     944       834     1            14      14:22:03    25.492
518062     944       834     2            41      14:59:12    26.706
518195     953       837     1            11      14:22:57    29.117
518196     953       837     2            34      15:00:18    27.380
518197     953       837     3            47      15:21:24    26.292

[8975 rows x 6 columns]
[2024-06-17T13:26:03.317+0000] {taskinstance.py:441} INFO - ::group::Post task execution logs
[2024-06-17T13:26:03.365+0000] {taskinstance.py:1206} INFO - Marking task as SUCCESS. dag_id=f1_data_pipeline_taskflow, task_id=pitStopsDim_transform, run_id=scheduled__2024-06-16T00:00:00+00:00, execution_date=20240616T000000, start_date=20240617T132602, end_date=20240617T132603
[2024-06-17T13:26:03.412+0000] {local_task_job_runner.py:240} INFO - Task exited with return code 0
[2024-06-17T13:26:03.440+0000] {taskinstance.py:3498} INFO - 1 downstream tasks scheduled from follow-on schedule check
[2024-06-17T13:26:03.442+0000] {local_task_job_runner.py:222} INFO - ::endgroup::
[2024-06-17T13:55:27.305+0000] {local_task_job_runner.py:120} INFO - ::group::Pre task execution logs
[2024-06-17T13:55:27.321+0000] {taskinstance.py:2076} INFO - Dependencies all met for dep_context=non-requeueable deps ti=<TaskInstance: f1_data_pipeline_taskflow.pitStopsDim_transform scheduled__2024-06-16T00:00:00+00:00 [queued]>
[2024-06-17T13:55:27.326+0000] {taskinstance.py:2076} INFO - Dependencies all met for dep_context=requeueable deps ti=<TaskInstance: f1_data_pipeline_taskflow.pitStopsDim_transform scheduled__2024-06-16T00:00:00+00:00 [queued]>
[2024-06-17T13:55:27.326+0000] {taskinstance.py:2306} INFO - Starting attempt 1 of 1
[2024-06-17T13:55:27.334+0000] {taskinstance.py:2330} INFO - Executing <Task(_PythonDecoratedOperator): pitStopsDim_transform> on 2024-06-16 00:00:00+00:00
[2024-06-17T13:55:27.340+0000] {warnings.py:110} WARNING - /home/***/.local/lib/python3.12/site-packages/***/task/task_runner/standard_task_runner.py:61: DeprecationWarning: This process (pid=305) is multi-threaded, use of fork() may lead to deadlocks in the child.
  pid = os.fork()

[2024-06-17T13:55:27.341+0000] {standard_task_runner.py:63} INFO - Started process 352 to run task
[2024-06-17T13:55:27.341+0000] {standard_task_runner.py:90} INFO - Running: ['***', 'tasks', 'run', 'f1_data_pipeline_taskflow', 'pitStopsDim_transform', 'scheduled__2024-06-16T00:00:00+00:00', '--job-id', '16', '--raw', '--subdir', 'DAGS_FOLDER/etl_dag.py', '--cfg-path', '/tmp/tmp_5_97shf']
[2024-06-17T13:55:27.343+0000] {standard_task_runner.py:91} INFO - Job 16: Subtask pitStopsDim_transform
[2024-06-17T13:55:27.380+0000] {task_command.py:426} INFO - Running <TaskInstance: f1_data_pipeline_taskflow.pitStopsDim_transform scheduled__2024-06-16T00:00:00+00:00 [running]> on host b1cdb958cbe8
[2024-06-17T13:55:27.946+0000] {taskinstance.py:2648} INFO - Exporting env vars: AIRFLOW_CTX_DAG_OWNER='***' AIRFLOW_CTX_DAG_ID='f1_data_pipeline_taskflow' AIRFLOW_CTX_TASK_ID='pitStopsDim_transform' AIRFLOW_CTX_EXECUTION_DATE='2024-06-16T00:00:00+00:00' AIRFLOW_CTX_TRY_NUMBER='1' AIRFLOW_CTX_DAG_RUN_ID='scheduled__2024-06-16T00:00:00+00:00'
[2024-06-17T13:55:27.947+0000] {taskinstance.py:430} INFO - ::endgroup::
[2024-06-17T13:55:27.992+0000] {python.py:237} INFO - Done. Returned value was:         raceId  driverId  stop  lap_pitstops time_pitstops  duration
0          860        18     1            16      17:28:30    23.275
1          860        18     2            36      17:59:44    22.837
116        860         1     1            17      17:30:12    22.862
117        860         1     2            36      17:59:54    23.464
232        861        18     1             4      16:12:01    24.305
...        ...       ...   ...           ...           ...       ...
518061     944       834     1            14      14:22:03    25.492
518062     944       834     2            41      14:59:12    26.706
518195     953       837     1            11      14:22:57    29.117
518196     953       837     2            34      15:00:18    27.380
518197     953       837     3            47      15:21:24    26.292

[8975 rows x 6 columns]
[2024-06-17T13:55:28.001+0000] {taskinstance.py:441} INFO - ::group::Post task execution logs
[2024-06-17T13:55:28.041+0000] {taskinstance.py:1206} INFO - Marking task as SUCCESS. dag_id=f1_data_pipeline_taskflow, task_id=pitStopsDim_transform, run_id=scheduled__2024-06-16T00:00:00+00:00, execution_date=20240616T000000, start_date=20240617T135527, end_date=20240617T135528
[2024-06-17T13:55:28.076+0000] {local_task_job_runner.py:240} INFO - Task exited with return code 0
[2024-06-17T13:55:28.108+0000] {taskinstance.py:3498} INFO - 1 downstream tasks scheduled from follow-on schedule check
[2024-06-17T13:55:28.110+0000] {local_task_job_runner.py:222} INFO - ::endgroup::
[2024-06-17T14:14:31.866+0000] {local_task_job_runner.py:120} INFO - ::group::Pre task execution logs
[2024-06-17T14:14:31.883+0000] {taskinstance.py:2076} INFO - Dependencies all met for dep_context=non-requeueable deps ti=<TaskInstance: f1_data_pipeline_taskflow.pitStopsDim_transform scheduled__2024-06-16T00:00:00+00:00 [queued]>
[2024-06-17T14:14:31.889+0000] {taskinstance.py:2076} INFO - Dependencies all met for dep_context=requeueable deps ti=<TaskInstance: f1_data_pipeline_taskflow.pitStopsDim_transform scheduled__2024-06-16T00:00:00+00:00 [queued]>
[2024-06-17T14:14:31.889+0000] {taskinstance.py:2306} INFO - Starting attempt 1 of 1
[2024-06-17T14:14:31.898+0000] {taskinstance.py:2330} INFO - Executing <Task(_PythonDecoratedOperator): pitStopsDim_transform> on 2024-06-16 00:00:00+00:00
[2024-06-17T14:14:31.904+0000] {warnings.py:110} WARNING - /home/***/.local/lib/python3.12/site-packages/***/task/task_runner/standard_task_runner.py:61: DeprecationWarning: This process (pid=310) is multi-threaded, use of fork() may lead to deadlocks in the child.
  pid = os.fork()

[2024-06-17T14:14:31.905+0000] {standard_task_runner.py:63} INFO - Started process 320 to run task
[2024-06-17T14:14:31.905+0000] {standard_task_runner.py:90} INFO - Running: ['***', 'tasks', 'run', 'f1_data_pipeline_taskflow', 'pitStopsDim_transform', 'scheduled__2024-06-16T00:00:00+00:00', '--job-id', '17', '--raw', '--subdir', 'DAGS_FOLDER/etl_dag.py', '--cfg-path', '/tmp/tmp7ba25yzi']
[2024-06-17T14:14:31.907+0000] {standard_task_runner.py:91} INFO - Job 17: Subtask pitStopsDim_transform
[2024-06-17T14:14:31.946+0000] {task_command.py:426} INFO - Running <TaskInstance: f1_data_pipeline_taskflow.pitStopsDim_transform scheduled__2024-06-16T00:00:00+00:00 [running]> on host ad2413a51065
[2024-06-17T14:14:32.692+0000] {taskinstance.py:2648} INFO - Exporting env vars: AIRFLOW_CTX_DAG_OWNER='***' AIRFLOW_CTX_DAG_ID='f1_data_pipeline_taskflow' AIRFLOW_CTX_TASK_ID='pitStopsDim_transform' AIRFLOW_CTX_EXECUTION_DATE='2024-06-16T00:00:00+00:00' AIRFLOW_CTX_TRY_NUMBER='1' AIRFLOW_CTX_DAG_RUN_ID='scheduled__2024-06-16T00:00:00+00:00'
[2024-06-17T14:14:32.694+0000] {taskinstance.py:430} INFO - ::endgroup::
[2024-06-17T14:14:32.766+0000] {python.py:237} INFO - Done. Returned value was:         raceId  driverId  stop  lap_pitstops time_pitstops  duration
0          860        18     1            16      17:28:30    23.275
1          860        18     2            36      17:59:44    22.837
116        860         1     1            17      17:30:12    22.862
117        860         1     2            36      17:59:54    23.464
232        861        18     1             4      16:12:01    24.305
...        ...       ...   ...           ...           ...       ...
518061     944       834     1            14      14:22:03    25.492
518062     944       834     2            41      14:59:12    26.706
518195     953       837     1            11      14:22:57    29.117
518196     953       837     2            34      15:00:18    27.380
518197     953       837     3            47      15:21:24    26.292

[8975 rows x 6 columns]
[2024-06-17T14:14:32.779+0000] {taskinstance.py:441} INFO - ::group::Post task execution logs
[2024-06-17T14:14:32.826+0000] {taskinstance.py:1206} INFO - Marking task as SUCCESS. dag_id=f1_data_pipeline_taskflow, task_id=pitStopsDim_transform, run_id=scheduled__2024-06-16T00:00:00+00:00, execution_date=20240616T000000, start_date=20240617T141431, end_date=20240617T141432
[2024-06-17T14:14:32.881+0000] {local_task_job_runner.py:240} INFO - Task exited with return code 0
[2024-06-17T14:14:32.904+0000] {taskinstance.py:3498} INFO - 1 downstream tasks scheduled from follow-on schedule check
[2024-06-17T14:14:32.906+0000] {local_task_job_runner.py:222} INFO - ::endgroup::
[2024-06-24T07:21:47.534+0000] {local_task_job_runner.py:120} INFO - ::group::Pre task execution logs
[2024-06-24T07:21:47.555+0000] {taskinstance.py:2076} INFO - Dependencies all met for dep_context=non-requeueable deps ti=<TaskInstance: f1_data_pipeline_taskflow.pitStopsDim_transform scheduled__2024-06-16T00:00:00+00:00 [queued]>
[2024-06-24T07:21:47.561+0000] {taskinstance.py:2076} INFO - Dependencies all met for dep_context=requeueable deps ti=<TaskInstance: f1_data_pipeline_taskflow.pitStopsDim_transform scheduled__2024-06-16T00:00:00+00:00 [queued]>
[2024-06-24T07:21:47.562+0000] {taskinstance.py:2306} INFO - Starting attempt 1 of 1
[2024-06-24T07:21:47.574+0000] {taskinstance.py:2330} INFO - Executing <Task(_PythonDecoratedOperator): pitStopsDim_transform> on 2024-06-16 00:00:00+00:00
[2024-06-24T07:21:47.582+0000] {warnings.py:110} WARNING - /home/***/.local/lib/python3.12/site-packages/***/task/task_runner/standard_task_runner.py:61: DeprecationWarning: This process (pid=305) is multi-threaded, use of fork() may lead to deadlocks in the child.
  pid = os.fork()

[2024-06-24T07:21:47.583+0000] {standard_task_runner.py:63} INFO - Started process 339 to run task
[2024-06-24T07:21:47.584+0000] {standard_task_runner.py:90} INFO - Running: ['***', 'tasks', 'run', 'f1_data_pipeline_taskflow', 'pitStopsDim_transform', 'scheduled__2024-06-16T00:00:00+00:00', '--job-id', '18', '--raw', '--subdir', 'DAGS_FOLDER/etl_dag.py', '--cfg-path', '/tmp/tmple9g2cmt']
[2024-06-24T07:21:47.587+0000] {standard_task_runner.py:91} INFO - Job 18: Subtask pitStopsDim_transform
[2024-06-24T07:21:47.631+0000] {task_command.py:426} INFO - Running <TaskInstance: f1_data_pipeline_taskflow.pitStopsDim_transform scheduled__2024-06-16T00:00:00+00:00 [running]> on host 4fefe0a35f4a
[2024-06-24T07:21:48.311+0000] {taskinstance.py:2648} INFO - Exporting env vars: AIRFLOW_CTX_DAG_OWNER='***' AIRFLOW_CTX_DAG_ID='f1_data_pipeline_taskflow' AIRFLOW_CTX_TASK_ID='pitStopsDim_transform' AIRFLOW_CTX_EXECUTION_DATE='2024-06-16T00:00:00+00:00' AIRFLOW_CTX_TRY_NUMBER='1' AIRFLOW_CTX_DAG_RUN_ID='scheduled__2024-06-16T00:00:00+00:00'
[2024-06-24T07:21:48.311+0000] {taskinstance.py:430} INFO - ::endgroup::
[2024-06-24T07:21:48.356+0000] {python.py:237} INFO - Done. Returned value was:         raceId  driverId  stop  lap_pitstops time_pitstops  duration
0          860        18     1            16      17:28:30    23.275
1          860        18     2            36      17:59:44    22.837
116        860         1     1            17      17:30:12    22.862
117        860         1     2            36      17:59:54    23.464
232        861        18     1             4      16:12:01    24.305
...        ...       ...   ...           ...           ...       ...
518061     944       834     1            14      14:22:03    25.492
518062     944       834     2            41      14:59:12    26.706
518195     953       837     1            11      14:22:57    29.117
518196     953       837     2            34      15:00:18    27.380
518197     953       837     3            47      15:21:24    26.292

[8975 rows x 6 columns]
[2024-06-24T07:21:48.363+0000] {taskinstance.py:441} INFO - ::group::Post task execution logs
[2024-06-24T07:21:48.401+0000] {taskinstance.py:1206} INFO - Marking task as SUCCESS. dag_id=f1_data_pipeline_taskflow, task_id=pitStopsDim_transform, run_id=scheduled__2024-06-16T00:00:00+00:00, execution_date=20240616T000000, start_date=20240624T072147, end_date=20240624T072148
[2024-06-24T07:21:48.438+0000] {local_task_job_runner.py:240} INFO - Task exited with return code 0
[2024-06-24T07:21:48.459+0000] {taskinstance.py:3498} INFO - 1 downstream tasks scheduled from follow-on schedule check
[2024-06-24T07:21:48.461+0000] {local_task_job_runner.py:222} INFO - ::endgroup::
