[2024-06-18T09:30:56.207+0000] {local_task_job_runner.py:120} INFO - ::group::Pre task execution logs
[2024-06-18T09:30:56.237+0000] {taskinstance.py:2076} INFO - Dependencies all met for dep_context=non-requeueable deps ti=<TaskInstance: f1_data_pipeline_kafka_fetchAndPublish.fetch_and_publish_driverStandings manual__2024-06-18T09:30:43.974924+00:00 [queued]>
[2024-06-18T09:30:56.247+0000] {taskinstance.py:2076} INFO - Dependencies all met for dep_context=requeueable deps ti=<TaskInstance: f1_data_pipeline_kafka_fetchAndPublish.fetch_and_publish_driverStandings manual__2024-06-18T09:30:43.974924+00:00 [queued]>
[2024-06-18T09:30:56.248+0000] {taskinstance.py:2306} INFO - Starting attempt 1 of 1
[2024-06-18T09:30:56.260+0000] {taskinstance.py:2330} INFO - Executing <Task(_PythonDecoratedOperator): fetch_and_publish_driverStandings> on 2024-06-18 09:30:43.974924+00:00
[2024-06-18T09:30:56.269+0000] {warnings.py:110} WARNING - /home/***/.local/lib/python3.12/site-packages/***/task/task_runner/standard_task_runner.py:61: DeprecationWarning: This process (pid=1598) is multi-threaded, use of fork() may lead to deadlocks in the child.
  pid = os.fork()

[2024-06-18T09:30:56.271+0000] {standard_task_runner.py:63} INFO - Started process 1619 to run task
[2024-06-18T09:30:56.271+0000] {standard_task_runner.py:90} INFO - Running: ['***', 'tasks', 'run', 'f1_data_pipeline_kafka_fetchAndPublish', 'fetch_and_publish_driverStandings', 'manual__2024-06-18T09:30:43.974924+00:00', '--job-id', '58', '--raw', '--subdir', 'DAGS_FOLDER/ergast_kafka_fetch_and_publish.py', '--cfg-path', '/tmp/tmpgxfk_7f4']
[2024-06-18T09:30:56.273+0000] {standard_task_runner.py:91} INFO - Job 58: Subtask fetch_and_publish_driverStandings
[2024-06-18T09:30:56.337+0000] {task_command.py:426} INFO - Running <TaskInstance: f1_data_pipeline_kafka_fetchAndPublish.fetch_and_publish_driverStandings manual__2024-06-18T09:30:43.974924+00:00 [running]> on host 85d13f87db98
[2024-06-18T09:30:56.430+0000] {taskinstance.py:2648} INFO - Exporting env vars: AIRFLOW_CTX_DAG_OWNER='***' AIRFLOW_CTX_DAG_ID='f1_data_pipeline_kafka_fetchAndPublish' AIRFLOW_CTX_TASK_ID='fetch_and_publish_driverStandings' AIRFLOW_CTX_EXECUTION_DATE='2024-06-18T09:30:43.974924+00:00' AIRFLOW_CTX_TRY_NUMBER='1' AIRFLOW_CTX_DAG_RUN_ID='manual__2024-06-18T09:30:43.974924+00:00'
[2024-06-18T09:30:56.431+0000] {taskinstance.py:430} INFO - ::endgroup::
[2024-06-18T09:30:56.567+0000] {logging_mixin.py:188} INFO - Fetching driver standings for round 1
[2024-06-18T09:31:02.213+0000] {conn.py:362} INFO - <BrokerConnection node_id=bootstrap-0 host=kafka:9092 <connecting> [IPv4 ('172.23.0.6', 9092)]>: connecting to kafka:9092 [('172.23.0.6', 9092) IPv4]
[2024-06-18T09:31:02.213+0000] {conn.py:957} INFO - Probing node bootstrap-0 broker version
[2024-06-18T09:31:02.214+0000] {conn.py:393} INFO - <BrokerConnection node_id=bootstrap-0 host=kafka:9092 <connecting> [IPv4 ('172.23.0.6', 9092)]>: Connection complete.
[2024-06-18T09:31:02.315+0000] {conn.py:1019} INFO - Broker version identified as 2.6.0
[2024-06-18T09:31:02.316+0000] {conn.py:1020} INFO - Set configuration api_version=(2, 6, 0) to skip auto check_version requests on startup
[2024-06-18T09:31:02.319+0000] {kafka.py:486} INFO - Closing the Kafka producer with 9223372036.0 secs timeout.
[2024-06-18T09:31:02.320+0000] {conn.py:362} INFO - <BrokerConnection node_id=1 host=kafka:9092 <connecting> [IPv4 ('172.23.0.6', 9092)]>: connecting to kafka:9092 [('172.23.0.6', 9092) IPv4]
[2024-06-18T09:31:02.320+0000] {conn.py:393} INFO - <BrokerConnection node_id=1 host=kafka:9092 <connecting> [IPv4 ('172.23.0.6', 9092)]>: Connection complete.
[2024-06-18T09:31:02.320+0000] {conn.py:673} INFO - <BrokerConnection node_id=bootstrap-0 host=kafka:9092 <connected> [IPv4 ('172.23.0.6', 9092)]>: Closing connection. 
[2024-06-18T09:31:02.322+0000] {conn.py:673} INFO - <BrokerConnection node_id=1 host=kafka:9092 <connected> [IPv4 ('172.23.0.6', 9092)]>: Closing connection. 
[2024-06-18T09:31:02.323+0000] {logging_mixin.py:188} INFO - Fetching driver standings for round 2
[2024-06-18T09:31:09.615+0000] {conn.py:362} INFO - <BrokerConnection node_id=bootstrap-0 host=kafka:9092 <connecting> [IPv4 ('172.23.0.6', 9092)]>: connecting to kafka:9092 [('172.23.0.6', 9092) IPv4]
[2024-06-18T09:31:09.615+0000] {conn.py:957} INFO - Probing node bootstrap-0 broker version
[2024-06-18T09:31:09.616+0000] {conn.py:393} INFO - <BrokerConnection node_id=bootstrap-0 host=kafka:9092 <connecting> [IPv4 ('172.23.0.6', 9092)]>: Connection complete.
[2024-06-18T09:31:09.717+0000] {conn.py:1019} INFO - Broker version identified as 2.6.0
[2024-06-18T09:31:09.718+0000] {conn.py:1020} INFO - Set configuration api_version=(2, 6, 0) to skip auto check_version requests on startup
[2024-06-18T09:31:09.721+0000] {conn.py:362} INFO - <BrokerConnection node_id=1 host=kafka:9092 <connecting> [IPv4 ('172.23.0.6', 9092)]>: connecting to kafka:9092 [('172.23.0.6', 9092) IPv4]
[2024-06-18T09:31:09.721+0000] {conn.py:393} INFO - <BrokerConnection node_id=1 host=kafka:9092 <connecting> [IPv4 ('172.23.0.6', 9092)]>: Connection complete.
[2024-06-18T09:31:09.721+0000] {conn.py:673} INFO - <BrokerConnection node_id=bootstrap-0 host=kafka:9092 <connected> [IPv4 ('172.23.0.6', 9092)]>: Closing connection. 
[2024-06-18T09:31:09.724+0000] {conn.py:673} INFO - <BrokerConnection node_id=1 host=kafka:9092 <connected> [IPv4 ('172.23.0.6', 9092)]>: Closing connection. 
[2024-06-18T09:31:09.724+0000] {logging_mixin.py:188} INFO - Fetching driver standings for round 3
[2024-06-18T09:31:22.107+0000] {conn.py:362} INFO - <BrokerConnection node_id=bootstrap-0 host=kafka:9092 <connecting> [IPv4 ('172.23.0.6', 9092)]>: connecting to kafka:9092 [('172.23.0.6', 9092) IPv4]
[2024-06-18T09:31:22.107+0000] {conn.py:957} INFO - Probing node bootstrap-0 broker version
[2024-06-18T09:31:22.108+0000] {conn.py:393} INFO - <BrokerConnection node_id=bootstrap-0 host=kafka:9092 <connecting> [IPv4 ('172.23.0.6', 9092)]>: Connection complete.
[2024-06-18T09:31:22.209+0000] {conn.py:1019} INFO - Broker version identified as 2.6.0
[2024-06-18T09:31:22.209+0000] {conn.py:1020} INFO - Set configuration api_version=(2, 6, 0) to skip auto check_version requests on startup
[2024-06-18T09:31:22.212+0000] {conn.py:362} INFO - <BrokerConnection node_id=1 host=kafka:9092 <connecting> [IPv4 ('172.23.0.6', 9092)]>: connecting to kafka:9092 [('172.23.0.6', 9092) IPv4]
[2024-06-18T09:31:22.212+0000] {conn.py:393} INFO - <BrokerConnection node_id=1 host=kafka:9092 <connecting> [IPv4 ('172.23.0.6', 9092)]>: Connection complete.
[2024-06-18T09:31:22.212+0000] {conn.py:673} INFO - <BrokerConnection node_id=bootstrap-0 host=kafka:9092 <connected> [IPv4 ('172.23.0.6', 9092)]>: Closing connection. 
[2024-06-18T09:31:22.215+0000] {conn.py:673} INFO - <BrokerConnection node_id=1 host=kafka:9092 <connected> [IPv4 ('172.23.0.6', 9092)]>: Closing connection. 
[2024-06-18T09:31:22.215+0000] {logging_mixin.py:188} INFO - Fetching driver standings for round 4
[2024-06-18T09:31:33.238+0000] {conn.py:362} INFO - <BrokerConnection node_id=bootstrap-0 host=kafka:9092 <connecting> [IPv4 ('172.23.0.6', 9092)]>: connecting to kafka:9092 [('172.23.0.6', 9092) IPv4]
[2024-06-18T09:31:33.238+0000] {conn.py:957} INFO - Probing node bootstrap-0 broker version
[2024-06-18T09:31:33.239+0000] {conn.py:393} INFO - <BrokerConnection node_id=bootstrap-0 host=kafka:9092 <connecting> [IPv4 ('172.23.0.6', 9092)]>: Connection complete.
[2024-06-18T09:31:33.340+0000] {conn.py:1019} INFO - Broker version identified as 2.6.0
[2024-06-18T09:31:33.341+0000] {conn.py:1020} INFO - Set configuration api_version=(2, 6, 0) to skip auto check_version requests on startup
[2024-06-18T09:31:33.343+0000] {conn.py:362} INFO - <BrokerConnection node_id=1 host=kafka:9092 <connecting> [IPv4 ('172.23.0.6', 9092)]>: connecting to kafka:9092 [('172.23.0.6', 9092) IPv4]
[2024-06-18T09:31:33.343+0000] {conn.py:393} INFO - <BrokerConnection node_id=1 host=kafka:9092 <connecting> [IPv4 ('172.23.0.6', 9092)]>: Connection complete.
[2024-06-18T09:31:33.343+0000] {conn.py:673} INFO - <BrokerConnection node_id=bootstrap-0 host=kafka:9092 <connected> [IPv4 ('172.23.0.6', 9092)]>: Closing connection. 
[2024-06-18T09:31:33.346+0000] {conn.py:673} INFO - <BrokerConnection node_id=1 host=kafka:9092 <connected> [IPv4 ('172.23.0.6', 9092)]>: Closing connection. 
[2024-06-18T09:31:33.346+0000] {logging_mixin.py:188} INFO - Fetching driver standings for round 5
[2024-06-18T09:31:47.664+0000] {conn.py:362} INFO - <BrokerConnection node_id=bootstrap-0 host=kafka:9092 <connecting> [IPv4 ('172.23.0.6', 9092)]>: connecting to kafka:9092 [('172.23.0.6', 9092) IPv4]
[2024-06-18T09:31:47.664+0000] {conn.py:957} INFO - Probing node bootstrap-0 broker version
[2024-06-18T09:31:47.665+0000] {conn.py:393} INFO - <BrokerConnection node_id=bootstrap-0 host=kafka:9092 <connecting> [IPv4 ('172.23.0.6', 9092)]>: Connection complete.
[2024-06-18T09:31:47.767+0000] {conn.py:1019} INFO - Broker version identified as 2.6.0
[2024-06-18T09:31:47.768+0000] {conn.py:1020} INFO - Set configuration api_version=(2, 6, 0) to skip auto check_version requests on startup
[2024-06-18T09:31:47.771+0000] {conn.py:362} INFO - <BrokerConnection node_id=1 host=kafka:9092 <connecting> [IPv4 ('172.23.0.6', 9092)]>: connecting to kafka:9092 [('172.23.0.6', 9092) IPv4]
[2024-06-18T09:31:47.771+0000] {conn.py:393} INFO - <BrokerConnection node_id=1 host=kafka:9092 <connecting> [IPv4 ('172.23.0.6', 9092)]>: Connection complete.
[2024-06-18T09:31:47.771+0000] {conn.py:673} INFO - <BrokerConnection node_id=bootstrap-0 host=kafka:9092 <connected> [IPv4 ('172.23.0.6', 9092)]>: Closing connection. 
[2024-06-18T09:31:47.775+0000] {conn.py:673} INFO - <BrokerConnection node_id=1 host=kafka:9092 <connected> [IPv4 ('172.23.0.6', 9092)]>: Closing connection. 
[2024-06-18T09:31:47.776+0000] {logging_mixin.py:188} INFO - Fetching driver standings for round 6
[2024-06-18T09:31:55.013+0000] {conn.py:362} INFO - <BrokerConnection node_id=bootstrap-0 host=kafka:9092 <connecting> [IPv4 ('172.23.0.6', 9092)]>: connecting to kafka:9092 [('172.23.0.6', 9092) IPv4]
[2024-06-18T09:31:55.014+0000] {conn.py:957} INFO - Probing node bootstrap-0 broker version
[2024-06-18T09:31:55.014+0000] {conn.py:393} INFO - <BrokerConnection node_id=bootstrap-0 host=kafka:9092 <connecting> [IPv4 ('172.23.0.6', 9092)]>: Connection complete.
[2024-06-18T09:31:55.115+0000] {conn.py:1019} INFO - Broker version identified as 2.6.0
[2024-06-18T09:31:55.116+0000] {conn.py:1020} INFO - Set configuration api_version=(2, 6, 0) to skip auto check_version requests on startup
[2024-06-18T09:31:55.118+0000] {conn.py:362} INFO - <BrokerConnection node_id=1 host=kafka:9092 <connecting> [IPv4 ('172.23.0.6', 9092)]>: connecting to kafka:9092 [('172.23.0.6', 9092) IPv4]
[2024-06-18T09:31:55.119+0000] {conn.py:393} INFO - <BrokerConnection node_id=1 host=kafka:9092 <connecting> [IPv4 ('172.23.0.6', 9092)]>: Connection complete.
[2024-06-18T09:31:55.119+0000] {conn.py:673} INFO - <BrokerConnection node_id=bootstrap-0 host=kafka:9092 <connected> [IPv4 ('172.23.0.6', 9092)]>: Closing connection. 
[2024-06-18T09:31:55.121+0000] {conn.py:673} INFO - <BrokerConnection node_id=1 host=kafka:9092 <connected> [IPv4 ('172.23.0.6', 9092)]>: Closing connection. 
[2024-06-18T09:31:55.121+0000] {logging_mixin.py:188} INFO - Fetching driver standings for round 7
[2024-06-18T09:32:00.780+0000] {conn.py:362} INFO - <BrokerConnection node_id=bootstrap-0 host=kafka:9092 <connecting> [IPv4 ('172.23.0.6', 9092)]>: connecting to kafka:9092 [('172.23.0.6', 9092) IPv4]
[2024-06-18T09:32:00.781+0000] {conn.py:957} INFO - Probing node bootstrap-0 broker version
[2024-06-18T09:32:00.782+0000] {conn.py:393} INFO - <BrokerConnection node_id=bootstrap-0 host=kafka:9092 <connecting> [IPv4 ('172.23.0.6', 9092)]>: Connection complete.
[2024-06-18T09:32:00.883+0000] {conn.py:1019} INFO - Broker version identified as 2.6.0
[2024-06-18T09:32:00.884+0000] {conn.py:1020} INFO - Set configuration api_version=(2, 6, 0) to skip auto check_version requests on startup
[2024-06-18T09:32:00.886+0000] {conn.py:362} INFO - <BrokerConnection node_id=1 host=kafka:9092 <connecting> [IPv4 ('172.23.0.6', 9092)]>: connecting to kafka:9092 [('172.23.0.6', 9092) IPv4]
[2024-06-18T09:32:00.887+0000] {conn.py:393} INFO - <BrokerConnection node_id=1 host=kafka:9092 <connecting> [IPv4 ('172.23.0.6', 9092)]>: Connection complete.
[2024-06-18T09:32:00.887+0000] {conn.py:673} INFO - <BrokerConnection node_id=bootstrap-0 host=kafka:9092 <connected> [IPv4 ('172.23.0.6', 9092)]>: Closing connection. 
[2024-06-18T09:32:00.889+0000] {conn.py:673} INFO - <BrokerConnection node_id=1 host=kafka:9092 <connected> [IPv4 ('172.23.0.6', 9092)]>: Closing connection. 
[2024-06-18T09:32:00.890+0000] {logging_mixin.py:188} INFO - Fetching driver standings for round 8
[2024-06-18T09:32:08.523+0000] {conn.py:362} INFO - <BrokerConnection node_id=bootstrap-0 host=kafka:9092 <connecting> [IPv4 ('172.23.0.6', 9092)]>: connecting to kafka:9092 [('172.23.0.6', 9092) IPv4]
[2024-06-18T09:32:08.524+0000] {conn.py:957} INFO - Probing node bootstrap-0 broker version
[2024-06-18T09:32:08.524+0000] {conn.py:393} INFO - <BrokerConnection node_id=bootstrap-0 host=kafka:9092 <connecting> [IPv4 ('172.23.0.6', 9092)]>: Connection complete.
[2024-06-18T09:32:08.626+0000] {conn.py:1019} INFO - Broker version identified as 2.6.0
[2024-06-18T09:32:08.626+0000] {conn.py:1020} INFO - Set configuration api_version=(2, 6, 0) to skip auto check_version requests on startup
[2024-06-18T09:32:08.628+0000] {conn.py:362} INFO - <BrokerConnection node_id=1 host=kafka:9092 <connecting> [IPv4 ('172.23.0.6', 9092)]>: connecting to kafka:9092 [('172.23.0.6', 9092) IPv4]
[2024-06-18T09:32:08.629+0000] {conn.py:393} INFO - <BrokerConnection node_id=1 host=kafka:9092 <connecting> [IPv4 ('172.23.0.6', 9092)]>: Connection complete.
[2024-06-18T09:32:08.629+0000] {conn.py:673} INFO - <BrokerConnection node_id=bootstrap-0 host=kafka:9092 <connected> [IPv4 ('172.23.0.6', 9092)]>: Closing connection. 
[2024-06-18T09:32:08.631+0000] {conn.py:673} INFO - <BrokerConnection node_id=1 host=kafka:9092 <connected> [IPv4 ('172.23.0.6', 9092)]>: Closing connection. 
[2024-06-18T09:32:08.632+0000] {logging_mixin.py:188} INFO - Fetching driver standings for round 9
[2024-06-18T09:32:15.549+0000] {conn.py:362} INFO - <BrokerConnection node_id=bootstrap-0 host=kafka:9092 <connecting> [IPv4 ('172.23.0.6', 9092)]>: connecting to kafka:9092 [('172.23.0.6', 9092) IPv4]
[2024-06-18T09:32:15.550+0000] {conn.py:957} INFO - Probing node bootstrap-0 broker version
[2024-06-18T09:32:15.551+0000] {conn.py:393} INFO - <BrokerConnection node_id=bootstrap-0 host=kafka:9092 <connecting> [IPv4 ('172.23.0.6', 9092)]>: Connection complete.
[2024-06-18T09:32:15.652+0000] {conn.py:1019} INFO - Broker version identified as 2.6.0
[2024-06-18T09:32:15.653+0000] {conn.py:1020} INFO - Set configuration api_version=(2, 6, 0) to skip auto check_version requests on startup
[2024-06-18T09:32:15.656+0000] {conn.py:362} INFO - <BrokerConnection node_id=1 host=kafka:9092 <connecting> [IPv4 ('172.23.0.6', 9092)]>: connecting to kafka:9092 [('172.23.0.6', 9092) IPv4]
[2024-06-18T09:32:15.657+0000] {conn.py:393} INFO - <BrokerConnection node_id=1 host=kafka:9092 <connecting> [IPv4 ('172.23.0.6', 9092)]>: Connection complete.
[2024-06-18T09:32:15.657+0000] {conn.py:673} INFO - <BrokerConnection node_id=bootstrap-0 host=kafka:9092 <connected> [IPv4 ('172.23.0.6', 9092)]>: Closing connection. 
[2024-06-18T09:32:15.661+0000] {conn.py:673} INFO - <BrokerConnection node_id=1 host=kafka:9092 <connected> [IPv4 ('172.23.0.6', 9092)]>: Closing connection. 
[2024-06-18T09:32:15.661+0000] {logging_mixin.py:188} INFO - Fetching driver standings for round 10
[2024-06-18T09:32:16.759+0000] {logging_mixin.py:188} INFO - Standings data not found or empty for round 10. Full response content:
[2024-06-18T09:32:16.760+0000] {logging_mixin.py:188} INFO - {
    "MRData": {
        "xmlns": "http://ergast.com/mrd/1.5",
        "series": "f1",
        "url": "http://ergast.com/api/f1/current/10/driverstandings.json",
        "limit": "30",
        "offset": "0",
        "total": "0",
        "StandingsTable": {
            "season": "2024",
            "round": "10",
            "StandingsLists": []
        }
    }
}
[2024-06-18T09:32:16.760+0000] {logging_mixin.py:188} INFO - Fetching driver standings for round 11
[2024-06-18T09:32:17.728+0000] {logging_mixin.py:188} INFO - Standings data not found or empty for round 11. Full response content:
[2024-06-18T09:32:17.728+0000] {logging_mixin.py:188} INFO - {
    "MRData": {
        "xmlns": "http://ergast.com/mrd/1.5",
        "series": "f1",
        "url": "http://ergast.com/api/f1/current/11/driverstandings.json",
        "limit": "30",
        "offset": "0",
        "total": "0",
        "StandingsTable": {
            "season": "2024",
            "round": "11",
            "StandingsLists": []
        }
    }
}
[2024-06-18T09:32:17.729+0000] {logging_mixin.py:188} INFO - Fetching driver standings for round 12
[2024-06-18T09:32:18.720+0000] {logging_mixin.py:188} INFO - Standings data not found or empty for round 12. Full response content:
[2024-06-18T09:32:18.721+0000] {logging_mixin.py:188} INFO - {
    "MRData": {
        "xmlns": "http://ergast.com/mrd/1.5",
        "series": "f1",
        "url": "http://ergast.com/api/f1/current/12/driverstandings.json",
        "limit": "30",
        "offset": "0",
        "total": "0",
        "StandingsTable": {
            "season": "2024",
            "round": "12",
            "StandingsLists": []
        }
    }
}
[2024-06-18T09:32:18.721+0000] {logging_mixin.py:188} INFO - Fetching driver standings for round 13
[2024-06-18T09:32:22.819+0000] {logging_mixin.py:188} INFO - Standings data not found or empty for round 13. Full response content:
[2024-06-18T09:32:22.819+0000] {logging_mixin.py:188} INFO - {
    "MRData": {
        "xmlns": "http://ergast.com/mrd/1.5",
        "series": "f1",
        "url": "http://ergast.com/api/f1/current/13/driverstandings.json",
        "limit": "30",
        "offset": "0",
        "total": "0",
        "StandingsTable": {
            "season": "2024",
            "round": "13",
            "StandingsLists": []
        }
    }
}
[2024-06-18T09:32:22.820+0000] {logging_mixin.py:188} INFO - Fetching driver standings for round 14
[2024-06-18T09:32:27.351+0000] {logging_mixin.py:188} INFO - Standings data not found or empty for round 14. Full response content:
[2024-06-18T09:32:27.351+0000] {logging_mixin.py:188} INFO - {
    "MRData": {
        "xmlns": "http://ergast.com/mrd/1.5",
        "series": "f1",
        "url": "http://ergast.com/api/f1/current/14/driverstandings.json",
        "limit": "30",
        "offset": "0",
        "total": "0",
        "StandingsTable": {
            "season": "2024",
            "round": "14",
            "StandingsLists": []
        }
    }
}
[2024-06-18T09:32:27.351+0000] {logging_mixin.py:188} INFO - Fetching driver standings for round 15
[2024-06-18T09:32:31.809+0000] {logging_mixin.py:188} INFO - Standings data not found or empty for round 15. Full response content:
[2024-06-18T09:32:31.809+0000] {logging_mixin.py:188} INFO - {
    "MRData": {
        "xmlns": "http://ergast.com/mrd/1.5",
        "series": "f1",
        "url": "http://ergast.com/api/f1/current/15/driverstandings.json",
        "limit": "30",
        "offset": "0",
        "total": "0",
        "StandingsTable": {
            "season": "2024",
            "round": "15",
            "StandingsLists": []
        }
    }
}
[2024-06-18T09:32:31.809+0000] {logging_mixin.py:188} INFO - Fetching driver standings for round 16
[2024-06-18T09:32:36.337+0000] {logging_mixin.py:188} INFO - Standings data not found or empty for round 16. Full response content:
[2024-06-18T09:32:36.337+0000] {logging_mixin.py:188} INFO - {
    "MRData": {
        "xmlns": "http://ergast.com/mrd/1.5",
        "series": "f1",
        "url": "http://ergast.com/api/f1/current/16/driverstandings.json",
        "limit": "30",
        "offset": "0",
        "total": "0",
        "StandingsTable": {
            "season": "2024",
            "round": "16",
            "StandingsLists": []
        }
    }
}
[2024-06-18T09:32:36.338+0000] {logging_mixin.py:188} INFO - Fetching driver standings for round 17
[2024-06-18T09:32:37.534+0000] {logging_mixin.py:188} INFO - Standings data not found or empty for round 17. Full response content:
[2024-06-18T09:32:37.534+0000] {logging_mixin.py:188} INFO - {
    "MRData": {
        "xmlns": "http://ergast.com/mrd/1.5",
        "series": "f1",
        "url": "http://ergast.com/api/f1/current/17/driverstandings.json",
        "limit": "30",
        "offset": "0",
        "total": "0",
        "StandingsTable": {
            "season": "2024",
            "round": "17",
            "StandingsLists": []
        }
    }
}
[2024-06-18T09:32:37.534+0000] {logging_mixin.py:188} INFO - Fetching driver standings for round 18
[2024-06-18T09:32:38.438+0000] {logging_mixin.py:188} INFO - Standings data not found or empty for round 18. Full response content:
[2024-06-18T09:32:38.439+0000] {logging_mixin.py:188} INFO - {
    "MRData": {
        "xmlns": "http://ergast.com/mrd/1.5",
        "series": "f1",
        "url": "http://ergast.com/api/f1/current/18/driverstandings.json",
        "limit": "30",
        "offset": "0",
        "total": "0",
        "StandingsTable": {
            "season": "2024",
            "round": "18",
            "StandingsLists": []
        }
    }
}
[2024-06-18T09:32:38.439+0000] {logging_mixin.py:188} INFO - Fetching driver standings for round 19
[2024-06-18T09:32:39.511+0000] {logging_mixin.py:188} INFO - Standings data not found or empty for round 19. Full response content:
[2024-06-18T09:32:39.512+0000] {logging_mixin.py:188} INFO - {
    "MRData": {
        "xmlns": "http://ergast.com/mrd/1.5",
        "series": "f1",
        "url": "http://ergast.com/api/f1/current/19/driverstandings.json",
        "limit": "30",
        "offset": "0",
        "total": "0",
        "StandingsTable": {
            "season": "2024",
            "round": "19",
            "StandingsLists": []
        }
    }
}
[2024-06-18T09:32:39.512+0000] {logging_mixin.py:188} INFO - Fetching driver standings for round 20
[2024-06-18T09:32:40.523+0000] {logging_mixin.py:188} INFO - Standings data not found or empty for round 20. Full response content:
[2024-06-18T09:32:40.524+0000] {logging_mixin.py:188} INFO - {
    "MRData": {
        "xmlns": "http://ergast.com/mrd/1.5",
        "series": "f1",
        "url": "http://ergast.com/api/f1/current/20/driverstandings.json",
        "limit": "30",
        "offset": "0",
        "total": "0",
        "StandingsTable": {
            "season": "2024",
            "round": "20",
            "StandingsLists": []
        }
    }
}
[2024-06-18T09:32:40.524+0000] {logging_mixin.py:188} INFO - Fetching driver standings for round 21
[2024-06-18T09:32:41.469+0000] {logging_mixin.py:188} INFO - Standings data not found or empty for round 21. Full response content:
[2024-06-18T09:32:41.469+0000] {logging_mixin.py:188} INFO - {
    "MRData": {
        "xmlns": "http://ergast.com/mrd/1.5",
        "series": "f1",
        "url": "http://ergast.com/api/f1/current/21/driverstandings.json",
        "limit": "30",
        "offset": "0",
        "total": "0",
        "StandingsTable": {
            "season": "2024",
            "round": "21",
            "StandingsLists": []
        }
    }
}
[2024-06-18T09:32:41.469+0000] {logging_mixin.py:188} INFO - Fetching driver standings for round 22
[2024-06-18T09:32:42.620+0000] {logging_mixin.py:188} INFO - Standings data not found or empty for round 22. Full response content:
[2024-06-18T09:32:42.620+0000] {logging_mixin.py:188} INFO - {
    "MRData": {
        "xmlns": "http://ergast.com/mrd/1.5",
        "series": "f1",
        "url": "http://ergast.com/api/f1/current/22/driverstandings.json",
        "limit": "30",
        "offset": "0",
        "total": "0",
        "StandingsTable": {
            "season": "2024",
            "round": "22",
            "StandingsLists": []
        }
    }
}
[2024-06-18T09:32:42.621+0000] {logging_mixin.py:188} INFO - Fetching driver standings for round 23
[2024-06-18T09:32:43.586+0000] {logging_mixin.py:188} INFO - Standings data not found or empty for round 23. Full response content:
[2024-06-18T09:32:43.586+0000] {logging_mixin.py:188} INFO - {
    "MRData": {
        "xmlns": "http://ergast.com/mrd/1.5",
        "series": "f1",
        "url": "http://ergast.com/api/f1/current/23/driverstandings.json",
        "limit": "30",
        "offset": "0",
        "total": "0",
        "StandingsTable": {
            "season": "2024",
            "round": "23",
            "StandingsLists": []
        }
    }
}
[2024-06-18T09:32:43.586+0000] {logging_mixin.py:188} INFO - Fetching driver standings for round 24
[2024-06-18T09:32:44.671+0000] {logging_mixin.py:188} INFO - Standings data not found or empty for round 24. Full response content:
[2024-06-18T09:32:44.671+0000] {logging_mixin.py:188} INFO - {
    "MRData": {
        "xmlns": "http://ergast.com/mrd/1.5",
        "series": "f1",
        "url": "http://ergast.com/api/f1/current/24/driverstandings.json",
        "limit": "30",
        "offset": "0",
        "total": "0",
        "StandingsTable": {
            "season": "2024",
            "round": "24",
            "StandingsLists": []
        }
    }
}
[2024-06-18T09:32:44.671+0000] {logging_mixin.py:188} INFO - Total number of driver standings fetched: 188
[2024-06-18T09:32:44.672+0000] {python.py:237} INFO - Done. Returned value was: None
[2024-06-18T09:32:44.672+0000] {taskinstance.py:441} INFO - ::group::Post task execution logs
[2024-06-18T09:32:44.681+0000] {taskinstance.py:1206} INFO - Marking task as SUCCESS. dag_id=f1_data_pipeline_kafka_fetchAndPublish, task_id=fetch_and_publish_driverStandings, run_id=manual__2024-06-18T09:30:43.974924+00:00, execution_date=20240618T093043, start_date=20240618T093056, end_date=20240618T093244
[2024-06-18T09:32:44.696+0000] {local_task_job_runner.py:240} INFO - Task exited with return code 0
[2024-06-18T09:32:44.711+0000] {taskinstance.py:3498} INFO - 0 downstream tasks scheduled from follow-on schedule check
[2024-06-18T09:32:44.712+0000] {local_task_job_runner.py:222} INFO - ::endgroup::
