[2024-06-04T13:59:13.944+0000] {local_task_job_runner.py:120} INFO - ::group::Pre task execution logs
[2024-06-04T13:59:13.963+0000] {taskinstance.py:2076} INFO - Dependencies all met for dep_context=non-requeueable deps ti=<TaskInstance: f1_data_pipeline_taskflow.raceStatusDim_transform manual__2024-06-04T13:58:42.416912+00:00 [queued]>
[2024-06-04T13:59:13.970+0000] {taskinstance.py:2076} INFO - Dependencies all met for dep_context=requeueable deps ti=<TaskInstance: f1_data_pipeline_taskflow.raceStatusDim_transform manual__2024-06-04T13:58:42.416912+00:00 [queued]>
[2024-06-04T13:59:13.970+0000] {taskinstance.py:2306} INFO - Starting attempt 1 of 1
[2024-06-04T13:59:13.981+0000] {taskinstance.py:2330} INFO - Executing <Task(_PythonDecoratedOperator): raceStatusDim_transform> on 2024-06-04 13:58:42.416912+00:00
[2024-06-04T13:59:13.988+0000] {warnings.py:110} WARNING - /home/***/.local/lib/python3.12/site-packages/***/task/task_runner/standard_task_runner.py:61: DeprecationWarning: This process (pid=109) is multi-threaded, use of fork() may lead to deadlocks in the child.
  pid = os.fork()

[2024-06-04T13:59:13.989+0000] {standard_task_runner.py:63} INFO - Started process 127 to run task
[2024-06-04T13:59:13.989+0000] {standard_task_runner.py:90} INFO - Running: ['***', 'tasks', 'run', 'f1_data_pipeline_taskflow', 'raceStatusDim_transform', 'manual__2024-06-04T13:58:42.416912+00:00', '--job-id', '39', '--raw', '--subdir', 'DAGS_FOLDER/etl_dag.py', '--cfg-path', '/tmp/tmpnjje4u32']
[2024-06-04T13:59:13.991+0000] {standard_task_runner.py:91} INFO - Job 39: Subtask raceStatusDim_transform
[2024-06-04T13:59:14.047+0000] {task_command.py:426} INFO - Running <TaskInstance: f1_data_pipeline_taskflow.raceStatusDim_transform manual__2024-06-04T13:58:42.416912+00:00 [running]> on host 43686a6526ed
[2024-06-04T13:59:15.955+0000] {taskinstance.py:2648} INFO - Exporting env vars: AIRFLOW_CTX_DAG_OWNER='***' AIRFLOW_CTX_DAG_ID='f1_data_pipeline_taskflow' AIRFLOW_CTX_TASK_ID='raceStatusDim_transform' AIRFLOW_CTX_EXECUTION_DATE='2024-06-04T13:58:42.416912+00:00' AIRFLOW_CTX_TRY_NUMBER='1' AIRFLOW_CTX_DAG_RUN_ID='manual__2024-06-04T13:58:42.416912+00:00'
[2024-06-04T13:59:15.956+0000] {taskinstance.py:430} INFO - ::endgroup::
[2024-06-04T13:59:16.018+0000] {python.py:237} INFO - Done. Returned value was:         statusId        status
0              1      Finished
298258        43       Exhaust
298661         4     Collision
304122        11        +1 Lap
445393        29      Puncture
...          ...           ...
516480        24  Differential
516609        96      Excluded
516819        15       +5 Laps
517303       139       Illness
517350        14       +4 Laps

[65 rows x 2 columns]
[2024-06-04T13:59:16.027+0000] {taskinstance.py:441} INFO - ::group::Post task execution logs
[2024-06-04T13:59:16.059+0000] {taskinstance.py:1206} INFO - Marking task as SUCCESS. dag_id=f1_data_pipeline_taskflow, task_id=raceStatusDim_transform, run_id=manual__2024-06-04T13:58:42.416912+00:00, execution_date=20240604T135842, start_date=20240604T135913, end_date=20240604T135916
[2024-06-04T13:59:16.140+0000] {local_task_job_runner.py:240} INFO - Task exited with return code 0
[2024-06-04T13:59:16.177+0000] {taskinstance.py:3498} INFO - 2 downstream tasks scheduled from follow-on schedule check
[2024-06-04T13:59:16.179+0000] {local_task_job_runner.py:222} INFO - ::endgroup::
