[2024-06-18T07:19:56.403+0000] {local_task_job_runner.py:120} INFO - ::group::Pre task execution logs
[2024-06-18T07:19:56.418+0000] {taskinstance.py:2076} INFO - Dependencies all met for dep_context=non-requeueable deps ti=<TaskInstance: f1_data_pipeline_taskflow.load_circuit_task scheduled__2024-06-17T00:00:00+00:00 [queued]>
[2024-06-18T07:19:56.423+0000] {taskinstance.py:2076} INFO - Dependencies all met for dep_context=requeueable deps ti=<TaskInstance: f1_data_pipeline_taskflow.load_circuit_task scheduled__2024-06-17T00:00:00+00:00 [queued]>
[2024-06-18T07:19:56.424+0000] {taskinstance.py:2306} INFO - Starting attempt 1 of 1
[2024-06-18T07:19:56.432+0000] {taskinstance.py:2330} INFO - Executing <Task(_PythonDecoratedOperator): load_circuit_task> on 2024-06-17 00:00:00+00:00
[2024-06-18T07:19:56.438+0000] {warnings.py:110} WARNING - /home/***/.local/lib/python3.12/site-packages/***/task/task_runner/standard_task_runner.py:61: DeprecationWarning: This process (pid=303) is multi-threaded, use of fork() may lead to deadlocks in the child.
  pid = os.fork()

[2024-06-18T07:19:56.439+0000] {standard_task_runner.py:63} INFO - Started process 338 to run task
[2024-06-18T07:19:56.439+0000] {standard_task_runner.py:90} INFO - Running: ['***', 'tasks', 'run', 'f1_data_pipeline_taskflow', 'load_circuit_task', 'scheduled__2024-06-17T00:00:00+00:00', '--job-id', '18', '--raw', '--subdir', 'DAGS_FOLDER/etl_dag.py', '--cfg-path', '/tmp/tmp195bb65w']
[2024-06-18T07:19:56.440+0000] {standard_task_runner.py:91} INFO - Job 18: Subtask load_circuit_task
[2024-06-18T07:19:56.473+0000] {task_command.py:426} INFO - Running <TaskInstance: f1_data_pipeline_taskflow.load_circuit_task scheduled__2024-06-17T00:00:00+00:00 [running]> on host ce62f6b650cd
[2024-06-18T07:19:56.597+0000] {taskinstance.py:2648} INFO - Exporting env vars: AIRFLOW_CTX_DAG_OWNER='***' AIRFLOW_CTX_DAG_ID='f1_data_pipeline_taskflow' AIRFLOW_CTX_TASK_ID='load_circuit_task' AIRFLOW_CTX_EXECUTION_DATE='2024-06-17T00:00:00+00:00' AIRFLOW_CTX_TRY_NUMBER='1' AIRFLOW_CTX_DAG_RUN_ID='scheduled__2024-06-17T00:00:00+00:00'
[2024-06-18T07:19:56.599+0000] {taskinstance.py:430} INFO - ::endgroup::
[2024-06-18T07:19:56.600+0000] {crypto.py:82} WARNING - empty cryptography key - values will not be stored encrypted.
[2024-06-18T07:19:56.601+0000] {base.py:84} INFO - Using connection ID 'sourcedb_connection' for task execution.
[2024-06-18T07:19:56.623+0000] {python.py:237} INFO - Done. Returned value was: None
[2024-06-18T07:19:56.626+0000] {taskinstance.py:441} INFO - ::group::Post task execution logs
[2024-06-18T07:19:56.647+0000] {taskinstance.py:1206} INFO - Marking task as SUCCESS. dag_id=f1_data_pipeline_taskflow, task_id=load_circuit_task, run_id=scheduled__2024-06-17T00:00:00+00:00, execution_date=20240617T000000, start_date=20240618T071956, end_date=20240618T071956
[2024-06-18T07:19:56.692+0000] {local_task_job_runner.py:240} INFO - Task exited with return code 0
[2024-06-18T07:19:56.699+0000] {local_task_job_runner.py:222} INFO - ::endgroup::
[2024-06-18T08:12:04.719+0000] {local_task_job_runner.py:120} INFO - ::group::Pre task execution logs
[2024-06-18T08:12:04.738+0000] {taskinstance.py:2076} INFO - Dependencies all met for dep_context=non-requeueable deps ti=<TaskInstance: f1_data_pipeline_taskflow.load_circuit_task scheduled__2024-06-17T00:00:00+00:00 [queued]>
[2024-06-18T08:12:04.744+0000] {taskinstance.py:2076} INFO - Dependencies all met for dep_context=requeueable deps ti=<TaskInstance: f1_data_pipeline_taskflow.load_circuit_task scheduled__2024-06-17T00:00:00+00:00 [queued]>
[2024-06-18T08:12:04.744+0000] {taskinstance.py:2306} INFO - Starting attempt 1 of 1
[2024-06-18T08:12:04.753+0000] {taskinstance.py:2330} INFO - Executing <Task(_PythonDecoratedOperator): load_circuit_task> on 2024-06-17 00:00:00+00:00
[2024-06-18T08:12:04.759+0000] {warnings.py:110} WARNING - /home/***/.local/lib/python3.12/site-packages/***/task/task_runner/standard_task_runner.py:61: DeprecationWarning: This process (pid=304) is multi-threaded, use of fork() may lead to deadlocks in the child.
  pid = os.fork()

[2024-06-18T08:12:04.760+0000] {standard_task_runner.py:63} INFO - Started process 313 to run task
[2024-06-18T08:12:04.760+0000] {standard_task_runner.py:90} INFO - Running: ['***', 'tasks', 'run', 'f1_data_pipeline_taskflow', 'load_circuit_task', 'scheduled__2024-06-17T00:00:00+00:00', '--job-id', '17', '--raw', '--subdir', 'DAGS_FOLDER/etl_dag.py', '--cfg-path', '/tmp/tmp5zeopws7']
[2024-06-18T08:12:04.762+0000] {standard_task_runner.py:91} INFO - Job 17: Subtask load_circuit_task
[2024-06-18T08:12:04.800+0000] {task_command.py:426} INFO - Running <TaskInstance: f1_data_pipeline_taskflow.load_circuit_task scheduled__2024-06-17T00:00:00+00:00 [running]> on host 0a8bae48237c
[2024-06-18T08:12:04.960+0000] {taskinstance.py:2648} INFO - Exporting env vars: AIRFLOW_CTX_DAG_OWNER='***' AIRFLOW_CTX_DAG_ID='f1_data_pipeline_taskflow' AIRFLOW_CTX_TASK_ID='load_circuit_task' AIRFLOW_CTX_EXECUTION_DATE='2024-06-17T00:00:00+00:00' AIRFLOW_CTX_TRY_NUMBER='1' AIRFLOW_CTX_DAG_RUN_ID='scheduled__2024-06-17T00:00:00+00:00'
[2024-06-18T08:12:04.961+0000] {taskinstance.py:430} INFO - ::endgroup::
[2024-06-18T08:12:04.962+0000] {crypto.py:82} WARNING - empty cryptography key - values will not be stored encrypted.
[2024-06-18T08:12:04.962+0000] {base.py:84} INFO - Using connection ID 'sourcedb_connection' for task execution.
[2024-06-18T08:12:04.983+0000] {python.py:237} INFO - Done. Returned value was: None
[2024-06-18T08:12:04.984+0000] {taskinstance.py:441} INFO - ::group::Post task execution logs
[2024-06-18T08:12:04.996+0000] {taskinstance.py:1206} INFO - Marking task as SUCCESS. dag_id=f1_data_pipeline_taskflow, task_id=load_circuit_task, run_id=scheduled__2024-06-17T00:00:00+00:00, execution_date=20240617T000000, start_date=20240618T081204, end_date=20240618T081204
[2024-06-18T08:12:05.055+0000] {local_task_job_runner.py:240} INFO - Task exited with return code 0
[2024-06-18T08:12:05.084+0000] {local_task_job_runner.py:222} INFO - ::endgroup::
[2024-06-18T08:22:43.500+0000] {local_task_job_runner.py:120} INFO - ::group::Pre task execution logs
[2024-06-18T08:22:43.516+0000] {taskinstance.py:2076} INFO - Dependencies all met for dep_context=non-requeueable deps ti=<TaskInstance: f1_data_pipeline_taskflow.load_circuit_task scheduled__2024-06-17T00:00:00+00:00 [queued]>
[2024-06-18T08:22:43.522+0000] {taskinstance.py:2076} INFO - Dependencies all met for dep_context=requeueable deps ti=<TaskInstance: f1_data_pipeline_taskflow.load_circuit_task scheduled__2024-06-17T00:00:00+00:00 [queued]>
[2024-06-18T08:22:43.523+0000] {taskinstance.py:2306} INFO - Starting attempt 1 of 1
[2024-06-18T08:22:43.533+0000] {taskinstance.py:2330} INFO - Executing <Task(_PythonDecoratedOperator): load_circuit_task> on 2024-06-17 00:00:00+00:00
[2024-06-18T08:22:43.540+0000] {warnings.py:110} WARNING - /home/***/.local/lib/python3.12/site-packages/***/task/task_runner/standard_task_runner.py:61: DeprecationWarning: This process (pid=341) is multi-threaded, use of fork() may lead to deadlocks in the child.
  pid = os.fork()

[2024-06-18T08:22:43.541+0000] {standard_task_runner.py:63} INFO - Started process 349 to run task
[2024-06-18T08:22:43.541+0000] {standard_task_runner.py:90} INFO - Running: ['***', 'tasks', 'run', 'f1_data_pipeline_taskflow', 'load_circuit_task', 'scheduled__2024-06-17T00:00:00+00:00', '--job-id', '14', '--raw', '--subdir', 'DAGS_FOLDER/etl_dag.py', '--cfg-path', '/tmp/tmpsy25vvcg']
[2024-06-18T08:22:43.543+0000] {standard_task_runner.py:91} INFO - Job 14: Subtask load_circuit_task
[2024-06-18T08:22:43.586+0000] {task_command.py:426} INFO - Running <TaskInstance: f1_data_pipeline_taskflow.load_circuit_task scheduled__2024-06-17T00:00:00+00:00 [running]> on host 7d3c9e9f45b7
[2024-06-18T08:22:43.734+0000] {taskinstance.py:2648} INFO - Exporting env vars: AIRFLOW_CTX_DAG_OWNER='***' AIRFLOW_CTX_DAG_ID='f1_data_pipeline_taskflow' AIRFLOW_CTX_TASK_ID='load_circuit_task' AIRFLOW_CTX_EXECUTION_DATE='2024-06-17T00:00:00+00:00' AIRFLOW_CTX_TRY_NUMBER='1' AIRFLOW_CTX_DAG_RUN_ID='scheduled__2024-06-17T00:00:00+00:00'
[2024-06-18T08:22:43.734+0000] {taskinstance.py:430} INFO - ::endgroup::
[2024-06-18T08:22:43.736+0000] {crypto.py:82} WARNING - empty cryptography key - values will not be stored encrypted.
[2024-06-18T08:22:43.736+0000] {base.py:84} INFO - Using connection ID 'sourcedb_connection' for task execution.
[2024-06-18T08:22:43.762+0000] {python.py:237} INFO - Done. Returned value was: None
[2024-06-18T08:22:43.763+0000] {taskinstance.py:441} INFO - ::group::Post task execution logs
[2024-06-18T08:22:43.773+0000] {taskinstance.py:1206} INFO - Marking task as SUCCESS. dag_id=f1_data_pipeline_taskflow, task_id=load_circuit_task, run_id=scheduled__2024-06-17T00:00:00+00:00, execution_date=20240617T000000, start_date=20240618T082243, end_date=20240618T082243
[2024-06-18T08:22:43.835+0000] {local_task_job_runner.py:240} INFO - Task exited with return code 0
[2024-06-18T08:22:43.929+0000] {taskinstance.py:3498} INFO - 1 downstream tasks scheduled from follow-on schedule check
[2024-06-18T08:22:43.932+0000] {local_task_job_runner.py:222} INFO - ::endgroup::
[2024-06-18T08:30:08.299+0000] {local_task_job_runner.py:120} INFO - ::group::Pre task execution logs
[2024-06-18T08:30:08.322+0000] {taskinstance.py:2076} INFO - Dependencies all met for dep_context=non-requeueable deps ti=<TaskInstance: f1_data_pipeline_taskflow.load_circuit_task scheduled__2024-06-17T00:00:00+00:00 [queued]>
[2024-06-18T08:30:08.332+0000] {taskinstance.py:2076} INFO - Dependencies all met for dep_context=requeueable deps ti=<TaskInstance: f1_data_pipeline_taskflow.load_circuit_task scheduled__2024-06-17T00:00:00+00:00 [queued]>
[2024-06-18T08:30:08.332+0000] {taskinstance.py:2306} INFO - Starting attempt 1 of 1
[2024-06-18T08:30:08.343+0000] {taskinstance.py:2330} INFO - Executing <Task(_PythonDecoratedOperator): load_circuit_task> on 2024-06-17 00:00:00+00:00
[2024-06-18T08:30:08.351+0000] {warnings.py:110} WARNING - /home/***/.local/lib/python3.12/site-packages/***/task/task_runner/standard_task_runner.py:61: DeprecationWarning: This process (pid=306) is multi-threaded, use of fork() may lead to deadlocks in the child.
  pid = os.fork()

[2024-06-18T08:30:08.352+0000] {standard_task_runner.py:63} INFO - Started process 334 to run task
[2024-06-18T08:30:08.353+0000] {standard_task_runner.py:90} INFO - Running: ['***', 'tasks', 'run', 'f1_data_pipeline_taskflow', 'load_circuit_task', 'scheduled__2024-06-17T00:00:00+00:00', '--job-id', '15', '--raw', '--subdir', 'DAGS_FOLDER/etl_dag.py', '--cfg-path', '/tmp/tmpw8tv2mki']
[2024-06-18T08:30:08.355+0000] {standard_task_runner.py:91} INFO - Job 15: Subtask load_circuit_task
[2024-06-18T08:30:08.396+0000] {task_command.py:426} INFO - Running <TaskInstance: f1_data_pipeline_taskflow.load_circuit_task scheduled__2024-06-17T00:00:00+00:00 [running]> on host d26fdf24870c
[2024-06-18T08:30:08.532+0000] {taskinstance.py:2648} INFO - Exporting env vars: AIRFLOW_CTX_DAG_OWNER='***' AIRFLOW_CTX_DAG_ID='f1_data_pipeline_taskflow' AIRFLOW_CTX_TASK_ID='load_circuit_task' AIRFLOW_CTX_EXECUTION_DATE='2024-06-17T00:00:00+00:00' AIRFLOW_CTX_TRY_NUMBER='1' AIRFLOW_CTX_DAG_RUN_ID='scheduled__2024-06-17T00:00:00+00:00'
[2024-06-18T08:30:08.533+0000] {taskinstance.py:430} INFO - ::endgroup::
[2024-06-18T08:30:08.534+0000] {crypto.py:82} WARNING - empty cryptography key - values will not be stored encrypted.
[2024-06-18T08:30:08.534+0000] {base.py:84} INFO - Using connection ID 'sourcedb_connection' for task execution.
[2024-06-18T08:30:08.552+0000] {python.py:237} INFO - Done. Returned value was: None
[2024-06-18T08:30:08.553+0000] {taskinstance.py:441} INFO - ::group::Post task execution logs
[2024-06-18T08:30:08.561+0000] {taskinstance.py:1206} INFO - Marking task as SUCCESS. dag_id=f1_data_pipeline_taskflow, task_id=load_circuit_task, run_id=scheduled__2024-06-17T00:00:00+00:00, execution_date=20240617T000000, start_date=20240618T083008, end_date=20240618T083008
[2024-06-18T08:30:08.807+0000] {local_task_job_runner.py:240} INFO - Task exited with return code 0
[2024-06-18T08:30:08.844+0000] {taskinstance.py:3498} INFO - 1 downstream tasks scheduled from follow-on schedule check
[2024-06-18T08:30:08.847+0000] {local_task_job_runner.py:222} INFO - ::endgroup::
[2024-06-18T08:54:41.748+0000] {local_task_job_runner.py:120} INFO - ::group::Pre task execution logs
[2024-06-18T08:54:41.766+0000] {taskinstance.py:2076} INFO - Dependencies all met for dep_context=non-requeueable deps ti=<TaskInstance: f1_data_pipeline_taskflow.load_circuit_task scheduled__2024-06-17T00:00:00+00:00 [queued]>
[2024-06-18T08:54:41.772+0000] {taskinstance.py:2076} INFO - Dependencies all met for dep_context=requeueable deps ti=<TaskInstance: f1_data_pipeline_taskflow.load_circuit_task scheduled__2024-06-17T00:00:00+00:00 [queued]>
[2024-06-18T08:54:41.773+0000] {taskinstance.py:2306} INFO - Starting attempt 1 of 1
[2024-06-18T08:54:41.782+0000] {taskinstance.py:2330} INFO - Executing <Task(_PythonDecoratedOperator): load_circuit_task> on 2024-06-17 00:00:00+00:00
[2024-06-18T08:54:41.788+0000] {warnings.py:110} WARNING - /home/***/.local/lib/python3.12/site-packages/***/task/task_runner/standard_task_runner.py:61: DeprecationWarning: This process (pid=313) is multi-threaded, use of fork() may lead to deadlocks in the child.
  pid = os.fork()

[2024-06-18T08:54:41.789+0000] {standard_task_runner.py:63} INFO - Started process 345 to run task
[2024-06-18T08:54:41.789+0000] {standard_task_runner.py:90} INFO - Running: ['***', 'tasks', 'run', 'f1_data_pipeline_taskflow', 'load_circuit_task', 'scheduled__2024-06-17T00:00:00+00:00', '--job-id', '16', '--raw', '--subdir', 'DAGS_FOLDER/etl_dag.py', '--cfg-path', '/tmp/tmp3rqsm79s']
[2024-06-18T08:54:41.791+0000] {standard_task_runner.py:91} INFO - Job 16: Subtask load_circuit_task
[2024-06-18T08:54:41.829+0000] {task_command.py:426} INFO - Running <TaskInstance: f1_data_pipeline_taskflow.load_circuit_task scheduled__2024-06-17T00:00:00+00:00 [running]> on host 70dbe2d93c7b
[2024-06-18T08:54:41.980+0000] {taskinstance.py:2648} INFO - Exporting env vars: AIRFLOW_CTX_DAG_OWNER='***' AIRFLOW_CTX_DAG_ID='f1_data_pipeline_taskflow' AIRFLOW_CTX_TASK_ID='load_circuit_task' AIRFLOW_CTX_EXECUTION_DATE='2024-06-17T00:00:00+00:00' AIRFLOW_CTX_TRY_NUMBER='1' AIRFLOW_CTX_DAG_RUN_ID='scheduled__2024-06-17T00:00:00+00:00'
[2024-06-18T08:54:41.984+0000] {taskinstance.py:430} INFO - ::endgroup::
[2024-06-18T08:54:41.987+0000] {crypto.py:82} WARNING - empty cryptography key - values will not be stored encrypted.
[2024-06-18T08:54:41.988+0000] {base.py:84} INFO - Using connection ID 'sourcedb_connection' for task execution.
[2024-06-18T08:54:42.045+0000] {python.py:237} INFO - Done. Returned value was: None
[2024-06-18T08:54:42.045+0000] {taskinstance.py:441} INFO - ::group::Post task execution logs
[2024-06-18T08:54:42.053+0000] {taskinstance.py:1206} INFO - Marking task as SUCCESS. dag_id=f1_data_pipeline_taskflow, task_id=load_circuit_task, run_id=scheduled__2024-06-17T00:00:00+00:00, execution_date=20240617T000000, start_date=20240618T085441, end_date=20240618T085442
[2024-06-18T08:54:42.083+0000] {local_task_job_runner.py:240} INFO - Task exited with return code 0
[2024-06-18T08:54:42.106+0000] {taskinstance.py:3498} INFO - 1 downstream tasks scheduled from follow-on schedule check
[2024-06-18T08:54:42.108+0000] {local_task_job_runner.py:222} INFO - ::endgroup::
[2024-06-18T08:58:14.824+0000] {local_task_job_runner.py:120} INFO - ::group::Pre task execution logs
[2024-06-18T08:58:14.846+0000] {taskinstance.py:2076} INFO - Dependencies all met for dep_context=non-requeueable deps ti=<TaskInstance: f1_data_pipeline_taskflow.load_circuit_task scheduled__2024-06-17T00:00:00+00:00 [queued]>
[2024-06-18T08:58:14.852+0000] {taskinstance.py:2076} INFO - Dependencies all met for dep_context=requeueable deps ti=<TaskInstance: f1_data_pipeline_taskflow.load_circuit_task scheduled__2024-06-17T00:00:00+00:00 [queued]>
[2024-06-18T08:58:14.852+0000] {taskinstance.py:2306} INFO - Starting attempt 1 of 1
[2024-06-18T08:58:14.862+0000] {taskinstance.py:2330} INFO - Executing <Task(_PythonDecoratedOperator): load_circuit_task> on 2024-06-17 00:00:00+00:00
[2024-06-18T08:58:14.869+0000] {standard_task_runner.py:90} INFO - Running: ['***', 'tasks', 'run', 'f1_data_pipeline_taskflow', 'load_circuit_task', 'scheduled__2024-06-17T00:00:00+00:00', '--job-id', '17', '--raw', '--subdir', 'DAGS_FOLDER/etl_dag.py', '--cfg-path', '/tmp/tmpu1uzz6db']
[2024-06-18T08:58:14.871+0000] {standard_task_runner.py:91} INFO - Job 17: Subtask load_circuit_task
[2024-06-18T08:58:14.873+0000] {warnings.py:110} WARNING - /home/***/.local/lib/python3.12/site-packages/***/task/task_runner/standard_task_runner.py:61: DeprecationWarning: This process (pid=303) is multi-threaded, use of fork() may lead to deadlocks in the child.
  pid = os.fork()

[2024-06-18T08:58:14.873+0000] {standard_task_runner.py:63} INFO - Started process 315 to run task
[2024-06-18T08:58:14.912+0000] {task_command.py:426} INFO - Running <TaskInstance: f1_data_pipeline_taskflow.load_circuit_task scheduled__2024-06-17T00:00:00+00:00 [running]> on host 85d13f87db98
[2024-06-18T08:58:15.067+0000] {taskinstance.py:2648} INFO - Exporting env vars: AIRFLOW_CTX_DAG_OWNER='***' AIRFLOW_CTX_DAG_ID='f1_data_pipeline_taskflow' AIRFLOW_CTX_TASK_ID='load_circuit_task' AIRFLOW_CTX_EXECUTION_DATE='2024-06-17T00:00:00+00:00' AIRFLOW_CTX_TRY_NUMBER='1' AIRFLOW_CTX_DAG_RUN_ID='scheduled__2024-06-17T00:00:00+00:00'
[2024-06-18T08:58:15.068+0000] {taskinstance.py:430} INFO - ::endgroup::
[2024-06-18T08:58:15.070+0000] {crypto.py:82} WARNING - empty cryptography key - values will not be stored encrypted.
[2024-06-18T08:58:15.070+0000] {base.py:84} INFO - Using connection ID 'sourcedb_connection' for task execution.
[2024-06-18T08:58:15.097+0000] {python.py:237} INFO - Done. Returned value was: None
[2024-06-18T08:58:15.098+0000] {taskinstance.py:441} INFO - ::group::Post task execution logs
[2024-06-18T08:58:15.109+0000] {taskinstance.py:1206} INFO - Marking task as SUCCESS. dag_id=f1_data_pipeline_taskflow, task_id=load_circuit_task, run_id=scheduled__2024-06-17T00:00:00+00:00, execution_date=20240617T000000, start_date=20240618T085814, end_date=20240618T085815
[2024-06-18T08:58:15.208+0000] {local_task_job_runner.py:240} INFO - Task exited with return code 0
[2024-06-18T08:58:15.228+0000] {local_task_job_runner.py:222} INFO - ::endgroup::
[2024-06-18T11:55:38.184+0000] {local_task_job_runner.py:120} INFO - ::group::Pre task execution logs
[2024-06-18T11:55:38.202+0000] {taskinstance.py:2076} INFO - Dependencies all met for dep_context=non-requeueable deps ti=<TaskInstance: f1_data_pipeline_taskflow.load_circuit_task scheduled__2024-06-17T00:00:00+00:00 [queued]>
[2024-06-18T11:55:38.210+0000] {taskinstance.py:2076} INFO - Dependencies all met for dep_context=requeueable deps ti=<TaskInstance: f1_data_pipeline_taskflow.load_circuit_task scheduled__2024-06-17T00:00:00+00:00 [queued]>
[2024-06-18T11:55:38.210+0000] {taskinstance.py:2306} INFO - Starting attempt 1 of 1
[2024-06-18T11:55:38.221+0000] {taskinstance.py:2330} INFO - Executing <Task(_PythonDecoratedOperator): load_circuit_task> on 2024-06-17 00:00:00+00:00
[2024-06-18T11:55:38.228+0000] {warnings.py:110} WARNING - /home/***/.local/lib/python3.12/site-packages/***/task/task_runner/standard_task_runner.py:61: DeprecationWarning: This process (pid=311) is multi-threaded, use of fork() may lead to deadlocks in the child.
  pid = os.fork()

[2024-06-18T11:55:38.229+0000] {standard_task_runner.py:63} INFO - Started process 323 to run task
[2024-06-18T11:55:38.229+0000] {standard_task_runner.py:90} INFO - Running: ['***', 'tasks', 'run', 'f1_data_pipeline_taskflow', 'load_circuit_task', 'scheduled__2024-06-17T00:00:00+00:00', '--job-id', '18', '--raw', '--subdir', 'DAGS_FOLDER/etl_dag.py', '--cfg-path', '/tmp/tmp4gomp3g7']
[2024-06-18T11:55:38.231+0000] {standard_task_runner.py:91} INFO - Job 18: Subtask load_circuit_task
[2024-06-18T11:55:38.268+0000] {task_command.py:426} INFO - Running <TaskInstance: f1_data_pipeline_taskflow.load_circuit_task scheduled__2024-06-17T00:00:00+00:00 [running]> on host 21d7efd887f9
[2024-06-18T11:55:38.412+0000] {taskinstance.py:2648} INFO - Exporting env vars: AIRFLOW_CTX_DAG_OWNER='***' AIRFLOW_CTX_DAG_ID='f1_data_pipeline_taskflow' AIRFLOW_CTX_TASK_ID='load_circuit_task' AIRFLOW_CTX_EXECUTION_DATE='2024-06-17T00:00:00+00:00' AIRFLOW_CTX_TRY_NUMBER='1' AIRFLOW_CTX_DAG_RUN_ID='scheduled__2024-06-17T00:00:00+00:00'
[2024-06-18T11:55:38.414+0000] {taskinstance.py:430} INFO - ::endgroup::
[2024-06-18T11:55:38.416+0000] {crypto.py:82} WARNING - empty cryptography key - values will not be stored encrypted.
[2024-06-18T11:55:38.416+0000] {base.py:84} INFO - Using connection ID 'sourcedb_connection' for task execution.
[2024-06-18T11:55:38.456+0000] {python.py:237} INFO - Done. Returned value was: None
[2024-06-18T11:55:38.458+0000] {taskinstance.py:441} INFO - ::group::Post task execution logs
[2024-06-18T11:55:38.472+0000] {taskinstance.py:1206} INFO - Marking task as SUCCESS. dag_id=f1_data_pipeline_taskflow, task_id=load_circuit_task, run_id=scheduled__2024-06-17T00:00:00+00:00, execution_date=20240617T000000, start_date=20240618T115538, end_date=20240618T115538
[2024-06-18T11:55:38.523+0000] {local_task_job_runner.py:240} INFO - Task exited with return code 0
[2024-06-18T11:55:38.575+0000] {taskinstance.py:3498} INFO - 1 downstream tasks scheduled from follow-on schedule check
[2024-06-18T11:55:38.582+0000] {local_task_job_runner.py:222} INFO - ::endgroup::
[2024-06-18T12:52:44.028+0000] {local_task_job_runner.py:120} INFO - ::group::Pre task execution logs
[2024-06-18T12:52:44.047+0000] {taskinstance.py:2076} INFO - Dependencies all met for dep_context=non-requeueable deps ti=<TaskInstance: f1_data_pipeline_taskflow.load_circuit_task scheduled__2024-06-17T00:00:00+00:00 [queued]>
[2024-06-18T12:52:44.057+0000] {taskinstance.py:2076} INFO - Dependencies all met for dep_context=requeueable deps ti=<TaskInstance: f1_data_pipeline_taskflow.load_circuit_task scheduled__2024-06-17T00:00:00+00:00 [queued]>
[2024-06-18T12:52:44.058+0000] {taskinstance.py:2306} INFO - Starting attempt 1 of 1
[2024-06-18T12:52:44.074+0000] {taskinstance.py:2330} INFO - Executing <Task(_PythonDecoratedOperator): load_circuit_task> on 2024-06-17 00:00:00+00:00
[2024-06-18T12:52:44.082+0000] {warnings.py:110} WARNING - /home/***/.local/lib/python3.12/site-packages/***/task/task_runner/standard_task_runner.py:61: DeprecationWarning: This process (pid=315) is multi-threaded, use of fork() may lead to deadlocks in the child.
  pid = os.fork()

[2024-06-18T12:52:44.084+0000] {standard_task_runner.py:63} INFO - Started process 325 to run task
[2024-06-18T12:52:44.083+0000] {standard_task_runner.py:90} INFO - Running: ['***', 'tasks', 'run', 'f1_data_pipeline_taskflow', 'load_circuit_task', 'scheduled__2024-06-17T00:00:00+00:00', '--job-id', '14', '--raw', '--subdir', 'DAGS_FOLDER/etl_dag.py', '--cfg-path', '/tmp/tmpigwzlu73']
[2024-06-18T12:52:44.086+0000] {standard_task_runner.py:91} INFO - Job 14: Subtask load_circuit_task
[2024-06-18T12:52:44.137+0000] {task_command.py:426} INFO - Running <TaskInstance: f1_data_pipeline_taskflow.load_circuit_task scheduled__2024-06-17T00:00:00+00:00 [running]> on host 29634c3e6318
[2024-06-18T12:52:44.304+0000] {taskinstance.py:2648} INFO - Exporting env vars: AIRFLOW_CTX_DAG_OWNER='***' AIRFLOW_CTX_DAG_ID='f1_data_pipeline_taskflow' AIRFLOW_CTX_TASK_ID='load_circuit_task' AIRFLOW_CTX_EXECUTION_DATE='2024-06-17T00:00:00+00:00' AIRFLOW_CTX_TRY_NUMBER='1' AIRFLOW_CTX_DAG_RUN_ID='scheduled__2024-06-17T00:00:00+00:00'
[2024-06-18T12:52:44.305+0000] {taskinstance.py:430} INFO - ::endgroup::
[2024-06-18T12:52:44.306+0000] {crypto.py:82} WARNING - empty cryptography key - values will not be stored encrypted.
[2024-06-18T12:52:44.306+0000] {base.py:84} INFO - Using connection ID 'sourcedb_connection' for task execution.
[2024-06-18T12:52:44.357+0000] {python.py:237} INFO - Done. Returned value was: None
[2024-06-18T12:52:44.358+0000] {taskinstance.py:441} INFO - ::group::Post task execution logs
[2024-06-18T12:52:44.367+0000] {taskinstance.py:1206} INFO - Marking task as SUCCESS. dag_id=f1_data_pipeline_taskflow, task_id=load_circuit_task, run_id=scheduled__2024-06-17T00:00:00+00:00, execution_date=20240617T000000, start_date=20240618T125244, end_date=20240618T125244
[2024-06-18T12:52:44.419+0000] {local_task_job_runner.py:240} INFO - Task exited with return code 0
[2024-06-18T12:52:44.430+0000] {local_task_job_runner.py:222} INFO - ::endgroup::
[2024-06-18T13:18:12.573+0000] {local_task_job_runner.py:120} INFO - ::group::Pre task execution logs
[2024-06-18T13:18:12.590+0000] {taskinstance.py:2076} INFO - Dependencies all met for dep_context=non-requeueable deps ti=<TaskInstance: f1_data_pipeline_taskflow.load_circuit_task scheduled__2024-06-17T00:00:00+00:00 [queued]>
[2024-06-18T13:18:12.597+0000] {taskinstance.py:2076} INFO - Dependencies all met for dep_context=requeueable deps ti=<TaskInstance: f1_data_pipeline_taskflow.load_circuit_task scheduled__2024-06-17T00:00:00+00:00 [queued]>
[2024-06-18T13:18:12.598+0000] {taskinstance.py:2306} INFO - Starting attempt 1 of 1
[2024-06-18T13:18:12.607+0000] {taskinstance.py:2330} INFO - Executing <Task(_PythonDecoratedOperator): load_circuit_task> on 2024-06-17 00:00:00+00:00
[2024-06-18T13:18:12.614+0000] {warnings.py:110} WARNING - /home/***/.local/lib/python3.12/site-packages/***/task/task_runner/standard_task_runner.py:61: DeprecationWarning: This process (pid=341) is multi-threaded, use of fork() may lead to deadlocks in the child.
  pid = os.fork()

[2024-06-18T13:18:12.615+0000] {standard_task_runner.py:63} INFO - Started process 393 to run task
[2024-06-18T13:18:12.615+0000] {standard_task_runner.py:90} INFO - Running: ['***', 'tasks', 'run', 'f1_data_pipeline_taskflow', 'load_circuit_task', 'scheduled__2024-06-17T00:00:00+00:00', '--job-id', '18', '--raw', '--subdir', 'DAGS_FOLDER/etl_dag.py', '--cfg-path', '/tmp/tmpsjm4eu0q']
[2024-06-18T13:18:12.617+0000] {standard_task_runner.py:91} INFO - Job 18: Subtask load_circuit_task
[2024-06-18T13:18:12.653+0000] {task_command.py:426} INFO - Running <TaskInstance: f1_data_pipeline_taskflow.load_circuit_task scheduled__2024-06-17T00:00:00+00:00 [running]> on host 642827d53473
[2024-06-18T13:18:12.786+0000] {taskinstance.py:2648} INFO - Exporting env vars: AIRFLOW_CTX_DAG_OWNER='***' AIRFLOW_CTX_DAG_ID='f1_data_pipeline_taskflow' AIRFLOW_CTX_TASK_ID='load_circuit_task' AIRFLOW_CTX_EXECUTION_DATE='2024-06-17T00:00:00+00:00' AIRFLOW_CTX_TRY_NUMBER='1' AIRFLOW_CTX_DAG_RUN_ID='scheduled__2024-06-17T00:00:00+00:00'
[2024-06-18T13:18:12.787+0000] {taskinstance.py:430} INFO - ::endgroup::
[2024-06-18T13:18:12.789+0000] {crypto.py:82} WARNING - empty cryptography key - values will not be stored encrypted.
[2024-06-18T13:18:12.790+0000] {base.py:84} INFO - Using connection ID 'sourcedb_connection' for task execution.
[2024-06-18T13:18:12.828+0000] {python.py:237} INFO - Done. Returned value was: None
[2024-06-18T13:18:12.831+0000] {taskinstance.py:441} INFO - ::group::Post task execution logs
[2024-06-18T13:18:12.851+0000] {taskinstance.py:1206} INFO - Marking task as SUCCESS. dag_id=f1_data_pipeline_taskflow, task_id=load_circuit_task, run_id=scheduled__2024-06-17T00:00:00+00:00, execution_date=20240617T000000, start_date=20240618T131812, end_date=20240618T131812
[2024-06-18T13:18:12.909+0000] {local_task_job_runner.py:240} INFO - Task exited with return code 0
[2024-06-18T13:18:12.934+0000] {taskinstance.py:3498} INFO - 1 downstream tasks scheduled from follow-on schedule check
[2024-06-18T13:18:12.936+0000] {local_task_job_runner.py:222} INFO - ::endgroup::
[2024-06-18T13:28:22.950+0000] {local_task_job_runner.py:120} INFO - ::group::Pre task execution logs
[2024-06-18T13:28:22.967+0000] {taskinstance.py:2076} INFO - Dependencies all met for dep_context=non-requeueable deps ti=<TaskInstance: f1_data_pipeline_taskflow.load_circuit_task scheduled__2024-06-17T00:00:00+00:00 [queued]>
[2024-06-18T13:28:22.973+0000] {taskinstance.py:2076} INFO - Dependencies all met for dep_context=requeueable deps ti=<TaskInstance: f1_data_pipeline_taskflow.load_circuit_task scheduled__2024-06-17T00:00:00+00:00 [queued]>
[2024-06-18T13:28:22.973+0000] {taskinstance.py:2306} INFO - Starting attempt 1 of 1
[2024-06-18T13:28:22.986+0000] {taskinstance.py:2330} INFO - Executing <Task(_PythonDecoratedOperator): load_circuit_task> on 2024-06-17 00:00:00+00:00
[2024-06-18T13:28:22.992+0000] {warnings.py:110} WARNING - /home/***/.local/lib/python3.12/site-packages/***/task/task_runner/standard_task_runner.py:61: DeprecationWarning: This process (pid=310) is multi-threaded, use of fork() may lead to deadlocks in the child.
  pid = os.fork()

[2024-06-18T13:28:22.993+0000] {standard_task_runner.py:63} INFO - Started process 319 to run task
[2024-06-18T13:28:22.993+0000] {standard_task_runner.py:90} INFO - Running: ['***', 'tasks', 'run', 'f1_data_pipeline_taskflow', 'load_circuit_task', 'scheduled__2024-06-17T00:00:00+00:00', '--job-id', '15', '--raw', '--subdir', 'DAGS_FOLDER/etl_dag.py', '--cfg-path', '/tmp/tmpwe174v3c']
[2024-06-18T13:28:22.995+0000] {standard_task_runner.py:91} INFO - Job 15: Subtask load_circuit_task
[2024-06-18T13:28:23.037+0000] {task_command.py:426} INFO - Running <TaskInstance: f1_data_pipeline_taskflow.load_circuit_task scheduled__2024-06-17T00:00:00+00:00 [running]> on host 9ae4be1c5479
[2024-06-18T13:28:23.185+0000] {taskinstance.py:2648} INFO - Exporting env vars: AIRFLOW_CTX_DAG_OWNER='***' AIRFLOW_CTX_DAG_ID='f1_data_pipeline_taskflow' AIRFLOW_CTX_TASK_ID='load_circuit_task' AIRFLOW_CTX_EXECUTION_DATE='2024-06-17T00:00:00+00:00' AIRFLOW_CTX_TRY_NUMBER='1' AIRFLOW_CTX_DAG_RUN_ID='scheduled__2024-06-17T00:00:00+00:00'
[2024-06-18T13:28:23.186+0000] {taskinstance.py:430} INFO - ::endgroup::
[2024-06-18T13:28:23.187+0000] {crypto.py:82} WARNING - empty cryptography key - values will not be stored encrypted.
[2024-06-18T13:28:23.188+0000] {base.py:84} INFO - Using connection ID 'sourcedb_connection' for task execution.
[2024-06-18T13:28:23.213+0000] {python.py:237} INFO - Done. Returned value was: None
[2024-06-18T13:28:23.214+0000] {taskinstance.py:441} INFO - ::group::Post task execution logs
[2024-06-18T13:28:23.229+0000] {taskinstance.py:1206} INFO - Marking task as SUCCESS. dag_id=f1_data_pipeline_taskflow, task_id=load_circuit_task, run_id=scheduled__2024-06-17T00:00:00+00:00, execution_date=20240617T000000, start_date=20240618T132822, end_date=20240618T132823
[2024-06-18T13:28:23.289+0000] {local_task_job_runner.py:240} INFO - Task exited with return code 0
[2024-06-18T13:28:23.395+0000] {taskinstance.py:3498} INFO - 1 downstream tasks scheduled from follow-on schedule check
[2024-06-18T13:28:23.398+0000] {local_task_job_runner.py:222} INFO - ::endgroup::
[2024-06-18T13:57:34.781+0000] {local_task_job_runner.py:120} INFO - ::group::Pre task execution logs
[2024-06-18T13:57:34.802+0000] {taskinstance.py:2076} INFO - Dependencies all met for dep_context=non-requeueable deps ti=<TaskInstance: f1_data_pipeline_taskflow.load_circuit_task scheduled__2024-06-17T00:00:00+00:00 [queued]>
[2024-06-18T13:57:34.810+0000] {taskinstance.py:2076} INFO - Dependencies all met for dep_context=requeueable deps ti=<TaskInstance: f1_data_pipeline_taskflow.load_circuit_task scheduled__2024-06-17T00:00:00+00:00 [queued]>
[2024-06-18T13:57:34.810+0000] {taskinstance.py:2306} INFO - Starting attempt 1 of 1
[2024-06-18T13:57:34.822+0000] {taskinstance.py:2330} INFO - Executing <Task(_PythonDecoratedOperator): load_circuit_task> on 2024-06-17 00:00:00+00:00
[2024-06-18T13:57:34.829+0000] {warnings.py:110} WARNING - /home/***/.local/lib/python3.12/site-packages/***/task/task_runner/standard_task_runner.py:61: DeprecationWarning: This process (pid=334) is multi-threaded, use of fork() may lead to deadlocks in the child.
  pid = os.fork()

[2024-06-18T13:57:34.830+0000] {standard_task_runner.py:63} INFO - Started process 364 to run task
[2024-06-18T13:57:34.830+0000] {standard_task_runner.py:90} INFO - Running: ['***', 'tasks', 'run', 'f1_data_pipeline_taskflow', 'load_circuit_task', 'scheduled__2024-06-17T00:00:00+00:00', '--job-id', '18', '--raw', '--subdir', 'DAGS_FOLDER/etl_dag.py', '--cfg-path', '/tmp/tmpu_j7k56e']
[2024-06-18T13:57:34.832+0000] {standard_task_runner.py:91} INFO - Job 18: Subtask load_circuit_task
[2024-06-18T13:57:34.870+0000] {task_command.py:426} INFO - Running <TaskInstance: f1_data_pipeline_taskflow.load_circuit_task scheduled__2024-06-17T00:00:00+00:00 [running]> on host a16dbee39cfe
[2024-06-18T13:57:35.111+0000] {taskinstance.py:2648} INFO - Exporting env vars: AIRFLOW_CTX_DAG_OWNER='***' AIRFLOW_CTX_DAG_ID='f1_data_pipeline_taskflow' AIRFLOW_CTX_TASK_ID='load_circuit_task' AIRFLOW_CTX_EXECUTION_DATE='2024-06-17T00:00:00+00:00' AIRFLOW_CTX_TRY_NUMBER='1' AIRFLOW_CTX_DAG_RUN_ID='scheduled__2024-06-17T00:00:00+00:00'
[2024-06-18T13:57:35.112+0000] {taskinstance.py:430} INFO - ::endgroup::
[2024-06-18T13:57:35.113+0000] {crypto.py:82} WARNING - empty cryptography key - values will not be stored encrypted.
[2024-06-18T13:57:35.113+0000] {base.py:84} INFO - Using connection ID 'sourcedb_connection' for task execution.
[2024-06-18T13:57:35.134+0000] {python.py:237} INFO - Done. Returned value was: None
[2024-06-18T13:57:35.135+0000] {taskinstance.py:441} INFO - ::group::Post task execution logs
[2024-06-18T13:57:35.143+0000] {taskinstance.py:1206} INFO - Marking task as SUCCESS. dag_id=f1_data_pipeline_taskflow, task_id=load_circuit_task, run_id=scheduled__2024-06-17T00:00:00+00:00, execution_date=20240617T000000, start_date=20240618T135734, end_date=20240618T135735
[2024-06-18T13:57:35.166+0000] {local_task_job_runner.py:240} INFO - Task exited with return code 0
[2024-06-18T13:57:35.191+0000] {taskinstance.py:3498} INFO - 1 downstream tasks scheduled from follow-on schedule check
[2024-06-18T13:57:35.193+0000] {local_task_job_runner.py:222} INFO - ::endgroup::
[2024-06-18T14:07:08.361+0000] {local_task_job_runner.py:120} INFO - ::group::Pre task execution logs
[2024-06-18T14:07:08.379+0000] {taskinstance.py:2076} INFO - Dependencies all met for dep_context=non-requeueable deps ti=<TaskInstance: f1_data_pipeline_taskflow.load_circuit_task scheduled__2024-06-17T00:00:00+00:00 [queued]>
[2024-06-18T14:07:08.384+0000] {taskinstance.py:2076} INFO - Dependencies all met for dep_context=requeueable deps ti=<TaskInstance: f1_data_pipeline_taskflow.load_circuit_task scheduled__2024-06-17T00:00:00+00:00 [queued]>
[2024-06-18T14:07:08.384+0000] {taskinstance.py:2306} INFO - Starting attempt 1 of 1
[2024-06-18T14:07:08.392+0000] {taskinstance.py:2330} INFO - Executing <Task(_PythonDecoratedOperator): load_circuit_task> on 2024-06-17 00:00:00+00:00
[2024-06-18T14:07:08.398+0000] {warnings.py:110} WARNING - /home/***/.local/lib/python3.12/site-packages/***/task/task_runner/standard_task_runner.py:61: DeprecationWarning: This process (pid=316) is multi-threaded, use of fork() may lead to deadlocks in the child.
  pid = os.fork()

[2024-06-18T14:07:08.399+0000] {standard_task_runner.py:63} INFO - Started process 326 to run task
[2024-06-18T14:07:08.399+0000] {standard_task_runner.py:90} INFO - Running: ['***', 'tasks', 'run', 'f1_data_pipeline_taskflow', 'load_circuit_task', 'scheduled__2024-06-17T00:00:00+00:00', '--job-id', '14', '--raw', '--subdir', 'DAGS_FOLDER/etl_dag.py', '--cfg-path', '/tmp/tmpko40k4__']
[2024-06-18T14:07:08.401+0000] {standard_task_runner.py:91} INFO - Job 14: Subtask load_circuit_task
[2024-06-18T14:07:08.439+0000] {task_command.py:426} INFO - Running <TaskInstance: f1_data_pipeline_taskflow.load_circuit_task scheduled__2024-06-17T00:00:00+00:00 [running]> on host f083cbcc503e
[2024-06-18T14:07:08.607+0000] {taskinstance.py:2648} INFO - Exporting env vars: AIRFLOW_CTX_DAG_OWNER='***' AIRFLOW_CTX_DAG_ID='f1_data_pipeline_taskflow' AIRFLOW_CTX_TASK_ID='load_circuit_task' AIRFLOW_CTX_EXECUTION_DATE='2024-06-17T00:00:00+00:00' AIRFLOW_CTX_TRY_NUMBER='1' AIRFLOW_CTX_DAG_RUN_ID='scheduled__2024-06-17T00:00:00+00:00'
[2024-06-18T14:07:08.608+0000] {taskinstance.py:430} INFO - ::endgroup::
[2024-06-18T14:07:08.609+0000] {crypto.py:82} WARNING - empty cryptography key - values will not be stored encrypted.
[2024-06-18T14:07:08.609+0000] {base.py:84} INFO - Using connection ID 'sourcedb_connection' for task execution.
[2024-06-18T14:07:08.634+0000] {python.py:237} INFO - Done. Returned value was: None
[2024-06-18T14:07:08.634+0000] {taskinstance.py:441} INFO - ::group::Post task execution logs
[2024-06-18T14:07:08.641+0000] {taskinstance.py:1206} INFO - Marking task as SUCCESS. dag_id=f1_data_pipeline_taskflow, task_id=load_circuit_task, run_id=scheduled__2024-06-17T00:00:00+00:00, execution_date=20240617T000000, start_date=20240618T140708, end_date=20240618T140708
[2024-06-18T14:07:08.692+0000] {local_task_job_runner.py:240} INFO - Task exited with return code 0
[2024-06-18T14:07:08.700+0000] {local_task_job_runner.py:222} INFO - ::endgroup::
