[2024-06-10T07:43:58.275+0000] {local_task_job_runner.py:120} INFO - ::group::Pre task execution logs
[2024-06-10T07:43:58.294+0000] {taskinstance.py:2076} INFO - Dependencies all met for dep_context=non-requeueable deps ti=<TaskInstance: f1_data_pipeline_taskflow.load_laps_task scheduled__2024-06-09T00:00:00+00:00 [queued]>
[2024-06-10T07:43:58.306+0000] {taskinstance.py:2076} INFO - Dependencies all met for dep_context=requeueable deps ti=<TaskInstance: f1_data_pipeline_taskflow.load_laps_task scheduled__2024-06-09T00:00:00+00:00 [queued]>
[2024-06-10T07:43:58.306+0000] {taskinstance.py:2306} INFO - Starting attempt 1 of 1
[2024-06-10T07:43:58.317+0000] {taskinstance.py:2330} INFO - Executing <Task(_PythonDecoratedOperator): load_laps_task> on 2024-06-09 00:00:00+00:00
[2024-06-10T07:43:58.325+0000] {warnings.py:110} WARNING - /home/***/.local/lib/python3.12/site-packages/***/task/task_runner/standard_task_runner.py:61: DeprecationWarning: This process (pid=531) is multi-threaded, use of fork() may lead to deadlocks in the child.
  pid = os.fork()

[2024-06-10T07:43:58.326+0000] {standard_task_runner.py:63} INFO - Started process 543 to run task
[2024-06-10T07:43:58.327+0000] {standard_task_runner.py:90} INFO - Running: ['***', 'tasks', 'run', 'f1_data_pipeline_taskflow', 'load_laps_task', 'scheduled__2024-06-09T00:00:00+00:00', '--job-id', '30', '--raw', '--subdir', 'DAGS_FOLDER/etl_dag.py', '--cfg-path', '/tmp/tmp9q6z8d7w']
[2024-06-10T07:43:58.329+0000] {standard_task_runner.py:91} INFO - Job 30: Subtask load_laps_task
[2024-06-10T07:43:58.371+0000] {task_command.py:426} INFO - Running <TaskInstance: f1_data_pipeline_taskflow.load_laps_task scheduled__2024-06-09T00:00:00+00:00 [running]> on host e8457e1e96c0
[2024-06-10T07:43:58.568+0000] {taskinstance.py:2648} INFO - Exporting env vars: AIRFLOW_CTX_DAG_OWNER='***' AIRFLOW_CTX_DAG_ID='f1_data_pipeline_taskflow' AIRFLOW_CTX_TASK_ID='load_laps_task' AIRFLOW_CTX_EXECUTION_DATE='2024-06-09T00:00:00+00:00' AIRFLOW_CTX_TRY_NUMBER='1' AIRFLOW_CTX_DAG_RUN_ID='scheduled__2024-06-09T00:00:00+00:00'
[2024-06-10T07:43:58.568+0000] {taskinstance.py:430} INFO - ::endgroup::
[2024-06-10T07:43:58.570+0000] {crypto.py:82} WARNING - empty cryptography key - values will not be stored encrypted.
[2024-06-10T07:43:58.570+0000] {base.py:84} INFO - Using connection ID 'sourcedb_connection' for task execution.
[2024-06-10T07:44:02.830+0000] {python.py:237} INFO - Done. Returned value was: None
[2024-06-10T07:44:02.830+0000] {taskinstance.py:441} INFO - ::group::Post task execution logs
[2024-06-10T07:44:02.839+0000] {taskinstance.py:1206} INFO - Marking task as SUCCESS. dag_id=f1_data_pipeline_taskflow, task_id=load_laps_task, run_id=scheduled__2024-06-09T00:00:00+00:00, execution_date=20240609T000000, start_date=20240610T074358, end_date=20240610T074402
[2024-06-10T07:44:02.875+0000] {local_task_job_runner.py:240} INFO - Task exited with return code 0
[2024-06-10T07:44:02.891+0000] {taskinstance.py:3498} INFO - 1 downstream tasks scheduled from follow-on schedule check
[2024-06-10T07:44:02.892+0000] {local_task_job_runner.py:222} INFO - ::endgroup::
[2024-06-10T08:20:17.543+0000] {local_task_job_runner.py:120} INFO - ::group::Pre task execution logs
[2024-06-10T08:20:17.564+0000] {taskinstance.py:2076} INFO - Dependencies all met for dep_context=non-requeueable deps ti=<TaskInstance: f1_data_pipeline_taskflow.load_laps_task scheduled__2024-06-09T00:00:00+00:00 [queued]>
[2024-06-10T08:20:17.574+0000] {taskinstance.py:2076} INFO - Dependencies all met for dep_context=requeueable deps ti=<TaskInstance: f1_data_pipeline_taskflow.load_laps_task scheduled__2024-06-09T00:00:00+00:00 [queued]>
[2024-06-10T08:20:17.575+0000] {taskinstance.py:2306} INFO - Starting attempt 1 of 1
[2024-06-10T08:20:17.586+0000] {taskinstance.py:2330} INFO - Executing <Task(_PythonDecoratedOperator): load_laps_task> on 2024-06-09 00:00:00+00:00
[2024-06-10T08:20:17.592+0000] {warnings.py:110} WARNING - /home/***/.local/lib/python3.12/site-packages/***/task/task_runner/standard_task_runner.py:61: DeprecationWarning: This process (pid=478) is multi-threaded, use of fork() may lead to deadlocks in the child.
  pid = os.fork()

[2024-06-10T08:20:17.594+0000] {standard_task_runner.py:63} INFO - Started process 487 to run task
[2024-06-10T08:20:17.594+0000] {standard_task_runner.py:90} INFO - Running: ['***', 'tasks', 'run', 'f1_data_pipeline_taskflow', 'load_laps_task', 'scheduled__2024-06-09T00:00:00+00:00', '--job-id', '28', '--raw', '--subdir', 'DAGS_FOLDER/etl_dag.py', '--cfg-path', '/tmp/tmpga_kmbye']
[2024-06-10T08:20:17.595+0000] {standard_task_runner.py:91} INFO - Job 28: Subtask load_laps_task
[2024-06-10T08:20:17.634+0000] {task_command.py:426} INFO - Running <TaskInstance: f1_data_pipeline_taskflow.load_laps_task scheduled__2024-06-09T00:00:00+00:00 [running]> on host 1d74a271cedb
[2024-06-10T08:20:17.913+0000] {taskinstance.py:2648} INFO - Exporting env vars: AIRFLOW_CTX_DAG_OWNER='***' AIRFLOW_CTX_DAG_ID='f1_data_pipeline_taskflow' AIRFLOW_CTX_TASK_ID='load_laps_task' AIRFLOW_CTX_EXECUTION_DATE='2024-06-09T00:00:00+00:00' AIRFLOW_CTX_TRY_NUMBER='1' AIRFLOW_CTX_DAG_RUN_ID='scheduled__2024-06-09T00:00:00+00:00'
[2024-06-10T08:20:17.914+0000] {taskinstance.py:430} INFO - ::endgroup::
[2024-06-10T08:20:17.916+0000] {crypto.py:82} WARNING - empty cryptography key - values will not be stored encrypted.
[2024-06-10T08:20:17.916+0000] {base.py:84} INFO - Using connection ID 'sourcedb_connection' for task execution.
[2024-06-10T08:20:22.421+0000] {python.py:237} INFO - Done. Returned value was: None
[2024-06-10T08:20:22.422+0000] {taskinstance.py:441} INFO - ::group::Post task execution logs
[2024-06-10T08:20:22.429+0000] {taskinstance.py:1206} INFO - Marking task as SUCCESS. dag_id=f1_data_pipeline_taskflow, task_id=load_laps_task, run_id=scheduled__2024-06-09T00:00:00+00:00, execution_date=20240609T000000, start_date=20240610T082017, end_date=20240610T082022
[2024-06-10T08:20:22.463+0000] {local_task_job_runner.py:240} INFO - Task exited with return code 0
[2024-06-10T08:20:22.479+0000] {taskinstance.py:3498} INFO - 1 downstream tasks scheduled from follow-on schedule check
[2024-06-10T08:20:22.480+0000] {local_task_job_runner.py:222} INFO - ::endgroup::
[2024-06-10T08:30:45.432+0000] {local_task_job_runner.py:120} INFO - ::group::Pre task execution logs
[2024-06-10T08:30:45.451+0000] {taskinstance.py:2076} INFO - Dependencies all met for dep_context=non-requeueable deps ti=<TaskInstance: f1_data_pipeline_taskflow.load_laps_task scheduled__2024-06-09T00:00:00+00:00 [queued]>
[2024-06-10T08:30:45.460+0000] {taskinstance.py:2076} INFO - Dependencies all met for dep_context=requeueable deps ti=<TaskInstance: f1_data_pipeline_taskflow.load_laps_task scheduled__2024-06-09T00:00:00+00:00 [queued]>
[2024-06-10T08:30:45.461+0000] {taskinstance.py:2306} INFO - Starting attempt 1 of 1
[2024-06-10T08:30:45.472+0000] {taskinstance.py:2330} INFO - Executing <Task(_PythonDecoratedOperator): load_laps_task> on 2024-06-09 00:00:00+00:00
[2024-06-10T08:30:45.479+0000] {warnings.py:110} WARNING - /home/***/.local/lib/python3.12/site-packages/***/task/task_runner/standard_task_runner.py:61: DeprecationWarning: This process (pid=507) is multi-threaded, use of fork() may lead to deadlocks in the child.
  pid = os.fork()

[2024-06-10T08:30:45.481+0000] {standard_task_runner.py:63} INFO - Started process 517 to run task
[2024-06-10T08:30:45.481+0000] {standard_task_runner.py:90} INFO - Running: ['***', 'tasks', 'run', 'f1_data_pipeline_taskflow', 'load_laps_task', 'scheduled__2024-06-09T00:00:00+00:00', '--job-id', '30', '--raw', '--subdir', 'DAGS_FOLDER/etl_dag.py', '--cfg-path', '/tmp/tmp6y2gncxo']
[2024-06-10T08:30:45.483+0000] {standard_task_runner.py:91} INFO - Job 30: Subtask load_laps_task
[2024-06-10T08:30:45.526+0000] {task_command.py:426} INFO - Running <TaskInstance: f1_data_pipeline_taskflow.load_laps_task scheduled__2024-06-09T00:00:00+00:00 [running]> on host c0d58a373fda
[2024-06-10T08:30:45.746+0000] {taskinstance.py:2648} INFO - Exporting env vars: AIRFLOW_CTX_DAG_OWNER='***' AIRFLOW_CTX_DAG_ID='f1_data_pipeline_taskflow' AIRFLOW_CTX_TASK_ID='load_laps_task' AIRFLOW_CTX_EXECUTION_DATE='2024-06-09T00:00:00+00:00' AIRFLOW_CTX_TRY_NUMBER='1' AIRFLOW_CTX_DAG_RUN_ID='scheduled__2024-06-09T00:00:00+00:00'
[2024-06-10T08:30:45.748+0000] {taskinstance.py:430} INFO - ::endgroup::
[2024-06-10T08:30:45.749+0000] {crypto.py:82} WARNING - empty cryptography key - values will not be stored encrypted.
[2024-06-10T08:30:45.750+0000] {base.py:84} INFO - Using connection ID 'sourcedb_connection' for task execution.
[2024-06-10T08:30:50.078+0000] {python.py:237} INFO - Done. Returned value was: None
[2024-06-10T08:30:50.078+0000] {taskinstance.py:441} INFO - ::group::Post task execution logs
[2024-06-10T08:30:50.086+0000] {taskinstance.py:1206} INFO - Marking task as SUCCESS. dag_id=f1_data_pipeline_taskflow, task_id=load_laps_task, run_id=scheduled__2024-06-09T00:00:00+00:00, execution_date=20240609T000000, start_date=20240610T083045, end_date=20240610T083050
[2024-06-10T08:30:50.110+0000] {local_task_job_runner.py:240} INFO - Task exited with return code 0
[2024-06-10T08:30:50.125+0000] {taskinstance.py:3498} INFO - 1 downstream tasks scheduled from follow-on schedule check
[2024-06-10T08:30:50.126+0000] {local_task_job_runner.py:222} INFO - ::endgroup::
[2024-06-10T08:45:45.016+0000] {local_task_job_runner.py:120} INFO - ::group::Pre task execution logs
[2024-06-10T08:45:45.035+0000] {taskinstance.py:2076} INFO - Dependencies all met for dep_context=non-requeueable deps ti=<TaskInstance: f1_data_pipeline_taskflow.load_laps_task scheduled__2024-06-09T00:00:00+00:00 [queued]>
[2024-06-10T08:45:45.041+0000] {taskinstance.py:2076} INFO - Dependencies all met for dep_context=requeueable deps ti=<TaskInstance: f1_data_pipeline_taskflow.load_laps_task scheduled__2024-06-09T00:00:00+00:00 [queued]>
[2024-06-10T08:45:45.042+0000] {taskinstance.py:2306} INFO - Starting attempt 1 of 1
[2024-06-10T08:45:45.053+0000] {taskinstance.py:2330} INFO - Executing <Task(_PythonDecoratedOperator): load_laps_task> on 2024-06-09 00:00:00+00:00
[2024-06-10T08:45:45.059+0000] {warnings.py:110} WARNING - /home/***/.local/lib/python3.12/site-packages/***/task/task_runner/standard_task_runner.py:61: DeprecationWarning: This process (pid=495) is multi-threaded, use of fork() may lead to deadlocks in the child.
  pid = os.fork()

[2024-06-10T08:45:45.061+0000] {standard_task_runner.py:63} INFO - Started process 512 to run task
[2024-06-10T08:45:45.061+0000] {standard_task_runner.py:90} INFO - Running: ['***', 'tasks', 'run', 'f1_data_pipeline_taskflow', 'load_laps_task', 'scheduled__2024-06-09T00:00:00+00:00', '--job-id', '27', '--raw', '--subdir', 'DAGS_FOLDER/etl_dag.py', '--cfg-path', '/tmp/tmpt350b7ch']
[2024-06-10T08:45:45.063+0000] {standard_task_runner.py:91} INFO - Job 27: Subtask load_laps_task
[2024-06-10T08:45:45.102+0000] {task_command.py:426} INFO - Running <TaskInstance: f1_data_pipeline_taskflow.load_laps_task scheduled__2024-06-09T00:00:00+00:00 [running]> on host 27b2ec5a9b2d
[2024-06-10T08:45:45.299+0000] {taskinstance.py:2648} INFO - Exporting env vars: AIRFLOW_CTX_DAG_OWNER='***' AIRFLOW_CTX_DAG_ID='f1_data_pipeline_taskflow' AIRFLOW_CTX_TASK_ID='load_laps_task' AIRFLOW_CTX_EXECUTION_DATE='2024-06-09T00:00:00+00:00' AIRFLOW_CTX_TRY_NUMBER='1' AIRFLOW_CTX_DAG_RUN_ID='scheduled__2024-06-09T00:00:00+00:00'
[2024-06-10T08:45:45.300+0000] {taskinstance.py:430} INFO - ::endgroup::
[2024-06-10T08:45:45.301+0000] {crypto.py:82} WARNING - empty cryptography key - values will not be stored encrypted.
[2024-06-10T08:45:45.301+0000] {base.py:84} INFO - Using connection ID 'sourcedb_connection' for task execution.
[2024-06-10T08:45:49.739+0000] {python.py:237} INFO - Done. Returned value was: None
[2024-06-10T08:45:49.739+0000] {taskinstance.py:441} INFO - ::group::Post task execution logs
[2024-06-10T08:45:49.749+0000] {taskinstance.py:1206} INFO - Marking task as SUCCESS. dag_id=f1_data_pipeline_taskflow, task_id=load_laps_task, run_id=scheduled__2024-06-09T00:00:00+00:00, execution_date=20240609T000000, start_date=20240610T084545, end_date=20240610T084549
[2024-06-10T08:45:49.809+0000] {local_task_job_runner.py:240} INFO - Task exited with return code 0
[2024-06-10T08:45:49.830+0000] {taskinstance.py:3498} INFO - 1 downstream tasks scheduled from follow-on schedule check
[2024-06-10T08:45:49.832+0000] {local_task_job_runner.py:222} INFO - ::endgroup::
[2024-06-10T09:01:53.844+0000] {local_task_job_runner.py:120} INFO - ::group::Pre task execution logs
[2024-06-10T09:01:53.864+0000] {taskinstance.py:2076} INFO - Dependencies all met for dep_context=non-requeueable deps ti=<TaskInstance: f1_data_pipeline_taskflow.load_laps_task scheduled__2024-06-09T00:00:00+00:00 [queued]>
[2024-06-10T09:01:53.877+0000] {taskinstance.py:2076} INFO - Dependencies all met for dep_context=requeueable deps ti=<TaskInstance: f1_data_pipeline_taskflow.load_laps_task scheduled__2024-06-09T00:00:00+00:00 [queued]>
[2024-06-10T09:01:53.878+0000] {taskinstance.py:2306} INFO - Starting attempt 1 of 1
[2024-06-10T09:01:53.887+0000] {taskinstance.py:2330} INFO - Executing <Task(_PythonDecoratedOperator): load_laps_task> on 2024-06-09 00:00:00+00:00
[2024-06-10T09:01:53.895+0000] {warnings.py:110} WARNING - /home/***/.local/lib/python3.12/site-packages/***/task/task_runner/standard_task_runner.py:61: DeprecationWarning: This process (pid=500) is multi-threaded, use of fork() may lead to deadlocks in the child.
  pid = os.fork()

[2024-06-10T09:01:53.896+0000] {standard_task_runner.py:63} INFO - Started process 509 to run task
[2024-06-10T09:01:53.896+0000] {standard_task_runner.py:90} INFO - Running: ['***', 'tasks', 'run', 'f1_data_pipeline_taskflow', 'load_laps_task', 'scheduled__2024-06-09T00:00:00+00:00', '--job-id', '28', '--raw', '--subdir', 'DAGS_FOLDER/etl_dag.py', '--cfg-path', '/tmp/tmp5j49kezd']
[2024-06-10T09:01:53.898+0000] {standard_task_runner.py:91} INFO - Job 28: Subtask load_laps_task
[2024-06-10T09:01:53.938+0000] {task_command.py:426} INFO - Running <TaskInstance: f1_data_pipeline_taskflow.load_laps_task scheduled__2024-06-09T00:00:00+00:00 [running]> on host 288f51e0edb6
[2024-06-10T09:01:54.140+0000] {taskinstance.py:2648} INFO - Exporting env vars: AIRFLOW_CTX_DAG_OWNER='***' AIRFLOW_CTX_DAG_ID='f1_data_pipeline_taskflow' AIRFLOW_CTX_TASK_ID='load_laps_task' AIRFLOW_CTX_EXECUTION_DATE='2024-06-09T00:00:00+00:00' AIRFLOW_CTX_TRY_NUMBER='1' AIRFLOW_CTX_DAG_RUN_ID='scheduled__2024-06-09T00:00:00+00:00'
[2024-06-10T09:01:54.141+0000] {taskinstance.py:430} INFO - ::endgroup::
[2024-06-10T09:01:54.142+0000] {crypto.py:82} WARNING - empty cryptography key - values will not be stored encrypted.
[2024-06-10T09:01:54.143+0000] {base.py:84} INFO - Using connection ID 'sourcedb_connection' for task execution.
[2024-06-10T09:01:58.906+0000] {python.py:237} INFO - Done. Returned value was: None
[2024-06-10T09:01:58.906+0000] {taskinstance.py:441} INFO - ::group::Post task execution logs
[2024-06-10T09:01:58.914+0000] {taskinstance.py:1206} INFO - Marking task as SUCCESS. dag_id=f1_data_pipeline_taskflow, task_id=load_laps_task, run_id=scheduled__2024-06-09T00:00:00+00:00, execution_date=20240609T000000, start_date=20240610T090153, end_date=20240610T090158
[2024-06-10T09:01:58.942+0000] {local_task_job_runner.py:240} INFO - Task exited with return code 0
[2024-06-10T09:01:58.957+0000] {taskinstance.py:3498} INFO - 1 downstream tasks scheduled from follow-on schedule check
[2024-06-10T09:01:58.958+0000] {local_task_job_runner.py:222} INFO - ::endgroup::
[2024-06-10T09:12:13.933+0000] {local_task_job_runner.py:120} INFO - ::group::Pre task execution logs
[2024-06-10T09:12:13.949+0000] {taskinstance.py:2076} INFO - Dependencies all met for dep_context=non-requeueable deps ti=<TaskInstance: f1_data_pipeline_taskflow.load_laps_task scheduled__2024-06-09T00:00:00+00:00 [queued]>
[2024-06-10T09:12:13.955+0000] {taskinstance.py:2076} INFO - Dependencies all met for dep_context=requeueable deps ti=<TaskInstance: f1_data_pipeline_taskflow.load_laps_task scheduled__2024-06-09T00:00:00+00:00 [queued]>
[2024-06-10T09:12:13.955+0000] {taskinstance.py:2306} INFO - Starting attempt 1 of 1
[2024-06-10T09:12:13.964+0000] {taskinstance.py:2330} INFO - Executing <Task(_PythonDecoratedOperator): load_laps_task> on 2024-06-09 00:00:00+00:00
[2024-06-10T09:12:13.971+0000] {warnings.py:110} WARNING - /home/***/.local/lib/python3.12/site-packages/***/task/task_runner/standard_task_runner.py:61: DeprecationWarning: This process (pid=481) is multi-threaded, use of fork() may lead to deadlocks in the child.
  pid = os.fork()

[2024-06-10T09:12:13.972+0000] {standard_task_runner.py:63} INFO - Started process 491 to run task
[2024-06-10T09:12:13.973+0000] {standard_task_runner.py:90} INFO - Running: ['***', 'tasks', 'run', 'f1_data_pipeline_taskflow', 'load_laps_task', 'scheduled__2024-06-09T00:00:00+00:00', '--job-id', '28', '--raw', '--subdir', 'DAGS_FOLDER/etl_dag.py', '--cfg-path', '/tmp/tmpfpee_t4p']
[2024-06-10T09:12:13.975+0000] {standard_task_runner.py:91} INFO - Job 28: Subtask load_laps_task
[2024-06-10T09:12:14.013+0000] {task_command.py:426} INFO - Running <TaskInstance: f1_data_pipeline_taskflow.load_laps_task scheduled__2024-06-09T00:00:00+00:00 [running]> on host 474224cb5bf2
[2024-06-10T09:12:14.237+0000] {taskinstance.py:2648} INFO - Exporting env vars: AIRFLOW_CTX_DAG_OWNER='***' AIRFLOW_CTX_DAG_ID='f1_data_pipeline_taskflow' AIRFLOW_CTX_TASK_ID='load_laps_task' AIRFLOW_CTX_EXECUTION_DATE='2024-06-09T00:00:00+00:00' AIRFLOW_CTX_TRY_NUMBER='1' AIRFLOW_CTX_DAG_RUN_ID='scheduled__2024-06-09T00:00:00+00:00'
[2024-06-10T09:12:14.239+0000] {taskinstance.py:430} INFO - ::endgroup::
[2024-06-10T09:12:14.241+0000] {crypto.py:82} WARNING - empty cryptography key - values will not be stored encrypted.
[2024-06-10T09:12:14.242+0000] {base.py:84} INFO - Using connection ID 'sourcedb_connection' for task execution.
[2024-06-10T09:12:18.777+0000] {python.py:237} INFO - Done. Returned value was: None
[2024-06-10T09:12:18.777+0000] {taskinstance.py:441} INFO - ::group::Post task execution logs
[2024-06-10T09:12:18.785+0000] {taskinstance.py:1206} INFO - Marking task as SUCCESS. dag_id=f1_data_pipeline_taskflow, task_id=load_laps_task, run_id=scheduled__2024-06-09T00:00:00+00:00, execution_date=20240609T000000, start_date=20240610T091213, end_date=20240610T091218
[2024-06-10T09:12:18.834+0000] {local_task_job_runner.py:240} INFO - Task exited with return code 0
[2024-06-10T09:12:18.850+0000] {taskinstance.py:3498} INFO - 1 downstream tasks scheduled from follow-on schedule check
[2024-06-10T09:12:18.852+0000] {local_task_job_runner.py:222} INFO - ::endgroup::
[2024-06-10T09:47:05.876+0000] {local_task_job_runner.py:120} INFO - ::group::Pre task execution logs
[2024-06-10T09:47:05.892+0000] {taskinstance.py:2076} INFO - Dependencies all met for dep_context=non-requeueable deps ti=<TaskInstance: f1_data_pipeline_taskflow.load_laps_task scheduled__2024-06-09T00:00:00+00:00 [queued]>
[2024-06-10T09:47:05.898+0000] {taskinstance.py:2076} INFO - Dependencies all met for dep_context=requeueable deps ti=<TaskInstance: f1_data_pipeline_taskflow.load_laps_task scheduled__2024-06-09T00:00:00+00:00 [queued]>
[2024-06-10T09:47:05.898+0000] {taskinstance.py:2306} INFO - Starting attempt 1 of 1
[2024-06-10T09:47:05.906+0000] {taskinstance.py:2330} INFO - Executing <Task(_PythonDecoratedOperator): load_laps_task> on 2024-06-09 00:00:00+00:00
[2024-06-10T09:47:05.913+0000] {warnings.py:110} WARNING - /home/***/.local/lib/python3.12/site-packages/***/task/task_runner/standard_task_runner.py:61: DeprecationWarning: This process (pid=537) is multi-threaded, use of fork() may lead to deadlocks in the child.
  pid = os.fork()

[2024-06-10T09:47:05.914+0000] {standard_task_runner.py:63} INFO - Started process 544 to run task
[2024-06-10T09:47:05.914+0000] {standard_task_runner.py:90} INFO - Running: ['***', 'tasks', 'run', 'f1_data_pipeline_taskflow', 'load_laps_task', 'scheduled__2024-06-09T00:00:00+00:00', '--job-id', '25', '--raw', '--subdir', 'DAGS_FOLDER/etl_dag.py', '--cfg-path', '/tmp/tmp0bbifbj1']
[2024-06-10T09:47:05.916+0000] {standard_task_runner.py:91} INFO - Job 25: Subtask load_laps_task
[2024-06-10T09:47:05.951+0000] {task_command.py:426} INFO - Running <TaskInstance: f1_data_pipeline_taskflow.load_laps_task scheduled__2024-06-09T00:00:00+00:00 [running]> on host 1c3d326a454c
[2024-06-10T09:47:06.137+0000] {taskinstance.py:2648} INFO - Exporting env vars: AIRFLOW_CTX_DAG_OWNER='***' AIRFLOW_CTX_DAG_ID='f1_data_pipeline_taskflow' AIRFLOW_CTX_TASK_ID='load_laps_task' AIRFLOW_CTX_EXECUTION_DATE='2024-06-09T00:00:00+00:00' AIRFLOW_CTX_TRY_NUMBER='1' AIRFLOW_CTX_DAG_RUN_ID='scheduled__2024-06-09T00:00:00+00:00'
[2024-06-10T09:47:06.137+0000] {taskinstance.py:430} INFO - ::endgroup::
[2024-06-10T09:47:06.138+0000] {crypto.py:82} WARNING - empty cryptography key - values will not be stored encrypted.
[2024-06-10T09:47:06.139+0000] {base.py:84} INFO - Using connection ID 'sourcedb_connection' for task execution.
[2024-06-10T09:47:10.598+0000] {python.py:237} INFO - Done. Returned value was: None
[2024-06-10T09:47:10.599+0000] {taskinstance.py:441} INFO - ::group::Post task execution logs
[2024-06-10T09:47:10.606+0000] {taskinstance.py:1206} INFO - Marking task as SUCCESS. dag_id=f1_data_pipeline_taskflow, task_id=load_laps_task, run_id=scheduled__2024-06-09T00:00:00+00:00, execution_date=20240609T000000, start_date=20240610T094705, end_date=20240610T094710
[2024-06-10T09:47:10.661+0000] {local_task_job_runner.py:240} INFO - Task exited with return code 0
[2024-06-10T09:47:10.677+0000] {taskinstance.py:3498} INFO - 1 downstream tasks scheduled from follow-on schedule check
[2024-06-10T09:47:10.679+0000] {local_task_job_runner.py:222} INFO - ::endgroup::
[2024-06-10T11:55:51.789+0000] {local_task_job_runner.py:120} INFO - ::group::Pre task execution logs
[2024-06-10T11:55:51.807+0000] {taskinstance.py:2076} INFO - Dependencies all met for dep_context=non-requeueable deps ti=<TaskInstance: f1_data_pipeline_taskflow.load_laps_task scheduled__2024-06-09T00:00:00+00:00 [queued]>
[2024-06-10T11:55:51.815+0000] {taskinstance.py:2076} INFO - Dependencies all met for dep_context=requeueable deps ti=<TaskInstance: f1_data_pipeline_taskflow.load_laps_task scheduled__2024-06-09T00:00:00+00:00 [queued]>
[2024-06-10T11:55:51.815+0000] {taskinstance.py:2306} INFO - Starting attempt 1 of 1
[2024-06-10T11:55:51.828+0000] {taskinstance.py:2330} INFO - Executing <Task(_PythonDecoratedOperator): load_laps_task> on 2024-06-09 00:00:00+00:00
[2024-06-10T11:55:51.835+0000] {warnings.py:110} WARNING - /home/***/.local/lib/python3.12/site-packages/***/task/task_runner/standard_task_runner.py:61: DeprecationWarning: This process (pid=467) is multi-threaded, use of fork() may lead to deadlocks in the child.
  pid = os.fork()

[2024-06-10T11:55:51.836+0000] {standard_task_runner.py:63} INFO - Started process 482 to run task
[2024-06-10T11:55:51.836+0000] {standard_task_runner.py:90} INFO - Running: ['***', 'tasks', 'run', 'f1_data_pipeline_taskflow', 'load_laps_task', 'scheduled__2024-06-09T00:00:00+00:00', '--job-id', '28', '--raw', '--subdir', 'DAGS_FOLDER/etl_dag.py', '--cfg-path', '/tmp/tmpmvnkb_e4']
[2024-06-10T11:55:51.838+0000] {standard_task_runner.py:91} INFO - Job 28: Subtask load_laps_task
[2024-06-10T11:55:51.876+0000] {task_command.py:426} INFO - Running <TaskInstance: f1_data_pipeline_taskflow.load_laps_task scheduled__2024-06-09T00:00:00+00:00 [running]> on host aea94abb9e1c
[2024-06-10T11:55:52.072+0000] {taskinstance.py:2648} INFO - Exporting env vars: AIRFLOW_CTX_DAG_OWNER='***' AIRFLOW_CTX_DAG_ID='f1_data_pipeline_taskflow' AIRFLOW_CTX_TASK_ID='load_laps_task' AIRFLOW_CTX_EXECUTION_DATE='2024-06-09T00:00:00+00:00' AIRFLOW_CTX_TRY_NUMBER='1' AIRFLOW_CTX_DAG_RUN_ID='scheduled__2024-06-09T00:00:00+00:00'
[2024-06-10T11:55:52.073+0000] {taskinstance.py:430} INFO - ::endgroup::
[2024-06-10T11:55:52.074+0000] {crypto.py:82} WARNING - empty cryptography key - values will not be stored encrypted.
[2024-06-10T11:55:52.074+0000] {base.py:84} INFO - Using connection ID 'sourcedb_connection' for task execution.
[2024-06-10T11:55:56.600+0000] {python.py:237} INFO - Done. Returned value was: None
[2024-06-10T11:55:56.600+0000] {taskinstance.py:441} INFO - ::group::Post task execution logs
[2024-06-10T11:55:56.609+0000] {taskinstance.py:1206} INFO - Marking task as SUCCESS. dag_id=f1_data_pipeline_taskflow, task_id=load_laps_task, run_id=scheduled__2024-06-09T00:00:00+00:00, execution_date=20240609T000000, start_date=20240610T115551, end_date=20240610T115556
[2024-06-10T11:55:56.665+0000] {local_task_job_runner.py:240} INFO - Task exited with return code 0
[2024-06-10T11:55:56.684+0000] {taskinstance.py:3498} INFO - 1 downstream tasks scheduled from follow-on schedule check
[2024-06-10T11:55:56.685+0000] {local_task_job_runner.py:222} INFO - ::endgroup::
[2024-06-10T12:36:39.032+0000] {local_task_job_runner.py:120} INFO - ::group::Pre task execution logs
[2024-06-10T12:36:39.049+0000] {taskinstance.py:2076} INFO - Dependencies all met for dep_context=non-requeueable deps ti=<TaskInstance: f1_data_pipeline_taskflow.load_laps_task scheduled__2024-06-09T00:00:00+00:00 [queued]>
[2024-06-10T12:36:39.057+0000] {taskinstance.py:2076} INFO - Dependencies all met for dep_context=requeueable deps ti=<TaskInstance: f1_data_pipeline_taskflow.load_laps_task scheduled__2024-06-09T00:00:00+00:00 [queued]>
[2024-06-10T12:36:39.057+0000] {taskinstance.py:2306} INFO - Starting attempt 1 of 1
[2024-06-10T12:36:39.066+0000] {taskinstance.py:2330} INFO - Executing <Task(_PythonDecoratedOperator): load_laps_task> on 2024-06-09 00:00:00+00:00
[2024-06-10T12:36:39.073+0000] {warnings.py:110} WARNING - /home/***/.local/lib/python3.12/site-packages/***/task/task_runner/standard_task_runner.py:61: DeprecationWarning: This process (pid=505) is multi-threaded, use of fork() may lead to deadlocks in the child.
  pid = os.fork()

[2024-06-10T12:36:39.074+0000] {standard_task_runner.py:63} INFO - Started process 514 to run task
[2024-06-10T12:36:39.074+0000] {standard_task_runner.py:90} INFO - Running: ['***', 'tasks', 'run', 'f1_data_pipeline_taskflow', 'load_laps_task', 'scheduled__2024-06-09T00:00:00+00:00', '--job-id', '27', '--raw', '--subdir', 'DAGS_FOLDER/etl_dag.py', '--cfg-path', '/tmp/tmpjghvg5c2']
[2024-06-10T12:36:39.076+0000] {standard_task_runner.py:91} INFO - Job 27: Subtask load_laps_task
[2024-06-10T12:36:39.114+0000] {task_command.py:426} INFO - Running <TaskInstance: f1_data_pipeline_taskflow.load_laps_task scheduled__2024-06-09T00:00:00+00:00 [running]> on host 61fa0c91c3b7
[2024-06-10T12:36:39.315+0000] {taskinstance.py:2648} INFO - Exporting env vars: AIRFLOW_CTX_DAG_OWNER='***' AIRFLOW_CTX_DAG_ID='f1_data_pipeline_taskflow' AIRFLOW_CTX_TASK_ID='load_laps_task' AIRFLOW_CTX_EXECUTION_DATE='2024-06-09T00:00:00+00:00' AIRFLOW_CTX_TRY_NUMBER='1' AIRFLOW_CTX_DAG_RUN_ID='scheduled__2024-06-09T00:00:00+00:00'
[2024-06-10T12:36:39.316+0000] {taskinstance.py:430} INFO - ::endgroup::
[2024-06-10T12:36:39.317+0000] {crypto.py:82} WARNING - empty cryptography key - values will not be stored encrypted.
[2024-06-10T12:36:39.318+0000] {base.py:84} INFO - Using connection ID 'sourcedb_connection' for task execution.
[2024-06-10T12:36:43.804+0000] {python.py:237} INFO - Done. Returned value was: None
[2024-06-10T12:36:43.805+0000] {taskinstance.py:441} INFO - ::group::Post task execution logs
[2024-06-10T12:36:43.811+0000] {taskinstance.py:1206} INFO - Marking task as SUCCESS. dag_id=f1_data_pipeline_taskflow, task_id=load_laps_task, run_id=scheduled__2024-06-09T00:00:00+00:00, execution_date=20240609T000000, start_date=20240610T123639, end_date=20240610T123643
[2024-06-10T12:36:43.861+0000] {local_task_job_runner.py:240} INFO - Task exited with return code 0
[2024-06-10T12:36:43.876+0000] {taskinstance.py:3498} INFO - 1 downstream tasks scheduled from follow-on schedule check
[2024-06-10T12:36:43.877+0000] {local_task_job_runner.py:222} INFO - ::endgroup::
[2024-06-10T12:43:15.416+0000] {local_task_job_runner.py:120} INFO - ::group::Pre task execution logs
[2024-06-10T12:43:15.433+0000] {taskinstance.py:2076} INFO - Dependencies all met for dep_context=non-requeueable deps ti=<TaskInstance: f1_data_pipeline_taskflow.load_laps_task scheduled__2024-06-09T00:00:00+00:00 [queued]>
[2024-06-10T12:43:15.440+0000] {taskinstance.py:2076} INFO - Dependencies all met for dep_context=requeueable deps ti=<TaskInstance: f1_data_pipeline_taskflow.load_laps_task scheduled__2024-06-09T00:00:00+00:00 [queued]>
[2024-06-10T12:43:15.440+0000] {taskinstance.py:2306} INFO - Starting attempt 1 of 1
[2024-06-10T12:43:15.449+0000] {taskinstance.py:2330} INFO - Executing <Task(_PythonDecoratedOperator): load_laps_task> on 2024-06-09 00:00:00+00:00
[2024-06-10T12:43:15.456+0000] {warnings.py:110} WARNING - /home/***/.local/lib/python3.12/site-packages/***/task/task_runner/standard_task_runner.py:61: DeprecationWarning: This process (pid=496) is multi-threaded, use of fork() may lead to deadlocks in the child.
  pid = os.fork()

[2024-06-10T12:43:15.457+0000] {standard_task_runner.py:63} INFO - Started process 542 to run task
[2024-06-10T12:43:15.457+0000] {standard_task_runner.py:90} INFO - Running: ['***', 'tasks', 'run', 'f1_data_pipeline_taskflow', 'load_laps_task', 'scheduled__2024-06-09T00:00:00+00:00', '--job-id', '30', '--raw', '--subdir', 'DAGS_FOLDER/etl_dag.py', '--cfg-path', '/tmp/tmpzsuiunjy']
[2024-06-10T12:43:15.458+0000] {standard_task_runner.py:91} INFO - Job 30: Subtask load_laps_task
[2024-06-10T12:43:15.494+0000] {task_command.py:426} INFO - Running <TaskInstance: f1_data_pipeline_taskflow.load_laps_task scheduled__2024-06-09T00:00:00+00:00 [running]> on host 963d823f23ad
[2024-06-10T12:43:15.669+0000] {taskinstance.py:2648} INFO - Exporting env vars: AIRFLOW_CTX_DAG_OWNER='***' AIRFLOW_CTX_DAG_ID='f1_data_pipeline_taskflow' AIRFLOW_CTX_TASK_ID='load_laps_task' AIRFLOW_CTX_EXECUTION_DATE='2024-06-09T00:00:00+00:00' AIRFLOW_CTX_TRY_NUMBER='1' AIRFLOW_CTX_DAG_RUN_ID='scheduled__2024-06-09T00:00:00+00:00'
[2024-06-10T12:43:15.670+0000] {taskinstance.py:430} INFO - ::endgroup::
[2024-06-10T12:43:15.671+0000] {crypto.py:82} WARNING - empty cryptography key - values will not be stored encrypted.
[2024-06-10T12:43:15.671+0000] {base.py:84} INFO - Using connection ID 'sourcedb_connection' for task execution.
[2024-06-10T12:43:20.071+0000] {python.py:237} INFO - Done. Returned value was: None
[2024-06-10T12:43:20.072+0000] {taskinstance.py:441} INFO - ::group::Post task execution logs
[2024-06-10T12:43:20.079+0000] {taskinstance.py:1206} INFO - Marking task as SUCCESS. dag_id=f1_data_pipeline_taskflow, task_id=load_laps_task, run_id=scheduled__2024-06-09T00:00:00+00:00, execution_date=20240609T000000, start_date=20240610T124315, end_date=20240610T124320
[2024-06-10T12:43:20.125+0000] {local_task_job_runner.py:240} INFO - Task exited with return code 0
[2024-06-10T12:43:20.145+0000] {taskinstance.py:3498} INFO - 1 downstream tasks scheduled from follow-on schedule check
[2024-06-10T12:43:20.147+0000] {local_task_job_runner.py:222} INFO - ::endgroup::
[2024-06-10T12:53:21.231+0000] {local_task_job_runner.py:120} INFO - ::group::Pre task execution logs
[2024-06-10T12:53:21.248+0000] {taskinstance.py:2076} INFO - Dependencies all met for dep_context=non-requeueable deps ti=<TaskInstance: f1_data_pipeline_taskflow.load_laps_task scheduled__2024-06-09T00:00:00+00:00 [queued]>
[2024-06-10T12:53:21.255+0000] {taskinstance.py:2076} INFO - Dependencies all met for dep_context=requeueable deps ti=<TaskInstance: f1_data_pipeline_taskflow.load_laps_task scheduled__2024-06-09T00:00:00+00:00 [queued]>
[2024-06-10T12:53:21.255+0000] {taskinstance.py:2306} INFO - Starting attempt 1 of 1
[2024-06-10T12:53:21.264+0000] {taskinstance.py:2330} INFO - Executing <Task(_PythonDecoratedOperator): load_laps_task> on 2024-06-09 00:00:00+00:00
[2024-06-10T12:53:21.271+0000] {warnings.py:110} WARNING - /home/***/.local/lib/python3.12/site-packages/***/task/task_runner/standard_task_runner.py:61: DeprecationWarning: This process (pid=493) is multi-threaded, use of fork() may lead to deadlocks in the child.
  pid = os.fork()

[2024-06-10T12:53:21.272+0000] {standard_task_runner.py:63} INFO - Started process 501 to run task
[2024-06-10T12:53:21.272+0000] {standard_task_runner.py:90} INFO - Running: ['***', 'tasks', 'run', 'f1_data_pipeline_taskflow', 'load_laps_task', 'scheduled__2024-06-09T00:00:00+00:00', '--job-id', '27', '--raw', '--subdir', 'DAGS_FOLDER/etl_dag.py', '--cfg-path', '/tmp/tmpcdaz8u3y']
[2024-06-10T12:53:21.274+0000] {standard_task_runner.py:91} INFO - Job 27: Subtask load_laps_task
[2024-06-10T12:53:21.310+0000] {task_command.py:426} INFO - Running <TaskInstance: f1_data_pipeline_taskflow.load_laps_task scheduled__2024-06-09T00:00:00+00:00 [running]> on host dde96eecb2ac
[2024-06-10T12:53:21.497+0000] {taskinstance.py:2648} INFO - Exporting env vars: AIRFLOW_CTX_DAG_OWNER='***' AIRFLOW_CTX_DAG_ID='f1_data_pipeline_taskflow' AIRFLOW_CTX_TASK_ID='load_laps_task' AIRFLOW_CTX_EXECUTION_DATE='2024-06-09T00:00:00+00:00' AIRFLOW_CTX_TRY_NUMBER='1' AIRFLOW_CTX_DAG_RUN_ID='scheduled__2024-06-09T00:00:00+00:00'
[2024-06-10T12:53:21.498+0000] {taskinstance.py:430} INFO - ::endgroup::
[2024-06-10T12:53:21.499+0000] {crypto.py:82} WARNING - empty cryptography key - values will not be stored encrypted.
[2024-06-10T12:53:21.499+0000] {base.py:84} INFO - Using connection ID 'sourcedb_connection' for task execution.
[2024-06-10T12:53:25.827+0000] {python.py:237} INFO - Done. Returned value was: None
[2024-06-10T12:53:25.828+0000] {taskinstance.py:441} INFO - ::group::Post task execution logs
[2024-06-10T12:53:25.839+0000] {taskinstance.py:1206} INFO - Marking task as SUCCESS. dag_id=f1_data_pipeline_taskflow, task_id=load_laps_task, run_id=scheduled__2024-06-09T00:00:00+00:00, execution_date=20240609T000000, start_date=20240610T125321, end_date=20240610T125325
[2024-06-10T12:53:25.899+0000] {local_task_job_runner.py:240} INFO - Task exited with return code 0
[2024-06-10T12:53:25.926+0000] {taskinstance.py:3498} INFO - 1 downstream tasks scheduled from follow-on schedule check
[2024-06-10T12:53:25.928+0000] {local_task_job_runner.py:222} INFO - ::endgroup::
[2024-06-10T12:58:38.518+0000] {local_task_job_runner.py:120} INFO - ::group::Pre task execution logs
[2024-06-10T12:58:38.535+0000] {taskinstance.py:2076} INFO - Dependencies all met for dep_context=non-requeueable deps ti=<TaskInstance: f1_data_pipeline_taskflow.load_laps_task scheduled__2024-06-09T00:00:00+00:00 [queued]>
[2024-06-10T12:58:38.542+0000] {taskinstance.py:2076} INFO - Dependencies all met for dep_context=requeueable deps ti=<TaskInstance: f1_data_pipeline_taskflow.load_laps_task scheduled__2024-06-09T00:00:00+00:00 [queued]>
[2024-06-10T12:58:38.543+0000] {taskinstance.py:2306} INFO - Starting attempt 1 of 1
[2024-06-10T12:58:38.552+0000] {taskinstance.py:2330} INFO - Executing <Task(_PythonDecoratedOperator): load_laps_task> on 2024-06-09 00:00:00+00:00
[2024-06-10T12:58:38.559+0000] {warnings.py:110} WARNING - /home/***/.local/lib/python3.12/site-packages/***/task/task_runner/standard_task_runner.py:61: DeprecationWarning: This process (pid=464) is multi-threaded, use of fork() may lead to deadlocks in the child.
  pid = os.fork()

[2024-06-10T12:58:38.560+0000] {standard_task_runner.py:63} INFO - Started process 474 to run task
[2024-06-10T12:58:38.560+0000] {standard_task_runner.py:90} INFO - Running: ['***', 'tasks', 'run', 'f1_data_pipeline_taskflow', 'load_laps_task', 'scheduled__2024-06-09T00:00:00+00:00', '--job-id', '26', '--raw', '--subdir', 'DAGS_FOLDER/etl_dag.py', '--cfg-path', '/tmp/tmp0zi4chdg']
[2024-06-10T12:58:38.562+0000] {standard_task_runner.py:91} INFO - Job 26: Subtask load_laps_task
[2024-06-10T12:58:38.600+0000] {task_command.py:426} INFO - Running <TaskInstance: f1_data_pipeline_taskflow.load_laps_task scheduled__2024-06-09T00:00:00+00:00 [running]> on host 1827e5540201
[2024-06-10T12:58:38.800+0000] {taskinstance.py:2648} INFO - Exporting env vars: AIRFLOW_CTX_DAG_OWNER='***' AIRFLOW_CTX_DAG_ID='f1_data_pipeline_taskflow' AIRFLOW_CTX_TASK_ID='load_laps_task' AIRFLOW_CTX_EXECUTION_DATE='2024-06-09T00:00:00+00:00' AIRFLOW_CTX_TRY_NUMBER='1' AIRFLOW_CTX_DAG_RUN_ID='scheduled__2024-06-09T00:00:00+00:00'
[2024-06-10T12:58:38.801+0000] {taskinstance.py:430} INFO - ::endgroup::
[2024-06-10T12:58:38.802+0000] {crypto.py:82} WARNING - empty cryptography key - values will not be stored encrypted.
[2024-06-10T12:58:38.803+0000] {base.py:84} INFO - Using connection ID 'sourcedb_connection' for task execution.
[2024-06-10T12:58:43.685+0000] {python.py:237} INFO - Done. Returned value was: None
[2024-06-10T12:58:43.686+0000] {taskinstance.py:441} INFO - ::group::Post task execution logs
[2024-06-10T12:58:43.697+0000] {taskinstance.py:1206} INFO - Marking task as SUCCESS. dag_id=f1_data_pipeline_taskflow, task_id=load_laps_task, run_id=scheduled__2024-06-09T00:00:00+00:00, execution_date=20240609T000000, start_date=20240610T125838, end_date=20240610T125843
[2024-06-10T12:58:43.749+0000] {local_task_job_runner.py:240} INFO - Task exited with return code 0
[2024-06-10T12:58:43.769+0000] {taskinstance.py:3498} INFO - 1 downstream tasks scheduled from follow-on schedule check
[2024-06-10T12:58:43.770+0000] {local_task_job_runner.py:222} INFO - ::endgroup::
[2024-06-10T13:08:32.327+0000] {local_task_job_runner.py:120} INFO - ::group::Pre task execution logs
[2024-06-10T13:08:32.347+0000] {taskinstance.py:2076} INFO - Dependencies all met for dep_context=non-requeueable deps ti=<TaskInstance: f1_data_pipeline_taskflow.load_laps_task scheduled__2024-06-09T00:00:00+00:00 [queued]>
[2024-06-10T13:08:32.356+0000] {taskinstance.py:2076} INFO - Dependencies all met for dep_context=requeueable deps ti=<TaskInstance: f1_data_pipeline_taskflow.load_laps_task scheduled__2024-06-09T00:00:00+00:00 [queued]>
[2024-06-10T13:08:32.356+0000] {taskinstance.py:2306} INFO - Starting attempt 1 of 1
[2024-06-10T13:08:32.371+0000] {taskinstance.py:2330} INFO - Executing <Task(_PythonDecoratedOperator): load_laps_task> on 2024-06-09 00:00:00+00:00
[2024-06-10T13:08:32.378+0000] {warnings.py:110} WARNING - /home/***/.local/lib/python3.12/site-packages/***/task/task_runner/standard_task_runner.py:61: DeprecationWarning: This process (pid=499) is multi-threaded, use of fork() may lead to deadlocks in the child.
  pid = os.fork()

[2024-06-10T13:08:32.380+0000] {standard_task_runner.py:63} INFO - Started process 509 to run task
[2024-06-10T13:08:32.380+0000] {standard_task_runner.py:90} INFO - Running: ['***', 'tasks', 'run', 'f1_data_pipeline_taskflow', 'load_laps_task', 'scheduled__2024-06-09T00:00:00+00:00', '--job-id', '30', '--raw', '--subdir', 'DAGS_FOLDER/etl_dag.py', '--cfg-path', '/tmp/tmp2leojh8e']
[2024-06-10T13:08:32.383+0000] {standard_task_runner.py:91} INFO - Job 30: Subtask load_laps_task
[2024-06-10T13:08:32.431+0000] {task_command.py:426} INFO - Running <TaskInstance: f1_data_pipeline_taskflow.load_laps_task scheduled__2024-06-09T00:00:00+00:00 [running]> on host 625f3a2113de
[2024-06-10T13:08:32.673+0000] {taskinstance.py:2648} INFO - Exporting env vars: AIRFLOW_CTX_DAG_OWNER='***' AIRFLOW_CTX_DAG_ID='f1_data_pipeline_taskflow' AIRFLOW_CTX_TASK_ID='load_laps_task' AIRFLOW_CTX_EXECUTION_DATE='2024-06-09T00:00:00+00:00' AIRFLOW_CTX_TRY_NUMBER='1' AIRFLOW_CTX_DAG_RUN_ID='scheduled__2024-06-09T00:00:00+00:00'
[2024-06-10T13:08:32.674+0000] {taskinstance.py:430} INFO - ::endgroup::
[2024-06-10T13:08:32.676+0000] {crypto.py:82} WARNING - empty cryptography key - values will not be stored encrypted.
[2024-06-10T13:08:32.676+0000] {base.py:84} INFO - Using connection ID 'sourcedb_connection' for task execution.
[2024-06-10T13:08:37.346+0000] {python.py:237} INFO - Done. Returned value was: None
[2024-06-10T13:08:37.346+0000] {taskinstance.py:441} INFO - ::group::Post task execution logs
[2024-06-10T13:08:37.356+0000] {taskinstance.py:1206} INFO - Marking task as SUCCESS. dag_id=f1_data_pipeline_taskflow, task_id=load_laps_task, run_id=scheduled__2024-06-09T00:00:00+00:00, execution_date=20240609T000000, start_date=20240610T130832, end_date=20240610T130837
[2024-06-10T13:08:37.416+0000] {local_task_job_runner.py:240} INFO - Task exited with return code 0
[2024-06-10T13:08:37.433+0000] {taskinstance.py:3498} INFO - 1 downstream tasks scheduled from follow-on schedule check
[2024-06-10T13:08:37.434+0000] {local_task_job_runner.py:222} INFO - ::endgroup::
[2024-06-10T13:23:37.194+0000] {local_task_job_runner.py:120} INFO - ::group::Pre task execution logs
[2024-06-10T13:23:37.211+0000] {taskinstance.py:2076} INFO - Dependencies all met for dep_context=non-requeueable deps ti=<TaskInstance: f1_data_pipeline_taskflow.load_laps_task scheduled__2024-06-09T00:00:00+00:00 [queued]>
[2024-06-10T13:23:37.219+0000] {taskinstance.py:2076} INFO - Dependencies all met for dep_context=requeueable deps ti=<TaskInstance: f1_data_pipeline_taskflow.load_laps_task scheduled__2024-06-09T00:00:00+00:00 [queued]>
[2024-06-10T13:23:37.219+0000] {taskinstance.py:2306} INFO - Starting attempt 1 of 1
[2024-06-10T13:23:37.229+0000] {taskinstance.py:2330} INFO - Executing <Task(_PythonDecoratedOperator): load_laps_task> on 2024-06-09 00:00:00+00:00
[2024-06-10T13:23:37.236+0000] {warnings.py:110} WARNING - /home/***/.local/lib/python3.12/site-packages/***/task/task_runner/standard_task_runner.py:61: DeprecationWarning: This process (pid=469) is multi-threaded, use of fork() may lead to deadlocks in the child.
  pid = os.fork()

[2024-06-10T13:23:37.237+0000] {standard_task_runner.py:63} INFO - Started process 480 to run task
[2024-06-10T13:23:37.237+0000] {standard_task_runner.py:90} INFO - Running: ['***', 'tasks', 'run', 'f1_data_pipeline_taskflow', 'load_laps_task', 'scheduled__2024-06-09T00:00:00+00:00', '--job-id', '29', '--raw', '--subdir', 'DAGS_FOLDER/etl_dag.py', '--cfg-path', '/tmp/tmpy88lojzu']
[2024-06-10T13:23:37.239+0000] {standard_task_runner.py:91} INFO - Job 29: Subtask load_laps_task
[2024-06-10T13:23:37.277+0000] {task_command.py:426} INFO - Running <TaskInstance: f1_data_pipeline_taskflow.load_laps_task scheduled__2024-06-09T00:00:00+00:00 [running]> on host d102255c9fd1
[2024-06-10T13:23:37.526+0000] {taskinstance.py:2648} INFO - Exporting env vars: AIRFLOW_CTX_DAG_OWNER='***' AIRFLOW_CTX_DAG_ID='f1_data_pipeline_taskflow' AIRFLOW_CTX_TASK_ID='load_laps_task' AIRFLOW_CTX_EXECUTION_DATE='2024-06-09T00:00:00+00:00' AIRFLOW_CTX_TRY_NUMBER='1' AIRFLOW_CTX_DAG_RUN_ID='scheduled__2024-06-09T00:00:00+00:00'
[2024-06-10T13:23:37.528+0000] {taskinstance.py:430} INFO - ::endgroup::
[2024-06-10T13:23:37.530+0000] {crypto.py:82} WARNING - empty cryptography key - values will not be stored encrypted.
[2024-06-10T13:23:37.530+0000] {base.py:84} INFO - Using connection ID 'sourcedb_connection' for task execution.
[2024-06-10T13:23:41.944+0000] {python.py:237} INFO - Done. Returned value was: None
[2024-06-10T13:23:41.944+0000] {taskinstance.py:441} INFO - ::group::Post task execution logs
[2024-06-10T13:23:41.951+0000] {taskinstance.py:1206} INFO - Marking task as SUCCESS. dag_id=f1_data_pipeline_taskflow, task_id=load_laps_task, run_id=scheduled__2024-06-09T00:00:00+00:00, execution_date=20240609T000000, start_date=20240610T132337, end_date=20240610T132341
[2024-06-10T13:23:41.985+0000] {local_task_job_runner.py:240} INFO - Task exited with return code 0
[2024-06-10T13:23:42.000+0000] {taskinstance.py:3498} INFO - 1 downstream tasks scheduled from follow-on schedule check
[2024-06-10T13:23:42.002+0000] {local_task_job_runner.py:222} INFO - ::endgroup::
[2024-06-10T13:35:59.396+0000] {local_task_job_runner.py:120} INFO - ::group::Pre task execution logs
[2024-06-10T13:35:59.421+0000] {taskinstance.py:2076} INFO - Dependencies all met for dep_context=non-requeueable deps ti=<TaskInstance: f1_data_pipeline_taskflow.load_laps_task scheduled__2024-06-09T00:00:00+00:00 [queued]>
[2024-06-10T13:35:59.428+0000] {taskinstance.py:2076} INFO - Dependencies all met for dep_context=requeueable deps ti=<TaskInstance: f1_data_pipeline_taskflow.load_laps_task scheduled__2024-06-09T00:00:00+00:00 [queued]>
[2024-06-10T13:35:59.429+0000] {taskinstance.py:2306} INFO - Starting attempt 1 of 1
[2024-06-10T13:35:59.440+0000] {taskinstance.py:2330} INFO - Executing <Task(_PythonDecoratedOperator): load_laps_task> on 2024-06-09 00:00:00+00:00
[2024-06-10T13:35:59.448+0000] {warnings.py:110} WARNING - /home/***/.local/lib/python3.12/site-packages/***/task/task_runner/standard_task_runner.py:61: DeprecationWarning: This process (pid=496) is multi-threaded, use of fork() may lead to deadlocks in the child.
  pid = os.fork()

[2024-06-10T13:35:59.449+0000] {standard_task_runner.py:63} INFO - Started process 503 to run task
[2024-06-10T13:35:59.449+0000] {standard_task_runner.py:90} INFO - Running: ['***', 'tasks', 'run', 'f1_data_pipeline_taskflow', 'load_laps_task', 'scheduled__2024-06-09T00:00:00+00:00', '--job-id', '26', '--raw', '--subdir', 'DAGS_FOLDER/etl_dag.py', '--cfg-path', '/tmp/tmpu26yfrsy']
[2024-06-10T13:35:59.451+0000] {standard_task_runner.py:91} INFO - Job 26: Subtask load_laps_task
[2024-06-10T13:35:59.490+0000] {task_command.py:426} INFO - Running <TaskInstance: f1_data_pipeline_taskflow.load_laps_task scheduled__2024-06-09T00:00:00+00:00 [running]> on host 61e4f3dfec5c
[2024-06-10T13:35:59.682+0000] {taskinstance.py:2648} INFO - Exporting env vars: AIRFLOW_CTX_DAG_OWNER='***' AIRFLOW_CTX_DAG_ID='f1_data_pipeline_taskflow' AIRFLOW_CTX_TASK_ID='load_laps_task' AIRFLOW_CTX_EXECUTION_DATE='2024-06-09T00:00:00+00:00' AIRFLOW_CTX_TRY_NUMBER='1' AIRFLOW_CTX_DAG_RUN_ID='scheduled__2024-06-09T00:00:00+00:00'
[2024-06-10T13:35:59.683+0000] {taskinstance.py:430} INFO - ::endgroup::
[2024-06-10T13:35:59.685+0000] {crypto.py:82} WARNING - empty cryptography key - values will not be stored encrypted.
[2024-06-10T13:35:59.685+0000] {base.py:84} INFO - Using connection ID 'sourcedb_connection' for task execution.
[2024-06-10T13:36:04.140+0000] {python.py:237} INFO - Done. Returned value was: None
[2024-06-10T13:36:04.140+0000] {taskinstance.py:441} INFO - ::group::Post task execution logs
[2024-06-10T13:36:04.149+0000] {taskinstance.py:1206} INFO - Marking task as SUCCESS. dag_id=f1_data_pipeline_taskflow, task_id=load_laps_task, run_id=scheduled__2024-06-09T00:00:00+00:00, execution_date=20240609T000000, start_date=20240610T133559, end_date=20240610T133604
[2024-06-10T13:36:04.196+0000] {local_task_job_runner.py:240} INFO - Task exited with return code 0
[2024-06-10T13:36:04.213+0000] {taskinstance.py:3498} INFO - 1 downstream tasks scheduled from follow-on schedule check
[2024-06-10T13:36:04.215+0000] {local_task_job_runner.py:222} INFO - ::endgroup::
[2024-06-10T13:42:09.005+0000] {local_task_job_runner.py:120} INFO - ::group::Pre task execution logs
[2024-06-10T13:42:09.021+0000] {taskinstance.py:2076} INFO - Dependencies all met for dep_context=non-requeueable deps ti=<TaskInstance: f1_data_pipeline_taskflow.load_laps_task scheduled__2024-06-09T00:00:00+00:00 [queued]>
[2024-06-10T13:42:09.027+0000] {taskinstance.py:2076} INFO - Dependencies all met for dep_context=requeueable deps ti=<TaskInstance: f1_data_pipeline_taskflow.load_laps_task scheduled__2024-06-09T00:00:00+00:00 [queued]>
[2024-06-10T13:42:09.027+0000] {taskinstance.py:2306} INFO - Starting attempt 1 of 1
[2024-06-10T13:42:09.035+0000] {taskinstance.py:2330} INFO - Executing <Task(_PythonDecoratedOperator): load_laps_task> on 2024-06-09 00:00:00+00:00
[2024-06-10T13:42:09.042+0000] {warnings.py:110} WARNING - /home/***/.local/lib/python3.12/site-packages/***/task/task_runner/standard_task_runner.py:61: DeprecationWarning: This process (pid=483) is multi-threaded, use of fork() may lead to deadlocks in the child.
  pid = os.fork()

[2024-06-10T13:42:09.043+0000] {standard_task_runner.py:63} INFO - Started process 493 to run task
[2024-06-10T13:42:09.043+0000] {standard_task_runner.py:90} INFO - Running: ['***', 'tasks', 'run', 'f1_data_pipeline_taskflow', 'load_laps_task', 'scheduled__2024-06-09T00:00:00+00:00', '--job-id', '25', '--raw', '--subdir', 'DAGS_FOLDER/etl_dag.py', '--cfg-path', '/tmp/tmp5upo13g5']
[2024-06-10T13:42:09.045+0000] {standard_task_runner.py:91} INFO - Job 25: Subtask load_laps_task
[2024-06-10T13:42:09.079+0000] {task_command.py:426} INFO - Running <TaskInstance: f1_data_pipeline_taskflow.load_laps_task scheduled__2024-06-09T00:00:00+00:00 [running]> on host 5feafd0b96fd
[2024-06-10T13:42:09.261+0000] {taskinstance.py:2648} INFO - Exporting env vars: AIRFLOW_CTX_DAG_OWNER='***' AIRFLOW_CTX_DAG_ID='f1_data_pipeline_taskflow' AIRFLOW_CTX_TASK_ID='load_laps_task' AIRFLOW_CTX_EXECUTION_DATE='2024-06-09T00:00:00+00:00' AIRFLOW_CTX_TRY_NUMBER='1' AIRFLOW_CTX_DAG_RUN_ID='scheduled__2024-06-09T00:00:00+00:00'
[2024-06-10T13:42:09.261+0000] {taskinstance.py:430} INFO - ::endgroup::
[2024-06-10T13:42:09.262+0000] {crypto.py:82} WARNING - empty cryptography key - values will not be stored encrypted.
[2024-06-10T13:42:09.263+0000] {base.py:84} INFO - Using connection ID 'sourcedb_connection' for task execution.
[2024-06-10T13:42:13.585+0000] {python.py:237} INFO - Done. Returned value was: None
[2024-06-10T13:42:13.586+0000] {taskinstance.py:441} INFO - ::group::Post task execution logs
[2024-06-10T13:42:13.592+0000] {taskinstance.py:1206} INFO - Marking task as SUCCESS. dag_id=f1_data_pipeline_taskflow, task_id=load_laps_task, run_id=scheduled__2024-06-09T00:00:00+00:00, execution_date=20240609T000000, start_date=20240610T134209, end_date=20240610T134213
[2024-06-10T13:42:13.630+0000] {local_task_job_runner.py:240} INFO - Task exited with return code 0
[2024-06-10T13:42:13.645+0000] {taskinstance.py:3498} INFO - 1 downstream tasks scheduled from follow-on schedule check
[2024-06-10T13:42:13.646+0000] {local_task_job_runner.py:222} INFO - ::endgroup::
[2024-06-10T13:47:19.187+0000] {local_task_job_runner.py:120} INFO - ::group::Pre task execution logs
[2024-06-10T13:47:19.203+0000] {taskinstance.py:2076} INFO - Dependencies all met for dep_context=non-requeueable deps ti=<TaskInstance: f1_data_pipeline_taskflow.load_laps_task scheduled__2024-06-09T00:00:00+00:00 [queued]>
[2024-06-10T13:47:19.209+0000] {taskinstance.py:2076} INFO - Dependencies all met for dep_context=requeueable deps ti=<TaskInstance: f1_data_pipeline_taskflow.load_laps_task scheduled__2024-06-09T00:00:00+00:00 [queued]>
[2024-06-10T13:47:19.209+0000] {taskinstance.py:2306} INFO - Starting attempt 1 of 1
[2024-06-10T13:47:19.218+0000] {taskinstance.py:2330} INFO - Executing <Task(_PythonDecoratedOperator): load_laps_task> on 2024-06-09 00:00:00+00:00
[2024-06-10T13:47:19.224+0000] {warnings.py:110} WARNING - /home/***/.local/lib/python3.12/site-packages/***/task/task_runner/standard_task_runner.py:61: DeprecationWarning: This process (pid=491) is multi-threaded, use of fork() may lead to deadlocks in the child.
  pid = os.fork()

[2024-06-10T13:47:19.225+0000] {standard_task_runner.py:63} INFO - Started process 501 to run task
[2024-06-10T13:47:19.225+0000] {standard_task_runner.py:90} INFO - Running: ['***', 'tasks', 'run', 'f1_data_pipeline_taskflow', 'load_laps_task', 'scheduled__2024-06-09T00:00:00+00:00', '--job-id', '25', '--raw', '--subdir', 'DAGS_FOLDER/etl_dag.py', '--cfg-path', '/tmp/tmpyjoac01e']
[2024-06-10T13:47:19.227+0000] {standard_task_runner.py:91} INFO - Job 25: Subtask load_laps_task
[2024-06-10T13:47:19.262+0000] {task_command.py:426} INFO - Running <TaskInstance: f1_data_pipeline_taskflow.load_laps_task scheduled__2024-06-09T00:00:00+00:00 [running]> on host 0d5d688e6061
[2024-06-10T13:47:19.440+0000] {taskinstance.py:2648} INFO - Exporting env vars: AIRFLOW_CTX_DAG_OWNER='***' AIRFLOW_CTX_DAG_ID='f1_data_pipeline_taskflow' AIRFLOW_CTX_TASK_ID='load_laps_task' AIRFLOW_CTX_EXECUTION_DATE='2024-06-09T00:00:00+00:00' AIRFLOW_CTX_TRY_NUMBER='1' AIRFLOW_CTX_DAG_RUN_ID='scheduled__2024-06-09T00:00:00+00:00'
[2024-06-10T13:47:19.440+0000] {taskinstance.py:430} INFO - ::endgroup::
[2024-06-10T13:47:19.441+0000] {crypto.py:82} WARNING - empty cryptography key - values will not be stored encrypted.
[2024-06-10T13:47:19.442+0000] {base.py:84} INFO - Using connection ID 'sourcedb_connection' for task execution.
[2024-06-10T13:47:23.802+0000] {python.py:237} INFO - Done. Returned value was: None
[2024-06-10T13:47:23.802+0000] {taskinstance.py:441} INFO - ::group::Post task execution logs
[2024-06-10T13:47:23.809+0000] {taskinstance.py:1206} INFO - Marking task as SUCCESS. dag_id=f1_data_pipeline_taskflow, task_id=load_laps_task, run_id=scheduled__2024-06-09T00:00:00+00:00, execution_date=20240609T000000, start_date=20240610T134719, end_date=20240610T134723
[2024-06-10T13:47:23.853+0000] {local_task_job_runner.py:240} INFO - Task exited with return code 0
[2024-06-10T13:47:23.868+0000] {taskinstance.py:3498} INFO - 1 downstream tasks scheduled from follow-on schedule check
[2024-06-10T13:47:23.870+0000] {local_task_job_runner.py:222} INFO - ::endgroup::
[2024-06-21T08:55:54.575+0000] {local_task_job_runner.py:120} INFO - ::group::Pre task execution logs
[2024-06-21T08:55:54.593+0000] {taskinstance.py:2076} INFO - Dependencies all met for dep_context=non-requeueable deps ti=<TaskInstance: f1_data_pipeline_taskflow.load_laps_task scheduled__2024-06-09T00:00:00+00:00 [queued]>
[2024-06-21T08:55:54.600+0000] {taskinstance.py:2076} INFO - Dependencies all met for dep_context=requeueable deps ti=<TaskInstance: f1_data_pipeline_taskflow.load_laps_task scheduled__2024-06-09T00:00:00+00:00 [queued]>
[2024-06-21T08:55:54.601+0000] {taskinstance.py:2306} INFO - Starting attempt 1 of 1
[2024-06-21T08:55:54.610+0000] {taskinstance.py:2330} INFO - Executing <Task(_PythonDecoratedOperator): load_laps_task> on 2024-06-09 00:00:00+00:00
[2024-06-21T08:55:54.616+0000] {warnings.py:110} WARNING - /home/***/.local/lib/python3.12/site-packages/***/task/task_runner/standard_task_runner.py:61: DeprecationWarning: This process (pid=492) is multi-threaded, use of fork() may lead to deadlocks in the child.
  pid = os.fork()

[2024-06-21T08:55:54.617+0000] {standard_task_runner.py:63} INFO - Started process 499 to run task
[2024-06-21T08:55:54.617+0000] {standard_task_runner.py:90} INFO - Running: ['***', 'tasks', 'run', 'f1_data_pipeline_taskflow', 'load_laps_task', 'scheduled__2024-06-09T00:00:00+00:00', '--job-id', '25', '--raw', '--subdir', 'DAGS_FOLDER/etl_dag.py', '--cfg-path', '/tmp/tmp0imgsbja']
[2024-06-21T08:55:54.619+0000] {standard_task_runner.py:91} INFO - Job 25: Subtask load_laps_task
[2024-06-21T08:55:54.662+0000] {task_command.py:426} INFO - Running <TaskInstance: f1_data_pipeline_taskflow.load_laps_task scheduled__2024-06-09T00:00:00+00:00 [running]> on host da56922fb813
[2024-06-21T08:55:54.905+0000] {taskinstance.py:2648} INFO - Exporting env vars: AIRFLOW_CTX_DAG_OWNER='***' AIRFLOW_CTX_DAG_ID='f1_data_pipeline_taskflow' AIRFLOW_CTX_TASK_ID='load_laps_task' AIRFLOW_CTX_EXECUTION_DATE='2024-06-09T00:00:00+00:00' AIRFLOW_CTX_TRY_NUMBER='1' AIRFLOW_CTX_DAG_RUN_ID='scheduled__2024-06-09T00:00:00+00:00'
[2024-06-21T08:55:54.907+0000] {taskinstance.py:430} INFO - ::endgroup::
[2024-06-21T08:55:54.910+0000] {crypto.py:82} WARNING - empty cryptography key - values will not be stored encrypted.
[2024-06-21T08:55:54.912+0000] {base.py:84} INFO - Using connection ID 'sourcedb_connection' for task execution.
[2024-06-21T08:55:58.824+0000] {python.py:237} INFO - Done. Returned value was: None
[2024-06-21T08:55:58.824+0000] {taskinstance.py:441} INFO - ::group::Post task execution logs
[2024-06-21T08:55:58.832+0000] {taskinstance.py:1206} INFO - Marking task as SUCCESS. dag_id=f1_data_pipeline_taskflow, task_id=load_laps_task, run_id=scheduled__2024-06-09T00:00:00+00:00, execution_date=20240609T000000, start_date=20240621T085554, end_date=20240621T085558
[2024-06-21T08:55:58.883+0000] {local_task_job_runner.py:240} INFO - Task exited with return code 0
[2024-06-21T08:55:58.897+0000] {taskinstance.py:3498} INFO - 0 downstream tasks scheduled from follow-on schedule check
[2024-06-21T08:55:58.898+0000] {local_task_job_runner.py:222} INFO - ::endgroup::
[2024-06-21T11:08:11.245+0000] {local_task_job_runner.py:120} INFO - ::group::Pre task execution logs
[2024-06-21T11:08:11.261+0000] {taskinstance.py:2076} INFO - Dependencies all met for dep_context=non-requeueable deps ti=<TaskInstance: f1_data_pipeline_taskflow.load_laps_task scheduled__2024-06-09T00:00:00+00:00 [queued]>
[2024-06-21T11:08:11.267+0000] {taskinstance.py:2076} INFO - Dependencies all met for dep_context=requeueable deps ti=<TaskInstance: f1_data_pipeline_taskflow.load_laps_task scheduled__2024-06-09T00:00:00+00:00 [queued]>
[2024-06-21T11:08:11.267+0000] {taskinstance.py:2306} INFO - Starting attempt 1 of 1
[2024-06-21T11:08:11.275+0000] {taskinstance.py:2330} INFO - Executing <Task(_PythonDecoratedOperator): load_laps_task> on 2024-06-09 00:00:00+00:00
[2024-06-21T11:08:11.281+0000] {warnings.py:110} WARNING - /home/***/.local/lib/python3.12/site-packages/***/task/task_runner/standard_task_runner.py:61: DeprecationWarning: This process (pid=507) is multi-threaded, use of fork() may lead to deadlocks in the child.
  pid = os.fork()

[2024-06-21T11:08:11.282+0000] {standard_task_runner.py:63} INFO - Started process 518 to run task
[2024-06-21T11:08:11.283+0000] {standard_task_runner.py:90} INFO - Running: ['***', 'tasks', 'run', 'f1_data_pipeline_taskflow', 'load_laps_task', 'scheduled__2024-06-09T00:00:00+00:00', '--job-id', '27', '--raw', '--subdir', 'DAGS_FOLDER/etl_dag.py', '--cfg-path', '/tmp/tmpw_cwy5vk']
[2024-06-21T11:08:11.284+0000] {standard_task_runner.py:91} INFO - Job 27: Subtask load_laps_task
[2024-06-21T11:08:11.324+0000] {task_command.py:426} INFO - Running <TaskInstance: f1_data_pipeline_taskflow.load_laps_task scheduled__2024-06-09T00:00:00+00:00 [running]> on host 55d87b1d1f78
[2024-06-21T11:08:11.525+0000] {taskinstance.py:2648} INFO - Exporting env vars: AIRFLOW_CTX_DAG_OWNER='***' AIRFLOW_CTX_DAG_ID='f1_data_pipeline_taskflow' AIRFLOW_CTX_TASK_ID='load_laps_task' AIRFLOW_CTX_EXECUTION_DATE='2024-06-09T00:00:00+00:00' AIRFLOW_CTX_TRY_NUMBER='1' AIRFLOW_CTX_DAG_RUN_ID='scheduled__2024-06-09T00:00:00+00:00'
[2024-06-21T11:08:11.526+0000] {taskinstance.py:430} INFO - ::endgroup::
[2024-06-21T11:08:11.527+0000] {crypto.py:82} WARNING - empty cryptography key - values will not be stored encrypted.
[2024-06-21T11:08:11.527+0000] {base.py:84} INFO - Using connection ID 'sourcedb_connection' for task execution.
[2024-06-21T11:08:15.397+0000] {python.py:237} INFO - Done. Returned value was: None
[2024-06-21T11:08:15.397+0000] {taskinstance.py:441} INFO - ::group::Post task execution logs
[2024-06-21T11:08:15.404+0000] {taskinstance.py:1206} INFO - Marking task as SUCCESS. dag_id=f1_data_pipeline_taskflow, task_id=load_laps_task, run_id=scheduled__2024-06-09T00:00:00+00:00, execution_date=20240609T000000, start_date=20240621T110811, end_date=20240621T110815
[2024-06-21T11:08:15.428+0000] {local_task_job_runner.py:240} INFO - Task exited with return code 0
[2024-06-21T11:08:15.443+0000] {taskinstance.py:3498} INFO - 1 downstream tasks scheduled from follow-on schedule check
[2024-06-21T11:08:15.445+0000] {local_task_job_runner.py:222} INFO - ::endgroup::
