[2024-06-11T07:51:04.522+0000] {local_task_job_runner.py:120} INFO - ::group::Pre task execution logs
[2024-06-11T07:51:04.541+0000] {taskinstance.py:2076} INFO - Dependencies all met for dep_context=non-requeueable deps ti=<TaskInstance: f1_data_pipeline_taskflow.lapsDim_transform scheduled__2024-06-10T00:00:00+00:00 [queued]>
[2024-06-11T07:51:04.549+0000] {taskinstance.py:2076} INFO - Dependencies all met for dep_context=requeueable deps ti=<TaskInstance: f1_data_pipeline_taskflow.lapsDim_transform scheduled__2024-06-10T00:00:00+00:00 [queued]>
[2024-06-11T07:51:04.549+0000] {taskinstance.py:2306} INFO - Starting attempt 1 of 1
[2024-06-11T07:51:04.561+0000] {taskinstance.py:2330} INFO - Executing <Task(_PythonDecoratedOperator): lapsDim_transform> on 2024-06-10 00:00:00+00:00
[2024-06-11T07:51:04.566+0000] {warnings.py:110} WARNING - /home/***/.local/lib/python3.12/site-packages/***/task/task_runner/standard_task_runner.py:61: DeprecationWarning: This process (pid=356) is multi-threaded, use of fork() may lead to deadlocks in the child.
  pid = os.fork()

[2024-06-11T07:51:04.568+0000] {standard_task_runner.py:63} INFO - Started process 374 to run task
[2024-06-11T07:51:04.569+0000] {standard_task_runner.py:90} INFO - Running: ['***', 'tasks', 'run', 'f1_data_pipeline_taskflow', 'lapsDim_transform', 'scheduled__2024-06-10T00:00:00+00:00', '--job-id', '15', '--raw', '--subdir', 'DAGS_FOLDER/etl_dag.py', '--cfg-path', '/tmp/tmpinow0lf2']
[2024-06-11T07:51:04.570+0000] {standard_task_runner.py:91} INFO - Job 15: Subtask lapsDim_transform
[2024-06-11T07:51:04.619+0000] {task_command.py:426} INFO - Running <TaskInstance: f1_data_pipeline_taskflow.lapsDim_transform scheduled__2024-06-10T00:00:00+00:00 [running]> on host 774afe459216
[2024-06-11T07:51:06.755+0000] {taskinstance.py:2648} INFO - Exporting env vars: AIRFLOW_CTX_DAG_OWNER='***' AIRFLOW_CTX_DAG_ID='f1_data_pipeline_taskflow' AIRFLOW_CTX_TASK_ID='lapsDim_transform' AIRFLOW_CTX_EXECUTION_DATE='2024-06-10T00:00:00+00:00' AIRFLOW_CTX_TRY_NUMBER='1' AIRFLOW_CTX_DAG_RUN_ID='scheduled__2024-06-10T00:00:00+00:00'
[2024-06-11T07:51:06.758+0000] {taskinstance.py:430} INFO - ::endgroup::
[2024-06-11T07:51:06.921+0000] {python.py:237} INFO - Done. Returned value was:         raceId  driverId  ...         milliseconds_laptimes position_laptimes
0          860        18  ... 1970-01-01 00:00:00.000099264                 1
2          860        18  ... 1970-01-01 00:00:00.000093414                 1
4          860        18  ... 1970-01-01 00:00:00.000093350                 1
6          860        18  ... 1970-01-01 00:00:00.000093131                 1
8          860        18  ... 1970-01-01 00:00:00.000092984                 1
...        ...       ...  ...                           ...               ...
518402     953       837  ... 1970-01-01 00:00:00.000079868                15
518405     953       837  ... 1970-01-01 00:00:00.000082086                15
518408     953       837  ... 1970-01-01 00:00:00.000088272                15
518411     953       837  ... 1970-01-01 00:00:00.000086970                15
518414     953       837  ... 1970-01-01 00:00:00.000084657                15

[256836 rows x 6 columns]
[2024-06-11T07:51:06.936+0000] {taskinstance.py:441} INFO - ::group::Post task execution logs
[2024-06-11T07:51:07.302+0000] {taskinstance.py:1206} INFO - Marking task as SUCCESS. dag_id=f1_data_pipeline_taskflow, task_id=lapsDim_transform, run_id=scheduled__2024-06-10T00:00:00+00:00, execution_date=20240610T000000, start_date=20240611T075104, end_date=20240611T075107
[2024-06-11T07:51:07.358+0000] {local_task_job_runner.py:240} INFO - Task exited with return code 0
[2024-06-11T07:51:07.377+0000] {taskinstance.py:3498} INFO - 0 downstream tasks scheduled from follow-on schedule check
[2024-06-11T07:51:07.378+0000] {local_task_job_runner.py:222} INFO - ::endgroup::
[2024-06-11T09:15:26.161+0000] {local_task_job_runner.py:120} INFO - ::group::Pre task execution logs
[2024-06-11T09:15:26.180+0000] {taskinstance.py:2076} INFO - Dependencies all met for dep_context=non-requeueable deps ti=<TaskInstance: f1_data_pipeline_taskflow.lapsDim_transform scheduled__2024-06-10T00:00:00+00:00 [queued]>
[2024-06-11T09:15:26.188+0000] {taskinstance.py:2076} INFO - Dependencies all met for dep_context=requeueable deps ti=<TaskInstance: f1_data_pipeline_taskflow.lapsDim_transform scheduled__2024-06-10T00:00:00+00:00 [queued]>
[2024-06-11T09:15:26.188+0000] {taskinstance.py:2306} INFO - Starting attempt 1 of 1
[2024-06-11T09:15:26.199+0000] {taskinstance.py:2330} INFO - Executing <Task(_PythonDecoratedOperator): lapsDim_transform> on 2024-06-10 00:00:00+00:00
[2024-06-11T09:15:26.204+0000] {warnings.py:110} WARNING - /home/***/.local/lib/python3.12/site-packages/***/task/task_runner/standard_task_runner.py:61: DeprecationWarning: This process (pid=194) is multi-threaded, use of fork() may lead to deadlocks in the child.
  pid = os.fork()

[2024-06-11T09:15:26.205+0000] {standard_task_runner.py:63} INFO - Started process 210 to run task
[2024-06-11T09:15:26.207+0000] {standard_task_runner.py:90} INFO - Running: ['***', 'tasks', 'run', 'f1_data_pipeline_taskflow', 'lapsDim_transform', 'scheduled__2024-06-10T00:00:00+00:00', '--job-id', '12', '--raw', '--subdir', 'DAGS_FOLDER/etl_dag.py', '--cfg-path', '/tmp/tmpuozlt_nv']
[2024-06-11T09:15:26.209+0000] {standard_task_runner.py:91} INFO - Job 12: Subtask lapsDim_transform
[2024-06-11T09:15:26.254+0000] {task_command.py:426} INFO - Running <TaskInstance: f1_data_pipeline_taskflow.lapsDim_transform scheduled__2024-06-10T00:00:00+00:00 [running]> on host fdc9bf7b6fb8
[2024-06-11T09:15:28.978+0000] {taskinstance.py:2648} INFO - Exporting env vars: AIRFLOW_CTX_DAG_OWNER='***' AIRFLOW_CTX_DAG_ID='f1_data_pipeline_taskflow' AIRFLOW_CTX_TASK_ID='lapsDim_transform' AIRFLOW_CTX_EXECUTION_DATE='2024-06-10T00:00:00+00:00' AIRFLOW_CTX_TRY_NUMBER='1' AIRFLOW_CTX_DAG_RUN_ID='scheduled__2024-06-10T00:00:00+00:00'
[2024-06-11T09:15:28.999+0000] {taskinstance.py:430} INFO - ::endgroup::
[2024-06-11T09:15:29.158+0000] {python.py:237} INFO - Done. Returned value was:         raceId  driverId  ...         milliseconds_laptimes position_laptimes
0          860        18  ... 1970-01-01 00:00:00.000099264                 1
2          860        18  ... 1970-01-01 00:00:00.000093414                 1
4          860        18  ... 1970-01-01 00:00:00.000093350                 1
6          860        18  ... 1970-01-01 00:00:00.000093131                 1
8          860        18  ... 1970-01-01 00:00:00.000092984                 1
...        ...       ...  ...                           ...               ...
518402     953       837  ... 1970-01-01 00:00:00.000079868                15
518405     953       837  ... 1970-01-01 00:00:00.000082086                15
518408     953       837  ... 1970-01-01 00:00:00.000088272                15
518411     953       837  ... 1970-01-01 00:00:00.000086970                15
518414     953       837  ... 1970-01-01 00:00:00.000084657                15

[256836 rows x 6 columns]
[2024-06-11T09:15:29.172+0000] {taskinstance.py:441} INFO - ::group::Post task execution logs
[2024-06-11T09:15:29.537+0000] {taskinstance.py:1206} INFO - Marking task as SUCCESS. dag_id=f1_data_pipeline_taskflow, task_id=lapsDim_transform, run_id=scheduled__2024-06-10T00:00:00+00:00, execution_date=20240610T000000, start_date=20240611T091526, end_date=20240611T091529
[2024-06-11T09:15:29.638+0000] {local_task_job_runner.py:240} INFO - Task exited with return code 0
[2024-06-11T09:15:29.861+0000] {taskinstance.py:3498} INFO - 0 downstream tasks scheduled from follow-on schedule check
[2024-06-11T09:15:29.867+0000] {local_task_job_runner.py:222} INFO - ::endgroup::
[2024-06-11T11:21:29.362+0000] {local_task_job_runner.py:120} INFO - ::group::Pre task execution logs
[2024-06-11T11:21:29.389+0000] {taskinstance.py:2076} INFO - Dependencies all met for dep_context=non-requeueable deps ti=<TaskInstance: f1_data_pipeline_taskflow.lapsDim_transform scheduled__2024-06-10T00:00:00+00:00 [queued]>
[2024-06-11T11:21:29.396+0000] {taskinstance.py:2076} INFO - Dependencies all met for dep_context=requeueable deps ti=<TaskInstance: f1_data_pipeline_taskflow.lapsDim_transform scheduled__2024-06-10T00:00:00+00:00 [queued]>
[2024-06-11T11:21:29.396+0000] {taskinstance.py:2306} INFO - Starting attempt 1 of 1
[2024-06-11T11:21:29.408+0000] {taskinstance.py:2330} INFO - Executing <Task(_PythonDecoratedOperator): lapsDim_transform> on 2024-06-10 00:00:00+00:00
[2024-06-11T11:21:29.415+0000] {warnings.py:110} WARNING - /home/***/.local/lib/python3.12/site-packages/***/task/task_runner/standard_task_runner.py:61: DeprecationWarning: This process (pid=212) is multi-threaded, use of fork() may lead to deadlocks in the child.
  pid = os.fork()

[2024-06-11T11:21:29.416+0000] {standard_task_runner.py:63} INFO - Started process 227 to run task
[2024-06-11T11:21:29.416+0000] {standard_task_runner.py:90} INFO - Running: ['***', 'tasks', 'run', 'f1_data_pipeline_taskflow', 'lapsDim_transform', 'scheduled__2024-06-10T00:00:00+00:00', '--job-id', '8', '--raw', '--subdir', 'DAGS_FOLDER/etl_dag.py', '--cfg-path', '/tmp/tmp0sqs6pwv']
[2024-06-11T11:21:29.418+0000] {standard_task_runner.py:91} INFO - Job 8: Subtask lapsDim_transform
[2024-06-11T11:21:29.464+0000] {task_command.py:426} INFO - Running <TaskInstance: f1_data_pipeline_taskflow.lapsDim_transform scheduled__2024-06-10T00:00:00+00:00 [running]> on host bc9f1e77df41
[2024-06-11T11:21:31.910+0000] {taskinstance.py:2648} INFO - Exporting env vars: AIRFLOW_CTX_DAG_OWNER='***' AIRFLOW_CTX_DAG_ID='f1_data_pipeline_taskflow' AIRFLOW_CTX_TASK_ID='lapsDim_transform' AIRFLOW_CTX_EXECUTION_DATE='2024-06-10T00:00:00+00:00' AIRFLOW_CTX_TRY_NUMBER='1' AIRFLOW_CTX_DAG_RUN_ID='scheduled__2024-06-10T00:00:00+00:00'
[2024-06-11T11:21:31.913+0000] {taskinstance.py:430} INFO - ::endgroup::
[2024-06-11T11:21:32.151+0000] {python.py:237} INFO - Done. Returned value was:         raceId  driverId  ...         milliseconds_laptimes position_laptimes
0          860        18  ... 1970-01-01 00:00:00.000099264                 1
2          860        18  ... 1970-01-01 00:00:00.000093414                 1
4          860        18  ... 1970-01-01 00:00:00.000093350                 1
6          860        18  ... 1970-01-01 00:00:00.000093131                 1
8          860        18  ... 1970-01-01 00:00:00.000092984                 1
...        ...       ...  ...                           ...               ...
518402     953       837  ... 1970-01-01 00:00:00.000079868                15
518405     953       837  ... 1970-01-01 00:00:00.000082086                15
518408     953       837  ... 1970-01-01 00:00:00.000088272                15
518411     953       837  ... 1970-01-01 00:00:00.000086970                15
518414     953       837  ... 1970-01-01 00:00:00.000084657                15

[256836 rows x 6 columns]
[2024-06-11T11:21:32.170+0000] {taskinstance.py:441} INFO - ::group::Post task execution logs
[2024-06-11T11:21:32.639+0000] {taskinstance.py:1206} INFO - Marking task as SUCCESS. dag_id=f1_data_pipeline_taskflow, task_id=lapsDim_transform, run_id=scheduled__2024-06-10T00:00:00+00:00, execution_date=20240610T000000, start_date=20240611T112129, end_date=20240611T112132
[2024-06-11T11:21:32.688+0000] {local_task_job_runner.py:240} INFO - Task exited with return code 0
[2024-06-11T11:21:32.731+0000] {taskinstance.py:3498} INFO - 0 downstream tasks scheduled from follow-on schedule check
[2024-06-11T11:21:32.734+0000] {local_task_job_runner.py:222} INFO - ::endgroup::
[2024-06-11T14:24:29.141+0000] {local_task_job_runner.py:120} INFO - ::group::Pre task execution logs
[2024-06-11T14:24:29.161+0000] {taskinstance.py:2076} INFO - Dependencies all met for dep_context=non-requeueable deps ti=<TaskInstance: f1_data_pipeline_taskflow.lapsDim_transform scheduled__2024-06-10T00:00:00+00:00 [queued]>
[2024-06-11T14:24:29.168+0000] {taskinstance.py:2076} INFO - Dependencies all met for dep_context=requeueable deps ti=<TaskInstance: f1_data_pipeline_taskflow.lapsDim_transform scheduled__2024-06-10T00:00:00+00:00 [queued]>
[2024-06-11T14:24:29.168+0000] {taskinstance.py:2306} INFO - Starting attempt 1 of 1
[2024-06-11T14:24:29.179+0000] {taskinstance.py:2330} INFO - Executing <Task(_PythonDecoratedOperator): lapsDim_transform> on 2024-06-10 00:00:00+00:00
[2024-06-11T14:24:29.185+0000] {warnings.py:110} WARNING - /home/***/.local/lib/python3.12/site-packages/***/task/task_runner/standard_task_runner.py:61: DeprecationWarning: This process (pid=298) is multi-threaded, use of fork() may lead to deadlocks in the child.
  pid = os.fork()

[2024-06-11T14:24:29.186+0000] {standard_task_runner.py:63} INFO - Started process 316 to run task
[2024-06-11T14:24:29.186+0000] {standard_task_runner.py:90} INFO - Running: ['***', 'tasks', 'run', 'f1_data_pipeline_taskflow', 'lapsDim_transform', 'scheduled__2024-06-10T00:00:00+00:00', '--job-id', '7', '--raw', '--subdir', 'DAGS_FOLDER/etl_dag.py', '--cfg-path', '/tmp/tmphdf8di8u']
[2024-06-11T14:24:29.188+0000] {standard_task_runner.py:91} INFO - Job 7: Subtask lapsDim_transform
[2024-06-11T14:24:29.235+0000] {task_command.py:426} INFO - Running <TaskInstance: f1_data_pipeline_taskflow.lapsDim_transform scheduled__2024-06-10T00:00:00+00:00 [running]> on host f99ae21f53ae
[2024-06-11T14:24:31.558+0000] {taskinstance.py:2648} INFO - Exporting env vars: AIRFLOW_CTX_DAG_OWNER='***' AIRFLOW_CTX_DAG_ID='f1_data_pipeline_taskflow' AIRFLOW_CTX_TASK_ID='lapsDim_transform' AIRFLOW_CTX_EXECUTION_DATE='2024-06-10T00:00:00+00:00' AIRFLOW_CTX_TRY_NUMBER='1' AIRFLOW_CTX_DAG_RUN_ID='scheduled__2024-06-10T00:00:00+00:00'
[2024-06-11T14:24:31.560+0000] {taskinstance.py:430} INFO - ::endgroup::
[2024-06-11T14:24:31.740+0000] {python.py:237} INFO - Done. Returned value was:         raceId  driverId  ...         milliseconds_laptimes position_laptimes
0          860        18  ... 1970-01-01 00:00:00.000099264                 1
2          860        18  ... 1970-01-01 00:00:00.000093414                 1
4          860        18  ... 1970-01-01 00:00:00.000093350                 1
6          860        18  ... 1970-01-01 00:00:00.000093131                 1
8          860        18  ... 1970-01-01 00:00:00.000092984                 1
...        ...       ...  ...                           ...               ...
518402     953       837  ... 1970-01-01 00:00:00.000079868                15
518405     953       837  ... 1970-01-01 00:00:00.000082086                15
518408     953       837  ... 1970-01-01 00:00:00.000088272                15
518411     953       837  ... 1970-01-01 00:00:00.000086970                15
518414     953       837  ... 1970-01-01 00:00:00.000084657                15

[256836 rows x 6 columns]
[2024-06-11T14:24:31.755+0000] {taskinstance.py:441} INFO - ::group::Post task execution logs
[2024-06-11T14:24:32.172+0000] {taskinstance.py:1206} INFO - Marking task as SUCCESS. dag_id=f1_data_pipeline_taskflow, task_id=lapsDim_transform, run_id=scheduled__2024-06-10T00:00:00+00:00, execution_date=20240610T000000, start_date=20240611T142429, end_date=20240611T142432
[2024-06-11T14:24:32.207+0000] {local_task_job_runner.py:240} INFO - Task exited with return code 0
[2024-06-11T14:24:32.233+0000] {taskinstance.py:3498} INFO - 0 downstream tasks scheduled from follow-on schedule check
[2024-06-11T14:24:32.234+0000] {local_task_job_runner.py:222} INFO - ::endgroup::
