[2024-06-03T09:50:58.726+0000] {local_task_job_runner.py:120} INFO - ::group::Pre task execution logs
[2024-06-03T09:50:58.741+0000] {taskinstance.py:2076} INFO - Dependencies all met for dep_context=non-requeueable deps ti=<TaskInstance: f1_data_pipeline_taskflow.sprint_transform manual__2024-06-03T09:50:13.362454+00:00 [queued]>
[2024-06-03T09:50:58.748+0000] {taskinstance.py:2076} INFO - Dependencies all met for dep_context=requeueable deps ti=<TaskInstance: f1_data_pipeline_taskflow.sprint_transform manual__2024-06-03T09:50:13.362454+00:00 [queued]>
[2024-06-03T09:50:58.749+0000] {taskinstance.py:2306} INFO - Starting attempt 1 of 1
[2024-06-03T09:50:58.760+0000] {taskinstance.py:2330} INFO - Executing <Task(_PythonDecoratedOperator): sprint_transform> on 2024-06-03 09:50:13.362454+00:00
[2024-06-03T09:50:58.766+0000] {warnings.py:110} WARNING - /home/***/.local/lib/python3.12/site-packages/***/task/task_runner/standard_task_runner.py:61: DeprecationWarning: This process (pid=476) is multi-threaded, use of fork() may lead to deadlocks in the child.
  pid = os.fork()

[2024-06-03T09:50:58.766+0000] {standard_task_runner.py:63} INFO - Started process 478 to run task
[2024-06-03T09:50:58.767+0000] {standard_task_runner.py:90} INFO - Running: ['***', 'tasks', 'run', 'f1_data_pipeline_taskflow', 'sprint_transform', 'manual__2024-06-03T09:50:13.362454+00:00', '--job-id', '23', '--raw', '--subdir', 'DAGS_FOLDER/etl_dag.py', '--cfg-path', '/tmp/tmppoyc7l6e']
[2024-06-03T09:50:58.768+0000] {standard_task_runner.py:91} INFO - Job 23: Subtask sprint_transform
[2024-06-03T09:50:58.799+0000] {task_command.py:426} INFO - Running <TaskInstance: f1_data_pipeline_taskflow.sprint_transform manual__2024-06-03T09:50:13.362454+00:00 [running]> on host 822b25182b4b
[2024-06-03T09:50:59.328+0000] {taskinstance.py:2648} INFO - Exporting env vars: AIRFLOW_CTX_DAG_OWNER='***' AIRFLOW_CTX_DAG_ID='f1_data_pipeline_taskflow' AIRFLOW_CTX_TASK_ID='sprint_transform' AIRFLOW_CTX_EXECUTION_DATE='2024-06-03T09:50:13.362454+00:00' AIRFLOW_CTX_TRY_NUMBER='1' AIRFLOW_CTX_DAG_RUN_ID='manual__2024-06-03T09:50:13.362454+00:00'
[2024-06-03T09:50:59.329+0000] {taskinstance.py:430} INFO - ::endgroup::
[2024-06-03T09:50:59.351+0000] {python.py:237} INFO - Done. Returned value was:         raceId  driverId sprint_date sprint_time
0          860        18        None        None
116        860         1        None        None
232        861        18        None        None
512        861         1        None        None
680        862        18        None        None
...        ...       ...         ...         ...
517536     932       829        None        None
517602     936       829        None        None
517927     944       829        None        None
518061     944       834        None        None
518195     953       837        None        None

[4502 rows x 4 columns]
[2024-06-03T09:50:59.358+0000] {taskinstance.py:441} INFO - ::group::Post task execution logs
[2024-06-03T09:50:59.384+0000] {taskinstance.py:1206} INFO - Marking task as SUCCESS. dag_id=f1_data_pipeline_taskflow, task_id=sprint_transform, run_id=manual__2024-06-03T09:50:13.362454+00:00, execution_date=20240603T095013, start_date=20240603T095058, end_date=20240603T095059
[2024-06-03T09:50:59.422+0000] {local_task_job_runner.py:240} INFO - Task exited with return code 0
[2024-06-03T09:50:59.451+0000] {taskinstance.py:3498} INFO - 1 downstream tasks scheduled from follow-on schedule check
[2024-06-03T09:50:59.453+0000] {local_task_job_runner.py:222} INFO - ::endgroup::
