[2024-06-20T07:34:18.742+0000] {local_task_job_runner.py:120} INFO - ::group::Pre task execution logs
[2024-06-20T07:34:18.756+0000] {taskinstance.py:2076} INFO - Dependencies all met for dep_context=non-requeueable deps ti=<TaskInstance: f1_data_pipeline_kafka_fetchAndPublish.wait_for_elt_dag scheduled__2024-06-19T00:00:00+00:00 [queued]>
[2024-06-20T07:34:18.761+0000] {taskinstance.py:2076} INFO - Dependencies all met for dep_context=requeueable deps ti=<TaskInstance: f1_data_pipeline_kafka_fetchAndPublish.wait_for_elt_dag scheduled__2024-06-19T00:00:00+00:00 [queued]>
[2024-06-20T07:34:18.761+0000] {taskinstance.py:2306} INFO - Starting attempt 1 of 1
[2024-06-20T07:34:18.769+0000] {taskinstance.py:2330} INFO - Executing <Task(ExternalTaskSensor): wait_for_elt_dag> on 2024-06-19 00:00:00+00:00
[2024-06-20T07:34:18.773+0000] {warnings.py:110} WARNING - /home/***/.local/lib/python3.12/site-packages/***/task/task_runner/standard_task_runner.py:61: DeprecationWarning: This process (pid=164) is multi-threaded, use of fork() may lead to deadlocks in the child.
  pid = os.fork()

[2024-06-20T07:34:18.774+0000] {standard_task_runner.py:63} INFO - Started process 171 to run task
[2024-06-20T07:34:18.774+0000] {standard_task_runner.py:90} INFO - Running: ['***', 'tasks', 'run', 'f1_data_pipeline_kafka_fetchAndPublish', 'wait_for_elt_dag', 'scheduled__2024-06-19T00:00:00+00:00', '--job-id', '4', '--raw', '--subdir', 'DAGS_FOLDER/ergast_kafka_fetch_and_publish.py', '--cfg-path', '/tmp/tmpvobykw28']
[2024-06-20T07:34:18.776+0000] {standard_task_runner.py:91} INFO - Job 4: Subtask wait_for_elt_dag
[2024-06-20T07:34:18.813+0000] {task_command.py:426} INFO - Running <TaskInstance: f1_data_pipeline_kafka_fetchAndPublish.wait_for_elt_dag scheduled__2024-06-19T00:00:00+00:00 [running]> on host 5c5ee06f6e02
[2024-06-20T07:34:18.873+0000] {taskinstance.py:2648} INFO - Exporting env vars: AIRFLOW_CTX_DAG_OWNER='***' AIRFLOW_CTX_DAG_ID='f1_data_pipeline_kafka_fetchAndPublish' AIRFLOW_CTX_TASK_ID='wait_for_elt_dag' AIRFLOW_CTX_EXECUTION_DATE='2024-06-19T00:00:00+00:00' AIRFLOW_CTX_TRY_NUMBER='1' AIRFLOW_CTX_DAG_RUN_ID='scheduled__2024-06-19T00:00:00+00:00'
[2024-06-20T07:34:18.874+0000] {taskinstance.py:430} INFO - ::endgroup::
[2024-06-20T07:34:18.874+0000] {baseoperator.py:399} WARNING - ExternalTaskSensor.execute cannot be called outside TaskInstance!
[2024-06-20T07:34:18.875+0000] {external_task.py:258} INFO - Poking for tasks ['load_raceResults_task'] in dag f1_data_pipeline_taskflow on 2024-06-19T00:00:00+00:00 ... 
[2024-06-20T07:34:18.875+0000] {warnings.py:110} WARNING - /home/***/.local/lib/python3.12/site-packages/***/utils/session.py:79: DeprecationWarning: This method is deprecated and will be removed in future.
  return func(*args, session=session, **kwargs)

[2024-06-20T07:35:18.882+0000] {external_task.py:258} INFO - Poking for tasks ['load_raceResults_task'] in dag f1_data_pipeline_taskflow on 2024-06-19T00:00:00+00:00 ... 
[2024-06-20T07:35:18.900+0000] {base.py:294} INFO - Success criteria met. Exiting.
[2024-06-20T07:35:18.900+0000] {taskinstance.py:441} INFO - ::group::Post task execution logs
[2024-06-20T07:35:18.912+0000] {taskinstance.py:1206} INFO - Marking task as SUCCESS. dag_id=f1_data_pipeline_kafka_fetchAndPublish, task_id=wait_for_elt_dag, run_id=scheduled__2024-06-19T00:00:00+00:00, execution_date=20240619T000000, start_date=20240620T073418, end_date=20240620T073518
[2024-06-20T07:35:18.945+0000] {local_task_job_runner.py:240} INFO - Task exited with return code 0
[2024-06-20T07:35:18.971+0000] {taskinstance.py:3498} INFO - 11 downstream tasks scheduled from follow-on schedule check
[2024-06-20T07:35:18.973+0000] {local_task_job_runner.py:222} INFO - ::endgroup::
[2024-06-20T08:38:11.852+0000] {local_task_job_runner.py:120} INFO - ::group::Pre task execution logs
[2024-06-20T08:38:11.868+0000] {taskinstance.py:2076} INFO - Dependencies all met for dep_context=non-requeueable deps ti=<TaskInstance: f1_data_pipeline_kafka_fetchAndPublish.wait_for_elt_dag scheduled__2024-06-19T00:00:00+00:00 [queued]>
[2024-06-20T08:38:11.873+0000] {taskinstance.py:2076} INFO - Dependencies all met for dep_context=requeueable deps ti=<TaskInstance: f1_data_pipeline_kafka_fetchAndPublish.wait_for_elt_dag scheduled__2024-06-19T00:00:00+00:00 [queued]>
[2024-06-20T08:38:11.874+0000] {taskinstance.py:2306} INFO - Starting attempt 1 of 1
[2024-06-20T08:38:11.884+0000] {taskinstance.py:2330} INFO - Executing <Task(ExternalTaskSensor): wait_for_elt_dag> on 2024-06-19 00:00:00+00:00
[2024-06-20T08:38:11.889+0000] {warnings.py:110} WARNING - /home/***/.local/lib/python3.12/site-packages/***/task/task_runner/standard_task_runner.py:61: DeprecationWarning: This process (pid=99) is multi-threaded, use of fork() may lead to deadlocks in the child.
  pid = os.fork()

[2024-06-20T08:38:11.889+0000] {standard_task_runner.py:63} INFO - Started process 107 to run task
[2024-06-20T08:38:11.890+0000] {standard_task_runner.py:90} INFO - Running: ['***', 'tasks', 'run', 'f1_data_pipeline_kafka_fetchAndPublish', 'wait_for_elt_dag', 'scheduled__2024-06-19T00:00:00+00:00', '--job-id', '5', '--raw', '--subdir', 'DAGS_FOLDER/ergast_kafka_fetch_and_publish.py', '--cfg-path', '/tmp/tmp4mks3oef']
[2024-06-20T08:38:11.891+0000] {standard_task_runner.py:91} INFO - Job 5: Subtask wait_for_elt_dag
[2024-06-20T08:38:11.929+0000] {task_command.py:426} INFO - Running <TaskInstance: f1_data_pipeline_kafka_fetchAndPublish.wait_for_elt_dag scheduled__2024-06-19T00:00:00+00:00 [running]> on host c74b9f5f384d
[2024-06-20T08:38:11.989+0000] {taskinstance.py:2648} INFO - Exporting env vars: AIRFLOW_CTX_DAG_OWNER='***' AIRFLOW_CTX_DAG_ID='f1_data_pipeline_kafka_fetchAndPublish' AIRFLOW_CTX_TASK_ID='wait_for_elt_dag' AIRFLOW_CTX_EXECUTION_DATE='2024-06-19T00:00:00+00:00' AIRFLOW_CTX_TRY_NUMBER='1' AIRFLOW_CTX_DAG_RUN_ID='scheduled__2024-06-19T00:00:00+00:00'
[2024-06-20T08:38:11.989+0000] {taskinstance.py:430} INFO - ::endgroup::
[2024-06-20T08:38:11.990+0000] {baseoperator.py:399} WARNING - ExternalTaskSensor.execute cannot be called outside TaskInstance!
[2024-06-20T08:38:11.990+0000] {external_task.py:258} INFO - Poking for tasks ['load_raceResults_task'] in dag f1_data_pipeline_taskflow on 2024-06-19T00:00:00+00:00 ... 
[2024-06-20T08:38:11.990+0000] {warnings.py:110} WARNING - /home/***/.local/lib/python3.12/site-packages/***/utils/session.py:79: DeprecationWarning: This method is deprecated and will be removed in future.
  return func(*args, session=session, **kwargs)

[2024-06-20T08:39:11.997+0000] {external_task.py:258} INFO - Poking for tasks ['load_raceResults_task'] in dag f1_data_pipeline_taskflow on 2024-06-19T00:00:00+00:00 ... 
[2024-06-20T08:39:12.008+0000] {base.py:294} INFO - Success criteria met. Exiting.
[2024-06-20T08:39:12.009+0000] {taskinstance.py:441} INFO - ::group::Post task execution logs
[2024-06-20T08:39:12.019+0000] {taskinstance.py:1206} INFO - Marking task as SUCCESS. dag_id=f1_data_pipeline_kafka_fetchAndPublish, task_id=wait_for_elt_dag, run_id=scheduled__2024-06-19T00:00:00+00:00, execution_date=20240619T000000, start_date=20240620T083811, end_date=20240620T083912
[2024-06-20T08:39:12.031+0000] {local_task_job_runner.py:240} INFO - Task exited with return code 0
[2024-06-20T08:39:12.057+0000] {taskinstance.py:3498} INFO - 11 downstream tasks scheduled from follow-on schedule check
[2024-06-20T08:39:12.058+0000] {local_task_job_runner.py:222} INFO - ::endgroup::
