[2024-06-10T12:43:28.992+0000] {local_task_job_runner.py:120} INFO - ::group::Pre task execution logs
[2024-06-10T12:43:29.007+0000] {taskinstance.py:2076} INFO - Dependencies all met for dep_context=non-requeueable deps ti=<TaskInstance: f1_data_pipeline_taskflow_with_kafka.wait_for_elt_dag scheduled__2024-06-09T00:00:00+00:00 [queued]>
[2024-06-10T12:43:29.012+0000] {taskinstance.py:2076} INFO - Dependencies all met for dep_context=requeueable deps ti=<TaskInstance: f1_data_pipeline_taskflow_with_kafka.wait_for_elt_dag scheduled__2024-06-09T00:00:00+00:00 [queued]>
[2024-06-10T12:43:29.013+0000] {taskinstance.py:2306} INFO - Starting attempt 1 of 1
[2024-06-10T12:43:29.022+0000] {taskinstance.py:2330} INFO - Executing <Task(ExternalTaskSensor): wait_for_elt_dag> on 2024-06-09 00:00:00+00:00
[2024-06-10T12:43:29.029+0000] {warnings.py:110} WARNING - /home/***/.local/lib/python3.12/site-packages/***/task/task_runner/standard_task_runner.py:61: DeprecationWarning: This process (pid=581) is multi-threaded, use of fork() may lead to deadlocks in the child.
  pid = os.fork()

[2024-06-10T12:43:29.030+0000] {standard_task_runner.py:63} INFO - Started process 583 to run task
[2024-06-10T12:43:29.031+0000] {standard_task_runner.py:90} INFO - Running: ['***', 'tasks', 'run', 'f1_data_pipeline_taskflow_with_kafka', 'wait_for_elt_dag', 'scheduled__2024-06-09T00:00:00+00:00', '--job-id', '33', '--raw', '--subdir', 'DAGS_FOLDER/kafkaProduce.py', '--cfg-path', '/tmp/tmp68ujxaay']
[2024-06-10T12:43:29.033+0000] {standard_task_runner.py:91} INFO - Job 33: Subtask wait_for_elt_dag
[2024-06-10T12:43:29.066+0000] {task_command.py:426} INFO - Running <TaskInstance: f1_data_pipeline_taskflow_with_kafka.wait_for_elt_dag scheduled__2024-06-09T00:00:00+00:00 [running]> on host 963d823f23ad
[2024-06-10T12:43:29.123+0000] {taskinstance.py:2648} INFO - Exporting env vars: AIRFLOW_CTX_DAG_OWNER='***' AIRFLOW_CTX_DAG_ID='f1_data_pipeline_taskflow_with_kafka' AIRFLOW_CTX_TASK_ID='wait_for_elt_dag' AIRFLOW_CTX_EXECUTION_DATE='2024-06-09T00:00:00+00:00' AIRFLOW_CTX_TRY_NUMBER='1' AIRFLOW_CTX_DAG_RUN_ID='scheduled__2024-06-09T00:00:00+00:00'
[2024-06-10T12:43:29.124+0000] {taskinstance.py:430} INFO - ::endgroup::
[2024-06-10T12:43:29.124+0000] {baseoperator.py:399} WARNING - ExternalTaskSensor.execute cannot be called outside TaskInstance!
[2024-06-10T12:43:29.124+0000] {external_task.py:274} INFO - Poking for DAG 'f1_data_pipeline_taskflow' on 2024-06-09T00:00:00+00:00 ... 
[2024-06-10T12:43:29.125+0000] {warnings.py:110} WARNING - /home/***/.local/lib/python3.12/site-packages/***/utils/session.py:79: DeprecationWarning: This method is deprecated and will be removed in future.
  return func(*args, session=session, **kwargs)

[2024-06-10T12:43:29.130+0000] {base.py:294} INFO - Success criteria met. Exiting.
[2024-06-10T12:43:29.130+0000] {taskinstance.py:441} INFO - ::group::Post task execution logs
[2024-06-10T12:43:29.136+0000] {taskinstance.py:1206} INFO - Marking task as SUCCESS. dag_id=f1_data_pipeline_taskflow_with_kafka, task_id=wait_for_elt_dag, run_id=scheduled__2024-06-09T00:00:00+00:00, execution_date=20240609T000000, start_date=20240610T124329, end_date=20240610T124329
[2024-06-10T12:43:29.164+0000] {local_task_job_runner.py:240} INFO - Task exited with return code 0
[2024-06-10T12:43:29.186+0000] {taskinstance.py:3498} INFO - 3 downstream tasks scheduled from follow-on schedule check
[2024-06-10T12:43:29.187+0000] {local_task_job_runner.py:222} INFO - ::endgroup::
[2024-06-10T12:59:25.985+0000] {local_task_job_runner.py:120} INFO - ::group::Pre task execution logs
[2024-06-10T12:59:26.000+0000] {taskinstance.py:2076} INFO - Dependencies all met for dep_context=non-requeueable deps ti=<TaskInstance: f1_data_pipeline_taskflow_with_kafka.wait_for_elt_dag scheduled__2024-06-09T00:00:00+00:00 [queued]>
[2024-06-10T12:59:26.005+0000] {taskinstance.py:2076} INFO - Dependencies all met for dep_context=requeueable deps ti=<TaskInstance: f1_data_pipeline_taskflow_with_kafka.wait_for_elt_dag scheduled__2024-06-09T00:00:00+00:00 [queued]>
[2024-06-10T12:59:26.005+0000] {taskinstance.py:2306} INFO - Starting attempt 1 of 1
[2024-06-10T12:59:26.014+0000] {taskinstance.py:2330} INFO - Executing <Task(ExternalTaskSensor): wait_for_elt_dag> on 2024-06-09 00:00:00+00:00
[2024-06-10T12:59:26.018+0000] {warnings.py:110} WARNING - /home/***/.local/lib/python3.12/site-packages/***/task/task_runner/standard_task_runner.py:61: DeprecationWarning: This process (pid=587) is multi-threaded, use of fork() may lead to deadlocks in the child.
  pid = os.fork()

[2024-06-10T12:59:26.019+0000] {standard_task_runner.py:63} INFO - Started process 589 to run task
[2024-06-10T12:59:26.020+0000] {standard_task_runner.py:90} INFO - Running: ['***', 'tasks', 'run', 'f1_data_pipeline_taskflow_with_kafka', 'wait_for_elt_dag', 'scheduled__2024-06-09T00:00:00+00:00', '--job-id', '32', '--raw', '--subdir', 'DAGS_FOLDER/kafkaProduce.py', '--cfg-path', '/tmp/tmpqm2h7r3t']
[2024-06-10T12:59:26.021+0000] {standard_task_runner.py:91} INFO - Job 32: Subtask wait_for_elt_dag
[2024-06-10T12:59:26.055+0000] {task_command.py:426} INFO - Running <TaskInstance: f1_data_pipeline_taskflow_with_kafka.wait_for_elt_dag scheduled__2024-06-09T00:00:00+00:00 [running]> on host 1827e5540201
[2024-06-10T12:59:26.114+0000] {taskinstance.py:2648} INFO - Exporting env vars: AIRFLOW_CTX_DAG_OWNER='***' AIRFLOW_CTX_DAG_ID='f1_data_pipeline_taskflow_with_kafka' AIRFLOW_CTX_TASK_ID='wait_for_elt_dag' AIRFLOW_CTX_EXECUTION_DATE='2024-06-09T00:00:00+00:00' AIRFLOW_CTX_TRY_NUMBER='1' AIRFLOW_CTX_DAG_RUN_ID='scheduled__2024-06-09T00:00:00+00:00'
[2024-06-10T12:59:26.114+0000] {taskinstance.py:430} INFO - ::endgroup::
[2024-06-10T12:59:26.115+0000] {baseoperator.py:399} WARNING - ExternalTaskSensor.execute cannot be called outside TaskInstance!
[2024-06-10T12:59:26.115+0000] {external_task.py:258} INFO - Poking for tasks ['load_raceResults_task'] in dag f1_data_pipeline_taskflow on 2024-06-09T00:00:00+00:00 ... 
[2024-06-10T12:59:26.115+0000] {warnings.py:110} WARNING - /home/***/.local/lib/python3.12/site-packages/***/utils/session.py:79: DeprecationWarning: This method is deprecated and will be removed in future.
  return func(*args, session=session, **kwargs)

[2024-06-10T12:59:26.122+0000] {base.py:294} INFO - Success criteria met. Exiting.
[2024-06-10T12:59:26.122+0000] {taskinstance.py:441} INFO - ::group::Post task execution logs
[2024-06-10T12:59:26.129+0000] {taskinstance.py:1206} INFO - Marking task as SUCCESS. dag_id=f1_data_pipeline_taskflow_with_kafka, task_id=wait_for_elt_dag, run_id=scheduled__2024-06-09T00:00:00+00:00, execution_date=20240609T000000, start_date=20240610T125926, end_date=20240610T125926
[2024-06-10T12:59:26.152+0000] {local_task_job_runner.py:240} INFO - Task exited with return code 0
[2024-06-10T12:59:26.175+0000] {taskinstance.py:3498} INFO - 3 downstream tasks scheduled from follow-on schedule check
[2024-06-10T12:59:26.177+0000] {local_task_job_runner.py:222} INFO - ::endgroup::
[2024-06-10T13:07:49.152+0000] {local_task_job_runner.py:120} INFO - ::group::Pre task execution logs
[2024-06-10T13:07:49.183+0000] {taskinstance.py:2076} INFO - Dependencies all met for dep_context=non-requeueable deps ti=<TaskInstance: f1_data_pipeline_taskflow_with_kafka.wait_for_elt_dag scheduled__2024-06-09T00:00:00+00:00 [queued]>
[2024-06-10T13:07:49.190+0000] {taskinstance.py:2076} INFO - Dependencies all met for dep_context=requeueable deps ti=<TaskInstance: f1_data_pipeline_taskflow_with_kafka.wait_for_elt_dag scheduled__2024-06-09T00:00:00+00:00 [queued]>
[2024-06-10T13:07:49.191+0000] {taskinstance.py:2306} INFO - Starting attempt 1 of 1
[2024-06-10T13:07:49.204+0000] {taskinstance.py:2330} INFO - Executing <Task(ExternalTaskSensor): wait_for_elt_dag> on 2024-06-09 00:00:00+00:00
[2024-06-10T13:07:49.209+0000] {warnings.py:110} WARNING - /home/***/.local/lib/python3.12/site-packages/***/task/task_runner/standard_task_runner.py:61: DeprecationWarning: This process (pid=68) is multi-threaded, use of fork() may lead to deadlocks in the child.
  pid = os.fork()

[2024-06-10T13:07:49.211+0000] {standard_task_runner.py:63} INFO - Started process 72 to run task
[2024-06-10T13:07:49.211+0000] {standard_task_runner.py:90} INFO - Running: ['***', 'tasks', 'run', 'f1_data_pipeline_taskflow_with_kafka', 'wait_for_elt_dag', 'scheduled__2024-06-09T00:00:00+00:00', '--job-id', '6', '--raw', '--subdir', 'DAGS_FOLDER/kafkaProduce.py', '--cfg-path', '/tmp/tmp0alr35wi']
[2024-06-10T13:07:49.213+0000] {standard_task_runner.py:91} INFO - Job 6: Subtask wait_for_elt_dag
[2024-06-10T13:07:49.248+0000] {task_command.py:426} INFO - Running <TaskInstance: f1_data_pipeline_taskflow_with_kafka.wait_for_elt_dag scheduled__2024-06-09T00:00:00+00:00 [running]> on host 625f3a2113de
[2024-06-10T13:07:49.309+0000] {taskinstance.py:2648} INFO - Exporting env vars: AIRFLOW_CTX_DAG_OWNER='***' AIRFLOW_CTX_DAG_ID='f1_data_pipeline_taskflow_with_kafka' AIRFLOW_CTX_TASK_ID='wait_for_elt_dag' AIRFLOW_CTX_EXECUTION_DATE='2024-06-09T00:00:00+00:00' AIRFLOW_CTX_TRY_NUMBER='1' AIRFLOW_CTX_DAG_RUN_ID='scheduled__2024-06-09T00:00:00+00:00'
[2024-06-10T13:07:49.310+0000] {taskinstance.py:430} INFO - ::endgroup::
[2024-06-10T13:07:49.310+0000] {baseoperator.py:399} WARNING - ExternalTaskSensor.execute cannot be called outside TaskInstance!
[2024-06-10T13:07:49.310+0000] {external_task.py:258} INFO - Poking for tasks ['load_raceResults_task'] in dag f1_data_pipeline_taskflow on 2024-06-09T00:00:00+00:00 ... 
[2024-06-10T13:07:49.310+0000] {warnings.py:110} WARNING - /home/***/.local/lib/python3.12/site-packages/***/utils/session.py:79: DeprecationWarning: This method is deprecated and will be removed in future.
  return func(*args, session=session, **kwargs)

[2024-06-10T13:08:49.321+0000] {external_task.py:258} INFO - Poking for tasks ['load_raceResults_task'] in dag f1_data_pipeline_taskflow on 2024-06-09T00:00:00+00:00 ... 
[2024-06-10T13:08:49.337+0000] {base.py:294} INFO - Success criteria met. Exiting.
[2024-06-10T13:08:49.337+0000] {taskinstance.py:441} INFO - ::group::Post task execution logs
[2024-06-10T13:08:49.349+0000] {taskinstance.py:1206} INFO - Marking task as SUCCESS. dag_id=f1_data_pipeline_taskflow_with_kafka, task_id=wait_for_elt_dag, run_id=scheduled__2024-06-09T00:00:00+00:00, execution_date=20240609T000000, start_date=20240610T130749, end_date=20240610T130849
[2024-06-10T13:08:49.380+0000] {local_task_job_runner.py:240} INFO - Task exited with return code 0
[2024-06-10T13:08:49.410+0000] {taskinstance.py:3498} INFO - 3 downstream tasks scheduled from follow-on schedule check
[2024-06-10T13:08:49.412+0000] {local_task_job_runner.py:222} INFO - ::endgroup::
[2024-06-10T13:22:56.769+0000] {local_task_job_runner.py:120} INFO - ::group::Pre task execution logs
[2024-06-10T13:22:56.783+0000] {taskinstance.py:2076} INFO - Dependencies all met for dep_context=non-requeueable deps ti=<TaskInstance: f1_data_pipeline_taskflow_with_kafka.wait_for_elt_dag scheduled__2024-06-09T00:00:00+00:00 [queued]>
[2024-06-10T13:22:56.788+0000] {taskinstance.py:2076} INFO - Dependencies all met for dep_context=requeueable deps ti=<TaskInstance: f1_data_pipeline_taskflow_with_kafka.wait_for_elt_dag scheduled__2024-06-09T00:00:00+00:00 [queued]>
[2024-06-10T13:22:56.788+0000] {taskinstance.py:2306} INFO - Starting attempt 1 of 1
[2024-06-10T13:22:56.797+0000] {taskinstance.py:2330} INFO - Executing <Task(ExternalTaskSensor): wait_for_elt_dag> on 2024-06-09 00:00:00+00:00
[2024-06-10T13:22:56.801+0000] {warnings.py:110} WARNING - /home/***/.local/lib/python3.12/site-packages/***/task/task_runner/standard_task_runner.py:61: DeprecationWarning: This process (pid=63) is multi-threaded, use of fork() may lead to deadlocks in the child.
  pid = os.fork()

[2024-06-10T13:22:56.802+0000] {standard_task_runner.py:63} INFO - Started process 65 to run task
[2024-06-10T13:22:56.802+0000] {standard_task_runner.py:90} INFO - Running: ['***', 'tasks', 'run', 'f1_data_pipeline_taskflow_with_kafka', 'wait_for_elt_dag', 'scheduled__2024-06-09T00:00:00+00:00', '--job-id', '6', '--raw', '--subdir', 'DAGS_FOLDER/kafkaProduce.py', '--cfg-path', '/tmp/tmpe3aw2q9d']
[2024-06-10T13:22:56.804+0000] {standard_task_runner.py:91} INFO - Job 6: Subtask wait_for_elt_dag
[2024-06-10T13:22:56.839+0000] {task_command.py:426} INFO - Running <TaskInstance: f1_data_pipeline_taskflow_with_kafka.wait_for_elt_dag scheduled__2024-06-09T00:00:00+00:00 [running]> on host d102255c9fd1
[2024-06-10T13:22:56.901+0000] {taskinstance.py:2648} INFO - Exporting env vars: AIRFLOW_CTX_DAG_OWNER='***' AIRFLOW_CTX_DAG_ID='f1_data_pipeline_taskflow_with_kafka' AIRFLOW_CTX_TASK_ID='wait_for_elt_dag' AIRFLOW_CTX_EXECUTION_DATE='2024-06-09T00:00:00+00:00' AIRFLOW_CTX_TRY_NUMBER='1' AIRFLOW_CTX_DAG_RUN_ID='scheduled__2024-06-09T00:00:00+00:00'
[2024-06-10T13:22:56.902+0000] {taskinstance.py:430} INFO - ::endgroup::
[2024-06-10T13:22:56.902+0000] {baseoperator.py:399} WARNING - ExternalTaskSensor.execute cannot be called outside TaskInstance!
[2024-06-10T13:22:56.902+0000] {external_task.py:258} INFO - Poking for tasks ['load_raceResults_task'] in dag f1_data_pipeline_taskflow on 2024-06-09T00:00:00+00:00 ... 
[2024-06-10T13:22:56.903+0000] {warnings.py:110} WARNING - /home/***/.local/lib/python3.12/site-packages/***/utils/session.py:79: DeprecationWarning: This method is deprecated and will be removed in future.
  return func(*args, session=session, **kwargs)

[2024-06-10T13:23:56.944+0000] {external_task.py:258} INFO - Poking for tasks ['load_raceResults_task'] in dag f1_data_pipeline_taskflow on 2024-06-09T00:00:00+00:00 ... 
[2024-06-10T13:23:57.160+0000] {base.py:294} INFO - Success criteria met. Exiting.
[2024-06-10T13:23:57.164+0000] {taskinstance.py:441} INFO - ::group::Post task execution logs
[2024-06-10T13:23:57.300+0000] {taskinstance.py:1206} INFO - Marking task as SUCCESS. dag_id=f1_data_pipeline_taskflow_with_kafka, task_id=wait_for_elt_dag, run_id=scheduled__2024-06-09T00:00:00+00:00, execution_date=20240609T000000, start_date=20240610T132256, end_date=20240610T132357
[2024-06-10T13:23:57.384+0000] {local_task_job_runner.py:240} INFO - Task exited with return code 0
[2024-06-10T13:23:57.579+0000] {taskinstance.py:3498} INFO - 3 downstream tasks scheduled from follow-on schedule check
[2024-06-10T13:23:57.581+0000] {local_task_job_runner.py:222} INFO - ::endgroup::
[2024-06-10T13:35:15.552+0000] {local_task_job_runner.py:120} INFO - ::group::Pre task execution logs
[2024-06-10T13:35:15.567+0000] {taskinstance.py:2076} INFO - Dependencies all met for dep_context=non-requeueable deps ti=<TaskInstance: f1_data_pipeline_taskflow_with_kafka.wait_for_elt_dag scheduled__2024-06-09T00:00:00+00:00 [queued]>
[2024-06-10T13:35:15.571+0000] {taskinstance.py:2076} INFO - Dependencies all met for dep_context=requeueable deps ti=<TaskInstance: f1_data_pipeline_taskflow_with_kafka.wait_for_elt_dag scheduled__2024-06-09T00:00:00+00:00 [queued]>
[2024-06-10T13:35:15.571+0000] {taskinstance.py:2306} INFO - Starting attempt 1 of 1
[2024-06-10T13:35:15.579+0000] {taskinstance.py:2330} INFO - Executing <Task(ExternalTaskSensor): wait_for_elt_dag> on 2024-06-09 00:00:00+00:00
[2024-06-10T13:35:15.584+0000] {warnings.py:110} WARNING - /home/***/.local/lib/python3.12/site-packages/***/task/task_runner/standard_task_runner.py:61: DeprecationWarning: This process (pid=68) is multi-threaded, use of fork() may lead to deadlocks in the child.
  pid = os.fork()

[2024-06-10T13:35:15.585+0000] {standard_task_runner.py:63} INFO - Started process 72 to run task
[2024-06-10T13:35:15.584+0000] {standard_task_runner.py:90} INFO - Running: ['***', 'tasks', 'run', 'f1_data_pipeline_taskflow_with_kafka', 'wait_for_elt_dag', 'scheduled__2024-06-09T00:00:00+00:00', '--job-id', '6', '--raw', '--subdir', 'DAGS_FOLDER/kafkaProduce.py', '--cfg-path', '/tmp/tmpsg8z3cqo']
[2024-06-10T13:35:15.586+0000] {standard_task_runner.py:91} INFO - Job 6: Subtask wait_for_elt_dag
[2024-06-10T13:35:15.620+0000] {task_command.py:426} INFO - Running <TaskInstance: f1_data_pipeline_taskflow_with_kafka.wait_for_elt_dag scheduled__2024-06-09T00:00:00+00:00 [running]> on host 61e4f3dfec5c
[2024-06-10T13:35:15.680+0000] {taskinstance.py:2648} INFO - Exporting env vars: AIRFLOW_CTX_DAG_OWNER='***' AIRFLOW_CTX_DAG_ID='f1_data_pipeline_taskflow_with_kafka' AIRFLOW_CTX_TASK_ID='wait_for_elt_dag' AIRFLOW_CTX_EXECUTION_DATE='2024-06-09T00:00:00+00:00' AIRFLOW_CTX_TRY_NUMBER='1' AIRFLOW_CTX_DAG_RUN_ID='scheduled__2024-06-09T00:00:00+00:00'
[2024-06-10T13:35:15.681+0000] {taskinstance.py:430} INFO - ::endgroup::
[2024-06-10T13:35:15.681+0000] {baseoperator.py:399} WARNING - ExternalTaskSensor.execute cannot be called outside TaskInstance!
[2024-06-10T13:35:15.681+0000] {external_task.py:258} INFO - Poking for tasks ['load_raceResults_task'] in dag f1_data_pipeline_taskflow on 2024-06-09T00:00:00+00:00 ... 
[2024-06-10T13:35:15.681+0000] {warnings.py:110} WARNING - /home/***/.local/lib/python3.12/site-packages/***/utils/session.py:79: DeprecationWarning: This method is deprecated and will be removed in future.
  return func(*args, session=session, **kwargs)

[2024-06-10T13:36:15.691+0000] {external_task.py:258} INFO - Poking for tasks ['load_raceResults_task'] in dag f1_data_pipeline_taskflow on 2024-06-09T00:00:00+00:00 ... 
[2024-06-10T13:36:15.706+0000] {base.py:294} INFO - Success criteria met. Exiting.
[2024-06-10T13:36:15.706+0000] {taskinstance.py:441} INFO - ::group::Post task execution logs
[2024-06-10T13:36:15.718+0000] {taskinstance.py:1206} INFO - Marking task as SUCCESS. dag_id=f1_data_pipeline_taskflow_with_kafka, task_id=wait_for_elt_dag, run_id=scheduled__2024-06-09T00:00:00+00:00, execution_date=20240609T000000, start_date=20240610T133515, end_date=20240610T133615
[2024-06-10T13:36:15.757+0000] {local_task_job_runner.py:240} INFO - Task exited with return code 0
[2024-06-10T13:36:15.779+0000] {taskinstance.py:3498} INFO - 3 downstream tasks scheduled from follow-on schedule check
[2024-06-10T13:36:15.781+0000] {local_task_job_runner.py:222} INFO - ::endgroup::
[2024-06-10T13:42:42.879+0000] {local_task_job_runner.py:120} INFO - ::group::Pre task execution logs
[2024-06-10T13:42:42.893+0000] {taskinstance.py:2076} INFO - Dependencies all met for dep_context=non-requeueable deps ti=<TaskInstance: f1_data_pipeline_taskflow_with_kafka.wait_for_elt_dag scheduled__2024-06-09T00:00:00+00:00 [queued]>
[2024-06-10T13:42:42.898+0000] {taskinstance.py:2076} INFO - Dependencies all met for dep_context=requeueable deps ti=<TaskInstance: f1_data_pipeline_taskflow_with_kafka.wait_for_elt_dag scheduled__2024-06-09T00:00:00+00:00 [queued]>
[2024-06-10T13:42:42.898+0000] {taskinstance.py:2306} INFO - Starting attempt 1 of 1
[2024-06-10T13:42:42.907+0000] {taskinstance.py:2330} INFO - Executing <Task(ExternalTaskSensor): wait_for_elt_dag> on 2024-06-09 00:00:00+00:00
[2024-06-10T13:42:42.912+0000] {warnings.py:110} WARNING - /home/***/.local/lib/python3.12/site-packages/***/task/task_runner/standard_task_runner.py:61: DeprecationWarning: This process (pid=577) is multi-threaded, use of fork() may lead to deadlocks in the child.
  pid = os.fork()

[2024-06-10T13:42:42.913+0000] {standard_task_runner.py:63} INFO - Started process 579 to run task
[2024-06-10T13:42:42.914+0000] {standard_task_runner.py:90} INFO - Running: ['***', 'tasks', 'run', 'f1_data_pipeline_taskflow_with_kafka', 'wait_for_elt_dag', 'scheduled__2024-06-09T00:00:00+00:00', '--job-id', '32', '--raw', '--subdir', 'DAGS_FOLDER/kafkaProduce.py', '--cfg-path', '/tmp/tmp9trngg0e']
[2024-06-10T13:42:42.915+0000] {standard_task_runner.py:91} INFO - Job 32: Subtask wait_for_elt_dag
[2024-06-10T13:42:42.947+0000] {task_command.py:426} INFO - Running <TaskInstance: f1_data_pipeline_taskflow_with_kafka.wait_for_elt_dag scheduled__2024-06-09T00:00:00+00:00 [running]> on host 5feafd0b96fd
[2024-06-10T13:42:43.003+0000] {taskinstance.py:2648} INFO - Exporting env vars: AIRFLOW_CTX_DAG_OWNER='***' AIRFLOW_CTX_DAG_ID='f1_data_pipeline_taskflow_with_kafka' AIRFLOW_CTX_TASK_ID='wait_for_elt_dag' AIRFLOW_CTX_EXECUTION_DATE='2024-06-09T00:00:00+00:00' AIRFLOW_CTX_TRY_NUMBER='1' AIRFLOW_CTX_DAG_RUN_ID='scheduled__2024-06-09T00:00:00+00:00'
[2024-06-10T13:42:43.004+0000] {taskinstance.py:430} INFO - ::endgroup::
[2024-06-10T13:42:43.004+0000] {baseoperator.py:399} WARNING - ExternalTaskSensor.execute cannot be called outside TaskInstance!
[2024-06-10T13:42:43.004+0000] {external_task.py:258} INFO - Poking for tasks ['load_raceResults_task'] in dag f1_data_pipeline_taskflow on 2024-06-09T00:00:00+00:00 ... 
[2024-06-10T13:42:43.005+0000] {warnings.py:110} WARNING - /home/***/.local/lib/python3.12/site-packages/***/utils/session.py:79: DeprecationWarning: This method is deprecated and will be removed in future.
  return func(*args, session=session, **kwargs)

[2024-06-10T13:42:43.011+0000] {base.py:294} INFO - Success criteria met. Exiting.
[2024-06-10T13:42:43.011+0000] {taskinstance.py:441} INFO - ::group::Post task execution logs
[2024-06-10T13:42:43.017+0000] {taskinstance.py:1206} INFO - Marking task as SUCCESS. dag_id=f1_data_pipeline_taskflow_with_kafka, task_id=wait_for_elt_dag, run_id=scheduled__2024-06-09T00:00:00+00:00, execution_date=20240609T000000, start_date=20240610T134242, end_date=20240610T134243
[2024-06-10T13:42:43.046+0000] {local_task_job_runner.py:240} INFO - Task exited with return code 0
[2024-06-10T13:42:43.069+0000] {taskinstance.py:3498} INFO - 3 downstream tasks scheduled from follow-on schedule check
[2024-06-10T13:42:43.070+0000] {local_task_job_runner.py:222} INFO - ::endgroup::
[2024-06-10T13:50:44.584+0000] {local_task_job_runner.py:120} INFO - ::group::Pre task execution logs
[2024-06-10T13:50:44.597+0000] {taskinstance.py:2076} INFO - Dependencies all met for dep_context=non-requeueable deps ti=<TaskInstance: f1_data_pipeline_taskflow_with_kafka.wait_for_elt_dag scheduled__2024-06-09T00:00:00+00:00 [queued]>
[2024-06-10T13:50:44.601+0000] {taskinstance.py:2076} INFO - Dependencies all met for dep_context=requeueable deps ti=<TaskInstance: f1_data_pipeline_taskflow_with_kafka.wait_for_elt_dag scheduled__2024-06-09T00:00:00+00:00 [queued]>
[2024-06-10T13:50:44.602+0000] {taskinstance.py:2306} INFO - Starting attempt 1 of 1
[2024-06-10T13:50:44.610+0000] {taskinstance.py:2330} INFO - Executing <Task(ExternalTaskSensor): wait_for_elt_dag> on 2024-06-09 00:00:00+00:00
[2024-06-10T13:50:44.615+0000] {warnings.py:110} WARNING - /home/***/.local/lib/python3.12/site-packages/***/task/task_runner/standard_task_runner.py:61: DeprecationWarning: This process (pid=620) is multi-threaded, use of fork() may lead to deadlocks in the child.
  pid = os.fork()

[2024-06-10T13:50:44.616+0000] {standard_task_runner.py:63} INFO - Started process 622 to run task
[2024-06-10T13:50:44.616+0000] {standard_task_runner.py:90} INFO - Running: ['***', 'tasks', 'run', 'f1_data_pipeline_taskflow_with_kafka', 'wait_for_elt_dag', 'scheduled__2024-06-09T00:00:00+00:00', '--job-id', '32', '--raw', '--subdir', 'DAGS_FOLDER/kafkaProduce.py', '--cfg-path', '/tmp/tmpel3jafo0']
[2024-06-10T13:50:44.617+0000] {standard_task_runner.py:91} INFO - Job 32: Subtask wait_for_elt_dag
[2024-06-10T13:50:44.647+0000] {task_command.py:426} INFO - Running <TaskInstance: f1_data_pipeline_taskflow_with_kafka.wait_for_elt_dag scheduled__2024-06-09T00:00:00+00:00 [running]> on host 0d5d688e6061
[2024-06-10T13:50:44.701+0000] {taskinstance.py:2648} INFO - Exporting env vars: AIRFLOW_CTX_DAG_OWNER='***' AIRFLOW_CTX_DAG_ID='f1_data_pipeline_taskflow_with_kafka' AIRFLOW_CTX_TASK_ID='wait_for_elt_dag' AIRFLOW_CTX_EXECUTION_DATE='2024-06-09T00:00:00+00:00' AIRFLOW_CTX_TRY_NUMBER='1' AIRFLOW_CTX_DAG_RUN_ID='scheduled__2024-06-09T00:00:00+00:00'
[2024-06-10T13:50:44.702+0000] {taskinstance.py:430} INFO - ::endgroup::
[2024-06-10T13:50:44.702+0000] {baseoperator.py:399} WARNING - ExternalTaskSensor.execute cannot be called outside TaskInstance!
[2024-06-10T13:50:44.702+0000] {external_task.py:258} INFO - Poking for tasks ['load_raceResults_task'] in dag f1_data_pipeline_taskflow on 2024-06-09T00:00:00+00:00 ... 
[2024-06-10T13:50:44.703+0000] {warnings.py:110} WARNING - /home/***/.local/lib/python3.12/site-packages/***/utils/session.py:79: DeprecationWarning: This method is deprecated and will be removed in future.
  return func(*args, session=session, **kwargs)

[2024-06-10T13:50:44.709+0000] {base.py:294} INFO - Success criteria met. Exiting.
[2024-06-10T13:50:44.709+0000] {taskinstance.py:441} INFO - ::group::Post task execution logs
[2024-06-10T13:50:44.715+0000] {taskinstance.py:1206} INFO - Marking task as SUCCESS. dag_id=f1_data_pipeline_taskflow_with_kafka, task_id=wait_for_elt_dag, run_id=scheduled__2024-06-09T00:00:00+00:00, execution_date=20240609T000000, start_date=20240610T135044, end_date=20240610T135044
[2024-06-10T13:50:44.750+0000] {local_task_job_runner.py:240} INFO - Task exited with return code 0
[2024-06-10T13:50:44.770+0000] {taskinstance.py:3498} INFO - 3 downstream tasks scheduled from follow-on schedule check
[2024-06-10T13:50:44.771+0000] {local_task_job_runner.py:222} INFO - ::endgroup::
