[2024-06-07T08:42:45.402+0000] {local_task_job_runner.py:120} INFO - ::group::Pre task execution logs
[2024-06-07T08:42:45.419+0000] {taskinstance.py:2076} INFO - Dependencies all met for dep_context=non-requeueable deps ti=<TaskInstance: f1_data_pipeline_taskflow.raceStatusDim_transform scheduled__2024-06-06T00:00:00+00:00 [queued]>
[2024-06-07T08:42:45.426+0000] {taskinstance.py:2076} INFO - Dependencies all met for dep_context=requeueable deps ti=<TaskInstance: f1_data_pipeline_taskflow.raceStatusDim_transform scheduled__2024-06-06T00:00:00+00:00 [queued]>
[2024-06-07T08:42:45.427+0000] {taskinstance.py:2306} INFO - Starting attempt 1 of 1
[2024-06-07T08:42:45.440+0000] {taskinstance.py:2330} INFO - Executing <Task(_PythonDecoratedOperator): raceStatusDim_transform> on 2024-06-06 00:00:00+00:00
[2024-06-07T08:42:45.446+0000] {warnings.py:110} WARNING - /home/***/.local/lib/python3.12/site-packages/***/task/task_runner/standard_task_runner.py:61: DeprecationWarning: This process (pid=126) is multi-threaded, use of fork() may lead to deadlocks in the child.
  pid = os.fork()

[2024-06-07T08:42:45.447+0000] {standard_task_runner.py:63} INFO - Started process 143 to run task
[2024-06-07T08:42:45.448+0000] {standard_task_runner.py:90} INFO - Running: ['***', 'tasks', 'run', 'f1_data_pipeline_taskflow', 'raceStatusDim_transform', 'scheduled__2024-06-06T00:00:00+00:00', '--job-id', '49', '--raw', '--subdir', 'DAGS_FOLDER/etl_dag.py', '--cfg-path', '/tmp/tmpd32qr13t']
[2024-06-07T08:42:45.451+0000] {standard_task_runner.py:91} INFO - Job 49: Subtask raceStatusDim_transform
[2024-06-07T08:42:45.499+0000] {task_command.py:426} INFO - Running <TaskInstance: f1_data_pipeline_taskflow.raceStatusDim_transform scheduled__2024-06-06T00:00:00+00:00 [running]> on host 9459748fcbed
[2024-06-07T08:42:48.255+0000] {taskinstance.py:2648} INFO - Exporting env vars: AIRFLOW_CTX_DAG_OWNER='***' AIRFLOW_CTX_DAG_ID='f1_data_pipeline_taskflow' AIRFLOW_CTX_TASK_ID='raceStatusDim_transform' AIRFLOW_CTX_EXECUTION_DATE='2024-06-06T00:00:00+00:00' AIRFLOW_CTX_TRY_NUMBER='1' AIRFLOW_CTX_DAG_RUN_ID='scheduled__2024-06-06T00:00:00+00:00'
[2024-06-07T08:42:48.276+0000] {taskinstance.py:430} INFO - ::endgroup::
[2024-06-07T08:42:48.348+0000] {python.py:237} INFO - Done. Returned value was:         statusId        status
0              1      Finished
298258        43       Exhaust
298661         4     Collision
304122        11        +1 Lap
445393        29      Puncture
...          ...           ...
516480        24  Differential
516609        96      Excluded
516819        15       +5 Laps
517303       139       Illness
517350        14       +4 Laps

[65 rows x 2 columns]
[2024-06-07T08:42:48.355+0000] {taskinstance.py:441} INFO - ::group::Post task execution logs
[2024-06-07T08:42:48.390+0000] {taskinstance.py:1206} INFO - Marking task as SUCCESS. dag_id=f1_data_pipeline_taskflow, task_id=raceStatusDim_transform, run_id=scheduled__2024-06-06T00:00:00+00:00, execution_date=20240606T000000, start_date=20240607T084245, end_date=20240607T084248
[2024-06-07T08:42:48.476+0000] {local_task_job_runner.py:240} INFO - Task exited with return code 0
[2024-06-07T08:42:48.613+0000] {local_task_job_runner.py:222} INFO - ::endgroup::
[2024-06-07T10:22:40.883+0000] {local_task_job_runner.py:120} INFO - ::group::Pre task execution logs
[2024-06-07T10:22:40.907+0000] {taskinstance.py:2076} INFO - Dependencies all met for dep_context=non-requeueable deps ti=<TaskInstance: f1_data_pipeline_taskflow.raceStatusDim_transform scheduled__2024-06-06T00:00:00+00:00 [queued]>
[2024-06-07T10:22:40.916+0000] {taskinstance.py:2076} INFO - Dependencies all met for dep_context=requeueable deps ti=<TaskInstance: f1_data_pipeline_taskflow.raceStatusDim_transform scheduled__2024-06-06T00:00:00+00:00 [queued]>
[2024-06-07T10:22:40.916+0000] {taskinstance.py:2306} INFO - Starting attempt 1 of 1
[2024-06-07T10:22:40.928+0000] {taskinstance.py:2330} INFO - Executing <Task(_PythonDecoratedOperator): raceStatusDim_transform> on 2024-06-06 00:00:00+00:00
[2024-06-07T10:22:40.934+0000] {warnings.py:110} WARNING - /home/***/.local/lib/python3.12/site-packages/***/task/task_runner/standard_task_runner.py:61: DeprecationWarning: This process (pid=130) is multi-threaded, use of fork() may lead to deadlocks in the child.
  pid = os.fork()

[2024-06-07T10:22:40.935+0000] {standard_task_runner.py:63} INFO - Started process 148 to run task
[2024-06-07T10:22:40.935+0000] {standard_task_runner.py:90} INFO - Running: ['***', 'tasks', 'run', 'f1_data_pipeline_taskflow', 'raceStatusDim_transform', 'scheduled__2024-06-06T00:00:00+00:00', '--job-id', '8', '--raw', '--subdir', 'DAGS_FOLDER/etl_dag.py', '--cfg-path', '/tmp/tmp1atlhlkr']
[2024-06-07T10:22:40.937+0000] {standard_task_runner.py:91} INFO - Job 8: Subtask raceStatusDim_transform
[2024-06-07T10:22:40.979+0000] {task_command.py:426} INFO - Running <TaskInstance: f1_data_pipeline_taskflow.raceStatusDim_transform scheduled__2024-06-06T00:00:00+00:00 [running]> on host c52e0424619c
[2024-06-07T10:22:43.059+0000] {taskinstance.py:2648} INFO - Exporting env vars: AIRFLOW_CTX_DAG_OWNER='***' AIRFLOW_CTX_DAG_ID='f1_data_pipeline_taskflow' AIRFLOW_CTX_TASK_ID='raceStatusDim_transform' AIRFLOW_CTX_EXECUTION_DATE='2024-06-06T00:00:00+00:00' AIRFLOW_CTX_TRY_NUMBER='1' AIRFLOW_CTX_DAG_RUN_ID='scheduled__2024-06-06T00:00:00+00:00'
[2024-06-07T10:22:43.062+0000] {taskinstance.py:430} INFO - ::endgroup::
[2024-06-07T10:22:43.121+0000] {python.py:237} INFO - Done. Returned value was:         statusId        status
0              1      Finished
298258        43       Exhaust
298661         4     Collision
304122        11        +1 Lap
445393        29      Puncture
...          ...           ...
516480        24  Differential
516609        96      Excluded
516819        15       +5 Laps
517303       139       Illness
517350        14       +4 Laps

[65 rows x 2 columns]
[2024-06-07T10:22:43.130+0000] {taskinstance.py:441} INFO - ::group::Post task execution logs
[2024-06-07T10:22:43.223+0000] {taskinstance.py:1206} INFO - Marking task as SUCCESS. dag_id=f1_data_pipeline_taskflow, task_id=raceStatusDim_transform, run_id=scheduled__2024-06-06T00:00:00+00:00, execution_date=20240606T000000, start_date=20240607T102240, end_date=20240607T102243
[2024-06-07T10:22:43.286+0000] {local_task_job_runner.py:240} INFO - Task exited with return code 0
[2024-06-07T10:22:43.301+0000] {local_task_job_runner.py:222} INFO - ::endgroup::
[2024-06-07T10:29:10.747+0000] {local_task_job_runner.py:120} INFO - ::group::Pre task execution logs
[2024-06-07T10:29:10.767+0000] {taskinstance.py:2076} INFO - Dependencies all met for dep_context=non-requeueable deps ti=<TaskInstance: f1_data_pipeline_taskflow.raceStatusDim_transform scheduled__2024-06-06T00:00:00+00:00 [queued]>
[2024-06-07T10:29:10.775+0000] {taskinstance.py:2076} INFO - Dependencies all met for dep_context=requeueable deps ti=<TaskInstance: f1_data_pipeline_taskflow.raceStatusDim_transform scheduled__2024-06-06T00:00:00+00:00 [queued]>
[2024-06-07T10:29:10.776+0000] {taskinstance.py:2306} INFO - Starting attempt 1 of 1
[2024-06-07T10:29:10.787+0000] {taskinstance.py:2330} INFO - Executing <Task(_PythonDecoratedOperator): raceStatusDim_transform> on 2024-06-06 00:00:00+00:00
[2024-06-07T10:29:10.793+0000] {warnings.py:110} WARNING - /home/***/.local/lib/python3.12/site-packages/***/task/task_runner/standard_task_runner.py:61: DeprecationWarning: This process (pid=89) is multi-threaded, use of fork() may lead to deadlocks in the child.
  pid = os.fork()

[2024-06-07T10:29:10.795+0000] {standard_task_runner.py:63} INFO - Started process 108 to run task
[2024-06-07T10:29:10.795+0000] {standard_task_runner.py:90} INFO - Running: ['***', 'tasks', 'run', 'f1_data_pipeline_taskflow', 'raceStatusDim_transform', 'scheduled__2024-06-06T00:00:00+00:00', '--job-id', '7', '--raw', '--subdir', 'DAGS_FOLDER/etl_dag.py', '--cfg-path', '/tmp/tmpbfq6n8l3']
[2024-06-07T10:29:10.796+0000] {standard_task_runner.py:91} INFO - Job 7: Subtask raceStatusDim_transform
[2024-06-07T10:29:10.838+0000] {task_command.py:426} INFO - Running <TaskInstance: f1_data_pipeline_taskflow.raceStatusDim_transform scheduled__2024-06-06T00:00:00+00:00 [running]> on host 560daa7ebc6f
[2024-06-07T10:29:12.966+0000] {taskinstance.py:2648} INFO - Exporting env vars: AIRFLOW_CTX_DAG_OWNER='***' AIRFLOW_CTX_DAG_ID='f1_data_pipeline_taskflow' AIRFLOW_CTX_TASK_ID='raceStatusDim_transform' AIRFLOW_CTX_EXECUTION_DATE='2024-06-06T00:00:00+00:00' AIRFLOW_CTX_TRY_NUMBER='1' AIRFLOW_CTX_DAG_RUN_ID='scheduled__2024-06-06T00:00:00+00:00'
[2024-06-07T10:29:12.968+0000] {taskinstance.py:430} INFO - ::endgroup::
[2024-06-07T10:29:13.018+0000] {python.py:237} INFO - Done. Returned value was:         statusId        status
0              1      Finished
298258        43       Exhaust
298661         4     Collision
304122        11        +1 Lap
445393        29      Puncture
...          ...           ...
516480        24  Differential
516609        96      Excluded
516819        15       +5 Laps
517303       139       Illness
517350        14       +4 Laps

[65 rows x 2 columns]
[2024-06-07T10:29:13.023+0000] {taskinstance.py:441} INFO - ::group::Post task execution logs
[2024-06-07T10:29:13.085+0000] {taskinstance.py:1206} INFO - Marking task as SUCCESS. dag_id=f1_data_pipeline_taskflow, task_id=raceStatusDim_transform, run_id=scheduled__2024-06-06T00:00:00+00:00, execution_date=20240606T000000, start_date=20240607T102910, end_date=20240607T102913
[2024-06-07T10:29:13.151+0000] {local_task_job_runner.py:240} INFO - Task exited with return code 0
[2024-06-07T10:29:13.181+0000] {taskinstance.py:3498} INFO - 2 downstream tasks scheduled from follow-on schedule check
[2024-06-07T10:29:13.183+0000] {local_task_job_runner.py:222} INFO - ::endgroup::
[2024-06-07T10:54:46.717+0000] {local_task_job_runner.py:120} INFO - ::group::Pre task execution logs
[2024-06-07T10:54:46.740+0000] {taskinstance.py:2076} INFO - Dependencies all met for dep_context=non-requeueable deps ti=<TaskInstance: f1_data_pipeline_taskflow.raceStatusDim_transform scheduled__2024-06-06T00:00:00+00:00 [queued]>
[2024-06-07T10:54:46.749+0000] {taskinstance.py:2076} INFO - Dependencies all met for dep_context=requeueable deps ti=<TaskInstance: f1_data_pipeline_taskflow.raceStatusDim_transform scheduled__2024-06-06T00:00:00+00:00 [queued]>
[2024-06-07T10:54:46.749+0000] {taskinstance.py:2306} INFO - Starting attempt 1 of 1
[2024-06-07T10:54:46.763+0000] {taskinstance.py:2330} INFO - Executing <Task(_PythonDecoratedOperator): raceStatusDim_transform> on 2024-06-06 00:00:00+00:00
[2024-06-07T10:54:46.770+0000] {warnings.py:110} WARNING - /home/***/.local/lib/python3.12/site-packages/***/task/task_runner/standard_task_runner.py:61: DeprecationWarning: This process (pid=224) is multi-threaded, use of fork() may lead to deadlocks in the child.
  pid = os.fork()

[2024-06-07T10:54:46.771+0000] {standard_task_runner.py:63} INFO - Started process 246 to run task
[2024-06-07T10:54:46.771+0000] {standard_task_runner.py:90} INFO - Running: ['***', 'tasks', 'run', 'f1_data_pipeline_taskflow', 'raceStatusDim_transform', 'scheduled__2024-06-06T00:00:00+00:00', '--job-id', '13', '--raw', '--subdir', 'DAGS_FOLDER/etl_dag.py', '--cfg-path', '/tmp/tmpq6nhh8q6']
[2024-06-07T10:54:46.774+0000] {standard_task_runner.py:91} INFO - Job 13: Subtask raceStatusDim_transform
[2024-06-07T10:54:46.831+0000] {task_command.py:426} INFO - Running <TaskInstance: f1_data_pipeline_taskflow.raceStatusDim_transform scheduled__2024-06-06T00:00:00+00:00 [running]> on host 511ae3a85ee7
[2024-06-07T10:54:49.021+0000] {taskinstance.py:2648} INFO - Exporting env vars: AIRFLOW_CTX_DAG_OWNER='***' AIRFLOW_CTX_DAG_ID='f1_data_pipeline_taskflow' AIRFLOW_CTX_TASK_ID='raceStatusDim_transform' AIRFLOW_CTX_EXECUTION_DATE='2024-06-06T00:00:00+00:00' AIRFLOW_CTX_TRY_NUMBER='1' AIRFLOW_CTX_DAG_RUN_ID='scheduled__2024-06-06T00:00:00+00:00'
[2024-06-07T10:54:49.024+0000] {taskinstance.py:430} INFO - ::endgroup::
[2024-06-07T10:54:49.089+0000] {python.py:237} INFO - Done. Returned value was:         statusId        status
0              1      Finished
298258        43       Exhaust
298661         4     Collision
304122        11        +1 Lap
445393        29      Puncture
...          ...           ...
516480        24  Differential
516609        96      Excluded
516819        15       +5 Laps
517303       139       Illness
517350        14       +4 Laps

[65 rows x 2 columns]
[2024-06-07T10:54:49.097+0000] {taskinstance.py:441} INFO - ::group::Post task execution logs
[2024-06-07T10:54:49.122+0000] {taskinstance.py:1206} INFO - Marking task as SUCCESS. dag_id=f1_data_pipeline_taskflow, task_id=raceStatusDim_transform, run_id=scheduled__2024-06-06T00:00:00+00:00, execution_date=20240606T000000, start_date=20240607T105446, end_date=20240607T105449
[2024-06-07T10:54:49.197+0000] {local_task_job_runner.py:240} INFO - Task exited with return code 0
[2024-06-07T10:54:49.207+0000] {local_task_job_runner.py:222} INFO - ::endgroup::
[2024-06-07T11:04:15.873+0000] {local_task_job_runner.py:120} INFO - ::group::Pre task execution logs
[2024-06-07T11:04:15.892+0000] {taskinstance.py:2076} INFO - Dependencies all met for dep_context=non-requeueable deps ti=<TaskInstance: f1_data_pipeline_taskflow.raceStatusDim_transform scheduled__2024-06-06T00:00:00+00:00 [queued]>
[2024-06-07T11:04:15.899+0000] {taskinstance.py:2076} INFO - Dependencies all met for dep_context=requeueable deps ti=<TaskInstance: f1_data_pipeline_taskflow.raceStatusDim_transform scheduled__2024-06-06T00:00:00+00:00 [queued]>
[2024-06-07T11:04:15.899+0000] {taskinstance.py:2306} INFO - Starting attempt 1 of 1
[2024-06-07T11:04:15.912+0000] {taskinstance.py:2330} INFO - Executing <Task(_PythonDecoratedOperator): raceStatusDim_transform> on 2024-06-06 00:00:00+00:00
[2024-06-07T11:04:15.917+0000] {warnings.py:110} WARNING - /home/***/.local/lib/python3.12/site-packages/***/task/task_runner/standard_task_runner.py:61: DeprecationWarning: This process (pid=102) is multi-threaded, use of fork() may lead to deadlocks in the child.
  pid = os.fork()

[2024-06-07T11:04:15.918+0000] {standard_task_runner.py:63} INFO - Started process 125 to run task
[2024-06-07T11:04:15.919+0000] {standard_task_runner.py:90} INFO - Running: ['***', 'tasks', 'run', 'f1_data_pipeline_taskflow', 'raceStatusDim_transform', 'scheduled__2024-06-06T00:00:00+00:00', '--job-id', '11', '--raw', '--subdir', 'DAGS_FOLDER/etl_dag.py', '--cfg-path', '/tmp/tmp6_g1vh3d']
[2024-06-07T11:04:15.921+0000] {standard_task_runner.py:91} INFO - Job 11: Subtask raceStatusDim_transform
[2024-06-07T11:04:15.974+0000] {task_command.py:426} INFO - Running <TaskInstance: f1_data_pipeline_taskflow.raceStatusDim_transform scheduled__2024-06-06T00:00:00+00:00 [running]> on host 56deb138ba11
[2024-06-07T11:04:18.184+0000] {taskinstance.py:2648} INFO - Exporting env vars: AIRFLOW_CTX_DAG_OWNER='***' AIRFLOW_CTX_DAG_ID='f1_data_pipeline_taskflow' AIRFLOW_CTX_TASK_ID='raceStatusDim_transform' AIRFLOW_CTX_EXECUTION_DATE='2024-06-06T00:00:00+00:00' AIRFLOW_CTX_TRY_NUMBER='1' AIRFLOW_CTX_DAG_RUN_ID='scheduled__2024-06-06T00:00:00+00:00'
[2024-06-07T11:04:18.185+0000] {taskinstance.py:430} INFO - ::endgroup::
[2024-06-07T11:04:18.235+0000] {python.py:237} INFO - Done. Returned value was:         statusId        status
0              1      Finished
298258        43       Exhaust
298661         4     Collision
304122        11        +1 Lap
445393        29      Puncture
...          ...           ...
516480        24  Differential
516609        96      Excluded
516819        15       +5 Laps
517303       139       Illness
517350        14       +4 Laps

[65 rows x 2 columns]
[2024-06-07T11:04:18.243+0000] {taskinstance.py:441} INFO - ::group::Post task execution logs
[2024-06-07T11:04:18.266+0000] {taskinstance.py:1206} INFO - Marking task as SUCCESS. dag_id=f1_data_pipeline_taskflow, task_id=raceStatusDim_transform, run_id=scheduled__2024-06-06T00:00:00+00:00, execution_date=20240606T000000, start_date=20240607T110415, end_date=20240607T110418
[2024-06-07T11:04:18.305+0000] {local_task_job_runner.py:240} INFO - Task exited with return code 0
[2024-06-07T11:04:18.335+0000] {taskinstance.py:3498} INFO - 2 downstream tasks scheduled from follow-on schedule check
[2024-06-07T11:04:18.341+0000] {local_task_job_runner.py:222} INFO - ::endgroup::
[2024-06-07T11:15:00.166+0000] {local_task_job_runner.py:120} INFO - ::group::Pre task execution logs
[2024-06-07T11:15:00.185+0000] {taskinstance.py:2076} INFO - Dependencies all met for dep_context=non-requeueable deps ti=<TaskInstance: f1_data_pipeline_taskflow.raceStatusDim_transform scheduled__2024-06-06T00:00:00+00:00 [queued]>
[2024-06-07T11:15:00.193+0000] {taskinstance.py:2076} INFO - Dependencies all met for dep_context=requeueable deps ti=<TaskInstance: f1_data_pipeline_taskflow.raceStatusDim_transform scheduled__2024-06-06T00:00:00+00:00 [queued]>
[2024-06-07T11:15:00.193+0000] {taskinstance.py:2306} INFO - Starting attempt 1 of 1
[2024-06-07T11:15:00.205+0000] {taskinstance.py:2330} INFO - Executing <Task(_PythonDecoratedOperator): raceStatusDim_transform> on 2024-06-06 00:00:00+00:00
[2024-06-07T11:15:00.211+0000] {warnings.py:110} WARNING - /home/***/.local/lib/python3.12/site-packages/***/task/task_runner/standard_task_runner.py:61: DeprecationWarning: This process (pid=136) is multi-threaded, use of fork() may lead to deadlocks in the child.
  pid = os.fork()

[2024-06-07T11:15:00.212+0000] {standard_task_runner.py:63} INFO - Started process 154 to run task
[2024-06-07T11:15:00.213+0000] {standard_task_runner.py:90} INFO - Running: ['***', 'tasks', 'run', 'f1_data_pipeline_taskflow', 'raceStatusDim_transform', 'scheduled__2024-06-06T00:00:00+00:00', '--job-id', '14', '--raw', '--subdir', 'DAGS_FOLDER/etl_dag.py', '--cfg-path', '/tmp/tmpw3e8l_yn']
[2024-06-07T11:15:00.214+0000] {standard_task_runner.py:91} INFO - Job 14: Subtask raceStatusDim_transform
[2024-06-07T11:15:00.260+0000] {task_command.py:426} INFO - Running <TaskInstance: f1_data_pipeline_taskflow.raceStatusDim_transform scheduled__2024-06-06T00:00:00+00:00 [running]> on host bdba731e3ece
[2024-06-07T11:15:02.466+0000] {taskinstance.py:2648} INFO - Exporting env vars: AIRFLOW_CTX_DAG_OWNER='***' AIRFLOW_CTX_DAG_ID='f1_data_pipeline_taskflow' AIRFLOW_CTX_TASK_ID='raceStatusDim_transform' AIRFLOW_CTX_EXECUTION_DATE='2024-06-06T00:00:00+00:00' AIRFLOW_CTX_TRY_NUMBER='1' AIRFLOW_CTX_DAG_RUN_ID='scheduled__2024-06-06T00:00:00+00:00'
[2024-06-07T11:15:02.471+0000] {taskinstance.py:430} INFO - ::endgroup::
[2024-06-07T11:15:02.529+0000] {python.py:237} INFO - Done. Returned value was:         statusId        status
0              1      Finished
298258        43       Exhaust
298661         4     Collision
304122        11        +1 Lap
445393        29      Puncture
...          ...           ...
516480        24  Differential
516609        96      Excluded
516819        15       +5 Laps
517303       139       Illness
517350        14       +4 Laps

[65 rows x 2 columns]
[2024-06-07T11:15:02.536+0000] {taskinstance.py:441} INFO - ::group::Post task execution logs
[2024-06-07T11:15:02.566+0000] {taskinstance.py:1206} INFO - Marking task as SUCCESS. dag_id=f1_data_pipeline_taskflow, task_id=raceStatusDim_transform, run_id=scheduled__2024-06-06T00:00:00+00:00, execution_date=20240606T000000, start_date=20240607T111500, end_date=20240607T111502
[2024-06-07T11:15:02.645+0000] {local_task_job_runner.py:240} INFO - Task exited with return code 0
[2024-06-07T11:15:02.654+0000] {local_task_job_runner.py:222} INFO - ::endgroup::
[2024-06-07T12:30:51.399+0000] {local_task_job_runner.py:120} INFO - ::group::Pre task execution logs
[2024-06-07T12:30:51.420+0000] {taskinstance.py:2076} INFO - Dependencies all met for dep_context=non-requeueable deps ti=<TaskInstance: f1_data_pipeline_taskflow.raceStatusDim_transform scheduled__2024-06-06T00:00:00+00:00 [queued]>
[2024-06-07T12:30:51.428+0000] {taskinstance.py:2076} INFO - Dependencies all met for dep_context=requeueable deps ti=<TaskInstance: f1_data_pipeline_taskflow.raceStatusDim_transform scheduled__2024-06-06T00:00:00+00:00 [queued]>
[2024-06-07T12:30:51.428+0000] {taskinstance.py:2306} INFO - Starting attempt 1 of 1
[2024-06-07T12:30:51.440+0000] {taskinstance.py:2330} INFO - Executing <Task(_PythonDecoratedOperator): raceStatusDim_transform> on 2024-06-06 00:00:00+00:00
[2024-06-07T12:30:51.445+0000] {warnings.py:110} WARNING - /home/***/.local/lib/python3.12/site-packages/***/task/task_runner/standard_task_runner.py:61: DeprecationWarning: This process (pid=94) is multi-threaded, use of fork() may lead to deadlocks in the child.
  pid = os.fork()

[2024-06-07T12:30:51.446+0000] {standard_task_runner.py:63} INFO - Started process 110 to run task
[2024-06-07T12:30:51.447+0000] {standard_task_runner.py:90} INFO - Running: ['***', 'tasks', 'run', 'f1_data_pipeline_taskflow', 'raceStatusDim_transform', 'scheduled__2024-06-06T00:00:00+00:00', '--job-id', '10', '--raw', '--subdir', 'DAGS_FOLDER/etl_dag.py', '--cfg-path', '/tmp/tmpmzk32cpe']
[2024-06-07T12:30:51.448+0000] {standard_task_runner.py:91} INFO - Job 10: Subtask raceStatusDim_transform
[2024-06-07T12:30:51.494+0000] {task_command.py:426} INFO - Running <TaskInstance: f1_data_pipeline_taskflow.raceStatusDim_transform scheduled__2024-06-06T00:00:00+00:00 [running]> on host 5a6477355f45
[2024-06-07T12:30:53.925+0000] {taskinstance.py:2648} INFO - Exporting env vars: AIRFLOW_CTX_DAG_OWNER='***' AIRFLOW_CTX_DAG_ID='f1_data_pipeline_taskflow' AIRFLOW_CTX_TASK_ID='raceStatusDim_transform' AIRFLOW_CTX_EXECUTION_DATE='2024-06-06T00:00:00+00:00' AIRFLOW_CTX_TRY_NUMBER='1' AIRFLOW_CTX_DAG_RUN_ID='scheduled__2024-06-06T00:00:00+00:00'
[2024-06-07T12:30:53.927+0000] {taskinstance.py:430} INFO - ::endgroup::
[2024-06-07T12:30:53.981+0000] {python.py:237} INFO - Done. Returned value was:         statusId        status
0              1      Finished
298258        43       Exhaust
298661         4     Collision
304122        11        +1 Lap
445393        29      Puncture
...          ...           ...
516480        24  Differential
516609        96      Excluded
516819        15       +5 Laps
517303       139       Illness
517350        14       +4 Laps

[65 rows x 2 columns]
[2024-06-07T12:30:53.987+0000] {taskinstance.py:441} INFO - ::group::Post task execution logs
[2024-06-07T12:30:54.011+0000] {taskinstance.py:1206} INFO - Marking task as SUCCESS. dag_id=f1_data_pipeline_taskflow, task_id=raceStatusDim_transform, run_id=scheduled__2024-06-06T00:00:00+00:00, execution_date=20240606T000000, start_date=20240607T123051, end_date=20240607T123054
[2024-06-07T12:30:54.070+0000] {local_task_job_runner.py:240} INFO - Task exited with return code 0
[2024-06-07T12:30:54.100+0000] {taskinstance.py:3498} INFO - 2 downstream tasks scheduled from follow-on schedule check
[2024-06-07T12:30:54.102+0000] {local_task_job_runner.py:222} INFO - ::endgroup::
[2024-06-07T13:02:10.218+0000] {local_task_job_runner.py:120} INFO - ::group::Pre task execution logs
[2024-06-07T13:02:10.236+0000] {taskinstance.py:2076} INFO - Dependencies all met for dep_context=non-requeueable deps ti=<TaskInstance: f1_data_pipeline_taskflow.raceStatusDim_transform scheduled__2024-06-06T00:00:00+00:00 [queued]>
[2024-06-07T13:02:10.244+0000] {taskinstance.py:2076} INFO - Dependencies all met for dep_context=requeueable deps ti=<TaskInstance: f1_data_pipeline_taskflow.raceStatusDim_transform scheduled__2024-06-06T00:00:00+00:00 [queued]>
[2024-06-07T13:02:10.244+0000] {taskinstance.py:2306} INFO - Starting attempt 1 of 1
[2024-06-07T13:02:10.257+0000] {taskinstance.py:2330} INFO - Executing <Task(_PythonDecoratedOperator): raceStatusDim_transform> on 2024-06-06 00:00:00+00:00
[2024-06-07T13:02:10.264+0000] {warnings.py:110} WARNING - /home/***/.local/lib/python3.12/site-packages/***/task/task_runner/standard_task_runner.py:61: DeprecationWarning: This process (pid=94) is multi-threaded, use of fork() may lead to deadlocks in the child.
  pid = os.fork()

[2024-06-07T13:02:10.265+0000] {standard_task_runner.py:63} INFO - Started process 116 to run task
[2024-06-07T13:02:10.266+0000] {standard_task_runner.py:90} INFO - Running: ['***', 'tasks', 'run', 'f1_data_pipeline_taskflow', 'raceStatusDim_transform', 'scheduled__2024-06-06T00:00:00+00:00', '--job-id', '11', '--raw', '--subdir', 'DAGS_FOLDER/etl_dag.py', '--cfg-path', '/tmp/tmpooyauqm4']
[2024-06-07T13:02:10.267+0000] {standard_task_runner.py:91} INFO - Job 11: Subtask raceStatusDim_transform
[2024-06-07T13:02:10.314+0000] {task_command.py:426} INFO - Running <TaskInstance: f1_data_pipeline_taskflow.raceStatusDim_transform scheduled__2024-06-06T00:00:00+00:00 [running]> on host f698bc001b17
[2024-06-07T13:02:12.598+0000] {taskinstance.py:2648} INFO - Exporting env vars: AIRFLOW_CTX_DAG_OWNER='***' AIRFLOW_CTX_DAG_ID='f1_data_pipeline_taskflow' AIRFLOW_CTX_TASK_ID='raceStatusDim_transform' AIRFLOW_CTX_EXECUTION_DATE='2024-06-06T00:00:00+00:00' AIRFLOW_CTX_TRY_NUMBER='1' AIRFLOW_CTX_DAG_RUN_ID='scheduled__2024-06-06T00:00:00+00:00'
[2024-06-07T13:02:12.599+0000] {taskinstance.py:430} INFO - ::endgroup::
[2024-06-07T13:02:12.671+0000] {python.py:237} INFO - Done. Returned value was:         statusId        status
0              1      Finished
298258        43       Exhaust
298661         4     Collision
304122        11        +1 Lap
445393        29      Puncture
...          ...           ...
516480        24  Differential
516609        96      Excluded
516819        15       +5 Laps
517303       139       Illness
517350        14       +4 Laps

[65 rows x 2 columns]
[2024-06-07T13:02:12.677+0000] {taskinstance.py:441} INFO - ::group::Post task execution logs
[2024-06-07T13:02:12.705+0000] {taskinstance.py:1206} INFO - Marking task as SUCCESS. dag_id=f1_data_pipeline_taskflow, task_id=raceStatusDim_transform, run_id=scheduled__2024-06-06T00:00:00+00:00, execution_date=20240606T000000, start_date=20240607T130210, end_date=20240607T130212
[2024-06-07T13:02:12.765+0000] {local_task_job_runner.py:240} INFO - Task exited with return code 0
[2024-06-07T13:02:12.793+0000] {taskinstance.py:3498} INFO - 2 downstream tasks scheduled from follow-on schedule check
[2024-06-07T13:02:12.794+0000] {local_task_job_runner.py:222} INFO - ::endgroup::
[2024-06-07T13:10:36.881+0000] {local_task_job_runner.py:120} INFO - ::group::Pre task execution logs
[2024-06-07T13:10:36.901+0000] {taskinstance.py:2076} INFO - Dependencies all met for dep_context=non-requeueable deps ti=<TaskInstance: f1_data_pipeline_taskflow.raceStatusDim_transform scheduled__2024-06-06T00:00:00+00:00 [queued]>
[2024-06-07T13:10:36.910+0000] {taskinstance.py:2076} INFO - Dependencies all met for dep_context=requeueable deps ti=<TaskInstance: f1_data_pipeline_taskflow.raceStatusDim_transform scheduled__2024-06-06T00:00:00+00:00 [queued]>
[2024-06-07T13:10:36.910+0000] {taskinstance.py:2306} INFO - Starting attempt 1 of 1
[2024-06-07T13:10:36.922+0000] {taskinstance.py:2330} INFO - Executing <Task(_PythonDecoratedOperator): raceStatusDim_transform> on 2024-06-06 00:00:00+00:00
[2024-06-07T13:10:36.928+0000] {warnings.py:110} WARNING - /home/***/.local/lib/python3.12/site-packages/***/task/task_runner/standard_task_runner.py:61: DeprecationWarning: This process (pid=94) is multi-threaded, use of fork() may lead to deadlocks in the child.
  pid = os.fork()

[2024-06-07T13:10:36.930+0000] {standard_task_runner.py:63} INFO - Started process 112 to run task
[2024-06-07T13:10:36.929+0000] {standard_task_runner.py:90} INFO - Running: ['***', 'tasks', 'run', 'f1_data_pipeline_taskflow', 'raceStatusDim_transform', 'scheduled__2024-06-06T00:00:00+00:00', '--job-id', '13', '--raw', '--subdir', 'DAGS_FOLDER/etl_dag.py', '--cfg-path', '/tmp/tmppb_r7m_l']
[2024-06-07T13:10:36.931+0000] {standard_task_runner.py:91} INFO - Job 13: Subtask raceStatusDim_transform
[2024-06-07T13:10:36.986+0000] {task_command.py:426} INFO - Running <TaskInstance: f1_data_pipeline_taskflow.raceStatusDim_transform scheduled__2024-06-06T00:00:00+00:00 [running]> on host 5220b11abc3b
[2024-06-07T13:10:39.286+0000] {taskinstance.py:2648} INFO - Exporting env vars: AIRFLOW_CTX_DAG_OWNER='***' AIRFLOW_CTX_DAG_ID='f1_data_pipeline_taskflow' AIRFLOW_CTX_TASK_ID='raceStatusDim_transform' AIRFLOW_CTX_EXECUTION_DATE='2024-06-06T00:00:00+00:00' AIRFLOW_CTX_TRY_NUMBER='1' AIRFLOW_CTX_DAG_RUN_ID='scheduled__2024-06-06T00:00:00+00:00'
[2024-06-07T13:10:39.287+0000] {taskinstance.py:430} INFO - ::endgroup::
[2024-06-07T13:10:39.344+0000] {python.py:237} INFO - Done. Returned value was:         statusId        status
0              1      Finished
298258        43       Exhaust
298661         4     Collision
304122        11        +1 Lap
445393        29      Puncture
...          ...           ...
516480        24  Differential
516609        96      Excluded
516819        15       +5 Laps
517303       139       Illness
517350        14       +4 Laps

[65 rows x 2 columns]
[2024-06-07T13:10:39.350+0000] {taskinstance.py:441} INFO - ::group::Post task execution logs
[2024-06-07T13:10:39.381+0000] {taskinstance.py:1206} INFO - Marking task as SUCCESS. dag_id=f1_data_pipeline_taskflow, task_id=raceStatusDim_transform, run_id=scheduled__2024-06-06T00:00:00+00:00, execution_date=20240606T000000, start_date=20240607T131036, end_date=20240607T131039
[2024-06-07T13:10:39.467+0000] {local_task_job_runner.py:240} INFO - Task exited with return code 0
[2024-06-07T13:10:39.504+0000] {taskinstance.py:3498} INFO - 2 downstream tasks scheduled from follow-on schedule check
[2024-06-07T13:10:39.506+0000] {local_task_job_runner.py:222} INFO - ::endgroup::
[2024-06-07T14:13:47.700+0000] {local_task_job_runner.py:120} INFO - ::group::Pre task execution logs
[2024-06-07T14:13:47.722+0000] {taskinstance.py:2076} INFO - Dependencies all met for dep_context=non-requeueable deps ti=<TaskInstance: f1_data_pipeline_taskflow.raceStatusDim_transform scheduled__2024-06-06T00:00:00+00:00 [queued]>
[2024-06-07T14:13:47.730+0000] {taskinstance.py:2076} INFO - Dependencies all met for dep_context=requeueable deps ti=<TaskInstance: f1_data_pipeline_taskflow.raceStatusDim_transform scheduled__2024-06-06T00:00:00+00:00 [queued]>
[2024-06-07T14:13:47.730+0000] {taskinstance.py:2306} INFO - Starting attempt 1 of 1
[2024-06-07T14:13:47.743+0000] {taskinstance.py:2330} INFO - Executing <Task(_PythonDecoratedOperator): raceStatusDim_transform> on 2024-06-06 00:00:00+00:00
[2024-06-07T14:13:47.749+0000] {warnings.py:110} WARNING - /home/***/.local/lib/python3.12/site-packages/***/task/task_runner/standard_task_runner.py:61: DeprecationWarning: This process (pid=98) is multi-threaded, use of fork() may lead to deadlocks in the child.
  pid = os.fork()

[2024-06-07T14:13:47.750+0000] {standard_task_runner.py:63} INFO - Started process 115 to run task
[2024-06-07T14:13:47.750+0000] {standard_task_runner.py:90} INFO - Running: ['***', 'tasks', 'run', 'f1_data_pipeline_taskflow', 'raceStatusDim_transform', 'scheduled__2024-06-06T00:00:00+00:00', '--job-id', '8', '--raw', '--subdir', 'DAGS_FOLDER/etl_dag.py', '--cfg-path', '/tmp/tmpmr7e_ncd']
[2024-06-07T14:13:47.752+0000] {standard_task_runner.py:91} INFO - Job 8: Subtask raceStatusDim_transform
[2024-06-07T14:13:47.799+0000] {task_command.py:426} INFO - Running <TaskInstance: f1_data_pipeline_taskflow.raceStatusDim_transform scheduled__2024-06-06T00:00:00+00:00 [running]> on host 21a09bc8bac4
[2024-06-07T14:13:49.864+0000] {taskinstance.py:2648} INFO - Exporting env vars: AIRFLOW_CTX_DAG_OWNER='***' AIRFLOW_CTX_DAG_ID='f1_data_pipeline_taskflow' AIRFLOW_CTX_TASK_ID='raceStatusDim_transform' AIRFLOW_CTX_EXECUTION_DATE='2024-06-06T00:00:00+00:00' AIRFLOW_CTX_TRY_NUMBER='1' AIRFLOW_CTX_DAG_RUN_ID='scheduled__2024-06-06T00:00:00+00:00'
[2024-06-07T14:13:49.884+0000] {taskinstance.py:430} INFO - ::endgroup::
[2024-06-07T14:13:49.983+0000] {python.py:237} INFO - Done. Returned value was:         statusId        status
0              1      Finished
298258        43       Exhaust
298661         4     Collision
304122        11        +1 Lap
445393        29      Puncture
...          ...           ...
516480        24  Differential
516609        96      Excluded
516819        15       +5 Laps
517303       139       Illness
517350        14       +4 Laps

[65 rows x 2 columns]
[2024-06-07T14:13:49.995+0000] {taskinstance.py:441} INFO - ::group::Post task execution logs
[2024-06-07T14:13:50.143+0000] {taskinstance.py:1206} INFO - Marking task as SUCCESS. dag_id=f1_data_pipeline_taskflow, task_id=raceStatusDim_transform, run_id=scheduled__2024-06-06T00:00:00+00:00, execution_date=20240606T000000, start_date=20240607T141347, end_date=20240607T141350
[2024-06-07T14:13:50.193+0000] {local_task_job_runner.py:240} INFO - Task exited with return code 0
[2024-06-07T14:13:50.236+0000] {taskinstance.py:3498} INFO - 2 downstream tasks scheduled from follow-on schedule check
[2024-06-07T14:13:50.238+0000] {local_task_job_runner.py:222} INFO - ::endgroup::
[2024-06-07T14:41:38.345+0000] {local_task_job_runner.py:120} INFO - ::group::Pre task execution logs
[2024-06-07T14:41:38.367+0000] {taskinstance.py:2076} INFO - Dependencies all met for dep_context=non-requeueable deps ti=<TaskInstance: f1_data_pipeline_taskflow.raceStatusDim_transform scheduled__2024-06-06T00:00:00+00:00 [queued]>
[2024-06-07T14:41:38.376+0000] {taskinstance.py:2076} INFO - Dependencies all met for dep_context=requeueable deps ti=<TaskInstance: f1_data_pipeline_taskflow.raceStatusDim_transform scheduled__2024-06-06T00:00:00+00:00 [queued]>
[2024-06-07T14:41:38.376+0000] {taskinstance.py:2306} INFO - Starting attempt 1 of 1
[2024-06-07T14:41:38.387+0000] {taskinstance.py:2330} INFO - Executing <Task(_PythonDecoratedOperator): raceStatusDim_transform> on 2024-06-06 00:00:00+00:00
[2024-06-07T14:41:38.394+0000] {warnings.py:110} WARNING - /home/***/.local/lib/python3.12/site-packages/***/task/task_runner/standard_task_runner.py:61: DeprecationWarning: This process (pid=93) is multi-threaded, use of fork() may lead to deadlocks in the child.
  pid = os.fork()

[2024-06-07T14:41:38.396+0000] {standard_task_runner.py:63} INFO - Started process 117 to run task
[2024-06-07T14:41:38.396+0000] {standard_task_runner.py:90} INFO - Running: ['***', 'tasks', 'run', 'f1_data_pipeline_taskflow', 'raceStatusDim_transform', 'scheduled__2024-06-06T00:00:00+00:00', '--job-id', '11', '--raw', '--subdir', 'DAGS_FOLDER/etl_dag.py', '--cfg-path', '/tmp/tmpyuheob02']
[2024-06-07T14:41:38.398+0000] {standard_task_runner.py:91} INFO - Job 11: Subtask raceStatusDim_transform
[2024-06-07T14:41:38.462+0000] {task_command.py:426} INFO - Running <TaskInstance: f1_data_pipeline_taskflow.raceStatusDim_transform scheduled__2024-06-06T00:00:00+00:00 [running]> on host 5b44fb81e12c
[2024-06-07T14:41:41.030+0000] {taskinstance.py:2648} INFO - Exporting env vars: AIRFLOW_CTX_DAG_OWNER='***' AIRFLOW_CTX_DAG_ID='f1_data_pipeline_taskflow' AIRFLOW_CTX_TASK_ID='raceStatusDim_transform' AIRFLOW_CTX_EXECUTION_DATE='2024-06-06T00:00:00+00:00' AIRFLOW_CTX_TRY_NUMBER='1' AIRFLOW_CTX_DAG_RUN_ID='scheduled__2024-06-06T00:00:00+00:00'
[2024-06-07T14:41:41.036+0000] {taskinstance.py:430} INFO - ::endgroup::
[2024-06-07T14:41:41.109+0000] {python.py:237} INFO - Done. Returned value was:         statusId        status
0              1      Finished
298258        43       Exhaust
298661         4     Collision
304122        11        +1 Lap
445393        29      Puncture
...          ...           ...
516480        24  Differential
516609        96      Excluded
516819        15       +5 Laps
517303       139       Illness
517350        14       +4 Laps

[65 rows x 2 columns]
[2024-06-07T14:41:41.117+0000] {taskinstance.py:441} INFO - ::group::Post task execution logs
[2024-06-07T14:41:41.154+0000] {taskinstance.py:1206} INFO - Marking task as SUCCESS. dag_id=f1_data_pipeline_taskflow, task_id=raceStatusDim_transform, run_id=scheduled__2024-06-06T00:00:00+00:00, execution_date=20240606T000000, start_date=20240607T144138, end_date=20240607T144141
[2024-06-07T14:41:41.263+0000] {local_task_job_runner.py:240} INFO - Task exited with return code 0
[2024-06-07T14:41:41.393+0000] {local_task_job_runner.py:222} INFO - ::endgroup::
