[2024-06-17T10:58:33.899+0000] {local_task_job_runner.py:120} INFO - ::group::Pre task execution logs
[2024-06-17T10:58:33.917+0000] {taskinstance.py:2076} INFO - Dependencies all met for dep_context=non-requeueable deps ti=<TaskInstance: f1_data_pipeline_kafka_fetchAndPublish.fetch_and_publish_pitStops manual__2024-06-17T10:58:32.808851+00:00 [queued]>
[2024-06-17T10:58:33.926+0000] {taskinstance.py:2076} INFO - Dependencies all met for dep_context=requeueable deps ti=<TaskInstance: f1_data_pipeline_kafka_fetchAndPublish.fetch_and_publish_pitStops manual__2024-06-17T10:58:32.808851+00:00 [queued]>
[2024-06-17T10:58:33.926+0000] {taskinstance.py:2306} INFO - Starting attempt 1 of 1
[2024-06-17T10:58:33.936+0000] {taskinstance.py:2330} INFO - Executing <Task(_PythonDecoratedOperator): fetch_and_publish_pitStops> on 2024-06-17 10:58:32.808851+00:00
[2024-06-17T10:58:33.942+0000] {warnings.py:110} WARNING - /home/***/.local/lib/python3.12/site-packages/***/task/task_runner/standard_task_runner.py:61: DeprecationWarning: This process (pid=1657) is multi-threaded, use of fork() may lead to deadlocks in the child.
  pid = os.fork()

[2024-06-17T10:58:33.943+0000] {standard_task_runner.py:63} INFO - Started process 1670 to run task
[2024-06-17T10:58:33.943+0000] {standard_task_runner.py:90} INFO - Running: ['***', 'tasks', 'run', 'f1_data_pipeline_kafka_fetchAndPublish', 'fetch_and_publish_pitStops', 'manual__2024-06-17T10:58:32.808851+00:00', '--job-id', '67', '--raw', '--subdir', 'DAGS_FOLDER/ergast_kafka_fetch_and_publish.py', '--cfg-path', '/tmp/tmpps5swbxg']
[2024-06-17T10:58:33.945+0000] {standard_task_runner.py:91} INFO - Job 67: Subtask fetch_and_publish_pitStops
[2024-06-17T10:58:33.989+0000] {task_command.py:426} INFO - Running <TaskInstance: f1_data_pipeline_kafka_fetchAndPublish.fetch_and_publish_pitStops manual__2024-06-17T10:58:32.808851+00:00 [running]> on host 688ecc0cce5b
[2024-06-17T10:58:34.067+0000] {taskinstance.py:2648} INFO - Exporting env vars: AIRFLOW_CTX_DAG_OWNER='***' AIRFLOW_CTX_DAG_ID='f1_data_pipeline_kafka_fetchAndPublish' AIRFLOW_CTX_TASK_ID='fetch_and_publish_pitStops' AIRFLOW_CTX_EXECUTION_DATE='2024-06-17T10:58:32.808851+00:00' AIRFLOW_CTX_TRY_NUMBER='1' AIRFLOW_CTX_DAG_RUN_ID='manual__2024-06-17T10:58:32.808851+00:00'
[2024-06-17T10:58:34.068+0000] {taskinstance.py:430} INFO - ::endgroup::
[2024-06-17T10:58:34.598+0000] {logging_mixin.py:188} INFO - Failed to parse JSON response for pit stops (URL: http://ergast.com/api/f1/current/2024/1/pitstops.json): Expecting value: line 1 column 1 (char 0)
[2024-06-17T10:58:35.124+0000] {logging_mixin.py:188} INFO - Failed to parse JSON response for pit stops (URL: http://ergast.com/api/f1/current/2024/2/pitstops.json): Expecting value: line 1 column 1 (char 0)
[2024-06-17T10:58:36.094+0000] {logging_mixin.py:188} INFO - Failed to parse JSON response for pit stops (URL: http://ergast.com/api/f1/current/2024/3/pitstops.json): Expecting value: line 1 column 1 (char 0)
[2024-06-17T10:58:37.037+0000] {logging_mixin.py:188} INFO - Failed to parse JSON response for pit stops (URL: http://ergast.com/api/f1/current/2024/4/pitstops.json): Expecting value: line 1 column 1 (char 0)
[2024-06-17T10:58:38.022+0000] {logging_mixin.py:188} INFO - Failed to parse JSON response for pit stops (URL: http://ergast.com/api/f1/current/2024/5/pitstops.json): Expecting value: line 1 column 1 (char 0)
[2024-06-17T10:58:39.056+0000] {logging_mixin.py:188} INFO - Failed to parse JSON response for pit stops (URL: http://ergast.com/api/f1/current/2024/6/pitstops.json): Expecting value: line 1 column 1 (char 0)
[2024-06-17T10:58:40.027+0000] {logging_mixin.py:188} INFO - Failed to parse JSON response for pit stops (URL: http://ergast.com/api/f1/current/2024/7/pitstops.json): Expecting value: line 1 column 1 (char 0)
[2024-06-17T10:58:41.012+0000] {logging_mixin.py:188} INFO - Failed to parse JSON response for pit stops (URL: http://ergast.com/api/f1/current/2024/8/pitstops.json): Expecting value: line 1 column 1 (char 0)
[2024-06-17T10:58:41.949+0000] {logging_mixin.py:188} INFO - Failed to parse JSON response for pit stops (URL: http://ergast.com/api/f1/current/2024/9/pitstops.json): Expecting value: line 1 column 1 (char 0)
[2024-06-17T10:58:42.988+0000] {logging_mixin.py:188} INFO - Failed to parse JSON response for pit stops (URL: http://ergast.com/api/f1/current/2024/10/pitstops.json): Expecting value: line 1 column 1 (char 0)
[2024-06-17T10:58:44.003+0000] {logging_mixin.py:188} INFO - Failed to parse JSON response for pit stops (URL: http://ergast.com/api/f1/current/2024/11/pitstops.json): Expecting value: line 1 column 1 (char 0)
[2024-06-17T10:58:44.472+0000] {logging_mixin.py:188} INFO - Failed to parse JSON response for pit stops (URL: http://ergast.com/api/f1/current/2024/12/pitstops.json): Expecting value: line 1 column 1 (char 0)
[2024-06-17T10:58:44.900+0000] {logging_mixin.py:188} INFO - Failed to parse JSON response for pit stops (URL: http://ergast.com/api/f1/current/2024/13/pitstops.json): Expecting value: line 1 column 1 (char 0)
[2024-06-17T10:58:45.410+0000] {logging_mixin.py:188} INFO - Failed to parse JSON response for pit stops (URL: http://ergast.com/api/f1/current/2024/14/pitstops.json): Expecting value: line 1 column 1 (char 0)
[2024-06-17T10:58:45.898+0000] {logging_mixin.py:188} INFO - Failed to parse JSON response for pit stops (URL: http://ergast.com/api/f1/current/2024/15/pitstops.json): Expecting value: line 1 column 1 (char 0)
[2024-06-17T10:58:46.305+0000] {logging_mixin.py:188} INFO - Failed to parse JSON response for pit stops (URL: http://ergast.com/api/f1/current/2024/16/pitstops.json): Expecting value: line 1 column 1 (char 0)
[2024-06-17T10:58:47.083+0000] {logging_mixin.py:188} INFO - Failed to parse JSON response for pit stops (URL: http://ergast.com/api/f1/current/2024/17/pitstops.json): Expecting value: line 1 column 1 (char 0)
[2024-06-17T10:58:47.664+0000] {logging_mixin.py:188} INFO - Failed to parse JSON response for pit stops (URL: http://ergast.com/api/f1/current/2024/18/pitstops.json): Expecting value: line 1 column 1 (char 0)
[2024-06-17T10:58:48.136+0000] {logging_mixin.py:188} INFO - Failed to parse JSON response for pit stops (URL: http://ergast.com/api/f1/current/2024/19/pitstops.json): Expecting value: line 1 column 1 (char 0)
[2024-06-17T10:58:48.567+0000] {logging_mixin.py:188} INFO - Failed to parse JSON response for pit stops (URL: http://ergast.com/api/f1/current/2024/20/pitstops.json): Expecting value: line 1 column 1 (char 0)
[2024-06-17T10:58:49.005+0000] {logging_mixin.py:188} INFO - Failed to parse JSON response for pit stops (URL: http://ergast.com/api/f1/current/2024/21/pitstops.json): Expecting value: line 1 column 1 (char 0)
[2024-06-17T10:58:49.422+0000] {logging_mixin.py:188} INFO - Failed to parse JSON response for pit stops (URL: http://ergast.com/api/f1/current/2024/22/pitstops.json): Expecting value: line 1 column 1 (char 0)
[2024-06-17T10:58:49.845+0000] {logging_mixin.py:188} INFO - Failed to parse JSON response for pit stops (URL: http://ergast.com/api/f1/current/2024/23/pitstops.json): Expecting value: line 1 column 1 (char 0)
[2024-06-17T10:58:50.801+0000] {logging_mixin.py:188} INFO - Failed to parse JSON response for pit stops (URL: http://ergast.com/api/f1/current/2024/24/pitstops.json): Expecting value: line 1 column 1 (char 0)
[2024-06-17T10:58:50.801+0000] {logging_mixin.py:188} INFO - Total number of pit stops fetched: 0
[2024-06-17T10:58:50.801+0000] {python.py:237} INFO - Done. Returned value was: None
[2024-06-17T10:58:50.802+0000] {taskinstance.py:441} INFO - ::group::Post task execution logs
[2024-06-17T10:58:50.809+0000] {taskinstance.py:1206} INFO - Marking task as SUCCESS. dag_id=f1_data_pipeline_kafka_fetchAndPublish, task_id=fetch_and_publish_pitStops, run_id=manual__2024-06-17T10:58:32.808851+00:00, execution_date=20240617T105832, start_date=20240617T105833, end_date=20240617T105850
[2024-06-17T10:58:50.820+0000] {local_task_job_runner.py:240} INFO - Task exited with return code 0
[2024-06-17T10:58:50.830+0000] {taskinstance.py:3498} INFO - 0 downstream tasks scheduled from follow-on schedule check
[2024-06-17T10:58:50.831+0000] {local_task_job_runner.py:222} INFO - ::endgroup::
