[2024-06-18T07:19:56.371+0000] {local_task_job_runner.py:120} INFO - ::group::Pre task execution logs
[2024-06-18T07:19:56.385+0000] {taskinstance.py:2076} INFO - Dependencies all met for dep_context=non-requeueable deps ti=<TaskInstance: f1_data_pipeline_taskflow.lapsDim_transform scheduled__2024-06-17T00:00:00+00:00 [queued]>
[2024-06-18T07:19:56.391+0000] {taskinstance.py:2076} INFO - Dependencies all met for dep_context=requeueable deps ti=<TaskInstance: f1_data_pipeline_taskflow.lapsDim_transform scheduled__2024-06-17T00:00:00+00:00 [queued]>
[2024-06-18T07:19:56.392+0000] {taskinstance.py:2306} INFO - Starting attempt 1 of 1
[2024-06-18T07:19:56.400+0000] {taskinstance.py:2330} INFO - Executing <Task(_PythonDecoratedOperator): lapsDim_transform> on 2024-06-17 00:00:00+00:00
[2024-06-18T07:19:56.405+0000] {warnings.py:110} WARNING - /home/***/.local/lib/python3.12/site-packages/***/task/task_runner/standard_task_runner.py:61: DeprecationWarning: This process (pid=306) is multi-threaded, use of fork() may lead to deadlocks in the child.
  pid = os.fork()

[2024-06-18T07:19:56.406+0000] {standard_task_runner.py:63} INFO - Started process 335 to run task
[2024-06-18T07:19:56.406+0000] {standard_task_runner.py:90} INFO - Running: ['***', 'tasks', 'run', 'f1_data_pipeline_taskflow', 'lapsDim_transform', 'scheduled__2024-06-17T00:00:00+00:00', '--job-id', '15', '--raw', '--subdir', 'DAGS_FOLDER/etl_dag.py', '--cfg-path', '/tmp/tmp2xtm9f1j']
[2024-06-18T07:19:56.408+0000] {standard_task_runner.py:91} INFO - Job 15: Subtask lapsDim_transform
[2024-06-18T07:19:56.441+0000] {task_command.py:426} INFO - Running <TaskInstance: f1_data_pipeline_taskflow.lapsDim_transform scheduled__2024-06-17T00:00:00+00:00 [running]> on host ce62f6b650cd
[2024-06-18T07:19:57.024+0000] {taskinstance.py:2648} INFO - Exporting env vars: AIRFLOW_CTX_DAG_OWNER='***' AIRFLOW_CTX_DAG_ID='f1_data_pipeline_taskflow' AIRFLOW_CTX_TASK_ID='lapsDim_transform' AIRFLOW_CTX_EXECUTION_DATE='2024-06-17T00:00:00+00:00' AIRFLOW_CTX_TRY_NUMBER='1' AIRFLOW_CTX_DAG_RUN_ID='scheduled__2024-06-17T00:00:00+00:00'
[2024-06-18T07:19:57.025+0000] {taskinstance.py:430} INFO - ::endgroup::
[2024-06-18T07:19:57.085+0000] {python.py:237} INFO - Done. Returned value was:         raceId  driverId  ...  milliseconds_laptimes position_laptimes
0          860        18  ...                99264.0                 1
2          860        18  ...                93414.0                 1
4          860        18  ...                93350.0                 1
6          860        18  ...                93131.0                 1
8          860        18  ...                92984.0                 1
...        ...       ...  ...                    ...               ...
518402     953       837  ...                79868.0                15
518405     953       837  ...                82086.0                15
518408     953       837  ...                88272.0                15
518411     953       837  ...                86970.0                15
518414     953       837  ...                84657.0                15

[256836 rows x 6 columns]
[2024-06-18T07:19:57.094+0000] {taskinstance.py:441} INFO - ::group::Post task execution logs
[2024-06-18T07:19:57.448+0000] {taskinstance.py:1206} INFO - Marking task as SUCCESS. dag_id=f1_data_pipeline_taskflow, task_id=lapsDim_transform, run_id=scheduled__2024-06-17T00:00:00+00:00, execution_date=20240617T000000, start_date=20240618T071956, end_date=20240618T071957
[2024-06-18T07:19:57.502+0000] {local_task_job_runner.py:240} INFO - Task exited with return code 0
[2024-06-18T07:19:57.522+0000] {taskinstance.py:3498} INFO - 0 downstream tasks scheduled from follow-on schedule check
[2024-06-18T07:19:57.524+0000] {local_task_job_runner.py:222} INFO - ::endgroup::
[2024-06-18T08:12:04.720+0000] {local_task_job_runner.py:120} INFO - ::group::Pre task execution logs
[2024-06-18T08:12:04.737+0000] {taskinstance.py:2076} INFO - Dependencies all met for dep_context=non-requeueable deps ti=<TaskInstance: f1_data_pipeline_taskflow.lapsDim_transform scheduled__2024-06-17T00:00:00+00:00 [queued]>
[2024-06-18T08:12:04.743+0000] {taskinstance.py:2076} INFO - Dependencies all met for dep_context=requeueable deps ti=<TaskInstance: f1_data_pipeline_taskflow.lapsDim_transform scheduled__2024-06-17T00:00:00+00:00 [queued]>
[2024-06-18T08:12:04.744+0000] {taskinstance.py:2306} INFO - Starting attempt 1 of 1
[2024-06-18T08:12:04.768+0000] {taskinstance.py:2330} INFO - Executing <Task(_PythonDecoratedOperator): lapsDim_transform> on 2024-06-17 00:00:00+00:00
[2024-06-18T08:12:04.774+0000] {warnings.py:110} WARNING - /home/***/.local/lib/python3.12/site-packages/***/task/task_runner/standard_task_runner.py:61: DeprecationWarning: This process (pid=305) is multi-threaded, use of fork() may lead to deadlocks in the child.
  pid = os.fork()

[2024-06-18T08:12:04.775+0000] {standard_task_runner.py:63} INFO - Started process 316 to run task
[2024-06-18T08:12:04.776+0000] {standard_task_runner.py:90} INFO - Running: ['***', 'tasks', 'run', 'f1_data_pipeline_taskflow', 'lapsDim_transform', 'scheduled__2024-06-17T00:00:00+00:00', '--job-id', '14', '--raw', '--subdir', 'DAGS_FOLDER/etl_dag.py', '--cfg-path', '/tmp/tmp_vvrqax0']
[2024-06-18T08:12:04.777+0000] {standard_task_runner.py:91} INFO - Job 14: Subtask lapsDim_transform
[2024-06-18T08:12:04.814+0000] {task_command.py:426} INFO - Running <TaskInstance: f1_data_pipeline_taskflow.lapsDim_transform scheduled__2024-06-17T00:00:00+00:00 [running]> on host 0a8bae48237c
[2024-06-18T08:12:05.561+0000] {taskinstance.py:2648} INFO - Exporting env vars: AIRFLOW_CTX_DAG_OWNER='***' AIRFLOW_CTX_DAG_ID='f1_data_pipeline_taskflow' AIRFLOW_CTX_TASK_ID='lapsDim_transform' AIRFLOW_CTX_EXECUTION_DATE='2024-06-17T00:00:00+00:00' AIRFLOW_CTX_TRY_NUMBER='1' AIRFLOW_CTX_DAG_RUN_ID='scheduled__2024-06-17T00:00:00+00:00'
[2024-06-18T08:12:05.562+0000] {taskinstance.py:430} INFO - ::endgroup::
[2024-06-18T08:12:05.634+0000] {python.py:237} INFO - Done. Returned value was:         raceId  driverId  ...  milliseconds_laptimes position_laptimes
0          860        18  ...                99264.0                 1
2          860        18  ...                93414.0                 1
4          860        18  ...                93350.0                 1
6          860        18  ...                93131.0                 1
8          860        18  ...                92984.0                 1
...        ...       ...  ...                    ...               ...
518402     953       837  ...                79868.0                15
518405     953       837  ...                82086.0                15
518408     953       837  ...                88272.0                15
518411     953       837  ...                86970.0                15
518414     953       837  ...                84657.0                15

[256836 rows x 6 columns]
[2024-06-18T08:12:05.643+0000] {taskinstance.py:441} INFO - ::group::Post task execution logs
[2024-06-18T08:12:05.994+0000] {taskinstance.py:1206} INFO - Marking task as SUCCESS. dag_id=f1_data_pipeline_taskflow, task_id=lapsDim_transform, run_id=scheduled__2024-06-17T00:00:00+00:00, execution_date=20240617T000000, start_date=20240618T081204, end_date=20240618T081205
[2024-06-18T08:12:06.035+0000] {local_task_job_runner.py:240} INFO - Task exited with return code 0
[2024-06-18T08:12:06.053+0000] {taskinstance.py:3498} INFO - 0 downstream tasks scheduled from follow-on schedule check
[2024-06-18T08:12:06.055+0000] {local_task_job_runner.py:222} INFO - ::endgroup::
[2024-06-18T08:22:43.513+0000] {local_task_job_runner.py:120} INFO - ::group::Pre task execution logs
[2024-06-18T08:22:43.529+0000] {taskinstance.py:2076} INFO - Dependencies all met for dep_context=non-requeueable deps ti=<TaskInstance: f1_data_pipeline_taskflow.lapsDim_transform scheduled__2024-06-17T00:00:00+00:00 [queued]>
[2024-06-18T08:22:43.535+0000] {taskinstance.py:2076} INFO - Dependencies all met for dep_context=requeueable deps ti=<TaskInstance: f1_data_pipeline_taskflow.lapsDim_transform scheduled__2024-06-17T00:00:00+00:00 [queued]>
[2024-06-18T08:22:43.535+0000] {taskinstance.py:2306} INFO - Starting attempt 1 of 1
[2024-06-18T08:22:43.545+0000] {taskinstance.py:2330} INFO - Executing <Task(_PythonDecoratedOperator): lapsDim_transform> on 2024-06-17 00:00:00+00:00
[2024-06-18T08:22:43.552+0000] {warnings.py:110} WARNING - /home/***/.local/lib/python3.12/site-packages/***/task/task_runner/standard_task_runner.py:61: DeprecationWarning: This process (pid=343) is multi-threaded, use of fork() may lead to deadlocks in the child.
  pid = os.fork()

[2024-06-18T08:22:43.554+0000] {standard_task_runner.py:63} INFO - Started process 350 to run task
[2024-06-18T08:22:43.553+0000] {standard_task_runner.py:90} INFO - Running: ['***', 'tasks', 'run', 'f1_data_pipeline_taskflow', 'lapsDim_transform', 'scheduled__2024-06-17T00:00:00+00:00', '--job-id', '15', '--raw', '--subdir', 'DAGS_FOLDER/etl_dag.py', '--cfg-path', '/tmp/tmpjogre6m3']
[2024-06-18T08:22:43.555+0000] {standard_task_runner.py:91} INFO - Job 15: Subtask lapsDim_transform
[2024-06-18T08:22:43.598+0000] {task_command.py:426} INFO - Running <TaskInstance: f1_data_pipeline_taskflow.lapsDim_transform scheduled__2024-06-17T00:00:00+00:00 [running]> on host 7d3c9e9f45b7
[2024-06-18T08:22:44.287+0000] {taskinstance.py:2648} INFO - Exporting env vars: AIRFLOW_CTX_DAG_OWNER='***' AIRFLOW_CTX_DAG_ID='f1_data_pipeline_taskflow' AIRFLOW_CTX_TASK_ID='lapsDim_transform' AIRFLOW_CTX_EXECUTION_DATE='2024-06-17T00:00:00+00:00' AIRFLOW_CTX_TRY_NUMBER='1' AIRFLOW_CTX_DAG_RUN_ID='scheduled__2024-06-17T00:00:00+00:00'
[2024-06-18T08:22:44.287+0000] {taskinstance.py:430} INFO - ::endgroup::
[2024-06-18T08:22:44.352+0000] {python.py:237} INFO - Done. Returned value was:         raceId  driverId  ...  milliseconds_laptimes position_laptimes
0          860        18  ...                99264.0                 1
2          860        18  ...                93414.0                 1
4          860        18  ...                93350.0                 1
6          860        18  ...                93131.0                 1
8          860        18  ...                92984.0                 1
...        ...       ...  ...                    ...               ...
518402     953       837  ...                79868.0                15
518405     953       837  ...                82086.0                15
518408     953       837  ...                88272.0                15
518411     953       837  ...                86970.0                15
518414     953       837  ...                84657.0                15

[256836 rows x 6 columns]
[2024-06-18T08:22:44.362+0000] {taskinstance.py:441} INFO - ::group::Post task execution logs
[2024-06-18T08:22:44.693+0000] {taskinstance.py:1206} INFO - Marking task as SUCCESS. dag_id=f1_data_pipeline_taskflow, task_id=lapsDim_transform, run_id=scheduled__2024-06-17T00:00:00+00:00, execution_date=20240617T000000, start_date=20240618T082243, end_date=20240618T082244
[2024-06-18T08:22:44.732+0000] {local_task_job_runner.py:240} INFO - Task exited with return code 0
[2024-06-18T08:22:44.750+0000] {taskinstance.py:3498} INFO - 0 downstream tasks scheduled from follow-on schedule check
[2024-06-18T08:22:44.752+0000] {local_task_job_runner.py:222} INFO - ::endgroup::
[2024-06-18T08:30:08.340+0000] {local_task_job_runner.py:120} INFO - ::group::Pre task execution logs
[2024-06-18T08:30:08.361+0000] {taskinstance.py:2076} INFO - Dependencies all met for dep_context=non-requeueable deps ti=<TaskInstance: f1_data_pipeline_taskflow.lapsDim_transform scheduled__2024-06-17T00:00:00+00:00 [queued]>
[2024-06-18T08:30:08.367+0000] {taskinstance.py:2076} INFO - Dependencies all met for dep_context=requeueable deps ti=<TaskInstance: f1_data_pipeline_taskflow.lapsDim_transform scheduled__2024-06-17T00:00:00+00:00 [queued]>
[2024-06-18T08:30:08.367+0000] {taskinstance.py:2306} INFO - Starting attempt 1 of 1
[2024-06-18T08:30:08.377+0000] {taskinstance.py:2330} INFO - Executing <Task(_PythonDecoratedOperator): lapsDim_transform> on 2024-06-17 00:00:00+00:00
[2024-06-18T08:30:08.383+0000] {warnings.py:110} WARNING - /home/***/.local/lib/python3.12/site-packages/***/task/task_runner/standard_task_runner.py:61: DeprecationWarning: This process (pid=307) is multi-threaded, use of fork() may lead to deadlocks in the child.
  pid = os.fork()

[2024-06-18T08:30:08.384+0000] {standard_task_runner.py:63} INFO - Started process 336 to run task
[2024-06-18T08:30:08.384+0000] {standard_task_runner.py:90} INFO - Running: ['***', 'tasks', 'run', 'f1_data_pipeline_taskflow', 'lapsDim_transform', 'scheduled__2024-06-17T00:00:00+00:00', '--job-id', '17', '--raw', '--subdir', 'DAGS_FOLDER/etl_dag.py', '--cfg-path', '/tmp/tmp597xzwvm']
[2024-06-18T08:30:08.386+0000] {standard_task_runner.py:91} INFO - Job 17: Subtask lapsDim_transform
[2024-06-18T08:30:08.424+0000] {task_command.py:426} INFO - Running <TaskInstance: f1_data_pipeline_taskflow.lapsDim_transform scheduled__2024-06-17T00:00:00+00:00 [running]> on host d26fdf24870c
[2024-06-18T08:30:09.084+0000] {taskinstance.py:2648} INFO - Exporting env vars: AIRFLOW_CTX_DAG_OWNER='***' AIRFLOW_CTX_DAG_ID='f1_data_pipeline_taskflow' AIRFLOW_CTX_TASK_ID='lapsDim_transform' AIRFLOW_CTX_EXECUTION_DATE='2024-06-17T00:00:00+00:00' AIRFLOW_CTX_TRY_NUMBER='1' AIRFLOW_CTX_DAG_RUN_ID='scheduled__2024-06-17T00:00:00+00:00'
[2024-06-18T08:30:09.085+0000] {taskinstance.py:430} INFO - ::endgroup::
[2024-06-18T08:30:09.155+0000] {python.py:237} INFO - Done. Returned value was:         raceId  driverId  ...  milliseconds_laptimes position_laptimes
0          860        18  ...                99264.0                 1
2          860        18  ...                93414.0                 1
4          860        18  ...                93350.0                 1
6          860        18  ...                93131.0                 1
8          860        18  ...                92984.0                 1
...        ...       ...  ...                    ...               ...
518402     953       837  ...                79868.0                15
518405     953       837  ...                82086.0                15
518408     953       837  ...                88272.0                15
518411     953       837  ...                86970.0                15
518414     953       837  ...                84657.0                15

[256836 rows x 6 columns]
[2024-06-18T08:30:09.165+0000] {taskinstance.py:441} INFO - ::group::Post task execution logs
[2024-06-18T08:30:09.549+0000] {taskinstance.py:1206} INFO - Marking task as SUCCESS. dag_id=f1_data_pipeline_taskflow, task_id=lapsDim_transform, run_id=scheduled__2024-06-17T00:00:00+00:00, execution_date=20240617T000000, start_date=20240618T083008, end_date=20240618T083009
[2024-06-18T08:30:09.601+0000] {local_task_job_runner.py:240} INFO - Task exited with return code 0
[2024-06-18T08:30:09.620+0000] {taskinstance.py:3498} INFO - 0 downstream tasks scheduled from follow-on schedule check
[2024-06-18T08:30:09.621+0000] {local_task_job_runner.py:222} INFO - ::endgroup::
[2024-06-18T08:54:41.717+0000] {local_task_job_runner.py:120} INFO - ::group::Pre task execution logs
[2024-06-18T08:54:41.732+0000] {taskinstance.py:2076} INFO - Dependencies all met for dep_context=non-requeueable deps ti=<TaskInstance: f1_data_pipeline_taskflow.lapsDim_transform scheduled__2024-06-17T00:00:00+00:00 [queued]>
[2024-06-18T08:54:41.738+0000] {taskinstance.py:2076} INFO - Dependencies all met for dep_context=requeueable deps ti=<TaskInstance: f1_data_pipeline_taskflow.lapsDim_transform scheduled__2024-06-17T00:00:00+00:00 [queued]>
[2024-06-18T08:54:41.738+0000] {taskinstance.py:2306} INFO - Starting attempt 1 of 1
[2024-06-18T08:54:41.747+0000] {taskinstance.py:2330} INFO - Executing <Task(_PythonDecoratedOperator): lapsDim_transform> on 2024-06-17 00:00:00+00:00
[2024-06-18T08:54:41.753+0000] {warnings.py:110} WARNING - /home/***/.local/lib/python3.12/site-packages/***/task/task_runner/standard_task_runner.py:61: DeprecationWarning: This process (pid=312) is multi-threaded, use of fork() may lead to deadlocks in the child.
  pid = os.fork()

[2024-06-18T08:54:41.755+0000] {standard_task_runner.py:63} INFO - Started process 343 to run task
[2024-06-18T08:54:41.755+0000] {standard_task_runner.py:90} INFO - Running: ['***', 'tasks', 'run', 'f1_data_pipeline_taskflow', 'lapsDim_transform', 'scheduled__2024-06-17T00:00:00+00:00', '--job-id', '15', '--raw', '--subdir', 'DAGS_FOLDER/etl_dag.py', '--cfg-path', '/tmp/tmpsko48hdt']
[2024-06-18T08:54:41.757+0000] {standard_task_runner.py:91} INFO - Job 15: Subtask lapsDim_transform
[2024-06-18T08:54:41.796+0000] {task_command.py:426} INFO - Running <TaskInstance: f1_data_pipeline_taskflow.lapsDim_transform scheduled__2024-06-17T00:00:00+00:00 [running]> on host 70dbe2d93c7b
[2024-06-18T08:54:42.356+0000] {taskinstance.py:2648} INFO - Exporting env vars: AIRFLOW_CTX_DAG_OWNER='***' AIRFLOW_CTX_DAG_ID='f1_data_pipeline_taskflow' AIRFLOW_CTX_TASK_ID='lapsDim_transform' AIRFLOW_CTX_EXECUTION_DATE='2024-06-17T00:00:00+00:00' AIRFLOW_CTX_TRY_NUMBER='1' AIRFLOW_CTX_DAG_RUN_ID='scheduled__2024-06-17T00:00:00+00:00'
[2024-06-18T08:54:42.357+0000] {taskinstance.py:430} INFO - ::endgroup::
[2024-06-18T08:54:42.399+0000] {python.py:237} INFO - Done. Returned value was:         raceId  driverId  ...  milliseconds_laptimes  position_laptimes
0          860        18  ...                99264.0                  1
2          860        18  ...                93414.0                  1
4          860        18  ...                93350.0                  1
6          860        18  ...                93131.0                  1
8          860        18  ...                92984.0                  1
...        ...       ...  ...                    ...                ...
518402     953       837  ...                79868.0                 15
518405     953       837  ...                82086.0                 15
518408     953       837  ...                88272.0                 15
518411     953       837  ...                86970.0                 15
518414     953       837  ...                84657.0                 15

[256836 rows x 6 columns]
[2024-06-18T08:54:42.407+0000] {taskinstance.py:441} INFO - ::group::Post task execution logs
[2024-06-18T08:54:42.715+0000] {taskinstance.py:1206} INFO - Marking task as SUCCESS. dag_id=f1_data_pipeline_taskflow, task_id=lapsDim_transform, run_id=scheduled__2024-06-17T00:00:00+00:00, execution_date=20240617T000000, start_date=20240618T085441, end_date=20240618T085442
[2024-06-18T08:54:42.771+0000] {local_task_job_runner.py:240} INFO - Task exited with return code 0
[2024-06-18T08:54:42.792+0000] {taskinstance.py:3498} INFO - 0 downstream tasks scheduled from follow-on schedule check
[2024-06-18T08:54:42.794+0000] {local_task_job_runner.py:222} INFO - ::endgroup::
[2024-06-18T08:58:14.824+0000] {local_task_job_runner.py:120} INFO - ::group::Pre task execution logs
[2024-06-18T08:58:14.846+0000] {taskinstance.py:2076} INFO - Dependencies all met for dep_context=non-requeueable deps ti=<TaskInstance: f1_data_pipeline_taskflow.lapsDim_transform scheduled__2024-06-17T00:00:00+00:00 [queued]>
[2024-06-18T08:58:14.852+0000] {taskinstance.py:2076} INFO - Dependencies all met for dep_context=requeueable deps ti=<TaskInstance: f1_data_pipeline_taskflow.lapsDim_transform scheduled__2024-06-17T00:00:00+00:00 [queued]>
[2024-06-18T08:58:14.852+0000] {taskinstance.py:2306} INFO - Starting attempt 1 of 1
[2024-06-18T08:58:14.862+0000] {taskinstance.py:2330} INFO - Executing <Task(_PythonDecoratedOperator): lapsDim_transform> on 2024-06-17 00:00:00+00:00
[2024-06-18T08:58:14.870+0000] {standard_task_runner.py:90} INFO - Running: ['***', 'tasks', 'run', 'f1_data_pipeline_taskflow', 'lapsDim_transform', 'scheduled__2024-06-17T00:00:00+00:00', '--job-id', '14', '--raw', '--subdir', 'DAGS_FOLDER/etl_dag.py', '--cfg-path', '/tmp/tmp0fq2r76u']
[2024-06-18T08:58:14.872+0000] {standard_task_runner.py:91} INFO - Job 14: Subtask lapsDim_transform
[2024-06-18T08:58:14.873+0000] {warnings.py:110} WARNING - /home/***/.local/lib/python3.12/site-packages/***/task/task_runner/standard_task_runner.py:61: DeprecationWarning: This process (pid=304) is multi-threaded, use of fork() may lead to deadlocks in the child.
  pid = os.fork()

[2024-06-18T08:58:14.874+0000] {standard_task_runner.py:63} INFO - Started process 313 to run task
[2024-06-18T08:58:14.911+0000] {task_command.py:426} INFO - Running <TaskInstance: f1_data_pipeline_taskflow.lapsDim_transform scheduled__2024-06-17T00:00:00+00:00 [running]> on host 85d13f87db98
[2024-06-18T08:58:15.573+0000] {taskinstance.py:2648} INFO - Exporting env vars: AIRFLOW_CTX_DAG_OWNER='***' AIRFLOW_CTX_DAG_ID='f1_data_pipeline_taskflow' AIRFLOW_CTX_TASK_ID='lapsDim_transform' AIRFLOW_CTX_EXECUTION_DATE='2024-06-17T00:00:00+00:00' AIRFLOW_CTX_TRY_NUMBER='1' AIRFLOW_CTX_DAG_RUN_ID='scheduled__2024-06-17T00:00:00+00:00'
[2024-06-18T08:58:15.574+0000] {taskinstance.py:430} INFO - ::endgroup::
[2024-06-18T08:58:15.644+0000] {python.py:237} INFO - Done. Returned value was:         raceId  driverId  ...  milliseconds_laptimes position_laptimes
0          860        18  ...                99264.0                 1
2          860        18  ...                93414.0                 1
4          860        18  ...                93350.0                 1
6          860        18  ...                93131.0                 1
8          860        18  ...                92984.0                 1
...        ...       ...  ...                    ...               ...
518402     953       837  ...                79868.0                15
518405     953       837  ...                82086.0                15
518408     953       837  ...                88272.0                15
518411     953       837  ...                86970.0                15
518414     953       837  ...                84657.0                15

[256836 rows x 6 columns]
[2024-06-18T08:58:15.652+0000] {taskinstance.py:441} INFO - ::group::Post task execution logs
[2024-06-18T08:58:15.990+0000] {taskinstance.py:1206} INFO - Marking task as SUCCESS. dag_id=f1_data_pipeline_taskflow, task_id=lapsDim_transform, run_id=scheduled__2024-06-17T00:00:00+00:00, execution_date=20240617T000000, start_date=20240618T085814, end_date=20240618T085815
[2024-06-18T08:58:16.014+0000] {local_task_job_runner.py:240} INFO - Task exited with return code 0
[2024-06-18T08:58:16.033+0000] {taskinstance.py:3498} INFO - 0 downstream tasks scheduled from follow-on schedule check
[2024-06-18T08:58:16.035+0000] {local_task_job_runner.py:222} INFO - ::endgroup::
[2024-06-18T11:55:38.159+0000] {local_task_job_runner.py:120} INFO - ::group::Pre task execution logs
[2024-06-18T11:55:38.177+0000] {taskinstance.py:2076} INFO - Dependencies all met for dep_context=non-requeueable deps ti=<TaskInstance: f1_data_pipeline_taskflow.lapsDim_transform scheduled__2024-06-17T00:00:00+00:00 [queued]>
[2024-06-18T11:55:38.183+0000] {taskinstance.py:2076} INFO - Dependencies all met for dep_context=requeueable deps ti=<TaskInstance: f1_data_pipeline_taskflow.lapsDim_transform scheduled__2024-06-17T00:00:00+00:00 [queued]>
[2024-06-18T11:55:38.184+0000] {taskinstance.py:2306} INFO - Starting attempt 1 of 1
[2024-06-18T11:55:38.193+0000] {taskinstance.py:2330} INFO - Executing <Task(_PythonDecoratedOperator): lapsDim_transform> on 2024-06-17 00:00:00+00:00
[2024-06-18T11:55:38.199+0000] {warnings.py:110} WARNING - /home/***/.local/lib/python3.12/site-packages/***/task/task_runner/standard_task_runner.py:61: DeprecationWarning: This process (pid=310) is multi-threaded, use of fork() may lead to deadlocks in the child.
  pid = os.fork()

[2024-06-18T11:55:38.200+0000] {standard_task_runner.py:63} INFO - Started process 320 to run task
[2024-06-18T11:55:38.200+0000] {standard_task_runner.py:90} INFO - Running: ['***', 'tasks', 'run', 'f1_data_pipeline_taskflow', 'lapsDim_transform', 'scheduled__2024-06-17T00:00:00+00:00', '--job-id', '15', '--raw', '--subdir', 'DAGS_FOLDER/etl_dag.py', '--cfg-path', '/tmp/tmppnrzagp3']
[2024-06-18T11:55:38.202+0000] {standard_task_runner.py:91} INFO - Job 15: Subtask lapsDim_transform
[2024-06-18T11:55:38.243+0000] {task_command.py:426} INFO - Running <TaskInstance: f1_data_pipeline_taskflow.lapsDim_transform scheduled__2024-06-17T00:00:00+00:00 [running]> on host 21d7efd887f9
[2024-06-18T11:55:38.954+0000] {taskinstance.py:2648} INFO - Exporting env vars: AIRFLOW_CTX_DAG_OWNER='***' AIRFLOW_CTX_DAG_ID='f1_data_pipeline_taskflow' AIRFLOW_CTX_TASK_ID='lapsDim_transform' AIRFLOW_CTX_EXECUTION_DATE='2024-06-17T00:00:00+00:00' AIRFLOW_CTX_TRY_NUMBER='1' AIRFLOW_CTX_DAG_RUN_ID='scheduled__2024-06-17T00:00:00+00:00'
[2024-06-18T11:55:38.955+0000] {taskinstance.py:430} INFO - ::endgroup::
[2024-06-18T11:55:39.031+0000] {python.py:237} INFO - Done. Returned value was:         raceId  driverId  ...  milliseconds_laptimes position_laptimes
0          860        18  ...                99264.0                 1
2          860        18  ...                93414.0                 1
4          860        18  ...                93350.0                 1
6          860        18  ...                93131.0                 1
8          860        18  ...                92984.0                 1
...        ...       ...  ...                    ...               ...
518402     953       837  ...                79868.0                15
518405     953       837  ...                82086.0                15
518408     953       837  ...                88272.0                15
518411     953       837  ...                86970.0                15
518414     953       837  ...                84657.0                15

[256836 rows x 6 columns]
[2024-06-18T11:55:39.041+0000] {taskinstance.py:441} INFO - ::group::Post task execution logs
[2024-06-18T11:55:39.379+0000] {taskinstance.py:1206} INFO - Marking task as SUCCESS. dag_id=f1_data_pipeline_taskflow, task_id=lapsDim_transform, run_id=scheduled__2024-06-17T00:00:00+00:00, execution_date=20240617T000000, start_date=20240618T115538, end_date=20240618T115539
[2024-06-18T11:55:39.417+0000] {local_task_job_runner.py:240} INFO - Task exited with return code 0
[2024-06-18T11:55:39.425+0000] {local_task_job_runner.py:222} INFO - ::endgroup::
[2024-06-18T12:52:44.159+0000] {local_task_job_runner.py:120} INFO - ::group::Pre task execution logs
[2024-06-18T12:52:44.177+0000] {taskinstance.py:2076} INFO - Dependencies all met for dep_context=non-requeueable deps ti=<TaskInstance: f1_data_pipeline_taskflow.lapsDim_transform scheduled__2024-06-17T00:00:00+00:00 [queued]>
[2024-06-18T12:52:44.184+0000] {taskinstance.py:2076} INFO - Dependencies all met for dep_context=requeueable deps ti=<TaskInstance: f1_data_pipeline_taskflow.lapsDim_transform scheduled__2024-06-17T00:00:00+00:00 [queued]>
[2024-06-18T12:52:44.184+0000] {taskinstance.py:2306} INFO - Starting attempt 1 of 1
[2024-06-18T12:52:44.193+0000] {taskinstance.py:2330} INFO - Executing <Task(_PythonDecoratedOperator): lapsDim_transform> on 2024-06-17 00:00:00+00:00
[2024-06-18T12:52:44.200+0000] {warnings.py:110} WARNING - /home/***/.local/lib/python3.12/site-packages/***/task/task_runner/standard_task_runner.py:61: DeprecationWarning: This process (pid=316) is multi-threaded, use of fork() may lead to deadlocks in the child.
  pid = os.fork()

[2024-06-18T12:52:44.201+0000] {standard_task_runner.py:63} INFO - Started process 328 to run task
[2024-06-18T12:52:44.202+0000] {standard_task_runner.py:90} INFO - Running: ['***', 'tasks', 'run', 'f1_data_pipeline_taskflow', 'lapsDim_transform', 'scheduled__2024-06-17T00:00:00+00:00', '--job-id', '17', '--raw', '--subdir', 'DAGS_FOLDER/etl_dag.py', '--cfg-path', '/tmp/tmpicu8d366']
[2024-06-18T12:52:44.203+0000] {standard_task_runner.py:91} INFO - Job 17: Subtask lapsDim_transform
[2024-06-18T12:52:44.243+0000] {task_command.py:426} INFO - Running <TaskInstance: f1_data_pipeline_taskflow.lapsDim_transform scheduled__2024-06-17T00:00:00+00:00 [running]> on host 29634c3e6318
[2024-06-18T12:52:44.995+0000] {taskinstance.py:2648} INFO - Exporting env vars: AIRFLOW_CTX_DAG_OWNER='***' AIRFLOW_CTX_DAG_ID='f1_data_pipeline_taskflow' AIRFLOW_CTX_TASK_ID='lapsDim_transform' AIRFLOW_CTX_EXECUTION_DATE='2024-06-17T00:00:00+00:00' AIRFLOW_CTX_TRY_NUMBER='1' AIRFLOW_CTX_DAG_RUN_ID='scheduled__2024-06-17T00:00:00+00:00'
[2024-06-18T12:52:44.996+0000] {taskinstance.py:430} INFO - ::endgroup::
[2024-06-18T12:52:45.092+0000] {python.py:237} INFO - Done. Returned value was:         raceId  driverId  ...  milliseconds_laptimes position_laptimes
0          860        18  ...                99264.0                 1
2          860        18  ...                93414.0                 1
4          860        18  ...                93350.0                 1
6          860        18  ...                93131.0                 1
8          860        18  ...                92984.0                 1
...        ...       ...  ...                    ...               ...
518402     953       837  ...                79868.0                15
518405     953       837  ...                82086.0                15
518408     953       837  ...                88272.0                15
518411     953       837  ...                86970.0                15
518414     953       837  ...                84657.0                15

[256836 rows x 6 columns]
[2024-06-18T12:52:45.101+0000] {taskinstance.py:441} INFO - ::group::Post task execution logs
[2024-06-18T12:52:45.455+0000] {taskinstance.py:1206} INFO - Marking task as SUCCESS. dag_id=f1_data_pipeline_taskflow, task_id=lapsDim_transform, run_id=scheduled__2024-06-17T00:00:00+00:00, execution_date=20240617T000000, start_date=20240618T125244, end_date=20240618T125245
[2024-06-18T12:52:45.498+0000] {local_task_job_runner.py:240} INFO - Task exited with return code 0
[2024-06-18T12:52:45.518+0000] {taskinstance.py:3498} INFO - 0 downstream tasks scheduled from follow-on schedule check
[2024-06-18T12:52:45.520+0000] {local_task_job_runner.py:222} INFO - ::endgroup::
[2024-06-18T13:18:12.136+0000] {local_task_job_runner.py:120} INFO - ::group::Pre task execution logs
[2024-06-18T13:18:12.153+0000] {taskinstance.py:2076} INFO - Dependencies all met for dep_context=non-requeueable deps ti=<TaskInstance: f1_data_pipeline_taskflow.lapsDim_transform scheduled__2024-06-17T00:00:00+00:00 [queued]>
[2024-06-18T13:18:12.160+0000] {taskinstance.py:2076} INFO - Dependencies all met for dep_context=requeueable deps ti=<TaskInstance: f1_data_pipeline_taskflow.lapsDim_transform scheduled__2024-06-17T00:00:00+00:00 [queued]>
[2024-06-18T13:18:12.161+0000] {taskinstance.py:2306} INFO - Starting attempt 1 of 1
[2024-06-18T13:18:12.170+0000] {taskinstance.py:2330} INFO - Executing <Task(_PythonDecoratedOperator): lapsDim_transform> on 2024-06-17 00:00:00+00:00
[2024-06-18T13:18:12.176+0000] {warnings.py:110} WARNING - /home/***/.local/lib/python3.12/site-packages/***/task/task_runner/standard_task_runner.py:61: DeprecationWarning: This process (pid=342) is multi-threaded, use of fork() may lead to deadlocks in the child.
  pid = os.fork()

[2024-06-18T13:18:12.177+0000] {standard_task_runner.py:63} INFO - Started process 361 to run task
[2024-06-18T13:18:12.178+0000] {standard_task_runner.py:90} INFO - Running: ['***', 'tasks', 'run', 'f1_data_pipeline_taskflow', 'lapsDim_transform', 'scheduled__2024-06-17T00:00:00+00:00', '--job-id', '16', '--raw', '--subdir', 'DAGS_FOLDER/etl_dag.py', '--cfg-path', '/tmp/tmpl11_7ef7']
[2024-06-18T13:18:12.179+0000] {standard_task_runner.py:91} INFO - Job 16: Subtask lapsDim_transform
[2024-06-18T13:18:12.215+0000] {task_command.py:426} INFO - Running <TaskInstance: f1_data_pipeline_taskflow.lapsDim_transform scheduled__2024-06-17T00:00:00+00:00 [running]> on host 642827d53473
[2024-06-18T13:18:12.895+0000] {taskinstance.py:2648} INFO - Exporting env vars: AIRFLOW_CTX_DAG_OWNER='***' AIRFLOW_CTX_DAG_ID='f1_data_pipeline_taskflow' AIRFLOW_CTX_TASK_ID='lapsDim_transform' AIRFLOW_CTX_EXECUTION_DATE='2024-06-17T00:00:00+00:00' AIRFLOW_CTX_TRY_NUMBER='1' AIRFLOW_CTX_DAG_RUN_ID='scheduled__2024-06-17T00:00:00+00:00'
[2024-06-18T13:18:12.896+0000] {taskinstance.py:430} INFO - ::endgroup::
[2024-06-18T13:18:12.978+0000] {python.py:237} INFO - Done. Returned value was:         raceId  driverId  ...  milliseconds_laptimes position_laptimes
0          860        18  ...                99264.0                 1
2          860        18  ...                93414.0                 1
4          860        18  ...                93350.0                 1
6          860        18  ...                93131.0                 1
8          860        18  ...                92984.0                 1
...        ...       ...  ...                    ...               ...
518402     953       837  ...                79868.0                15
518405     953       837  ...                82086.0                15
518408     953       837  ...                88272.0                15
518411     953       837  ...                86970.0                15
518414     953       837  ...                84657.0                15

[256836 rows x 6 columns]
[2024-06-18T13:18:12.987+0000] {taskinstance.py:441} INFO - ::group::Post task execution logs
[2024-06-18T13:18:13.370+0000] {taskinstance.py:1206} INFO - Marking task as SUCCESS. dag_id=f1_data_pipeline_taskflow, task_id=lapsDim_transform, run_id=scheduled__2024-06-17T00:00:00+00:00, execution_date=20240617T000000, start_date=20240618T131812, end_date=20240618T131813
[2024-06-18T13:18:13.434+0000] {local_task_job_runner.py:240} INFO - Task exited with return code 0
[2024-06-18T13:18:13.453+0000] {taskinstance.py:3498} INFO - 0 downstream tasks scheduled from follow-on schedule check
[2024-06-18T13:18:13.454+0000] {local_task_job_runner.py:222} INFO - ::endgroup::
[2024-06-18T13:28:22.950+0000] {local_task_job_runner.py:120} INFO - ::group::Pre task execution logs
[2024-06-18T13:28:22.967+0000] {taskinstance.py:2076} INFO - Dependencies all met for dep_context=non-requeueable deps ti=<TaskInstance: f1_data_pipeline_taskflow.lapsDim_transform scheduled__2024-06-17T00:00:00+00:00 [queued]>
[2024-06-18T13:28:22.972+0000] {taskinstance.py:2076} INFO - Dependencies all met for dep_context=requeueable deps ti=<TaskInstance: f1_data_pipeline_taskflow.lapsDim_transform scheduled__2024-06-17T00:00:00+00:00 [queued]>
[2024-06-18T13:28:22.973+0000] {taskinstance.py:2306} INFO - Starting attempt 1 of 1
[2024-06-18T13:28:23.000+0000] {taskinstance.py:2330} INFO - Executing <Task(_PythonDecoratedOperator): lapsDim_transform> on 2024-06-17 00:00:00+00:00
[2024-06-18T13:28:23.007+0000] {warnings.py:110} WARNING - /home/***/.local/lib/python3.12/site-packages/***/task/task_runner/standard_task_runner.py:61: DeprecationWarning: This process (pid=308) is multi-threaded, use of fork() may lead to deadlocks in the child.
  pid = os.fork()

[2024-06-18T13:28:23.008+0000] {standard_task_runner.py:63} INFO - Started process 322 to run task
[2024-06-18T13:28:23.008+0000] {standard_task_runner.py:90} INFO - Running: ['***', 'tasks', 'run', 'f1_data_pipeline_taskflow', 'lapsDim_transform', 'scheduled__2024-06-17T00:00:00+00:00', '--job-id', '14', '--raw', '--subdir', 'DAGS_FOLDER/etl_dag.py', '--cfg-path', '/tmp/tmpn8kst_m3']
[2024-06-18T13:28:23.010+0000] {standard_task_runner.py:91} INFO - Job 14: Subtask lapsDim_transform
[2024-06-18T13:28:23.052+0000] {task_command.py:426} INFO - Running <TaskInstance: f1_data_pipeline_taskflow.lapsDim_transform scheduled__2024-06-17T00:00:00+00:00 [running]> on host 9ae4be1c5479
[2024-06-18T13:28:23.760+0000] {taskinstance.py:2648} INFO - Exporting env vars: AIRFLOW_CTX_DAG_OWNER='***' AIRFLOW_CTX_DAG_ID='f1_data_pipeline_taskflow' AIRFLOW_CTX_TASK_ID='lapsDim_transform' AIRFLOW_CTX_EXECUTION_DATE='2024-06-17T00:00:00+00:00' AIRFLOW_CTX_TRY_NUMBER='1' AIRFLOW_CTX_DAG_RUN_ID='scheduled__2024-06-17T00:00:00+00:00'
[2024-06-18T13:28:23.762+0000] {taskinstance.py:430} INFO - ::endgroup::
[2024-06-18T13:28:23.833+0000] {python.py:237} INFO - Done. Returned value was:         raceId  driverId  ...  milliseconds_laptimes position_laptimes
0          860        18  ...                99264.0                 1
2          860        18  ...                93414.0                 1
4          860        18  ...                93350.0                 1
6          860        18  ...                93131.0                 1
8          860        18  ...                92984.0                 1
...        ...       ...  ...                    ...               ...
518402     953       837  ...                79868.0                15
518405     953       837  ...                82086.0                15
518408     953       837  ...                88272.0                15
518411     953       837  ...                86970.0                15
518414     953       837  ...                84657.0                15

[256836 rows x 6 columns]
[2024-06-18T13:28:23.843+0000] {taskinstance.py:441} INFO - ::group::Post task execution logs
[2024-06-18T13:28:24.186+0000] {taskinstance.py:1206} INFO - Marking task as SUCCESS. dag_id=f1_data_pipeline_taskflow, task_id=lapsDim_transform, run_id=scheduled__2024-06-17T00:00:00+00:00, execution_date=20240617T000000, start_date=20240618T132822, end_date=20240618T132824
[2024-06-18T13:28:24.225+0000] {local_task_job_runner.py:240} INFO - Task exited with return code 0
[2024-06-18T13:28:24.245+0000] {taskinstance.py:3498} INFO - 0 downstream tasks scheduled from follow-on schedule check
[2024-06-18T13:28:24.247+0000] {local_task_job_runner.py:222} INFO - ::endgroup::
[2024-06-18T13:57:34.635+0000] {local_task_job_runner.py:120} INFO - ::group::Pre task execution logs
[2024-06-18T13:57:34.651+0000] {taskinstance.py:2076} INFO - Dependencies all met for dep_context=non-requeueable deps ti=<TaskInstance: f1_data_pipeline_taskflow.lapsDim_transform scheduled__2024-06-17T00:00:00+00:00 [queued]>
[2024-06-18T13:57:34.658+0000] {taskinstance.py:2076} INFO - Dependencies all met for dep_context=requeueable deps ti=<TaskInstance: f1_data_pipeline_taskflow.lapsDim_transform scheduled__2024-06-17T00:00:00+00:00 [queued]>
[2024-06-18T13:57:34.658+0000] {taskinstance.py:2306} INFO - Starting attempt 1 of 1
[2024-06-18T13:57:34.669+0000] {taskinstance.py:2330} INFO - Executing <Task(_PythonDecoratedOperator): lapsDim_transform> on 2024-06-17 00:00:00+00:00
[2024-06-18T13:57:34.676+0000] {warnings.py:110} WARNING - /home/***/.local/lib/python3.12/site-packages/***/task/task_runner/standard_task_runner.py:61: DeprecationWarning: This process (pid=332) is multi-threaded, use of fork() may lead to deadlocks in the child.
  pid = os.fork()

[2024-06-18T13:57:34.677+0000] {standard_task_runner.py:63} INFO - Started process 341 to run task
[2024-06-18T13:57:34.677+0000] {standard_task_runner.py:90} INFO - Running: ['***', 'tasks', 'run', 'f1_data_pipeline_taskflow', 'lapsDim_transform', 'scheduled__2024-06-17T00:00:00+00:00', '--job-id', '15', '--raw', '--subdir', 'DAGS_FOLDER/etl_dag.py', '--cfg-path', '/tmp/tmp6xtbohsu']
[2024-06-18T13:57:34.679+0000] {standard_task_runner.py:91} INFO - Job 15: Subtask lapsDim_transform
[2024-06-18T13:57:34.718+0000] {task_command.py:426} INFO - Running <TaskInstance: f1_data_pipeline_taskflow.lapsDim_transform scheduled__2024-06-17T00:00:00+00:00 [running]> on host a16dbee39cfe
[2024-06-18T13:57:35.397+0000] {taskinstance.py:2648} INFO - Exporting env vars: AIRFLOW_CTX_DAG_OWNER='***' AIRFLOW_CTX_DAG_ID='f1_data_pipeline_taskflow' AIRFLOW_CTX_TASK_ID='lapsDim_transform' AIRFLOW_CTX_EXECUTION_DATE='2024-06-17T00:00:00+00:00' AIRFLOW_CTX_TRY_NUMBER='1' AIRFLOW_CTX_DAG_RUN_ID='scheduled__2024-06-17T00:00:00+00:00'
[2024-06-18T13:57:35.398+0000] {taskinstance.py:430} INFO - ::endgroup::
[2024-06-18T13:57:35.465+0000] {python.py:237} INFO - Done. Returned value was:         raceId  driverId  ...  milliseconds_laptimes position_laptimes
0          860        18  ...                99264.0                 1
2          860        18  ...                93414.0                 1
4          860        18  ...                93350.0                 1
6          860        18  ...                93131.0                 1
8          860        18  ...                92984.0                 1
...        ...       ...  ...                    ...               ...
518402     953       837  ...                79868.0                15
518405     953       837  ...                82086.0                15
518408     953       837  ...                88272.0                15
518411     953       837  ...                86970.0                15
518414     953       837  ...                84657.0                15

[256836 rows x 6 columns]
[2024-06-18T13:57:35.475+0000] {taskinstance.py:441} INFO - ::group::Post task execution logs
[2024-06-18T13:57:35.803+0000] {taskinstance.py:1206} INFO - Marking task as SUCCESS. dag_id=f1_data_pipeline_taskflow, task_id=lapsDim_transform, run_id=scheduled__2024-06-17T00:00:00+00:00, execution_date=20240617T000000, start_date=20240618T135734, end_date=20240618T135735
[2024-06-18T13:57:35.854+0000] {local_task_job_runner.py:240} INFO - Task exited with return code 0
[2024-06-18T13:57:35.878+0000] {taskinstance.py:3498} INFO - 0 downstream tasks scheduled from follow-on schedule check
[2024-06-18T13:57:35.879+0000] {local_task_job_runner.py:222} INFO - ::endgroup::
[2024-06-18T14:07:09.478+0000] {local_task_job_runner.py:120} INFO - ::group::Pre task execution logs
[2024-06-18T14:07:09.500+0000] {taskinstance.py:2076} INFO - Dependencies all met for dep_context=non-requeueable deps ti=<TaskInstance: f1_data_pipeline_taskflow.lapsDim_transform scheduled__2024-06-17T00:00:00+00:00 [queued]>
[2024-06-18T14:07:09.511+0000] {taskinstance.py:2076} INFO - Dependencies all met for dep_context=requeueable deps ti=<TaskInstance: f1_data_pipeline_taskflow.lapsDim_transform scheduled__2024-06-17T00:00:00+00:00 [queued]>
[2024-06-18T14:07:09.512+0000] {taskinstance.py:2306} INFO - Starting attempt 1 of 1
[2024-06-18T14:07:09.523+0000] {taskinstance.py:2330} INFO - Executing <Task(_PythonDecoratedOperator): lapsDim_transform> on 2024-06-17 00:00:00+00:00
[2024-06-18T14:07:09.531+0000] {warnings.py:110} WARNING - /home/***/.local/lib/python3.12/site-packages/***/task/task_runner/standard_task_runner.py:61: DeprecationWarning: This process (pid=320) is multi-threaded, use of fork() may lead to deadlocks in the child.
  pid = os.fork()

[2024-06-18T14:07:09.533+0000] {standard_task_runner.py:63} INFO - Started process 366 to run task
[2024-06-18T14:07:09.533+0000] {standard_task_runner.py:90} INFO - Running: ['***', 'tasks', 'run', 'f1_data_pipeline_taskflow', 'lapsDim_transform', 'scheduled__2024-06-17T00:00:00+00:00', '--job-id', '19', '--raw', '--subdir', 'DAGS_FOLDER/etl_dag.py', '--cfg-path', '/tmp/tmpbauvxzb1']
[2024-06-18T14:07:09.535+0000] {standard_task_runner.py:91} INFO - Job 19: Subtask lapsDim_transform
[2024-06-18T14:07:09.623+0000] {task_command.py:426} INFO - Running <TaskInstance: f1_data_pipeline_taskflow.lapsDim_transform scheduled__2024-06-17T00:00:00+00:00 [running]> on host f083cbcc503e
[2024-06-18T14:07:10.349+0000] {taskinstance.py:2648} INFO - Exporting env vars: AIRFLOW_CTX_DAG_OWNER='***' AIRFLOW_CTX_DAG_ID='f1_data_pipeline_taskflow' AIRFLOW_CTX_TASK_ID='lapsDim_transform' AIRFLOW_CTX_EXECUTION_DATE='2024-06-17T00:00:00+00:00' AIRFLOW_CTX_TRY_NUMBER='1' AIRFLOW_CTX_DAG_RUN_ID='scheduled__2024-06-17T00:00:00+00:00'
[2024-06-18T14:07:10.349+0000] {taskinstance.py:430} INFO - ::endgroup::
[2024-06-18T14:07:10.415+0000] {python.py:237} INFO - Done. Returned value was:         raceId  driverId  ...  milliseconds_laptimes position_laptimes
0          860        18  ...                99264.0                 1
2          860        18  ...                93414.0                 1
4          860        18  ...                93350.0                 1
6          860        18  ...                93131.0                 1
8          860        18  ...                92984.0                 1
...        ...       ...  ...                    ...               ...
518402     953       837  ...                79868.0                15
518405     953       837  ...                82086.0                15
518408     953       837  ...                88272.0                15
518411     953       837  ...                86970.0                15
518414     953       837  ...                84657.0                15

[256836 rows x 6 columns]
[2024-06-18T14:07:10.423+0000] {taskinstance.py:441} INFO - ::group::Post task execution logs
[2024-06-18T14:07:10.763+0000] {taskinstance.py:1206} INFO - Marking task as SUCCESS. dag_id=f1_data_pipeline_taskflow, task_id=lapsDim_transform, run_id=scheduled__2024-06-17T00:00:00+00:00, execution_date=20240617T000000, start_date=20240618T140709, end_date=20240618T140710
[2024-06-18T14:07:10.792+0000] {local_task_job_runner.py:240} INFO - Task exited with return code 0
[2024-06-18T14:07:10.809+0000] {taskinstance.py:3498} INFO - 0 downstream tasks scheduled from follow-on schedule check
[2024-06-18T14:07:10.811+0000] {local_task_job_runner.py:222} INFO - ::endgroup::
