[2024-06-18T07:20:00.407+0000] {local_task_job_runner.py:120} INFO - ::group::Pre task execution logs
[2024-06-18T07:20:00.424+0000] {taskinstance.py:2076} INFO - Dependencies all met for dep_context=non-requeueable deps ti=<TaskInstance: f1_data_pipeline_taskflow.load_status_task scheduled__2024-06-17T00:00:00+00:00 [queued]>
[2024-06-18T07:20:00.430+0000] {taskinstance.py:2076} INFO - Dependencies all met for dep_context=requeueable deps ti=<TaskInstance: f1_data_pipeline_taskflow.load_status_task scheduled__2024-06-17T00:00:00+00:00 [queued]>
[2024-06-18T07:20:00.431+0000] {taskinstance.py:2306} INFO - Starting attempt 1 of 1
[2024-06-18T07:20:00.440+0000] {taskinstance.py:2330} INFO - Executing <Task(_PythonDecoratedOperator): load_status_task> on 2024-06-17 00:00:00+00:00
[2024-06-18T07:20:00.446+0000] {warnings.py:110} WARNING - /home/***/.local/lib/python3.12/site-packages/***/task/task_runner/standard_task_runner.py:61: DeprecationWarning: This process (pid=510) is multi-threaded, use of fork() may lead to deadlocks in the child.
  pid = os.fork()

[2024-06-18T07:20:00.447+0000] {standard_task_runner.py:63} INFO - Started process 522 to run task
[2024-06-18T07:20:00.447+0000] {standard_task_runner.py:90} INFO - Running: ['***', 'tasks', 'run', 'f1_data_pipeline_taskflow', 'load_status_task', 'scheduled__2024-06-17T00:00:00+00:00', '--job-id', '25', '--raw', '--subdir', 'DAGS_FOLDER/etl_dag.py', '--cfg-path', '/tmp/tmp1xwk96uh']
[2024-06-18T07:20:00.449+0000] {standard_task_runner.py:91} INFO - Job 25: Subtask load_status_task
[2024-06-18T07:20:00.492+0000] {task_command.py:426} INFO - Running <TaskInstance: f1_data_pipeline_taskflow.load_status_task scheduled__2024-06-17T00:00:00+00:00 [running]> on host ce62f6b650cd
[2024-06-18T07:20:00.589+0000] {taskinstance.py:2648} INFO - Exporting env vars: AIRFLOW_CTX_DAG_OWNER='***' AIRFLOW_CTX_DAG_ID='f1_data_pipeline_taskflow' AIRFLOW_CTX_TASK_ID='load_status_task' AIRFLOW_CTX_EXECUTION_DATE='2024-06-17T00:00:00+00:00' AIRFLOW_CTX_TRY_NUMBER='1' AIRFLOW_CTX_DAG_RUN_ID='scheduled__2024-06-17T00:00:00+00:00'
[2024-06-18T07:20:00.590+0000] {taskinstance.py:430} INFO - ::endgroup::
[2024-06-18T07:20:00.591+0000] {crypto.py:82} WARNING - empty cryptography key - values will not be stored encrypted.
[2024-06-18T07:20:00.592+0000] {base.py:84} INFO - Using connection ID 'sourcedb_connection' for task execution.
[2024-06-18T07:20:00.606+0000] {python.py:237} INFO - Done. Returned value was: None
[2024-06-18T07:20:00.606+0000] {taskinstance.py:441} INFO - ::group::Post task execution logs
[2024-06-18T07:20:00.613+0000] {taskinstance.py:1206} INFO - Marking task as SUCCESS. dag_id=f1_data_pipeline_taskflow, task_id=load_status_task, run_id=scheduled__2024-06-17T00:00:00+00:00, execution_date=20240617T000000, start_date=20240618T072000, end_date=20240618T072000
[2024-06-18T07:20:00.661+0000] {local_task_job_runner.py:240} INFO - Task exited with return code 0
[2024-06-18T07:20:00.677+0000] {taskinstance.py:3498} INFO - 0 downstream tasks scheduled from follow-on schedule check
[2024-06-18T07:20:00.678+0000] {local_task_job_runner.py:222} INFO - ::endgroup::
[2024-06-18T08:12:09.858+0000] {local_task_job_runner.py:120} INFO - ::group::Pre task execution logs
[2024-06-18T08:12:09.875+0000] {taskinstance.py:2076} INFO - Dependencies all met for dep_context=non-requeueable deps ti=<TaskInstance: f1_data_pipeline_taskflow.load_status_task scheduled__2024-06-17T00:00:00+00:00 [queued]>
[2024-06-18T08:12:09.882+0000] {taskinstance.py:2076} INFO - Dependencies all met for dep_context=requeueable deps ti=<TaskInstance: f1_data_pipeline_taskflow.load_status_task scheduled__2024-06-17T00:00:00+00:00 [queued]>
[2024-06-18T08:12:09.882+0000] {taskinstance.py:2306} INFO - Starting attempt 1 of 1
[2024-06-18T08:12:09.893+0000] {taskinstance.py:2330} INFO - Executing <Task(_PythonDecoratedOperator): load_status_task> on 2024-06-17 00:00:00+00:00
[2024-06-18T08:12:09.899+0000] {warnings.py:110} WARNING - /home/***/.local/lib/python3.12/site-packages/***/task/task_runner/standard_task_runner.py:61: DeprecationWarning: This process (pid=504) is multi-threaded, use of fork() may lead to deadlocks in the child.
  pid = os.fork()

[2024-06-18T08:12:09.900+0000] {standard_task_runner.py:63} INFO - Started process 518 to run task
[2024-06-18T08:12:09.901+0000] {standard_task_runner.py:90} INFO - Running: ['***', 'tasks', 'run', 'f1_data_pipeline_taskflow', 'load_status_task', 'scheduled__2024-06-17T00:00:00+00:00', '--job-id', '26', '--raw', '--subdir', 'DAGS_FOLDER/etl_dag.py', '--cfg-path', '/tmp/tmp2b9n2__6']
[2024-06-18T08:12:09.902+0000] {standard_task_runner.py:91} INFO - Job 26: Subtask load_status_task
[2024-06-18T08:12:09.941+0000] {task_command.py:426} INFO - Running <TaskInstance: f1_data_pipeline_taskflow.load_status_task scheduled__2024-06-17T00:00:00+00:00 [running]> on host 0a8bae48237c
[2024-06-18T08:12:10.041+0000] {taskinstance.py:2648} INFO - Exporting env vars: AIRFLOW_CTX_DAG_OWNER='***' AIRFLOW_CTX_DAG_ID='f1_data_pipeline_taskflow' AIRFLOW_CTX_TASK_ID='load_status_task' AIRFLOW_CTX_EXECUTION_DATE='2024-06-17T00:00:00+00:00' AIRFLOW_CTX_TRY_NUMBER='1' AIRFLOW_CTX_DAG_RUN_ID='scheduled__2024-06-17T00:00:00+00:00'
[2024-06-18T08:12:10.042+0000] {taskinstance.py:430} INFO - ::endgroup::
[2024-06-18T08:12:10.043+0000] {crypto.py:82} WARNING - empty cryptography key - values will not be stored encrypted.
[2024-06-18T08:12:10.043+0000] {base.py:84} INFO - Using connection ID 'sourcedb_connection' for task execution.
[2024-06-18T08:12:10.059+0000] {python.py:237} INFO - Done. Returned value was: None
[2024-06-18T08:12:10.059+0000] {taskinstance.py:441} INFO - ::group::Post task execution logs
[2024-06-18T08:12:10.066+0000] {taskinstance.py:1206} INFO - Marking task as SUCCESS. dag_id=f1_data_pipeline_taskflow, task_id=load_status_task, run_id=scheduled__2024-06-17T00:00:00+00:00, execution_date=20240617T000000, start_date=20240618T081209, end_date=20240618T081210
[2024-06-18T08:12:10.114+0000] {local_task_job_runner.py:240} INFO - Task exited with return code 0
[2024-06-18T08:12:10.130+0000] {taskinstance.py:3498} INFO - 0 downstream tasks scheduled from follow-on schedule check
[2024-06-18T08:12:10.131+0000] {local_task_job_runner.py:222} INFO - ::endgroup::
[2024-06-18T08:22:48.421+0000] {local_task_job_runner.py:120} INFO - ::group::Pre task execution logs
[2024-06-18T08:22:48.440+0000] {taskinstance.py:2076} INFO - Dependencies all met for dep_context=non-requeueable deps ti=<TaskInstance: f1_data_pipeline_taskflow.load_status_task scheduled__2024-06-17T00:00:00+00:00 [queued]>
[2024-06-18T08:22:48.446+0000] {taskinstance.py:2076} INFO - Dependencies all met for dep_context=requeueable deps ti=<TaskInstance: f1_data_pipeline_taskflow.load_status_task scheduled__2024-06-17T00:00:00+00:00 [queued]>
[2024-06-18T08:22:48.446+0000] {taskinstance.py:2306} INFO - Starting attempt 1 of 1
[2024-06-18T08:22:48.455+0000] {taskinstance.py:2330} INFO - Executing <Task(_PythonDecoratedOperator): load_status_task> on 2024-06-17 00:00:00+00:00
[2024-06-18T08:22:48.461+0000] {warnings.py:110} WARNING - /home/***/.local/lib/python3.12/site-packages/***/task/task_runner/standard_task_runner.py:61: DeprecationWarning: This process (pid=540) is multi-threaded, use of fork() may lead to deadlocks in the child.
  pid = os.fork()

[2024-06-18T08:22:48.462+0000] {standard_task_runner.py:63} INFO - Started process 550 to run task
[2024-06-18T08:22:48.462+0000] {standard_task_runner.py:90} INFO - Running: ['***', 'tasks', 'run', 'f1_data_pipeline_taskflow', 'load_status_task', 'scheduled__2024-06-17T00:00:00+00:00', '--job-id', '25', '--raw', '--subdir', 'DAGS_FOLDER/etl_dag.py', '--cfg-path', '/tmp/tmpz4mon74e']
[2024-06-18T08:22:48.464+0000] {standard_task_runner.py:91} INFO - Job 25: Subtask load_status_task
[2024-06-18T08:22:48.505+0000] {task_command.py:426} INFO - Running <TaskInstance: f1_data_pipeline_taskflow.load_status_task scheduled__2024-06-17T00:00:00+00:00 [running]> on host 7d3c9e9f45b7
[2024-06-18T08:22:48.605+0000] {taskinstance.py:2648} INFO - Exporting env vars: AIRFLOW_CTX_DAG_OWNER='***' AIRFLOW_CTX_DAG_ID='f1_data_pipeline_taskflow' AIRFLOW_CTX_TASK_ID='load_status_task' AIRFLOW_CTX_EXECUTION_DATE='2024-06-17T00:00:00+00:00' AIRFLOW_CTX_TRY_NUMBER='1' AIRFLOW_CTX_DAG_RUN_ID='scheduled__2024-06-17T00:00:00+00:00'
[2024-06-18T08:22:48.606+0000] {taskinstance.py:430} INFO - ::endgroup::
[2024-06-18T08:22:48.607+0000] {crypto.py:82} WARNING - empty cryptography key - values will not be stored encrypted.
[2024-06-18T08:22:48.607+0000] {base.py:84} INFO - Using connection ID 'sourcedb_connection' for task execution.
[2024-06-18T08:22:48.620+0000] {python.py:237} INFO - Done. Returned value was: None
[2024-06-18T08:22:48.621+0000] {taskinstance.py:441} INFO - ::group::Post task execution logs
[2024-06-18T08:22:48.629+0000] {taskinstance.py:1206} INFO - Marking task as SUCCESS. dag_id=f1_data_pipeline_taskflow, task_id=load_status_task, run_id=scheduled__2024-06-17T00:00:00+00:00, execution_date=20240617T000000, start_date=20240618T082248, end_date=20240618T082248
[2024-06-18T08:22:48.675+0000] {local_task_job_runner.py:240} INFO - Task exited with return code 0
[2024-06-18T08:22:48.692+0000] {taskinstance.py:3498} INFO - 0 downstream tasks scheduled from follow-on schedule check
[2024-06-18T08:22:48.694+0000] {local_task_job_runner.py:222} INFO - ::endgroup::
[2024-06-18T08:30:15.819+0000] {local_task_job_runner.py:120} INFO - ::group::Pre task execution logs
[2024-06-18T08:30:15.834+0000] {taskinstance.py:2076} INFO - Dependencies all met for dep_context=non-requeueable deps ti=<TaskInstance: f1_data_pipeline_taskflow.load_status_task scheduled__2024-06-17T00:00:00+00:00 [queued]>
[2024-06-18T08:30:15.840+0000] {taskinstance.py:2076} INFO - Dependencies all met for dep_context=requeueable deps ti=<TaskInstance: f1_data_pipeline_taskflow.load_status_task scheduled__2024-06-17T00:00:00+00:00 [queued]>
[2024-06-18T08:30:15.841+0000] {taskinstance.py:2306} INFO - Starting attempt 1 of 1
[2024-06-18T08:30:15.849+0000] {taskinstance.py:2330} INFO - Executing <Task(_PythonDecoratedOperator): load_status_task> on 2024-06-17 00:00:00+00:00
[2024-06-18T08:30:15.855+0000] {warnings.py:110} WARNING - /home/***/.local/lib/python3.12/site-packages/***/task/task_runner/standard_task_runner.py:61: DeprecationWarning: This process (pid=509) is multi-threaded, use of fork() may lead to deadlocks in the child.
  pid = os.fork()

[2024-06-18T08:30:15.856+0000] {standard_task_runner.py:63} INFO - Started process 564 to run task
[2024-06-18T08:30:15.856+0000] {standard_task_runner.py:90} INFO - Running: ['***', 'tasks', 'run', 'f1_data_pipeline_taskflow', 'load_status_task', 'scheduled__2024-06-17T00:00:00+00:00', '--job-id', '29', '--raw', '--subdir', 'DAGS_FOLDER/etl_dag.py', '--cfg-path', '/tmp/tmpd3zq_k2_']
[2024-06-18T08:30:15.857+0000] {standard_task_runner.py:91} INFO - Job 29: Subtask load_status_task
[2024-06-18T08:30:15.892+0000] {task_command.py:426} INFO - Running <TaskInstance: f1_data_pipeline_taskflow.load_status_task scheduled__2024-06-17T00:00:00+00:00 [running]> on host d26fdf24870c
[2024-06-18T08:30:15.989+0000] {taskinstance.py:2648} INFO - Exporting env vars: AIRFLOW_CTX_DAG_OWNER='***' AIRFLOW_CTX_DAG_ID='f1_data_pipeline_taskflow' AIRFLOW_CTX_TASK_ID='load_status_task' AIRFLOW_CTX_EXECUTION_DATE='2024-06-17T00:00:00+00:00' AIRFLOW_CTX_TRY_NUMBER='1' AIRFLOW_CTX_DAG_RUN_ID='scheduled__2024-06-17T00:00:00+00:00'
[2024-06-18T08:30:15.990+0000] {taskinstance.py:430} INFO - ::endgroup::
[2024-06-18T08:30:15.991+0000] {crypto.py:82} WARNING - empty cryptography key - values will not be stored encrypted.
[2024-06-18T08:30:15.992+0000] {base.py:84} INFO - Using connection ID 'sourcedb_connection' for task execution.
[2024-06-18T08:30:16.005+0000] {python.py:237} INFO - Done. Returned value was: None
[2024-06-18T08:30:16.006+0000] {taskinstance.py:441} INFO - ::group::Post task execution logs
[2024-06-18T08:30:16.013+0000] {taskinstance.py:1206} INFO - Marking task as SUCCESS. dag_id=f1_data_pipeline_taskflow, task_id=load_status_task, run_id=scheduled__2024-06-17T00:00:00+00:00, execution_date=20240617T000000, start_date=20240618T083015, end_date=20240618T083016
[2024-06-18T08:30:16.029+0000] {local_task_job_runner.py:240} INFO - Task exited with return code 0
[2024-06-18T08:30:16.046+0000] {taskinstance.py:3498} INFO - 0 downstream tasks scheduled from follow-on schedule check
[2024-06-18T08:30:16.047+0000] {local_task_job_runner.py:222} INFO - ::endgroup::
[2024-06-18T08:54:46.386+0000] {local_task_job_runner.py:120} INFO - ::group::Pre task execution logs
[2024-06-18T08:54:46.407+0000] {taskinstance.py:2076} INFO - Dependencies all met for dep_context=non-requeueable deps ti=<TaskInstance: f1_data_pipeline_taskflow.load_status_task scheduled__2024-06-17T00:00:00+00:00 [queued]>
[2024-06-18T08:54:46.416+0000] {taskinstance.py:2076} INFO - Dependencies all met for dep_context=requeueable deps ti=<TaskInstance: f1_data_pipeline_taskflow.load_status_task scheduled__2024-06-17T00:00:00+00:00 [queued]>
[2024-06-18T08:54:46.416+0000] {taskinstance.py:2306} INFO - Starting attempt 1 of 1
[2024-06-18T08:54:46.426+0000] {taskinstance.py:2330} INFO - Executing <Task(_PythonDecoratedOperator): load_status_task> on 2024-06-17 00:00:00+00:00
[2024-06-18T08:54:46.432+0000] {warnings.py:110} WARNING - /home/***/.local/lib/python3.12/site-packages/***/task/task_runner/standard_task_runner.py:61: DeprecationWarning: This process (pid=512) is multi-threaded, use of fork() may lead to deadlocks in the child.
  pid = os.fork()

[2024-06-18T08:54:46.433+0000] {standard_task_runner.py:63} INFO - Started process 523 to run task
[2024-06-18T08:54:46.434+0000] {standard_task_runner.py:90} INFO - Running: ['***', 'tasks', 'run', 'f1_data_pipeline_taskflow', 'load_status_task', 'scheduled__2024-06-17T00:00:00+00:00', '--job-id', '25', '--raw', '--subdir', 'DAGS_FOLDER/etl_dag.py', '--cfg-path', '/tmp/tmpkdmhbhgo']
[2024-06-18T08:54:46.435+0000] {standard_task_runner.py:91} INFO - Job 25: Subtask load_status_task
[2024-06-18T08:54:46.479+0000] {task_command.py:426} INFO - Running <TaskInstance: f1_data_pipeline_taskflow.load_status_task scheduled__2024-06-17T00:00:00+00:00 [running]> on host 70dbe2d93c7b
[2024-06-18T08:54:46.596+0000] {taskinstance.py:2648} INFO - Exporting env vars: AIRFLOW_CTX_DAG_OWNER='***' AIRFLOW_CTX_DAG_ID='f1_data_pipeline_taskflow' AIRFLOW_CTX_TASK_ID='load_status_task' AIRFLOW_CTX_EXECUTION_DATE='2024-06-17T00:00:00+00:00' AIRFLOW_CTX_TRY_NUMBER='1' AIRFLOW_CTX_DAG_RUN_ID='scheduled__2024-06-17T00:00:00+00:00'
[2024-06-18T08:54:46.598+0000] {taskinstance.py:430} INFO - ::endgroup::
[2024-06-18T08:54:46.599+0000] {crypto.py:82} WARNING - empty cryptography key - values will not be stored encrypted.
[2024-06-18T08:54:46.600+0000] {base.py:84} INFO - Using connection ID 'sourcedb_connection' for task execution.
[2024-06-18T08:54:46.619+0000] {python.py:237} INFO - Done. Returned value was: None
[2024-06-18T08:54:46.619+0000] {taskinstance.py:441} INFO - ::group::Post task execution logs
[2024-06-18T08:54:46.627+0000] {taskinstance.py:1206} INFO - Marking task as SUCCESS. dag_id=f1_data_pipeline_taskflow, task_id=load_status_task, run_id=scheduled__2024-06-17T00:00:00+00:00, execution_date=20240617T000000, start_date=20240618T085446, end_date=20240618T085446
[2024-06-18T08:54:46.647+0000] {local_task_job_runner.py:240} INFO - Task exited with return code 0
[2024-06-18T08:54:46.671+0000] {taskinstance.py:3498} INFO - 0 downstream tasks scheduled from follow-on schedule check
[2024-06-18T08:54:46.674+0000] {local_task_job_runner.py:222} INFO - ::endgroup::
[2024-06-18T08:58:19.625+0000] {local_task_job_runner.py:120} INFO - ::group::Pre task execution logs
[2024-06-18T08:58:19.641+0000] {taskinstance.py:2076} INFO - Dependencies all met for dep_context=non-requeueable deps ti=<TaskInstance: f1_data_pipeline_taskflow.load_status_task scheduled__2024-06-17T00:00:00+00:00 [queued]>
[2024-06-18T08:58:19.648+0000] {taskinstance.py:2076} INFO - Dependencies all met for dep_context=requeueable deps ti=<TaskInstance: f1_data_pipeline_taskflow.load_status_task scheduled__2024-06-17T00:00:00+00:00 [queued]>
[2024-06-18T08:58:19.648+0000] {taskinstance.py:2306} INFO - Starting attempt 1 of 1
[2024-06-18T08:58:19.656+0000] {taskinstance.py:2330} INFO - Executing <Task(_PythonDecoratedOperator): load_status_task> on 2024-06-17 00:00:00+00:00
[2024-06-18T08:58:19.663+0000] {warnings.py:110} WARNING - /home/***/.local/lib/python3.12/site-packages/***/task/task_runner/standard_task_runner.py:61: DeprecationWarning: This process (pid=480) is multi-threaded, use of fork() may lead to deadlocks in the child.
  pid = os.fork()

[2024-06-18T08:58:19.664+0000] {standard_task_runner.py:63} INFO - Started process 492 to run task
[2024-06-18T08:58:19.664+0000] {standard_task_runner.py:90} INFO - Running: ['***', 'tasks', 'run', 'f1_data_pipeline_taskflow', 'load_status_task', 'scheduled__2024-06-17T00:00:00+00:00', '--job-id', '26', '--raw', '--subdir', 'DAGS_FOLDER/etl_dag.py', '--cfg-path', '/tmp/tmpvpzb6orq']
[2024-06-18T08:58:19.666+0000] {standard_task_runner.py:91} INFO - Job 26: Subtask load_status_task
[2024-06-18T08:58:19.706+0000] {task_command.py:426} INFO - Running <TaskInstance: f1_data_pipeline_taskflow.load_status_task scheduled__2024-06-17T00:00:00+00:00 [running]> on host 85d13f87db98
[2024-06-18T08:58:19.811+0000] {taskinstance.py:2648} INFO - Exporting env vars: AIRFLOW_CTX_DAG_OWNER='***' AIRFLOW_CTX_DAG_ID='f1_data_pipeline_taskflow' AIRFLOW_CTX_TASK_ID='load_status_task' AIRFLOW_CTX_EXECUTION_DATE='2024-06-17T00:00:00+00:00' AIRFLOW_CTX_TRY_NUMBER='1' AIRFLOW_CTX_DAG_RUN_ID='scheduled__2024-06-17T00:00:00+00:00'
[2024-06-18T08:58:19.812+0000] {taskinstance.py:430} INFO - ::endgroup::
[2024-06-18T08:58:19.813+0000] {crypto.py:82} WARNING - empty cryptography key - values will not be stored encrypted.
[2024-06-18T08:58:19.814+0000] {base.py:84} INFO - Using connection ID 'sourcedb_connection' for task execution.
[2024-06-18T08:58:19.830+0000] {python.py:237} INFO - Done. Returned value was: None
[2024-06-18T08:58:19.831+0000] {taskinstance.py:441} INFO - ::group::Post task execution logs
[2024-06-18T08:58:19.838+0000] {taskinstance.py:1206} INFO - Marking task as SUCCESS. dag_id=f1_data_pipeline_taskflow, task_id=load_status_task, run_id=scheduled__2024-06-17T00:00:00+00:00, execution_date=20240617T000000, start_date=20240618T085819, end_date=20240618T085819
[2024-06-18T08:58:19.877+0000] {local_task_job_runner.py:240} INFO - Task exited with return code 0
[2024-06-18T08:58:19.903+0000] {taskinstance.py:3498} INFO - 0 downstream tasks scheduled from follow-on schedule check
[2024-06-18T08:58:19.908+0000] {local_task_job_runner.py:222} INFO - ::endgroup::
[2024-06-18T11:55:44.325+0000] {local_task_job_runner.py:120} INFO - ::group::Pre task execution logs
[2024-06-18T11:55:44.342+0000] {taskinstance.py:2076} INFO - Dependencies all met for dep_context=non-requeueable deps ti=<TaskInstance: f1_data_pipeline_taskflow.load_status_task scheduled__2024-06-17T00:00:00+00:00 [queued]>
[2024-06-18T11:55:44.348+0000] {taskinstance.py:2076} INFO - Dependencies all met for dep_context=requeueable deps ti=<TaskInstance: f1_data_pipeline_taskflow.load_status_task scheduled__2024-06-17T00:00:00+00:00 [queued]>
[2024-06-18T11:55:44.348+0000] {taskinstance.py:2306} INFO - Starting attempt 1 of 1
[2024-06-18T11:55:44.357+0000] {taskinstance.py:2330} INFO - Executing <Task(_PythonDecoratedOperator): load_status_task> on 2024-06-17 00:00:00+00:00
[2024-06-18T11:55:44.363+0000] {warnings.py:110} WARNING - /home/***/.local/lib/python3.12/site-packages/***/task/task_runner/standard_task_runner.py:61: DeprecationWarning: This process (pid=491) is multi-threaded, use of fork() may lead to deadlocks in the child.
  pid = os.fork()

[2024-06-18T11:55:44.364+0000] {standard_task_runner.py:63} INFO - Started process 562 to run task
[2024-06-18T11:55:44.365+0000] {standard_task_runner.py:90} INFO - Running: ['***', 'tasks', 'run', 'f1_data_pipeline_taskflow', 'load_status_task', 'scheduled__2024-06-17T00:00:00+00:00', '--job-id', '29', '--raw', '--subdir', 'DAGS_FOLDER/etl_dag.py', '--cfg-path', '/tmp/tmpqytb_pqp']
[2024-06-18T11:55:44.366+0000] {standard_task_runner.py:91} INFO - Job 29: Subtask load_status_task
[2024-06-18T11:55:44.401+0000] {task_command.py:426} INFO - Running <TaskInstance: f1_data_pipeline_taskflow.load_status_task scheduled__2024-06-17T00:00:00+00:00 [running]> on host 21d7efd887f9
[2024-06-18T11:55:44.523+0000] {taskinstance.py:2648} INFO - Exporting env vars: AIRFLOW_CTX_DAG_OWNER='***' AIRFLOW_CTX_DAG_ID='f1_data_pipeline_taskflow' AIRFLOW_CTX_TASK_ID='load_status_task' AIRFLOW_CTX_EXECUTION_DATE='2024-06-17T00:00:00+00:00' AIRFLOW_CTX_TRY_NUMBER='1' AIRFLOW_CTX_DAG_RUN_ID='scheduled__2024-06-17T00:00:00+00:00'
[2024-06-18T11:55:44.524+0000] {taskinstance.py:430} INFO - ::endgroup::
[2024-06-18T11:55:44.525+0000] {crypto.py:82} WARNING - empty cryptography key - values will not be stored encrypted.
[2024-06-18T11:55:44.526+0000] {base.py:84} INFO - Using connection ID 'sourcedb_connection' for task execution.
[2024-06-18T11:55:44.546+0000] {python.py:237} INFO - Done. Returned value was: None
[2024-06-18T11:55:44.546+0000] {taskinstance.py:441} INFO - ::group::Post task execution logs
[2024-06-18T11:55:44.556+0000] {taskinstance.py:1206} INFO - Marking task as SUCCESS. dag_id=f1_data_pipeline_taskflow, task_id=load_status_task, run_id=scheduled__2024-06-17T00:00:00+00:00, execution_date=20240617T000000, start_date=20240618T115544, end_date=20240618T115544
[2024-06-18T11:55:44.578+0000] {local_task_job_runner.py:240} INFO - Task exited with return code 0
[2024-06-18T11:55:44.594+0000] {taskinstance.py:3498} INFO - 0 downstream tasks scheduled from follow-on schedule check
[2024-06-18T11:55:44.596+0000] {local_task_job_runner.py:222} INFO - ::endgroup::
[2024-06-18T12:52:48.254+0000] {local_task_job_runner.py:120} INFO - ::group::Pre task execution logs
[2024-06-18T12:52:48.272+0000] {taskinstance.py:2076} INFO - Dependencies all met for dep_context=non-requeueable deps ti=<TaskInstance: f1_data_pipeline_taskflow.load_status_task scheduled__2024-06-17T00:00:00+00:00 [queued]>
[2024-06-18T12:52:48.279+0000] {taskinstance.py:2076} INFO - Dependencies all met for dep_context=requeueable deps ti=<TaskInstance: f1_data_pipeline_taskflow.load_status_task scheduled__2024-06-17T00:00:00+00:00 [queued]>
[2024-06-18T12:52:48.279+0000] {taskinstance.py:2306} INFO - Starting attempt 1 of 1
[2024-06-18T12:52:48.289+0000] {taskinstance.py:2330} INFO - Executing <Task(_PythonDecoratedOperator): load_status_task> on 2024-06-17 00:00:00+00:00
[2024-06-18T12:52:48.295+0000] {warnings.py:110} WARNING - /home/***/.local/lib/python3.12/site-packages/***/task/task_runner/standard_task_runner.py:61: DeprecationWarning: This process (pid=492) is multi-threaded, use of fork() may lead to deadlocks in the child.
  pid = os.fork()

[2024-06-18T12:52:48.296+0000] {standard_task_runner.py:63} INFO - Started process 507 to run task
[2024-06-18T12:52:48.297+0000] {standard_task_runner.py:90} INFO - Running: ['***', 'tasks', 'run', 'f1_data_pipeline_taskflow', 'load_status_task', 'scheduled__2024-06-17T00:00:00+00:00', '--job-id', '27', '--raw', '--subdir', 'DAGS_FOLDER/etl_dag.py', '--cfg-path', '/tmp/tmps0tcsgo6']
[2024-06-18T12:52:48.299+0000] {standard_task_runner.py:91} INFO - Job 27: Subtask load_status_task
[2024-06-18T12:52:48.343+0000] {task_command.py:426} INFO - Running <TaskInstance: f1_data_pipeline_taskflow.load_status_task scheduled__2024-06-17T00:00:00+00:00 [running]> on host 29634c3e6318
[2024-06-18T12:52:48.475+0000] {taskinstance.py:2648} INFO - Exporting env vars: AIRFLOW_CTX_DAG_OWNER='***' AIRFLOW_CTX_DAG_ID='f1_data_pipeline_taskflow' AIRFLOW_CTX_TASK_ID='load_status_task' AIRFLOW_CTX_EXECUTION_DATE='2024-06-17T00:00:00+00:00' AIRFLOW_CTX_TRY_NUMBER='1' AIRFLOW_CTX_DAG_RUN_ID='scheduled__2024-06-17T00:00:00+00:00'
[2024-06-18T12:52:48.476+0000] {taskinstance.py:430} INFO - ::endgroup::
[2024-06-18T12:52:48.478+0000] {crypto.py:82} WARNING - empty cryptography key - values will not be stored encrypted.
[2024-06-18T12:52:48.478+0000] {base.py:84} INFO - Using connection ID 'sourcedb_connection' for task execution.
[2024-06-18T12:52:48.509+0000] {python.py:237} INFO - Done. Returned value was: None
[2024-06-18T12:52:48.510+0000] {taskinstance.py:441} INFO - ::group::Post task execution logs
[2024-06-18T12:52:48.519+0000] {taskinstance.py:1206} INFO - Marking task as SUCCESS. dag_id=f1_data_pipeline_taskflow, task_id=load_status_task, run_id=scheduled__2024-06-17T00:00:00+00:00, execution_date=20240617T000000, start_date=20240618T125248, end_date=20240618T125248
[2024-06-18T12:52:48.550+0000] {local_task_job_runner.py:240} INFO - Task exited with return code 0
[2024-06-18T12:52:48.573+0000] {taskinstance.py:3498} INFO - 0 downstream tasks scheduled from follow-on schedule check
[2024-06-18T12:52:48.575+0000] {local_task_job_runner.py:222} INFO - ::endgroup::
[2024-06-18T13:18:17.357+0000] {local_task_job_runner.py:120} INFO - ::group::Pre task execution logs
[2024-06-18T13:18:17.375+0000] {taskinstance.py:2076} INFO - Dependencies all met for dep_context=non-requeueable deps ti=<TaskInstance: f1_data_pipeline_taskflow.load_status_task scheduled__2024-06-17T00:00:00+00:00 [queued]>
[2024-06-18T13:18:17.381+0000] {taskinstance.py:2076} INFO - Dependencies all met for dep_context=requeueable deps ti=<TaskInstance: f1_data_pipeline_taskflow.load_status_task scheduled__2024-06-17T00:00:00+00:00 [queued]>
[2024-06-18T13:18:17.382+0000] {taskinstance.py:2306} INFO - Starting attempt 1 of 1
[2024-06-18T13:18:17.391+0000] {taskinstance.py:2330} INFO - Executing <Task(_PythonDecoratedOperator): load_status_task> on 2024-06-17 00:00:00+00:00
[2024-06-18T13:18:17.398+0000] {warnings.py:110} WARNING - /home/***/.local/lib/python3.12/site-packages/***/task/task_runner/standard_task_runner.py:61: DeprecationWarning: This process (pid=516) is multi-threaded, use of fork() may lead to deadlocks in the child.
  pid = os.fork()

[2024-06-18T13:18:17.399+0000] {standard_task_runner.py:63} INFO - Started process 528 to run task
[2024-06-18T13:18:17.400+0000] {standard_task_runner.py:90} INFO - Running: ['***', 'tasks', 'run', 'f1_data_pipeline_taskflow', 'load_status_task', 'scheduled__2024-06-17T00:00:00+00:00', '--job-id', '26', '--raw', '--subdir', 'DAGS_FOLDER/etl_dag.py', '--cfg-path', '/tmp/tmp11q6yh6y']
[2024-06-18T13:18:17.401+0000] {standard_task_runner.py:91} INFO - Job 26: Subtask load_status_task
[2024-06-18T13:18:17.443+0000] {task_command.py:426} INFO - Running <TaskInstance: f1_data_pipeline_taskflow.load_status_task scheduled__2024-06-17T00:00:00+00:00 [running]> on host 642827d53473
[2024-06-18T13:18:17.550+0000] {taskinstance.py:2648} INFO - Exporting env vars: AIRFLOW_CTX_DAG_OWNER='***' AIRFLOW_CTX_DAG_ID='f1_data_pipeline_taskflow' AIRFLOW_CTX_TASK_ID='load_status_task' AIRFLOW_CTX_EXECUTION_DATE='2024-06-17T00:00:00+00:00' AIRFLOW_CTX_TRY_NUMBER='1' AIRFLOW_CTX_DAG_RUN_ID='scheduled__2024-06-17T00:00:00+00:00'
[2024-06-18T13:18:17.551+0000] {taskinstance.py:430} INFO - ::endgroup::
[2024-06-18T13:18:17.552+0000] {crypto.py:82} WARNING - empty cryptography key - values will not be stored encrypted.
[2024-06-18T13:18:17.553+0000] {base.py:84} INFO - Using connection ID 'sourcedb_connection' for task execution.
[2024-06-18T13:18:17.568+0000] {python.py:237} INFO - Done. Returned value was: None
[2024-06-18T13:18:17.569+0000] {taskinstance.py:441} INFO - ::group::Post task execution logs
[2024-06-18T13:18:17.578+0000] {taskinstance.py:1206} INFO - Marking task as SUCCESS. dag_id=f1_data_pipeline_taskflow, task_id=load_status_task, run_id=scheduled__2024-06-17T00:00:00+00:00, execution_date=20240617T000000, start_date=20240618T131817, end_date=20240618T131817
[2024-06-18T13:18:17.613+0000] {local_task_job_runner.py:240} INFO - Task exited with return code 0
[2024-06-18T13:18:17.641+0000] {taskinstance.py:3498} INFO - 0 downstream tasks scheduled from follow-on schedule check
[2024-06-18T13:18:17.645+0000] {local_task_job_runner.py:222} INFO - ::endgroup::
[2024-06-18T13:28:28.366+0000] {local_task_job_runner.py:120} INFO - ::group::Pre task execution logs
[2024-06-18T13:28:28.392+0000] {taskinstance.py:2076} INFO - Dependencies all met for dep_context=non-requeueable deps ti=<TaskInstance: f1_data_pipeline_taskflow.load_status_task scheduled__2024-06-17T00:00:00+00:00 [queued]>
[2024-06-18T13:28:28.403+0000] {taskinstance.py:2076} INFO - Dependencies all met for dep_context=requeueable deps ti=<TaskInstance: f1_data_pipeline_taskflow.load_status_task scheduled__2024-06-17T00:00:00+00:00 [queued]>
[2024-06-18T13:28:28.403+0000] {taskinstance.py:2306} INFO - Starting attempt 1 of 1
[2024-06-18T13:28:28.417+0000] {taskinstance.py:2330} INFO - Executing <Task(_PythonDecoratedOperator): load_status_task> on 2024-06-17 00:00:00+00:00
[2024-06-18T13:28:28.424+0000] {warnings.py:110} WARNING - /home/***/.local/lib/python3.12/site-packages/***/task/task_runner/standard_task_runner.py:61: DeprecationWarning: This process (pid=511) is multi-threaded, use of fork() may lead to deadlocks in the child.
  pid = os.fork()

[2024-06-18T13:28:28.425+0000] {standard_task_runner.py:63} INFO - Started process 523 to run task
[2024-06-18T13:28:28.425+0000] {standard_task_runner.py:90} INFO - Running: ['***', 'tasks', 'run', 'f1_data_pipeline_taskflow', 'load_status_task', 'scheduled__2024-06-17T00:00:00+00:00', '--job-id', '27', '--raw', '--subdir', 'DAGS_FOLDER/etl_dag.py', '--cfg-path', '/tmp/tmp26_2nvav']
[2024-06-18T13:28:28.429+0000] {standard_task_runner.py:91} INFO - Job 27: Subtask load_status_task
[2024-06-18T13:28:28.478+0000] {task_command.py:426} INFO - Running <TaskInstance: f1_data_pipeline_taskflow.load_status_task scheduled__2024-06-17T00:00:00+00:00 [running]> on host 9ae4be1c5479
[2024-06-18T13:28:28.594+0000] {taskinstance.py:2648} INFO - Exporting env vars: AIRFLOW_CTX_DAG_OWNER='***' AIRFLOW_CTX_DAG_ID='f1_data_pipeline_taskflow' AIRFLOW_CTX_TASK_ID='load_status_task' AIRFLOW_CTX_EXECUTION_DATE='2024-06-17T00:00:00+00:00' AIRFLOW_CTX_TRY_NUMBER='1' AIRFLOW_CTX_DAG_RUN_ID='scheduled__2024-06-17T00:00:00+00:00'
[2024-06-18T13:28:28.596+0000] {taskinstance.py:430} INFO - ::endgroup::
[2024-06-18T13:28:28.597+0000] {crypto.py:82} WARNING - empty cryptography key - values will not be stored encrypted.
[2024-06-18T13:28:28.598+0000] {base.py:84} INFO - Using connection ID 'sourcedb_connection' for task execution.
[2024-06-18T13:28:28.613+0000] {python.py:237} INFO - Done. Returned value was: None
[2024-06-18T13:28:28.614+0000] {taskinstance.py:441} INFO - ::group::Post task execution logs
[2024-06-18T13:28:28.621+0000] {taskinstance.py:1206} INFO - Marking task as SUCCESS. dag_id=f1_data_pipeline_taskflow, task_id=load_status_task, run_id=scheduled__2024-06-17T00:00:00+00:00, execution_date=20240617T000000, start_date=20240618T132828, end_date=20240618T132828
[2024-06-18T13:28:28.640+0000] {local_task_job_runner.py:240} INFO - Task exited with return code 0
[2024-06-18T13:28:28.658+0000] {taskinstance.py:3498} INFO - 0 downstream tasks scheduled from follow-on schedule check
[2024-06-18T13:28:28.659+0000] {local_task_job_runner.py:222} INFO - ::endgroup::
[2024-06-18T13:57:40.877+0000] {local_task_job_runner.py:120} INFO - ::group::Pre task execution logs
[2024-06-18T13:57:40.895+0000] {taskinstance.py:2076} INFO - Dependencies all met for dep_context=non-requeueable deps ti=<TaskInstance: f1_data_pipeline_taskflow.load_status_task scheduled__2024-06-17T00:00:00+00:00 [queued]>
[2024-06-18T13:57:40.901+0000] {taskinstance.py:2076} INFO - Dependencies all met for dep_context=requeueable deps ti=<TaskInstance: f1_data_pipeline_taskflow.load_status_task scheduled__2024-06-17T00:00:00+00:00 [queued]>
[2024-06-18T13:57:40.902+0000] {taskinstance.py:2306} INFO - Starting attempt 1 of 1
[2024-06-18T13:57:40.911+0000] {taskinstance.py:2330} INFO - Executing <Task(_PythonDecoratedOperator): load_status_task> on 2024-06-17 00:00:00+00:00
[2024-06-18T13:57:40.917+0000] {warnings.py:110} WARNING - /home/***/.local/lib/python3.12/site-packages/***/task/task_runner/standard_task_runner.py:61: DeprecationWarning: This process (pid=540) is multi-threaded, use of fork() may lead to deadlocks in the child.
  pid = os.fork()

[2024-06-18T13:57:40.918+0000] {standard_task_runner.py:63} INFO - Started process 550 to run task
[2024-06-18T13:57:40.918+0000] {standard_task_runner.py:90} INFO - Running: ['***', 'tasks', 'run', 'f1_data_pipeline_taskflow', 'load_status_task', 'scheduled__2024-06-17T00:00:00+00:00', '--job-id', '26', '--raw', '--subdir', 'DAGS_FOLDER/etl_dag.py', '--cfg-path', '/tmp/tmpsimjiy5d']
[2024-06-18T13:57:40.920+0000] {standard_task_runner.py:91} INFO - Job 26: Subtask load_status_task
[2024-06-18T13:57:40.957+0000] {task_command.py:426} INFO - Running <TaskInstance: f1_data_pipeline_taskflow.load_status_task scheduled__2024-06-17T00:00:00+00:00 [running]> on host a16dbee39cfe
[2024-06-18T13:57:41.062+0000] {taskinstance.py:2648} INFO - Exporting env vars: AIRFLOW_CTX_DAG_OWNER='***' AIRFLOW_CTX_DAG_ID='f1_data_pipeline_taskflow' AIRFLOW_CTX_TASK_ID='load_status_task' AIRFLOW_CTX_EXECUTION_DATE='2024-06-17T00:00:00+00:00' AIRFLOW_CTX_TRY_NUMBER='1' AIRFLOW_CTX_DAG_RUN_ID='scheduled__2024-06-17T00:00:00+00:00'
[2024-06-18T13:57:41.063+0000] {taskinstance.py:430} INFO - ::endgroup::
[2024-06-18T13:57:41.064+0000] {crypto.py:82} WARNING - empty cryptography key - values will not be stored encrypted.
[2024-06-18T13:57:41.064+0000] {base.py:84} INFO - Using connection ID 'sourcedb_connection' for task execution.
[2024-06-18T13:57:41.079+0000] {python.py:237} INFO - Done. Returned value was: None
[2024-06-18T13:57:41.080+0000] {taskinstance.py:441} INFO - ::group::Post task execution logs
[2024-06-18T13:57:41.087+0000] {taskinstance.py:1206} INFO - Marking task as SUCCESS. dag_id=f1_data_pipeline_taskflow, task_id=load_status_task, run_id=scheduled__2024-06-17T00:00:00+00:00, execution_date=20240617T000000, start_date=20240618T135740, end_date=20240618T135741
[2024-06-18T13:57:41.131+0000] {local_task_job_runner.py:240} INFO - Task exited with return code 0
[2024-06-18T13:57:41.149+0000] {taskinstance.py:3498} INFO - 0 downstream tasks scheduled from follow-on schedule check
[2024-06-18T13:57:41.151+0000] {local_task_job_runner.py:222} INFO - ::endgroup::
[2024-06-18T14:07:14.912+0000] {local_task_job_runner.py:120} INFO - ::group::Pre task execution logs
[2024-06-18T14:07:14.928+0000] {taskinstance.py:2076} INFO - Dependencies all met for dep_context=non-requeueable deps ti=<TaskInstance: f1_data_pipeline_taskflow.load_status_task scheduled__2024-06-17T00:00:00+00:00 [queued]>
[2024-06-18T14:07:14.934+0000] {taskinstance.py:2076} INFO - Dependencies all met for dep_context=requeueable deps ti=<TaskInstance: f1_data_pipeline_taskflow.load_status_task scheduled__2024-06-17T00:00:00+00:00 [queued]>
[2024-06-18T14:07:14.934+0000] {taskinstance.py:2306} INFO - Starting attempt 1 of 1
[2024-06-18T14:07:14.943+0000] {taskinstance.py:2330} INFO - Executing <Task(_PythonDecoratedOperator): load_status_task> on 2024-06-17 00:00:00+00:00
[2024-06-18T14:07:14.948+0000] {warnings.py:110} WARNING - /home/***/.local/lib/python3.12/site-packages/***/task/task_runner/standard_task_runner.py:61: DeprecationWarning: This process (pid=497) is multi-threaded, use of fork() may lead to deadlocks in the child.
  pid = os.fork()

[2024-06-18T14:07:14.949+0000] {standard_task_runner.py:63} INFO - Started process 566 to run task
[2024-06-18T14:07:14.950+0000] {standard_task_runner.py:90} INFO - Running: ['***', 'tasks', 'run', 'f1_data_pipeline_taskflow', 'load_status_task', 'scheduled__2024-06-17T00:00:00+00:00', '--job-id', '29', '--raw', '--subdir', 'DAGS_FOLDER/etl_dag.py', '--cfg-path', '/tmp/tmp_e349wgw']
[2024-06-18T14:07:14.951+0000] {standard_task_runner.py:91} INFO - Job 29: Subtask load_status_task
[2024-06-18T14:07:14.984+0000] {task_command.py:426} INFO - Running <TaskInstance: f1_data_pipeline_taskflow.load_status_task scheduled__2024-06-17T00:00:00+00:00 [running]> on host f083cbcc503e
[2024-06-18T14:07:15.108+0000] {taskinstance.py:2648} INFO - Exporting env vars: AIRFLOW_CTX_DAG_OWNER='***' AIRFLOW_CTX_DAG_ID='f1_data_pipeline_taskflow' AIRFLOW_CTX_TASK_ID='load_status_task' AIRFLOW_CTX_EXECUTION_DATE='2024-06-17T00:00:00+00:00' AIRFLOW_CTX_TRY_NUMBER='1' AIRFLOW_CTX_DAG_RUN_ID='scheduled__2024-06-17T00:00:00+00:00'
[2024-06-18T14:07:15.109+0000] {taskinstance.py:430} INFO - ::endgroup::
[2024-06-18T14:07:15.110+0000] {crypto.py:82} WARNING - empty cryptography key - values will not be stored encrypted.
[2024-06-18T14:07:15.111+0000] {base.py:84} INFO - Using connection ID 'sourcedb_connection' for task execution.
[2024-06-18T14:07:15.128+0000] {python.py:237} INFO - Done. Returned value was: None
[2024-06-18T14:07:15.129+0000] {taskinstance.py:441} INFO - ::group::Post task execution logs
[2024-06-18T14:07:15.137+0000] {taskinstance.py:1206} INFO - Marking task as SUCCESS. dag_id=f1_data_pipeline_taskflow, task_id=load_status_task, run_id=scheduled__2024-06-17T00:00:00+00:00, execution_date=20240617T000000, start_date=20240618T140714, end_date=20240618T140715
[2024-06-18T14:07:15.163+0000] {local_task_job_runner.py:240} INFO - Task exited with return code 0
[2024-06-18T14:07:15.180+0000] {taskinstance.py:3498} INFO - 0 downstream tasks scheduled from follow-on schedule check
[2024-06-18T14:07:15.181+0000] {local_task_job_runner.py:222} INFO - ::endgroup::
