[2024-06-19T07:28:52.003+0000] {local_task_job_runner.py:120} INFO - ::group::Pre task execution logs
[2024-06-19T07:28:52.020+0000] {taskinstance.py:2076} INFO - Dependencies all met for dep_context=non-requeueable deps ti=<TaskInstance: f1_data_pipeline_taskflow.load_qualifications_task scheduled__2024-06-18T00:00:00+00:00 [queued]>
[2024-06-19T07:28:52.028+0000] {taskinstance.py:2076} INFO - Dependencies all met for dep_context=requeueable deps ti=<TaskInstance: f1_data_pipeline_taskflow.load_qualifications_task scheduled__2024-06-18T00:00:00+00:00 [queued]>
[2024-06-19T07:28:52.028+0000] {taskinstance.py:2306} INFO - Starting attempt 1 of 1
[2024-06-19T07:28:52.038+0000] {taskinstance.py:2330} INFO - Executing <Task(_PythonDecoratedOperator): load_qualifications_task> on 2024-06-18 00:00:00+00:00
[2024-06-19T07:28:52.044+0000] {warnings.py:110} WARNING - /home/***/.local/lib/python3.12/site-packages/***/task/task_runner/standard_task_runner.py:61: DeprecationWarning: This process (pid=539) is multi-threaded, use of fork() may lead to deadlocks in the child.
  pid = os.fork()

[2024-06-19T07:28:52.045+0000] {standard_task_runner.py:63} INFO - Started process 550 to run task
[2024-06-19T07:28:52.045+0000] {standard_task_runner.py:90} INFO - Running: ['***', 'tasks', 'run', 'f1_data_pipeline_taskflow', 'load_qualifications_task', 'scheduled__2024-06-18T00:00:00+00:00', '--job-id', '25', '--raw', '--subdir', 'DAGS_FOLDER/etl_dag.py', '--cfg-path', '/tmp/tmpt9o54d7n']
[2024-06-19T07:28:52.047+0000] {standard_task_runner.py:91} INFO - Job 25: Subtask load_qualifications_task
[2024-06-19T07:28:52.084+0000] {task_command.py:426} INFO - Running <TaskInstance: f1_data_pipeline_taskflow.load_qualifications_task scheduled__2024-06-18T00:00:00+00:00 [running]> on host 5d5bc16a80d8
[2024-06-19T07:28:52.188+0000] {taskinstance.py:2648} INFO - Exporting env vars: AIRFLOW_CTX_DAG_OWNER='***' AIRFLOW_CTX_DAG_ID='f1_data_pipeline_taskflow' AIRFLOW_CTX_TASK_ID='load_qualifications_task' AIRFLOW_CTX_EXECUTION_DATE='2024-06-18T00:00:00+00:00' AIRFLOW_CTX_TRY_NUMBER='1' AIRFLOW_CTX_DAG_RUN_ID='scheduled__2024-06-18T00:00:00+00:00'
[2024-06-19T07:28:52.190+0000] {taskinstance.py:430} INFO - ::endgroup::
[2024-06-19T07:28:52.191+0000] {crypto.py:82} WARNING - empty cryptography key - values will not be stored encrypted.
[2024-06-19T07:28:52.191+0000] {base.py:84} INFO - Using connection ID 'sourcedb_connection' for task execution.
[2024-06-19T07:28:52.239+0000] {python.py:237} INFO - Done. Returned value was: None
[2024-06-19T07:28:52.240+0000] {taskinstance.py:441} INFO - ::group::Post task execution logs
[2024-06-19T07:28:52.247+0000] {taskinstance.py:1206} INFO - Marking task as SUCCESS. dag_id=f1_data_pipeline_taskflow, task_id=load_qualifications_task, run_id=scheduled__2024-06-18T00:00:00+00:00, execution_date=20240618T000000, start_date=20240619T072852, end_date=20240619T072852
[2024-06-19T07:28:52.298+0000] {local_task_job_runner.py:240} INFO - Task exited with return code 0
[2024-06-19T07:28:52.317+0000] {taskinstance.py:3498} INFO - 0 downstream tasks scheduled from follow-on schedule check
[2024-06-19T07:28:52.318+0000] {local_task_job_runner.py:222} INFO - ::endgroup::
[2024-06-19T08:27:12.606+0000] {local_task_job_runner.py:120} INFO - ::group::Pre task execution logs
[2024-06-19T08:27:12.624+0000] {taskinstance.py:2076} INFO - Dependencies all met for dep_context=non-requeueable deps ti=<TaskInstance: f1_data_pipeline_taskflow.load_qualifications_task scheduled__2024-06-18T00:00:00+00:00 [queued]>
[2024-06-19T08:27:12.630+0000] {taskinstance.py:2076} INFO - Dependencies all met for dep_context=requeueable deps ti=<TaskInstance: f1_data_pipeline_taskflow.load_qualifications_task scheduled__2024-06-18T00:00:00+00:00 [queued]>
[2024-06-19T08:27:12.630+0000] {taskinstance.py:2306} INFO - Starting attempt 1 of 1
[2024-06-19T08:27:12.639+0000] {taskinstance.py:2330} INFO - Executing <Task(_PythonDecoratedOperator): load_qualifications_task> on 2024-06-18 00:00:00+00:00
[2024-06-19T08:27:12.645+0000] {warnings.py:110} WARNING - /home/***/.local/lib/python3.12/site-packages/***/task/task_runner/standard_task_runner.py:61: DeprecationWarning: This process (pid=513) is multi-threaded, use of fork() may lead to deadlocks in the child.
  pid = os.fork()

[2024-06-19T08:27:12.646+0000] {standard_task_runner.py:63} INFO - Started process 521 to run task
[2024-06-19T08:27:12.647+0000] {standard_task_runner.py:90} INFO - Running: ['***', 'tasks', 'run', 'f1_data_pipeline_taskflow', 'load_qualifications_task', 'scheduled__2024-06-18T00:00:00+00:00', '--job-id', '25', '--raw', '--subdir', 'DAGS_FOLDER/etl_dag.py', '--cfg-path', '/tmp/tmplg92yn7_']
[2024-06-19T08:27:12.648+0000] {standard_task_runner.py:91} INFO - Job 25: Subtask load_qualifications_task
[2024-06-19T08:27:12.690+0000] {task_command.py:426} INFO - Running <TaskInstance: f1_data_pipeline_taskflow.load_qualifications_task scheduled__2024-06-18T00:00:00+00:00 [running]> on host d64590577fb7
[2024-06-19T08:27:12.795+0000] {taskinstance.py:2648} INFO - Exporting env vars: AIRFLOW_CTX_DAG_OWNER='***' AIRFLOW_CTX_DAG_ID='f1_data_pipeline_taskflow' AIRFLOW_CTX_TASK_ID='load_qualifications_task' AIRFLOW_CTX_EXECUTION_DATE='2024-06-18T00:00:00+00:00' AIRFLOW_CTX_TRY_NUMBER='1' AIRFLOW_CTX_DAG_RUN_ID='scheduled__2024-06-18T00:00:00+00:00'
[2024-06-19T08:27:12.796+0000] {taskinstance.py:430} INFO - ::endgroup::
[2024-06-19T08:27:12.797+0000] {crypto.py:82} WARNING - empty cryptography key - values will not be stored encrypted.
[2024-06-19T08:27:12.798+0000] {base.py:84} INFO - Using connection ID 'sourcedb_connection' for task execution.
[2024-06-19T08:27:12.845+0000] {python.py:237} INFO - Done. Returned value was: None
[2024-06-19T08:27:12.845+0000] {taskinstance.py:441} INFO - ::group::Post task execution logs
[2024-06-19T08:27:12.852+0000] {taskinstance.py:1206} INFO - Marking task as SUCCESS. dag_id=f1_data_pipeline_taskflow, task_id=load_qualifications_task, run_id=scheduled__2024-06-18T00:00:00+00:00, execution_date=20240618T000000, start_date=20240619T082712, end_date=20240619T082712
[2024-06-19T08:27:12.900+0000] {local_task_job_runner.py:240} INFO - Task exited with return code 0
[2024-06-19T08:27:12.918+0000] {taskinstance.py:3498} INFO - 0 downstream tasks scheduled from follow-on schedule check
[2024-06-19T08:27:12.919+0000] {local_task_job_runner.py:222} INFO - ::endgroup::
[2024-06-19T08:54:20.151+0000] {local_task_job_runner.py:120} INFO - ::group::Pre task execution logs
[2024-06-19T08:54:20.168+0000] {taskinstance.py:2076} INFO - Dependencies all met for dep_context=non-requeueable deps ti=<TaskInstance: f1_data_pipeline_taskflow.load_qualifications_task scheduled__2024-06-18T00:00:00+00:00 [queued]>
[2024-06-19T08:54:20.174+0000] {taskinstance.py:2076} INFO - Dependencies all met for dep_context=requeueable deps ti=<TaskInstance: f1_data_pipeline_taskflow.load_qualifications_task scheduled__2024-06-18T00:00:00+00:00 [queued]>
[2024-06-19T08:54:20.174+0000] {taskinstance.py:2306} INFO - Starting attempt 1 of 1
[2024-06-19T08:54:20.183+0000] {taskinstance.py:2330} INFO - Executing <Task(_PythonDecoratedOperator): load_qualifications_task> on 2024-06-18 00:00:00+00:00
[2024-06-19T08:54:20.189+0000] {warnings.py:110} WARNING - /home/***/.local/lib/python3.12/site-packages/***/task/task_runner/standard_task_runner.py:61: DeprecationWarning: This process (pid=508) is multi-threaded, use of fork() may lead to deadlocks in the child.
  pid = os.fork()

[2024-06-19T08:54:20.190+0000] {standard_task_runner.py:63} INFO - Started process 520 to run task
[2024-06-19T08:54:20.190+0000] {standard_task_runner.py:90} INFO - Running: ['***', 'tasks', 'run', 'f1_data_pipeline_taskflow', 'load_qualifications_task', 'scheduled__2024-06-18T00:00:00+00:00', '--job-id', '25', '--raw', '--subdir', 'DAGS_FOLDER/etl_dag.py', '--cfg-path', '/tmp/tmpzt4v_yo9']
[2024-06-19T08:54:20.192+0000] {standard_task_runner.py:91} INFO - Job 25: Subtask load_qualifications_task
[2024-06-19T08:54:20.230+0000] {task_command.py:426} INFO - Running <TaskInstance: f1_data_pipeline_taskflow.load_qualifications_task scheduled__2024-06-18T00:00:00+00:00 [running]> on host e5c8778eab06
[2024-06-19T08:54:20.338+0000] {taskinstance.py:2648} INFO - Exporting env vars: AIRFLOW_CTX_DAG_OWNER='***' AIRFLOW_CTX_DAG_ID='f1_data_pipeline_taskflow' AIRFLOW_CTX_TASK_ID='load_qualifications_task' AIRFLOW_CTX_EXECUTION_DATE='2024-06-18T00:00:00+00:00' AIRFLOW_CTX_TRY_NUMBER='1' AIRFLOW_CTX_DAG_RUN_ID='scheduled__2024-06-18T00:00:00+00:00'
[2024-06-19T08:54:20.339+0000] {taskinstance.py:430} INFO - ::endgroup::
[2024-06-19T08:54:20.341+0000] {crypto.py:82} WARNING - empty cryptography key - values will not be stored encrypted.
[2024-06-19T08:54:20.341+0000] {base.py:84} INFO - Using connection ID 'sourcedb_connection' for task execution.
[2024-06-19T08:54:20.394+0000] {python.py:237} INFO - Done. Returned value was: None
[2024-06-19T08:54:20.394+0000] {taskinstance.py:441} INFO - ::group::Post task execution logs
[2024-06-19T08:54:20.402+0000] {taskinstance.py:1206} INFO - Marking task as SUCCESS. dag_id=f1_data_pipeline_taskflow, task_id=load_qualifications_task, run_id=scheduled__2024-06-18T00:00:00+00:00, execution_date=20240618T000000, start_date=20240619T085420, end_date=20240619T085420
[2024-06-19T08:54:20.443+0000] {local_task_job_runner.py:240} INFO - Task exited with return code 0
[2024-06-19T08:54:20.451+0000] {local_task_job_runner.py:222} INFO - ::endgroup::
[2024-06-19T12:05:38.827+0000] {local_task_job_runner.py:120} INFO - ::group::Pre task execution logs
[2024-06-19T12:05:38.845+0000] {taskinstance.py:2076} INFO - Dependencies all met for dep_context=non-requeueable deps ti=<TaskInstance: f1_data_pipeline_taskflow.load_qualifications_task scheduled__2024-06-18T00:00:00+00:00 [queued]>
[2024-06-19T12:05:38.852+0000] {taskinstance.py:2076} INFO - Dependencies all met for dep_context=requeueable deps ti=<TaskInstance: f1_data_pipeline_taskflow.load_qualifications_task scheduled__2024-06-18T00:00:00+00:00 [queued]>
[2024-06-19T12:05:38.852+0000] {taskinstance.py:2306} INFO - Starting attempt 1 of 1
[2024-06-19T12:05:38.861+0000] {taskinstance.py:2330} INFO - Executing <Task(_PythonDecoratedOperator): load_qualifications_task> on 2024-06-18 00:00:00+00:00
[2024-06-19T12:05:38.868+0000] {warnings.py:110} WARNING - /home/***/.local/lib/python3.12/site-packages/***/task/task_runner/standard_task_runner.py:61: DeprecationWarning: This process (pid=525) is multi-threaded, use of fork() may lead to deadlocks in the child.
  pid = os.fork()

[2024-06-19T12:05:38.869+0000] {standard_task_runner.py:63} INFO - Started process 536 to run task
[2024-06-19T12:05:38.869+0000] {standard_task_runner.py:90} INFO - Running: ['***', 'tasks', 'run', 'f1_data_pipeline_taskflow', 'load_qualifications_task', 'scheduled__2024-06-18T00:00:00+00:00', '--job-id', '25', '--raw', '--subdir', 'DAGS_FOLDER/etl_dag.py', '--cfg-path', '/tmp/tmpdv1lmkqu']
[2024-06-19T12:05:38.871+0000] {standard_task_runner.py:91} INFO - Job 25: Subtask load_qualifications_task
[2024-06-19T12:05:38.909+0000] {task_command.py:426} INFO - Running <TaskInstance: f1_data_pipeline_taskflow.load_qualifications_task scheduled__2024-06-18T00:00:00+00:00 [running]> on host eef124934bf8
[2024-06-19T12:05:39.019+0000] {taskinstance.py:2648} INFO - Exporting env vars: AIRFLOW_CTX_DAG_OWNER='***' AIRFLOW_CTX_DAG_ID='f1_data_pipeline_taskflow' AIRFLOW_CTX_TASK_ID='load_qualifications_task' AIRFLOW_CTX_EXECUTION_DATE='2024-06-18T00:00:00+00:00' AIRFLOW_CTX_TRY_NUMBER='1' AIRFLOW_CTX_DAG_RUN_ID='scheduled__2024-06-18T00:00:00+00:00'
[2024-06-19T12:05:39.020+0000] {taskinstance.py:430} INFO - ::endgroup::
[2024-06-19T12:05:39.021+0000] {crypto.py:82} WARNING - empty cryptography key - values will not be stored encrypted.
[2024-06-19T12:05:39.021+0000] {base.py:84} INFO - Using connection ID 'sourcedb_connection' for task execution.
[2024-06-19T12:05:39.070+0000] {python.py:237} INFO - Done. Returned value was: None
[2024-06-19T12:05:39.071+0000] {taskinstance.py:441} INFO - ::group::Post task execution logs
[2024-06-19T12:05:39.078+0000] {taskinstance.py:1206} INFO - Marking task as SUCCESS. dag_id=f1_data_pipeline_taskflow, task_id=load_qualifications_task, run_id=scheduled__2024-06-18T00:00:00+00:00, execution_date=20240618T000000, start_date=20240619T120538, end_date=20240619T120539
[2024-06-19T12:05:39.122+0000] {local_task_job_runner.py:240} INFO - Task exited with return code 0
[2024-06-19T12:05:39.140+0000] {taskinstance.py:3498} INFO - 0 downstream tasks scheduled from follow-on schedule check
[2024-06-19T12:05:39.141+0000] {local_task_job_runner.py:222} INFO - ::endgroup::
[2024-06-19T12:36:50.612+0000] {local_task_job_runner.py:120} INFO - ::group::Pre task execution logs
[2024-06-19T12:36:50.628+0000] {taskinstance.py:2076} INFO - Dependencies all met for dep_context=non-requeueable deps ti=<TaskInstance: f1_data_pipeline_taskflow.load_qualifications_task scheduled__2024-06-18T00:00:00+00:00 [queued]>
[2024-06-19T12:36:50.634+0000] {taskinstance.py:2076} INFO - Dependencies all met for dep_context=requeueable deps ti=<TaskInstance: f1_data_pipeline_taskflow.load_qualifications_task scheduled__2024-06-18T00:00:00+00:00 [queued]>
[2024-06-19T12:36:50.634+0000] {taskinstance.py:2306} INFO - Starting attempt 1 of 1
[2024-06-19T12:36:50.643+0000] {taskinstance.py:2330} INFO - Executing <Task(_PythonDecoratedOperator): load_qualifications_task> on 2024-06-18 00:00:00+00:00
[2024-06-19T12:36:50.650+0000] {warnings.py:110} WARNING - /home/***/.local/lib/python3.12/site-packages/***/task/task_runner/standard_task_runner.py:61: DeprecationWarning: This process (pid=553) is multi-threaded, use of fork() may lead to deadlocks in the child.
  pid = os.fork()

[2024-06-19T12:36:50.650+0000] {standard_task_runner.py:63} INFO - Started process 564 to run task
[2024-06-19T12:36:50.651+0000] {standard_task_runner.py:90} INFO - Running: ['***', 'tasks', 'run', 'f1_data_pipeline_taskflow', 'load_qualifications_task', 'scheduled__2024-06-18T00:00:00+00:00', '--job-id', '26', '--raw', '--subdir', 'DAGS_FOLDER/etl_dag.py', '--cfg-path', '/tmp/tmpfwf7u9_v']
[2024-06-19T12:36:50.652+0000] {standard_task_runner.py:91} INFO - Job 26: Subtask load_qualifications_task
[2024-06-19T12:36:50.689+0000] {task_command.py:426} INFO - Running <TaskInstance: f1_data_pipeline_taskflow.load_qualifications_task scheduled__2024-06-18T00:00:00+00:00 [running]> on host 3a98e934d90a
[2024-06-19T12:36:50.795+0000] {taskinstance.py:2648} INFO - Exporting env vars: AIRFLOW_CTX_DAG_OWNER='***' AIRFLOW_CTX_DAG_ID='f1_data_pipeline_taskflow' AIRFLOW_CTX_TASK_ID='load_qualifications_task' AIRFLOW_CTX_EXECUTION_DATE='2024-06-18T00:00:00+00:00' AIRFLOW_CTX_TRY_NUMBER='1' AIRFLOW_CTX_DAG_RUN_ID='scheduled__2024-06-18T00:00:00+00:00'
[2024-06-19T12:36:50.795+0000] {taskinstance.py:430} INFO - ::endgroup::
[2024-06-19T12:36:50.796+0000] {crypto.py:82} WARNING - empty cryptography key - values will not be stored encrypted.
[2024-06-19T12:36:50.797+0000] {base.py:84} INFO - Using connection ID 'sourcedb_connection' for task execution.
[2024-06-19T12:36:50.843+0000] {python.py:237} INFO - Done. Returned value was: None
[2024-06-19T12:36:50.844+0000] {taskinstance.py:441} INFO - ::group::Post task execution logs
[2024-06-19T12:36:50.851+0000] {taskinstance.py:1206} INFO - Marking task as SUCCESS. dag_id=f1_data_pipeline_taskflow, task_id=load_qualifications_task, run_id=scheduled__2024-06-18T00:00:00+00:00, execution_date=20240618T000000, start_date=20240619T123650, end_date=20240619T123650
[2024-06-19T12:36:50.864+0000] {local_task_job_runner.py:240} INFO - Task exited with return code 0
[2024-06-19T12:36:50.880+0000] {taskinstance.py:3498} INFO - 0 downstream tasks scheduled from follow-on schedule check
[2024-06-19T12:36:50.881+0000] {local_task_job_runner.py:222} INFO - ::endgroup::
[2024-06-19T12:53:19.582+0000] {local_task_job_runner.py:120} INFO - ::group::Pre task execution logs
[2024-06-19T12:53:19.599+0000] {taskinstance.py:2076} INFO - Dependencies all met for dep_context=non-requeueable deps ti=<TaskInstance: f1_data_pipeline_taskflow.load_qualifications_task scheduled__2024-06-18T00:00:00+00:00 [queued]>
[2024-06-19T12:53:19.607+0000] {taskinstance.py:2076} INFO - Dependencies all met for dep_context=requeueable deps ti=<TaskInstance: f1_data_pipeline_taskflow.load_qualifications_task scheduled__2024-06-18T00:00:00+00:00 [queued]>
[2024-06-19T12:53:19.607+0000] {taskinstance.py:2306} INFO - Starting attempt 1 of 1
[2024-06-19T12:53:19.622+0000] {taskinstance.py:2330} INFO - Executing <Task(_PythonDecoratedOperator): load_qualifications_task> on 2024-06-18 00:00:00+00:00
[2024-06-19T12:53:19.629+0000] {warnings.py:110} WARNING - /home/***/.local/lib/python3.12/site-packages/***/task/task_runner/standard_task_runner.py:61: DeprecationWarning: This process (pid=487) is multi-threaded, use of fork() may lead to deadlocks in the child.
  pid = os.fork()

[2024-06-19T12:53:19.630+0000] {standard_task_runner.py:63} INFO - Started process 501 to run task
[2024-06-19T12:53:19.630+0000] {standard_task_runner.py:90} INFO - Running: ['***', 'tasks', 'run', 'f1_data_pipeline_taskflow', 'load_qualifications_task', 'scheduled__2024-06-18T00:00:00+00:00', '--job-id', '26', '--raw', '--subdir', 'DAGS_FOLDER/etl_dag.py', '--cfg-path', '/tmp/tmpou04kh7v']
[2024-06-19T12:53:19.632+0000] {standard_task_runner.py:91} INFO - Job 26: Subtask load_qualifications_task
[2024-06-19T12:53:19.672+0000] {task_command.py:426} INFO - Running <TaskInstance: f1_data_pipeline_taskflow.load_qualifications_task scheduled__2024-06-18T00:00:00+00:00 [running]> on host 9426bfe013d2
[2024-06-19T12:53:19.787+0000] {taskinstance.py:2648} INFO - Exporting env vars: AIRFLOW_CTX_DAG_OWNER='***' AIRFLOW_CTX_DAG_ID='f1_data_pipeline_taskflow' AIRFLOW_CTX_TASK_ID='load_qualifications_task' AIRFLOW_CTX_EXECUTION_DATE='2024-06-18T00:00:00+00:00' AIRFLOW_CTX_TRY_NUMBER='1' AIRFLOW_CTX_DAG_RUN_ID='scheduled__2024-06-18T00:00:00+00:00'
[2024-06-19T12:53:19.788+0000] {taskinstance.py:430} INFO - ::endgroup::
[2024-06-19T12:53:19.789+0000] {crypto.py:82} WARNING - empty cryptography key - values will not be stored encrypted.
[2024-06-19T12:53:19.789+0000] {base.py:84} INFO - Using connection ID 'sourcedb_connection' for task execution.
[2024-06-19T12:53:19.844+0000] {python.py:237} INFO - Done. Returned value was: None
[2024-06-19T12:53:19.845+0000] {taskinstance.py:441} INFO - ::group::Post task execution logs
[2024-06-19T12:53:19.857+0000] {taskinstance.py:1206} INFO - Marking task as SUCCESS. dag_id=f1_data_pipeline_taskflow, task_id=load_qualifications_task, run_id=scheduled__2024-06-18T00:00:00+00:00, execution_date=20240618T000000, start_date=20240619T125319, end_date=20240619T125319
[2024-06-19T12:53:19.924+0000] {local_task_job_runner.py:240} INFO - Task exited with return code 0
[2024-06-19T12:53:19.950+0000] {taskinstance.py:3498} INFO - 0 downstream tasks scheduled from follow-on schedule check
[2024-06-19T12:53:19.952+0000] {local_task_job_runner.py:222} INFO - ::endgroup::
[2024-06-19T13:03:20.532+0000] {local_task_job_runner.py:120} INFO - ::group::Pre task execution logs
[2024-06-19T13:03:20.551+0000] {taskinstance.py:2076} INFO - Dependencies all met for dep_context=non-requeueable deps ti=<TaskInstance: f1_data_pipeline_taskflow.load_qualifications_task scheduled__2024-06-18T00:00:00+00:00 [queued]>
[2024-06-19T13:03:20.559+0000] {taskinstance.py:2076} INFO - Dependencies all met for dep_context=requeueable deps ti=<TaskInstance: f1_data_pipeline_taskflow.load_qualifications_task scheduled__2024-06-18T00:00:00+00:00 [queued]>
[2024-06-19T13:03:20.559+0000] {taskinstance.py:2306} INFO - Starting attempt 1 of 1
[2024-06-19T13:03:20.570+0000] {taskinstance.py:2330} INFO - Executing <Task(_PythonDecoratedOperator): load_qualifications_task> on 2024-06-18 00:00:00+00:00
[2024-06-19T13:03:20.577+0000] {warnings.py:110} WARNING - /home/***/.local/lib/python3.12/site-packages/***/task/task_runner/standard_task_runner.py:61: DeprecationWarning: This process (pid=510) is multi-threaded, use of fork() may lead to deadlocks in the child.
  pid = os.fork()

[2024-06-19T13:03:20.578+0000] {standard_task_runner.py:63} INFO - Started process 525 to run task
[2024-06-19T13:03:20.578+0000] {standard_task_runner.py:90} INFO - Running: ['***', 'tasks', 'run', 'f1_data_pipeline_taskflow', 'load_qualifications_task', 'scheduled__2024-06-18T00:00:00+00:00', '--job-id', '29', '--raw', '--subdir', 'DAGS_FOLDER/etl_dag.py', '--cfg-path', '/tmp/tmpxzixif55']
[2024-06-19T13:03:20.580+0000] {standard_task_runner.py:91} INFO - Job 29: Subtask load_qualifications_task
[2024-06-19T13:03:20.624+0000] {task_command.py:426} INFO - Running <TaskInstance: f1_data_pipeline_taskflow.load_qualifications_task scheduled__2024-06-18T00:00:00+00:00 [running]> on host 6fa64189ef34
[2024-06-19T13:03:20.731+0000] {taskinstance.py:2648} INFO - Exporting env vars: AIRFLOW_CTX_DAG_OWNER='***' AIRFLOW_CTX_DAG_ID='f1_data_pipeline_taskflow' AIRFLOW_CTX_TASK_ID='load_qualifications_task' AIRFLOW_CTX_EXECUTION_DATE='2024-06-18T00:00:00+00:00' AIRFLOW_CTX_TRY_NUMBER='1' AIRFLOW_CTX_DAG_RUN_ID='scheduled__2024-06-18T00:00:00+00:00'
[2024-06-19T13:03:20.732+0000] {taskinstance.py:430} INFO - ::endgroup::
[2024-06-19T13:03:20.733+0000] {crypto.py:82} WARNING - empty cryptography key - values will not be stored encrypted.
[2024-06-19T13:03:20.733+0000] {base.py:84} INFO - Using connection ID 'sourcedb_connection' for task execution.
[2024-06-19T13:03:20.783+0000] {python.py:237} INFO - Done. Returned value was: None
[2024-06-19T13:03:20.784+0000] {taskinstance.py:441} INFO - ::group::Post task execution logs
[2024-06-19T13:03:20.792+0000] {taskinstance.py:1206} INFO - Marking task as SUCCESS. dag_id=f1_data_pipeline_taskflow, task_id=load_qualifications_task, run_id=scheduled__2024-06-18T00:00:00+00:00, execution_date=20240618T000000, start_date=20240619T130320, end_date=20240619T130320
[2024-06-19T13:03:20.831+0000] {local_task_job_runner.py:240} INFO - Task exited with return code 0
[2024-06-19T13:03:20.861+0000] {taskinstance.py:3498} INFO - 0 downstream tasks scheduled from follow-on schedule check
[2024-06-19T13:03:20.863+0000] {local_task_job_runner.py:222} INFO - ::endgroup::
[2024-06-19T13:17:06.334+0000] {local_task_job_runner.py:120} INFO - ::group::Pre task execution logs
[2024-06-19T13:17:06.352+0000] {taskinstance.py:2076} INFO - Dependencies all met for dep_context=non-requeueable deps ti=<TaskInstance: f1_data_pipeline_taskflow.load_qualifications_task scheduled__2024-06-18T00:00:00+00:00 [queued]>
[2024-06-19T13:17:06.358+0000] {taskinstance.py:2076} INFO - Dependencies all met for dep_context=requeueable deps ti=<TaskInstance: f1_data_pipeline_taskflow.load_qualifications_task scheduled__2024-06-18T00:00:00+00:00 [queued]>
[2024-06-19T13:17:06.359+0000] {taskinstance.py:2306} INFO - Starting attempt 1 of 1
[2024-06-19T13:17:06.368+0000] {taskinstance.py:2330} INFO - Executing <Task(_PythonDecoratedOperator): load_qualifications_task> on 2024-06-18 00:00:00+00:00
[2024-06-19T13:17:06.375+0000] {warnings.py:110} WARNING - /home/***/.local/lib/python3.12/site-packages/***/task/task_runner/standard_task_runner.py:61: DeprecationWarning: This process (pid=491) is multi-threaded, use of fork() may lead to deadlocks in the child.
  pid = os.fork()

[2024-06-19T13:17:06.376+0000] {standard_task_runner.py:63} INFO - Started process 558 to run task
[2024-06-19T13:17:06.376+0000] {standard_task_runner.py:90} INFO - Running: ['***', 'tasks', 'run', 'f1_data_pipeline_taskflow', 'load_qualifications_task', 'scheduled__2024-06-18T00:00:00+00:00', '--job-id', '30', '--raw', '--subdir', 'DAGS_FOLDER/etl_dag.py', '--cfg-path', '/tmp/tmp22gctk3n']
[2024-06-19T13:17:06.378+0000] {standard_task_runner.py:91} INFO - Job 30: Subtask load_qualifications_task
[2024-06-19T13:17:06.418+0000] {task_command.py:426} INFO - Running <TaskInstance: f1_data_pipeline_taskflow.load_qualifications_task scheduled__2024-06-18T00:00:00+00:00 [running]> on host d5b44298ec9f
[2024-06-19T13:17:06.521+0000] {taskinstance.py:2648} INFO - Exporting env vars: AIRFLOW_CTX_DAG_OWNER='***' AIRFLOW_CTX_DAG_ID='f1_data_pipeline_taskflow' AIRFLOW_CTX_TASK_ID='load_qualifications_task' AIRFLOW_CTX_EXECUTION_DATE='2024-06-18T00:00:00+00:00' AIRFLOW_CTX_TRY_NUMBER='1' AIRFLOW_CTX_DAG_RUN_ID='scheduled__2024-06-18T00:00:00+00:00'
[2024-06-19T13:17:06.522+0000] {taskinstance.py:430} INFO - ::endgroup::
[2024-06-19T13:17:06.523+0000] {crypto.py:82} WARNING - empty cryptography key - values will not be stored encrypted.
[2024-06-19T13:17:06.523+0000] {base.py:84} INFO - Using connection ID 'sourcedb_connection' for task execution.
[2024-06-19T13:17:06.573+0000] {python.py:237} INFO - Done. Returned value was: None
[2024-06-19T13:17:06.573+0000] {taskinstance.py:441} INFO - ::group::Post task execution logs
[2024-06-19T13:17:06.581+0000] {taskinstance.py:1206} INFO - Marking task as SUCCESS. dag_id=f1_data_pipeline_taskflow, task_id=load_qualifications_task, run_id=scheduled__2024-06-18T00:00:00+00:00, execution_date=20240618T000000, start_date=20240619T131706, end_date=20240619T131706
[2024-06-19T13:17:06.629+0000] {local_task_job_runner.py:240} INFO - Task exited with return code 0
[2024-06-19T13:17:06.647+0000] {taskinstance.py:3498} INFO - 0 downstream tasks scheduled from follow-on schedule check
[2024-06-19T13:17:06.649+0000] {local_task_job_runner.py:222} INFO - ::endgroup::
[2024-06-19T13:27:33.349+0000] {local_task_job_runner.py:120} INFO - ::group::Pre task execution logs
[2024-06-19T13:27:33.367+0000] {taskinstance.py:2076} INFO - Dependencies all met for dep_context=non-requeueable deps ti=<TaskInstance: f1_data_pipeline_taskflow.load_qualifications_task scheduled__2024-06-18T00:00:00+00:00 [queued]>
[2024-06-19T13:27:33.373+0000] {taskinstance.py:2076} INFO - Dependencies all met for dep_context=requeueable deps ti=<TaskInstance: f1_data_pipeline_taskflow.load_qualifications_task scheduled__2024-06-18T00:00:00+00:00 [queued]>
[2024-06-19T13:27:33.374+0000] {taskinstance.py:2306} INFO - Starting attempt 1 of 1
[2024-06-19T13:27:33.383+0000] {taskinstance.py:2330} INFO - Executing <Task(_PythonDecoratedOperator): load_qualifications_task> on 2024-06-18 00:00:00+00:00
[2024-06-19T13:27:33.390+0000] {warnings.py:110} WARNING - /home/***/.local/lib/python3.12/site-packages/***/task/task_runner/standard_task_runner.py:61: DeprecationWarning: This process (pid=484) is multi-threaded, use of fork() may lead to deadlocks in the child.
  pid = os.fork()

[2024-06-19T13:27:33.391+0000] {standard_task_runner.py:63} INFO - Started process 494 to run task
[2024-06-19T13:27:33.391+0000] {standard_task_runner.py:90} INFO - Running: ['***', 'tasks', 'run', 'f1_data_pipeline_taskflow', 'load_qualifications_task', 'scheduled__2024-06-18T00:00:00+00:00', '--job-id', '26', '--raw', '--subdir', 'DAGS_FOLDER/etl_dag.py', '--cfg-path', '/tmp/tmp1x33zg0u']
[2024-06-19T13:27:33.392+0000] {standard_task_runner.py:91} INFO - Job 26: Subtask load_qualifications_task
[2024-06-19T13:27:33.433+0000] {task_command.py:426} INFO - Running <TaskInstance: f1_data_pipeline_taskflow.load_qualifications_task scheduled__2024-06-18T00:00:00+00:00 [running]> on host fc0cf0aa1225
[2024-06-19T13:27:33.551+0000] {taskinstance.py:2648} INFO - Exporting env vars: AIRFLOW_CTX_DAG_OWNER='***' AIRFLOW_CTX_DAG_ID='f1_data_pipeline_taskflow' AIRFLOW_CTX_TASK_ID='load_qualifications_task' AIRFLOW_CTX_EXECUTION_DATE='2024-06-18T00:00:00+00:00' AIRFLOW_CTX_TRY_NUMBER='1' AIRFLOW_CTX_DAG_RUN_ID='scheduled__2024-06-18T00:00:00+00:00'
[2024-06-19T13:27:33.552+0000] {taskinstance.py:430} INFO - ::endgroup::
[2024-06-19T13:27:33.553+0000] {crypto.py:82} WARNING - empty cryptography key - values will not be stored encrypted.
[2024-06-19T13:27:33.553+0000] {base.py:84} INFO - Using connection ID 'sourcedb_connection' for task execution.
[2024-06-19T13:27:33.609+0000] {python.py:237} INFO - Done. Returned value was: None
[2024-06-19T13:27:33.610+0000] {taskinstance.py:441} INFO - ::group::Post task execution logs
[2024-06-19T13:27:33.619+0000] {taskinstance.py:1206} INFO - Marking task as SUCCESS. dag_id=f1_data_pipeline_taskflow, task_id=load_qualifications_task, run_id=scheduled__2024-06-18T00:00:00+00:00, execution_date=20240618T000000, start_date=20240619T132733, end_date=20240619T132733
[2024-06-19T13:27:33.644+0000] {local_task_job_runner.py:240} INFO - Task exited with return code 0
[2024-06-19T13:27:33.685+0000] {taskinstance.py:3498} INFO - 0 downstream tasks scheduled from follow-on schedule check
[2024-06-19T13:27:33.690+0000] {local_task_job_runner.py:222} INFO - ::endgroup::
[2024-06-19T13:37:44.400+0000] {local_task_job_runner.py:120} INFO - ::group::Pre task execution logs
[2024-06-19T13:37:44.418+0000] {taskinstance.py:2076} INFO - Dependencies all met for dep_context=non-requeueable deps ti=<TaskInstance: f1_data_pipeline_taskflow.load_qualifications_task scheduled__2024-06-18T00:00:00+00:00 [queued]>
[2024-06-19T13:37:44.425+0000] {taskinstance.py:2076} INFO - Dependencies all met for dep_context=requeueable deps ti=<TaskInstance: f1_data_pipeline_taskflow.load_qualifications_task scheduled__2024-06-18T00:00:00+00:00 [queued]>
[2024-06-19T13:37:44.425+0000] {taskinstance.py:2306} INFO - Starting attempt 1 of 1
[2024-06-19T13:37:44.435+0000] {taskinstance.py:2330} INFO - Executing <Task(_PythonDecoratedOperator): load_qualifications_task> on 2024-06-18 00:00:00+00:00
[2024-06-19T13:37:44.442+0000] {warnings.py:110} WARNING - /home/***/.local/lib/python3.12/site-packages/***/task/task_runner/standard_task_runner.py:61: DeprecationWarning: This process (pid=509) is multi-threaded, use of fork() may lead to deadlocks in the child.
  pid = os.fork()

[2024-06-19T13:37:44.443+0000] {standard_task_runner.py:63} INFO - Started process 523 to run task
[2024-06-19T13:37:44.444+0000] {standard_task_runner.py:90} INFO - Running: ['***', 'tasks', 'run', 'f1_data_pipeline_taskflow', 'load_qualifications_task', 'scheduled__2024-06-18T00:00:00+00:00', '--job-id', '29', '--raw', '--subdir', 'DAGS_FOLDER/etl_dag.py', '--cfg-path', '/tmp/tmpv7mysgk0']
[2024-06-19T13:37:44.445+0000] {standard_task_runner.py:91} INFO - Job 29: Subtask load_qualifications_task
[2024-06-19T13:37:44.492+0000] {task_command.py:426} INFO - Running <TaskInstance: f1_data_pipeline_taskflow.load_qualifications_task scheduled__2024-06-18T00:00:00+00:00 [running]> on host 790bccf90551
[2024-06-19T13:37:44.605+0000] {taskinstance.py:2648} INFO - Exporting env vars: AIRFLOW_CTX_DAG_OWNER='***' AIRFLOW_CTX_DAG_ID='f1_data_pipeline_taskflow' AIRFLOW_CTX_TASK_ID='load_qualifications_task' AIRFLOW_CTX_EXECUTION_DATE='2024-06-18T00:00:00+00:00' AIRFLOW_CTX_TRY_NUMBER='1' AIRFLOW_CTX_DAG_RUN_ID='scheduled__2024-06-18T00:00:00+00:00'
[2024-06-19T13:37:44.606+0000] {taskinstance.py:430} INFO - ::endgroup::
[2024-06-19T13:37:44.607+0000] {crypto.py:82} WARNING - empty cryptography key - values will not be stored encrypted.
[2024-06-19T13:37:44.608+0000] {base.py:84} INFO - Using connection ID 'sourcedb_connection' for task execution.
[2024-06-19T13:37:44.661+0000] {python.py:237} INFO - Done. Returned value was: None
[2024-06-19T13:37:44.662+0000] {taskinstance.py:441} INFO - ::group::Post task execution logs
[2024-06-19T13:37:44.670+0000] {taskinstance.py:1206} INFO - Marking task as SUCCESS. dag_id=f1_data_pipeline_taskflow, task_id=load_qualifications_task, run_id=scheduled__2024-06-18T00:00:00+00:00, execution_date=20240618T000000, start_date=20240619T133744, end_date=20240619T133744
[2024-06-19T13:37:44.696+0000] {local_task_job_runner.py:240} INFO - Task exited with return code 0
[2024-06-19T13:37:44.704+0000] {local_task_job_runner.py:222} INFO - ::endgroup::
[2024-06-19T14:01:26.880+0000] {local_task_job_runner.py:120} INFO - ::group::Pre task execution logs
[2024-06-19T14:01:26.895+0000] {taskinstance.py:2076} INFO - Dependencies all met for dep_context=non-requeueable deps ti=<TaskInstance: f1_data_pipeline_taskflow.load_qualifications_task scheduled__2024-06-18T00:00:00+00:00 [queued]>
[2024-06-19T14:01:26.901+0000] {taskinstance.py:2076} INFO - Dependencies all met for dep_context=requeueable deps ti=<TaskInstance: f1_data_pipeline_taskflow.load_qualifications_task scheduled__2024-06-18T00:00:00+00:00 [queued]>
[2024-06-19T14:01:26.902+0000] {taskinstance.py:2306} INFO - Starting attempt 1 of 1
[2024-06-19T14:01:26.910+0000] {taskinstance.py:2330} INFO - Executing <Task(_PythonDecoratedOperator): load_qualifications_task> on 2024-06-18 00:00:00+00:00
[2024-06-19T14:01:26.916+0000] {warnings.py:110} WARNING - /home/***/.local/lib/python3.12/site-packages/***/task/task_runner/standard_task_runner.py:61: DeprecationWarning: This process (pid=530) is multi-threaded, use of fork() may lead to deadlocks in the child.
  pid = os.fork()

[2024-06-19T14:01:26.917+0000] {standard_task_runner.py:63} INFO - Started process 533 to run task
[2024-06-19T14:01:26.917+0000] {standard_task_runner.py:90} INFO - Running: ['***', 'tasks', 'run', 'f1_data_pipeline_taskflow', 'load_qualifications_task', 'scheduled__2024-06-18T00:00:00+00:00', '--job-id', '32', '--raw', '--subdir', 'DAGS_FOLDER/etl_dag.py', '--cfg-path', '/tmp/tmpkma726ak']
[2024-06-19T14:01:26.919+0000] {standard_task_runner.py:91} INFO - Job 32: Subtask load_qualifications_task
[2024-06-19T14:01:26.955+0000] {task_command.py:426} INFO - Running <TaskInstance: f1_data_pipeline_taskflow.load_qualifications_task scheduled__2024-06-18T00:00:00+00:00 [running]> on host 0ff0d3189758
[2024-06-19T14:01:27.063+0000] {taskinstance.py:2648} INFO - Exporting env vars: AIRFLOW_CTX_DAG_OWNER='***' AIRFLOW_CTX_DAG_ID='f1_data_pipeline_taskflow' AIRFLOW_CTX_TASK_ID='load_qualifications_task' AIRFLOW_CTX_EXECUTION_DATE='2024-06-18T00:00:00+00:00' AIRFLOW_CTX_TRY_NUMBER='1' AIRFLOW_CTX_DAG_RUN_ID='scheduled__2024-06-18T00:00:00+00:00'
[2024-06-19T14:01:27.064+0000] {taskinstance.py:430} INFO - ::endgroup::
[2024-06-19T14:01:27.065+0000] {crypto.py:82} WARNING - empty cryptography key - values will not be stored encrypted.
[2024-06-19T14:01:27.065+0000] {base.py:84} INFO - Using connection ID 'sourcedb_connection' for task execution.
[2024-06-19T14:01:27.115+0000] {python.py:237} INFO - Done. Returned value was: None
[2024-06-19T14:01:27.116+0000] {taskinstance.py:441} INFO - ::group::Post task execution logs
[2024-06-19T14:01:27.125+0000] {taskinstance.py:1206} INFO - Marking task as SUCCESS. dag_id=f1_data_pipeline_taskflow, task_id=load_qualifications_task, run_id=scheduled__2024-06-18T00:00:00+00:00, execution_date=20240618T000000, start_date=20240619T140126, end_date=20240619T140127
[2024-06-19T14:01:27.171+0000] {local_task_job_runner.py:240} INFO - Task exited with return code 0
[2024-06-19T14:01:27.213+0000] {taskinstance.py:3498} INFO - 0 downstream tasks scheduled from follow-on schedule check
[2024-06-19T14:01:27.215+0000] {local_task_job_runner.py:222} INFO - ::endgroup::
[2024-06-19T14:05:05.669+0000] {local_task_job_runner.py:120} INFO - ::group::Pre task execution logs
[2024-06-19T14:05:05.688+0000] {taskinstance.py:2076} INFO - Dependencies all met for dep_context=non-requeueable deps ti=<TaskInstance: f1_data_pipeline_taskflow.load_qualifications_task scheduled__2024-06-18T00:00:00+00:00 [queued]>
[2024-06-19T14:05:05.697+0000] {taskinstance.py:2076} INFO - Dependencies all met for dep_context=requeueable deps ti=<TaskInstance: f1_data_pipeline_taskflow.load_qualifications_task scheduled__2024-06-18T00:00:00+00:00 [queued]>
[2024-06-19T14:05:05.697+0000] {taskinstance.py:2306} INFO - Starting attempt 1 of 1
[2024-06-19T14:05:05.707+0000] {taskinstance.py:2330} INFO - Executing <Task(_PythonDecoratedOperator): load_qualifications_task> on 2024-06-18 00:00:00+00:00
[2024-06-19T14:05:05.713+0000] {warnings.py:110} WARNING - /home/***/.local/lib/python3.12/site-packages/***/task/task_runner/standard_task_runner.py:61: DeprecationWarning: This process (pid=512) is multi-threaded, use of fork() may lead to deadlocks in the child.
  pid = os.fork()

[2024-06-19T14:05:05.714+0000] {standard_task_runner.py:63} INFO - Started process 521 to run task
[2024-06-19T14:05:05.715+0000] {standard_task_runner.py:90} INFO - Running: ['***', 'tasks', 'run', 'f1_data_pipeline_taskflow', 'load_qualifications_task', 'scheduled__2024-06-18T00:00:00+00:00', '--job-id', '29', '--raw', '--subdir', 'DAGS_FOLDER/etl_dag.py', '--cfg-path', '/tmp/tmpcdiwqdqz']
[2024-06-19T14:05:05.717+0000] {standard_task_runner.py:91} INFO - Job 29: Subtask load_qualifications_task
[2024-06-19T14:05:05.758+0000] {task_command.py:426} INFO - Running <TaskInstance: f1_data_pipeline_taskflow.load_qualifications_task scheduled__2024-06-18T00:00:00+00:00 [running]> on host dc92dd71b4a2
[2024-06-19T14:05:05.877+0000] {taskinstance.py:2648} INFO - Exporting env vars: AIRFLOW_CTX_DAG_OWNER='***' AIRFLOW_CTX_DAG_ID='f1_data_pipeline_taskflow' AIRFLOW_CTX_TASK_ID='load_qualifications_task' AIRFLOW_CTX_EXECUTION_DATE='2024-06-18T00:00:00+00:00' AIRFLOW_CTX_TRY_NUMBER='1' AIRFLOW_CTX_DAG_RUN_ID='scheduled__2024-06-18T00:00:00+00:00'
[2024-06-19T14:05:05.879+0000] {taskinstance.py:430} INFO - ::endgroup::
[2024-06-19T14:05:05.880+0000] {crypto.py:82} WARNING - empty cryptography key - values will not be stored encrypted.
[2024-06-19T14:05:05.880+0000] {base.py:84} INFO - Using connection ID 'sourcedb_connection' for task execution.
[2024-06-19T14:05:05.952+0000] {python.py:237} INFO - Done. Returned value was: None
[2024-06-19T14:05:05.953+0000] {taskinstance.py:441} INFO - ::group::Post task execution logs
[2024-06-19T14:05:05.965+0000] {taskinstance.py:1206} INFO - Marking task as SUCCESS. dag_id=f1_data_pipeline_taskflow, task_id=load_qualifications_task, run_id=scheduled__2024-06-18T00:00:00+00:00, execution_date=20240618T000000, start_date=20240619T140505, end_date=20240619T140505
[2024-06-19T14:05:06.008+0000] {local_task_job_runner.py:240} INFO - Task exited with return code 0
[2024-06-19T14:05:06.025+0000] {taskinstance.py:3498} INFO - 0 downstream tasks scheduled from follow-on schedule check
[2024-06-19T14:05:06.026+0000] {local_task_job_runner.py:222} INFO - ::endgroup::
[2024-06-19T14:14:03.367+0000] {local_task_job_runner.py:120} INFO - ::group::Pre task execution logs
[2024-06-19T14:14:03.384+0000] {taskinstance.py:2076} INFO - Dependencies all met for dep_context=non-requeueable deps ti=<TaskInstance: f1_data_pipeline_taskflow.load_qualifications_task scheduled__2024-06-18T00:00:00+00:00 [queued]>
[2024-06-19T14:14:03.391+0000] {taskinstance.py:2076} INFO - Dependencies all met for dep_context=requeueable deps ti=<TaskInstance: f1_data_pipeline_taskflow.load_qualifications_task scheduled__2024-06-18T00:00:00+00:00 [queued]>
[2024-06-19T14:14:03.391+0000] {taskinstance.py:2306} INFO - Starting attempt 1 of 1
[2024-06-19T14:14:03.400+0000] {taskinstance.py:2330} INFO - Executing <Task(_PythonDecoratedOperator): load_qualifications_task> on 2024-06-18 00:00:00+00:00
[2024-06-19T14:14:03.406+0000] {warnings.py:110} WARNING - /home/***/.local/lib/python3.12/site-packages/***/task/task_runner/standard_task_runner.py:61: DeprecationWarning: This process (pid=544) is multi-threaded, use of fork() may lead to deadlocks in the child.
  pid = os.fork()

[2024-06-19T14:14:03.407+0000] {standard_task_runner.py:63} INFO - Started process 552 to run task
[2024-06-19T14:14:03.407+0000] {standard_task_runner.py:90} INFO - Running: ['***', 'tasks', 'run', 'f1_data_pipeline_taskflow', 'load_qualifications_task', 'scheduled__2024-06-18T00:00:00+00:00', '--job-id', '26', '--raw', '--subdir', 'DAGS_FOLDER/etl_dag.py', '--cfg-path', '/tmp/tmpzalrt7nz']
[2024-06-19T14:14:03.409+0000] {standard_task_runner.py:91} INFO - Job 26: Subtask load_qualifications_task
[2024-06-19T14:14:03.449+0000] {task_command.py:426} INFO - Running <TaskInstance: f1_data_pipeline_taskflow.load_qualifications_task scheduled__2024-06-18T00:00:00+00:00 [running]> on host 2acd74b25e37
[2024-06-19T14:14:03.559+0000] {taskinstance.py:2648} INFO - Exporting env vars: AIRFLOW_CTX_DAG_OWNER='***' AIRFLOW_CTX_DAG_ID='f1_data_pipeline_taskflow' AIRFLOW_CTX_TASK_ID='load_qualifications_task' AIRFLOW_CTX_EXECUTION_DATE='2024-06-18T00:00:00+00:00' AIRFLOW_CTX_TRY_NUMBER='1' AIRFLOW_CTX_DAG_RUN_ID='scheduled__2024-06-18T00:00:00+00:00'
[2024-06-19T14:14:03.560+0000] {taskinstance.py:430} INFO - ::endgroup::
[2024-06-19T14:14:03.561+0000] {crypto.py:82} WARNING - empty cryptography key - values will not be stored encrypted.
[2024-06-19T14:14:03.562+0000] {base.py:84} INFO - Using connection ID 'sourcedb_connection' for task execution.
[2024-06-19T14:14:03.612+0000] {python.py:237} INFO - Done. Returned value was: None
[2024-06-19T14:14:03.613+0000] {taskinstance.py:441} INFO - ::group::Post task execution logs
[2024-06-19T14:14:03.621+0000] {taskinstance.py:1206} INFO - Marking task as SUCCESS. dag_id=f1_data_pipeline_taskflow, task_id=load_qualifications_task, run_id=scheduled__2024-06-18T00:00:00+00:00, execution_date=20240618T000000, start_date=20240619T141403, end_date=20240619T141403
[2024-06-19T14:14:03.660+0000] {local_task_job_runner.py:240} INFO - Task exited with return code 0
[2024-06-19T14:14:03.679+0000] {taskinstance.py:3498} INFO - 0 downstream tasks scheduled from follow-on schedule check
[2024-06-19T14:14:03.681+0000] {local_task_job_runner.py:222} INFO - ::endgroup::
[2024-06-19T14:26:00.839+0000] {local_task_job_runner.py:120} INFO - ::group::Pre task execution logs
[2024-06-19T14:26:00.864+0000] {taskinstance.py:2076} INFO - Dependencies all met for dep_context=non-requeueable deps ti=<TaskInstance: f1_data_pipeline_taskflow.load_qualifications_task scheduled__2024-06-18T00:00:00+00:00 [queued]>
[2024-06-19T14:26:00.874+0000] {taskinstance.py:2076} INFO - Dependencies all met for dep_context=requeueable deps ti=<TaskInstance: f1_data_pipeline_taskflow.load_qualifications_task scheduled__2024-06-18T00:00:00+00:00 [queued]>
[2024-06-19T14:26:00.874+0000] {taskinstance.py:2306} INFO - Starting attempt 1 of 1
[2024-06-19T14:26:00.887+0000] {taskinstance.py:2330} INFO - Executing <Task(_PythonDecoratedOperator): load_qualifications_task> on 2024-06-18 00:00:00+00:00
[2024-06-19T14:26:00.895+0000] {warnings.py:110} WARNING - /home/***/.local/lib/python3.12/site-packages/***/task/task_runner/standard_task_runner.py:61: DeprecationWarning: This process (pid=505) is multi-threaded, use of fork() may lead to deadlocks in the child.
  pid = os.fork()

[2024-06-19T14:26:00.896+0000] {standard_task_runner.py:63} INFO - Started process 515 to run task
[2024-06-19T14:26:00.896+0000] {standard_task_runner.py:90} INFO - Running: ['***', 'tasks', 'run', 'f1_data_pipeline_taskflow', 'load_qualifications_task', 'scheduled__2024-06-18T00:00:00+00:00', '--job-id', '26', '--raw', '--subdir', 'DAGS_FOLDER/etl_dag.py', '--cfg-path', '/tmp/tmpjzrecqz2']
[2024-06-19T14:26:00.899+0000] {standard_task_runner.py:91} INFO - Job 26: Subtask load_qualifications_task
[2024-06-19T14:26:00.952+0000] {task_command.py:426} INFO - Running <TaskInstance: f1_data_pipeline_taskflow.load_qualifications_task scheduled__2024-06-18T00:00:00+00:00 [running]> on host 7f714baf6013
[2024-06-19T14:26:01.071+0000] {taskinstance.py:2648} INFO - Exporting env vars: AIRFLOW_CTX_DAG_OWNER='***' AIRFLOW_CTX_DAG_ID='f1_data_pipeline_taskflow' AIRFLOW_CTX_TASK_ID='load_qualifications_task' AIRFLOW_CTX_EXECUTION_DATE='2024-06-18T00:00:00+00:00' AIRFLOW_CTX_TRY_NUMBER='1' AIRFLOW_CTX_DAG_RUN_ID='scheduled__2024-06-18T00:00:00+00:00'
[2024-06-19T14:26:01.072+0000] {taskinstance.py:430} INFO - ::endgroup::
[2024-06-19T14:26:01.073+0000] {crypto.py:82} WARNING - empty cryptography key - values will not be stored encrypted.
[2024-06-19T14:26:01.074+0000] {base.py:84} INFO - Using connection ID 'sourcedb_connection' for task execution.
[2024-06-19T14:26:01.122+0000] {python.py:237} INFO - Done. Returned value was: None
[2024-06-19T14:26:01.123+0000] {taskinstance.py:441} INFO - ::group::Post task execution logs
[2024-06-19T14:26:01.130+0000] {taskinstance.py:1206} INFO - Marking task as SUCCESS. dag_id=f1_data_pipeline_taskflow, task_id=load_qualifications_task, run_id=scheduled__2024-06-18T00:00:00+00:00, execution_date=20240618T000000, start_date=20240619T142600, end_date=20240619T142601
[2024-06-19T14:26:01.150+0000] {local_task_job_runner.py:240} INFO - Task exited with return code 0
[2024-06-19T14:26:01.167+0000] {taskinstance.py:3498} INFO - 0 downstream tasks scheduled from follow-on schedule check
[2024-06-19T14:26:01.168+0000] {local_task_job_runner.py:222} INFO - ::endgroup::
