[2024-06-22T10:00:42.635+0000] {processor.py:161} INFO - Started process (PID=50) to work on /opt/airflow/dags/ergast_kafka_consume_and_load.py
[2024-06-22T10:00:42.635+0000] {processor.py:830} INFO - Processing file /opt/airflow/dags/ergast_kafka_consume_and_load.py for tasks to queue
[2024-06-22T10:00:42.637+0000] {logging_mixin.py:188} INFO - [2024-06-22T10:00:42.636+0000] {dagbag.py:545} INFO - Filling up the DagBag from /opt/airflow/dags/ergast_kafka_consume_and_load.py
[2024-06-22T10:00:43.008+0000] {logging_mixin.py:188} WARNING - /home/airflow/.local/lib/python3.12/site-packages/airflow/models/dagbag.py:351 RemovedInAirflow3Warning: airflow.operators.python.task is deprecated. Please use the following instead

        from airflow.decorators import task
        @task
        def my_task()
[2024-06-22T10:00:43.012+0000] {processor.py:840} INFO - DAG(s) 'f1_data_pipeline_kafka_consumeAndLoad' retrieved from /opt/airflow/dags/ergast_kafka_consume_and_load.py
[2024-06-22T10:00:43.072+0000] {logging_mixin.py:188} INFO - [2024-06-22T10:00:43.072+0000] {override.py:1829} INFO - Created Permission View: can edit on DAG:f1_data_pipeline_kafka_consumeAndLoad
[2024-06-22T10:00:43.082+0000] {logging_mixin.py:188} INFO - [2024-06-22T10:00:43.082+0000] {override.py:1829} INFO - Created Permission View: can delete on DAG:f1_data_pipeline_kafka_consumeAndLoad
[2024-06-22T10:00:43.087+0000] {logging_mixin.py:188} INFO - [2024-06-22T10:00:43.087+0000] {override.py:1829} INFO - Created Permission View: can read on DAG:f1_data_pipeline_kafka_consumeAndLoad
[2024-06-22T10:00:43.088+0000] {logging_mixin.py:188} INFO - [2024-06-22T10:00:43.087+0000] {dag.py:3096} INFO - Sync 1 DAGs
[2024-06-22T10:00:43.094+0000] {logging_mixin.py:188} INFO - [2024-06-22T10:00:43.093+0000] {dag.py:3118} INFO - Creating ORM DAG for f1_data_pipeline_kafka_consumeAndLoad
[2024-06-22T10:00:43.099+0000] {logging_mixin.py:188} INFO - [2024-06-22T10:00:43.099+0000] {dag.py:3954} INFO - Setting next_dagrun for f1_data_pipeline_kafka_consumeAndLoad to 2024-06-09 00:00:00+00:00, run_after=2024-06-16 00:00:00+00:00
[2024-06-22T10:00:43.110+0000] {processor.py:183} INFO - Processing /opt/airflow/dags/ergast_kafka_consume_and_load.py took 0.480 seconds
[2024-06-22T10:01:13.511+0000] {processor.py:161} INFO - Started process (PID=64) to work on /opt/airflow/dags/ergast_kafka_consume_and_load.py
[2024-06-22T10:01:13.512+0000] {processor.py:830} INFO - Processing file /opt/airflow/dags/ergast_kafka_consume_and_load.py for tasks to queue
[2024-06-22T10:01:13.513+0000] {logging_mixin.py:188} INFO - [2024-06-22T10:01:13.513+0000] {dagbag.py:545} INFO - Filling up the DagBag from /opt/airflow/dags/ergast_kafka_consume_and_load.py
[2024-06-22T10:01:13.838+0000] {logging_mixin.py:188} WARNING - /home/airflow/.local/lib/python3.12/site-packages/airflow/models/dagbag.py:351 RemovedInAirflow3Warning: airflow.operators.python.task is deprecated. Please use the following instead

        from airflow.decorators import task
        @task
        def my_task()
[2024-06-22T10:01:13.842+0000] {processor.py:840} INFO - DAG(s) 'f1_data_pipeline_kafka_consumeAndLoad' retrieved from /opt/airflow/dags/ergast_kafka_consume_and_load.py
[2024-06-22T10:01:13.853+0000] {logging_mixin.py:188} INFO - [2024-06-22T10:01:13.853+0000] {dag.py:3096} INFO - Sync 1 DAGs
[2024-06-22T10:01:13.863+0000] {logging_mixin.py:188} INFO - [2024-06-22T10:01:13.863+0000] {dag.py:3954} INFO - Setting next_dagrun for f1_data_pipeline_kafka_consumeAndLoad to 2024-06-09 00:00:00+00:00, run_after=2024-06-16 00:00:00+00:00
[2024-06-22T10:01:13.874+0000] {processor.py:183} INFO - Processing /opt/airflow/dags/ergast_kafka_consume_and_load.py took 0.367 seconds
