[2024-07-01T08:56:35.620+0000] {processor.py:161} INFO - Started process (PID=52) to work on /opt/airflow/dags/database_create_views_task.py
[2024-07-01T08:56:35.621+0000] {processor.py:830} INFO - Processing file /opt/airflow/dags/database_create_views_task.py for tasks to queue
[2024-07-01T08:56:35.622+0000] {logging_mixin.py:188} INFO - [2024-07-01T08:56:35.622+0000] {dagbag.py:545} INFO - Filling up the DagBag from /opt/airflow/dags/database_create_views_task.py
[2024-07-01T08:56:35.640+0000] {processor.py:840} INFO - DAG(s) 'f1_data_create_database_views' retrieved from /opt/airflow/dags/database_create_views_task.py
[2024-07-01T08:56:35.716+0000] {logging_mixin.py:188} INFO - [2024-07-01T08:56:35.715+0000] {override.py:1829} INFO - Created Permission View: can edit on DAG:f1_data_create_database_views
[2024-07-01T08:56:35.723+0000] {logging_mixin.py:188} INFO - [2024-07-01T08:56:35.723+0000] {override.py:1829} INFO - Created Permission View: can read on DAG:f1_data_create_database_views
[2024-07-01T08:56:35.731+0000] {logging_mixin.py:188} INFO - [2024-07-01T08:56:35.730+0000] {override.py:1829} INFO - Created Permission View: can delete on DAG:f1_data_create_database_views
[2024-07-01T08:56:35.731+0000] {logging_mixin.py:188} INFO - [2024-07-01T08:56:35.731+0000] {dag.py:3096} INFO - Sync 1 DAGs
[2024-07-01T08:56:35.740+0000] {logging_mixin.py:188} INFO - [2024-07-01T08:56:35.739+0000] {dag.py:3118} INFO - Creating ORM DAG for f1_data_create_database_views
[2024-07-01T08:56:35.748+0000] {logging_mixin.py:188} INFO - [2024-07-01T08:56:35.748+0000] {dag.py:3954} INFO - Setting next_dagrun for f1_data_create_database_views to 2024-06-23 00:00:00+00:00, run_after=2024-06-30 00:00:00+00:00
[2024-07-01T08:56:35.760+0000] {processor.py:183} INFO - Processing /opt/airflow/dags/database_create_views_task.py took 0.144 seconds
[2024-07-01T08:57:06.283+0000] {processor.py:161} INFO - Started process (PID=63) to work on /opt/airflow/dags/database_create_views_task.py
[2024-07-01T08:57:06.284+0000] {processor.py:830} INFO - Processing file /opt/airflow/dags/database_create_views_task.py for tasks to queue
[2024-07-01T08:57:06.285+0000] {logging_mixin.py:188} INFO - [2024-07-01T08:57:06.285+0000] {dagbag.py:545} INFO - Filling up the DagBag from /opt/airflow/dags/database_create_views_task.py
[2024-07-01T08:57:06.298+0000] {processor.py:840} INFO - DAG(s) 'f1_data_create_database_views' retrieved from /opt/airflow/dags/database_create_views_task.py
[2024-07-01T08:57:06.312+0000] {logging_mixin.py:188} INFO - [2024-07-01T08:57:06.312+0000] {dag.py:3096} INFO - Sync 1 DAGs
[2024-07-01T08:57:06.327+0000] {logging_mixin.py:188} INFO - [2024-07-01T08:57:06.327+0000] {dag.py:3954} INFO - Setting next_dagrun for f1_data_create_database_views to 2024-06-23 00:00:00+00:00, run_after=2024-06-30 00:00:00+00:00
[2024-07-01T08:57:06.341+0000] {processor.py:183} INFO - Processing /opt/airflow/dags/database_create_views_task.py took 0.061 seconds
[2024-07-01T08:57:36.882+0000] {processor.py:161} INFO - Started process (PID=76) to work on /opt/airflow/dags/database_create_views_task.py
[2024-07-01T08:57:36.883+0000] {processor.py:830} INFO - Processing file /opt/airflow/dags/database_create_views_task.py for tasks to queue
[2024-07-01T08:57:36.884+0000] {logging_mixin.py:188} INFO - [2024-07-01T08:57:36.884+0000] {dagbag.py:545} INFO - Filling up the DagBag from /opt/airflow/dags/database_create_views_task.py
[2024-07-01T08:57:36.896+0000] {processor.py:840} INFO - DAG(s) 'f1_data_create_database_views' retrieved from /opt/airflow/dags/database_create_views_task.py
[2024-07-01T08:57:36.912+0000] {logging_mixin.py:188} INFO - [2024-07-01T08:57:36.912+0000] {dag.py:3096} INFO - Sync 1 DAGs
[2024-07-01T08:57:36.928+0000] {logging_mixin.py:188} INFO - [2024-07-01T08:57:36.928+0000] {dag.py:3954} INFO - Setting next_dagrun for f1_data_create_database_views to 2024-06-23 00:00:00+00:00, run_after=2024-06-30 00:00:00+00:00
[2024-07-01T08:57:36.940+0000] {processor.py:183} INFO - Processing /opt/airflow/dags/database_create_views_task.py took 0.062 seconds
[2024-07-01T08:58:07.465+0000] {processor.py:161} INFO - Started process (PID=89) to work on /opt/airflow/dags/database_create_views_task.py
[2024-07-01T08:58:07.466+0000] {processor.py:830} INFO - Processing file /opt/airflow/dags/database_create_views_task.py for tasks to queue
[2024-07-01T08:58:07.467+0000] {logging_mixin.py:188} INFO - [2024-07-01T08:58:07.467+0000] {dagbag.py:545} INFO - Filling up the DagBag from /opt/airflow/dags/database_create_views_task.py
[2024-07-01T08:58:07.480+0000] {processor.py:840} INFO - DAG(s) 'f1_data_create_database_views' retrieved from /opt/airflow/dags/database_create_views_task.py
[2024-07-01T08:58:07.495+0000] {logging_mixin.py:188} INFO - [2024-07-01T08:58:07.495+0000] {dag.py:3096} INFO - Sync 1 DAGs
[2024-07-01T08:58:07.511+0000] {logging_mixin.py:188} INFO - [2024-07-01T08:58:07.511+0000] {dag.py:3954} INFO - Setting next_dagrun for f1_data_create_database_views to 2024-06-23 00:00:00+00:00, run_after=2024-06-30 00:00:00+00:00
[2024-07-01T08:58:07.524+0000] {processor.py:183} INFO - Processing /opt/airflow/dags/database_create_views_task.py took 0.063 seconds
[2024-07-01T08:58:38.011+0000] {processor.py:161} INFO - Started process (PID=102) to work on /opt/airflow/dags/database_create_views_task.py
[2024-07-01T08:58:38.011+0000] {processor.py:830} INFO - Processing file /opt/airflow/dags/database_create_views_task.py for tasks to queue
[2024-07-01T08:58:38.013+0000] {logging_mixin.py:188} INFO - [2024-07-01T08:58:38.012+0000] {dagbag.py:545} INFO - Filling up the DagBag from /opt/airflow/dags/database_create_views_task.py
[2024-07-01T08:58:38.024+0000] {processor.py:840} INFO - DAG(s) 'f1_data_create_database_views' retrieved from /opt/airflow/dags/database_create_views_task.py
[2024-07-01T08:58:38.038+0000] {logging_mixin.py:188} INFO - [2024-07-01T08:58:38.038+0000] {dag.py:3096} INFO - Sync 1 DAGs
[2024-07-01T08:58:38.052+0000] {logging_mixin.py:188} INFO - [2024-07-01T08:58:38.052+0000] {dag.py:3954} INFO - Setting next_dagrun for f1_data_create_database_views to 2024-06-23 00:00:00+00:00, run_after=2024-06-30 00:00:00+00:00
[2024-07-01T08:58:38.065+0000] {processor.py:183} INFO - Processing /opt/airflow/dags/database_create_views_task.py took 0.058 seconds
[2024-07-01T08:59:08.601+0000] {processor.py:161} INFO - Started process (PID=115) to work on /opt/airflow/dags/database_create_views_task.py
[2024-07-01T08:59:08.602+0000] {processor.py:830} INFO - Processing file /opt/airflow/dags/database_create_views_task.py for tasks to queue
[2024-07-01T08:59:08.603+0000] {logging_mixin.py:188} INFO - [2024-07-01T08:59:08.603+0000] {dagbag.py:545} INFO - Filling up the DagBag from /opt/airflow/dags/database_create_views_task.py
[2024-07-01T08:59:08.616+0000] {processor.py:840} INFO - DAG(s) 'f1_data_create_database_views' retrieved from /opt/airflow/dags/database_create_views_task.py
[2024-07-01T08:59:08.632+0000] {logging_mixin.py:188} INFO - [2024-07-01T08:59:08.632+0000] {dag.py:3096} INFO - Sync 1 DAGs
[2024-07-01T08:59:08.649+0000] {logging_mixin.py:188} INFO - [2024-07-01T08:59:08.649+0000] {dag.py:3954} INFO - Setting next_dagrun for f1_data_create_database_views to 2024-06-23 00:00:00+00:00, run_after=2024-06-30 00:00:00+00:00
[2024-07-01T08:59:08.664+0000] {processor.py:183} INFO - Processing /opt/airflow/dags/database_create_views_task.py took 0.067 seconds
[2024-07-01T08:59:39.177+0000] {processor.py:161} INFO - Started process (PID=128) to work on /opt/airflow/dags/database_create_views_task.py
[2024-07-01T08:59:39.178+0000] {processor.py:830} INFO - Processing file /opt/airflow/dags/database_create_views_task.py for tasks to queue
[2024-07-01T08:59:39.179+0000] {logging_mixin.py:188} INFO - [2024-07-01T08:59:39.179+0000] {dagbag.py:545} INFO - Filling up the DagBag from /opt/airflow/dags/database_create_views_task.py
[2024-07-01T08:59:39.191+0000] {processor.py:840} INFO - DAG(s) 'f1_data_create_database_views' retrieved from /opt/airflow/dags/database_create_views_task.py
[2024-07-01T08:59:39.205+0000] {logging_mixin.py:188} INFO - [2024-07-01T08:59:39.205+0000] {dag.py:3096} INFO - Sync 1 DAGs
[2024-07-01T08:59:39.221+0000] {logging_mixin.py:188} INFO - [2024-07-01T08:59:39.220+0000] {dag.py:3954} INFO - Setting next_dagrun for f1_data_create_database_views to 2024-06-23 00:00:00+00:00, run_after=2024-06-30 00:00:00+00:00
[2024-07-01T08:59:39.234+0000] {processor.py:183} INFO - Processing /opt/airflow/dags/database_create_views_task.py took 0.061 seconds
[2024-07-01T09:00:09.776+0000] {processor.py:161} INFO - Started process (PID=141) to work on /opt/airflow/dags/database_create_views_task.py
[2024-07-01T09:00:09.777+0000] {processor.py:830} INFO - Processing file /opt/airflow/dags/database_create_views_task.py for tasks to queue
[2024-07-01T09:00:09.778+0000] {logging_mixin.py:188} INFO - [2024-07-01T09:00:09.778+0000] {dagbag.py:545} INFO - Filling up the DagBag from /opt/airflow/dags/database_create_views_task.py
[2024-07-01T09:00:09.791+0000] {processor.py:840} INFO - DAG(s) 'f1_data_create_database_views' retrieved from /opt/airflow/dags/database_create_views_task.py
[2024-07-01T09:00:09.806+0000] {logging_mixin.py:188} INFO - [2024-07-01T09:00:09.806+0000] {dag.py:3096} INFO - Sync 1 DAGs
[2024-07-01T09:00:09.821+0000] {logging_mixin.py:188} INFO - [2024-07-01T09:00:09.821+0000] {dag.py:3954} INFO - Setting next_dagrun for f1_data_create_database_views to 2024-06-23 00:00:00+00:00, run_after=2024-06-30 00:00:00+00:00
[2024-07-01T09:00:09.834+0000] {processor.py:183} INFO - Processing /opt/airflow/dags/database_create_views_task.py took 0.063 seconds
[2024-07-01T09:00:40.365+0000] {processor.py:161} INFO - Started process (PID=154) to work on /opt/airflow/dags/database_create_views_task.py
[2024-07-01T09:00:40.365+0000] {processor.py:830} INFO - Processing file /opt/airflow/dags/database_create_views_task.py for tasks to queue
[2024-07-01T09:00:40.367+0000] {logging_mixin.py:188} INFO - [2024-07-01T09:00:40.366+0000] {dagbag.py:545} INFO - Filling up the DagBag from /opt/airflow/dags/database_create_views_task.py
[2024-07-01T09:00:40.378+0000] {processor.py:840} INFO - DAG(s) 'f1_data_create_database_views' retrieved from /opt/airflow/dags/database_create_views_task.py
[2024-07-01T09:00:40.394+0000] {logging_mixin.py:188} INFO - [2024-07-01T09:00:40.394+0000] {dag.py:3096} INFO - Sync 1 DAGs
[2024-07-01T09:00:40.410+0000] {logging_mixin.py:188} INFO - [2024-07-01T09:00:40.409+0000] {dag.py:3954} INFO - Setting next_dagrun for f1_data_create_database_views to 2024-06-23 00:00:00+00:00, run_after=2024-06-30 00:00:00+00:00
[2024-07-01T09:00:40.423+0000] {processor.py:183} INFO - Processing /opt/airflow/dags/database_create_views_task.py took 0.062 seconds
[2024-07-01T09:01:10.932+0000] {processor.py:161} INFO - Started process (PID=167) to work on /opt/airflow/dags/database_create_views_task.py
[2024-07-01T09:01:10.933+0000] {processor.py:830} INFO - Processing file /opt/airflow/dags/database_create_views_task.py for tasks to queue
[2024-07-01T09:01:10.935+0000] {logging_mixin.py:188} INFO - [2024-07-01T09:01:10.934+0000] {dagbag.py:545} INFO - Filling up the DagBag from /opt/airflow/dags/database_create_views_task.py
[2024-07-01T09:01:10.948+0000] {processor.py:840} INFO - DAG(s) 'f1_data_create_database_views' retrieved from /opt/airflow/dags/database_create_views_task.py
[2024-07-01T09:01:10.965+0000] {logging_mixin.py:188} INFO - [2024-07-01T09:01:10.965+0000] {dag.py:3096} INFO - Sync 1 DAGs
[2024-07-01T09:01:10.980+0000] {logging_mixin.py:188} INFO - [2024-07-01T09:01:10.980+0000] {dag.py:3954} INFO - Setting next_dagrun for f1_data_create_database_views to 2024-06-23 00:00:00+00:00, run_after=2024-06-30 00:00:00+00:00
[2024-07-01T09:01:10.993+0000] {processor.py:183} INFO - Processing /opt/airflow/dags/database_create_views_task.py took 0.065 seconds
[2024-07-01T09:01:41.525+0000] {processor.py:161} INFO - Started process (PID=180) to work on /opt/airflow/dags/database_create_views_task.py
[2024-07-01T09:01:41.526+0000] {processor.py:830} INFO - Processing file /opt/airflow/dags/database_create_views_task.py for tasks to queue
[2024-07-01T09:01:41.527+0000] {logging_mixin.py:188} INFO - [2024-07-01T09:01:41.527+0000] {dagbag.py:545} INFO - Filling up the DagBag from /opt/airflow/dags/database_create_views_task.py
[2024-07-01T09:01:41.539+0000] {processor.py:840} INFO - DAG(s) 'f1_data_create_database_views' retrieved from /opt/airflow/dags/database_create_views_task.py
[2024-07-01T09:01:41.557+0000] {logging_mixin.py:188} INFO - [2024-07-01T09:01:41.557+0000] {dag.py:3096} INFO - Sync 1 DAGs
[2024-07-01T09:01:41.574+0000] {logging_mixin.py:188} INFO - [2024-07-01T09:01:41.574+0000] {dag.py:3954} INFO - Setting next_dagrun for f1_data_create_database_views to 2024-06-23 00:00:00+00:00, run_after=2024-06-30 00:00:00+00:00
[2024-07-01T09:01:41.588+0000] {processor.py:183} INFO - Processing /opt/airflow/dags/database_create_views_task.py took 0.067 seconds
[2024-07-01T09:02:12.110+0000] {processor.py:161} INFO - Started process (PID=193) to work on /opt/airflow/dags/database_create_views_task.py
[2024-07-01T09:02:12.111+0000] {processor.py:830} INFO - Processing file /opt/airflow/dags/database_create_views_task.py for tasks to queue
[2024-07-01T09:02:12.112+0000] {logging_mixin.py:188} INFO - [2024-07-01T09:02:12.112+0000] {dagbag.py:545} INFO - Filling up the DagBag from /opt/airflow/dags/database_create_views_task.py
[2024-07-01T09:02:12.126+0000] {processor.py:840} INFO - DAG(s) 'f1_data_create_database_views' retrieved from /opt/airflow/dags/database_create_views_task.py
[2024-07-01T09:02:12.141+0000] {logging_mixin.py:188} INFO - [2024-07-01T09:02:12.141+0000] {dag.py:3096} INFO - Sync 1 DAGs
[2024-07-01T09:02:12.157+0000] {logging_mixin.py:188} INFO - [2024-07-01T09:02:12.157+0000] {dag.py:3954} INFO - Setting next_dagrun for f1_data_create_database_views to 2024-06-23 00:00:00+00:00, run_after=2024-06-30 00:00:00+00:00
[2024-07-01T09:02:12.171+0000] {processor.py:183} INFO - Processing /opt/airflow/dags/database_create_views_task.py took 0.065 seconds
[2024-07-01T09:02:22.063+0000] {processor.py:161} INFO - Started process (PID=51) to work on /opt/airflow/dags/database_create_views_task.py
[2024-07-01T09:02:22.065+0000] {processor.py:830} INFO - Processing file /opt/airflow/dags/database_create_views_task.py for tasks to queue
[2024-07-01T09:02:22.066+0000] {logging_mixin.py:188} INFO - [2024-07-01T09:02:22.066+0000] {dagbag.py:545} INFO - Filling up the DagBag from /opt/airflow/dags/database_create_views_task.py
[2024-07-01T09:02:22.078+0000] {processor.py:840} INFO - DAG(s) 'f1_data_create_database_views' retrieved from /opt/airflow/dags/database_create_views_task.py
[2024-07-01T09:02:22.097+0000] {logging_mixin.py:188} INFO - [2024-07-01T09:02:22.097+0000] {dag.py:3096} INFO - Sync 1 DAGs
[2024-07-01T09:02:22.114+0000] {logging_mixin.py:188} INFO - [2024-07-01T09:02:22.114+0000] {dag.py:3954} INFO - Setting next_dagrun for f1_data_create_database_views to 2024-06-30 00:00:00+00:00, run_after=2024-07-07 00:00:00+00:00
[2024-07-01T09:02:22.129+0000] {processor.py:183} INFO - Processing /opt/airflow/dags/database_create_views_task.py took 0.070 seconds
[2024-07-01T09:02:29.101+0000] {processor.py:161} INFO - Started process (PID=51) to work on /opt/airflow/dags/database_create_views_task.py
[2024-07-01T09:02:29.102+0000] {processor.py:830} INFO - Processing file /opt/airflow/dags/database_create_views_task.py for tasks to queue
[2024-07-01T09:02:29.103+0000] {logging_mixin.py:188} INFO - [2024-07-01T09:02:29.102+0000] {dagbag.py:545} INFO - Filling up the DagBag from /opt/airflow/dags/database_create_views_task.py
[2024-07-01T09:02:29.115+0000] {processor.py:840} INFO - DAG(s) 'f1_data_create_database_views' retrieved from /opt/airflow/dags/database_create_views_task.py
[2024-07-01T09:02:29.131+0000] {logging_mixin.py:188} INFO - [2024-07-01T09:02:29.131+0000] {dag.py:3096} INFO - Sync 1 DAGs
[2024-07-01T09:02:29.147+0000] {logging_mixin.py:188} INFO - [2024-07-01T09:02:29.147+0000] {dag.py:3954} INFO - Setting next_dagrun for f1_data_create_database_views to 2024-06-30 00:00:00+00:00, run_after=2024-07-07 00:00:00+00:00
[2024-07-01T09:02:29.160+0000] {processor.py:183} INFO - Processing /opt/airflow/dags/database_create_views_task.py took 0.063 seconds
[2024-07-01T09:02:36.079+0000] {processor.py:161} INFO - Started process (PID=51) to work on /opt/airflow/dags/database_create_views_task.py
[2024-07-01T09:02:36.080+0000] {processor.py:830} INFO - Processing file /opt/airflow/dags/database_create_views_task.py for tasks to queue
[2024-07-01T09:02:36.081+0000] {logging_mixin.py:188} INFO - [2024-07-01T09:02:36.081+0000] {dagbag.py:545} INFO - Filling up the DagBag from /opt/airflow/dags/database_create_views_task.py
[2024-07-01T09:02:36.092+0000] {processor.py:840} INFO - DAG(s) 'f1_data_create_database_views' retrieved from /opt/airflow/dags/database_create_views_task.py
[2024-07-01T09:02:36.109+0000] {logging_mixin.py:188} INFO - [2024-07-01T09:02:36.109+0000] {dag.py:3096} INFO - Sync 1 DAGs
[2024-07-01T09:02:36.126+0000] {logging_mixin.py:188} INFO - [2024-07-01T09:02:36.125+0000] {dag.py:3954} INFO - Setting next_dagrun for f1_data_create_database_views to 2024-06-30 00:00:00+00:00, run_after=2024-07-07 00:00:00+00:00
[2024-07-01T09:02:36.141+0000] {processor.py:183} INFO - Processing /opt/airflow/dags/database_create_views_task.py took 0.066 seconds
[2024-07-01T09:02:43.363+0000] {processor.py:161} INFO - Started process (PID=51) to work on /opt/airflow/dags/database_create_views_task.py
[2024-07-01T09:02:43.364+0000] {processor.py:830} INFO - Processing file /opt/airflow/dags/database_create_views_task.py for tasks to queue
[2024-07-01T09:02:43.365+0000] {logging_mixin.py:188} INFO - [2024-07-01T09:02:43.365+0000] {dagbag.py:545} INFO - Filling up the DagBag from /opt/airflow/dags/database_create_views_task.py
[2024-07-01T09:02:43.379+0000] {processor.py:840} INFO - DAG(s) 'f1_data_create_database_views' retrieved from /opt/airflow/dags/database_create_views_task.py
[2024-07-01T09:02:43.398+0000] {logging_mixin.py:188} INFO - [2024-07-01T09:02:43.398+0000] {dag.py:3096} INFO - Sync 1 DAGs
[2024-07-01T09:02:43.415+0000] {logging_mixin.py:188} INFO - [2024-07-01T09:02:43.415+0000] {dag.py:3954} INFO - Setting next_dagrun for f1_data_create_database_views to 2024-06-30 00:00:00+00:00, run_after=2024-07-07 00:00:00+00:00
[2024-07-01T09:02:43.430+0000] {processor.py:183} INFO - Processing /opt/airflow/dags/database_create_views_task.py took 0.071 seconds
[2024-07-01T09:02:51.530+0000] {processor.py:161} INFO - Started process (PID=61) to work on /opt/airflow/dags/database_create_views_task.py
[2024-07-01T09:02:51.531+0000] {processor.py:830} INFO - Processing file /opt/airflow/dags/database_create_views_task.py for tasks to queue
[2024-07-01T09:02:51.532+0000] {logging_mixin.py:188} INFO - [2024-07-01T09:02:51.532+0000] {dagbag.py:545} INFO - Filling up the DagBag from /opt/airflow/dags/database_create_views_task.py
[2024-07-01T09:02:51.546+0000] {processor.py:840} INFO - DAG(s) 'f1_data_create_database_views' retrieved from /opt/airflow/dags/database_create_views_task.py
[2024-07-01T09:02:51.567+0000] {logging_mixin.py:188} INFO - [2024-07-01T09:02:51.567+0000] {dag.py:3096} INFO - Sync 1 DAGs
[2024-07-01T09:02:51.589+0000] {logging_mixin.py:188} INFO - [2024-07-01T09:02:51.589+0000] {dag.py:3954} INFO - Setting next_dagrun for f1_data_create_database_views to 2024-06-30 00:00:00+00:00, run_after=2024-07-07 00:00:00+00:00
[2024-07-01T09:02:51.608+0000] {processor.py:183} INFO - Processing /opt/airflow/dags/database_create_views_task.py took 0.082 seconds
[2024-07-01T09:03:04.585+0000] {processor.py:161} INFO - Started process (PID=58) to work on /opt/airflow/dags/database_create_views_task.py
[2024-07-01T09:03:04.586+0000] {processor.py:830} INFO - Processing file /opt/airflow/dags/database_create_views_task.py for tasks to queue
[2024-07-01T09:03:04.587+0000] {logging_mixin.py:188} INFO - [2024-07-01T09:03:04.587+0000] {dagbag.py:545} INFO - Filling up the DagBag from /opt/airflow/dags/database_create_views_task.py
[2024-07-01T09:03:04.601+0000] {processor.py:840} INFO - DAG(s) 'f1_data_create_database_views' retrieved from /opt/airflow/dags/database_create_views_task.py
[2024-07-01T09:03:04.621+0000] {logging_mixin.py:188} INFO - [2024-07-01T09:03:04.621+0000] {dag.py:3096} INFO - Sync 1 DAGs
[2024-07-01T09:03:04.640+0000] {logging_mixin.py:188} INFO - [2024-07-01T09:03:04.640+0000] {dag.py:3954} INFO - Setting next_dagrun for f1_data_create_database_views to 2024-06-30 00:00:00+00:00, run_after=2024-07-07 00:00:00+00:00
[2024-07-01T09:03:04.658+0000] {processor.py:183} INFO - Processing /opt/airflow/dags/database_create_views_task.py took 0.077 seconds
[2024-07-01T09:03:18.018+0000] {processor.py:161} INFO - Started process (PID=57) to work on /opt/airflow/dags/database_create_views_task.py
[2024-07-01T09:03:18.019+0000] {processor.py:830} INFO - Processing file /opt/airflow/dags/database_create_views_task.py for tasks to queue
[2024-07-01T09:03:18.020+0000] {logging_mixin.py:188} INFO - [2024-07-01T09:03:18.020+0000] {dagbag.py:545} INFO - Filling up the DagBag from /opt/airflow/dags/database_create_views_task.py
[2024-07-01T09:03:18.034+0000] {processor.py:840} INFO - DAG(s) 'f1_data_create_database_views' retrieved from /opt/airflow/dags/database_create_views_task.py
[2024-07-01T09:03:18.056+0000] {logging_mixin.py:188} INFO - [2024-07-01T09:03:18.056+0000] {dag.py:3096} INFO - Sync 1 DAGs
[2024-07-01T09:03:18.078+0000] {logging_mixin.py:188} INFO - [2024-07-01T09:03:18.078+0000] {dag.py:3954} INFO - Setting next_dagrun for f1_data_create_database_views to 2024-06-30 00:00:00+00:00, run_after=2024-07-07 00:00:00+00:00
[2024-07-01T09:03:18.095+0000] {processor.py:183} INFO - Processing /opt/airflow/dags/database_create_views_task.py took 0.082 seconds
[2024-07-01T09:03:37.395+0000] {processor.py:161} INFO - Started process (PID=55) to work on /opt/airflow/dags/database_create_views_task.py
[2024-07-01T09:03:37.396+0000] {processor.py:830} INFO - Processing file /opt/airflow/dags/database_create_views_task.py for tasks to queue
[2024-07-01T09:03:37.398+0000] {logging_mixin.py:188} INFO - [2024-07-01T09:03:37.398+0000] {dagbag.py:545} INFO - Filling up the DagBag from /opt/airflow/dags/database_create_views_task.py
[2024-07-01T09:03:37.412+0000] {processor.py:840} INFO - DAG(s) 'f1_data_create_database_views' retrieved from /opt/airflow/dags/database_create_views_task.py
[2024-07-01T09:03:37.431+0000] {logging_mixin.py:188} INFO - [2024-07-01T09:03:37.431+0000] {dag.py:3096} INFO - Sync 1 DAGs
[2024-07-01T09:03:37.448+0000] {logging_mixin.py:188} INFO - [2024-07-01T09:03:37.448+0000] {dag.py:3954} INFO - Setting next_dagrun for f1_data_create_database_views to 2024-06-30 00:00:00+00:00, run_after=2024-07-07 00:00:00+00:00
[2024-07-01T09:03:37.462+0000] {processor.py:183} INFO - Processing /opt/airflow/dags/database_create_views_task.py took 0.071 seconds
[2024-07-01T09:04:09.616+0000] {processor.py:161} INFO - Started process (PID=59) to work on /opt/airflow/dags/database_create_views_task.py
[2024-07-01T09:04:09.617+0000] {processor.py:830} INFO - Processing file /opt/airflow/dags/database_create_views_task.py for tasks to queue
[2024-07-01T09:04:09.619+0000] {logging_mixin.py:188} INFO - [2024-07-01T09:04:09.618+0000] {dagbag.py:545} INFO - Filling up the DagBag from /opt/airflow/dags/database_create_views_task.py
[2024-07-01T09:04:09.632+0000] {processor.py:840} INFO - DAG(s) 'f1_data_create_database_views' retrieved from /opt/airflow/dags/database_create_views_task.py
[2024-07-01T09:04:09.651+0000] {logging_mixin.py:188} INFO - [2024-07-01T09:04:09.650+0000] {dag.py:3096} INFO - Sync 1 DAGs
[2024-07-01T09:04:09.668+0000] {logging_mixin.py:188} INFO - [2024-07-01T09:04:09.668+0000] {dag.py:3954} INFO - Setting next_dagrun for f1_data_create_database_views to 2024-06-30 00:00:00+00:00, run_after=2024-07-07 00:00:00+00:00
[2024-07-01T09:04:09.684+0000] {processor.py:183} INFO - Processing /opt/airflow/dags/database_create_views_task.py took 0.072 seconds
[2024-07-01T09:05:07.082+0000] {processor.py:161} INFO - Started process (PID=51) to work on /opt/airflow/dags/database_create_views_task.py
[2024-07-01T09:05:07.083+0000] {processor.py:830} INFO - Processing file /opt/airflow/dags/database_create_views_task.py for tasks to queue
[2024-07-01T09:05:07.084+0000] {logging_mixin.py:188} INFO - [2024-07-01T09:05:07.084+0000] {dagbag.py:545} INFO - Filling up the DagBag from /opt/airflow/dags/database_create_views_task.py
[2024-07-01T09:05:07.096+0000] {processor.py:840} INFO - DAG(s) 'f1_data_create_database_views' retrieved from /opt/airflow/dags/database_create_views_task.py
[2024-07-01T09:05:07.112+0000] {logging_mixin.py:188} INFO - [2024-07-01T09:05:07.112+0000] {dag.py:3096} INFO - Sync 1 DAGs
[2024-07-01T09:05:07.126+0000] {logging_mixin.py:188} INFO - [2024-07-01T09:05:07.126+0000] {dag.py:3954} INFO - Setting next_dagrun for f1_data_create_database_views to 2024-06-30 00:00:00+00:00, run_after=2024-07-07 00:00:00+00:00
[2024-07-01T09:05:07.139+0000] {processor.py:183} INFO - Processing /opt/airflow/dags/database_create_views_task.py took 0.061 seconds
[2024-07-01T09:06:13.566+0000] {processor.py:161} INFO - Started process (PID=64) to work on /opt/airflow/dags/database_create_views_task.py
[2024-07-01T09:06:13.567+0000] {processor.py:830} INFO - Processing file /opt/airflow/dags/database_create_views_task.py for tasks to queue
[2024-07-01T09:06:13.568+0000] {logging_mixin.py:188} INFO - [2024-07-01T09:06:13.568+0000] {dagbag.py:545} INFO - Filling up the DagBag from /opt/airflow/dags/database_create_views_task.py
[2024-07-01T09:06:13.591+0000] {processor.py:840} INFO - DAG(s) 'f1_data_create_database_views' retrieved from /opt/airflow/dags/database_create_views_task.py
[2024-07-01T09:06:13.617+0000] {logging_mixin.py:188} INFO - [2024-07-01T09:06:13.616+0000] {dag.py:3096} INFO - Sync 1 DAGs
[2024-07-01T09:06:13.638+0000] {logging_mixin.py:188} INFO - [2024-07-01T09:06:13.638+0000] {dag.py:3954} INFO - Setting next_dagrun for f1_data_create_database_views to 2024-06-30 00:00:00+00:00, run_after=2024-07-07 00:00:00+00:00
[2024-07-01T09:06:13.659+0000] {processor.py:183} INFO - Processing /opt/airflow/dags/database_create_views_task.py took 0.101 seconds
[2024-07-01T09:07:20.275+0000] {processor.py:161} INFO - Started process (PID=51) to work on /opt/airflow/dags/database_create_views_task.py
[2024-07-01T09:07:20.275+0000] {processor.py:830} INFO - Processing file /opt/airflow/dags/database_create_views_task.py for tasks to queue
[2024-07-01T09:07:20.277+0000] {logging_mixin.py:188} INFO - [2024-07-01T09:07:20.277+0000] {dagbag.py:545} INFO - Filling up the DagBag from /opt/airflow/dags/database_create_views_task.py
[2024-07-01T09:07:20.289+0000] {processor.py:840} INFO - DAG(s) 'f1_data_create_database_views' retrieved from /opt/airflow/dags/database_create_views_task.py
[2024-07-01T09:07:20.305+0000] {logging_mixin.py:188} INFO - [2024-07-01T09:07:20.305+0000] {dag.py:3096} INFO - Sync 1 DAGs
[2024-07-01T09:07:20.320+0000] {logging_mixin.py:188} INFO - [2024-07-01T09:07:20.320+0000] {dag.py:3954} INFO - Setting next_dagrun for f1_data_create_database_views to 2024-06-30 00:00:00+00:00, run_after=2024-07-07 00:00:00+00:00
[2024-07-01T09:07:20.333+0000] {processor.py:183} INFO - Processing /opt/airflow/dags/database_create_views_task.py took 0.062 seconds
[2024-07-01T09:08:26.530+0000] {processor.py:161} INFO - Started process (PID=51) to work on /opt/airflow/dags/database_create_views_task.py
[2024-07-01T09:08:26.530+0000] {processor.py:830} INFO - Processing file /opt/airflow/dags/database_create_views_task.py for tasks to queue
[2024-07-01T09:08:26.532+0000] {logging_mixin.py:188} INFO - [2024-07-01T09:08:26.531+0000] {dagbag.py:545} INFO - Filling up the DagBag from /opt/airflow/dags/database_create_views_task.py
[2024-07-01T09:08:26.543+0000] {processor.py:840} INFO - DAG(s) 'f1_data_create_database_views' retrieved from /opt/airflow/dags/database_create_views_task.py
[2024-07-01T09:08:26.559+0000] {logging_mixin.py:188} INFO - [2024-07-01T09:08:26.559+0000] {dag.py:3096} INFO - Sync 1 DAGs
[2024-07-01T09:08:26.574+0000] {logging_mixin.py:188} INFO - [2024-07-01T09:08:26.574+0000] {dag.py:3954} INFO - Setting next_dagrun for f1_data_create_database_views to 2024-06-30 00:00:00+00:00, run_after=2024-07-07 00:00:00+00:00
[2024-07-01T09:08:26.586+0000] {processor.py:183} INFO - Processing /opt/airflow/dags/database_create_views_task.py took 0.061 seconds
[2024-07-01T09:09:32.810+0000] {processor.py:161} INFO - Started process (PID=51) to work on /opt/airflow/dags/database_create_views_task.py
[2024-07-01T09:09:32.811+0000] {processor.py:830} INFO - Processing file /opt/airflow/dags/database_create_views_task.py for tasks to queue
[2024-07-01T09:09:32.813+0000] {logging_mixin.py:188} INFO - [2024-07-01T09:09:32.812+0000] {dagbag.py:545} INFO - Filling up the DagBag from /opt/airflow/dags/database_create_views_task.py
[2024-07-01T09:09:32.825+0000] {processor.py:840} INFO - DAG(s) 'f1_data_create_database_views' retrieved from /opt/airflow/dags/database_create_views_task.py
[2024-07-01T09:09:32.842+0000] {logging_mixin.py:188} INFO - [2024-07-01T09:09:32.842+0000] {dag.py:3096} INFO - Sync 1 DAGs
[2024-07-01T09:09:32.857+0000] {logging_mixin.py:188} INFO - [2024-07-01T09:09:32.856+0000] {dag.py:3954} INFO - Setting next_dagrun for f1_data_create_database_views to 2024-06-30 00:00:00+00:00, run_after=2024-07-07 00:00:00+00:00
[2024-07-01T09:09:32.870+0000] {processor.py:183} INFO - Processing /opt/airflow/dags/database_create_views_task.py took 0.064 seconds
[2024-07-01T09:11:22.255+0000] {processor.py:161} INFO - Started process (PID=52) to work on /opt/airflow/dags/database_create_views_task.py
[2024-07-01T09:11:22.256+0000] {processor.py:830} INFO - Processing file /opt/airflow/dags/database_create_views_task.py for tasks to queue
[2024-07-01T09:11:22.257+0000] {logging_mixin.py:188} INFO - [2024-07-01T09:11:22.257+0000] {dagbag.py:545} INFO - Filling up the DagBag from /opt/airflow/dags/database_create_views_task.py
[2024-07-01T09:11:22.272+0000] {processor.py:840} INFO - DAG(s) 'f1_data_create_database_views' retrieved from /opt/airflow/dags/database_create_views_task.py
[2024-07-01T09:11:22.349+0000] {logging_mixin.py:188} INFO - [2024-07-01T09:11:22.349+0000] {override.py:1829} INFO - Created Permission View: can delete on DAG:f1_data_create_database_views
[2024-07-01T09:11:22.360+0000] {logging_mixin.py:188} INFO - [2024-07-01T09:11:22.360+0000] {override.py:1829} INFO - Created Permission View: can edit on DAG:f1_data_create_database_views
[2024-07-01T09:11:22.368+0000] {logging_mixin.py:188} INFO - [2024-07-01T09:11:22.368+0000] {override.py:1829} INFO - Created Permission View: can read on DAG:f1_data_create_database_views
[2024-07-01T09:11:22.369+0000] {logging_mixin.py:188} INFO - [2024-07-01T09:11:22.369+0000] {dag.py:3096} INFO - Sync 1 DAGs
[2024-07-01T09:11:22.378+0000] {logging_mixin.py:188} INFO - [2024-07-01T09:11:22.377+0000] {dag.py:3118} INFO - Creating ORM DAG for f1_data_create_database_views
[2024-07-01T09:11:22.386+0000] {logging_mixin.py:188} INFO - [2024-07-01T09:11:22.385+0000] {dag.py:3954} INFO - Setting next_dagrun for f1_data_create_database_views to 2024-06-23 00:00:00+00:00, run_after=2024-06-30 00:00:00+00:00
[2024-07-01T09:11:22.398+0000] {processor.py:183} INFO - Processing /opt/airflow/dags/database_create_views_task.py took 0.147 seconds
[2024-07-01T09:11:52.937+0000] {processor.py:161} INFO - Started process (PID=63) to work on /opt/airflow/dags/database_create_views_task.py
[2024-07-01T09:11:52.938+0000] {processor.py:830} INFO - Processing file /opt/airflow/dags/database_create_views_task.py for tasks to queue
[2024-07-01T09:11:52.939+0000] {logging_mixin.py:188} INFO - [2024-07-01T09:11:52.939+0000] {dagbag.py:545} INFO - Filling up the DagBag from /opt/airflow/dags/database_create_views_task.py
[2024-07-01T09:11:52.952+0000] {processor.py:840} INFO - DAG(s) 'f1_data_create_database_views' retrieved from /opt/airflow/dags/database_create_views_task.py
[2024-07-01T09:11:52.967+0000] {logging_mixin.py:188} INFO - [2024-07-01T09:11:52.967+0000] {dag.py:3096} INFO - Sync 1 DAGs
[2024-07-01T09:11:52.982+0000] {logging_mixin.py:188} INFO - [2024-07-01T09:11:52.982+0000] {dag.py:3954} INFO - Setting next_dagrun for f1_data_create_database_views to 2024-06-23 00:00:00+00:00, run_after=2024-06-30 00:00:00+00:00
[2024-07-01T09:11:52.995+0000] {processor.py:183} INFO - Processing /opt/airflow/dags/database_create_views_task.py took 0.062 seconds
[2024-07-01T09:12:23.514+0000] {processor.py:161} INFO - Started process (PID=76) to work on /opt/airflow/dags/database_create_views_task.py
[2024-07-01T09:12:23.515+0000] {processor.py:830} INFO - Processing file /opt/airflow/dags/database_create_views_task.py for tasks to queue
[2024-07-01T09:12:23.516+0000] {logging_mixin.py:188} INFO - [2024-07-01T09:12:23.516+0000] {dagbag.py:545} INFO - Filling up the DagBag from /opt/airflow/dags/database_create_views_task.py
[2024-07-01T09:12:23.528+0000] {processor.py:840} INFO - DAG(s) 'f1_data_create_database_views' retrieved from /opt/airflow/dags/database_create_views_task.py
[2024-07-01T09:12:23.542+0000] {logging_mixin.py:188} INFO - [2024-07-01T09:12:23.542+0000] {dag.py:3096} INFO - Sync 1 DAGs
[2024-07-01T09:12:23.559+0000] {logging_mixin.py:188} INFO - [2024-07-01T09:12:23.559+0000] {dag.py:3954} INFO - Setting next_dagrun for f1_data_create_database_views to 2024-06-23 00:00:00+00:00, run_after=2024-06-30 00:00:00+00:00
[2024-07-01T09:12:23.573+0000] {processor.py:183} INFO - Processing /opt/airflow/dags/database_create_views_task.py took 0.064 seconds
[2024-07-01T09:12:58.635+0000] {processor.py:161} INFO - Started process (PID=51) to work on /opt/airflow/dags/database_create_views_task.py
[2024-07-01T09:12:58.635+0000] {processor.py:830} INFO - Processing file /opt/airflow/dags/database_create_views_task.py for tasks to queue
[2024-07-01T09:12:58.637+0000] {logging_mixin.py:188} INFO - [2024-07-01T09:12:58.636+0000] {dagbag.py:545} INFO - Filling up the DagBag from /opt/airflow/dags/database_create_views_task.py
[2024-07-01T09:12:58.648+0000] {processor.py:840} INFO - DAG(s) 'f1_data_create_database_views' retrieved from /opt/airflow/dags/database_create_views_task.py
[2024-07-01T09:12:58.663+0000] {logging_mixin.py:188} INFO - [2024-07-01T09:12:58.663+0000] {dag.py:3096} INFO - Sync 1 DAGs
[2024-07-01T09:12:58.676+0000] {logging_mixin.py:188} INFO - [2024-07-01T09:12:58.676+0000] {dag.py:3954} INFO - Setting next_dagrun for f1_data_create_database_views to 2024-06-30 00:00:00+00:00, run_after=2024-07-07 00:00:00+00:00
[2024-07-01T09:12:58.688+0000] {processor.py:183} INFO - Processing /opt/airflow/dags/database_create_views_task.py took 0.057 seconds
[2024-07-01T09:13:05.121+0000] {processor.py:161} INFO - Started process (PID=51) to work on /opt/airflow/dags/database_create_views_task.py
[2024-07-01T09:13:05.122+0000] {processor.py:830} INFO - Processing file /opt/airflow/dags/database_create_views_task.py for tasks to queue
[2024-07-01T09:13:05.123+0000] {logging_mixin.py:188} INFO - [2024-07-01T09:13:05.123+0000] {dagbag.py:545} INFO - Filling up the DagBag from /opt/airflow/dags/database_create_views_task.py
[2024-07-01T09:13:05.134+0000] {processor.py:840} INFO - DAG(s) 'f1_data_create_database_views' retrieved from /opt/airflow/dags/database_create_views_task.py
[2024-07-01T09:13:05.150+0000] {logging_mixin.py:188} INFO - [2024-07-01T09:13:05.149+0000] {dag.py:3096} INFO - Sync 1 DAGs
[2024-07-01T09:13:05.165+0000] {logging_mixin.py:188} INFO - [2024-07-01T09:13:05.165+0000] {dag.py:3954} INFO - Setting next_dagrun for f1_data_create_database_views to 2024-06-30 00:00:00+00:00, run_after=2024-07-07 00:00:00+00:00
[2024-07-01T09:13:05.179+0000] {processor.py:183} INFO - Processing /opt/airflow/dags/database_create_views_task.py took 0.061 seconds
[2024-07-01T09:13:12.343+0000] {processor.py:161} INFO - Started process (PID=61) to work on /opt/airflow/dags/database_create_views_task.py
[2024-07-01T09:13:12.344+0000] {processor.py:830} INFO - Processing file /opt/airflow/dags/database_create_views_task.py for tasks to queue
[2024-07-01T09:13:12.346+0000] {logging_mixin.py:188} INFO - [2024-07-01T09:13:12.346+0000] {dagbag.py:545} INFO - Filling up the DagBag from /opt/airflow/dags/database_create_views_task.py
[2024-07-01T09:13:12.365+0000] {processor.py:840} INFO - DAG(s) 'f1_data_create_database_views' retrieved from /opt/airflow/dags/database_create_views_task.py
[2024-07-01T09:13:12.393+0000] {logging_mixin.py:188} INFO - [2024-07-01T09:13:12.393+0000] {dag.py:3096} INFO - Sync 1 DAGs
[2024-07-01T09:13:12.416+0000] {logging_mixin.py:188} INFO - [2024-07-01T09:13:12.416+0000] {dag.py:3954} INFO - Setting next_dagrun for f1_data_create_database_views to 2024-06-30 00:00:00+00:00, run_after=2024-07-07 00:00:00+00:00
[2024-07-01T09:13:12.438+0000] {processor.py:183} INFO - Processing /opt/airflow/dags/database_create_views_task.py took 0.101 seconds
[2024-07-01T09:13:22.546+0000] {processor.py:161} INFO - Started process (PID=58) to work on /opt/airflow/dags/database_create_views_task.py
[2024-07-01T09:13:22.547+0000] {processor.py:830} INFO - Processing file /opt/airflow/dags/database_create_views_task.py for tasks to queue
[2024-07-01T09:13:22.548+0000] {logging_mixin.py:188} INFO - [2024-07-01T09:13:22.548+0000] {dagbag.py:545} INFO - Filling up the DagBag from /opt/airflow/dags/database_create_views_task.py
[2024-07-01T09:13:22.561+0000] {processor.py:840} INFO - DAG(s) 'f1_data_create_database_views' retrieved from /opt/airflow/dags/database_create_views_task.py
[2024-07-01T09:13:22.580+0000] {logging_mixin.py:188} INFO - [2024-07-01T09:13:22.580+0000] {dag.py:3096} INFO - Sync 1 DAGs
[2024-07-01T09:13:22.598+0000] {logging_mixin.py:188} INFO - [2024-07-01T09:13:22.597+0000] {dag.py:3954} INFO - Setting next_dagrun for f1_data_create_database_views to 2024-06-30 00:00:00+00:00, run_after=2024-07-07 00:00:00+00:00
[2024-07-01T09:13:22.613+0000] {processor.py:183} INFO - Processing /opt/airflow/dags/database_create_views_task.py took 0.072 seconds
[2024-07-01T09:13:30.680+0000] {processor.py:161} INFO - Started process (PID=56) to work on /opt/airflow/dags/database_create_views_task.py
[2024-07-01T09:13:30.681+0000] {processor.py:830} INFO - Processing file /opt/airflow/dags/database_create_views_task.py for tasks to queue
[2024-07-01T09:13:30.682+0000] {logging_mixin.py:188} INFO - [2024-07-01T09:13:30.682+0000] {dagbag.py:545} INFO - Filling up the DagBag from /opt/airflow/dags/database_create_views_task.py
[2024-07-01T09:13:30.696+0000] {processor.py:840} INFO - DAG(s) 'f1_data_create_database_views' retrieved from /opt/airflow/dags/database_create_views_task.py
[2024-07-01T09:13:30.714+0000] {logging_mixin.py:188} INFO - [2024-07-01T09:13:30.714+0000] {dag.py:3096} INFO - Sync 1 DAGs
[2024-07-01T09:13:30.732+0000] {logging_mixin.py:188} INFO - [2024-07-01T09:13:30.731+0000] {dag.py:3954} INFO - Setting next_dagrun for f1_data_create_database_views to 2024-06-30 00:00:00+00:00, run_after=2024-07-07 00:00:00+00:00
[2024-07-01T09:13:30.748+0000] {processor.py:183} INFO - Processing /opt/airflow/dags/database_create_views_task.py took 0.073 seconds
[2024-07-01T09:13:40.579+0000] {processor.py:161} INFO - Started process (PID=55) to work on /opt/airflow/dags/database_create_views_task.py
[2024-07-01T09:13:40.579+0000] {processor.py:830} INFO - Processing file /opt/airflow/dags/database_create_views_task.py for tasks to queue
[2024-07-01T09:13:40.581+0000] {logging_mixin.py:188} INFO - [2024-07-01T09:13:40.580+0000] {dagbag.py:545} INFO - Filling up the DagBag from /opt/airflow/dags/database_create_views_task.py
[2024-07-01T09:13:40.593+0000] {processor.py:840} INFO - DAG(s) 'f1_data_create_database_views' retrieved from /opt/airflow/dags/database_create_views_task.py
[2024-07-01T09:13:40.610+0000] {logging_mixin.py:188} INFO - [2024-07-01T09:13:40.610+0000] {dag.py:3096} INFO - Sync 1 DAGs
[2024-07-01T09:13:40.626+0000] {logging_mixin.py:188} INFO - [2024-07-01T09:13:40.626+0000] {dag.py:3954} INFO - Setting next_dagrun for f1_data_create_database_views to 2024-06-30 00:00:00+00:00, run_after=2024-07-07 00:00:00+00:00
[2024-07-01T09:13:40.639+0000] {processor.py:183} INFO - Processing /opt/airflow/dags/database_create_views_task.py took 0.064 seconds
[2024-07-01T09:13:53.738+0000] {processor.py:161} INFO - Started process (PID=59) to work on /opt/airflow/dags/database_create_views_task.py
[2024-07-01T09:13:53.739+0000] {processor.py:830} INFO - Processing file /opt/airflow/dags/database_create_views_task.py for tasks to queue
[2024-07-01T09:13:53.740+0000] {logging_mixin.py:188} INFO - [2024-07-01T09:13:53.740+0000] {dagbag.py:545} INFO - Filling up the DagBag from /opt/airflow/dags/database_create_views_task.py
[2024-07-01T09:13:53.754+0000] {processor.py:840} INFO - DAG(s) 'f1_data_create_database_views' retrieved from /opt/airflow/dags/database_create_views_task.py
[2024-07-01T09:13:53.775+0000] {logging_mixin.py:188} INFO - [2024-07-01T09:13:53.775+0000] {dag.py:3096} INFO - Sync 1 DAGs
[2024-07-01T09:13:53.797+0000] {logging_mixin.py:188} INFO - [2024-07-01T09:13:53.796+0000] {dag.py:3954} INFO - Setting next_dagrun for f1_data_create_database_views to 2024-06-30 00:00:00+00:00, run_after=2024-07-07 00:00:00+00:00
[2024-07-01T09:13:53.816+0000] {processor.py:183} INFO - Processing /opt/airflow/dags/database_create_views_task.py took 0.082 seconds
[2024-07-01T09:21:09.598+0000] {processor.py:161} INFO - Started process (PID=52) to work on /opt/airflow/dags/database_create_views_task.py
[2024-07-01T09:21:09.598+0000] {processor.py:830} INFO - Processing file /opt/airflow/dags/database_create_views_task.py for tasks to queue
[2024-07-01T09:21:09.600+0000] {logging_mixin.py:188} INFO - [2024-07-01T09:21:09.600+0000] {dagbag.py:545} INFO - Filling up the DagBag from /opt/airflow/dags/database_create_views_task.py
[2024-07-01T09:21:09.615+0000] {processor.py:840} INFO - DAG(s) 'f1_data_create_database_views' retrieved from /opt/airflow/dags/database_create_views_task.py
[2024-07-01T09:21:09.689+0000] {logging_mixin.py:188} INFO - [2024-07-01T09:21:09.689+0000] {override.py:1829} INFO - Created Permission View: can edit on DAG:f1_data_create_database_views
[2024-07-01T09:21:09.699+0000] {logging_mixin.py:188} INFO - [2024-07-01T09:21:09.699+0000] {override.py:1829} INFO - Created Permission View: can delete on DAG:f1_data_create_database_views
[2024-07-01T09:21:09.705+0000] {logging_mixin.py:188} INFO - [2024-07-01T09:21:09.705+0000] {override.py:1829} INFO - Created Permission View: can read on DAG:f1_data_create_database_views
[2024-07-01T09:21:09.705+0000] {logging_mixin.py:188} INFO - [2024-07-01T09:21:09.705+0000] {dag.py:3096} INFO - Sync 1 DAGs
[2024-07-01T09:21:09.713+0000] {logging_mixin.py:188} INFO - [2024-07-01T09:21:09.713+0000] {dag.py:3118} INFO - Creating ORM DAG for f1_data_create_database_views
[2024-07-01T09:21:09.721+0000] {logging_mixin.py:188} INFO - [2024-07-01T09:21:09.721+0000] {dag.py:3954} INFO - Setting next_dagrun for f1_data_create_database_views to 2024-06-23 00:00:00+00:00, run_after=2024-06-30 00:00:00+00:00
[2024-07-01T09:21:09.734+0000] {processor.py:183} INFO - Processing /opt/airflow/dags/database_create_views_task.py took 0.140 seconds
[2024-07-01T09:21:40.257+0000] {processor.py:161} INFO - Started process (PID=63) to work on /opt/airflow/dags/database_create_views_task.py
[2024-07-01T09:21:40.258+0000] {processor.py:830} INFO - Processing file /opt/airflow/dags/database_create_views_task.py for tasks to queue
[2024-07-01T09:21:40.259+0000] {logging_mixin.py:188} INFO - [2024-07-01T09:21:40.259+0000] {dagbag.py:545} INFO - Filling up the DagBag from /opt/airflow/dags/database_create_views_task.py
[2024-07-01T09:21:40.271+0000] {processor.py:840} INFO - DAG(s) 'f1_data_create_database_views' retrieved from /opt/airflow/dags/database_create_views_task.py
[2024-07-01T09:21:40.286+0000] {logging_mixin.py:188} INFO - [2024-07-01T09:21:40.286+0000] {dag.py:3096} INFO - Sync 1 DAGs
[2024-07-01T09:21:40.301+0000] {logging_mixin.py:188} INFO - [2024-07-01T09:21:40.301+0000] {dag.py:3954} INFO - Setting next_dagrun for f1_data_create_database_views to 2024-06-23 00:00:00+00:00, run_after=2024-06-30 00:00:00+00:00
[2024-07-01T09:21:40.314+0000] {processor.py:183} INFO - Processing /opt/airflow/dags/database_create_views_task.py took 0.061 seconds
[2024-07-01T09:22:10.829+0000] {processor.py:161} INFO - Started process (PID=76) to work on /opt/airflow/dags/database_create_views_task.py
[2024-07-01T09:22:10.829+0000] {processor.py:830} INFO - Processing file /opt/airflow/dags/database_create_views_task.py for tasks to queue
[2024-07-01T09:22:10.831+0000] {logging_mixin.py:188} INFO - [2024-07-01T09:22:10.830+0000] {dagbag.py:545} INFO - Filling up the DagBag from /opt/airflow/dags/database_create_views_task.py
[2024-07-01T09:22:10.843+0000] {processor.py:840} INFO - DAG(s) 'f1_data_create_database_views' retrieved from /opt/airflow/dags/database_create_views_task.py
[2024-07-01T09:22:10.859+0000] {logging_mixin.py:188} INFO - [2024-07-01T09:22:10.859+0000] {dag.py:3096} INFO - Sync 1 DAGs
[2024-07-01T09:22:10.875+0000] {logging_mixin.py:188} INFO - [2024-07-01T09:22:10.874+0000] {dag.py:3954} INFO - Setting next_dagrun for f1_data_create_database_views to 2024-06-23 00:00:00+00:00, run_after=2024-06-30 00:00:00+00:00
[2024-07-01T09:22:10.888+0000] {processor.py:183} INFO - Processing /opt/airflow/dags/database_create_views_task.py took 0.063 seconds
[2024-07-01T09:22:41.408+0000] {processor.py:161} INFO - Started process (PID=89) to work on /opt/airflow/dags/database_create_views_task.py
[2024-07-01T09:22:41.409+0000] {processor.py:830} INFO - Processing file /opt/airflow/dags/database_create_views_task.py for tasks to queue
[2024-07-01T09:22:41.410+0000] {logging_mixin.py:188} INFO - [2024-07-01T09:22:41.410+0000] {dagbag.py:545} INFO - Filling up the DagBag from /opt/airflow/dags/database_create_views_task.py
[2024-07-01T09:22:41.423+0000] {processor.py:840} INFO - DAG(s) 'f1_data_create_database_views' retrieved from /opt/airflow/dags/database_create_views_task.py
[2024-07-01T09:22:41.438+0000] {logging_mixin.py:188} INFO - [2024-07-01T09:22:41.438+0000] {dag.py:3096} INFO - Sync 1 DAGs
[2024-07-01T09:22:41.453+0000] {logging_mixin.py:188} INFO - [2024-07-01T09:22:41.453+0000] {dag.py:3954} INFO - Setting next_dagrun for f1_data_create_database_views to 2024-06-23 00:00:00+00:00, run_after=2024-06-30 00:00:00+00:00
[2024-07-01T09:22:41.466+0000] {processor.py:183} INFO - Processing /opt/airflow/dags/database_create_views_task.py took 0.062 seconds
[2024-07-01T09:22:50.469+0000] {processor.py:161} INFO - Started process (PID=51) to work on /opt/airflow/dags/database_create_views_task.py
[2024-07-01T09:22:50.469+0000] {processor.py:830} INFO - Processing file /opt/airflow/dags/database_create_views_task.py for tasks to queue
[2024-07-01T09:22:50.470+0000] {logging_mixin.py:188} INFO - [2024-07-01T09:22:50.470+0000] {dagbag.py:545} INFO - Filling up the DagBag from /opt/airflow/dags/database_create_views_task.py
[2024-07-01T09:22:50.482+0000] {processor.py:840} INFO - DAG(s) 'f1_data_create_database_views' retrieved from /opt/airflow/dags/database_create_views_task.py
[2024-07-01T09:22:50.497+0000] {logging_mixin.py:188} INFO - [2024-07-01T09:22:50.497+0000] {dag.py:3096} INFO - Sync 1 DAGs
[2024-07-01T09:22:50.511+0000] {logging_mixin.py:188} INFO - [2024-07-01T09:22:50.511+0000] {dag.py:3954} INFO - Setting next_dagrun for f1_data_create_database_views to 2024-06-30 00:00:00+00:00, run_after=2024-07-07 00:00:00+00:00
[2024-07-01T09:22:50.525+0000] {processor.py:183} INFO - Processing /opt/airflow/dags/database_create_views_task.py took 0.060 seconds
[2024-07-01T09:22:57.456+0000] {processor.py:161} INFO - Started process (PID=51) to work on /opt/airflow/dags/database_create_views_task.py
[2024-07-01T09:22:57.457+0000] {processor.py:830} INFO - Processing file /opt/airflow/dags/database_create_views_task.py for tasks to queue
[2024-07-01T09:22:57.458+0000] {logging_mixin.py:188} INFO - [2024-07-01T09:22:57.458+0000] {dagbag.py:545} INFO - Filling up the DagBag from /opt/airflow/dags/database_create_views_task.py
[2024-07-01T09:22:57.471+0000] {processor.py:840} INFO - DAG(s) 'f1_data_create_database_views' retrieved from /opt/airflow/dags/database_create_views_task.py
[2024-07-01T09:22:57.489+0000] {logging_mixin.py:188} INFO - [2024-07-01T09:22:57.489+0000] {dag.py:3096} INFO - Sync 1 DAGs
[2024-07-01T09:22:57.505+0000] {logging_mixin.py:188} INFO - [2024-07-01T09:22:57.504+0000] {dag.py:3954} INFO - Setting next_dagrun for f1_data_create_database_views to 2024-06-30 00:00:00+00:00, run_after=2024-07-07 00:00:00+00:00
[2024-07-01T09:22:57.519+0000] {processor.py:183} INFO - Processing /opt/airflow/dags/database_create_views_task.py took 0.068 seconds
[2024-07-01T09:23:04.629+0000] {processor.py:161} INFO - Started process (PID=51) to work on /opt/airflow/dags/database_create_views_task.py
[2024-07-01T09:23:04.630+0000] {processor.py:830} INFO - Processing file /opt/airflow/dags/database_create_views_task.py for tasks to queue
[2024-07-01T09:23:04.631+0000] {logging_mixin.py:188} INFO - [2024-07-01T09:23:04.631+0000] {dagbag.py:545} INFO - Filling up the DagBag from /opt/airflow/dags/database_create_views_task.py
[2024-07-01T09:23:04.644+0000] {processor.py:840} INFO - DAG(s) 'f1_data_create_database_views' retrieved from /opt/airflow/dags/database_create_views_task.py
[2024-07-01T09:23:04.664+0000] {logging_mixin.py:188} INFO - [2024-07-01T09:23:04.664+0000] {dag.py:3096} INFO - Sync 1 DAGs
[2024-07-01T09:23:04.680+0000] {logging_mixin.py:188} INFO - [2024-07-01T09:23:04.680+0000] {dag.py:3954} INFO - Setting next_dagrun for f1_data_create_database_views to 2024-06-30 00:00:00+00:00, run_after=2024-07-07 00:00:00+00:00
[2024-07-01T09:23:04.697+0000] {processor.py:183} INFO - Processing /opt/airflow/dags/database_create_views_task.py took 0.072 seconds
[2024-07-01T09:23:11.976+0000] {processor.py:161} INFO - Started process (PID=50) to work on /opt/airflow/dags/database_create_views_task.py
[2024-07-01T09:23:11.977+0000] {processor.py:830} INFO - Processing file /opt/airflow/dags/database_create_views_task.py for tasks to queue
[2024-07-01T09:23:11.978+0000] {logging_mixin.py:188} INFO - [2024-07-01T09:23:11.978+0000] {dagbag.py:545} INFO - Filling up the DagBag from /opt/airflow/dags/database_create_views_task.py
[2024-07-01T09:23:11.991+0000] {processor.py:840} INFO - DAG(s) 'f1_data_create_database_views' retrieved from /opt/airflow/dags/database_create_views_task.py
[2024-07-01T09:23:12.008+0000] {logging_mixin.py:188} INFO - [2024-07-01T09:23:12.008+0000] {dag.py:3096} INFO - Sync 1 DAGs
[2024-07-01T09:23:12.023+0000] {logging_mixin.py:188} INFO - [2024-07-01T09:23:12.023+0000] {dag.py:3954} INFO - Setting next_dagrun for f1_data_create_database_views to 2024-06-30 00:00:00+00:00, run_after=2024-07-07 00:00:00+00:00
[2024-07-01T09:23:12.038+0000] {processor.py:183} INFO - Processing /opt/airflow/dags/database_create_views_task.py took 0.066 seconds
[2024-07-01T09:23:20.138+0000] {processor.py:161} INFO - Started process (PID=60) to work on /opt/airflow/dags/database_create_views_task.py
[2024-07-01T09:23:20.139+0000] {processor.py:830} INFO - Processing file /opt/airflow/dags/database_create_views_task.py for tasks to queue
[2024-07-01T09:23:20.140+0000] {logging_mixin.py:188} INFO - [2024-07-01T09:23:20.140+0000] {dagbag.py:545} INFO - Filling up the DagBag from /opt/airflow/dags/database_create_views_task.py
[2024-07-01T09:23:20.156+0000] {processor.py:840} INFO - DAG(s) 'f1_data_create_database_views' retrieved from /opt/airflow/dags/database_create_views_task.py
[2024-07-01T09:23:20.180+0000] {logging_mixin.py:188} INFO - [2024-07-01T09:23:20.180+0000] {dag.py:3096} INFO - Sync 1 DAGs
[2024-07-01T09:23:20.199+0000] {logging_mixin.py:188} INFO - [2024-07-01T09:23:20.199+0000] {dag.py:3954} INFO - Setting next_dagrun for f1_data_create_database_views to 2024-06-30 00:00:00+00:00, run_after=2024-07-07 00:00:00+00:00
[2024-07-01T09:23:20.220+0000] {processor.py:183} INFO - Processing /opt/airflow/dags/database_create_views_task.py took 0.088 seconds
[2024-07-01T09:23:32.930+0000] {processor.py:161} INFO - Started process (PID=58) to work on /opt/airflow/dags/database_create_views_task.py
[2024-07-01T09:23:32.931+0000] {processor.py:830} INFO - Processing file /opt/airflow/dags/database_create_views_task.py for tasks to queue
[2024-07-01T09:23:32.933+0000] {logging_mixin.py:188} INFO - [2024-07-01T09:23:32.932+0000] {dagbag.py:545} INFO - Filling up the DagBag from /opt/airflow/dags/database_create_views_task.py
[2024-07-01T09:23:32.945+0000] {processor.py:840} INFO - DAG(s) 'f1_data_create_database_views' retrieved from /opt/airflow/dags/database_create_views_task.py
[2024-07-01T09:23:32.965+0000] {logging_mixin.py:188} INFO - [2024-07-01T09:23:32.965+0000] {dag.py:3096} INFO - Sync 1 DAGs
[2024-07-01T09:23:32.982+0000] {logging_mixin.py:188} INFO - [2024-07-01T09:23:32.982+0000] {dag.py:3954} INFO - Setting next_dagrun for f1_data_create_database_views to 2024-06-30 00:00:00+00:00, run_after=2024-07-07 00:00:00+00:00
[2024-07-01T09:23:32.996+0000] {processor.py:183} INFO - Processing /opt/airflow/dags/database_create_views_task.py took 0.070 seconds
[2024-07-01T09:23:45.790+0000] {processor.py:161} INFO - Started process (PID=57) to work on /opt/airflow/dags/database_create_views_task.py
[2024-07-01T09:23:45.791+0000] {processor.py:830} INFO - Processing file /opt/airflow/dags/database_create_views_task.py for tasks to queue
[2024-07-01T09:23:45.792+0000] {logging_mixin.py:188} INFO - [2024-07-01T09:23:45.792+0000] {dagbag.py:545} INFO - Filling up the DagBag from /opt/airflow/dags/database_create_views_task.py
[2024-07-01T09:23:45.809+0000] {processor.py:840} INFO - DAG(s) 'f1_data_create_database_views' retrieved from /opt/airflow/dags/database_create_views_task.py
[2024-07-01T09:23:45.830+0000] {logging_mixin.py:188} INFO - [2024-07-01T09:23:45.830+0000] {dag.py:3096} INFO - Sync 1 DAGs
[2024-07-01T09:23:45.848+0000] {logging_mixin.py:188} INFO - [2024-07-01T09:23:45.848+0000] {dag.py:3954} INFO - Setting next_dagrun for f1_data_create_database_views to 2024-06-30 00:00:00+00:00, run_after=2024-07-07 00:00:00+00:00
[2024-07-01T09:23:45.864+0000] {processor.py:183} INFO - Processing /opt/airflow/dags/database_create_views_task.py took 0.079 seconds
[2024-07-01T09:24:05.298+0000] {processor.py:161} INFO - Started process (PID=54) to work on /opt/airflow/dags/database_create_views_task.py
[2024-07-01T09:24:05.299+0000] {processor.py:830} INFO - Processing file /opt/airflow/dags/database_create_views_task.py for tasks to queue
[2024-07-01T09:24:05.300+0000] {logging_mixin.py:188} INFO - [2024-07-01T09:24:05.300+0000] {dagbag.py:545} INFO - Filling up the DagBag from /opt/airflow/dags/database_create_views_task.py
[2024-07-01T09:24:05.312+0000] {processor.py:840} INFO - DAG(s) 'f1_data_create_database_views' retrieved from /opt/airflow/dags/database_create_views_task.py
[2024-07-01T09:24:05.331+0000] {logging_mixin.py:188} INFO - [2024-07-01T09:24:05.330+0000] {dag.py:3096} INFO - Sync 1 DAGs
[2024-07-01T09:24:05.347+0000] {logging_mixin.py:188} INFO - [2024-07-01T09:24:05.347+0000] {dag.py:3954} INFO - Setting next_dagrun for f1_data_create_database_views to 2024-06-30 00:00:00+00:00, run_after=2024-07-07 00:00:00+00:00
[2024-07-01T09:24:05.361+0000] {processor.py:183} INFO - Processing /opt/airflow/dags/database_create_views_task.py took 0.067 seconds
[2024-07-01T09:24:37.523+0000] {processor.py:161} INFO - Started process (PID=59) to work on /opt/airflow/dags/database_create_views_task.py
[2024-07-01T09:24:37.524+0000] {processor.py:830} INFO - Processing file /opt/airflow/dags/database_create_views_task.py for tasks to queue
[2024-07-01T09:24:37.526+0000] {logging_mixin.py:188} INFO - [2024-07-01T09:24:37.525+0000] {dagbag.py:545} INFO - Filling up the DagBag from /opt/airflow/dags/database_create_views_task.py
[2024-07-01T09:24:37.539+0000] {processor.py:840} INFO - DAG(s) 'f1_data_create_database_views' retrieved from /opt/airflow/dags/database_create_views_task.py
[2024-07-01T09:24:37.558+0000] {logging_mixin.py:188} INFO - [2024-07-01T09:24:37.558+0000] {dag.py:3096} INFO - Sync 1 DAGs
[2024-07-01T09:24:37.576+0000] {logging_mixin.py:188} INFO - [2024-07-01T09:24:37.576+0000] {dag.py:3954} INFO - Setting next_dagrun for f1_data_create_database_views to 2024-06-30 00:00:00+00:00, run_after=2024-07-07 00:00:00+00:00
[2024-07-01T09:24:37.593+0000] {processor.py:183} INFO - Processing /opt/airflow/dags/database_create_views_task.py took 0.074 seconds
[2024-07-01T09:25:35.319+0000] {processor.py:161} INFO - Started process (PID=50) to work on /opt/airflow/dags/database_create_views_task.py
[2024-07-01T09:25:35.320+0000] {processor.py:830} INFO - Processing file /opt/airflow/dags/database_create_views_task.py for tasks to queue
[2024-07-01T09:25:35.321+0000] {logging_mixin.py:188} INFO - [2024-07-01T09:25:35.321+0000] {dagbag.py:545} INFO - Filling up the DagBag from /opt/airflow/dags/database_create_views_task.py
[2024-07-01T09:25:35.333+0000] {processor.py:840} INFO - DAG(s) 'f1_data_create_database_views' retrieved from /opt/airflow/dags/database_create_views_task.py
[2024-07-01T09:25:35.349+0000] {logging_mixin.py:188} INFO - [2024-07-01T09:25:35.349+0000] {dag.py:3096} INFO - Sync 1 DAGs
[2024-07-01T09:25:35.365+0000] {logging_mixin.py:188} INFO - [2024-07-01T09:25:35.365+0000] {dag.py:3954} INFO - Setting next_dagrun for f1_data_create_database_views to 2024-06-30 00:00:00+00:00, run_after=2024-07-07 00:00:00+00:00
[2024-07-01T09:25:35.378+0000] {processor.py:183} INFO - Processing /opt/airflow/dags/database_create_views_task.py took 0.064 seconds
[2024-07-01T09:26:41.772+0000] {processor.py:161} INFO - Started process (PID=64) to work on /opt/airflow/dags/database_create_views_task.py
[2024-07-01T09:26:41.773+0000] {processor.py:830} INFO - Processing file /opt/airflow/dags/database_create_views_task.py for tasks to queue
[2024-07-01T09:26:41.776+0000] {logging_mixin.py:188} INFO - [2024-07-01T09:26:41.776+0000] {dagbag.py:545} INFO - Filling up the DagBag from /opt/airflow/dags/database_create_views_task.py
[2024-07-01T09:26:41.796+0000] {processor.py:840} INFO - DAG(s) 'f1_data_create_database_views' retrieved from /opt/airflow/dags/database_create_views_task.py
[2024-07-01T09:26:41.819+0000] {logging_mixin.py:188} INFO - [2024-07-01T09:26:41.818+0000] {dag.py:3096} INFO - Sync 1 DAGs
[2024-07-01T09:26:41.842+0000] {logging_mixin.py:188} INFO - [2024-07-01T09:26:41.841+0000] {dag.py:3954} INFO - Setting next_dagrun for f1_data_create_database_views to 2024-06-30 00:00:00+00:00, run_after=2024-07-07 00:00:00+00:00
[2024-07-01T09:26:41.862+0000] {processor.py:183} INFO - Processing /opt/airflow/dags/database_create_views_task.py took 0.094 seconds
[2024-07-01T09:27:48.471+0000] {processor.py:161} INFO - Started process (PID=51) to work on /opt/airflow/dags/database_create_views_task.py
[2024-07-01T09:27:48.471+0000] {processor.py:830} INFO - Processing file /opt/airflow/dags/database_create_views_task.py for tasks to queue
[2024-07-01T09:27:48.473+0000] {logging_mixin.py:188} INFO - [2024-07-01T09:27:48.473+0000] {dagbag.py:545} INFO - Filling up the DagBag from /opt/airflow/dags/database_create_views_task.py
[2024-07-01T09:27:48.485+0000] {processor.py:840} INFO - DAG(s) 'f1_data_create_database_views' retrieved from /opt/airflow/dags/database_create_views_task.py
[2024-07-01T09:27:48.501+0000] {logging_mixin.py:188} INFO - [2024-07-01T09:27:48.501+0000] {dag.py:3096} INFO - Sync 1 DAGs
[2024-07-01T09:27:48.517+0000] {logging_mixin.py:188} INFO - [2024-07-01T09:27:48.516+0000] {dag.py:3954} INFO - Setting next_dagrun for f1_data_create_database_views to 2024-06-30 00:00:00+00:00, run_after=2024-07-07 00:00:00+00:00
[2024-07-01T09:27:48.531+0000] {processor.py:183} INFO - Processing /opt/airflow/dags/database_create_views_task.py took 0.064 seconds
[2024-07-01T09:28:54.922+0000] {processor.py:161} INFO - Started process (PID=51) to work on /opt/airflow/dags/database_create_views_task.py
[2024-07-01T09:28:54.923+0000] {processor.py:830} INFO - Processing file /opt/airflow/dags/database_create_views_task.py for tasks to queue
[2024-07-01T09:28:54.924+0000] {logging_mixin.py:188} INFO - [2024-07-01T09:28:54.924+0000] {dagbag.py:545} INFO - Filling up the DagBag from /opt/airflow/dags/database_create_views_task.py
[2024-07-01T09:28:54.936+0000] {processor.py:840} INFO - DAG(s) 'f1_data_create_database_views' retrieved from /opt/airflow/dags/database_create_views_task.py
[2024-07-01T09:28:54.953+0000] {logging_mixin.py:188} INFO - [2024-07-01T09:28:54.953+0000] {dag.py:3096} INFO - Sync 1 DAGs
[2024-07-01T09:28:54.969+0000] {logging_mixin.py:188} INFO - [2024-07-01T09:28:54.968+0000] {dag.py:3954} INFO - Setting next_dagrun for f1_data_create_database_views to 2024-06-30 00:00:00+00:00, run_after=2024-07-07 00:00:00+00:00
[2024-07-01T09:28:54.982+0000] {processor.py:183} INFO - Processing /opt/airflow/dags/database_create_views_task.py took 0.064 seconds
[2024-07-01T09:30:01.296+0000] {processor.py:161} INFO - Started process (PID=51) to work on /opt/airflow/dags/database_create_views_task.py
[2024-07-01T09:30:01.297+0000] {processor.py:830} INFO - Processing file /opt/airflow/dags/database_create_views_task.py for tasks to queue
[2024-07-01T09:30:01.298+0000] {logging_mixin.py:188} INFO - [2024-07-01T09:30:01.298+0000] {dagbag.py:545} INFO - Filling up the DagBag from /opt/airflow/dags/database_create_views_task.py
[2024-07-01T09:30:01.309+0000] {processor.py:840} INFO - DAG(s) 'f1_data_create_database_views' retrieved from /opt/airflow/dags/database_create_views_task.py
[2024-07-01T09:30:01.325+0000] {logging_mixin.py:188} INFO - [2024-07-01T09:30:01.324+0000] {dag.py:3096} INFO - Sync 1 DAGs
[2024-07-01T09:30:01.340+0000] {logging_mixin.py:188} INFO - [2024-07-01T09:30:01.339+0000] {dag.py:3954} INFO - Setting next_dagrun for f1_data_create_database_views to 2024-06-30 00:00:00+00:00, run_after=2024-07-07 00:00:00+00:00
[2024-07-01T09:30:01.353+0000] {processor.py:183} INFO - Processing /opt/airflow/dags/database_create_views_task.py took 0.062 seconds
[2024-07-01T09:31:07.465+0000] {processor.py:161} INFO - Started process (PID=57) to work on /opt/airflow/dags/database_create_views_task.py
[2024-07-01T09:31:07.466+0000] {processor.py:830} INFO - Processing file /opt/airflow/dags/database_create_views_task.py for tasks to queue
[2024-07-01T09:31:07.468+0000] {logging_mixin.py:188} INFO - [2024-07-01T09:31:07.467+0000] {dagbag.py:545} INFO - Filling up the DagBag from /opt/airflow/dags/database_create_views_task.py
[2024-07-01T09:31:07.480+0000] {processor.py:840} INFO - DAG(s) 'f1_data_create_database_views' retrieved from /opt/airflow/dags/database_create_views_task.py
[2024-07-01T09:31:07.499+0000] {logging_mixin.py:188} INFO - [2024-07-01T09:31:07.499+0000] {dag.py:3096} INFO - Sync 1 DAGs
[2024-07-01T09:31:07.515+0000] {logging_mixin.py:188} INFO - [2024-07-01T09:31:07.515+0000] {dag.py:3954} INFO - Setting next_dagrun for f1_data_create_database_views to 2024-06-30 00:00:00+00:00, run_after=2024-07-07 00:00:00+00:00
[2024-07-01T09:31:07.531+0000] {processor.py:183} INFO - Processing /opt/airflow/dags/database_create_views_task.py took 0.070 seconds
[2024-07-01T09:32:13.767+0000] {processor.py:161} INFO - Started process (PID=55) to work on /opt/airflow/dags/database_create_views_task.py
[2024-07-01T09:32:13.767+0000] {processor.py:830} INFO - Processing file /opt/airflow/dags/database_create_views_task.py for tasks to queue
[2024-07-01T09:32:13.769+0000] {logging_mixin.py:188} INFO - [2024-07-01T09:32:13.768+0000] {dagbag.py:545} INFO - Filling up the DagBag from /opt/airflow/dags/database_create_views_task.py
[2024-07-01T09:32:13.780+0000] {processor.py:840} INFO - DAG(s) 'f1_data_create_database_views' retrieved from /opt/airflow/dags/database_create_views_task.py
[2024-07-01T09:32:13.799+0000] {logging_mixin.py:188} INFO - [2024-07-01T09:32:13.798+0000] {dag.py:3096} INFO - Sync 1 DAGs
[2024-07-01T09:32:13.816+0000] {logging_mixin.py:188} INFO - [2024-07-01T09:32:13.816+0000] {dag.py:3954} INFO - Setting next_dagrun for f1_data_create_database_views to 2024-06-30 00:00:00+00:00, run_after=2024-07-07 00:00:00+00:00
[2024-07-01T09:32:13.830+0000] {processor.py:183} INFO - Processing /opt/airflow/dags/database_create_views_task.py took 0.068 seconds
[2024-07-01T09:33:20.405+0000] {processor.py:161} INFO - Started process (PID=56) to work on /opt/airflow/dags/database_create_views_task.py
[2024-07-01T09:33:20.406+0000] {processor.py:830} INFO - Processing file /opt/airflow/dags/database_create_views_task.py for tasks to queue
[2024-07-01T09:33:20.407+0000] {logging_mixin.py:188} INFO - [2024-07-01T09:33:20.407+0000] {dagbag.py:545} INFO - Filling up the DagBag from /opt/airflow/dags/database_create_views_task.py
[2024-07-01T09:33:20.422+0000] {processor.py:840} INFO - DAG(s) 'f1_data_create_database_views' retrieved from /opt/airflow/dags/database_create_views_task.py
[2024-07-01T09:33:20.441+0000] {logging_mixin.py:188} INFO - [2024-07-01T09:33:20.441+0000] {dag.py:3096} INFO - Sync 1 DAGs
[2024-07-01T09:33:20.459+0000] {logging_mixin.py:188} INFO - [2024-07-01T09:33:20.459+0000] {dag.py:3954} INFO - Setting next_dagrun for f1_data_create_database_views to 2024-06-30 00:00:00+00:00, run_after=2024-07-07 00:00:00+00:00
[2024-07-01T09:33:20.475+0000] {processor.py:183} INFO - Processing /opt/airflow/dags/database_create_views_task.py took 0.074 seconds
[2024-07-01T09:34:27.004+0000] {processor.py:161} INFO - Started process (PID=52) to work on /opt/airflow/dags/database_create_views_task.py
[2024-07-01T09:34:27.005+0000] {processor.py:830} INFO - Processing file /opt/airflow/dags/database_create_views_task.py for tasks to queue
[2024-07-01T09:34:27.006+0000] {logging_mixin.py:188} INFO - [2024-07-01T09:34:27.006+0000] {dagbag.py:545} INFO - Filling up the DagBag from /opt/airflow/dags/database_create_views_task.py
[2024-07-01T09:34:27.019+0000] {processor.py:840} INFO - DAG(s) 'f1_data_create_database_views' retrieved from /opt/airflow/dags/database_create_views_task.py
[2024-07-01T09:34:27.036+0000] {logging_mixin.py:188} INFO - [2024-07-01T09:34:27.035+0000] {dag.py:3096} INFO - Sync 1 DAGs
[2024-07-01T09:34:27.050+0000] {logging_mixin.py:188} INFO - [2024-07-01T09:34:27.050+0000] {dag.py:3954} INFO - Setting next_dagrun for f1_data_create_database_views to 2024-06-30 00:00:00+00:00, run_after=2024-07-07 00:00:00+00:00
[2024-07-01T09:34:27.063+0000] {processor.py:183} INFO - Processing /opt/airflow/dags/database_create_views_task.py took 0.064 seconds
[2024-07-01T09:35:34.067+0000] {processor.py:161} INFO - Started process (PID=50) to work on /opt/airflow/dags/database_create_views_task.py
[2024-07-01T09:35:34.068+0000] {processor.py:830} INFO - Processing file /opt/airflow/dags/database_create_views_task.py for tasks to queue
[2024-07-01T09:35:34.070+0000] {logging_mixin.py:188} INFO - [2024-07-01T09:35:34.069+0000] {dagbag.py:545} INFO - Filling up the DagBag from /opt/airflow/dags/database_create_views_task.py
[2024-07-01T09:35:34.085+0000] {processor.py:840} INFO - DAG(s) 'f1_data_create_database_views' retrieved from /opt/airflow/dags/database_create_views_task.py
[2024-07-01T09:35:34.106+0000] {logging_mixin.py:188} INFO - [2024-07-01T09:35:34.105+0000] {dag.py:3096} INFO - Sync 1 DAGs
[2024-07-01T09:35:34.126+0000] {logging_mixin.py:188} INFO - [2024-07-01T09:35:34.125+0000] {dag.py:3954} INFO - Setting next_dagrun for f1_data_create_database_views to 2024-06-30 00:00:00+00:00, run_after=2024-07-07 00:00:00+00:00
[2024-07-01T09:35:34.149+0000] {processor.py:183} INFO - Processing /opt/airflow/dags/database_create_views_task.py took 0.087 seconds
[2024-07-01T09:36:41.320+0000] {processor.py:161} INFO - Started process (PID=51) to work on /opt/airflow/dags/database_create_views_task.py
[2024-07-01T09:36:41.321+0000] {processor.py:830} INFO - Processing file /opt/airflow/dags/database_create_views_task.py for tasks to queue
[2024-07-01T09:36:41.323+0000] {logging_mixin.py:188} INFO - [2024-07-01T09:36:41.322+0000] {dagbag.py:545} INFO - Filling up the DagBag from /opt/airflow/dags/database_create_views_task.py
[2024-07-01T09:36:41.338+0000] {processor.py:840} INFO - DAG(s) 'f1_data_create_database_views' retrieved from /opt/airflow/dags/database_create_views_task.py
[2024-07-01T09:36:41.358+0000] {logging_mixin.py:188} INFO - [2024-07-01T09:36:41.358+0000] {dag.py:3096} INFO - Sync 1 DAGs
[2024-07-01T09:36:41.378+0000] {logging_mixin.py:188} INFO - [2024-07-01T09:36:41.377+0000] {dag.py:3954} INFO - Setting next_dagrun for f1_data_create_database_views to 2024-06-30 00:00:00+00:00, run_after=2024-07-07 00:00:00+00:00
[2024-07-01T09:36:41.395+0000] {processor.py:183} INFO - Processing /opt/airflow/dags/database_create_views_task.py took 0.080 seconds
[2024-07-01T09:37:48.528+0000] {processor.py:161} INFO - Started process (PID=51) to work on /opt/airflow/dags/database_create_views_task.py
[2024-07-01T09:37:48.530+0000] {processor.py:830} INFO - Processing file /opt/airflow/dags/database_create_views_task.py for tasks to queue
[2024-07-01T09:37:48.532+0000] {logging_mixin.py:188} INFO - [2024-07-01T09:37:48.531+0000] {dagbag.py:545} INFO - Filling up the DagBag from /opt/airflow/dags/database_create_views_task.py
[2024-07-01T09:37:48.547+0000] {processor.py:840} INFO - DAG(s) 'f1_data_create_database_views' retrieved from /opt/airflow/dags/database_create_views_task.py
[2024-07-01T09:37:48.568+0000] {logging_mixin.py:188} INFO - [2024-07-01T09:37:48.567+0000] {dag.py:3096} INFO - Sync 1 DAGs
[2024-07-01T09:37:48.586+0000] {logging_mixin.py:188} INFO - [2024-07-01T09:37:48.586+0000] {dag.py:3954} INFO - Setting next_dagrun for f1_data_create_database_views to 2024-06-30 00:00:00+00:00, run_after=2024-07-07 00:00:00+00:00
[2024-07-01T09:37:48.604+0000] {processor.py:183} INFO - Processing /opt/airflow/dags/database_create_views_task.py took 0.080 seconds
[2024-07-01T09:38:55.076+0000] {processor.py:161} INFO - Started process (PID=50) to work on /opt/airflow/dags/database_create_views_task.py
[2024-07-01T09:38:55.077+0000] {processor.py:830} INFO - Processing file /opt/airflow/dags/database_create_views_task.py for tasks to queue
[2024-07-01T09:38:55.078+0000] {logging_mixin.py:188} INFO - [2024-07-01T09:38:55.078+0000] {dagbag.py:545} INFO - Filling up the DagBag from /opt/airflow/dags/database_create_views_task.py
[2024-07-01T09:38:55.092+0000] {processor.py:840} INFO - DAG(s) 'f1_data_create_database_views' retrieved from /opt/airflow/dags/database_create_views_task.py
[2024-07-01T09:38:55.108+0000] {logging_mixin.py:188} INFO - [2024-07-01T09:38:55.108+0000] {dag.py:3096} INFO - Sync 1 DAGs
[2024-07-01T09:38:55.126+0000] {logging_mixin.py:188} INFO - [2024-07-01T09:38:55.125+0000] {dag.py:3954} INFO - Setting next_dagrun for f1_data_create_database_views to 2024-06-30 00:00:00+00:00, run_after=2024-07-07 00:00:00+00:00
[2024-07-01T09:38:55.139+0000] {processor.py:183} INFO - Processing /opt/airflow/dags/database_create_views_task.py took 0.067 seconds
[2024-07-01T09:40:01.673+0000] {processor.py:161} INFO - Started process (PID=51) to work on /opt/airflow/dags/database_create_views_task.py
[2024-07-01T09:40:01.674+0000] {processor.py:830} INFO - Processing file /opt/airflow/dags/database_create_views_task.py for tasks to queue
[2024-07-01T09:40:01.675+0000] {logging_mixin.py:188} INFO - [2024-07-01T09:40:01.675+0000] {dagbag.py:545} INFO - Filling up the DagBag from /opt/airflow/dags/database_create_views_task.py
[2024-07-01T09:40:01.688+0000] {processor.py:840} INFO - DAG(s) 'f1_data_create_database_views' retrieved from /opt/airflow/dags/database_create_views_task.py
[2024-07-01T09:40:01.706+0000] {logging_mixin.py:188} INFO - [2024-07-01T09:40:01.706+0000] {dag.py:3096} INFO - Sync 1 DAGs
[2024-07-01T09:40:01.721+0000] {logging_mixin.py:188} INFO - [2024-07-01T09:40:01.721+0000] {dag.py:3954} INFO - Setting next_dagrun for f1_data_create_database_views to 2024-06-30 00:00:00+00:00, run_after=2024-07-07 00:00:00+00:00
[2024-07-01T09:40:01.735+0000] {processor.py:183} INFO - Processing /opt/airflow/dags/database_create_views_task.py took 0.066 seconds
[2024-07-01T09:41:08.731+0000] {processor.py:161} INFO - Started process (PID=51) to work on /opt/airflow/dags/database_create_views_task.py
[2024-07-01T09:41:08.731+0000] {processor.py:830} INFO - Processing file /opt/airflow/dags/database_create_views_task.py for tasks to queue
[2024-07-01T09:41:08.733+0000] {logging_mixin.py:188} INFO - [2024-07-01T09:41:08.733+0000] {dagbag.py:545} INFO - Filling up the DagBag from /opt/airflow/dags/database_create_views_task.py
[2024-07-01T09:41:08.747+0000] {processor.py:840} INFO - DAG(s) 'f1_data_create_database_views' retrieved from /opt/airflow/dags/database_create_views_task.py
[2024-07-01T09:41:08.767+0000] {logging_mixin.py:188} INFO - [2024-07-01T09:41:08.766+0000] {dag.py:3096} INFO - Sync 1 DAGs
[2024-07-01T09:41:08.785+0000] {logging_mixin.py:188} INFO - [2024-07-01T09:41:08.785+0000] {dag.py:3954} INFO - Setting next_dagrun for f1_data_create_database_views to 2024-06-30 00:00:00+00:00, run_after=2024-07-07 00:00:00+00:00
[2024-07-01T09:41:08.801+0000] {processor.py:183} INFO - Processing /opt/airflow/dags/database_create_views_task.py took 0.074 seconds
[2024-07-01T09:42:15.632+0000] {processor.py:161} INFO - Started process (PID=50) to work on /opt/airflow/dags/database_create_views_task.py
[2024-07-01T09:42:15.633+0000] {processor.py:830} INFO - Processing file /opt/airflow/dags/database_create_views_task.py for tasks to queue
[2024-07-01T09:42:15.634+0000] {logging_mixin.py:188} INFO - [2024-07-01T09:42:15.634+0000] {dagbag.py:545} INFO - Filling up the DagBag from /opt/airflow/dags/database_create_views_task.py
[2024-07-01T09:42:15.647+0000] {processor.py:840} INFO - DAG(s) 'f1_data_create_database_views' retrieved from /opt/airflow/dags/database_create_views_task.py
[2024-07-01T09:42:15.666+0000] {logging_mixin.py:188} INFO - [2024-07-01T09:42:15.665+0000] {dag.py:3096} INFO - Sync 1 DAGs
[2024-07-01T09:42:15.684+0000] {logging_mixin.py:188} INFO - [2024-07-01T09:42:15.684+0000] {dag.py:3954} INFO - Setting next_dagrun for f1_data_create_database_views to 2024-06-30 00:00:00+00:00, run_after=2024-07-07 00:00:00+00:00
[2024-07-01T09:42:15.702+0000] {processor.py:183} INFO - Processing /opt/airflow/dags/database_create_views_task.py took 0.076 seconds
[2024-07-01T09:43:22.839+0000] {processor.py:161} INFO - Started process (PID=51) to work on /opt/airflow/dags/database_create_views_task.py
[2024-07-01T09:43:22.840+0000] {processor.py:830} INFO - Processing file /opt/airflow/dags/database_create_views_task.py for tasks to queue
[2024-07-01T09:43:22.842+0000] {logging_mixin.py:188} INFO - [2024-07-01T09:43:22.841+0000] {dagbag.py:545} INFO - Filling up the DagBag from /opt/airflow/dags/database_create_views_task.py
[2024-07-01T09:43:22.856+0000] {processor.py:840} INFO - DAG(s) 'f1_data_create_database_views' retrieved from /opt/airflow/dags/database_create_views_task.py
[2024-07-01T09:43:22.877+0000] {logging_mixin.py:188} INFO - [2024-07-01T09:43:22.877+0000] {dag.py:3096} INFO - Sync 1 DAGs
[2024-07-01T09:43:22.897+0000] {logging_mixin.py:188} INFO - [2024-07-01T09:43:22.897+0000] {dag.py:3954} INFO - Setting next_dagrun for f1_data_create_database_views to 2024-06-30 00:00:00+00:00, run_after=2024-07-07 00:00:00+00:00
[2024-07-01T09:43:22.913+0000] {processor.py:183} INFO - Processing /opt/airflow/dags/database_create_views_task.py took 0.079 seconds
[2024-07-01T09:44:29.148+0000] {processor.py:161} INFO - Started process (PID=51) to work on /opt/airflow/dags/database_create_views_task.py
[2024-07-01T09:44:29.149+0000] {processor.py:830} INFO - Processing file /opt/airflow/dags/database_create_views_task.py for tasks to queue
[2024-07-01T09:44:29.150+0000] {logging_mixin.py:188} INFO - [2024-07-01T09:44:29.150+0000] {dagbag.py:545} INFO - Filling up the DagBag from /opt/airflow/dags/database_create_views_task.py
[2024-07-01T09:44:29.162+0000] {processor.py:840} INFO - DAG(s) 'f1_data_create_database_views' retrieved from /opt/airflow/dags/database_create_views_task.py
[2024-07-01T09:44:29.178+0000] {logging_mixin.py:188} INFO - [2024-07-01T09:44:29.178+0000] {dag.py:3096} INFO - Sync 1 DAGs
[2024-07-01T09:44:29.193+0000] {logging_mixin.py:188} INFO - [2024-07-01T09:44:29.193+0000] {dag.py:3954} INFO - Setting next_dagrun for f1_data_create_database_views to 2024-06-30 00:00:00+00:00, run_after=2024-07-07 00:00:00+00:00
[2024-07-01T09:44:29.206+0000] {processor.py:183} INFO - Processing /opt/airflow/dags/database_create_views_task.py took 0.062 seconds
[2024-07-01T09:45:35.454+0000] {processor.py:161} INFO - Started process (PID=51) to work on /opt/airflow/dags/database_create_views_task.py
[2024-07-01T09:45:35.455+0000] {processor.py:830} INFO - Processing file /opt/airflow/dags/database_create_views_task.py for tasks to queue
[2024-07-01T09:45:35.456+0000] {logging_mixin.py:188} INFO - [2024-07-01T09:45:35.456+0000] {dagbag.py:545} INFO - Filling up the DagBag from /opt/airflow/dags/database_create_views_task.py
[2024-07-01T09:45:35.468+0000] {processor.py:840} INFO - DAG(s) 'f1_data_create_database_views' retrieved from /opt/airflow/dags/database_create_views_task.py
[2024-07-01T09:45:35.484+0000] {logging_mixin.py:188} INFO - [2024-07-01T09:45:35.484+0000] {dag.py:3096} INFO - Sync 1 DAGs
[2024-07-01T09:45:35.499+0000] {logging_mixin.py:188} INFO - [2024-07-01T09:45:35.498+0000] {dag.py:3954} INFO - Setting next_dagrun for f1_data_create_database_views to 2024-06-30 00:00:00+00:00, run_after=2024-07-07 00:00:00+00:00
[2024-07-01T09:45:35.511+0000] {processor.py:183} INFO - Processing /opt/airflow/dags/database_create_views_task.py took 0.061 seconds
[2024-07-01T09:46:41.636+0000] {processor.py:161} INFO - Started process (PID=51) to work on /opt/airflow/dags/database_create_views_task.py
[2024-07-01T09:46:41.637+0000] {processor.py:830} INFO - Processing file /opt/airflow/dags/database_create_views_task.py for tasks to queue
[2024-07-01T09:46:41.638+0000] {logging_mixin.py:188} INFO - [2024-07-01T09:46:41.638+0000] {dagbag.py:545} INFO - Filling up the DagBag from /opt/airflow/dags/database_create_views_task.py
[2024-07-01T09:46:41.650+0000] {processor.py:840} INFO - DAG(s) 'f1_data_create_database_views' retrieved from /opt/airflow/dags/database_create_views_task.py
[2024-07-01T09:46:41.667+0000] {logging_mixin.py:188} INFO - [2024-07-01T09:46:41.667+0000] {dag.py:3096} INFO - Sync 1 DAGs
[2024-07-01T09:46:41.682+0000] {logging_mixin.py:188} INFO - [2024-07-01T09:46:41.682+0000] {dag.py:3954} INFO - Setting next_dagrun for f1_data_create_database_views to 2024-06-30 00:00:00+00:00, run_after=2024-07-07 00:00:00+00:00
[2024-07-01T09:46:41.694+0000] {processor.py:183} INFO - Processing /opt/airflow/dags/database_create_views_task.py took 0.063 seconds
[2024-07-01T09:47:47.890+0000] {processor.py:161} INFO - Started process (PID=51) to work on /opt/airflow/dags/database_create_views_task.py
[2024-07-01T09:47:47.891+0000] {processor.py:830} INFO - Processing file /opt/airflow/dags/database_create_views_task.py for tasks to queue
[2024-07-01T09:47:47.893+0000] {logging_mixin.py:188} INFO - [2024-07-01T09:47:47.892+0000] {dagbag.py:545} INFO - Filling up the DagBag from /opt/airflow/dags/database_create_views_task.py
[2024-07-01T09:47:47.904+0000] {processor.py:840} INFO - DAG(s) 'f1_data_create_database_views' retrieved from /opt/airflow/dags/database_create_views_task.py
[2024-07-01T09:47:47.920+0000] {logging_mixin.py:188} INFO - [2024-07-01T09:47:47.920+0000] {dag.py:3096} INFO - Sync 1 DAGs
[2024-07-01T09:47:47.935+0000] {logging_mixin.py:188} INFO - [2024-07-01T09:47:47.934+0000] {dag.py:3954} INFO - Setting next_dagrun for f1_data_create_database_views to 2024-06-30 00:00:00+00:00, run_after=2024-07-07 00:00:00+00:00
[2024-07-01T09:47:47.947+0000] {processor.py:183} INFO - Processing /opt/airflow/dags/database_create_views_task.py took 0.061 seconds
[2024-07-01T09:48:54.134+0000] {processor.py:161} INFO - Started process (PID=51) to work on /opt/airflow/dags/database_create_views_task.py
[2024-07-01T09:48:54.135+0000] {processor.py:830} INFO - Processing file /opt/airflow/dags/database_create_views_task.py for tasks to queue
[2024-07-01T09:48:54.136+0000] {logging_mixin.py:188} INFO - [2024-07-01T09:48:54.136+0000] {dagbag.py:545} INFO - Filling up the DagBag from /opt/airflow/dags/database_create_views_task.py
[2024-07-01T09:48:54.148+0000] {processor.py:840} INFO - DAG(s) 'f1_data_create_database_views' retrieved from /opt/airflow/dags/database_create_views_task.py
[2024-07-01T09:48:54.165+0000] {logging_mixin.py:188} INFO - [2024-07-01T09:48:54.165+0000] {dag.py:3096} INFO - Sync 1 DAGs
[2024-07-01T09:48:54.180+0000] {logging_mixin.py:188} INFO - [2024-07-01T09:48:54.180+0000] {dag.py:3954} INFO - Setting next_dagrun for f1_data_create_database_views to 2024-06-30 00:00:00+00:00, run_after=2024-07-07 00:00:00+00:00
[2024-07-01T09:48:54.192+0000] {processor.py:183} INFO - Processing /opt/airflow/dags/database_create_views_task.py took 0.062 seconds
[2024-07-01T09:51:11.195+0000] {processor.py:161} INFO - Started process (PID=52) to work on /opt/airflow/dags/database_create_views_task.py
[2024-07-01T09:51:11.197+0000] {processor.py:830} INFO - Processing file /opt/airflow/dags/database_create_views_task.py for tasks to queue
[2024-07-01T09:51:11.198+0000] {logging_mixin.py:188} INFO - [2024-07-01T09:51:11.198+0000] {dagbag.py:545} INFO - Filling up the DagBag from /opt/airflow/dags/database_create_views_task.py
[2024-07-01T09:51:11.216+0000] {processor.py:840} INFO - DAG(s) 'f1_data_create_database_views' retrieved from /opt/airflow/dags/database_create_views_task.py
[2024-07-01T09:51:11.291+0000] {logging_mixin.py:188} INFO - [2024-07-01T09:51:11.290+0000] {override.py:1829} INFO - Created Permission View: can edit on DAG:f1_data_create_database_views
[2024-07-01T09:51:11.300+0000] {logging_mixin.py:188} INFO - [2024-07-01T09:51:11.300+0000] {override.py:1829} INFO - Created Permission View: can read on DAG:f1_data_create_database_views
[2024-07-01T09:51:11.306+0000] {logging_mixin.py:188} INFO - [2024-07-01T09:51:11.306+0000] {override.py:1829} INFO - Created Permission View: can delete on DAG:f1_data_create_database_views
[2024-07-01T09:51:11.307+0000] {logging_mixin.py:188} INFO - [2024-07-01T09:51:11.306+0000] {dag.py:3096} INFO - Sync 1 DAGs
[2024-07-01T09:51:11.314+0000] {logging_mixin.py:188} INFO - [2024-07-01T09:51:11.314+0000] {dag.py:3118} INFO - Creating ORM DAG for f1_data_create_database_views
[2024-07-01T09:51:11.323+0000] {logging_mixin.py:188} INFO - [2024-07-01T09:51:11.323+0000] {dag.py:3954} INFO - Setting next_dagrun for f1_data_create_database_views to 2024-06-23 00:00:00+00:00, run_after=2024-06-30 00:00:00+00:00
[2024-07-01T09:51:11.336+0000] {processor.py:183} INFO - Processing /opt/airflow/dags/database_create_views_task.py took 0.146 seconds
[2024-07-01T09:51:41.888+0000] {processor.py:161} INFO - Started process (PID=63) to work on /opt/airflow/dags/database_create_views_task.py
[2024-07-01T09:51:41.889+0000] {processor.py:830} INFO - Processing file /opt/airflow/dags/database_create_views_task.py for tasks to queue
[2024-07-01T09:51:41.890+0000] {logging_mixin.py:188} INFO - [2024-07-01T09:51:41.890+0000] {dagbag.py:545} INFO - Filling up the DagBag from /opt/airflow/dags/database_create_views_task.py
[2024-07-01T09:51:41.902+0000] {processor.py:840} INFO - DAG(s) 'f1_data_create_database_views' retrieved from /opt/airflow/dags/database_create_views_task.py
[2024-07-01T09:51:41.917+0000] {logging_mixin.py:188} INFO - [2024-07-01T09:51:41.917+0000] {dag.py:3096} INFO - Sync 1 DAGs
[2024-07-01T09:51:41.931+0000] {logging_mixin.py:188} INFO - [2024-07-01T09:51:41.931+0000] {dag.py:3954} INFO - Setting next_dagrun for f1_data_create_database_views to 2024-06-23 00:00:00+00:00, run_after=2024-06-30 00:00:00+00:00
[2024-07-01T09:51:41.944+0000] {processor.py:183} INFO - Processing /opt/airflow/dags/database_create_views_task.py took 0.060 seconds
[2024-07-01T09:52:12.497+0000] {processor.py:161} INFO - Started process (PID=76) to work on /opt/airflow/dags/database_create_views_task.py
[2024-07-01T09:52:12.498+0000] {processor.py:830} INFO - Processing file /opt/airflow/dags/database_create_views_task.py for tasks to queue
[2024-07-01T09:52:12.499+0000] {logging_mixin.py:188} INFO - [2024-07-01T09:52:12.499+0000] {dagbag.py:545} INFO - Filling up the DagBag from /opt/airflow/dags/database_create_views_task.py
[2024-07-01T09:52:12.511+0000] {processor.py:840} INFO - DAG(s) 'f1_data_create_database_views' retrieved from /opt/airflow/dags/database_create_views_task.py
[2024-07-01T09:52:12.526+0000] {logging_mixin.py:188} INFO - [2024-07-01T09:52:12.526+0000] {dag.py:3096} INFO - Sync 1 DAGs
[2024-07-01T09:52:12.543+0000] {logging_mixin.py:188} INFO - [2024-07-01T09:52:12.542+0000] {dag.py:3954} INFO - Setting next_dagrun for f1_data_create_database_views to 2024-06-23 00:00:00+00:00, run_after=2024-06-30 00:00:00+00:00
[2024-07-01T09:52:12.556+0000] {processor.py:183} INFO - Processing /opt/airflow/dags/database_create_views_task.py took 0.062 seconds
[2024-07-01T09:52:43.122+0000] {processor.py:161} INFO - Started process (PID=89) to work on /opt/airflow/dags/database_create_views_task.py
[2024-07-01T09:52:43.123+0000] {processor.py:830} INFO - Processing file /opt/airflow/dags/database_create_views_task.py for tasks to queue
[2024-07-01T09:52:43.124+0000] {logging_mixin.py:188} INFO - [2024-07-01T09:52:43.124+0000] {dagbag.py:545} INFO - Filling up the DagBag from /opt/airflow/dags/database_create_views_task.py
[2024-07-01T09:52:43.136+0000] {processor.py:840} INFO - DAG(s) 'f1_data_create_database_views' retrieved from /opt/airflow/dags/database_create_views_task.py
[2024-07-01T09:52:43.151+0000] {logging_mixin.py:188} INFO - [2024-07-01T09:52:43.151+0000] {dag.py:3096} INFO - Sync 1 DAGs
[2024-07-01T09:52:43.165+0000] {logging_mixin.py:188} INFO - [2024-07-01T09:52:43.165+0000] {dag.py:3954} INFO - Setting next_dagrun for f1_data_create_database_views to 2024-06-23 00:00:00+00:00, run_after=2024-06-30 00:00:00+00:00
[2024-07-01T09:52:43.177+0000] {processor.py:183} INFO - Processing /opt/airflow/dags/database_create_views_task.py took 0.059 seconds
[2024-07-01T09:53:13.729+0000] {processor.py:161} INFO - Started process (PID=102) to work on /opt/airflow/dags/database_create_views_task.py
[2024-07-01T09:53:13.730+0000] {processor.py:830} INFO - Processing file /opt/airflow/dags/database_create_views_task.py for tasks to queue
[2024-07-01T09:53:13.731+0000] {logging_mixin.py:188} INFO - [2024-07-01T09:53:13.731+0000] {dagbag.py:545} INFO - Filling up the DagBag from /opt/airflow/dags/database_create_views_task.py
[2024-07-01T09:53:13.743+0000] {processor.py:840} INFO - DAG(s) 'f1_data_create_database_views' retrieved from /opt/airflow/dags/database_create_views_task.py
[2024-07-01T09:53:13.758+0000] {logging_mixin.py:188} INFO - [2024-07-01T09:53:13.757+0000] {dag.py:3096} INFO - Sync 1 DAGs
[2024-07-01T09:53:13.772+0000] {logging_mixin.py:188} INFO - [2024-07-01T09:53:13.772+0000] {dag.py:3954} INFO - Setting next_dagrun for f1_data_create_database_views to 2024-06-23 00:00:00+00:00, run_after=2024-06-30 00:00:00+00:00
[2024-07-01T09:53:13.786+0000] {processor.py:183} INFO - Processing /opt/airflow/dags/database_create_views_task.py took 0.060 seconds
[2024-07-01T09:53:44.323+0000] {processor.py:161} INFO - Started process (PID=115) to work on /opt/airflow/dags/database_create_views_task.py
[2024-07-01T09:53:44.324+0000] {processor.py:830} INFO - Processing file /opt/airflow/dags/database_create_views_task.py for tasks to queue
[2024-07-01T09:53:44.325+0000] {logging_mixin.py:188} INFO - [2024-07-01T09:53:44.325+0000] {dagbag.py:545} INFO - Filling up the DagBag from /opt/airflow/dags/database_create_views_task.py
[2024-07-01T09:53:44.337+0000] {processor.py:840} INFO - DAG(s) 'f1_data_create_database_views' retrieved from /opt/airflow/dags/database_create_views_task.py
[2024-07-01T09:53:44.352+0000] {logging_mixin.py:188} INFO - [2024-07-01T09:53:44.351+0000] {dag.py:3096} INFO - Sync 1 DAGs
[2024-07-01T09:53:44.366+0000] {logging_mixin.py:188} INFO - [2024-07-01T09:53:44.366+0000] {dag.py:3954} INFO - Setting next_dagrun for f1_data_create_database_views to 2024-06-23 00:00:00+00:00, run_after=2024-06-30 00:00:00+00:00
[2024-07-01T09:53:44.378+0000] {processor.py:183} INFO - Processing /opt/airflow/dags/database_create_views_task.py took 0.059 seconds
[2024-07-01T09:54:14.907+0000] {processor.py:161} INFO - Started process (PID=128) to work on /opt/airflow/dags/database_create_views_task.py
[2024-07-01T09:54:14.908+0000] {processor.py:830} INFO - Processing file /opt/airflow/dags/database_create_views_task.py for tasks to queue
[2024-07-01T09:54:14.909+0000] {logging_mixin.py:188} INFO - [2024-07-01T09:54:14.909+0000] {dagbag.py:545} INFO - Filling up the DagBag from /opt/airflow/dags/database_create_views_task.py
[2024-07-01T09:54:14.922+0000] {processor.py:840} INFO - DAG(s) 'f1_data_create_database_views' retrieved from /opt/airflow/dags/database_create_views_task.py
[2024-07-01T09:54:14.937+0000] {logging_mixin.py:188} INFO - [2024-07-01T09:54:14.937+0000] {dag.py:3096} INFO - Sync 1 DAGs
[2024-07-01T09:54:14.953+0000] {logging_mixin.py:188} INFO - [2024-07-01T09:54:14.952+0000] {dag.py:3954} INFO - Setting next_dagrun for f1_data_create_database_views to 2024-06-23 00:00:00+00:00, run_after=2024-06-30 00:00:00+00:00
[2024-07-01T09:54:14.967+0000] {processor.py:183} INFO - Processing /opt/airflow/dags/database_create_views_task.py took 0.063 seconds
