[2024-06-18T10:44:27.108+0000] {local_task_job_runner.py:120} INFO - ::group::Pre task execution logs
[2024-06-18T10:44:27.121+0000] {taskinstance.py:2076} INFO - Dependencies all met for dep_context=non-requeueable deps ti=<TaskInstance: f1_data_pipeline_kafka_consumeAndLoad.consume_and_load_raceResultsFact manual__2024-06-18T10:41:14.330719+00:00 [queued]>
[2024-06-18T10:44:27.127+0000] {taskinstance.py:2076} INFO - Dependencies all met for dep_context=requeueable deps ti=<TaskInstance: f1_data_pipeline_kafka_consumeAndLoad.consume_and_load_raceResultsFact manual__2024-06-18T10:41:14.330719+00:00 [queued]>
[2024-06-18T10:44:27.127+0000] {taskinstance.py:2306} INFO - Starting attempt 1 of 1
[2024-06-18T10:44:27.135+0000] {taskinstance.py:2330} INFO - Executing <Task(_PythonDecoratedOperator): consume_and_load_raceResultsFact> on 2024-06-18 10:41:14.330719+00:00
[2024-06-18T10:44:27.140+0000] {warnings.py:110} WARNING - /home/***/.local/lib/python3.12/site-packages/***/task/task_runner/standard_task_runner.py:61: DeprecationWarning: This process (pid=3802) is multi-threaded, use of fork() may lead to deadlocks in the child.
  pid = os.fork()

[2024-06-18T10:44:27.141+0000] {standard_task_runner.py:63} INFO - Started process 3804 to run task
[2024-06-18T10:44:27.142+0000] {standard_task_runner.py:90} INFO - Running: ['***', 'tasks', 'run', 'f1_data_pipeline_kafka_consumeAndLoad', 'consume_and_load_raceResultsFact', 'manual__2024-06-18T10:41:14.330719+00:00', '--job-id', '119', '--raw', '--subdir', 'DAGS_FOLDER/ergast_kafka_consume_and_load.py', '--cfg-path', '/tmp/tmpwbhfcc0s']
[2024-06-18T10:44:27.143+0000] {standard_task_runner.py:91} INFO - Job 119: Subtask consume_and_load_raceResultsFact
[2024-06-18T10:44:27.172+0000] {task_command.py:426} INFO - Running <TaskInstance: f1_data_pipeline_kafka_consumeAndLoad.consume_and_load_raceResultsFact manual__2024-06-18T10:41:14.330719+00:00 [running]> on host 85d13f87db98
[2024-06-18T10:44:27.227+0000] {taskinstance.py:2648} INFO - Exporting env vars: AIRFLOW_CTX_DAG_OWNER='***' AIRFLOW_CTX_DAG_ID='f1_data_pipeline_kafka_consumeAndLoad' AIRFLOW_CTX_TASK_ID='consume_and_load_raceResultsFact' AIRFLOW_CTX_EXECUTION_DATE='2024-06-18T10:41:14.330719+00:00' AIRFLOW_CTX_TRY_NUMBER='1' AIRFLOW_CTX_DAG_RUN_ID='manual__2024-06-18T10:41:14.330719+00:00'
[2024-06-18T10:44:27.227+0000] {taskinstance.py:430} INFO - ::endgroup::
[2024-06-18T10:44:27.229+0000] {conn.py:362} INFO - <BrokerConnection node_id=bootstrap-0 host=kafka:9092 <connecting> [IPv4 ('172.23.0.6', 9092)]>: connecting to kafka:9092 [('172.23.0.6', 9092) IPv4]
[2024-06-18T10:44:27.229+0000] {conn.py:957} INFO - Probing node bootstrap-0 broker version
[2024-06-18T10:44:27.230+0000] {conn.py:393} INFO - <BrokerConnection node_id=bootstrap-0 host=kafka:9092 <connecting> [IPv4 ('172.23.0.6', 9092)]>: Connection complete.
[2024-06-18T10:44:27.331+0000] {conn.py:1019} INFO - Broker version identified as 2.6.0
[2024-06-18T10:44:27.332+0000] {conn.py:1020} INFO - Set configuration api_version=(2, 6, 0) to skip auto check_version requests on startup
[2024-06-18T10:44:27.332+0000] {consumer.py:122} WARNING - group_id is None: disabling auto-commit.
[2024-06-18T10:44:27.333+0000] {subscription_state.py:167} INFO - Updating subscribed topics to: ('your_kafka_topic_raceResults',)
[2024-06-18T10:44:27.333+0000] {crypto.py:82} WARNING - empty cryptography key - values will not be stored encrypted.
[2024-06-18T10:44:27.333+0000] {base.py:84} INFO - Using connection ID 'sourcedb_connection' for task execution.
[2024-06-18T10:44:27.399+0000] {subscription_state.py:253} INFO - Updated partition assignment: [('your_kafka_topic_raceResults', 0)]
[2024-06-18T10:44:27.400+0000] {conn.py:362} INFO - <BrokerConnection node_id=1 host=kafka:9092 <connecting> [IPv4 ('172.23.0.6', 9092)]>: connecting to kafka:9092 [('172.23.0.6', 9092) IPv4]
[2024-06-18T10:44:27.400+0000] {conn.py:393} INFO - <BrokerConnection node_id=1 host=kafka:9092 <connecting> [IPv4 ('172.23.0.6', 9092)]>: Connection complete.
[2024-06-18T10:44:27.401+0000] {conn.py:673} INFO - <BrokerConnection node_id=bootstrap-0 host=kafka:9092 <connected> [IPv4 ('172.23.0.6', 9092)]>: Closing connection. 
[2024-06-18T10:44:27.513+0000] {warnings.py:110} WARNING - /opt/***/dags/ergast_kafka_consume_and_load.py:1035: SAWarning: Column 'raceResultsFact.resultId' is marked as a member of the primary key for table 'raceResultsFact', but has no Python-side or server-side default generator indicated, nor does it indicate 'autoincrement=True' or 'nullable=True', and no explicit value is passed.  Primary key columns typically may not store NULL.
  session.execute(insert_stmt)

[2024-06-18T10:44:27.514+0000] {taskinstance.py:441} INFO - ::group::Post task execution logs
[2024-06-18T10:44:27.514+0000] {taskinstance.py:2905} ERROR - Task failed with exception
Traceback (most recent call last):
  File "/home/airflow/.local/lib/python3.12/site-packages/sqlalchemy/engine/base.py", line 1910, in _execute_context
    self.dialect.do_execute(
  File "/home/airflow/.local/lib/python3.12/site-packages/sqlalchemy/engine/default.py", line 736, in do_execute
    cursor.execute(statement, parameters)
psycopg2.errors.InvalidTextRepresentation: invalid input syntax for type integer: "Finished"
LINE 1: ...Speed", time, "fastestLap") VALUES (1111, 9, 830, 'Finished'...
                                                             ^


The above exception was the direct cause of the following exception:

Traceback (most recent call last):
  File "/home/airflow/.local/lib/python3.12/site-packages/airflow/models/taskinstance.py", line 465, in _execute_task
    result = _execute_callable(context=context, **execute_callable_kwargs)
             ^^^^^^^^^^^^^^^^^^^^^^^^^^^^^^^^^^^^^^^^^^^^^^^^^^^^^^^^^^^^^
  File "/home/airflow/.local/lib/python3.12/site-packages/airflow/models/taskinstance.py", line 432, in _execute_callable
    return execute_callable(context=context, **execute_callable_kwargs)
           ^^^^^^^^^^^^^^^^^^^^^^^^^^^^^^^^^^^^^^^^^^^^^^^^^^^^^^^^^^^^
  File "/home/airflow/.local/lib/python3.12/site-packages/airflow/models/baseoperator.py", line 400, in wrapper
    return func(self, *args, **kwargs)
           ^^^^^^^^^^^^^^^^^^^^^^^^^^^
  File "/home/airflow/.local/lib/python3.12/site-packages/airflow/decorators/base.py", line 265, in execute
    return_value = super().execute(context)
                   ^^^^^^^^^^^^^^^^^^^^^^^^
  File "/home/airflow/.local/lib/python3.12/site-packages/airflow/models/baseoperator.py", line 400, in wrapper
    return func(self, *args, **kwargs)
           ^^^^^^^^^^^^^^^^^^^^^^^^^^^
  File "/home/airflow/.local/lib/python3.12/site-packages/airflow/operators/python.py", line 235, in execute
    return_value = self.execute_callable()
                   ^^^^^^^^^^^^^^^^^^^^^^^
  File "/home/airflow/.local/lib/python3.12/site-packages/airflow/operators/python.py", line 252, in execute_callable
    return self.python_callable(*self.op_args, **self.op_kwargs)
           ^^^^^^^^^^^^^^^^^^^^^^^^^^^^^^^^^^^^^^^^^^^^^^^^^^^^^
  File "/opt/airflow/dags/ergast_kafka_consume_and_load.py", line 1035, in consume_and_load_raceResultsFact
    session.execute(insert_stmt)
  File "/home/airflow/.local/lib/python3.12/site-packages/sqlalchemy/orm/session.py", line 1717, in execute
    result = conn._execute_20(statement, params or {}, execution_options)
             ^^^^^^^^^^^^^^^^^^^^^^^^^^^^^^^^^^^^^^^^^^^^^^^^^^^^^^^^^^^^
  File "/home/airflow/.local/lib/python3.12/site-packages/sqlalchemy/engine/base.py", line 1710, in _execute_20
    return meth(self, args_10style, kwargs_10style, execution_options)
           ^^^^^^^^^^^^^^^^^^^^^^^^^^^^^^^^^^^^^^^^^^^^^^^^^^^^^^^^^^^
  File "/home/airflow/.local/lib/python3.12/site-packages/sqlalchemy/sql/elements.py", line 334, in _execute_on_connection
    return connection._execute_clauseelement(
           ^^^^^^^^^^^^^^^^^^^^^^^^^^^^^^^^^^
  File "/home/airflow/.local/lib/python3.12/site-packages/sqlalchemy/engine/base.py", line 1577, in _execute_clauseelement
    ret = self._execute_context(
          ^^^^^^^^^^^^^^^^^^^^^^
  File "/home/airflow/.local/lib/python3.12/site-packages/sqlalchemy/engine/base.py", line 1953, in _execute_context
    self._handle_dbapi_exception(
  File "/home/airflow/.local/lib/python3.12/site-packages/sqlalchemy/engine/base.py", line 2134, in _handle_dbapi_exception
    util.raise_(
  File "/home/airflow/.local/lib/python3.12/site-packages/sqlalchemy/util/compat.py", line 211, in raise_
    raise exception
  File "/home/airflow/.local/lib/python3.12/site-packages/sqlalchemy/engine/base.py", line 1910, in _execute_context
    self.dialect.do_execute(
  File "/home/airflow/.local/lib/python3.12/site-packages/sqlalchemy/engine/default.py", line 736, in do_execute
    cursor.execute(statement, parameters)
sqlalchemy.exc.DataError: (psycopg2.errors.InvalidTextRepresentation) invalid input syntax for type integer: "Finished"
LINE 1: ...Speed", time, "fastestLap") VALUES (1111, 9, 830, 'Finished'...
                                                             ^

[SQL: INSERT INTO "raceResultsFact" ("raceId", "constructorId", "driverId", "statusId", "positionOrder", points, laps, grid, "fastestLapTime", "fastestLapSpeed", time, "fastestLap") VALUES (%(raceId)s, %(constructorId)s, %(driverId)s, %(statusId)s, %(positionOrder)s, %(points)s, %(laps)s, %(grid)s, %(fastestLapTime)s, %(fastestLapSpeed)s, %(time)s, %(fastestLap)s)]
[parameters: {'raceId': 1111, 'constructorId': 9, 'driverId': 830, 'statusId': 'Finished', 'positionOrder': '1', 'points': 26.0, 'laps': 57, 'grid': 1, 'fastestLapTime': '1:32.608', 'fastestLapSpeed': 210.383, 'time': '1:31:44.742', 'fastestLap': 39}]
(Background on this error at: https://sqlalche.me/e/14/9h9h)
[2024-06-18T10:44:27.525+0000] {taskinstance.py:1206} INFO - Marking task as FAILED. dag_id=f1_data_pipeline_kafka_consumeAndLoad, task_id=consume_and_load_raceResultsFact, run_id=manual__2024-06-18T10:41:14.330719+00:00, execution_date=20240618T104114, start_date=20240618T104427, end_date=20240618T104427
[2024-06-18T10:44:27.532+0000] {standard_task_runner.py:110} ERROR - Failed to execute job 119 for task consume_and_load_raceResultsFact ((psycopg2.errors.InvalidTextRepresentation) invalid input syntax for type integer: "Finished"
LINE 1: ...Speed", time, "fastestLap") VALUES (1111, 9, 830, 'Finished'...
                                                             ^

[SQL: INSERT INTO "raceResultsFact" ("raceId", "constructorId", "driverId", "statusId", "positionOrder", points, laps, grid, "fastestLapTime", "fastestLapSpeed", time, "fastestLap") VALUES (%(raceId)s, %(constructorId)s, %(driverId)s, %(statusId)s, %(positionOrder)s, %(points)s, %(laps)s, %(grid)s, %(fastestLapTime)s, %(fastestLapSpeed)s, %(time)s, %(fastestLap)s)]
[parameters: {'raceId': 1111, 'constructorId': 9, 'driverId': 830, 'statusId': 'Finished', 'positionOrder': '1', 'points': 26.0, 'laps': 57, 'grid': 1, 'fastestLapTime': '1:32.608', 'fastestLapSpeed': 210.383, 'time': '1:31:44.742', 'fastestLap': 39}]
(Background on this error at: https://sqlalche.me/e/14/9h9h); 3804)
[2024-06-18T10:44:27.556+0000] {local_task_job_runner.py:240} INFO - Task exited with return code 1
[2024-06-18T10:44:27.571+0000] {taskinstance.py:3498} INFO - 0 downstream tasks scheduled from follow-on schedule check
[2024-06-18T10:44:27.574+0000] {local_task_job_runner.py:222} INFO - ::endgroup::
