[2024-06-06T07:56:54.663+0000] {local_task_job_runner.py:120} INFO - ::group::Pre task execution logs
[2024-06-06T07:56:54.686+0000] {taskinstance.py:2076} INFO - Dependencies all met for dep_context=non-requeueable deps ti=<TaskInstance: f1_data_pipeline_taskflow.raceStatusDim_transform scheduled__2024-06-05T00:00:00+00:00 [queued]>
[2024-06-06T07:56:54.699+0000] {taskinstance.py:2076} INFO - Dependencies all met for dep_context=requeueable deps ti=<TaskInstance: f1_data_pipeline_taskflow.raceStatusDim_transform scheduled__2024-06-05T00:00:00+00:00 [queued]>
[2024-06-06T07:56:54.699+0000] {taskinstance.py:2306} INFO - Starting attempt 1 of 1
[2024-06-06T07:56:54.715+0000] {taskinstance.py:2330} INFO - Executing <Task(_PythonDecoratedOperator): raceStatusDim_transform> on 2024-06-05 00:00:00+00:00
[2024-06-06T07:56:54.722+0000] {warnings.py:110} WARNING - /home/***/.local/lib/python3.12/site-packages/***/task/task_runner/standard_task_runner.py:61: DeprecationWarning: This process (pid=514) is multi-threaded, use of fork() may lead to deadlocks in the child.
  pid = os.fork()

[2024-06-06T07:56:54.724+0000] {standard_task_runner.py:63} INFO - Started process 535 to run task
[2024-06-06T07:56:54.737+0000] {standard_task_runner.py:90} INFO - Running: ['***', 'tasks', 'run', 'f1_data_pipeline_taskflow', 'raceStatusDim_transform', 'scheduled__2024-06-05T00:00:00+00:00', '--job-id', '7', '--raw', '--subdir', 'DAGS_FOLDER/etl_dag.py', '--cfg-path', '/tmp/tmpwdxc3ivm']
[2024-06-06T07:56:54.741+0000] {standard_task_runner.py:91} INFO - Job 7: Subtask raceStatusDim_transform
[2024-06-06T07:56:54.792+0000] {task_command.py:426} INFO - Running <TaskInstance: f1_data_pipeline_taskflow.raceStatusDim_transform scheduled__2024-06-05T00:00:00+00:00 [running]> on host 08774e8514f7
[2024-06-06T07:56:56.825+0000] {taskinstance.py:2648} INFO - Exporting env vars: AIRFLOW_CTX_DAG_OWNER='***' AIRFLOW_CTX_DAG_ID='f1_data_pipeline_taskflow' AIRFLOW_CTX_TASK_ID='raceStatusDim_transform' AIRFLOW_CTX_EXECUTION_DATE='2024-06-05T00:00:00+00:00' AIRFLOW_CTX_TRY_NUMBER='1' AIRFLOW_CTX_DAG_RUN_ID='scheduled__2024-06-05T00:00:00+00:00'
[2024-06-06T07:56:56.827+0000] {taskinstance.py:430} INFO - ::endgroup::
[2024-06-06T07:56:56.895+0000] {python.py:237} INFO - Done. Returned value was:         statusId        status
0              1      Finished
298258        43       Exhaust
298661         4     Collision
304122        11        +1 Lap
445393        29      Puncture
...          ...           ...
516480        24  Differential
516609        96      Excluded
516819        15       +5 Laps
517303       139       Illness
517350        14       +4 Laps

[65 rows x 2 columns]
[2024-06-06T07:56:56.902+0000] {taskinstance.py:441} INFO - ::group::Post task execution logs
[2024-06-06T07:56:56.960+0000] {taskinstance.py:1206} INFO - Marking task as SUCCESS. dag_id=f1_data_pipeline_taskflow, task_id=raceStatusDim_transform, run_id=scheduled__2024-06-05T00:00:00+00:00, execution_date=20240605T000000, start_date=20240606T075654, end_date=20240606T075656
[2024-06-06T07:56:57.015+0000] {local_task_job_runner.py:240} INFO - Task exited with return code 0
[2024-06-06T07:56:57.029+0000] {local_task_job_runner.py:222} INFO - ::endgroup::
[2024-06-06T08:56:40.328+0000] {local_task_job_runner.py:120} INFO - ::group::Pre task execution logs
[2024-06-06T08:56:40.347+0000] {taskinstance.py:2076} INFO - Dependencies all met for dep_context=non-requeueable deps ti=<TaskInstance: f1_data_pipeline_taskflow.raceStatusDim_transform scheduled__2024-06-05T00:00:00+00:00 [queued]>
[2024-06-06T08:56:40.354+0000] {taskinstance.py:2076} INFO - Dependencies all met for dep_context=requeueable deps ti=<TaskInstance: f1_data_pipeline_taskflow.raceStatusDim_transform scheduled__2024-06-05T00:00:00+00:00 [queued]>
[2024-06-06T08:56:40.355+0000] {taskinstance.py:2306} INFO - Starting attempt 1 of 1
[2024-06-06T08:56:40.367+0000] {taskinstance.py:2330} INFO - Executing <Task(_PythonDecoratedOperator): raceStatusDim_transform> on 2024-06-05 00:00:00+00:00
[2024-06-06T08:56:40.373+0000] {warnings.py:110} WARNING - /home/***/.local/lib/python3.12/site-packages/***/task/task_runner/standard_task_runner.py:61: DeprecationWarning: This process (pid=88) is multi-threaded, use of fork() may lead to deadlocks in the child.
  pid = os.fork()

[2024-06-06T08:56:40.375+0000] {standard_task_runner.py:63} INFO - Started process 110 to run task
[2024-06-06T08:56:40.375+0000] {standard_task_runner.py:90} INFO - Running: ['***', 'tasks', 'run', 'f1_data_pipeline_taskflow', 'raceStatusDim_transform', 'scheduled__2024-06-05T00:00:00+00:00', '--job-id', '12', '--raw', '--subdir', 'DAGS_FOLDER/etl_dag.py', '--cfg-path', '/tmp/tmp6ff6vdxk']
[2024-06-06T08:56:40.378+0000] {standard_task_runner.py:91} INFO - Job 12: Subtask raceStatusDim_transform
[2024-06-06T08:56:40.422+0000] {task_command.py:426} INFO - Running <TaskInstance: f1_data_pipeline_taskflow.raceStatusDim_transform scheduled__2024-06-05T00:00:00+00:00 [running]> on host 92fdeb90b6dc
[2024-06-06T08:56:42.691+0000] {taskinstance.py:2648} INFO - Exporting env vars: AIRFLOW_CTX_DAG_OWNER='***' AIRFLOW_CTX_DAG_ID='f1_data_pipeline_taskflow' AIRFLOW_CTX_TASK_ID='raceStatusDim_transform' AIRFLOW_CTX_EXECUTION_DATE='2024-06-05T00:00:00+00:00' AIRFLOW_CTX_TRY_NUMBER='1' AIRFLOW_CTX_DAG_RUN_ID='scheduled__2024-06-05T00:00:00+00:00'
[2024-06-06T08:56:42.692+0000] {taskinstance.py:430} INFO - ::endgroup::
[2024-06-06T08:56:42.769+0000] {python.py:237} INFO - Done. Returned value was:         statusId        status
0              1      Finished
298258        43       Exhaust
298661         4     Collision
304122        11        +1 Lap
445393        29      Puncture
...          ...           ...
516480        24  Differential
516609        96      Excluded
516819        15       +5 Laps
517303       139       Illness
517350        14       +4 Laps

[65 rows x 2 columns]
[2024-06-06T08:56:42.776+0000] {taskinstance.py:441} INFO - ::group::Post task execution logs
[2024-06-06T08:56:42.830+0000] {taskinstance.py:1206} INFO - Marking task as SUCCESS. dag_id=f1_data_pipeline_taskflow, task_id=raceStatusDim_transform, run_id=scheduled__2024-06-05T00:00:00+00:00, execution_date=20240605T000000, start_date=20240606T085640, end_date=20240606T085642
[2024-06-06T08:56:42.925+0000] {local_task_job_runner.py:240} INFO - Task exited with return code 0
[2024-06-06T08:56:42.955+0000] {taskinstance.py:3498} INFO - 2 downstream tasks scheduled from follow-on schedule check
[2024-06-06T08:56:42.958+0000] {local_task_job_runner.py:222} INFO - ::endgroup::
[2024-06-06T09:16:46.722+0000] {local_task_job_runner.py:120} INFO - ::group::Pre task execution logs
[2024-06-06T09:16:46.740+0000] {taskinstance.py:2076} INFO - Dependencies all met for dep_context=non-requeueable deps ti=<TaskInstance: f1_data_pipeline_taskflow.raceStatusDim_transform scheduled__2024-06-05T00:00:00+00:00 [queued]>
[2024-06-06T09:16:46.747+0000] {taskinstance.py:2076} INFO - Dependencies all met for dep_context=requeueable deps ti=<TaskInstance: f1_data_pipeline_taskflow.raceStatusDim_transform scheduled__2024-06-05T00:00:00+00:00 [queued]>
[2024-06-06T09:16:46.748+0000] {taskinstance.py:2306} INFO - Starting attempt 1 of 1
[2024-06-06T09:16:46.759+0000] {taskinstance.py:2330} INFO - Executing <Task(_PythonDecoratedOperator): raceStatusDim_transform> on 2024-06-05 00:00:00+00:00
[2024-06-06T09:16:46.764+0000] {warnings.py:110} WARNING - /home/***/.local/lib/python3.12/site-packages/***/task/task_runner/standard_task_runner.py:61: DeprecationWarning: This process (pid=107) is multi-threaded, use of fork() may lead to deadlocks in the child.
  pid = os.fork()

[2024-06-06T09:16:46.766+0000] {standard_task_runner.py:63} INFO - Started process 125 to run task
[2024-06-06T09:16:46.766+0000] {standard_task_runner.py:90} INFO - Running: ['***', 'tasks', 'run', 'f1_data_pipeline_taskflow', 'raceStatusDim_transform', 'scheduled__2024-06-05T00:00:00+00:00', '--job-id', '6', '--raw', '--subdir', 'DAGS_FOLDER/etl_dag.py', '--cfg-path', '/tmp/tmp2xabfein']
[2024-06-06T09:16:46.768+0000] {standard_task_runner.py:91} INFO - Job 6: Subtask raceStatusDim_transform
[2024-06-06T09:16:46.813+0000] {task_command.py:426} INFO - Running <TaskInstance: f1_data_pipeline_taskflow.raceStatusDim_transform scheduled__2024-06-05T00:00:00+00:00 [running]> on host 51c6f3587312
[2024-06-06T09:16:49.123+0000] {taskinstance.py:2648} INFO - Exporting env vars: AIRFLOW_CTX_DAG_OWNER='***' AIRFLOW_CTX_DAG_ID='f1_data_pipeline_taskflow' AIRFLOW_CTX_TASK_ID='raceStatusDim_transform' AIRFLOW_CTX_EXECUTION_DATE='2024-06-05T00:00:00+00:00' AIRFLOW_CTX_TRY_NUMBER='1' AIRFLOW_CTX_DAG_RUN_ID='scheduled__2024-06-05T00:00:00+00:00'
[2024-06-06T09:16:49.127+0000] {taskinstance.py:430} INFO - ::endgroup::
[2024-06-06T09:16:49.190+0000] {python.py:237} INFO - Done. Returned value was:         statusId        status
0              1      Finished
298258        43       Exhaust
298661         4     Collision
304122        11        +1 Lap
445393        29      Puncture
...          ...           ...
516480        24  Differential
516609        96      Excluded
516819        15       +5 Laps
517303       139       Illness
517350        14       +4 Laps

[65 rows x 2 columns]
[2024-06-06T09:16:49.197+0000] {taskinstance.py:441} INFO - ::group::Post task execution logs
[2024-06-06T09:16:49.277+0000] {taskinstance.py:1206} INFO - Marking task as SUCCESS. dag_id=f1_data_pipeline_taskflow, task_id=raceStatusDim_transform, run_id=scheduled__2024-06-05T00:00:00+00:00, execution_date=20240605T000000, start_date=20240606T091646, end_date=20240606T091649
[2024-06-06T09:16:49.345+0000] {local_task_job_runner.py:240} INFO - Task exited with return code 0
[2024-06-06T09:16:49.387+0000] {taskinstance.py:3498} INFO - 2 downstream tasks scheduled from follow-on schedule check
[2024-06-06T09:16:49.390+0000] {local_task_job_runner.py:222} INFO - ::endgroup::
[2024-06-06T09:36:04.740+0000] {local_task_job_runner.py:120} INFO - ::group::Pre task execution logs
[2024-06-06T09:36:04.761+0000] {taskinstance.py:2076} INFO - Dependencies all met for dep_context=non-requeueable deps ti=<TaskInstance: f1_data_pipeline_taskflow.raceStatusDim_transform scheduled__2024-06-05T00:00:00+00:00 [queued]>
[2024-06-06T09:36:04.769+0000] {taskinstance.py:2076} INFO - Dependencies all met for dep_context=requeueable deps ti=<TaskInstance: f1_data_pipeline_taskflow.raceStatusDim_transform scheduled__2024-06-05T00:00:00+00:00 [queued]>
[2024-06-06T09:36:04.769+0000] {taskinstance.py:2306} INFO - Starting attempt 1 of 1
[2024-06-06T09:36:04.782+0000] {taskinstance.py:2330} INFO - Executing <Task(_PythonDecoratedOperator): raceStatusDim_transform> on 2024-06-05 00:00:00+00:00
[2024-06-06T09:36:04.788+0000] {warnings.py:110} WARNING - /home/***/.local/lib/python3.12/site-packages/***/task/task_runner/standard_task_runner.py:61: DeprecationWarning: This process (pid=91) is multi-threaded, use of fork() may lead to deadlocks in the child.
  pid = os.fork()

[2024-06-06T09:36:04.790+0000] {standard_task_runner.py:63} INFO - Started process 115 to run task
[2024-06-06T09:36:04.790+0000] {standard_task_runner.py:90} INFO - Running: ['***', 'tasks', 'run', 'f1_data_pipeline_taskflow', 'raceStatusDim_transform', 'scheduled__2024-06-05T00:00:00+00:00', '--job-id', '14', '--raw', '--subdir', 'DAGS_FOLDER/etl_dag.py', '--cfg-path', '/tmp/tmpfskuclx7']
[2024-06-06T09:36:04.792+0000] {standard_task_runner.py:91} INFO - Job 14: Subtask raceStatusDim_transform
[2024-06-06T09:36:04.835+0000] {task_command.py:426} INFO - Running <TaskInstance: f1_data_pipeline_taskflow.raceStatusDim_transform scheduled__2024-06-05T00:00:00+00:00 [running]> on host 65a3ac1acc01
[2024-06-06T09:36:06.937+0000] {taskinstance.py:2648} INFO - Exporting env vars: AIRFLOW_CTX_DAG_OWNER='***' AIRFLOW_CTX_DAG_ID='f1_data_pipeline_taskflow' AIRFLOW_CTX_TASK_ID='raceStatusDim_transform' AIRFLOW_CTX_EXECUTION_DATE='2024-06-05T00:00:00+00:00' AIRFLOW_CTX_TRY_NUMBER='1' AIRFLOW_CTX_DAG_RUN_ID='scheduled__2024-06-05T00:00:00+00:00'
[2024-06-06T09:36:06.939+0000] {taskinstance.py:430} INFO - ::endgroup::
[2024-06-06T09:36:07.013+0000] {python.py:237} INFO - Done. Returned value was:         statusId        status
0              1      Finished
298258        43       Exhaust
298661         4     Collision
304122        11        +1 Lap
445393        29      Puncture
...          ...           ...
516480        24  Differential
516609        96      Excluded
516819        15       +5 Laps
517303       139       Illness
517350        14       +4 Laps

[65 rows x 2 columns]
[2024-06-06T09:36:07.021+0000] {taskinstance.py:441} INFO - ::group::Post task execution logs
[2024-06-06T09:36:07.051+0000] {taskinstance.py:1206} INFO - Marking task as SUCCESS. dag_id=f1_data_pipeline_taskflow, task_id=raceStatusDim_transform, run_id=scheduled__2024-06-05T00:00:00+00:00, execution_date=20240605T000000, start_date=20240606T093604, end_date=20240606T093607
[2024-06-06T09:36:07.106+0000] {local_task_job_runner.py:240} INFO - Task exited with return code 0
[2024-06-06T09:36:07.141+0000] {taskinstance.py:3498} INFO - 2 downstream tasks scheduled from follow-on schedule check
[2024-06-06T09:36:07.142+0000] {local_task_job_runner.py:222} INFO - ::endgroup::
[2024-06-06T12:13:38.245+0000] {local_task_job_runner.py:120} INFO - ::group::Pre task execution logs
[2024-06-06T12:13:38.272+0000] {taskinstance.py:2076} INFO - Dependencies all met for dep_context=non-requeueable deps ti=<TaskInstance: f1_data_pipeline_taskflow.raceStatusDim_transform scheduled__2024-06-05T00:00:00+00:00 [queued]>
[2024-06-06T12:13:38.281+0000] {taskinstance.py:2076} INFO - Dependencies all met for dep_context=requeueable deps ti=<TaskInstance: f1_data_pipeline_taskflow.raceStatusDim_transform scheduled__2024-06-05T00:00:00+00:00 [queued]>
[2024-06-06T12:13:38.281+0000] {taskinstance.py:2306} INFO - Starting attempt 1 of 1
[2024-06-06T12:13:38.294+0000] {taskinstance.py:2330} INFO - Executing <Task(_PythonDecoratedOperator): raceStatusDim_transform> on 2024-06-05 00:00:00+00:00
[2024-06-06T12:13:38.300+0000] {warnings.py:110} WARNING - /home/***/.local/lib/python3.12/site-packages/***/task/task_runner/standard_task_runner.py:61: DeprecationWarning: This process (pid=96) is multi-threaded, use of fork() may lead to deadlocks in the child.
  pid = os.fork()

[2024-06-06T12:13:38.301+0000] {standard_task_runner.py:63} INFO - Started process 115 to run task
[2024-06-06T12:13:38.302+0000] {standard_task_runner.py:90} INFO - Running: ['***', 'tasks', 'run', 'f1_data_pipeline_taskflow', 'raceStatusDim_transform', 'scheduled__2024-06-05T00:00:00+00:00', '--job-id', '7', '--raw', '--subdir', 'DAGS_FOLDER/etl_dag.py', '--cfg-path', '/tmp/tmpfieqyiq0']
[2024-06-06T12:13:38.305+0000] {standard_task_runner.py:91} INFO - Job 7: Subtask raceStatusDim_transform
[2024-06-06T12:13:38.351+0000] {task_command.py:426} INFO - Running <TaskInstance: f1_data_pipeline_taskflow.raceStatusDim_transform scheduled__2024-06-05T00:00:00+00:00 [running]> on host 67c96aeea7c1
[2024-06-06T12:13:40.624+0000] {taskinstance.py:2648} INFO - Exporting env vars: AIRFLOW_CTX_DAG_OWNER='***' AIRFLOW_CTX_DAG_ID='f1_data_pipeline_taskflow' AIRFLOW_CTX_TASK_ID='raceStatusDim_transform' AIRFLOW_CTX_EXECUTION_DATE='2024-06-05T00:00:00+00:00' AIRFLOW_CTX_TRY_NUMBER='1' AIRFLOW_CTX_DAG_RUN_ID='scheduled__2024-06-05T00:00:00+00:00'
[2024-06-06T12:13:40.625+0000] {taskinstance.py:430} INFO - ::endgroup::
[2024-06-06T12:13:40.678+0000] {python.py:237} INFO - Done. Returned value was:         statusId        status
0              1      Finished
298258        43       Exhaust
298661         4     Collision
304122        11        +1 Lap
445393        29      Puncture
...          ...           ...
516480        24  Differential
516609        96      Excluded
516819        15       +5 Laps
517303       139       Illness
517350        14       +4 Laps

[65 rows x 2 columns]
[2024-06-06T12:13:40.684+0000] {taskinstance.py:441} INFO - ::group::Post task execution logs
[2024-06-06T12:13:40.760+0000] {taskinstance.py:1206} INFO - Marking task as SUCCESS. dag_id=f1_data_pipeline_taskflow, task_id=raceStatusDim_transform, run_id=scheduled__2024-06-05T00:00:00+00:00, execution_date=20240605T000000, start_date=20240606T121338, end_date=20240606T121340
[2024-06-06T12:13:40.818+0000] {local_task_job_runner.py:240} INFO - Task exited with return code 0
[2024-06-06T12:13:40.857+0000] {taskinstance.py:3498} INFO - 2 downstream tasks scheduled from follow-on schedule check
[2024-06-06T12:13:40.859+0000] {local_task_job_runner.py:222} INFO - ::endgroup::
[2024-06-06T12:18:54.449+0000] {local_task_job_runner.py:120} INFO - ::group::Pre task execution logs
[2024-06-06T12:18:54.474+0000] {taskinstance.py:2076} INFO - Dependencies all met for dep_context=non-requeueable deps ti=<TaskInstance: f1_data_pipeline_taskflow.raceStatusDim_transform scheduled__2024-06-05T00:00:00+00:00 [queued]>
[2024-06-06T12:18:54.484+0000] {taskinstance.py:2076} INFO - Dependencies all met for dep_context=requeueable deps ti=<TaskInstance: f1_data_pipeline_taskflow.raceStatusDim_transform scheduled__2024-06-05T00:00:00+00:00 [queued]>
[2024-06-06T12:18:54.485+0000] {taskinstance.py:2306} INFO - Starting attempt 1 of 1
[2024-06-06T12:18:54.498+0000] {taskinstance.py:2330} INFO - Executing <Task(_PythonDecoratedOperator): raceStatusDim_transform> on 2024-06-05 00:00:00+00:00
[2024-06-06T12:18:54.506+0000] {warnings.py:110} WARNING - /home/***/.local/lib/python3.12/site-packages/***/task/task_runner/standard_task_runner.py:61: DeprecationWarning: This process (pid=115) is multi-threaded, use of fork() may lead to deadlocks in the child.
  pid = os.fork()

[2024-06-06T12:18:54.508+0000] {standard_task_runner.py:63} INFO - Started process 130 to run task
[2024-06-06T12:18:54.508+0000] {standard_task_runner.py:90} INFO - Running: ['***', 'tasks', 'run', 'f1_data_pipeline_taskflow', 'raceStatusDim_transform', 'scheduled__2024-06-05T00:00:00+00:00', '--job-id', '7', '--raw', '--subdir', 'DAGS_FOLDER/etl_dag.py', '--cfg-path', '/tmp/tmpje9_b9f3']
[2024-06-06T12:18:54.511+0000] {standard_task_runner.py:91} INFO - Job 7: Subtask raceStatusDim_transform
[2024-06-06T12:18:54.563+0000] {task_command.py:426} INFO - Running <TaskInstance: f1_data_pipeline_taskflow.raceStatusDim_transform scheduled__2024-06-05T00:00:00+00:00 [running]> on host 4f215e9dab06
[2024-06-06T12:18:56.779+0000] {taskinstance.py:2648} INFO - Exporting env vars: AIRFLOW_CTX_DAG_OWNER='***' AIRFLOW_CTX_DAG_ID='f1_data_pipeline_taskflow' AIRFLOW_CTX_TASK_ID='raceStatusDim_transform' AIRFLOW_CTX_EXECUTION_DATE='2024-06-05T00:00:00+00:00' AIRFLOW_CTX_TRY_NUMBER='1' AIRFLOW_CTX_DAG_RUN_ID='scheduled__2024-06-05T00:00:00+00:00'
[2024-06-06T12:18:56.782+0000] {taskinstance.py:430} INFO - ::endgroup::
[2024-06-06T12:18:56.845+0000] {python.py:237} INFO - Done. Returned value was:         statusId        status
0              1      Finished
298258        43       Exhaust
298661         4     Collision
304122        11        +1 Lap
445393        29      Puncture
...          ...           ...
516480        24  Differential
516609        96      Excluded
516819        15       +5 Laps
517303       139       Illness
517350        14       +4 Laps

[65 rows x 2 columns]
[2024-06-06T12:18:56.850+0000] {taskinstance.py:441} INFO - ::group::Post task execution logs
[2024-06-06T12:18:56.930+0000] {taskinstance.py:1206} INFO - Marking task as SUCCESS. dag_id=f1_data_pipeline_taskflow, task_id=raceStatusDim_transform, run_id=scheduled__2024-06-05T00:00:00+00:00, execution_date=20240605T000000, start_date=20240606T121854, end_date=20240606T121856
[2024-06-06T12:18:56.982+0000] {local_task_job_runner.py:240} INFO - Task exited with return code 0
[2024-06-06T12:18:56.994+0000] {local_task_job_runner.py:222} INFO - ::endgroup::
[2024-06-06T12:23:16.641+0000] {local_task_job_runner.py:120} INFO - ::group::Pre task execution logs
[2024-06-06T12:23:16.672+0000] {taskinstance.py:2076} INFO - Dependencies all met for dep_context=non-requeueable deps ti=<TaskInstance: f1_data_pipeline_taskflow.raceStatusDim_transform scheduled__2024-06-05T00:00:00+00:00 [queued]>
[2024-06-06T12:23:16.682+0000] {taskinstance.py:2076} INFO - Dependencies all met for dep_context=requeueable deps ti=<TaskInstance: f1_data_pipeline_taskflow.raceStatusDim_transform scheduled__2024-06-05T00:00:00+00:00 [queued]>
[2024-06-06T12:23:16.682+0000] {taskinstance.py:2306} INFO - Starting attempt 1 of 1
[2024-06-06T12:23:16.695+0000] {taskinstance.py:2330} INFO - Executing <Task(_PythonDecoratedOperator): raceStatusDim_transform> on 2024-06-05 00:00:00+00:00
[2024-06-06T12:23:16.701+0000] {warnings.py:110} WARNING - /home/***/.local/lib/python3.12/site-packages/***/task/task_runner/standard_task_runner.py:61: DeprecationWarning: This process (pid=92) is multi-threaded, use of fork() may lead to deadlocks in the child.
  pid = os.fork()

[2024-06-06T12:23:16.702+0000] {standard_task_runner.py:63} INFO - Started process 110 to run task
[2024-06-06T12:23:16.702+0000] {standard_task_runner.py:90} INFO - Running: ['***', 'tasks', 'run', 'f1_data_pipeline_taskflow', 'raceStatusDim_transform', 'scheduled__2024-06-05T00:00:00+00:00', '--job-id', '5', '--raw', '--subdir', 'DAGS_FOLDER/etl_dag.py', '--cfg-path', '/tmp/tmplpam0ej6']
[2024-06-06T12:23:16.704+0000] {standard_task_runner.py:91} INFO - Job 5: Subtask raceStatusDim_transform
[2024-06-06T12:23:16.751+0000] {task_command.py:426} INFO - Running <TaskInstance: f1_data_pipeline_taskflow.raceStatusDim_transform scheduled__2024-06-05T00:00:00+00:00 [running]> on host 7679c901c0ae
[2024-06-06T12:23:18.884+0000] {taskinstance.py:2648} INFO - Exporting env vars: AIRFLOW_CTX_DAG_OWNER='***' AIRFLOW_CTX_DAG_ID='f1_data_pipeline_taskflow' AIRFLOW_CTX_TASK_ID='raceStatusDim_transform' AIRFLOW_CTX_EXECUTION_DATE='2024-06-05T00:00:00+00:00' AIRFLOW_CTX_TRY_NUMBER='1' AIRFLOW_CTX_DAG_RUN_ID='scheduled__2024-06-05T00:00:00+00:00'
[2024-06-06T12:23:18.886+0000] {taskinstance.py:430} INFO - ::endgroup::
[2024-06-06T12:23:18.943+0000] {python.py:237} INFO - Done. Returned value was:         statusId        status
0              1      Finished
298258        43       Exhaust
298661         4     Collision
304122        11        +1 Lap
445393        29      Puncture
...          ...           ...
516480        24  Differential
516609        96      Excluded
516819        15       +5 Laps
517303       139       Illness
517350        14       +4 Laps

[65 rows x 2 columns]
[2024-06-06T12:23:18.952+0000] {taskinstance.py:441} INFO - ::group::Post task execution logs
[2024-06-06T12:23:19.017+0000] {taskinstance.py:1206} INFO - Marking task as SUCCESS. dag_id=f1_data_pipeline_taskflow, task_id=raceStatusDim_transform, run_id=scheduled__2024-06-05T00:00:00+00:00, execution_date=20240605T000000, start_date=20240606T122316, end_date=20240606T122319
[2024-06-06T12:23:19.083+0000] {local_task_job_runner.py:240} INFO - Task exited with return code 0
[2024-06-06T12:23:19.119+0000] {taskinstance.py:3498} INFO - 2 downstream tasks scheduled from follow-on schedule check
[2024-06-06T12:23:19.121+0000] {local_task_job_runner.py:222} INFO - ::endgroup::
[2024-06-06T12:28:52.931+0000] {local_task_job_runner.py:120} INFO - ::group::Pre task execution logs
[2024-06-06T12:28:53.092+0000] {taskinstance.py:2076} INFO - Dependencies all met for dep_context=non-requeueable deps ti=<TaskInstance: f1_data_pipeline_taskflow.raceStatusDim_transform scheduled__2024-06-05T00:00:00+00:00 [queued]>
[2024-06-06T12:28:53.100+0000] {taskinstance.py:2076} INFO - Dependencies all met for dep_context=requeueable deps ti=<TaskInstance: f1_data_pipeline_taskflow.raceStatusDim_transform scheduled__2024-06-05T00:00:00+00:00 [queued]>
[2024-06-06T12:28:53.100+0000] {taskinstance.py:2306} INFO - Starting attempt 1 of 1
[2024-06-06T12:28:53.111+0000] {taskinstance.py:2330} INFO - Executing <Task(_PythonDecoratedOperator): raceStatusDim_transform> on 2024-06-05 00:00:00+00:00
[2024-06-06T12:28:53.117+0000] {warnings.py:110} WARNING - /home/***/.local/lib/python3.12/site-packages/***/task/task_runner/standard_task_runner.py:61: DeprecationWarning: This process (pid=100) is multi-threaded, use of fork() may lead to deadlocks in the child.
  pid = os.fork()

[2024-06-06T12:28:53.118+0000] {standard_task_runner.py:63} INFO - Started process 113 to run task
[2024-06-06T12:28:53.119+0000] {standard_task_runner.py:90} INFO - Running: ['***', 'tasks', 'run', 'f1_data_pipeline_taskflow', 'raceStatusDim_transform', 'scheduled__2024-06-05T00:00:00+00:00', '--job-id', '4', '--raw', '--subdir', 'DAGS_FOLDER/etl_dag.py', '--cfg-path', '/tmp/tmp7zmr126c']
[2024-06-06T12:28:53.121+0000] {standard_task_runner.py:91} INFO - Job 4: Subtask raceStatusDim_transform
[2024-06-06T12:28:53.166+0000] {task_command.py:426} INFO - Running <TaskInstance: f1_data_pipeline_taskflow.raceStatusDim_transform scheduled__2024-06-05T00:00:00+00:00 [running]> on host a23e7e40387a
[2024-06-06T12:28:55.245+0000] {taskinstance.py:2648} INFO - Exporting env vars: AIRFLOW_CTX_DAG_OWNER='***' AIRFLOW_CTX_DAG_ID='f1_data_pipeline_taskflow' AIRFLOW_CTX_TASK_ID='raceStatusDim_transform' AIRFLOW_CTX_EXECUTION_DATE='2024-06-05T00:00:00+00:00' AIRFLOW_CTX_TRY_NUMBER='1' AIRFLOW_CTX_DAG_RUN_ID='scheduled__2024-06-05T00:00:00+00:00'
[2024-06-06T12:28:55.247+0000] {taskinstance.py:430} INFO - ::endgroup::
[2024-06-06T12:28:55.334+0000] {python.py:237} INFO - Done. Returned value was:         statusId        status
0              1      Finished
298258        43       Exhaust
298661         4     Collision
304122        11        +1 Lap
445393        29      Puncture
...          ...           ...
516480        24  Differential
516609        96      Excluded
516819        15       +5 Laps
517303       139       Illness
517350        14       +4 Laps

[65 rows x 2 columns]
[2024-06-06T12:28:55.339+0000] {taskinstance.py:441} INFO - ::group::Post task execution logs
[2024-06-06T12:28:55.373+0000] {taskinstance.py:1206} INFO - Marking task as SUCCESS. dag_id=f1_data_pipeline_taskflow, task_id=raceStatusDim_transform, run_id=scheduled__2024-06-05T00:00:00+00:00, execution_date=20240605T000000, start_date=20240606T122853, end_date=20240606T122855
[2024-06-06T12:28:55.433+0000] {local_task_job_runner.py:240} INFO - Task exited with return code 0
[2024-06-06T12:28:55.452+0000] {local_task_job_runner.py:222} INFO - ::endgroup::
[2024-06-06T13:06:21.527+0000] {local_task_job_runner.py:120} INFO - ::group::Pre task execution logs
[2024-06-06T13:06:21.552+0000] {taskinstance.py:2076} INFO - Dependencies all met for dep_context=non-requeueable deps ti=<TaskInstance: f1_data_pipeline_taskflow.raceStatusDim_transform scheduled__2024-06-05T00:00:00+00:00 [queued]>
[2024-06-06T13:06:21.559+0000] {taskinstance.py:2076} INFO - Dependencies all met for dep_context=requeueable deps ti=<TaskInstance: f1_data_pipeline_taskflow.raceStatusDim_transform scheduled__2024-06-05T00:00:00+00:00 [queued]>
[2024-06-06T13:06:21.559+0000] {taskinstance.py:2306} INFO - Starting attempt 1 of 1
[2024-06-06T13:06:21.572+0000] {taskinstance.py:2330} INFO - Executing <Task(_PythonDecoratedOperator): raceStatusDim_transform> on 2024-06-05 00:00:00+00:00
[2024-06-06T13:06:21.579+0000] {warnings.py:110} WARNING - /home/***/.local/lib/python3.12/site-packages/***/task/task_runner/standard_task_runner.py:61: DeprecationWarning: This process (pid=222) is multi-threaded, use of fork() may lead to deadlocks in the child.
  pid = os.fork()

[2024-06-06T13:06:21.580+0000] {standard_task_runner.py:63} INFO - Started process 248 to run task
[2024-06-06T13:06:21.580+0000] {standard_task_runner.py:90} INFO - Running: ['***', 'tasks', 'run', 'f1_data_pipeline_taskflow', 'raceStatusDim_transform', 'scheduled__2024-06-05T00:00:00+00:00', '--job-id', '11', '--raw', '--subdir', 'DAGS_FOLDER/etl_dag.py', '--cfg-path', '/tmp/tmp7g329qp2']
[2024-06-06T13:06:21.582+0000] {standard_task_runner.py:91} INFO - Job 11: Subtask raceStatusDim_transform
[2024-06-06T13:06:21.623+0000] {task_command.py:426} INFO - Running <TaskInstance: f1_data_pipeline_taskflow.raceStatusDim_transform scheduled__2024-06-05T00:00:00+00:00 [running]> on host 96c3a9a38613
[2024-06-06T13:06:23.798+0000] {taskinstance.py:2648} INFO - Exporting env vars: AIRFLOW_CTX_DAG_OWNER='***' AIRFLOW_CTX_DAG_ID='f1_data_pipeline_taskflow' AIRFLOW_CTX_TASK_ID='raceStatusDim_transform' AIRFLOW_CTX_EXECUTION_DATE='2024-06-05T00:00:00+00:00' AIRFLOW_CTX_TRY_NUMBER='1' AIRFLOW_CTX_DAG_RUN_ID='scheduled__2024-06-05T00:00:00+00:00'
[2024-06-06T13:06:23.800+0000] {taskinstance.py:430} INFO - ::endgroup::
[2024-06-06T13:06:23.848+0000] {python.py:237} INFO - Done. Returned value was:         statusId        status
0              1      Finished
298258        43       Exhaust
298661         4     Collision
304122        11        +1 Lap
445393        29      Puncture
...          ...           ...
516480        24  Differential
516609        96      Excluded
516819        15       +5 Laps
517303       139       Illness
517350        14       +4 Laps

[65 rows x 2 columns]
[2024-06-06T13:06:23.853+0000] {taskinstance.py:441} INFO - ::group::Post task execution logs
[2024-06-06T13:06:23.879+0000] {taskinstance.py:1206} INFO - Marking task as SUCCESS. dag_id=f1_data_pipeline_taskflow, task_id=raceStatusDim_transform, run_id=scheduled__2024-06-05T00:00:00+00:00, execution_date=20240605T000000, start_date=20240606T130621, end_date=20240606T130623
[2024-06-06T13:06:23.962+0000] {local_task_job_runner.py:240} INFO - Task exited with return code 0
[2024-06-06T13:06:23.988+0000] {taskinstance.py:3498} INFO - 2 downstream tasks scheduled from follow-on schedule check
[2024-06-06T13:06:23.990+0000] {local_task_job_runner.py:222} INFO - ::endgroup::
[2024-06-06T14:23:33.184+0000] {local_task_job_runner.py:120} INFO - ::group::Pre task execution logs
[2024-06-06T14:23:33.207+0000] {taskinstance.py:2076} INFO - Dependencies all met for dep_context=non-requeueable deps ti=<TaskInstance: f1_data_pipeline_taskflow.raceStatusDim_transform scheduled__2024-06-05T00:00:00+00:00 [queued]>
[2024-06-06T14:23:33.216+0000] {taskinstance.py:2076} INFO - Dependencies all met for dep_context=requeueable deps ti=<TaskInstance: f1_data_pipeline_taskflow.raceStatusDim_transform scheduled__2024-06-05T00:00:00+00:00 [queued]>
[2024-06-06T14:23:33.217+0000] {taskinstance.py:2306} INFO - Starting attempt 1 of 1
[2024-06-06T14:23:33.229+0000] {taskinstance.py:2330} INFO - Executing <Task(_PythonDecoratedOperator): raceStatusDim_transform> on 2024-06-05 00:00:00+00:00
[2024-06-06T14:23:33.236+0000] {warnings.py:110} WARNING - /home/***/.local/lib/python3.12/site-packages/***/task/task_runner/standard_task_runner.py:61: DeprecationWarning: This process (pid=112) is multi-threaded, use of fork() may lead to deadlocks in the child.
  pid = os.fork()

[2024-06-06T14:23:33.238+0000] {standard_task_runner.py:63} INFO - Started process 131 to run task
[2024-06-06T14:23:33.238+0000] {standard_task_runner.py:90} INFO - Running: ['***', 'tasks', 'run', 'f1_data_pipeline_taskflow', 'raceStatusDim_transform', 'scheduled__2024-06-05T00:00:00+00:00', '--job-id', '7', '--raw', '--subdir', 'DAGS_FOLDER/etl_dag.py', '--cfg-path', '/tmp/tmpezdxum9s']
[2024-06-06T14:23:33.240+0000] {standard_task_runner.py:91} INFO - Job 7: Subtask raceStatusDim_transform
[2024-06-06T14:23:33.286+0000] {task_command.py:426} INFO - Running <TaskInstance: f1_data_pipeline_taskflow.raceStatusDim_transform scheduled__2024-06-05T00:00:00+00:00 [running]> on host a10f77dd72b8
[2024-06-06T14:23:35.256+0000] {taskinstance.py:2648} INFO - Exporting env vars: AIRFLOW_CTX_DAG_OWNER='***' AIRFLOW_CTX_DAG_ID='f1_data_pipeline_taskflow' AIRFLOW_CTX_TASK_ID='raceStatusDim_transform' AIRFLOW_CTX_EXECUTION_DATE='2024-06-05T00:00:00+00:00' AIRFLOW_CTX_TRY_NUMBER='1' AIRFLOW_CTX_DAG_RUN_ID='scheduled__2024-06-05T00:00:00+00:00'
[2024-06-06T14:23:35.260+0000] {taskinstance.py:430} INFO - ::endgroup::
[2024-06-06T14:23:35.341+0000] {python.py:237} INFO - Done. Returned value was:         statusId        status
0              1      Finished
298258        43       Exhaust
298661         4     Collision
304122        11        +1 Lap
445393        29      Puncture
...          ...           ...
516480        24  Differential
516609        96      Excluded
516819        15       +5 Laps
517303       139       Illness
517350        14       +4 Laps

[65 rows x 2 columns]
[2024-06-06T14:23:35.350+0000] {taskinstance.py:441} INFO - ::group::Post task execution logs
[2024-06-06T14:23:35.446+0000] {taskinstance.py:1206} INFO - Marking task as SUCCESS. dag_id=f1_data_pipeline_taskflow, task_id=raceStatusDim_transform, run_id=scheduled__2024-06-05T00:00:00+00:00, execution_date=20240605T000000, start_date=20240606T142333, end_date=20240606T142335
[2024-06-06T14:23:35.487+0000] {local_task_job_runner.py:240} INFO - Task exited with return code 0
[2024-06-06T14:23:35.518+0000] {taskinstance.py:3498} INFO - 2 downstream tasks scheduled from follow-on schedule check
[2024-06-06T14:23:35.519+0000] {local_task_job_runner.py:222} INFO - ::endgroup::
[2024-06-06T14:27:36.937+0000] {local_task_job_runner.py:120} INFO - ::group::Pre task execution logs
[2024-06-06T14:27:36.956+0000] {taskinstance.py:2076} INFO - Dependencies all met for dep_context=non-requeueable deps ti=<TaskInstance: f1_data_pipeline_taskflow.raceStatusDim_transform scheduled__2024-06-05T00:00:00+00:00 [queued]>
[2024-06-06T14:27:36.963+0000] {taskinstance.py:2076} INFO - Dependencies all met for dep_context=requeueable deps ti=<TaskInstance: f1_data_pipeline_taskflow.raceStatusDim_transform scheduled__2024-06-05T00:00:00+00:00 [queued]>
[2024-06-06T14:27:36.964+0000] {taskinstance.py:2306} INFO - Starting attempt 1 of 1
[2024-06-06T14:27:36.976+0000] {taskinstance.py:2330} INFO - Executing <Task(_PythonDecoratedOperator): raceStatusDim_transform> on 2024-06-05 00:00:00+00:00
[2024-06-06T14:27:36.981+0000] {warnings.py:110} WARNING - /home/***/.local/lib/python3.12/site-packages/***/task/task_runner/standard_task_runner.py:61: DeprecationWarning: This process (pid=97) is multi-threaded, use of fork() may lead to deadlocks in the child.
  pid = os.fork()

[2024-06-06T14:27:36.982+0000] {standard_task_runner.py:63} INFO - Started process 109 to run task
[2024-06-06T14:27:36.983+0000] {standard_task_runner.py:90} INFO - Running: ['***', 'tasks', 'run', 'f1_data_pipeline_taskflow', 'raceStatusDim_transform', 'scheduled__2024-06-05T00:00:00+00:00', '--job-id', '8', '--raw', '--subdir', 'DAGS_FOLDER/etl_dag.py', '--cfg-path', '/tmp/tmpd6b05qo9']
[2024-06-06T14:27:36.984+0000] {standard_task_runner.py:91} INFO - Job 8: Subtask raceStatusDim_transform
[2024-06-06T14:27:37.031+0000] {task_command.py:426} INFO - Running <TaskInstance: f1_data_pipeline_taskflow.raceStatusDim_transform scheduled__2024-06-05T00:00:00+00:00 [running]> on host 3059d4e2f604
[2024-06-06T14:27:38.967+0000] {taskinstance.py:2648} INFO - Exporting env vars: AIRFLOW_CTX_DAG_OWNER='***' AIRFLOW_CTX_DAG_ID='f1_data_pipeline_taskflow' AIRFLOW_CTX_TASK_ID='raceStatusDim_transform' AIRFLOW_CTX_EXECUTION_DATE='2024-06-05T00:00:00+00:00' AIRFLOW_CTX_TRY_NUMBER='1' AIRFLOW_CTX_DAG_RUN_ID='scheduled__2024-06-05T00:00:00+00:00'
[2024-06-06T14:27:38.969+0000] {taskinstance.py:430} INFO - ::endgroup::
[2024-06-06T14:27:39.025+0000] {python.py:237} INFO - Done. Returned value was:         statusId        status
0              1      Finished
298258        43       Exhaust
298661         4     Collision
304122        11        +1 Lap
445393        29      Puncture
...          ...           ...
516480        24  Differential
516609        96      Excluded
516819        15       +5 Laps
517303       139       Illness
517350        14       +4 Laps

[65 rows x 2 columns]
[2024-06-06T14:27:39.030+0000] {taskinstance.py:441} INFO - ::group::Post task execution logs
[2024-06-06T14:27:39.092+0000] {taskinstance.py:1206} INFO - Marking task as SUCCESS. dag_id=f1_data_pipeline_taskflow, task_id=raceStatusDim_transform, run_id=scheduled__2024-06-05T00:00:00+00:00, execution_date=20240605T000000, start_date=20240606T142736, end_date=20240606T142739
[2024-06-06T14:27:39.147+0000] {local_task_job_runner.py:240} INFO - Task exited with return code 0
[2024-06-06T14:27:39.175+0000] {taskinstance.py:3498} INFO - 2 downstream tasks scheduled from follow-on schedule check
[2024-06-06T14:27:39.177+0000] {local_task_job_runner.py:222} INFO - ::endgroup::
