[2024-06-12T10:40:40.363+0000] {local_task_job_runner.py:120} INFO - ::group::Pre task execution logs
[2024-06-12T10:40:40.378+0000] {taskinstance.py:2076} INFO - Dependencies all met for dep_context=non-requeueable deps ti=<TaskInstance: f1_data_pipeline_taskflow.load_constructorStandings_task scheduled__2024-06-11T00:00:00+00:00 [queued]>
[2024-06-12T10:40:40.384+0000] {taskinstance.py:2076} INFO - Dependencies all met for dep_context=requeueable deps ti=<TaskInstance: f1_data_pipeline_taskflow.load_constructorStandings_task scheduled__2024-06-11T00:00:00+00:00 [queued]>
[2024-06-12T10:40:40.384+0000] {taskinstance.py:2306} INFO - Starting attempt 1 of 1
[2024-06-12T10:40:40.392+0000] {taskinstance.py:2330} INFO - Executing <Task(_PythonDecoratedOperator): load_constructorStandings_task> on 2024-06-11 00:00:00+00:00
[2024-06-12T10:40:40.398+0000] {warnings.py:110} WARNING - /home/***/.local/lib/python3.12/site-packages/***/task/task_runner/standard_task_runner.py:61: DeprecationWarning: This process (pid=753) is multi-threaded, use of fork() may lead to deadlocks in the child.
  pid = os.fork()

[2024-06-12T10:40:40.399+0000] {standard_task_runner.py:63} INFO - Started process 790 to run task
[2024-06-12T10:40:40.399+0000] {standard_task_runner.py:90} INFO - Running: ['***', 'tasks', 'run', 'f1_data_pipeline_taskflow', 'load_constructorStandings_task', 'scheduled__2024-06-11T00:00:00+00:00', '--job-id', '23', '--raw', '--subdir', 'DAGS_FOLDER/etl_dag.py', '--cfg-path', '/tmp/tmp38a3xepr']
[2024-06-12T10:40:40.401+0000] {standard_task_runner.py:91} INFO - Job 23: Subtask load_constructorStandings_task
[2024-06-12T10:40:40.436+0000] {task_command.py:426} INFO - Running <TaskInstance: f1_data_pipeline_taskflow.load_constructorStandings_task scheduled__2024-06-11T00:00:00+00:00 [running]> on host 52285cb34a44
[2024-06-12T10:40:40.552+0000] {taskinstance.py:2648} INFO - Exporting env vars: AIRFLOW_CTX_DAG_OWNER='***' AIRFLOW_CTX_DAG_ID='f1_data_pipeline_taskflow' AIRFLOW_CTX_TASK_ID='load_constructorStandings_task' AIRFLOW_CTX_EXECUTION_DATE='2024-06-11T00:00:00+00:00' AIRFLOW_CTX_TRY_NUMBER='1' AIRFLOW_CTX_DAG_RUN_ID='scheduled__2024-06-11T00:00:00+00:00'
[2024-06-12T10:40:40.553+0000] {taskinstance.py:430} INFO - ::endgroup::
[2024-06-12T10:40:40.554+0000] {crypto.py:82} WARNING - empty cryptography key - values will not be stored encrypted.
[2024-06-12T10:40:40.555+0000] {base.py:84} INFO - Using connection ID 'sourcedb_connection' for task execution.
[2024-06-12T10:40:40.634+0000] {python.py:237} INFO - Done. Returned value was: None
[2024-06-12T10:40:40.635+0000] {taskinstance.py:441} INFO - ::group::Post task execution logs
[2024-06-12T10:40:40.650+0000] {taskinstance.py:1206} INFO - Marking task as SUCCESS. dag_id=f1_data_pipeline_taskflow, task_id=load_constructorStandings_task, run_id=scheduled__2024-06-11T00:00:00+00:00, execution_date=20240611T000000, start_date=20240612T104040, end_date=20240612T104040
[2024-06-12T10:40:40.693+0000] {local_task_job_runner.py:240} INFO - Task exited with return code 0
[2024-06-12T10:40:40.705+0000] {taskinstance.py:3498} INFO - 0 downstream tasks scheduled from follow-on schedule check
[2024-06-12T10:40:40.706+0000] {local_task_job_runner.py:222} INFO - ::endgroup::
[2024-06-12T11:05:12.069+0000] {local_task_job_runner.py:120} INFO - ::group::Pre task execution logs
[2024-06-12T11:05:12.087+0000] {taskinstance.py:2076} INFO - Dependencies all met for dep_context=non-requeueable deps ti=<TaskInstance: f1_data_pipeline_taskflow.load_constructorStandings_task scheduled__2024-06-11T00:00:00+00:00 [queued]>
[2024-06-12T11:05:12.093+0000] {taskinstance.py:2076} INFO - Dependencies all met for dep_context=requeueable deps ti=<TaskInstance: f1_data_pipeline_taskflow.load_constructorStandings_task scheduled__2024-06-11T00:00:00+00:00 [queued]>
[2024-06-12T11:05:12.093+0000] {taskinstance.py:2306} INFO - Starting attempt 1 of 1
[2024-06-12T11:05:12.103+0000] {taskinstance.py:2330} INFO - Executing <Task(_PythonDecoratedOperator): load_constructorStandings_task> on 2024-06-11 00:00:00+00:00
[2024-06-12T11:05:12.110+0000] {warnings.py:110} WARNING - /home/***/.local/lib/python3.12/site-packages/***/task/task_runner/standard_task_runner.py:61: DeprecationWarning: This process (pid=471) is multi-threaded, use of fork() may lead to deadlocks in the child.
  pid = os.fork()

[2024-06-12T11:05:12.111+0000] {standard_task_runner.py:63} INFO - Started process 480 to run task
[2024-06-12T11:05:12.111+0000] {standard_task_runner.py:90} INFO - Running: ['***', 'tasks', 'run', 'f1_data_pipeline_taskflow', 'load_constructorStandings_task', 'scheduled__2024-06-11T00:00:00+00:00', '--job-id', '19', '--raw', '--subdir', 'DAGS_FOLDER/etl_dag.py', '--cfg-path', '/tmp/tmpoit4acm7']
[2024-06-12T11:05:12.113+0000] {standard_task_runner.py:91} INFO - Job 19: Subtask load_constructorStandings_task
[2024-06-12T11:05:12.154+0000] {task_command.py:426} INFO - Running <TaskInstance: f1_data_pipeline_taskflow.load_constructorStandings_task scheduled__2024-06-11T00:00:00+00:00 [running]> on host a8d8326d12bd
[2024-06-12T11:05:12.291+0000] {taskinstance.py:2648} INFO - Exporting env vars: AIRFLOW_CTX_DAG_OWNER='***' AIRFLOW_CTX_DAG_ID='f1_data_pipeline_taskflow' AIRFLOW_CTX_TASK_ID='load_constructorStandings_task' AIRFLOW_CTX_EXECUTION_DATE='2024-06-11T00:00:00+00:00' AIRFLOW_CTX_TRY_NUMBER='1' AIRFLOW_CTX_DAG_RUN_ID='scheduled__2024-06-11T00:00:00+00:00'
[2024-06-12T11:05:12.292+0000] {taskinstance.py:430} INFO - ::endgroup::
[2024-06-12T11:05:12.293+0000] {crypto.py:82} WARNING - empty cryptography key - values will not be stored encrypted.
[2024-06-12T11:05:12.293+0000] {base.py:84} INFO - Using connection ID 'sourcedb_connection' for task execution.
[2024-06-12T11:05:12.340+0000] {python.py:237} INFO - Done. Returned value was: None
[2024-06-12T11:05:12.340+0000] {taskinstance.py:441} INFO - ::group::Post task execution logs
[2024-06-12T11:05:12.347+0000] {taskinstance.py:1206} INFO - Marking task as SUCCESS. dag_id=f1_data_pipeline_taskflow, task_id=load_constructorStandings_task, run_id=scheduled__2024-06-11T00:00:00+00:00, execution_date=20240611T000000, start_date=20240612T110512, end_date=20240612T110512
[2024-06-12T11:05:12.365+0000] {local_task_job_runner.py:240} INFO - Task exited with return code 0
[2024-06-12T11:05:12.376+0000] {taskinstance.py:3498} INFO - 0 downstream tasks scheduled from follow-on schedule check
[2024-06-12T11:05:12.378+0000] {local_task_job_runner.py:222} INFO - ::endgroup::
[2024-06-12T11:18:03.868+0000] {local_task_job_runner.py:120} INFO - ::group::Pre task execution logs
[2024-06-12T11:18:03.884+0000] {taskinstance.py:2076} INFO - Dependencies all met for dep_context=non-requeueable deps ti=<TaskInstance: f1_data_pipeline_taskflow.load_constructorStandings_task scheduled__2024-06-11T00:00:00+00:00 [queued]>
[2024-06-12T11:18:03.889+0000] {taskinstance.py:2076} INFO - Dependencies all met for dep_context=requeueable deps ti=<TaskInstance: f1_data_pipeline_taskflow.load_constructorStandings_task scheduled__2024-06-11T00:00:00+00:00 [queued]>
[2024-06-12T11:18:03.889+0000] {taskinstance.py:2306} INFO - Starting attempt 1 of 1
[2024-06-12T11:18:03.897+0000] {taskinstance.py:2330} INFO - Executing <Task(_PythonDecoratedOperator): load_constructorStandings_task> on 2024-06-11 00:00:00+00:00
[2024-06-12T11:18:03.903+0000] {warnings.py:110} WARNING - /home/***/.local/lib/python3.12/site-packages/***/task/task_runner/standard_task_runner.py:61: DeprecationWarning: This process (pid=341) is multi-threaded, use of fork() may lead to deadlocks in the child.
  pid = os.fork()

[2024-06-12T11:18:03.904+0000] {standard_task_runner.py:63} INFO - Started process 381 to run task
[2024-06-12T11:18:03.905+0000] {standard_task_runner.py:90} INFO - Running: ['***', 'tasks', 'run', 'f1_data_pipeline_taskflow', 'load_constructorStandings_task', 'scheduled__2024-06-11T00:00:00+00:00', '--job-id', '20', '--raw', '--subdir', 'DAGS_FOLDER/etl_dag.py', '--cfg-path', '/tmp/tmp9k7ztyaw']
[2024-06-12T11:18:03.907+0000] {standard_task_runner.py:91} INFO - Job 20: Subtask load_constructorStandings_task
[2024-06-12T11:18:03.944+0000] {task_command.py:426} INFO - Running <TaskInstance: f1_data_pipeline_taskflow.load_constructorStandings_task scheduled__2024-06-11T00:00:00+00:00 [running]> on host e07cec2adf81
[2024-06-12T11:18:04.059+0000] {taskinstance.py:2648} INFO - Exporting env vars: AIRFLOW_CTX_DAG_OWNER='***' AIRFLOW_CTX_DAG_ID='f1_data_pipeline_taskflow' AIRFLOW_CTX_TASK_ID='load_constructorStandings_task' AIRFLOW_CTX_EXECUTION_DATE='2024-06-11T00:00:00+00:00' AIRFLOW_CTX_TRY_NUMBER='1' AIRFLOW_CTX_DAG_RUN_ID='scheduled__2024-06-11T00:00:00+00:00'
[2024-06-12T11:18:04.061+0000] {taskinstance.py:430} INFO - ::endgroup::
[2024-06-12T11:18:04.062+0000] {crypto.py:82} WARNING - empty cryptography key - values will not be stored encrypted.
[2024-06-12T11:18:04.062+0000] {base.py:84} INFO - Using connection ID 'sourcedb_connection' for task execution.
[2024-06-12T11:18:04.114+0000] {python.py:237} INFO - Done. Returned value was: None
[2024-06-12T11:18:04.115+0000] {taskinstance.py:441} INFO - ::group::Post task execution logs
[2024-06-12T11:18:04.136+0000] {taskinstance.py:1206} INFO - Marking task as SUCCESS. dag_id=f1_data_pipeline_taskflow, task_id=load_constructorStandings_task, run_id=scheduled__2024-06-11T00:00:00+00:00, execution_date=20240611T000000, start_date=20240612T111803, end_date=20240612T111804
[2024-06-12T11:18:04.198+0000] {local_task_job_runner.py:240} INFO - Task exited with return code 0
[2024-06-12T11:18:04.215+0000] {taskinstance.py:3498} INFO - 0 downstream tasks scheduled from follow-on schedule check
[2024-06-12T11:18:04.217+0000] {local_task_job_runner.py:222} INFO - ::endgroup::
[2024-06-12T11:38:05.744+0000] {local_task_job_runner.py:120} INFO - ::group::Pre task execution logs
[2024-06-12T11:38:05.760+0000] {taskinstance.py:2076} INFO - Dependencies all met for dep_context=non-requeueable deps ti=<TaskInstance: f1_data_pipeline_taskflow.load_constructorStandings_task scheduled__2024-06-11T00:00:00+00:00 [queued]>
[2024-06-12T11:38:05.766+0000] {taskinstance.py:2076} INFO - Dependencies all met for dep_context=requeueable deps ti=<TaskInstance: f1_data_pipeline_taskflow.load_constructorStandings_task scheduled__2024-06-11T00:00:00+00:00 [queued]>
[2024-06-12T11:38:05.766+0000] {taskinstance.py:2306} INFO - Starting attempt 1 of 1
[2024-06-12T11:38:05.775+0000] {taskinstance.py:2330} INFO - Executing <Task(_PythonDecoratedOperator): load_constructorStandings_task> on 2024-06-11 00:00:00+00:00
[2024-06-12T11:38:05.782+0000] {warnings.py:110} WARNING - /home/***/.local/lib/python3.12/site-packages/***/task/task_runner/standard_task_runner.py:61: DeprecationWarning: This process (pid=378) is multi-threaded, use of fork() may lead to deadlocks in the child.
  pid = os.fork()

[2024-06-12T11:38:05.783+0000] {standard_task_runner.py:63} INFO - Started process 385 to run task
[2024-06-12T11:38:05.783+0000] {standard_task_runner.py:90} INFO - Running: ['***', 'tasks', 'run', 'f1_data_pipeline_taskflow', 'load_constructorStandings_task', 'scheduled__2024-06-11T00:00:00+00:00', '--job-id', '20', '--raw', '--subdir', 'DAGS_FOLDER/etl_dag.py', '--cfg-path', '/tmp/tmp12xdjo59']
[2024-06-12T11:38:05.785+0000] {standard_task_runner.py:91} INFO - Job 20: Subtask load_constructorStandings_task
[2024-06-12T11:38:05.820+0000] {task_command.py:426} INFO - Running <TaskInstance: f1_data_pipeline_taskflow.load_constructorStandings_task scheduled__2024-06-11T00:00:00+00:00 [running]> on host 33197dc676ae
[2024-06-12T11:38:05.929+0000] {taskinstance.py:2648} INFO - Exporting env vars: AIRFLOW_CTX_DAG_OWNER='***' AIRFLOW_CTX_DAG_ID='f1_data_pipeline_taskflow' AIRFLOW_CTX_TASK_ID='load_constructorStandings_task' AIRFLOW_CTX_EXECUTION_DATE='2024-06-11T00:00:00+00:00' AIRFLOW_CTX_TRY_NUMBER='1' AIRFLOW_CTX_DAG_RUN_ID='scheduled__2024-06-11T00:00:00+00:00'
[2024-06-12T11:38:05.930+0000] {taskinstance.py:430} INFO - ::endgroup::
[2024-06-12T11:38:05.931+0000] {crypto.py:82} WARNING - empty cryptography key - values will not be stored encrypted.
[2024-06-12T11:38:05.931+0000] {base.py:84} INFO - Using connection ID 'sourcedb_connection' for task execution.
[2024-06-12T11:38:05.981+0000] {python.py:237} INFO - Done. Returned value was: None
[2024-06-12T11:38:05.982+0000] {taskinstance.py:441} INFO - ::group::Post task execution logs
[2024-06-12T11:38:05.999+0000] {taskinstance.py:1206} INFO - Marking task as SUCCESS. dag_id=f1_data_pipeline_taskflow, task_id=load_constructorStandings_task, run_id=scheduled__2024-06-11T00:00:00+00:00, execution_date=20240611T000000, start_date=20240612T113805, end_date=20240612T113805
[2024-06-12T11:38:06.077+0000] {local_task_job_runner.py:240} INFO - Task exited with return code 0
[2024-06-12T11:38:06.101+0000] {taskinstance.py:3498} INFO - 0 downstream tasks scheduled from follow-on schedule check
[2024-06-12T11:38:06.103+0000] {local_task_job_runner.py:222} INFO - ::endgroup::
[2024-06-12T11:56:06.517+0000] {local_task_job_runner.py:120} INFO - ::group::Pre task execution logs
[2024-06-12T11:56:06.539+0000] {taskinstance.py:2076} INFO - Dependencies all met for dep_context=non-requeueable deps ti=<TaskInstance: f1_data_pipeline_taskflow.load_constructorStandings_task scheduled__2024-06-11T00:00:00+00:00 [queued]>
[2024-06-12T11:56:06.547+0000] {taskinstance.py:2076} INFO - Dependencies all met for dep_context=requeueable deps ti=<TaskInstance: f1_data_pipeline_taskflow.load_constructorStandings_task scheduled__2024-06-11T00:00:00+00:00 [queued]>
[2024-06-12T11:56:06.547+0000] {taskinstance.py:2306} INFO - Starting attempt 1 of 1
[2024-06-12T11:56:06.559+0000] {taskinstance.py:2330} INFO - Executing <Task(_PythonDecoratedOperator): load_constructorStandings_task> on 2024-06-11 00:00:00+00:00
[2024-06-12T11:56:06.566+0000] {warnings.py:110} WARNING - /home/***/.local/lib/python3.12/site-packages/***/task/task_runner/standard_task_runner.py:61: DeprecationWarning: This process (pid=419) is multi-threaded, use of fork() may lead to deadlocks in the child.
  pid = os.fork()

[2024-06-12T11:56:06.567+0000] {standard_task_runner.py:63} INFO - Started process 424 to run task
[2024-06-12T11:56:06.567+0000] {standard_task_runner.py:90} INFO - Running: ['***', 'tasks', 'run', 'f1_data_pipeline_taskflow', 'load_constructorStandings_task', 'scheduled__2024-06-11T00:00:00+00:00', '--job-id', '21', '--raw', '--subdir', 'DAGS_FOLDER/etl_dag.py', '--cfg-path', '/tmp/tmprn0_y48t']
[2024-06-12T11:56:06.568+0000] {standard_task_runner.py:91} INFO - Job 21: Subtask load_constructorStandings_task
[2024-06-12T11:56:06.604+0000] {task_command.py:426} INFO - Running <TaskInstance: f1_data_pipeline_taskflow.load_constructorStandings_task scheduled__2024-06-11T00:00:00+00:00 [running]> on host e699387b7fc9
[2024-06-12T11:56:06.715+0000] {taskinstance.py:2648} INFO - Exporting env vars: AIRFLOW_CTX_DAG_OWNER='***' AIRFLOW_CTX_DAG_ID='f1_data_pipeline_taskflow' AIRFLOW_CTX_TASK_ID='load_constructorStandings_task' AIRFLOW_CTX_EXECUTION_DATE='2024-06-11T00:00:00+00:00' AIRFLOW_CTX_TRY_NUMBER='1' AIRFLOW_CTX_DAG_RUN_ID='scheduled__2024-06-11T00:00:00+00:00'
[2024-06-12T11:56:06.717+0000] {taskinstance.py:430} INFO - ::endgroup::
[2024-06-12T11:56:06.719+0000] {crypto.py:82} WARNING - empty cryptography key - values will not be stored encrypted.
[2024-06-12T11:56:06.719+0000] {base.py:84} INFO - Using connection ID 'sourcedb_connection' for task execution.
[2024-06-12T11:56:06.763+0000] {python.py:237} INFO - Done. Returned value was: None
[2024-06-12T11:56:06.763+0000] {taskinstance.py:441} INFO - ::group::Post task execution logs
[2024-06-12T11:56:06.774+0000] {taskinstance.py:1206} INFO - Marking task as SUCCESS. dag_id=f1_data_pipeline_taskflow, task_id=load_constructorStandings_task, run_id=scheduled__2024-06-11T00:00:00+00:00, execution_date=20240611T000000, start_date=20240612T115606, end_date=20240612T115606
[2024-06-12T11:56:06.821+0000] {local_task_job_runner.py:240} INFO - Task exited with return code 0
[2024-06-12T11:56:06.856+0000] {taskinstance.py:3498} INFO - 0 downstream tasks scheduled from follow-on schedule check
[2024-06-12T11:56:06.859+0000] {local_task_job_runner.py:222} INFO - ::endgroup::
[2024-06-12T12:08:31.863+0000] {local_task_job_runner.py:120} INFO - ::group::Pre task execution logs
[2024-06-12T12:08:31.881+0000] {taskinstance.py:2076} INFO - Dependencies all met for dep_context=non-requeueable deps ti=<TaskInstance: f1_data_pipeline_taskflow.load_constructorStandings_task scheduled__2024-06-11T00:00:00+00:00 [queued]>
[2024-06-12T12:08:31.889+0000] {taskinstance.py:2076} INFO - Dependencies all met for dep_context=requeueable deps ti=<TaskInstance: f1_data_pipeline_taskflow.load_constructorStandings_task scheduled__2024-06-11T00:00:00+00:00 [queued]>
[2024-06-12T12:08:31.889+0000] {taskinstance.py:2306} INFO - Starting attempt 1 of 1
[2024-06-12T12:08:31.898+0000] {taskinstance.py:2330} INFO - Executing <Task(_PythonDecoratedOperator): load_constructorStandings_task> on 2024-06-11 00:00:00+00:00
[2024-06-12T12:08:31.905+0000] {warnings.py:110} WARNING - /home/***/.local/lib/python3.12/site-packages/***/task/task_runner/standard_task_runner.py:61: DeprecationWarning: This process (pid=430) is multi-threaded, use of fork() may lead to deadlocks in the child.
  pid = os.fork()

[2024-06-12T12:08:31.906+0000] {standard_task_runner.py:63} INFO - Started process 452 to run task
[2024-06-12T12:08:31.907+0000] {standard_task_runner.py:90} INFO - Running: ['***', 'tasks', 'run', 'f1_data_pipeline_taskflow', 'load_constructorStandings_task', 'scheduled__2024-06-11T00:00:00+00:00', '--job-id', '19', '--raw', '--subdir', 'DAGS_FOLDER/etl_dag.py', '--cfg-path', '/tmp/tmpn8jxz9k9']
[2024-06-12T12:08:31.908+0000] {standard_task_runner.py:91} INFO - Job 19: Subtask load_constructorStandings_task
[2024-06-12T12:08:31.949+0000] {task_command.py:426} INFO - Running <TaskInstance: f1_data_pipeline_taskflow.load_constructorStandings_task scheduled__2024-06-11T00:00:00+00:00 [running]> on host 7c9178d6b02a
[2024-06-12T12:08:32.113+0000] {taskinstance.py:2648} INFO - Exporting env vars: AIRFLOW_CTX_DAG_OWNER='***' AIRFLOW_CTX_DAG_ID='f1_data_pipeline_taskflow' AIRFLOW_CTX_TASK_ID='load_constructorStandings_task' AIRFLOW_CTX_EXECUTION_DATE='2024-06-11T00:00:00+00:00' AIRFLOW_CTX_TRY_NUMBER='1' AIRFLOW_CTX_DAG_RUN_ID='scheduled__2024-06-11T00:00:00+00:00'
[2024-06-12T12:08:32.114+0000] {taskinstance.py:430} INFO - ::endgroup::
[2024-06-12T12:08:32.115+0000] {crypto.py:82} WARNING - empty cryptography key - values will not be stored encrypted.
[2024-06-12T12:08:32.115+0000] {base.py:84} INFO - Using connection ID 'sourcedb_connection' for task execution.
[2024-06-12T12:08:32.159+0000] {python.py:237} INFO - Done. Returned value was: None
[2024-06-12T12:08:32.160+0000] {taskinstance.py:441} INFO - ::group::Post task execution logs
[2024-06-12T12:08:32.167+0000] {taskinstance.py:1206} INFO - Marking task as SUCCESS. dag_id=f1_data_pipeline_taskflow, task_id=load_constructorStandings_task, run_id=scheduled__2024-06-11T00:00:00+00:00, execution_date=20240611T000000, start_date=20240612T120831, end_date=20240612T120832
[2024-06-12T12:08:32.200+0000] {local_task_job_runner.py:240} INFO - Task exited with return code 0
[2024-06-12T12:08:32.213+0000] {taskinstance.py:3498} INFO - 0 downstream tasks scheduled from follow-on schedule check
[2024-06-12T12:08:32.214+0000] {local_task_job_runner.py:222} INFO - ::endgroup::
[2024-06-12T12:32:07.982+0000] {local_task_job_runner.py:120} INFO - ::group::Pre task execution logs
[2024-06-12T12:32:08.000+0000] {taskinstance.py:2076} INFO - Dependencies all met for dep_context=non-requeueable deps ti=<TaskInstance: f1_data_pipeline_taskflow.load_constructorStandings_task scheduled__2024-06-11T00:00:00+00:00 [queued]>
[2024-06-12T12:32:08.006+0000] {taskinstance.py:2076} INFO - Dependencies all met for dep_context=requeueable deps ti=<TaskInstance: f1_data_pipeline_taskflow.load_constructorStandings_task scheduled__2024-06-11T00:00:00+00:00 [queued]>
[2024-06-12T12:32:08.007+0000] {taskinstance.py:2306} INFO - Starting attempt 1 of 1
[2024-06-12T12:32:08.016+0000] {taskinstance.py:2330} INFO - Executing <Task(_PythonDecoratedOperator): load_constructorStandings_task> on 2024-06-11 00:00:00+00:00
[2024-06-12T12:32:08.022+0000] {warnings.py:110} WARNING - /home/***/.local/lib/python3.12/site-packages/***/task/task_runner/standard_task_runner.py:61: DeprecationWarning: This process (pid=427) is multi-threaded, use of fork() may lead to deadlocks in the child.
  pid = os.fork()

[2024-06-12T12:32:08.024+0000] {standard_task_runner.py:63} INFO - Started process 488 to run task
[2024-06-12T12:32:08.024+0000] {standard_task_runner.py:90} INFO - Running: ['***', 'tasks', 'run', 'f1_data_pipeline_taskflow', 'load_constructorStandings_task', 'scheduled__2024-06-11T00:00:00+00:00', '--job-id', '20', '--raw', '--subdir', 'DAGS_FOLDER/etl_dag.py', '--cfg-path', '/tmp/tmpljy8ry1w']
[2024-06-12T12:32:08.026+0000] {standard_task_runner.py:91} INFO - Job 20: Subtask load_constructorStandings_task
[2024-06-12T12:32:08.060+0000] {task_command.py:426} INFO - Running <TaskInstance: f1_data_pipeline_taskflow.load_constructorStandings_task scheduled__2024-06-11T00:00:00+00:00 [running]> on host 79a7d5bd11df
[2024-06-12T12:32:08.168+0000] {taskinstance.py:2648} INFO - Exporting env vars: AIRFLOW_CTX_DAG_OWNER='***' AIRFLOW_CTX_DAG_ID='f1_data_pipeline_taskflow' AIRFLOW_CTX_TASK_ID='load_constructorStandings_task' AIRFLOW_CTX_EXECUTION_DATE='2024-06-11T00:00:00+00:00' AIRFLOW_CTX_TRY_NUMBER='1' AIRFLOW_CTX_DAG_RUN_ID='scheduled__2024-06-11T00:00:00+00:00'
[2024-06-12T12:32:08.169+0000] {taskinstance.py:430} INFO - ::endgroup::
[2024-06-12T12:32:08.170+0000] {crypto.py:82} WARNING - empty cryptography key - values will not be stored encrypted.
[2024-06-12T12:32:08.170+0000] {base.py:84} INFO - Using connection ID 'sourcedb_connection' for task execution.
[2024-06-12T12:32:08.213+0000] {python.py:237} INFO - Done. Returned value was: None
[2024-06-12T12:32:08.214+0000] {taskinstance.py:441} INFO - ::group::Post task execution logs
[2024-06-12T12:32:08.221+0000] {taskinstance.py:1206} INFO - Marking task as SUCCESS. dag_id=f1_data_pipeline_taskflow, task_id=load_constructorStandings_task, run_id=scheduled__2024-06-11T00:00:00+00:00, execution_date=20240611T000000, start_date=20240612T123208, end_date=20240612T123208
[2024-06-12T12:32:08.237+0000] {local_task_job_runner.py:240} INFO - Task exited with return code 0
[2024-06-12T12:32:08.244+0000] {local_task_job_runner.py:222} INFO - ::endgroup::
[2024-06-12T12:56:54.368+0000] {local_task_job_runner.py:120} INFO - ::group::Pre task execution logs
[2024-06-12T12:56:54.385+0000] {taskinstance.py:2076} INFO - Dependencies all met for dep_context=non-requeueable deps ti=<TaskInstance: f1_data_pipeline_taskflow.load_constructorStandings_task scheduled__2024-06-11T00:00:00+00:00 [queued]>
[2024-06-12T12:56:54.391+0000] {taskinstance.py:2076} INFO - Dependencies all met for dep_context=requeueable deps ti=<TaskInstance: f1_data_pipeline_taskflow.load_constructorStandings_task scheduled__2024-06-11T00:00:00+00:00 [queued]>
[2024-06-12T12:56:54.392+0000] {taskinstance.py:2306} INFO - Starting attempt 1 of 1
[2024-06-12T12:56:54.401+0000] {taskinstance.py:2330} INFO - Executing <Task(_PythonDecoratedOperator): load_constructorStandings_task> on 2024-06-11 00:00:00+00:00
[2024-06-12T12:56:54.406+0000] {warnings.py:110} WARNING - /home/***/.local/lib/python3.12/site-packages/***/task/task_runner/standard_task_runner.py:61: DeprecationWarning: This process (pid=372) is multi-threaded, use of fork() may lead to deadlocks in the child.
  pid = os.fork()

[2024-06-12T12:56:54.407+0000] {standard_task_runner.py:63} INFO - Started process 412 to run task
[2024-06-12T12:56:54.408+0000] {standard_task_runner.py:90} INFO - Running: ['***', 'tasks', 'run', 'f1_data_pipeline_taskflow', 'load_constructorStandings_task', 'scheduled__2024-06-11T00:00:00+00:00', '--job-id', '18', '--raw', '--subdir', 'DAGS_FOLDER/etl_dag.py', '--cfg-path', '/tmp/tmpzffbrvks']
[2024-06-12T12:56:54.409+0000] {standard_task_runner.py:91} INFO - Job 18: Subtask load_constructorStandings_task
[2024-06-12T12:56:54.448+0000] {task_command.py:426} INFO - Running <TaskInstance: f1_data_pipeline_taskflow.load_constructorStandings_task scheduled__2024-06-11T00:00:00+00:00 [running]> on host ce972f89b6ce
[2024-06-12T12:56:54.560+0000] {taskinstance.py:2648} INFO - Exporting env vars: AIRFLOW_CTX_DAG_OWNER='***' AIRFLOW_CTX_DAG_ID='f1_data_pipeline_taskflow' AIRFLOW_CTX_TASK_ID='load_constructorStandings_task' AIRFLOW_CTX_EXECUTION_DATE='2024-06-11T00:00:00+00:00' AIRFLOW_CTX_TRY_NUMBER='1' AIRFLOW_CTX_DAG_RUN_ID='scheduled__2024-06-11T00:00:00+00:00'
[2024-06-12T12:56:54.561+0000] {taskinstance.py:430} INFO - ::endgroup::
[2024-06-12T12:56:54.562+0000] {crypto.py:82} WARNING - empty cryptography key - values will not be stored encrypted.
[2024-06-12T12:56:54.562+0000] {base.py:84} INFO - Using connection ID 'sourcedb_connection' for task execution.
[2024-06-12T12:56:54.632+0000] {python.py:237} INFO - Done. Returned value was: None
[2024-06-12T12:56:54.634+0000] {taskinstance.py:441} INFO - ::group::Post task execution logs
[2024-06-12T12:56:54.648+0000] {taskinstance.py:1206} INFO - Marking task as SUCCESS. dag_id=f1_data_pipeline_taskflow, task_id=load_constructorStandings_task, run_id=scheduled__2024-06-11T00:00:00+00:00, execution_date=20240611T000000, start_date=20240612T125654, end_date=20240612T125654
[2024-06-12T12:56:54.702+0000] {local_task_job_runner.py:240} INFO - Task exited with return code 0
[2024-06-12T12:56:54.714+0000] {taskinstance.py:3498} INFO - 0 downstream tasks scheduled from follow-on schedule check
[2024-06-12T12:56:54.716+0000] {local_task_job_runner.py:222} INFO - ::endgroup::
[2024-06-12T13:11:23.146+0000] {local_task_job_runner.py:120} INFO - ::group::Pre task execution logs
[2024-06-12T13:11:23.163+0000] {taskinstance.py:2076} INFO - Dependencies all met for dep_context=non-requeueable deps ti=<TaskInstance: f1_data_pipeline_taskflow.load_constructorStandings_task scheduled__2024-06-11T00:00:00+00:00 [queued]>
[2024-06-12T13:11:23.169+0000] {taskinstance.py:2076} INFO - Dependencies all met for dep_context=requeueable deps ti=<TaskInstance: f1_data_pipeline_taskflow.load_constructorStandings_task scheduled__2024-06-11T00:00:00+00:00 [queued]>
[2024-06-12T13:11:23.169+0000] {taskinstance.py:2306} INFO - Starting attempt 1 of 1
[2024-06-12T13:11:23.179+0000] {taskinstance.py:2330} INFO - Executing <Task(_PythonDecoratedOperator): load_constructorStandings_task> on 2024-06-11 00:00:00+00:00
[2024-06-12T13:11:23.186+0000] {warnings.py:110} WARNING - /home/***/.local/lib/python3.12/site-packages/***/task/task_runner/standard_task_runner.py:61: DeprecationWarning: This process (pid=390) is multi-threaded, use of fork() may lead to deadlocks in the child.
  pid = os.fork()

[2024-06-12T13:11:23.187+0000] {standard_task_runner.py:63} INFO - Started process 397 to run task
[2024-06-12T13:11:23.187+0000] {standard_task_runner.py:90} INFO - Running: ['***', 'tasks', 'run', 'f1_data_pipeline_taskflow', 'load_constructorStandings_task', 'scheduled__2024-06-11T00:00:00+00:00', '--job-id', '21', '--raw', '--subdir', 'DAGS_FOLDER/etl_dag.py', '--cfg-path', '/tmp/tmp93clqluf']
[2024-06-12T13:11:23.189+0000] {standard_task_runner.py:91} INFO - Job 21: Subtask load_constructorStandings_task
[2024-06-12T13:11:23.227+0000] {task_command.py:426} INFO - Running <TaskInstance: f1_data_pipeline_taskflow.load_constructorStandings_task scheduled__2024-06-11T00:00:00+00:00 [running]> on host 75496fb8ac8a
[2024-06-12T13:11:23.400+0000] {taskinstance.py:2648} INFO - Exporting env vars: AIRFLOW_CTX_DAG_OWNER='***' AIRFLOW_CTX_DAG_ID='f1_data_pipeline_taskflow' AIRFLOW_CTX_TASK_ID='load_constructorStandings_task' AIRFLOW_CTX_EXECUTION_DATE='2024-06-11T00:00:00+00:00' AIRFLOW_CTX_TRY_NUMBER='1' AIRFLOW_CTX_DAG_RUN_ID='scheduled__2024-06-11T00:00:00+00:00'
[2024-06-12T13:11:23.402+0000] {taskinstance.py:430} INFO - ::endgroup::
[2024-06-12T13:11:23.404+0000] {crypto.py:82} WARNING - empty cryptography key - values will not be stored encrypted.
[2024-06-12T13:11:23.404+0000] {base.py:84} INFO - Using connection ID 'sourcedb_connection' for task execution.
[2024-06-12T13:11:23.454+0000] {python.py:237} INFO - Done. Returned value was: None
[2024-06-12T13:11:23.455+0000] {taskinstance.py:441} INFO - ::group::Post task execution logs
[2024-06-12T13:11:23.464+0000] {taskinstance.py:1206} INFO - Marking task as SUCCESS. dag_id=f1_data_pipeline_taskflow, task_id=load_constructorStandings_task, run_id=scheduled__2024-06-11T00:00:00+00:00, execution_date=20240611T000000, start_date=20240612T131123, end_date=20240612T131123
[2024-06-12T13:11:23.521+0000] {local_task_job_runner.py:240} INFO - Task exited with return code 0
[2024-06-12T13:11:23.549+0000] {taskinstance.py:3498} INFO - 0 downstream tasks scheduled from follow-on schedule check
[2024-06-12T13:11:23.551+0000] {local_task_job_runner.py:222} INFO - ::endgroup::
[2024-06-12T13:24:17.106+0000] {local_task_job_runner.py:120} INFO - ::group::Pre task execution logs
[2024-06-12T13:24:17.132+0000] {taskinstance.py:2076} INFO - Dependencies all met for dep_context=non-requeueable deps ti=<TaskInstance: f1_data_pipeline_taskflow.load_constructorStandings_task scheduled__2024-06-11T00:00:00+00:00 [queued]>
[2024-06-12T13:24:17.138+0000] {taskinstance.py:2076} INFO - Dependencies all met for dep_context=requeueable deps ti=<TaskInstance: f1_data_pipeline_taskflow.load_constructorStandings_task scheduled__2024-06-11T00:00:00+00:00 [queued]>
[2024-06-12T13:24:17.138+0000] {taskinstance.py:2306} INFO - Starting attempt 1 of 1
[2024-06-12T13:24:17.146+0000] {taskinstance.py:2330} INFO - Executing <Task(_PythonDecoratedOperator): load_constructorStandings_task> on 2024-06-11 00:00:00+00:00
[2024-06-12T13:24:17.153+0000] {warnings.py:110} WARNING - /home/***/.local/lib/python3.12/site-packages/***/task/task_runner/standard_task_runner.py:61: DeprecationWarning: This process (pid=341) is multi-threaded, use of fork() may lead to deadlocks in the child.
  pid = os.fork()

[2024-06-12T13:24:17.154+0000] {standard_task_runner.py:63} INFO - Started process 391 to run task
[2024-06-12T13:24:17.154+0000] {standard_task_runner.py:90} INFO - Running: ['***', 'tasks', 'run', 'f1_data_pipeline_taskflow', 'load_constructorStandings_task', 'scheduled__2024-06-11T00:00:00+00:00', '--job-id', '19', '--raw', '--subdir', 'DAGS_FOLDER/etl_dag.py', '--cfg-path', '/tmp/tmpmufwps9l']
[2024-06-12T13:24:17.156+0000] {standard_task_runner.py:91} INFO - Job 19: Subtask load_constructorStandings_task
[2024-06-12T13:24:17.190+0000] {task_command.py:426} INFO - Running <TaskInstance: f1_data_pipeline_taskflow.load_constructorStandings_task scheduled__2024-06-11T00:00:00+00:00 [running]> on host 7ad193764747
[2024-06-12T13:24:17.290+0000] {taskinstance.py:2648} INFO - Exporting env vars: AIRFLOW_CTX_DAG_OWNER='***' AIRFLOW_CTX_DAG_ID='f1_data_pipeline_taskflow' AIRFLOW_CTX_TASK_ID='load_constructorStandings_task' AIRFLOW_CTX_EXECUTION_DATE='2024-06-11T00:00:00+00:00' AIRFLOW_CTX_TRY_NUMBER='1' AIRFLOW_CTX_DAG_RUN_ID='scheduled__2024-06-11T00:00:00+00:00'
[2024-06-12T13:24:17.291+0000] {taskinstance.py:430} INFO - ::endgroup::
[2024-06-12T13:24:17.292+0000] {crypto.py:82} WARNING - empty cryptography key - values will not be stored encrypted.
[2024-06-12T13:24:17.293+0000] {base.py:84} INFO - Using connection ID 'sourcedb_connection' for task execution.
[2024-06-12T13:24:17.331+0000] {python.py:237} INFO - Done. Returned value was: None
[2024-06-12T13:24:17.332+0000] {taskinstance.py:441} INFO - ::group::Post task execution logs
[2024-06-12T13:24:17.339+0000] {taskinstance.py:1206} INFO - Marking task as SUCCESS. dag_id=f1_data_pipeline_taskflow, task_id=load_constructorStandings_task, run_id=scheduled__2024-06-11T00:00:00+00:00, execution_date=20240611T000000, start_date=20240612T132417, end_date=20240612T132417
[2024-06-12T13:24:17.367+0000] {local_task_job_runner.py:240} INFO - Task exited with return code 0
[2024-06-12T13:24:17.379+0000] {taskinstance.py:3498} INFO - 0 downstream tasks scheduled from follow-on schedule check
[2024-06-12T13:24:17.380+0000] {local_task_job_runner.py:222} INFO - ::endgroup::
[2024-06-12T13:31:26.882+0000] {local_task_job_runner.py:120} INFO - ::group::Pre task execution logs
[2024-06-12T13:31:26.899+0000] {taskinstance.py:2076} INFO - Dependencies all met for dep_context=non-requeueable deps ti=<TaskInstance: f1_data_pipeline_taskflow.load_constructorStandings_task scheduled__2024-06-11T00:00:00+00:00 [queued]>
[2024-06-12T13:31:26.905+0000] {taskinstance.py:2076} INFO - Dependencies all met for dep_context=requeueable deps ti=<TaskInstance: f1_data_pipeline_taskflow.load_constructorStandings_task scheduled__2024-06-11T00:00:00+00:00 [queued]>
[2024-06-12T13:31:26.906+0000] {taskinstance.py:2306} INFO - Starting attempt 1 of 1
[2024-06-12T13:31:26.916+0000] {taskinstance.py:2330} INFO - Executing <Task(_PythonDecoratedOperator): load_constructorStandings_task> on 2024-06-11 00:00:00+00:00
[2024-06-12T13:31:26.923+0000] {warnings.py:110} WARNING - /home/***/.local/lib/python3.12/site-packages/***/task/task_runner/standard_task_runner.py:61: DeprecationWarning: This process (pid=381) is multi-threaded, use of fork() may lead to deadlocks in the child.
  pid = os.fork()

[2024-06-12T13:31:26.924+0000] {standard_task_runner.py:63} INFO - Started process 445 to run task
[2024-06-12T13:31:26.925+0000] {standard_task_runner.py:90} INFO - Running: ['***', 'tasks', 'run', 'f1_data_pipeline_taskflow', 'load_constructorStandings_task', 'scheduled__2024-06-11T00:00:00+00:00', '--job-id', '22', '--raw', '--subdir', 'DAGS_FOLDER/etl_dag.py', '--cfg-path', '/tmp/tmp7hwmexek']
[2024-06-12T13:31:26.926+0000] {standard_task_runner.py:91} INFO - Job 22: Subtask load_constructorStandings_task
[2024-06-12T13:31:26.964+0000] {task_command.py:426} INFO - Running <TaskInstance: f1_data_pipeline_taskflow.load_constructorStandings_task scheduled__2024-06-11T00:00:00+00:00 [running]> on host c05e5b3efdbc
[2024-06-12T13:31:27.068+0000] {taskinstance.py:2648} INFO - Exporting env vars: AIRFLOW_CTX_DAG_OWNER='***' AIRFLOW_CTX_DAG_ID='f1_data_pipeline_taskflow' AIRFLOW_CTX_TASK_ID='load_constructorStandings_task' AIRFLOW_CTX_EXECUTION_DATE='2024-06-11T00:00:00+00:00' AIRFLOW_CTX_TRY_NUMBER='1' AIRFLOW_CTX_DAG_RUN_ID='scheduled__2024-06-11T00:00:00+00:00'
[2024-06-12T13:31:27.069+0000] {taskinstance.py:430} INFO - ::endgroup::
[2024-06-12T13:31:27.070+0000] {crypto.py:82} WARNING - empty cryptography key - values will not be stored encrypted.
[2024-06-12T13:31:27.071+0000] {base.py:84} INFO - Using connection ID 'sourcedb_connection' for task execution.
[2024-06-12T13:31:27.111+0000] {python.py:237} INFO - Done. Returned value was: None
[2024-06-12T13:31:27.112+0000] {taskinstance.py:441} INFO - ::group::Post task execution logs
[2024-06-12T13:31:27.120+0000] {taskinstance.py:1206} INFO - Marking task as SUCCESS. dag_id=f1_data_pipeline_taskflow, task_id=load_constructorStandings_task, run_id=scheduled__2024-06-11T00:00:00+00:00, execution_date=20240611T000000, start_date=20240612T133126, end_date=20240612T133127
[2024-06-12T13:31:27.138+0000] {local_task_job_runner.py:240} INFO - Task exited with return code 0
[2024-06-12T13:31:27.150+0000] {taskinstance.py:3498} INFO - 0 downstream tasks scheduled from follow-on schedule check
[2024-06-12T13:31:27.151+0000] {local_task_job_runner.py:222} INFO - ::endgroup::
