[2024-07-01T09:03:18.415+0000] {local_task_job_runner.py:120} INFO - ::group::Pre task execution logs
[2024-07-01T09:03:18.432+0000] {taskinstance.py:2076} INFO - Dependencies all met for dep_context=non-requeueable deps ti=<TaskInstance: f1_data_pipeline_taskflow.qualificationsDim_transform scheduled__2024-06-23T00:00:00+00:00 [queued]>
[2024-07-01T09:03:18.440+0000] {taskinstance.py:2076} INFO - Dependencies all met for dep_context=requeueable deps ti=<TaskInstance: f1_data_pipeline_taskflow.qualificationsDim_transform scheduled__2024-06-23T00:00:00+00:00 [queued]>
[2024-07-01T09:03:18.440+0000] {taskinstance.py:2306} INFO - Starting attempt 1 of 1
[2024-07-01T09:03:18.451+0000] {taskinstance.py:2330} INFO - Executing <Task(_PythonDecoratedOperator): qualificationsDim_transform> on 2024-06-23 00:00:00+00:00
[2024-07-01T09:03:18.458+0000] {warnings.py:110} WARNING - /home/***/.local/lib/python3.12/site-packages/***/task/task_runner/standard_task_runner.py:61: DeprecationWarning: This process (pid=471) is multi-threaded, use of fork() may lead to deadlocks in the child.
  pid = os.fork()

[2024-07-01T09:03:18.459+0000] {standard_task_runner.py:63} INFO - Started process 478 to run task
[2024-07-01T09:03:18.459+0000] {standard_task_runner.py:90} INFO - Running: ['***', 'tasks', 'run', 'f1_data_pipeline_taskflow', 'qualificationsDim_transform', 'scheduled__2024-06-23T00:00:00+00:00', '--job-id', '27', '--raw', '--subdir', 'DAGS_FOLDER/etl_dag.py', '--cfg-path', '/tmp/tmp2l7p015e']
[2024-07-01T09:03:18.461+0000] {standard_task_runner.py:91} INFO - Job 27: Subtask qualificationsDim_transform
[2024-07-01T09:03:18.504+0000] {task_command.py:426} INFO - Running <TaskInstance: f1_data_pipeline_taskflow.qualificationsDim_transform scheduled__2024-06-23T00:00:00+00:00 [running]> on host e0e883043769
[2024-07-01T09:03:19.297+0000] {taskinstance.py:2648} INFO - Exporting env vars: AIRFLOW_CTX_DAG_OWNER='***' AIRFLOW_CTX_DAG_ID='f1_data_pipeline_taskflow' AIRFLOW_CTX_TASK_ID='qualificationsDim_transform' AIRFLOW_CTX_EXECUTION_DATE='2024-06-23T00:00:00+00:00' AIRFLOW_CTX_TRY_NUMBER='1' AIRFLOW_CTX_DAG_RUN_ID='scheduled__2024-06-23T00:00:00+00:00'
[2024-07-01T09:03:19.299+0000] {taskinstance.py:430} INFO - ::endgroup::
[2024-07-01T09:03:19.338+0000] {python.py:237} INFO - Done. Returned value was:         raceId  driverId quali_time quali_date
0          860        18       None       None
116        860         1       None       None
232        861        18       None       None
512        861         1       None       None
680        862        18       None       None
...        ...       ...        ...        ...
517536     932       829       None       None
517602     936       829       None       None
517927     944       829       None       None
518061     944       834       None       None
518195     953       837       None       None

[4502 rows x 4 columns]
[2024-07-01T09:03:19.350+0000] {taskinstance.py:441} INFO - ::group::Post task execution logs
[2024-07-01T09:03:19.382+0000] {taskinstance.py:1206} INFO - Marking task as SUCCESS. dag_id=f1_data_pipeline_taskflow, task_id=qualificationsDim_transform, run_id=scheduled__2024-06-23T00:00:00+00:00, execution_date=20240623T000000, start_date=20240701T090318, end_date=20240701T090319
[2024-07-01T09:03:19.435+0000] {local_task_job_runner.py:240} INFO - Task exited with return code 0
[2024-07-01T09:03:19.443+0000] {local_task_job_runner.py:222} INFO - ::endgroup::
[2024-07-01T09:13:31.055+0000] {local_task_job_runner.py:120} INFO - ::group::Pre task execution logs
[2024-07-01T09:13:31.072+0000] {taskinstance.py:2076} INFO - Dependencies all met for dep_context=non-requeueable deps ti=<TaskInstance: f1_data_pipeline_taskflow.qualificationsDim_transform scheduled__2024-06-23T00:00:00+00:00 [queued]>
[2024-07-01T09:13:31.079+0000] {taskinstance.py:2076} INFO - Dependencies all met for dep_context=requeueable deps ti=<TaskInstance: f1_data_pipeline_taskflow.qualificationsDim_transform scheduled__2024-06-23T00:00:00+00:00 [queued]>
[2024-07-01T09:13:31.079+0000] {taskinstance.py:2306} INFO - Starting attempt 1 of 1
[2024-07-01T09:13:31.089+0000] {taskinstance.py:2330} INFO - Executing <Task(_PythonDecoratedOperator): qualificationsDim_transform> on 2024-06-23 00:00:00+00:00
[2024-07-01T09:13:31.096+0000] {warnings.py:110} WARNING - /home/***/.local/lib/python3.12/site-packages/***/task/task_runner/standard_task_runner.py:61: DeprecationWarning: This process (pid=411) is multi-threaded, use of fork() may lead to deadlocks in the child.
  pid = os.fork()

[2024-07-01T09:13:31.097+0000] {standard_task_runner.py:63} INFO - Started process 417 to run task
[2024-07-01T09:13:31.097+0000] {standard_task_runner.py:90} INFO - Running: ['***', 'tasks', 'run', 'f1_data_pipeline_taskflow', 'qualificationsDim_transform', 'scheduled__2024-06-23T00:00:00+00:00', '--job-id', '25', '--raw', '--subdir', 'DAGS_FOLDER/etl_dag.py', '--cfg-path', '/tmp/tmpumizaf7f']
[2024-07-01T09:13:31.099+0000] {standard_task_runner.py:91} INFO - Job 25: Subtask qualificationsDim_transform
[2024-07-01T09:13:31.138+0000] {task_command.py:426} INFO - Running <TaskInstance: f1_data_pipeline_taskflow.qualificationsDim_transform scheduled__2024-06-23T00:00:00+00:00 [running]> on host 422a0379c8e8
[2024-07-01T09:13:31.815+0000] {taskinstance.py:2648} INFO - Exporting env vars: AIRFLOW_CTX_DAG_OWNER='***' AIRFLOW_CTX_DAG_ID='f1_data_pipeline_taskflow' AIRFLOW_CTX_TASK_ID='qualificationsDim_transform' AIRFLOW_CTX_EXECUTION_DATE='2024-06-23T00:00:00+00:00' AIRFLOW_CTX_TRY_NUMBER='1' AIRFLOW_CTX_DAG_RUN_ID='scheduled__2024-06-23T00:00:00+00:00'
[2024-07-01T09:13:31.816+0000] {taskinstance.py:430} INFO - ::endgroup::
[2024-07-01T09:13:31.848+0000] {python.py:237} INFO - Done. Returned value was:         raceId  driverId quali_time quali_date
0          860        18       None       None
116        860         1       None       None
232        861        18       None       None
512        861         1       None       None
680        862        18       None       None
...        ...       ...        ...        ...
517536     932       829       None       None
517602     936       829       None       None
517927     944       829       None       None
518061     944       834       None       None
518195     953       837       None       None

[4502 rows x 4 columns]
[2024-07-01T09:13:31.856+0000] {taskinstance.py:441} INFO - ::group::Post task execution logs
[2024-07-01T09:13:31.884+0000] {taskinstance.py:1206} INFO - Marking task as SUCCESS. dag_id=f1_data_pipeline_taskflow, task_id=qualificationsDim_transform, run_id=scheduled__2024-06-23T00:00:00+00:00, execution_date=20240623T000000, start_date=20240701T091331, end_date=20240701T091331
[2024-07-01T09:13:31.912+0000] {local_task_job_runner.py:240} INFO - Task exited with return code 0
[2024-07-01T09:13:31.933+0000] {taskinstance.py:3498} INFO - 1 downstream tasks scheduled from follow-on schedule check
[2024-07-01T09:13:31.936+0000] {local_task_job_runner.py:222} INFO - ::endgroup::
[2024-07-01T09:23:46.122+0000] {local_task_job_runner.py:120} INFO - ::group::Pre task execution logs
[2024-07-01T09:23:46.139+0000] {taskinstance.py:2076} INFO - Dependencies all met for dep_context=non-requeueable deps ti=<TaskInstance: f1_data_pipeline_taskflow.qualificationsDim_transform scheduled__2024-06-23T00:00:00+00:00 [queued]>
[2024-07-01T09:23:46.145+0000] {taskinstance.py:2076} INFO - Dependencies all met for dep_context=requeueable deps ti=<TaskInstance: f1_data_pipeline_taskflow.qualificationsDim_transform scheduled__2024-06-23T00:00:00+00:00 [queued]>
[2024-07-01T09:23:46.145+0000] {taskinstance.py:2306} INFO - Starting attempt 1 of 1
[2024-07-01T09:23:46.156+0000] {taskinstance.py:2330} INFO - Executing <Task(_PythonDecoratedOperator): qualificationsDim_transform> on 2024-06-23 00:00:00+00:00
[2024-07-01T09:23:46.162+0000] {warnings.py:110} WARNING - /home/***/.local/lib/python3.12/site-packages/***/task/task_runner/standard_task_runner.py:61: DeprecationWarning: This process (pid=417) is multi-threaded, use of fork() may lead to deadlocks in the child.
  pid = os.fork()

[2024-07-01T09:23:46.163+0000] {standard_task_runner.py:63} INFO - Started process 425 to run task
[2024-07-01T09:23:46.164+0000] {standard_task_runner.py:90} INFO - Running: ['***', 'tasks', 'run', 'f1_data_pipeline_taskflow', 'qualificationsDim_transform', 'scheduled__2024-06-23T00:00:00+00:00', '--job-id', '26', '--raw', '--subdir', 'DAGS_FOLDER/etl_dag.py', '--cfg-path', '/tmp/tmp73gvryzk']
[2024-07-01T09:23:46.165+0000] {standard_task_runner.py:91} INFO - Job 26: Subtask qualificationsDim_transform
[2024-07-01T09:23:46.205+0000] {task_command.py:426} INFO - Running <TaskInstance: f1_data_pipeline_taskflow.qualificationsDim_transform scheduled__2024-06-23T00:00:00+00:00 [running]> on host 4a6cbe497006
[2024-07-01T09:23:46.953+0000] {taskinstance.py:2648} INFO - Exporting env vars: AIRFLOW_CTX_DAG_OWNER='***' AIRFLOW_CTX_DAG_ID='f1_data_pipeline_taskflow' AIRFLOW_CTX_TASK_ID='qualificationsDim_transform' AIRFLOW_CTX_EXECUTION_DATE='2024-06-23T00:00:00+00:00' AIRFLOW_CTX_TRY_NUMBER='1' AIRFLOW_CTX_DAG_RUN_ID='scheduled__2024-06-23T00:00:00+00:00'
[2024-07-01T09:23:46.954+0000] {taskinstance.py:430} INFO - ::endgroup::
[2024-07-01T09:23:46.990+0000] {python.py:237} INFO - Done. Returned value was:         raceId  driverId quali_time quali_date
0          860        18       None       None
116        860         1       None       None
232        861        18       None       None
512        861         1       None       None
680        862        18       None       None
...        ...       ...        ...        ...
517536     932       829       None       None
517602     936       829       None       None
517927     944       829       None       None
518061     944       834       None       None
518195     953       837       None       None

[4502 rows x 4 columns]
[2024-07-01T09:23:46.997+0000] {taskinstance.py:441} INFO - ::group::Post task execution logs
[2024-07-01T09:23:47.025+0000] {taskinstance.py:1206} INFO - Marking task as SUCCESS. dag_id=f1_data_pipeline_taskflow, task_id=qualificationsDim_transform, run_id=scheduled__2024-06-23T00:00:00+00:00, execution_date=20240623T000000, start_date=20240701T092346, end_date=20240701T092347
[2024-07-01T09:23:47.060+0000] {local_task_job_runner.py:240} INFO - Task exited with return code 0
[2024-07-01T09:23:47.080+0000] {taskinstance.py:3498} INFO - 1 downstream tasks scheduled from follow-on schedule check
[2024-07-01T09:23:47.084+0000] {local_task_job_runner.py:222} INFO - ::endgroup::
