[2024-06-07T08:42:58.227+0000] {local_task_job_runner.py:120} INFO - ::group::Pre task execution logs
[2024-06-07T08:42:58.241+0000] {taskinstance.py:2076} INFO - Dependencies all met for dep_context=non-requeueable deps ti=<TaskInstance: f1_data_pipeline_taskflow.load_sprint_task scheduled__2024-06-06T00:00:00+00:00 [queued]>
[2024-06-07T08:42:58.247+0000] {taskinstance.py:2076} INFO - Dependencies all met for dep_context=requeueable deps ti=<TaskInstance: f1_data_pipeline_taskflow.load_sprint_task scheduled__2024-06-06T00:00:00+00:00 [queued]>
[2024-06-07T08:42:58.247+0000] {taskinstance.py:2306} INFO - Starting attempt 1 of 1
[2024-06-07T08:42:58.255+0000] {taskinstance.py:2330} INFO - Executing <Task(_PythonDecoratedOperator): load_sprint_task> on 2024-06-06 00:00:00+00:00
[2024-06-07T08:42:58.261+0000] {warnings.py:110} WARNING - /home/***/.local/lib/python3.12/site-packages/***/task/task_runner/standard_task_runner.py:61: DeprecationWarning: This process (pid=537) is multi-threaded, use of fork() may lead to deadlocks in the child.
  pid = os.fork()

[2024-06-07T08:42:58.262+0000] {standard_task_runner.py:63} INFO - Started process 578 to run task
[2024-06-07T08:42:58.263+0000] {standard_task_runner.py:90} INFO - Running: ['***', 'tasks', 'run', 'f1_data_pipeline_taskflow', 'load_sprint_task', 'scheduled__2024-06-06T00:00:00+00:00', '--job-id', '68', '--raw', '--subdir', 'DAGS_FOLDER/etl_dag.py', '--cfg-path', '/tmp/tmp082q9bhy']
[2024-06-07T08:42:58.264+0000] {standard_task_runner.py:91} INFO - Job 68: Subtask load_sprint_task
[2024-06-07T08:42:58.298+0000] {task_command.py:426} INFO - Running <TaskInstance: f1_data_pipeline_taskflow.load_sprint_task scheduled__2024-06-06T00:00:00+00:00 [running]> on host 9459748fcbed
[2024-06-07T08:42:58.466+0000] {taskinstance.py:2648} INFO - Exporting env vars: AIRFLOW_CTX_DAG_OWNER='***' AIRFLOW_CTX_DAG_ID='f1_data_pipeline_taskflow' AIRFLOW_CTX_TASK_ID='load_sprint_task' AIRFLOW_CTX_EXECUTION_DATE='2024-06-06T00:00:00+00:00' AIRFLOW_CTX_TRY_NUMBER='1' AIRFLOW_CTX_DAG_RUN_ID='scheduled__2024-06-06T00:00:00+00:00'
[2024-06-07T08:42:58.468+0000] {taskinstance.py:430} INFO - ::endgroup::
[2024-06-07T08:42:58.469+0000] {crypto.py:82} WARNING - empty cryptography key - values will not be stored encrypted.
[2024-06-07T08:42:58.470+0000] {base.py:84} INFO - Using connection ID 'sourcedb_connection' for task execution.
[2024-06-07T08:42:58.521+0000] {python.py:237} INFO - Done. Returned value was: None
[2024-06-07T08:42:58.522+0000] {taskinstance.py:441} INFO - ::group::Post task execution logs
[2024-06-07T08:42:58.530+0000] {taskinstance.py:1206} INFO - Marking task as SUCCESS. dag_id=f1_data_pipeline_taskflow, task_id=load_sprint_task, run_id=scheduled__2024-06-06T00:00:00+00:00, execution_date=20240606T000000, start_date=20240607T084258, end_date=20240607T084258
[2024-06-07T08:42:58.556+0000] {local_task_job_runner.py:240} INFO - Task exited with return code 0
[2024-06-07T08:42:58.584+0000] {taskinstance.py:3498} INFO - 0 downstream tasks scheduled from follow-on schedule check
[2024-06-07T08:42:58.586+0000] {local_task_job_runner.py:222} INFO - ::endgroup::
[2024-06-07T10:22:52.157+0000] {local_task_job_runner.py:120} INFO - ::group::Pre task execution logs
[2024-06-07T10:22:52.173+0000] {taskinstance.py:2076} INFO - Dependencies all met for dep_context=non-requeueable deps ti=<TaskInstance: f1_data_pipeline_taskflow.load_sprint_task scheduled__2024-06-06T00:00:00+00:00 [queued]>
[2024-06-07T10:22:52.180+0000] {taskinstance.py:2076} INFO - Dependencies all met for dep_context=requeueable deps ti=<TaskInstance: f1_data_pipeline_taskflow.load_sprint_task scheduled__2024-06-06T00:00:00+00:00 [queued]>
[2024-06-07T10:22:52.180+0000] {taskinstance.py:2306} INFO - Starting attempt 1 of 1
[2024-06-07T10:22:52.189+0000] {taskinstance.py:2330} INFO - Executing <Task(_PythonDecoratedOperator): load_sprint_task> on 2024-06-06 00:00:00+00:00
[2024-06-07T10:22:52.196+0000] {warnings.py:110} WARNING - /home/***/.local/lib/python3.12/site-packages/***/task/task_runner/standard_task_runner.py:61: DeprecationWarning: This process (pid=564) is multi-threaded, use of fork() may lead to deadlocks in the child.
  pid = os.fork()

[2024-06-07T10:22:52.197+0000] {standard_task_runner.py:63} INFO - Started process 573 to run task
[2024-06-07T10:22:52.197+0000] {standard_task_runner.py:90} INFO - Running: ['***', 'tasks', 'run', 'f1_data_pipeline_taskflow', 'load_sprint_task', 'scheduled__2024-06-06T00:00:00+00:00', '--job-id', '30', '--raw', '--subdir', 'DAGS_FOLDER/etl_dag.py', '--cfg-path', '/tmp/tmpckzmtm8z']
[2024-06-07T10:22:52.199+0000] {standard_task_runner.py:91} INFO - Job 30: Subtask load_sprint_task
[2024-06-07T10:22:52.235+0000] {task_command.py:426} INFO - Running <TaskInstance: f1_data_pipeline_taskflow.load_sprint_task scheduled__2024-06-06T00:00:00+00:00 [running]> on host c52e0424619c
[2024-06-07T10:22:52.338+0000] {taskinstance.py:2648} INFO - Exporting env vars: AIRFLOW_CTX_DAG_OWNER='***' AIRFLOW_CTX_DAG_ID='f1_data_pipeline_taskflow' AIRFLOW_CTX_TASK_ID='load_sprint_task' AIRFLOW_CTX_EXECUTION_DATE='2024-06-06T00:00:00+00:00' AIRFLOW_CTX_TRY_NUMBER='1' AIRFLOW_CTX_DAG_RUN_ID='scheduled__2024-06-06T00:00:00+00:00'
[2024-06-07T10:22:52.340+0000] {taskinstance.py:430} INFO - ::endgroup::
[2024-06-07T10:22:52.341+0000] {crypto.py:82} WARNING - empty cryptography key - values will not be stored encrypted.
[2024-06-07T10:22:52.341+0000] {base.py:84} INFO - Using connection ID 'sourcedb_connection' for task execution.
[2024-06-07T10:22:52.386+0000] {python.py:237} INFO - Done. Returned value was: None
[2024-06-07T10:22:52.387+0000] {taskinstance.py:441} INFO - ::group::Post task execution logs
[2024-06-07T10:22:52.394+0000] {taskinstance.py:1206} INFO - Marking task as SUCCESS. dag_id=f1_data_pipeline_taskflow, task_id=load_sprint_task, run_id=scheduled__2024-06-06T00:00:00+00:00, execution_date=20240606T000000, start_date=20240607T102252, end_date=20240607T102252
[2024-06-07T10:22:52.410+0000] {local_task_job_runner.py:240} INFO - Task exited with return code 0
[2024-06-07T10:22:52.426+0000] {taskinstance.py:3498} INFO - 0 downstream tasks scheduled from follow-on schedule check
[2024-06-07T10:22:52.427+0000] {local_task_job_runner.py:222} INFO - ::endgroup::
[2024-06-07T10:29:22.728+0000] {local_task_job_runner.py:120} INFO - ::group::Pre task execution logs
[2024-06-07T10:29:22.745+0000] {taskinstance.py:2076} INFO - Dependencies all met for dep_context=non-requeueable deps ti=<TaskInstance: f1_data_pipeline_taskflow.load_sprint_task scheduled__2024-06-06T00:00:00+00:00 [queued]>
[2024-06-07T10:29:22.752+0000] {taskinstance.py:2076} INFO - Dependencies all met for dep_context=requeueable deps ti=<TaskInstance: f1_data_pipeline_taskflow.load_sprint_task scheduled__2024-06-06T00:00:00+00:00 [queued]>
[2024-06-07T10:29:22.752+0000] {taskinstance.py:2306} INFO - Starting attempt 1 of 1
[2024-06-07T10:29:22.762+0000] {taskinstance.py:2330} INFO - Executing <Task(_PythonDecoratedOperator): load_sprint_task> on 2024-06-06 00:00:00+00:00
[2024-06-07T10:29:22.768+0000] {warnings.py:110} WARNING - /home/***/.local/lib/python3.12/site-packages/***/task/task_runner/standard_task_runner.py:61: DeprecationWarning: This process (pid=544) is multi-threaded, use of fork() may lead to deadlocks in the child.
  pid = os.fork()

[2024-06-07T10:29:22.770+0000] {standard_task_runner.py:63} INFO - Started process 553 to run task
[2024-06-07T10:29:22.769+0000] {standard_task_runner.py:90} INFO - Running: ['***', 'tasks', 'run', 'f1_data_pipeline_taskflow', 'load_sprint_task', 'scheduled__2024-06-06T00:00:00+00:00', '--job-id', '30', '--raw', '--subdir', 'DAGS_FOLDER/etl_dag.py', '--cfg-path', '/tmp/tmpisuz1jpo']
[2024-06-07T10:29:22.771+0000] {standard_task_runner.py:91} INFO - Job 30: Subtask load_sprint_task
[2024-06-07T10:29:22.806+0000] {task_command.py:426} INFO - Running <TaskInstance: f1_data_pipeline_taskflow.load_sprint_task scheduled__2024-06-06T00:00:00+00:00 [running]> on host 560daa7ebc6f
[2024-06-07T10:29:22.903+0000] {taskinstance.py:2648} INFO - Exporting env vars: AIRFLOW_CTX_DAG_OWNER='***' AIRFLOW_CTX_DAG_ID='f1_data_pipeline_taskflow' AIRFLOW_CTX_TASK_ID='load_sprint_task' AIRFLOW_CTX_EXECUTION_DATE='2024-06-06T00:00:00+00:00' AIRFLOW_CTX_TRY_NUMBER='1' AIRFLOW_CTX_DAG_RUN_ID='scheduled__2024-06-06T00:00:00+00:00'
[2024-06-07T10:29:22.905+0000] {taskinstance.py:430} INFO - ::endgroup::
[2024-06-07T10:29:22.906+0000] {crypto.py:82} WARNING - empty cryptography key - values will not be stored encrypted.
[2024-06-07T10:29:22.906+0000] {base.py:84} INFO - Using connection ID 'sourcedb_connection' for task execution.
[2024-06-07T10:29:22.982+0000] {python.py:237} INFO - Done. Returned value was: None
[2024-06-07T10:29:22.982+0000] {taskinstance.py:441} INFO - ::group::Post task execution logs
[2024-06-07T10:29:22.989+0000] {taskinstance.py:1206} INFO - Marking task as SUCCESS. dag_id=f1_data_pipeline_taskflow, task_id=load_sprint_task, run_id=scheduled__2024-06-06T00:00:00+00:00, execution_date=20240606T000000, start_date=20240607T102922, end_date=20240607T102922
[2024-06-07T10:29:23.023+0000] {local_task_job_runner.py:240} INFO - Task exited with return code 0
[2024-06-07T10:29:23.040+0000] {taskinstance.py:3498} INFO - 0 downstream tasks scheduled from follow-on schedule check
[2024-06-07T10:29:23.041+0000] {local_task_job_runner.py:222} INFO - ::endgroup::
[2024-06-07T10:54:58.585+0000] {local_task_job_runner.py:120} INFO - ::group::Pre task execution logs
[2024-06-07T10:54:58.601+0000] {taskinstance.py:2076} INFO - Dependencies all met for dep_context=non-requeueable deps ti=<TaskInstance: f1_data_pipeline_taskflow.load_sprint_task scheduled__2024-06-06T00:00:00+00:00 [queued]>
[2024-06-07T10:54:58.606+0000] {taskinstance.py:2076} INFO - Dependencies all met for dep_context=requeueable deps ti=<TaskInstance: f1_data_pipeline_taskflow.load_sprint_task scheduled__2024-06-06T00:00:00+00:00 [queued]>
[2024-06-07T10:54:58.606+0000] {taskinstance.py:2306} INFO - Starting attempt 1 of 1
[2024-06-07T10:54:58.614+0000] {taskinstance.py:2330} INFO - Executing <Task(_PythonDecoratedOperator): load_sprint_task> on 2024-06-06 00:00:00+00:00
[2024-06-07T10:54:58.621+0000] {warnings.py:110} WARNING - /home/***/.local/lib/python3.12/site-packages/***/task/task_runner/standard_task_runner.py:61: DeprecationWarning: This process (pid=666) is multi-threaded, use of fork() may lead to deadlocks in the child.
  pid = os.fork()

[2024-06-07T10:54:58.622+0000] {standard_task_runner.py:63} INFO - Started process 668 to run task
[2024-06-07T10:54:58.622+0000] {standard_task_runner.py:90} INFO - Running: ['***', 'tasks', 'run', 'f1_data_pipeline_taskflow', 'load_sprint_task', 'scheduled__2024-06-06T00:00:00+00:00', '--job-id', '28', '--raw', '--subdir', 'DAGS_FOLDER/etl_dag.py', '--cfg-path', '/tmp/tmpdm08shck']
[2024-06-07T10:54:58.623+0000] {standard_task_runner.py:91} INFO - Job 28: Subtask load_sprint_task
[2024-06-07T10:54:58.660+0000] {task_command.py:426} INFO - Running <TaskInstance: f1_data_pipeline_taskflow.load_sprint_task scheduled__2024-06-06T00:00:00+00:00 [running]> on host 511ae3a85ee7
[2024-06-07T10:54:58.760+0000] {taskinstance.py:2648} INFO - Exporting env vars: AIRFLOW_CTX_DAG_OWNER='***' AIRFLOW_CTX_DAG_ID='f1_data_pipeline_taskflow' AIRFLOW_CTX_TASK_ID='load_sprint_task' AIRFLOW_CTX_EXECUTION_DATE='2024-06-06T00:00:00+00:00' AIRFLOW_CTX_TRY_NUMBER='1' AIRFLOW_CTX_DAG_RUN_ID='scheduled__2024-06-06T00:00:00+00:00'
[2024-06-07T10:54:58.761+0000] {taskinstance.py:430} INFO - ::endgroup::
[2024-06-07T10:54:58.762+0000] {crypto.py:82} WARNING - empty cryptography key - values will not be stored encrypted.
[2024-06-07T10:54:58.763+0000] {base.py:84} INFO - Using connection ID 'sourcedb_connection' for task execution.
[2024-06-07T10:54:58.808+0000] {python.py:237} INFO - Done. Returned value was: None
[2024-06-07T10:54:58.808+0000] {taskinstance.py:441} INFO - ::group::Post task execution logs
[2024-06-07T10:54:58.816+0000] {taskinstance.py:1206} INFO - Marking task as SUCCESS. dag_id=f1_data_pipeline_taskflow, task_id=load_sprint_task, run_id=scheduled__2024-06-06T00:00:00+00:00, execution_date=20240606T000000, start_date=20240607T105458, end_date=20240607T105458
[2024-06-07T10:54:58.835+0000] {local_task_job_runner.py:240} INFO - Task exited with return code 0
[2024-06-07T10:54:58.853+0000] {taskinstance.py:3498} INFO - 0 downstream tasks scheduled from follow-on schedule check
[2024-06-07T10:54:58.854+0000] {local_task_job_runner.py:222} INFO - ::endgroup::
[2024-06-07T11:04:26.661+0000] {local_task_job_runner.py:120} INFO - ::group::Pre task execution logs
[2024-06-07T11:04:26.677+0000] {taskinstance.py:2076} INFO - Dependencies all met for dep_context=non-requeueable deps ti=<TaskInstance: f1_data_pipeline_taskflow.load_sprint_task scheduled__2024-06-06T00:00:00+00:00 [queued]>
[2024-06-07T11:04:26.682+0000] {taskinstance.py:2076} INFO - Dependencies all met for dep_context=requeueable deps ti=<TaskInstance: f1_data_pipeline_taskflow.load_sprint_task scheduled__2024-06-06T00:00:00+00:00 [queued]>
[2024-06-07T11:04:26.682+0000] {taskinstance.py:2306} INFO - Starting attempt 1 of 1
[2024-06-07T11:04:26.691+0000] {taskinstance.py:2330} INFO - Executing <Task(_PythonDecoratedOperator): load_sprint_task> on 2024-06-06 00:00:00+00:00
[2024-06-07T11:04:26.697+0000] {warnings.py:110} WARNING - /home/***/.local/lib/python3.12/site-packages/***/task/task_runner/standard_task_runner.py:61: DeprecationWarning: This process (pid=564) is multi-threaded, use of fork() may lead to deadlocks in the child.
  pid = os.fork()

[2024-06-07T11:04:26.698+0000] {standard_task_runner.py:63} INFO - Started process 566 to run task
[2024-06-07T11:04:26.698+0000] {standard_task_runner.py:90} INFO - Running: ['***', 'tasks', 'run', 'f1_data_pipeline_taskflow', 'load_sprint_task', 'scheduled__2024-06-06T00:00:00+00:00', '--job-id', '30', '--raw', '--subdir', 'DAGS_FOLDER/etl_dag.py', '--cfg-path', '/tmp/tmp5uid8un6']
[2024-06-07T11:04:26.699+0000] {standard_task_runner.py:91} INFO - Job 30: Subtask load_sprint_task
[2024-06-07T11:04:26.731+0000] {task_command.py:426} INFO - Running <TaskInstance: f1_data_pipeline_taskflow.load_sprint_task scheduled__2024-06-06T00:00:00+00:00 [running]> on host 56deb138ba11
[2024-06-07T11:04:26.820+0000] {taskinstance.py:2648} INFO - Exporting env vars: AIRFLOW_CTX_DAG_OWNER='***' AIRFLOW_CTX_DAG_ID='f1_data_pipeline_taskflow' AIRFLOW_CTX_TASK_ID='load_sprint_task' AIRFLOW_CTX_EXECUTION_DATE='2024-06-06T00:00:00+00:00' AIRFLOW_CTX_TRY_NUMBER='1' AIRFLOW_CTX_DAG_RUN_ID='scheduled__2024-06-06T00:00:00+00:00'
[2024-06-07T11:04:26.822+0000] {taskinstance.py:430} INFO - ::endgroup::
[2024-06-07T11:04:26.823+0000] {crypto.py:82} WARNING - empty cryptography key - values will not be stored encrypted.
[2024-06-07T11:04:26.823+0000] {base.py:84} INFO - Using connection ID 'sourcedb_connection' for task execution.
[2024-06-07T11:04:26.866+0000] {python.py:237} INFO - Done. Returned value was: None
[2024-06-07T11:04:26.866+0000] {taskinstance.py:441} INFO - ::group::Post task execution logs
[2024-06-07T11:04:26.873+0000] {taskinstance.py:1206} INFO - Marking task as SUCCESS. dag_id=f1_data_pipeline_taskflow, task_id=load_sprint_task, run_id=scheduled__2024-06-06T00:00:00+00:00, execution_date=20240606T000000, start_date=20240607T110426, end_date=20240607T110426
[2024-06-07T11:04:26.911+0000] {local_task_job_runner.py:240} INFO - Task exited with return code 0
[2024-06-07T11:04:26.926+0000] {taskinstance.py:3498} INFO - 0 downstream tasks scheduled from follow-on schedule check
[2024-06-07T11:04:26.928+0000] {local_task_job_runner.py:222} INFO - ::endgroup::
[2024-06-07T11:15:11.021+0000] {local_task_job_runner.py:120} INFO - ::group::Pre task execution logs
[2024-06-07T11:15:11.037+0000] {taskinstance.py:2076} INFO - Dependencies all met for dep_context=non-requeueable deps ti=<TaskInstance: f1_data_pipeline_taskflow.load_sprint_task scheduled__2024-06-06T00:00:00+00:00 [queued]>
[2024-06-07T11:15:11.043+0000] {taskinstance.py:2076} INFO - Dependencies all met for dep_context=requeueable deps ti=<TaskInstance: f1_data_pipeline_taskflow.load_sprint_task scheduled__2024-06-06T00:00:00+00:00 [queued]>
[2024-06-07T11:15:11.043+0000] {taskinstance.py:2306} INFO - Starting attempt 1 of 1
[2024-06-07T11:15:11.053+0000] {taskinstance.py:2330} INFO - Executing <Task(_PythonDecoratedOperator): load_sprint_task> on 2024-06-06 00:00:00+00:00
[2024-06-07T11:15:11.059+0000] {warnings.py:110} WARNING - /home/***/.local/lib/python3.12/site-packages/***/task/task_runner/standard_task_runner.py:61: DeprecationWarning: This process (pid=574) is multi-threaded, use of fork() may lead to deadlocks in the child.
  pid = os.fork()

[2024-06-07T11:15:11.061+0000] {standard_task_runner.py:63} INFO - Started process 576 to run task
[2024-06-07T11:15:11.060+0000] {standard_task_runner.py:90} INFO - Running: ['***', 'tasks', 'run', 'f1_data_pipeline_taskflow', 'load_sprint_task', 'scheduled__2024-06-06T00:00:00+00:00', '--job-id', '29', '--raw', '--subdir', 'DAGS_FOLDER/etl_dag.py', '--cfg-path', '/tmp/tmpklty74xv']
[2024-06-07T11:15:11.062+0000] {standard_task_runner.py:91} INFO - Job 29: Subtask load_sprint_task
[2024-06-07T11:15:11.100+0000] {task_command.py:426} INFO - Running <TaskInstance: f1_data_pipeline_taskflow.load_sprint_task scheduled__2024-06-06T00:00:00+00:00 [running]> on host bdba731e3ece
[2024-06-07T11:15:11.214+0000] {taskinstance.py:2648} INFO - Exporting env vars: AIRFLOW_CTX_DAG_OWNER='***' AIRFLOW_CTX_DAG_ID='f1_data_pipeline_taskflow' AIRFLOW_CTX_TASK_ID='load_sprint_task' AIRFLOW_CTX_EXECUTION_DATE='2024-06-06T00:00:00+00:00' AIRFLOW_CTX_TRY_NUMBER='1' AIRFLOW_CTX_DAG_RUN_ID='scheduled__2024-06-06T00:00:00+00:00'
[2024-06-07T11:15:11.216+0000] {taskinstance.py:430} INFO - ::endgroup::
[2024-06-07T11:15:11.217+0000] {crypto.py:82} WARNING - empty cryptography key - values will not be stored encrypted.
[2024-06-07T11:15:11.218+0000] {base.py:84} INFO - Using connection ID 'sourcedb_connection' for task execution.
[2024-06-07T11:15:11.261+0000] {python.py:237} INFO - Done. Returned value was: None
[2024-06-07T11:15:11.262+0000] {taskinstance.py:441} INFO - ::group::Post task execution logs
[2024-06-07T11:15:11.269+0000] {taskinstance.py:1206} INFO - Marking task as SUCCESS. dag_id=f1_data_pipeline_taskflow, task_id=load_sprint_task, run_id=scheduled__2024-06-06T00:00:00+00:00, execution_date=20240606T000000, start_date=20240607T111511, end_date=20240607T111511
[2024-06-07T11:15:11.314+0000] {local_task_job_runner.py:240} INFO - Task exited with return code 0
[2024-06-07T11:15:11.331+0000] {taskinstance.py:3498} INFO - 0 downstream tasks scheduled from follow-on schedule check
[2024-06-07T11:15:11.332+0000] {local_task_job_runner.py:222} INFO - ::endgroup::
[2024-06-07T12:31:03.448+0000] {local_task_job_runner.py:120} INFO - ::group::Pre task execution logs
[2024-06-07T12:31:03.467+0000] {taskinstance.py:2076} INFO - Dependencies all met for dep_context=non-requeueable deps ti=<TaskInstance: f1_data_pipeline_taskflow.load_sprint_task scheduled__2024-06-06T00:00:00+00:00 [queued]>
[2024-06-07T12:31:03.474+0000] {taskinstance.py:2076} INFO - Dependencies all met for dep_context=requeueable deps ti=<TaskInstance: f1_data_pipeline_taskflow.load_sprint_task scheduled__2024-06-06T00:00:00+00:00 [queued]>
[2024-06-07T12:31:03.475+0000] {taskinstance.py:2306} INFO - Starting attempt 1 of 1
[2024-06-07T12:31:03.484+0000] {taskinstance.py:2330} INFO - Executing <Task(_PythonDecoratedOperator): load_sprint_task> on 2024-06-06 00:00:00+00:00
[2024-06-07T12:31:03.491+0000] {warnings.py:110} WARNING - /home/***/.local/lib/python3.12/site-packages/***/task/task_runner/standard_task_runner.py:61: DeprecationWarning: This process (pid=539) is multi-threaded, use of fork() may lead to deadlocks in the child.
  pid = os.fork()

[2024-06-07T12:31:03.492+0000] {standard_task_runner.py:63} INFO - Started process 542 to run task
[2024-06-07T12:31:03.492+0000] {standard_task_runner.py:90} INFO - Running: ['***', 'tasks', 'run', 'f1_data_pipeline_taskflow', 'load_sprint_task', 'scheduled__2024-06-06T00:00:00+00:00', '--job-id', '30', '--raw', '--subdir', 'DAGS_FOLDER/etl_dag.py', '--cfg-path', '/tmp/tmp56l81xv3']
[2024-06-07T12:31:03.493+0000] {standard_task_runner.py:91} INFO - Job 30: Subtask load_sprint_task
[2024-06-07T12:31:03.532+0000] {task_command.py:426} INFO - Running <TaskInstance: f1_data_pipeline_taskflow.load_sprint_task scheduled__2024-06-06T00:00:00+00:00 [running]> on host 5a6477355f45
[2024-06-07T12:31:03.654+0000] {taskinstance.py:2648} INFO - Exporting env vars: AIRFLOW_CTX_DAG_OWNER='***' AIRFLOW_CTX_DAG_ID='f1_data_pipeline_taskflow' AIRFLOW_CTX_TASK_ID='load_sprint_task' AIRFLOW_CTX_EXECUTION_DATE='2024-06-06T00:00:00+00:00' AIRFLOW_CTX_TRY_NUMBER='1' AIRFLOW_CTX_DAG_RUN_ID='scheduled__2024-06-06T00:00:00+00:00'
[2024-06-07T12:31:03.655+0000] {taskinstance.py:430} INFO - ::endgroup::
[2024-06-07T12:31:03.656+0000] {crypto.py:82} WARNING - empty cryptography key - values will not be stored encrypted.
[2024-06-07T12:31:03.656+0000] {base.py:84} INFO - Using connection ID 'sourcedb_connection' for task execution.
[2024-06-07T12:31:03.712+0000] {python.py:237} INFO - Done. Returned value was: None
[2024-06-07T12:31:03.713+0000] {taskinstance.py:441} INFO - ::group::Post task execution logs
[2024-06-07T12:31:03.722+0000] {taskinstance.py:1206} INFO - Marking task as SUCCESS. dag_id=f1_data_pipeline_taskflow, task_id=load_sprint_task, run_id=scheduled__2024-06-06T00:00:00+00:00, execution_date=20240606T000000, start_date=20240607T123103, end_date=20240607T123103
[2024-06-07T12:31:03.745+0000] {local_task_job_runner.py:240} INFO - Task exited with return code 0
[2024-06-07T12:31:03.770+0000] {taskinstance.py:3498} INFO - 0 downstream tasks scheduled from follow-on schedule check
[2024-06-07T12:31:03.771+0000] {local_task_job_runner.py:222} INFO - ::endgroup::
[2024-06-07T13:02:20.223+0000] {local_task_job_runner.py:120} INFO - ::group::Pre task execution logs
[2024-06-07T13:02:20.242+0000] {taskinstance.py:2076} INFO - Dependencies all met for dep_context=non-requeueable deps ti=<TaskInstance: f1_data_pipeline_taskflow.load_sprint_task scheduled__2024-06-06T00:00:00+00:00 [queued]>
[2024-06-07T13:02:20.250+0000] {taskinstance.py:2076} INFO - Dependencies all met for dep_context=requeueable deps ti=<TaskInstance: f1_data_pipeline_taskflow.load_sprint_task scheduled__2024-06-06T00:00:00+00:00 [queued]>
[2024-06-07T13:02:20.250+0000] {taskinstance.py:2306} INFO - Starting attempt 1 of 1
[2024-06-07T13:02:20.260+0000] {taskinstance.py:2330} INFO - Executing <Task(_PythonDecoratedOperator): load_sprint_task> on 2024-06-06 00:00:00+00:00
[2024-06-07T13:02:20.268+0000] {warnings.py:110} WARNING - /home/***/.local/lib/python3.12/site-packages/***/task/task_runner/standard_task_runner.py:61: DeprecationWarning: This process (pid=506) is multi-threaded, use of fork() may lead to deadlocks in the child.
  pid = os.fork()

[2024-06-07T13:02:20.269+0000] {standard_task_runner.py:63} INFO - Started process 542 to run task
[2024-06-07T13:02:20.270+0000] {standard_task_runner.py:90} INFO - Running: ['***', 'tasks', 'run', 'f1_data_pipeline_taskflow', 'load_sprint_task', 'scheduled__2024-06-06T00:00:00+00:00', '--job-id', '30', '--raw', '--subdir', 'DAGS_FOLDER/etl_dag.py', '--cfg-path', '/tmp/tmpv0bf3ap5']
[2024-06-07T13:02:20.271+0000] {standard_task_runner.py:91} INFO - Job 30: Subtask load_sprint_task
[2024-06-07T13:02:20.310+0000] {task_command.py:426} INFO - Running <TaskInstance: f1_data_pipeline_taskflow.load_sprint_task scheduled__2024-06-06T00:00:00+00:00 [running]> on host f698bc001b17
[2024-06-07T13:02:20.416+0000] {taskinstance.py:2648} INFO - Exporting env vars: AIRFLOW_CTX_DAG_OWNER='***' AIRFLOW_CTX_DAG_ID='f1_data_pipeline_taskflow' AIRFLOW_CTX_TASK_ID='load_sprint_task' AIRFLOW_CTX_EXECUTION_DATE='2024-06-06T00:00:00+00:00' AIRFLOW_CTX_TRY_NUMBER='1' AIRFLOW_CTX_DAG_RUN_ID='scheduled__2024-06-06T00:00:00+00:00'
[2024-06-07T13:02:20.417+0000] {taskinstance.py:430} INFO - ::endgroup::
[2024-06-07T13:02:20.418+0000] {crypto.py:82} WARNING - empty cryptography key - values will not be stored encrypted.
[2024-06-07T13:02:20.418+0000] {base.py:84} INFO - Using connection ID 'sourcedb_connection' for task execution.
[2024-06-07T13:02:20.463+0000] {python.py:237} INFO - Done. Returned value was: None
[2024-06-07T13:02:20.464+0000] {taskinstance.py:441} INFO - ::group::Post task execution logs
[2024-06-07T13:02:20.470+0000] {taskinstance.py:1206} INFO - Marking task as SUCCESS. dag_id=f1_data_pipeline_taskflow, task_id=load_sprint_task, run_id=scheduled__2024-06-06T00:00:00+00:00, execution_date=20240606T000000, start_date=20240607T130220, end_date=20240607T130220
[2024-06-07T13:02:20.483+0000] {local_task_job_runner.py:240} INFO - Task exited with return code 0
[2024-06-07T13:02:20.499+0000] {taskinstance.py:3498} INFO - 0 downstream tasks scheduled from follow-on schedule check
[2024-06-07T13:02:20.500+0000] {local_task_job_runner.py:222} INFO - ::endgroup::
[2024-06-07T13:10:46.948+0000] {local_task_job_runner.py:120} INFO - ::group::Pre task execution logs
[2024-06-07T13:10:46.964+0000] {taskinstance.py:2076} INFO - Dependencies all met for dep_context=non-requeueable deps ti=<TaskInstance: f1_data_pipeline_taskflow.load_sprint_task scheduled__2024-06-06T00:00:00+00:00 [queued]>
[2024-06-07T13:10:46.971+0000] {taskinstance.py:2076} INFO - Dependencies all met for dep_context=requeueable deps ti=<TaskInstance: f1_data_pipeline_taskflow.load_sprint_task scheduled__2024-06-06T00:00:00+00:00 [queued]>
[2024-06-07T13:10:46.971+0000] {taskinstance.py:2306} INFO - Starting attempt 1 of 1
[2024-06-07T13:10:46.982+0000] {taskinstance.py:2330} INFO - Executing <Task(_PythonDecoratedOperator): load_sprint_task> on 2024-06-06 00:00:00+00:00
[2024-06-07T13:10:46.988+0000] {warnings.py:110} WARNING - /home/***/.local/lib/python3.12/site-packages/***/task/task_runner/standard_task_runner.py:61: DeprecationWarning: This process (pid=499) is multi-threaded, use of fork() may lead to deadlocks in the child.
  pid = os.fork()

[2024-06-07T13:10:46.990+0000] {standard_task_runner.py:63} INFO - Started process 509 to run task
[2024-06-07T13:10:46.990+0000] {standard_task_runner.py:90} INFO - Running: ['***', 'tasks', 'run', 'f1_data_pipeline_taskflow', 'load_sprint_task', 'scheduled__2024-06-06T00:00:00+00:00', '--job-id', '30', '--raw', '--subdir', 'DAGS_FOLDER/etl_dag.py', '--cfg-path', '/tmp/tmp6949a3na']
[2024-06-07T13:10:46.992+0000] {standard_task_runner.py:91} INFO - Job 30: Subtask load_sprint_task
[2024-06-07T13:10:47.027+0000] {task_command.py:426} INFO - Running <TaskInstance: f1_data_pipeline_taskflow.load_sprint_task scheduled__2024-06-06T00:00:00+00:00 [running]> on host 5220b11abc3b
[2024-06-07T13:10:47.136+0000] {taskinstance.py:2648} INFO - Exporting env vars: AIRFLOW_CTX_DAG_OWNER='***' AIRFLOW_CTX_DAG_ID='f1_data_pipeline_taskflow' AIRFLOW_CTX_TASK_ID='load_sprint_task' AIRFLOW_CTX_EXECUTION_DATE='2024-06-06T00:00:00+00:00' AIRFLOW_CTX_TRY_NUMBER='1' AIRFLOW_CTX_DAG_RUN_ID='scheduled__2024-06-06T00:00:00+00:00'
[2024-06-07T13:10:47.138+0000] {taskinstance.py:430} INFO - ::endgroup::
[2024-06-07T13:10:47.140+0000] {crypto.py:82} WARNING - empty cryptography key - values will not be stored encrypted.
[2024-06-07T13:10:47.140+0000] {base.py:84} INFO - Using connection ID 'sourcedb_connection' for task execution.
[2024-06-07T13:10:47.188+0000] {python.py:237} INFO - Done. Returned value was: None
[2024-06-07T13:10:47.189+0000] {taskinstance.py:441} INFO - ::group::Post task execution logs
[2024-06-07T13:10:47.196+0000] {taskinstance.py:1206} INFO - Marking task as SUCCESS. dag_id=f1_data_pipeline_taskflow, task_id=load_sprint_task, run_id=scheduled__2024-06-06T00:00:00+00:00, execution_date=20240606T000000, start_date=20240607T131046, end_date=20240607T131047
[2024-06-07T13:10:47.243+0000] {local_task_job_runner.py:240} INFO - Task exited with return code 0
[2024-06-07T13:10:47.260+0000] {taskinstance.py:3498} INFO - 0 downstream tasks scheduled from follow-on schedule check
[2024-06-07T13:10:47.262+0000] {local_task_job_runner.py:222} INFO - ::endgroup::
[2024-06-07T14:13:58.852+0000] {local_task_job_runner.py:120} INFO - ::group::Pre task execution logs
[2024-06-07T14:13:58.868+0000] {taskinstance.py:2076} INFO - Dependencies all met for dep_context=non-requeueable deps ti=<TaskInstance: f1_data_pipeline_taskflow.load_sprint_task scheduled__2024-06-06T00:00:00+00:00 [queued]>
[2024-06-07T14:13:58.875+0000] {taskinstance.py:2076} INFO - Dependencies all met for dep_context=requeueable deps ti=<TaskInstance: f1_data_pipeline_taskflow.load_sprint_task scheduled__2024-06-06T00:00:00+00:00 [queued]>
[2024-06-07T14:13:58.875+0000] {taskinstance.py:2306} INFO - Starting attempt 1 of 1
[2024-06-07T14:13:58.883+0000] {taskinstance.py:2330} INFO - Executing <Task(_PythonDecoratedOperator): load_sprint_task> on 2024-06-06 00:00:00+00:00
[2024-06-07T14:13:58.889+0000] {warnings.py:110} WARNING - /home/***/.local/lib/python3.12/site-packages/***/task/task_runner/standard_task_runner.py:61: DeprecationWarning: This process (pid=550) is multi-threaded, use of fork() may lead to deadlocks in the child.
  pid = os.fork()

[2024-06-07T14:13:58.890+0000] {standard_task_runner.py:63} INFO - Started process 552 to run task
[2024-06-07T14:13:58.891+0000] {standard_task_runner.py:90} INFO - Running: ['***', 'tasks', 'run', 'f1_data_pipeline_taskflow', 'load_sprint_task', 'scheduled__2024-06-06T00:00:00+00:00', '--job-id', '30', '--raw', '--subdir', 'DAGS_FOLDER/etl_dag.py', '--cfg-path', '/tmp/tmpy9wht314']
[2024-06-07T14:13:58.892+0000] {standard_task_runner.py:91} INFO - Job 30: Subtask load_sprint_task
[2024-06-07T14:13:58.927+0000] {task_command.py:426} INFO - Running <TaskInstance: f1_data_pipeline_taskflow.load_sprint_task scheduled__2024-06-06T00:00:00+00:00 [running]> on host 21a09bc8bac4
[2024-06-07T14:13:59.024+0000] {taskinstance.py:2648} INFO - Exporting env vars: AIRFLOW_CTX_DAG_OWNER='***' AIRFLOW_CTX_DAG_ID='f1_data_pipeline_taskflow' AIRFLOW_CTX_TASK_ID='load_sprint_task' AIRFLOW_CTX_EXECUTION_DATE='2024-06-06T00:00:00+00:00' AIRFLOW_CTX_TRY_NUMBER='1' AIRFLOW_CTX_DAG_RUN_ID='scheduled__2024-06-06T00:00:00+00:00'
[2024-06-07T14:13:59.026+0000] {taskinstance.py:430} INFO - ::endgroup::
[2024-06-07T14:13:59.026+0000] {crypto.py:82} WARNING - empty cryptography key - values will not be stored encrypted.
[2024-06-07T14:13:59.027+0000] {base.py:84} INFO - Using connection ID 'sourcedb_connection' for task execution.
[2024-06-07T14:13:59.073+0000] {python.py:237} INFO - Done. Returned value was: None
[2024-06-07T14:13:59.074+0000] {taskinstance.py:441} INFO - ::group::Post task execution logs
[2024-06-07T14:13:59.081+0000] {taskinstance.py:1206} INFO - Marking task as SUCCESS. dag_id=f1_data_pipeline_taskflow, task_id=load_sprint_task, run_id=scheduled__2024-06-06T00:00:00+00:00, execution_date=20240606T000000, start_date=20240607T141358, end_date=20240607T141359
[2024-06-07T14:13:59.104+0000] {local_task_job_runner.py:240} INFO - Task exited with return code 0
[2024-06-07T14:13:59.121+0000] {taskinstance.py:3498} INFO - 0 downstream tasks scheduled from follow-on schedule check
[2024-06-07T14:13:59.123+0000] {local_task_job_runner.py:222} INFO - ::endgroup::
[2024-06-07T14:41:52.290+0000] {local_task_job_runner.py:120} INFO - ::group::Pre task execution logs
[2024-06-07T14:41:52.306+0000] {taskinstance.py:2076} INFO - Dependencies all met for dep_context=non-requeueable deps ti=<TaskInstance: f1_data_pipeline_taskflow.load_sprint_task scheduled__2024-06-06T00:00:00+00:00 [queued]>
[2024-06-07T14:41:52.313+0000] {taskinstance.py:2076} INFO - Dependencies all met for dep_context=requeueable deps ti=<TaskInstance: f1_data_pipeline_taskflow.load_sprint_task scheduled__2024-06-06T00:00:00+00:00 [queued]>
[2024-06-07T14:41:52.313+0000] {taskinstance.py:2306} INFO - Starting attempt 1 of 1
[2024-06-07T14:41:52.322+0000] {taskinstance.py:2330} INFO - Executing <Task(_PythonDecoratedOperator): load_sprint_task> on 2024-06-06 00:00:00+00:00
[2024-06-07T14:41:52.328+0000] {warnings.py:110} WARNING - /home/***/.local/lib/python3.12/site-packages/***/task/task_runner/standard_task_runner.py:61: DeprecationWarning: This process (pid=522) is multi-threaded, use of fork() may lead to deadlocks in the child.
  pid = os.fork()

[2024-06-07T14:41:52.329+0000] {standard_task_runner.py:63} INFO - Started process 541 to run task
[2024-06-07T14:41:52.329+0000] {standard_task_runner.py:90} INFO - Running: ['***', 'tasks', 'run', 'f1_data_pipeline_taskflow', 'load_sprint_task', 'scheduled__2024-06-06T00:00:00+00:00', '--job-id', '29', '--raw', '--subdir', 'DAGS_FOLDER/etl_dag.py', '--cfg-path', '/tmp/tmpy58ffpdm']
[2024-06-07T14:41:52.331+0000] {standard_task_runner.py:91} INFO - Job 29: Subtask load_sprint_task
[2024-06-07T14:41:52.365+0000] {task_command.py:426} INFO - Running <TaskInstance: f1_data_pipeline_taskflow.load_sprint_task scheduled__2024-06-06T00:00:00+00:00 [running]> on host 5b44fb81e12c
[2024-06-07T14:41:52.457+0000] {taskinstance.py:2648} INFO - Exporting env vars: AIRFLOW_CTX_DAG_OWNER='***' AIRFLOW_CTX_DAG_ID='f1_data_pipeline_taskflow' AIRFLOW_CTX_TASK_ID='load_sprint_task' AIRFLOW_CTX_EXECUTION_DATE='2024-06-06T00:00:00+00:00' AIRFLOW_CTX_TRY_NUMBER='1' AIRFLOW_CTX_DAG_RUN_ID='scheduled__2024-06-06T00:00:00+00:00'
[2024-06-07T14:41:52.458+0000] {taskinstance.py:430} INFO - ::endgroup::
[2024-06-07T14:41:52.459+0000] {crypto.py:82} WARNING - empty cryptography key - values will not be stored encrypted.
[2024-06-07T14:41:52.459+0000] {base.py:84} INFO - Using connection ID 'sourcedb_connection' for task execution.
[2024-06-07T14:41:52.503+0000] {python.py:237} INFO - Done. Returned value was: None
[2024-06-07T14:41:52.504+0000] {taskinstance.py:441} INFO - ::group::Post task execution logs
[2024-06-07T14:41:52.511+0000] {taskinstance.py:1206} INFO - Marking task as SUCCESS. dag_id=f1_data_pipeline_taskflow, task_id=load_sprint_task, run_id=scheduled__2024-06-06T00:00:00+00:00, execution_date=20240606T000000, start_date=20240607T144152, end_date=20240607T144152
[2024-06-07T14:41:52.543+0000] {local_task_job_runner.py:240} INFO - Task exited with return code 0
[2024-06-07T14:41:52.560+0000] {taskinstance.py:3498} INFO - 0 downstream tasks scheduled from follow-on schedule check
[2024-06-07T14:41:52.562+0000] {local_task_job_runner.py:222} INFO - ::endgroup::
