[2024-06-19T07:28:41.684+0000] {local_task_job_runner.py:120} INFO - ::group::Pre task execution logs
[2024-06-19T07:28:41.701+0000] {taskinstance.py:2076} INFO - Dependencies all met for dep_context=non-requeueable deps ti=<TaskInstance: f1_data_pipeline_taskflow.constructorStandingsDim_transform scheduled__2024-06-18T00:00:00+00:00 [queued]>
[2024-06-19T07:28:41.709+0000] {taskinstance.py:2076} INFO - Dependencies all met for dep_context=requeueable deps ti=<TaskInstance: f1_data_pipeline_taskflow.constructorStandingsDim_transform scheduled__2024-06-18T00:00:00+00:00 [queued]>
[2024-06-19T07:28:41.709+0000] {taskinstance.py:2306} INFO - Starting attempt 1 of 1
[2024-06-19T07:28:41.721+0000] {taskinstance.py:2330} INFO - Executing <Task(_PythonDecoratedOperator): constructorStandingsDim_transform> on 2024-06-18 00:00:00+00:00
[2024-06-19T07:28:41.732+0000] {warnings.py:110} WARNING - /home/***/.local/lib/python3.12/site-packages/***/task/task_runner/standard_task_runner.py:61: DeprecationWarning: This process (pid=147) is multi-threaded, use of fork() may lead to deadlocks in the child.
  pid = os.fork()

[2024-06-19T07:28:41.735+0000] {standard_task_runner.py:63} INFO - Started process 160 to run task
[2024-06-19T07:28:41.735+0000] {standard_task_runner.py:90} INFO - Running: ['***', 'tasks', 'run', 'f1_data_pipeline_taskflow', 'constructorStandingsDim_transform', 'scheduled__2024-06-18T00:00:00+00:00', '--job-id', '10', '--raw', '--subdir', 'DAGS_FOLDER/etl_dag.py', '--cfg-path', '/tmp/tmp87tepfcl']
[2024-06-19T07:28:41.737+0000] {standard_task_runner.py:91} INFO - Job 10: Subtask constructorStandingsDim_transform
[2024-06-19T07:28:41.794+0000] {task_command.py:426} INFO - Running <TaskInstance: f1_data_pipeline_taskflow.constructorStandingsDim_transform scheduled__2024-06-18T00:00:00+00:00 [running]> on host 5d5bc16a80d8
[2024-06-19T07:28:43.994+0000] {taskinstance.py:2648} INFO - Exporting env vars: AIRFLOW_CTX_DAG_OWNER='***' AIRFLOW_CTX_DAG_ID='f1_data_pipeline_taskflow' AIRFLOW_CTX_TASK_ID='constructorStandingsDim_transform' AIRFLOW_CTX_EXECUTION_DATE='2024-06-18T00:00:00+00:00' AIRFLOW_CTX_TRY_NUMBER='1' AIRFLOW_CTX_DAG_RUN_ID='scheduled__2024-06-18T00:00:00+00:00'
[2024-06-19T07:28:43.995+0000] {taskinstance.py:430} INFO - ::endgroup::
[2024-06-19T07:28:44.053+0000] {python.py:237} INFO - Done. Returned value was:         constructorStandingsId  ...  points_constructorstandings
0                        24932  ...                         40.0
232                      24777  ...                         55.0
680                      24789  ...                         88.0
1016                     24824  ...                         92.0
1187                     24836  ...                         98.0
...                        ...  ...                          ...
513282                   27880  ...                        104.0
513429                   26005  ...                          8.0
514821                   26556  ...                          1.0
515041                   25940  ...                          0.0
517927                   26414  ...                          0.0

[2398 rows x 5 columns]
[2024-06-19T07:28:44.071+0000] {taskinstance.py:441} INFO - ::group::Post task execution logs
[2024-06-19T07:28:44.117+0000] {taskinstance.py:1206} INFO - Marking task as SUCCESS. dag_id=f1_data_pipeline_taskflow, task_id=constructorStandingsDim_transform, run_id=scheduled__2024-06-18T00:00:00+00:00, execution_date=20240618T000000, start_date=20240619T072841, end_date=20240619T072844
[2024-06-19T07:28:44.186+0000] {local_task_job_runner.py:240} INFO - Task exited with return code 0
[2024-06-19T07:28:44.197+0000] {local_task_job_runner.py:222} INFO - ::endgroup::
[2024-06-19T08:27:03.065+0000] {local_task_job_runner.py:120} INFO - ::group::Pre task execution logs
[2024-06-19T08:27:03.083+0000] {taskinstance.py:2076} INFO - Dependencies all met for dep_context=non-requeueable deps ti=<TaskInstance: f1_data_pipeline_taskflow.constructorStandingsDim_transform scheduled__2024-06-18T00:00:00+00:00 [queued]>
[2024-06-19T08:27:03.090+0000] {taskinstance.py:2076} INFO - Dependencies all met for dep_context=requeueable deps ti=<TaskInstance: f1_data_pipeline_taskflow.constructorStandingsDim_transform scheduled__2024-06-18T00:00:00+00:00 [queued]>
[2024-06-19T08:27:03.090+0000] {taskinstance.py:2306} INFO - Starting attempt 1 of 1
[2024-06-19T08:27:03.100+0000] {taskinstance.py:2330} INFO - Executing <Task(_PythonDecoratedOperator): constructorStandingsDim_transform> on 2024-06-18 00:00:00+00:00
[2024-06-19T08:27:03.105+0000] {warnings.py:110} WARNING - /home/***/.local/lib/python3.12/site-packages/***/task/task_runner/standard_task_runner.py:61: DeprecationWarning: This process (pid=117) is multi-threaded, use of fork() may lead to deadlocks in the child.
  pid = os.fork()

[2024-06-19T08:27:03.106+0000] {standard_task_runner.py:63} INFO - Started process 128 to run task
[2024-06-19T08:27:03.106+0000] {standard_task_runner.py:90} INFO - Running: ['***', 'tasks', 'run', 'f1_data_pipeline_taskflow', 'constructorStandingsDim_transform', 'scheduled__2024-06-18T00:00:00+00:00', '--job-id', '6', '--raw', '--subdir', 'DAGS_FOLDER/etl_dag.py', '--cfg-path', '/tmp/tmpazurxb12']
[2024-06-19T08:27:03.108+0000] {standard_task_runner.py:91} INFO - Job 6: Subtask constructorStandingsDim_transform
[2024-06-19T08:27:03.153+0000] {task_command.py:426} INFO - Running <TaskInstance: f1_data_pipeline_taskflow.constructorStandingsDim_transform scheduled__2024-06-18T00:00:00+00:00 [running]> on host d64590577fb7
[2024-06-19T08:27:05.000+0000] {taskinstance.py:2648} INFO - Exporting env vars: AIRFLOW_CTX_DAG_OWNER='***' AIRFLOW_CTX_DAG_ID='f1_data_pipeline_taskflow' AIRFLOW_CTX_TASK_ID='constructorStandingsDim_transform' AIRFLOW_CTX_EXECUTION_DATE='2024-06-18T00:00:00+00:00' AIRFLOW_CTX_TRY_NUMBER='1' AIRFLOW_CTX_DAG_RUN_ID='scheduled__2024-06-18T00:00:00+00:00'
[2024-06-19T08:27:05.002+0000] {taskinstance.py:430} INFO - ::endgroup::
[2024-06-19T08:27:05.046+0000] {python.py:237} INFO - Done. Returned value was:         constructorStandingsId  ...  points_constructorstandings
0                        24932  ...                         40.0
232                      24777  ...                         55.0
680                      24789  ...                         88.0
1016                     24824  ...                         92.0
1187                     24836  ...                         98.0
...                        ...  ...                          ...
513282                   27880  ...                        104.0
513429                   26005  ...                          8.0
514821                   26556  ...                          1.0
515041                   25940  ...                          0.0
517927                   26414  ...                          0.0

[2398 rows x 5 columns]
[2024-06-19T08:27:05.058+0000] {taskinstance.py:441} INFO - ::group::Post task execution logs
[2024-06-19T08:27:05.112+0000] {taskinstance.py:1206} INFO - Marking task as SUCCESS. dag_id=f1_data_pipeline_taskflow, task_id=constructorStandingsDim_transform, run_id=scheduled__2024-06-18T00:00:00+00:00, execution_date=20240618T000000, start_date=20240619T082703, end_date=20240619T082705
[2024-06-19T08:27:05.199+0000] {local_task_job_runner.py:240} INFO - Task exited with return code 0
[2024-06-19T08:27:05.209+0000] {local_task_job_runner.py:222} INFO - ::endgroup::
[2024-06-19T08:54:09.811+0000] {local_task_job_runner.py:120} INFO - ::group::Pre task execution logs
[2024-06-19T08:54:09.829+0000] {taskinstance.py:2076} INFO - Dependencies all met for dep_context=non-requeueable deps ti=<TaskInstance: f1_data_pipeline_taskflow.constructorStandingsDim_transform scheduled__2024-06-18T00:00:00+00:00 [queued]>
[2024-06-19T08:54:09.835+0000] {taskinstance.py:2076} INFO - Dependencies all met for dep_context=requeueable deps ti=<TaskInstance: f1_data_pipeline_taskflow.constructorStandingsDim_transform scheduled__2024-06-18T00:00:00+00:00 [queued]>
[2024-06-19T08:54:09.836+0000] {taskinstance.py:2306} INFO - Starting attempt 1 of 1
[2024-06-19T08:54:09.849+0000] {taskinstance.py:2330} INFO - Executing <Task(_PythonDecoratedOperator): constructorStandingsDim_transform> on 2024-06-18 00:00:00+00:00
[2024-06-19T08:54:09.853+0000] {warnings.py:110} WARNING - /home/***/.local/lib/python3.12/site-packages/***/task/task_runner/standard_task_runner.py:61: DeprecationWarning: This process (pid=113) is multi-threaded, use of fork() may lead to deadlocks in the child.
  pid = os.fork()

[2024-06-19T08:54:09.854+0000] {standard_task_runner.py:63} INFO - Started process 125 to run task
[2024-06-19T08:54:09.855+0000] {standard_task_runner.py:90} INFO - Running: ['***', 'tasks', 'run', 'f1_data_pipeline_taskflow', 'constructorStandingsDim_transform', 'scheduled__2024-06-18T00:00:00+00:00', '--job-id', '6', '--raw', '--subdir', 'DAGS_FOLDER/etl_dag.py', '--cfg-path', '/tmp/tmppi2mv06s']
[2024-06-19T08:54:09.857+0000] {standard_task_runner.py:91} INFO - Job 6: Subtask constructorStandingsDim_transform
[2024-06-19T08:54:09.903+0000] {task_command.py:426} INFO - Running <TaskInstance: f1_data_pipeline_taskflow.constructorStandingsDim_transform scheduled__2024-06-18T00:00:00+00:00 [running]> on host e5c8778eab06
[2024-06-19T08:54:11.604+0000] {taskinstance.py:2648} INFO - Exporting env vars: AIRFLOW_CTX_DAG_OWNER='***' AIRFLOW_CTX_DAG_ID='f1_data_pipeline_taskflow' AIRFLOW_CTX_TASK_ID='constructorStandingsDim_transform' AIRFLOW_CTX_EXECUTION_DATE='2024-06-18T00:00:00+00:00' AIRFLOW_CTX_TRY_NUMBER='1' AIRFLOW_CTX_DAG_RUN_ID='scheduled__2024-06-18T00:00:00+00:00'
[2024-06-19T08:54:11.608+0000] {taskinstance.py:430} INFO - ::endgroup::
[2024-06-19T08:54:11.653+0000] {python.py:237} INFO - Done. Returned value was:         constructorStandingsId  ...  points_constructorstandings
0                        24932  ...                         40.0
232                      24777  ...                         55.0
680                      24789  ...                         88.0
1016                     24824  ...                         92.0
1187                     24836  ...                         98.0
...                        ...  ...                          ...
513282                   27880  ...                        104.0
513429                   26005  ...                          8.0
514821                   26556  ...                          1.0
515041                   25940  ...                          0.0
517927                   26414  ...                          0.0

[2398 rows x 5 columns]
[2024-06-19T08:54:11.677+0000] {taskinstance.py:441} INFO - ::group::Post task execution logs
[2024-06-19T08:54:11.726+0000] {taskinstance.py:1206} INFO - Marking task as SUCCESS. dag_id=f1_data_pipeline_taskflow, task_id=constructorStandingsDim_transform, run_id=scheduled__2024-06-18T00:00:00+00:00, execution_date=20240618T000000, start_date=20240619T085409, end_date=20240619T085411
[2024-06-19T08:54:11.783+0000] {local_task_job_runner.py:240} INFO - Task exited with return code 0
[2024-06-19T08:54:11.795+0000] {local_task_job_runner.py:222} INFO - ::endgroup::
[2024-06-19T12:05:26.895+0000] {local_task_job_runner.py:120} INFO - ::group::Pre task execution logs
[2024-06-19T12:05:26.916+0000] {taskinstance.py:2076} INFO - Dependencies all met for dep_context=non-requeueable deps ti=<TaskInstance: f1_data_pipeline_taskflow.constructorStandingsDim_transform scheduled__2024-06-18T00:00:00+00:00 [queued]>
[2024-06-19T12:05:26.922+0000] {taskinstance.py:2076} INFO - Dependencies all met for dep_context=requeueable deps ti=<TaskInstance: f1_data_pipeline_taskflow.constructorStandingsDim_transform scheduled__2024-06-18T00:00:00+00:00 [queued]>
[2024-06-19T12:05:26.922+0000] {taskinstance.py:2306} INFO - Starting attempt 1 of 1
[2024-06-19T12:05:26.938+0000] {taskinstance.py:2330} INFO - Executing <Task(_PythonDecoratedOperator): constructorStandingsDim_transform> on 2024-06-18 00:00:00+00:00
[2024-06-19T12:05:26.943+0000] {warnings.py:110} WARNING - /home/***/.local/lib/python3.12/site-packages/***/task/task_runner/standard_task_runner.py:61: DeprecationWarning: This process (pid=122) is multi-threaded, use of fork() may lead to deadlocks in the child.
  pid = os.fork()

[2024-06-19T12:05:26.944+0000] {standard_task_runner.py:63} INFO - Started process 137 to run task
[2024-06-19T12:05:26.944+0000] {standard_task_runner.py:90} INFO - Running: ['***', 'tasks', 'run', 'f1_data_pipeline_taskflow', 'constructorStandingsDim_transform', 'scheduled__2024-06-18T00:00:00+00:00', '--job-id', '8', '--raw', '--subdir', 'DAGS_FOLDER/etl_dag.py', '--cfg-path', '/tmp/tmpsgy_8nwt']
[2024-06-19T12:05:26.946+0000] {standard_task_runner.py:91} INFO - Job 8: Subtask constructorStandingsDim_transform
[2024-06-19T12:05:26.989+0000] {task_command.py:426} INFO - Running <TaskInstance: f1_data_pipeline_taskflow.constructorStandingsDim_transform scheduled__2024-06-18T00:00:00+00:00 [running]> on host eef124934bf8
[2024-06-19T12:05:29.494+0000] {taskinstance.py:2648} INFO - Exporting env vars: AIRFLOW_CTX_DAG_OWNER='***' AIRFLOW_CTX_DAG_ID='f1_data_pipeline_taskflow' AIRFLOW_CTX_TASK_ID='constructorStandingsDim_transform' AIRFLOW_CTX_EXECUTION_DATE='2024-06-18T00:00:00+00:00' AIRFLOW_CTX_TRY_NUMBER='1' AIRFLOW_CTX_DAG_RUN_ID='scheduled__2024-06-18T00:00:00+00:00'
[2024-06-19T12:05:29.496+0000] {taskinstance.py:430} INFO - ::endgroup::
[2024-06-19T12:05:29.560+0000] {python.py:237} INFO - Done. Returned value was:         constructorStandingsId  ...  points_constructorstandings
0                        24932  ...                         40.0
232                      24777  ...                         55.0
680                      24789  ...                         88.0
1016                     24824  ...                         92.0
1187                     24836  ...                         98.0
...                        ...  ...                          ...
513282                   27880  ...                        104.0
513429                   26005  ...                          8.0
514821                   26556  ...                          1.0
515041                   25940  ...                          0.0
517927                   26414  ...                          0.0

[2398 rows x 5 columns]
[2024-06-19T12:05:29.572+0000] {taskinstance.py:441} INFO - ::group::Post task execution logs
[2024-06-19T12:05:29.628+0000] {taskinstance.py:1206} INFO - Marking task as SUCCESS. dag_id=f1_data_pipeline_taskflow, task_id=constructorStandingsDim_transform, run_id=scheduled__2024-06-18T00:00:00+00:00, execution_date=20240618T000000, start_date=20240619T120526, end_date=20240619T120529
[2024-06-19T12:05:29.744+0000] {local_task_job_runner.py:240} INFO - Task exited with return code 0
[2024-06-19T12:05:29.757+0000] {local_task_job_runner.py:222} INFO - ::endgroup::
[2024-06-19T12:36:36.969+0000] {local_task_job_runner.py:120} INFO - ::group::Pre task execution logs
[2024-06-19T12:36:36.989+0000] {taskinstance.py:2076} INFO - Dependencies all met for dep_context=non-requeueable deps ti=<TaskInstance: f1_data_pipeline_taskflow.constructorStandingsDim_transform scheduled__2024-06-18T00:00:00+00:00 [queued]>
[2024-06-19T12:36:36.996+0000] {taskinstance.py:2076} INFO - Dependencies all met for dep_context=requeueable deps ti=<TaskInstance: f1_data_pipeline_taskflow.constructorStandingsDim_transform scheduled__2024-06-18T00:00:00+00:00 [queued]>
[2024-06-19T12:36:36.996+0000] {taskinstance.py:2306} INFO - Starting attempt 1 of 1
[2024-06-19T12:36:37.007+0000] {taskinstance.py:2330} INFO - Executing <Task(_PythonDecoratedOperator): constructorStandingsDim_transform> on 2024-06-18 00:00:00+00:00
[2024-06-19T12:36:37.013+0000] {warnings.py:110} WARNING - /home/***/.local/lib/python3.12/site-packages/***/task/task_runner/standard_task_runner.py:61: DeprecationWarning: This process (pid=160) is multi-threaded, use of fork() may lead to deadlocks in the child.
  pid = os.fork()

[2024-06-19T12:36:37.014+0000] {standard_task_runner.py:63} INFO - Started process 178 to run task
[2024-06-19T12:36:37.014+0000] {standard_task_runner.py:90} INFO - Running: ['***', 'tasks', 'run', 'f1_data_pipeline_taskflow', 'constructorStandingsDim_transform', 'scheduled__2024-06-18T00:00:00+00:00', '--job-id', '13', '--raw', '--subdir', 'DAGS_FOLDER/etl_dag.py', '--cfg-path', '/tmp/tmpoudfwj91']
[2024-06-19T12:36:37.016+0000] {standard_task_runner.py:91} INFO - Job 13: Subtask constructorStandingsDim_transform
[2024-06-19T12:36:37.057+0000] {task_command.py:426} INFO - Running <TaskInstance: f1_data_pipeline_taskflow.constructorStandingsDim_transform scheduled__2024-06-18T00:00:00+00:00 [running]> on host 3a98e934d90a
[2024-06-19T12:36:39.525+0000] {taskinstance.py:2648} INFO - Exporting env vars: AIRFLOW_CTX_DAG_OWNER='***' AIRFLOW_CTX_DAG_ID='f1_data_pipeline_taskflow' AIRFLOW_CTX_TASK_ID='constructorStandingsDim_transform' AIRFLOW_CTX_EXECUTION_DATE='2024-06-18T00:00:00+00:00' AIRFLOW_CTX_TRY_NUMBER='1' AIRFLOW_CTX_DAG_RUN_ID='scheduled__2024-06-18T00:00:00+00:00'
[2024-06-19T12:36:39.527+0000] {taskinstance.py:430} INFO - ::endgroup::
[2024-06-19T12:36:39.575+0000] {python.py:237} INFO - Done. Returned value was:         constructorStandingsId  ...  points_constructorstandings
0                        24932  ...                         40.0
232                      24777  ...                         55.0
680                      24789  ...                         88.0
1016                     24824  ...                         92.0
1187                     24836  ...                         98.0
...                        ...  ...                          ...
513282                   27880  ...                        104.0
513429                   26005  ...                          8.0
514821                   26556  ...                          1.0
515041                   25940  ...                          0.0
517927                   26414  ...                          0.0

[2398 rows x 5 columns]
[2024-06-19T12:36:39.585+0000] {taskinstance.py:441} INFO - ::group::Post task execution logs
[2024-06-19T12:36:39.619+0000] {taskinstance.py:1206} INFO - Marking task as SUCCESS. dag_id=f1_data_pipeline_taskflow, task_id=constructorStandingsDim_transform, run_id=scheduled__2024-06-18T00:00:00+00:00, execution_date=20240618T000000, start_date=20240619T123636, end_date=20240619T123639
[2024-06-19T12:36:39.680+0000] {local_task_job_runner.py:240} INFO - Task exited with return code 0
[2024-06-19T12:36:39.702+0000] {taskinstance.py:3498} INFO - 0 downstream tasks scheduled from follow-on schedule check
[2024-06-19T12:36:39.703+0000] {local_task_job_runner.py:222} INFO - ::endgroup::
[2024-06-19T12:53:07.587+0000] {local_task_job_runner.py:120} INFO - ::group::Pre task execution logs
[2024-06-19T12:53:07.609+0000] {taskinstance.py:2076} INFO - Dependencies all met for dep_context=non-requeueable deps ti=<TaskInstance: f1_data_pipeline_taskflow.constructorStandingsDim_transform scheduled__2024-06-18T00:00:00+00:00 [queued]>
[2024-06-19T12:53:07.618+0000] {taskinstance.py:2076} INFO - Dependencies all met for dep_context=requeueable deps ti=<TaskInstance: f1_data_pipeline_taskflow.constructorStandingsDim_transform scheduled__2024-06-18T00:00:00+00:00 [queued]>
[2024-06-19T12:53:07.619+0000] {taskinstance.py:2306} INFO - Starting attempt 1 of 1
[2024-06-19T12:53:07.632+0000] {taskinstance.py:2330} INFO - Executing <Task(_PythonDecoratedOperator): constructorStandingsDim_transform> on 2024-06-18 00:00:00+00:00
[2024-06-19T12:53:07.638+0000] {warnings.py:110} WARNING - /home/***/.local/lib/python3.12/site-packages/***/task/task_runner/standard_task_runner.py:61: DeprecationWarning: This process (pid=118) is multi-threaded, use of fork() may lead to deadlocks in the child.
  pid = os.fork()

[2024-06-19T12:53:07.639+0000] {standard_task_runner.py:63} INFO - Started process 133 to run task
[2024-06-19T12:53:07.639+0000] {standard_task_runner.py:90} INFO - Running: ['***', 'tasks', 'run', 'f1_data_pipeline_taskflow', 'constructorStandingsDim_transform', 'scheduled__2024-06-18T00:00:00+00:00', '--job-id', '10', '--raw', '--subdir', 'DAGS_FOLDER/etl_dag.py', '--cfg-path', '/tmp/tmp6i2kp5s7']
[2024-06-19T12:53:07.640+0000] {standard_task_runner.py:91} INFO - Job 10: Subtask constructorStandingsDim_transform
[2024-06-19T12:53:07.683+0000] {task_command.py:426} INFO - Running <TaskInstance: f1_data_pipeline_taskflow.constructorStandingsDim_transform scheduled__2024-06-18T00:00:00+00:00 [running]> on host 9426bfe013d2
[2024-06-19T12:53:10.168+0000] {taskinstance.py:2648} INFO - Exporting env vars: AIRFLOW_CTX_DAG_OWNER='***' AIRFLOW_CTX_DAG_ID='f1_data_pipeline_taskflow' AIRFLOW_CTX_TASK_ID='constructorStandingsDim_transform' AIRFLOW_CTX_EXECUTION_DATE='2024-06-18T00:00:00+00:00' AIRFLOW_CTX_TRY_NUMBER='1' AIRFLOW_CTX_DAG_RUN_ID='scheduled__2024-06-18T00:00:00+00:00'
[2024-06-19T12:53:10.170+0000] {taskinstance.py:430} INFO - ::endgroup::
[2024-06-19T12:53:10.203+0000] {python.py:237} INFO - Done. Returned value was:         constructorStandingsId  ...  points_constructorstandings
0                        24932  ...                         40.0
232                      24777  ...                         55.0
680                      24789  ...                         88.0
1016                     24824  ...                         92.0
1187                     24836  ...                         98.0
...                        ...  ...                          ...
513282                   27880  ...                        104.0
513429                   26005  ...                          8.0
514821                   26556  ...                          1.0
515041                   25940  ...                          0.0
517927                   26414  ...                          0.0

[2398 rows x 5 columns]
[2024-06-19T12:53:10.214+0000] {taskinstance.py:441} INFO - ::group::Post task execution logs
[2024-06-19T12:53:10.256+0000] {taskinstance.py:1206} INFO - Marking task as SUCCESS. dag_id=f1_data_pipeline_taskflow, task_id=constructorStandingsDim_transform, run_id=scheduled__2024-06-18T00:00:00+00:00, execution_date=20240618T000000, start_date=20240619T125307, end_date=20240619T125310
[2024-06-19T12:53:10.350+0000] {local_task_job_runner.py:240} INFO - Task exited with return code 0
[2024-06-19T12:53:10.360+0000] {local_task_job_runner.py:222} INFO - ::endgroup::
[2024-06-19T13:03:08.907+0000] {local_task_job_runner.py:120} INFO - ::group::Pre task execution logs
[2024-06-19T13:03:08.923+0000] {taskinstance.py:2076} INFO - Dependencies all met for dep_context=non-requeueable deps ti=<TaskInstance: f1_data_pipeline_taskflow.constructorStandingsDim_transform scheduled__2024-06-18T00:00:00+00:00 [queued]>
[2024-06-19T13:03:08.931+0000] {taskinstance.py:2076} INFO - Dependencies all met for dep_context=requeueable deps ti=<TaskInstance: f1_data_pipeline_taskflow.constructorStandingsDim_transform scheduled__2024-06-18T00:00:00+00:00 [queued]>
[2024-06-19T13:03:08.931+0000] {taskinstance.py:2306} INFO - Starting attempt 1 of 1
[2024-06-19T13:03:08.942+0000] {taskinstance.py:2330} INFO - Executing <Task(_PythonDecoratedOperator): constructorStandingsDim_transform> on 2024-06-18 00:00:00+00:00
[2024-06-19T13:03:08.947+0000] {warnings.py:110} WARNING - /home/***/.local/lib/python3.12/site-packages/***/task/task_runner/standard_task_runner.py:61: DeprecationWarning: This process (pid=112) is multi-threaded, use of fork() may lead to deadlocks in the child.
  pid = os.fork()

[2024-06-19T13:03:08.948+0000] {standard_task_runner.py:63} INFO - Started process 128 to run task
[2024-06-19T13:03:08.948+0000] {standard_task_runner.py:90} INFO - Running: ['***', 'tasks', 'run', 'f1_data_pipeline_taskflow', 'constructorStandingsDim_transform', 'scheduled__2024-06-18T00:00:00+00:00', '--job-id', '7', '--raw', '--subdir', 'DAGS_FOLDER/etl_dag.py', '--cfg-path', '/tmp/tmpnh_ct2jc']
[2024-06-19T13:03:08.950+0000] {standard_task_runner.py:91} INFO - Job 7: Subtask constructorStandingsDim_transform
[2024-06-19T13:03:08.991+0000] {task_command.py:426} INFO - Running <TaskInstance: f1_data_pipeline_taskflow.constructorStandingsDim_transform scheduled__2024-06-18T00:00:00+00:00 [running]> on host 6fa64189ef34
[2024-06-19T13:03:11.318+0000] {taskinstance.py:2648} INFO - Exporting env vars: AIRFLOW_CTX_DAG_OWNER='***' AIRFLOW_CTX_DAG_ID='f1_data_pipeline_taskflow' AIRFLOW_CTX_TASK_ID='constructorStandingsDim_transform' AIRFLOW_CTX_EXECUTION_DATE='2024-06-18T00:00:00+00:00' AIRFLOW_CTX_TRY_NUMBER='1' AIRFLOW_CTX_DAG_RUN_ID='scheduled__2024-06-18T00:00:00+00:00'
[2024-06-19T13:03:11.322+0000] {taskinstance.py:430} INFO - ::endgroup::
[2024-06-19T13:03:11.364+0000] {python.py:237} INFO - Done. Returned value was:         constructorStandingsId  ...  points_constructorstandings
0                        24932  ...                         40.0
232                      24777  ...                         55.0
680                      24789  ...                         88.0
1016                     24824  ...                         92.0
1187                     24836  ...                         98.0
...                        ...  ...                          ...
513282                   27880  ...                        104.0
513429                   26005  ...                          8.0
514821                   26556  ...                          1.0
515041                   25940  ...                          0.0
517927                   26414  ...                          0.0

[2398 rows x 5 columns]
[2024-06-19T13:03:11.375+0000] {taskinstance.py:441} INFO - ::group::Post task execution logs
[2024-06-19T13:03:11.477+0000] {taskinstance.py:1206} INFO - Marking task as SUCCESS. dag_id=f1_data_pipeline_taskflow, task_id=constructorStandingsDim_transform, run_id=scheduled__2024-06-18T00:00:00+00:00, execution_date=20240618T000000, start_date=20240619T130308, end_date=20240619T130311
[2024-06-19T13:03:11.567+0000] {local_task_job_runner.py:240} INFO - Task exited with return code 0
[2024-06-19T13:03:11.594+0000] {taskinstance.py:3498} INFO - 0 downstream tasks scheduled from follow-on schedule check
[2024-06-19T13:03:11.596+0000] {local_task_job_runner.py:222} INFO - ::endgroup::
[2024-06-19T13:16:55.271+0000] {local_task_job_runner.py:120} INFO - ::group::Pre task execution logs
[2024-06-19T13:16:55.288+0000] {taskinstance.py:2076} INFO - Dependencies all met for dep_context=non-requeueable deps ti=<TaskInstance: f1_data_pipeline_taskflow.constructorStandingsDim_transform scheduled__2024-06-18T00:00:00+00:00 [queued]>
[2024-06-19T13:16:55.296+0000] {taskinstance.py:2076} INFO - Dependencies all met for dep_context=requeueable deps ti=<TaskInstance: f1_data_pipeline_taskflow.constructorStandingsDim_transform scheduled__2024-06-18T00:00:00+00:00 [queued]>
[2024-06-19T13:16:55.296+0000] {taskinstance.py:2306} INFO - Starting attempt 1 of 1
[2024-06-19T13:16:55.308+0000] {taskinstance.py:2330} INFO - Executing <Task(_PythonDecoratedOperator): constructorStandingsDim_transform> on 2024-06-18 00:00:00+00:00
[2024-06-19T13:16:55.314+0000] {warnings.py:110} WARNING - /home/***/.local/lib/python3.12/site-packages/***/task/task_runner/standard_task_runner.py:61: DeprecationWarning: This process (pid=112) is multi-threaded, use of fork() may lead to deadlocks in the child.
  pid = os.fork()

[2024-06-19T13:16:55.315+0000] {standard_task_runner.py:63} INFO - Started process 129 to run task
[2024-06-19T13:16:55.316+0000] {standard_task_runner.py:90} INFO - Running: ['***', 'tasks', 'run', 'f1_data_pipeline_taskflow', 'constructorStandingsDim_transform', 'scheduled__2024-06-18T00:00:00+00:00', '--job-id', '8', '--raw', '--subdir', 'DAGS_FOLDER/etl_dag.py', '--cfg-path', '/tmp/tmppvv5xj8j']
[2024-06-19T13:16:55.317+0000] {standard_task_runner.py:91} INFO - Job 8: Subtask constructorStandingsDim_transform
[2024-06-19T13:16:55.376+0000] {task_command.py:426} INFO - Running <TaskInstance: f1_data_pipeline_taskflow.constructorStandingsDim_transform scheduled__2024-06-18T00:00:00+00:00 [running]> on host d5b44298ec9f
[2024-06-19T13:16:57.440+0000] {taskinstance.py:2648} INFO - Exporting env vars: AIRFLOW_CTX_DAG_OWNER='***' AIRFLOW_CTX_DAG_ID='f1_data_pipeline_taskflow' AIRFLOW_CTX_TASK_ID='constructorStandingsDim_transform' AIRFLOW_CTX_EXECUTION_DATE='2024-06-18T00:00:00+00:00' AIRFLOW_CTX_TRY_NUMBER='1' AIRFLOW_CTX_DAG_RUN_ID='scheduled__2024-06-18T00:00:00+00:00'
[2024-06-19T13:16:57.442+0000] {taskinstance.py:430} INFO - ::endgroup::
[2024-06-19T13:16:57.483+0000] {python.py:237} INFO - Done. Returned value was:         constructorStandingsId  ...  points_constructorstandings
0                        24932  ...                         40.0
232                      24777  ...                         55.0
680                      24789  ...                         88.0
1016                     24824  ...                         92.0
1187                     24836  ...                         98.0
...                        ...  ...                          ...
513282                   27880  ...                        104.0
513429                   26005  ...                          8.0
514821                   26556  ...                          1.0
515041                   25940  ...                          0.0
517927                   26414  ...                          0.0

[2398 rows x 5 columns]
[2024-06-19T13:16:57.494+0000] {taskinstance.py:441} INFO - ::group::Post task execution logs
[2024-06-19T13:16:57.567+0000] {taskinstance.py:1206} INFO - Marking task as SUCCESS. dag_id=f1_data_pipeline_taskflow, task_id=constructorStandingsDim_transform, run_id=scheduled__2024-06-18T00:00:00+00:00, execution_date=20240618T000000, start_date=20240619T131655, end_date=20240619T131657
[2024-06-19T13:16:57.616+0000] {local_task_job_runner.py:240} INFO - Task exited with return code 0
[2024-06-19T13:16:57.630+0000] {local_task_job_runner.py:222} INFO - ::endgroup::
[2024-06-19T13:27:23.065+0000] {local_task_job_runner.py:120} INFO - ::group::Pre task execution logs
[2024-06-19T13:27:23.085+0000] {taskinstance.py:2076} INFO - Dependencies all met for dep_context=non-requeueable deps ti=<TaskInstance: f1_data_pipeline_taskflow.constructorStandingsDim_transform scheduled__2024-06-18T00:00:00+00:00 [queued]>
[2024-06-19T13:27:23.092+0000] {taskinstance.py:2076} INFO - Dependencies all met for dep_context=requeueable deps ti=<TaskInstance: f1_data_pipeline_taskflow.constructorStandingsDim_transform scheduled__2024-06-18T00:00:00+00:00 [queued]>
[2024-06-19T13:27:23.092+0000] {taskinstance.py:2306} INFO - Starting attempt 1 of 1
[2024-06-19T13:27:23.105+0000] {taskinstance.py:2330} INFO - Executing <Task(_PythonDecoratedOperator): constructorStandingsDim_transform> on 2024-06-18 00:00:00+00:00
[2024-06-19T13:27:23.111+0000] {warnings.py:110} WARNING - /home/***/.local/lib/python3.12/site-packages/***/task/task_runner/standard_task_runner.py:61: DeprecationWarning: This process (pid=103) is multi-threaded, use of fork() may lead to deadlocks in the child.
  pid = os.fork()

[2024-06-19T13:27:23.112+0000] {standard_task_runner.py:63} INFO - Started process 126 to run task
[2024-06-19T13:27:23.112+0000] {standard_task_runner.py:90} INFO - Running: ['***', 'tasks', 'run', 'f1_data_pipeline_taskflow', 'constructorStandingsDim_transform', 'scheduled__2024-06-18T00:00:00+00:00', '--job-id', '9', '--raw', '--subdir', 'DAGS_FOLDER/etl_dag.py', '--cfg-path', '/tmp/tmpqwp0d8yz']
[2024-06-19T13:27:23.114+0000] {standard_task_runner.py:91} INFO - Job 9: Subtask constructorStandingsDim_transform
[2024-06-19T13:27:23.171+0000] {task_command.py:426} INFO - Running <TaskInstance: f1_data_pipeline_taskflow.constructorStandingsDim_transform scheduled__2024-06-18T00:00:00+00:00 [running]> on host fc0cf0aa1225
[2024-06-19T13:27:25.602+0000] {taskinstance.py:2648} INFO - Exporting env vars: AIRFLOW_CTX_DAG_OWNER='***' AIRFLOW_CTX_DAG_ID='f1_data_pipeline_taskflow' AIRFLOW_CTX_TASK_ID='constructorStandingsDim_transform' AIRFLOW_CTX_EXECUTION_DATE='2024-06-18T00:00:00+00:00' AIRFLOW_CTX_TRY_NUMBER='1' AIRFLOW_CTX_DAG_RUN_ID='scheduled__2024-06-18T00:00:00+00:00'
[2024-06-19T13:27:25.605+0000] {taskinstance.py:430} INFO - ::endgroup::
[2024-06-19T13:27:25.640+0000] {python.py:237} INFO - Done. Returned value was:         constructorStandingsId  ...  points_constructorstandings
0                        24932  ...                         40.0
232                      24777  ...                         55.0
680                      24789  ...                         88.0
1016                     24824  ...                         92.0
1187                     24836  ...                         98.0
...                        ...  ...                          ...
513282                   27880  ...                        104.0
513429                   26005  ...                          8.0
514821                   26556  ...                          1.0
515041                   25940  ...                          0.0
517927                   26414  ...                          0.0

[2398 rows x 5 columns]
[2024-06-19T13:27:25.650+0000] {taskinstance.py:441} INFO - ::group::Post task execution logs
[2024-06-19T13:27:25.707+0000] {taskinstance.py:1206} INFO - Marking task as SUCCESS. dag_id=f1_data_pipeline_taskflow, task_id=constructorStandingsDim_transform, run_id=scheduled__2024-06-18T00:00:00+00:00, execution_date=20240618T000000, start_date=20240619T132723, end_date=20240619T132725
[2024-06-19T13:27:25.791+0000] {local_task_job_runner.py:240} INFO - Task exited with return code 0
[2024-06-19T13:27:25.802+0000] {local_task_job_runner.py:222} INFO - ::endgroup::
[2024-06-19T13:37:31.676+0000] {local_task_job_runner.py:120} INFO - ::group::Pre task execution logs
[2024-06-19T13:37:31.698+0000] {taskinstance.py:2076} INFO - Dependencies all met for dep_context=non-requeueable deps ti=<TaskInstance: f1_data_pipeline_taskflow.constructorStandingsDim_transform scheduled__2024-06-18T00:00:00+00:00 [queued]>
[2024-06-19T13:37:31.707+0000] {taskinstance.py:2076} INFO - Dependencies all met for dep_context=requeueable deps ti=<TaskInstance: f1_data_pipeline_taskflow.constructorStandingsDim_transform scheduled__2024-06-18T00:00:00+00:00 [queued]>
[2024-06-19T13:37:31.707+0000] {taskinstance.py:2306} INFO - Starting attempt 1 of 1
[2024-06-19T13:37:31.720+0000] {taskinstance.py:2330} INFO - Executing <Task(_PythonDecoratedOperator): constructorStandingsDim_transform> on 2024-06-18 00:00:00+00:00
[2024-06-19T13:37:31.727+0000] {warnings.py:110} WARNING - /home/***/.local/lib/python3.12/site-packages/***/task/task_runner/standard_task_runner.py:61: DeprecationWarning: This process (pid=103) is multi-threaded, use of fork() may lead to deadlocks in the child.
  pid = os.fork()

[2024-06-19T13:37:31.729+0000] {standard_task_runner.py:63} INFO - Started process 121 to run task
[2024-06-19T13:37:31.731+0000] {standard_task_runner.py:90} INFO - Running: ['***', 'tasks', 'run', 'f1_data_pipeline_taskflow', 'constructorStandingsDim_transform', 'scheduled__2024-06-18T00:00:00+00:00', '--job-id', '11', '--raw', '--subdir', 'DAGS_FOLDER/etl_dag.py', '--cfg-path', '/tmp/tmp60mzjzes']
[2024-06-19T13:37:31.734+0000] {standard_task_runner.py:91} INFO - Job 11: Subtask constructorStandingsDim_transform
[2024-06-19T13:37:31.802+0000] {task_command.py:426} INFO - Running <TaskInstance: f1_data_pipeline_taskflow.constructorStandingsDim_transform scheduled__2024-06-18T00:00:00+00:00 [running]> on host 790bccf90551
[2024-06-19T13:37:33.964+0000] {taskinstance.py:2648} INFO - Exporting env vars: AIRFLOW_CTX_DAG_OWNER='***' AIRFLOW_CTX_DAG_ID='f1_data_pipeline_taskflow' AIRFLOW_CTX_TASK_ID='constructorStandingsDim_transform' AIRFLOW_CTX_EXECUTION_DATE='2024-06-18T00:00:00+00:00' AIRFLOW_CTX_TRY_NUMBER='1' AIRFLOW_CTX_DAG_RUN_ID='scheduled__2024-06-18T00:00:00+00:00'
[2024-06-19T13:37:33.966+0000] {taskinstance.py:430} INFO - ::endgroup::
[2024-06-19T13:37:34.002+0000] {python.py:237} INFO - Done. Returned value was:         constructorStandingsId  ...  points_constructorstandings
0                        24932  ...                         40.0
232                      24777  ...                         55.0
680                      24789  ...                         88.0
1016                     24824  ...                         92.0
1187                     24836  ...                         98.0
...                        ...  ...                          ...
513282                   27880  ...                        104.0
513429                   26005  ...                          8.0
514821                   26556  ...                          1.0
515041                   25940  ...                          0.0
517927                   26414  ...                          0.0

[2398 rows x 5 columns]
[2024-06-19T13:37:34.013+0000] {taskinstance.py:441} INFO - ::group::Post task execution logs
[2024-06-19T13:37:34.048+0000] {taskinstance.py:1206} INFO - Marking task as SUCCESS. dag_id=f1_data_pipeline_taskflow, task_id=constructorStandingsDim_transform, run_id=scheduled__2024-06-18T00:00:00+00:00, execution_date=20240618T000000, start_date=20240619T133731, end_date=20240619T133734
[2024-06-19T13:37:34.138+0000] {local_task_job_runner.py:240} INFO - Task exited with return code 0
[2024-06-19T13:37:34.149+0000] {local_task_job_runner.py:222} INFO - ::endgroup::
[2024-06-19T14:01:16.668+0000] {local_task_job_runner.py:120} INFO - ::group::Pre task execution logs
[2024-06-19T14:01:16.687+0000] {taskinstance.py:2076} INFO - Dependencies all met for dep_context=non-requeueable deps ti=<TaskInstance: f1_data_pipeline_taskflow.constructorStandingsDim_transform scheduled__2024-06-18T00:00:00+00:00 [queued]>
[2024-06-19T14:01:16.695+0000] {taskinstance.py:2076} INFO - Dependencies all met for dep_context=requeueable deps ti=<TaskInstance: f1_data_pipeline_taskflow.constructorStandingsDim_transform scheduled__2024-06-18T00:00:00+00:00 [queued]>
[2024-06-19T14:01:16.695+0000] {taskinstance.py:2306} INFO - Starting attempt 1 of 1
[2024-06-19T14:01:16.705+0000] {taskinstance.py:2330} INFO - Executing <Task(_PythonDecoratedOperator): constructorStandingsDim_transform> on 2024-06-18 00:00:00+00:00
[2024-06-19T14:01:16.710+0000] {warnings.py:110} WARNING - /home/***/.local/lib/python3.12/site-packages/***/task/task_runner/standard_task_runner.py:61: DeprecationWarning: This process (pid=116) is multi-threaded, use of fork() may lead to deadlocks in the child.
  pid = os.fork()

[2024-06-19T14:01:16.711+0000] {standard_task_runner.py:63} INFO - Started process 133 to run task
[2024-06-19T14:01:16.711+0000] {standard_task_runner.py:90} INFO - Running: ['***', 'tasks', 'run', 'f1_data_pipeline_taskflow', 'constructorStandingsDim_transform', 'scheduled__2024-06-18T00:00:00+00:00', '--job-id', '16', '--raw', '--subdir', 'DAGS_FOLDER/etl_dag.py', '--cfg-path', '/tmp/tmpe5jvch_f']
[2024-06-19T14:01:16.713+0000] {standard_task_runner.py:91} INFO - Job 16: Subtask constructorStandingsDim_transform
[2024-06-19T14:01:16.763+0000] {task_command.py:426} INFO - Running <TaskInstance: f1_data_pipeline_taskflow.constructorStandingsDim_transform scheduled__2024-06-18T00:00:00+00:00 [running]> on host 0ff0d3189758
[2024-06-19T14:01:18.757+0000] {taskinstance.py:2648} INFO - Exporting env vars: AIRFLOW_CTX_DAG_OWNER='***' AIRFLOW_CTX_DAG_ID='f1_data_pipeline_taskflow' AIRFLOW_CTX_TASK_ID='constructorStandingsDim_transform' AIRFLOW_CTX_EXECUTION_DATE='2024-06-18T00:00:00+00:00' AIRFLOW_CTX_TRY_NUMBER='1' AIRFLOW_CTX_DAG_RUN_ID='scheduled__2024-06-18T00:00:00+00:00'
[2024-06-19T14:01:18.760+0000] {taskinstance.py:430} INFO - ::endgroup::
[2024-06-19T14:01:18.790+0000] {python.py:237} INFO - Done. Returned value was:         constructorStandingsId  ...  points_constructorstandings
0                        24932  ...                         40.0
232                      24777  ...                         55.0
680                      24789  ...                         88.0
1016                     24824  ...                         92.0
1187                     24836  ...                         98.0
...                        ...  ...                          ...
513282                   27880  ...                        104.0
513429                   26005  ...                          8.0
514821                   26556  ...                          1.0
515041                   25940  ...                          0.0
517927                   26414  ...                          0.0

[2398 rows x 5 columns]
[2024-06-19T14:01:18.799+0000] {taskinstance.py:441} INFO - ::group::Post task execution logs
[2024-06-19T14:01:18.831+0000] {taskinstance.py:1206} INFO - Marking task as SUCCESS. dag_id=f1_data_pipeline_taskflow, task_id=constructorStandingsDim_transform, run_id=scheduled__2024-06-18T00:00:00+00:00, execution_date=20240618T000000, start_date=20240619T140116, end_date=20240619T140118
[2024-06-19T14:01:18.905+0000] {local_task_job_runner.py:240} INFO - Task exited with return code 0
[2024-06-19T14:01:18.913+0000] {local_task_job_runner.py:222} INFO - ::endgroup::
[2024-06-19T14:04:53.086+0000] {local_task_job_runner.py:120} INFO - ::group::Pre task execution logs
[2024-06-19T14:04:53.106+0000] {taskinstance.py:2076} INFO - Dependencies all met for dep_context=non-requeueable deps ti=<TaskInstance: f1_data_pipeline_taskflow.constructorStandingsDim_transform scheduled__2024-06-18T00:00:00+00:00 [queued]>
[2024-06-19T14:04:53.114+0000] {taskinstance.py:2076} INFO - Dependencies all met for dep_context=requeueable deps ti=<TaskInstance: f1_data_pipeline_taskflow.constructorStandingsDim_transform scheduled__2024-06-18T00:00:00+00:00 [queued]>
[2024-06-19T14:04:53.114+0000] {taskinstance.py:2306} INFO - Starting attempt 1 of 1
[2024-06-19T14:04:53.126+0000] {taskinstance.py:2330} INFO - Executing <Task(_PythonDecoratedOperator): constructorStandingsDim_transform> on 2024-06-18 00:00:00+00:00
[2024-06-19T14:04:53.131+0000] {warnings.py:110} WARNING - /home/***/.local/lib/python3.12/site-packages/***/task/task_runner/standard_task_runner.py:61: DeprecationWarning: This process (pid=102) is multi-threaded, use of fork() may lead to deadlocks in the child.
  pid = os.fork()

[2024-06-19T14:04:53.132+0000] {standard_task_runner.py:63} INFO - Started process 122 to run task
[2024-06-19T14:04:53.133+0000] {standard_task_runner.py:90} INFO - Running: ['***', 'tasks', 'run', 'f1_data_pipeline_taskflow', 'constructorStandingsDim_transform', 'scheduled__2024-06-18T00:00:00+00:00', '--job-id', '12', '--raw', '--subdir', 'DAGS_FOLDER/etl_dag.py', '--cfg-path', '/tmp/tmpg5q0k4u4']
[2024-06-19T14:04:53.134+0000] {standard_task_runner.py:91} INFO - Job 12: Subtask constructorStandingsDim_transform
[2024-06-19T14:04:53.187+0000] {task_command.py:426} INFO - Running <TaskInstance: f1_data_pipeline_taskflow.constructorStandingsDim_transform scheduled__2024-06-18T00:00:00+00:00 [running]> on host dc92dd71b4a2
[2024-06-19T14:04:55.215+0000] {taskinstance.py:2648} INFO - Exporting env vars: AIRFLOW_CTX_DAG_OWNER='***' AIRFLOW_CTX_DAG_ID='f1_data_pipeline_taskflow' AIRFLOW_CTX_TASK_ID='constructorStandingsDim_transform' AIRFLOW_CTX_EXECUTION_DATE='2024-06-18T00:00:00+00:00' AIRFLOW_CTX_TRY_NUMBER='1' AIRFLOW_CTX_DAG_RUN_ID='scheduled__2024-06-18T00:00:00+00:00'
[2024-06-19T14:04:55.217+0000] {taskinstance.py:430} INFO - ::endgroup::
[2024-06-19T14:04:55.260+0000] {python.py:237} INFO - Done. Returned value was:         constructorStandingsId  ...  points_constructorstandings
0                        24932  ...                         40.0
232                      24777  ...                         55.0
680                      24789  ...                         88.0
1016                     24824  ...                         92.0
1187                     24836  ...                         98.0
...                        ...  ...                          ...
513282                   27880  ...                        104.0
513429                   26005  ...                          8.0
514821                   26556  ...                          1.0
515041                   25940  ...                          0.0
517927                   26414  ...                          0.0

[2398 rows x 5 columns]
[2024-06-19T14:04:55.270+0000] {taskinstance.py:441} INFO - ::group::Post task execution logs
[2024-06-19T14:04:55.306+0000] {taskinstance.py:1206} INFO - Marking task as SUCCESS. dag_id=f1_data_pipeline_taskflow, task_id=constructorStandingsDim_transform, run_id=scheduled__2024-06-18T00:00:00+00:00, execution_date=20240618T000000, start_date=20240619T140453, end_date=20240619T140455
[2024-06-19T14:04:55.369+0000] {local_task_job_runner.py:240} INFO - Task exited with return code 0
[2024-06-19T14:04:55.387+0000] {taskinstance.py:3498} INFO - 0 downstream tasks scheduled from follow-on schedule check
[2024-06-19T14:04:55.388+0000] {local_task_job_runner.py:222} INFO - ::endgroup::
[2024-06-19T14:13:53.533+0000] {local_task_job_runner.py:120} INFO - ::group::Pre task execution logs
[2024-06-19T14:13:53.550+0000] {taskinstance.py:2076} INFO - Dependencies all met for dep_context=non-requeueable deps ti=<TaskInstance: f1_data_pipeline_taskflow.constructorStandingsDim_transform scheduled__2024-06-18T00:00:00+00:00 [queued]>
[2024-06-19T14:13:53.557+0000] {taskinstance.py:2076} INFO - Dependencies all met for dep_context=requeueable deps ti=<TaskInstance: f1_data_pipeline_taskflow.constructorStandingsDim_transform scheduled__2024-06-18T00:00:00+00:00 [queued]>
[2024-06-19T14:13:53.558+0000] {taskinstance.py:2306} INFO - Starting attempt 1 of 1
[2024-06-19T14:13:53.568+0000] {taskinstance.py:2330} INFO - Executing <Task(_PythonDecoratedOperator): constructorStandingsDim_transform> on 2024-06-18 00:00:00+00:00
[2024-06-19T14:13:53.575+0000] {warnings.py:110} WARNING - /home/***/.local/lib/python3.12/site-packages/***/task/task_runner/standard_task_runner.py:61: DeprecationWarning: This process (pid=137) is multi-threaded, use of fork() may lead to deadlocks in the child.
  pid = os.fork()

[2024-06-19T14:13:53.576+0000] {standard_task_runner.py:63} INFO - Started process 155 to run task
[2024-06-19T14:13:53.576+0000] {standard_task_runner.py:90} INFO - Running: ['***', 'tasks', 'run', 'f1_data_pipeline_taskflow', 'constructorStandingsDim_transform', 'scheduled__2024-06-18T00:00:00+00:00', '--job-id', '10', '--raw', '--subdir', 'DAGS_FOLDER/etl_dag.py', '--cfg-path', '/tmp/tmpqjq5rs97']
[2024-06-19T14:13:53.577+0000] {standard_task_runner.py:91} INFO - Job 10: Subtask constructorStandingsDim_transform
[2024-06-19T14:13:53.622+0000] {task_command.py:426} INFO - Running <TaskInstance: f1_data_pipeline_taskflow.constructorStandingsDim_transform scheduled__2024-06-18T00:00:00+00:00 [running]> on host 2acd74b25e37
[2024-06-19T14:13:55.518+0000] {taskinstance.py:2648} INFO - Exporting env vars: AIRFLOW_CTX_DAG_OWNER='***' AIRFLOW_CTX_DAG_ID='f1_data_pipeline_taskflow' AIRFLOW_CTX_TASK_ID='constructorStandingsDim_transform' AIRFLOW_CTX_EXECUTION_DATE='2024-06-18T00:00:00+00:00' AIRFLOW_CTX_TRY_NUMBER='1' AIRFLOW_CTX_DAG_RUN_ID='scheduled__2024-06-18T00:00:00+00:00'
[2024-06-19T14:13:55.521+0000] {taskinstance.py:430} INFO - ::endgroup::
[2024-06-19T14:13:55.565+0000] {python.py:237} INFO - Done. Returned value was:         constructorStandingsId  ...  points_constructorstandings
0                        24932  ...                         40.0
232                      24777  ...                         55.0
680                      24789  ...                         88.0
1016                     24824  ...                         92.0
1187                     24836  ...                         98.0
...                        ...  ...                          ...
513282                   27880  ...                        104.0
513429                   26005  ...                          8.0
514821                   26556  ...                          1.0
515041                   25940  ...                          0.0
517927                   26414  ...                          0.0

[2398 rows x 5 columns]
[2024-06-19T14:13:55.578+0000] {taskinstance.py:441} INFO - ::group::Post task execution logs
[2024-06-19T14:13:55.649+0000] {taskinstance.py:1206} INFO - Marking task as SUCCESS. dag_id=f1_data_pipeline_taskflow, task_id=constructorStandingsDim_transform, run_id=scheduled__2024-06-18T00:00:00+00:00, execution_date=20240618T000000, start_date=20240619T141353, end_date=20240619T141355
[2024-06-19T14:13:55.703+0000] {local_task_job_runner.py:240} INFO - Task exited with return code 0
[2024-06-19T14:13:55.726+0000] {taskinstance.py:3498} INFO - 0 downstream tasks scheduled from follow-on schedule check
[2024-06-19T14:13:55.727+0000] {local_task_job_runner.py:222} INFO - ::endgroup::
[2024-06-19T14:25:50.677+0000] {local_task_job_runner.py:120} INFO - ::group::Pre task execution logs
[2024-06-19T14:25:50.695+0000] {taskinstance.py:2076} INFO - Dependencies all met for dep_context=non-requeueable deps ti=<TaskInstance: f1_data_pipeline_taskflow.constructorStandingsDim_transform scheduled__2024-06-18T00:00:00+00:00 [queued]>
[2024-06-19T14:25:50.703+0000] {taskinstance.py:2076} INFO - Dependencies all met for dep_context=requeueable deps ti=<TaskInstance: f1_data_pipeline_taskflow.constructorStandingsDim_transform scheduled__2024-06-18T00:00:00+00:00 [queued]>
[2024-06-19T14:25:50.704+0000] {taskinstance.py:2306} INFO - Starting attempt 1 of 1
[2024-06-19T14:25:50.715+0000] {taskinstance.py:2330} INFO - Executing <Task(_PythonDecoratedOperator): constructorStandingsDim_transform> on 2024-06-18 00:00:00+00:00
[2024-06-19T14:25:50.721+0000] {warnings.py:110} WARNING - /home/***/.local/lib/python3.12/site-packages/***/task/task_runner/standard_task_runner.py:61: DeprecationWarning: This process (pid=109) is multi-threaded, use of fork() may lead to deadlocks in the child.
  pid = os.fork()

[2024-06-19T14:25:50.722+0000] {standard_task_runner.py:63} INFO - Started process 125 to run task
[2024-06-19T14:25:50.722+0000] {standard_task_runner.py:90} INFO - Running: ['***', 'tasks', 'run', 'f1_data_pipeline_taskflow', 'constructorStandingsDim_transform', 'scheduled__2024-06-18T00:00:00+00:00', '--job-id', '10', '--raw', '--subdir', 'DAGS_FOLDER/etl_dag.py', '--cfg-path', '/tmp/tmp_77t1l81']
[2024-06-19T14:25:50.724+0000] {standard_task_runner.py:91} INFO - Job 10: Subtask constructorStandingsDim_transform
[2024-06-19T14:25:50.780+0000] {task_command.py:426} INFO - Running <TaskInstance: f1_data_pipeline_taskflow.constructorStandingsDim_transform scheduled__2024-06-18T00:00:00+00:00 [running]> on host 7f714baf6013
[2024-06-19T14:25:52.893+0000] {taskinstance.py:2648} INFO - Exporting env vars: AIRFLOW_CTX_DAG_OWNER='***' AIRFLOW_CTX_DAG_ID='f1_data_pipeline_taskflow' AIRFLOW_CTX_TASK_ID='constructorStandingsDim_transform' AIRFLOW_CTX_EXECUTION_DATE='2024-06-18T00:00:00+00:00' AIRFLOW_CTX_TRY_NUMBER='1' AIRFLOW_CTX_DAG_RUN_ID='scheduled__2024-06-18T00:00:00+00:00'
[2024-06-19T14:25:52.894+0000] {taskinstance.py:430} INFO - ::endgroup::
[2024-06-19T14:25:52.942+0000] {python.py:237} INFO - Done. Returned value was:         constructorStandingsId  ...  points_constructorstandings
0                        24932  ...                         40.0
232                      24777  ...                         55.0
680                      24789  ...                         88.0
1016                     24824  ...                         92.0
1187                     24836  ...                         98.0
...                        ...  ...                          ...
513282                   27880  ...                        104.0
513429                   26005  ...                          8.0
514821                   26556  ...                          1.0
515041                   25940  ...                          0.0
517927                   26414  ...                          0.0

[2398 rows x 5 columns]
[2024-06-19T14:25:52.952+0000] {taskinstance.py:441} INFO - ::group::Post task execution logs
[2024-06-19T14:25:52.992+0000] {taskinstance.py:1206} INFO - Marking task as SUCCESS. dag_id=f1_data_pipeline_taskflow, task_id=constructorStandingsDim_transform, run_id=scheduled__2024-06-18T00:00:00+00:00, execution_date=20240618T000000, start_date=20240619T142550, end_date=20240619T142552
[2024-06-19T14:25:53.077+0000] {local_task_job_runner.py:240} INFO - Task exited with return code 0
[2024-06-19T14:25:53.087+0000] {local_task_job_runner.py:222} INFO - ::endgroup::
