[2024-06-12T11:50:35.972+0000] {local_task_job_runner.py:120} INFO - ::group::Pre task execution logs
[2024-06-12T11:50:35.985+0000] {taskinstance.py:2076} INFO - Dependencies all met for dep_context=non-requeueable deps ti=<TaskInstance: f1_data_pipeline_taskflow_with_kafka.wait_for_elt_dag manual__2024-06-12T11:50:34.927335+00:00 [queued]>
[2024-06-12T11:50:35.990+0000] {taskinstance.py:2076} INFO - Dependencies all met for dep_context=requeueable deps ti=<TaskInstance: f1_data_pipeline_taskflow_with_kafka.wait_for_elt_dag manual__2024-06-12T11:50:34.927335+00:00 [queued]>
[2024-06-12T11:50:35.990+0000] {taskinstance.py:2306} INFO - Starting attempt 1 of 1
[2024-06-12T11:50:35.998+0000] {taskinstance.py:2330} INFO - Executing <Task(ExternalTaskSensor): wait_for_elt_dag> on 2024-06-12 11:50:34.927335+00:00
[2024-06-12T11:50:36.002+0000] {warnings.py:110} WARNING - /home/***/.local/lib/python3.12/site-packages/***/task/task_runner/standard_task_runner.py:61: DeprecationWarning: This process (pid=768) is multi-threaded, use of fork() may lead to deadlocks in the child.
  pid = os.fork()

[2024-06-12T11:50:36.003+0000] {standard_task_runner.py:63} INFO - Started process 770 to run task
[2024-06-12T11:50:36.004+0000] {standard_task_runner.py:90} INFO - Running: ['***', 'tasks', 'run', 'f1_data_pipeline_taskflow_with_kafka', 'wait_for_elt_dag', 'manual__2024-06-12T11:50:34.927335+00:00', '--job-id', '41', '--raw', '--subdir', 'DAGS_FOLDER/kafka_data_scrape.py', '--cfg-path', '/tmp/tmpzhbcc29j']
[2024-06-12T11:50:36.005+0000] {standard_task_runner.py:91} INFO - Job 41: Subtask wait_for_elt_dag
[2024-06-12T11:50:36.036+0000] {task_command.py:426} INFO - Running <TaskInstance: f1_data_pipeline_taskflow_with_kafka.wait_for_elt_dag manual__2024-06-12T11:50:34.927335+00:00 [running]> on host 33197dc676ae
[2024-06-12T11:50:36.095+0000] {taskinstance.py:2648} INFO - Exporting env vars: AIRFLOW_CTX_DAG_OWNER='***' AIRFLOW_CTX_DAG_ID='f1_data_pipeline_taskflow_with_kafka' AIRFLOW_CTX_TASK_ID='wait_for_elt_dag' AIRFLOW_CTX_EXECUTION_DATE='2024-06-12T11:50:34.927335+00:00' AIRFLOW_CTX_TRY_NUMBER='1' AIRFLOW_CTX_DAG_RUN_ID='manual__2024-06-12T11:50:34.927335+00:00'
[2024-06-12T11:50:36.096+0000] {taskinstance.py:430} INFO - ::endgroup::
[2024-06-12T11:50:36.096+0000] {baseoperator.py:399} WARNING - ExternalTaskSensor.execute cannot be called outside TaskInstance!
[2024-06-12T11:50:36.096+0000] {external_task.py:258} INFO - Poking for tasks ['load_raceResults_task'] in dag f1_data_pipeline_taskflow on 2024-06-12T11:50:34.927335+00:00 ... 
[2024-06-12T11:50:36.096+0000] {warnings.py:110} WARNING - /home/***/.local/lib/python3.12/site-packages/***/utils/session.py:79: DeprecationWarning: This method is deprecated and will be removed in future.
  return func(*args, session=session, **kwargs)

[2024-06-12T11:51:21.460+0000] {local_task_job_runner.py:310} WARNING - State of this instance has been externally set to failed. Terminating instance.
[2024-06-12T11:51:21.461+0000] {local_task_job_runner.py:222} INFO - ::endgroup::
[2024-06-12T11:51:21.463+0000] {process_utils.py:132} INFO - Sending 15 to group 770. PIDs of all processes in the group: [770]
[2024-06-12T11:51:21.463+0000] {process_utils.py:87} INFO - Sending the signal 15 to group 770
[2024-06-12T11:51:21.464+0000] {taskinstance.py:2611} ERROR - Received SIGTERM. Terminating subprocesses.
[2024-06-12T11:51:21.464+0000] {taskinstance.py:441} INFO - ::group::Post task execution logs
[2024-06-12T11:51:21.490+0000] {process_utils.py:80} INFO - Process psutil.Process(pid=770, status='terminated', exitcode=0, started='11:50:35') (770) terminated with exit code 0
