[2024-06-05T07:10:09.118+0000] {local_task_job_runner.py:120} INFO - ::group::Pre task execution logs
[2024-06-05T07:10:09.133+0000] {taskinstance.py:2076} INFO - Dependencies all met for dep_context=non-requeueable deps ti=<TaskInstance: f1_data_pipeline_taskflow.load_qualifications_task scheduled__2024-06-04T00:00:00+00:00 [queued]>
[2024-06-05T07:10:09.139+0000] {taskinstance.py:2076} INFO - Dependencies all met for dep_context=requeueable deps ti=<TaskInstance: f1_data_pipeline_taskflow.load_qualifications_task scheduled__2024-06-04T00:00:00+00:00 [queued]>
[2024-06-05T07:10:09.140+0000] {taskinstance.py:2306} INFO - Starting attempt 1 of 1
[2024-06-05T07:10:09.148+0000] {taskinstance.py:2330} INFO - Executing <Task(_PythonDecoratedOperator): load_qualifications_task> on 2024-06-04 00:00:00+00:00
[2024-06-05T07:10:09.154+0000] {warnings.py:110} WARNING - /home/***/.local/lib/python3.12/site-packages/***/task/task_runner/standard_task_runner.py:61: DeprecationWarning: This process (pid=564) is multi-threaded, use of fork() may lead to deadlocks in the child.
  pid = os.fork()

[2024-06-05T07:10:09.155+0000] {standard_task_runner.py:63} INFO - Started process 580 to run task
[2024-06-05T07:10:09.155+0000] {standard_task_runner.py:90} INFO - Running: ['***', 'tasks', 'run', 'f1_data_pipeline_taskflow', 'load_qualifications_task', 'scheduled__2024-06-04T00:00:00+00:00', '--job-id', '25', '--raw', '--subdir', 'DAGS_FOLDER/etl_dag.py', '--cfg-path', '/tmp/tmpbfn55exk']
[2024-06-05T07:10:09.157+0000] {standard_task_runner.py:91} INFO - Job 25: Subtask load_qualifications_task
[2024-06-05T07:10:09.190+0000] {task_command.py:426} INFO - Running <TaskInstance: f1_data_pipeline_taskflow.load_qualifications_task scheduled__2024-06-04T00:00:00+00:00 [running]> on host add871a599c8
[2024-06-05T07:10:09.284+0000] {taskinstance.py:2648} INFO - Exporting env vars: AIRFLOW_CTX_DAG_OWNER='***' AIRFLOW_CTX_DAG_ID='f1_data_pipeline_taskflow' AIRFLOW_CTX_TASK_ID='load_qualifications_task' AIRFLOW_CTX_EXECUTION_DATE='2024-06-04T00:00:00+00:00' AIRFLOW_CTX_TRY_NUMBER='1' AIRFLOW_CTX_DAG_RUN_ID='scheduled__2024-06-04T00:00:00+00:00'
[2024-06-05T07:10:09.286+0000] {taskinstance.py:430} INFO - ::endgroup::
[2024-06-05T07:10:09.286+0000] {crypto.py:82} WARNING - empty cryptography key - values will not be stored encrypted.
[2024-06-05T07:10:09.287+0000] {base.py:84} INFO - Using connection ID 'sourcedb_connection' for task execution.
[2024-06-05T07:10:09.332+0000] {python.py:237} INFO - Done. Returned value was: None
[2024-06-05T07:10:09.332+0000] {taskinstance.py:441} INFO - ::group::Post task execution logs
[2024-06-05T07:10:09.340+0000] {taskinstance.py:1206} INFO - Marking task as SUCCESS. dag_id=f1_data_pipeline_taskflow, task_id=load_qualifications_task, run_id=scheduled__2024-06-04T00:00:00+00:00, execution_date=20240604T000000, start_date=20240605T071009, end_date=20240605T071009
[2024-06-05T07:10:09.368+0000] {local_task_job_runner.py:240} INFO - Task exited with return code 0
[2024-06-05T07:10:09.385+0000] {taskinstance.py:3498} INFO - 0 downstream tasks scheduled from follow-on schedule check
[2024-06-05T07:10:09.386+0000] {local_task_job_runner.py:222} INFO - ::endgroup::
[2024-06-05T09:15:01.744+0000] {local_task_job_runner.py:120} INFO - ::group::Pre task execution logs
[2024-06-05T09:15:01.760+0000] {taskinstance.py:2076} INFO - Dependencies all met for dep_context=non-requeueable deps ti=<TaskInstance: f1_data_pipeline_taskflow.load_qualifications_task scheduled__2024-06-04T00:00:00+00:00 [queued]>
[2024-06-05T09:15:01.767+0000] {taskinstance.py:2076} INFO - Dependencies all met for dep_context=requeueable deps ti=<TaskInstance: f1_data_pipeline_taskflow.load_qualifications_task scheduled__2024-06-04T00:00:00+00:00 [queued]>
[2024-06-05T09:15:01.767+0000] {taskinstance.py:2306} INFO - Starting attempt 1 of 1
[2024-06-05T09:15:01.776+0000] {taskinstance.py:2330} INFO - Executing <Task(_PythonDecoratedOperator): load_qualifications_task> on 2024-06-04 00:00:00+00:00
[2024-06-05T09:15:01.782+0000] {warnings.py:110} WARNING - /home/***/.local/lib/python3.12/site-packages/***/task/task_runner/standard_task_runner.py:61: DeprecationWarning: This process (pid=476) is multi-threaded, use of fork() may lead to deadlocks in the child.
  pid = os.fork()

[2024-06-05T09:15:01.783+0000] {standard_task_runner.py:63} INFO - Started process 486 to run task
[2024-06-05T09:15:01.784+0000] {standard_task_runner.py:90} INFO - Running: ['***', 'tasks', 'run', 'f1_data_pipeline_taskflow', 'load_qualifications_task', 'scheduled__2024-06-04T00:00:00+00:00', '--job-id', '24', '--raw', '--subdir', 'DAGS_FOLDER/etl_dag.py', '--cfg-path', '/tmp/tmpg3tvn2af']
[2024-06-05T09:15:01.786+0000] {standard_task_runner.py:91} INFO - Job 24: Subtask load_qualifications_task
[2024-06-05T09:15:01.823+0000] {task_command.py:426} INFO - Running <TaskInstance: f1_data_pipeline_taskflow.load_qualifications_task scheduled__2024-06-04T00:00:00+00:00 [running]> on host b40b31c0938c
[2024-06-05T09:15:01.936+0000] {taskinstance.py:2648} INFO - Exporting env vars: AIRFLOW_CTX_DAG_OWNER='***' AIRFLOW_CTX_DAG_ID='f1_data_pipeline_taskflow' AIRFLOW_CTX_TASK_ID='load_qualifications_task' AIRFLOW_CTX_EXECUTION_DATE='2024-06-04T00:00:00+00:00' AIRFLOW_CTX_TRY_NUMBER='1' AIRFLOW_CTX_DAG_RUN_ID='scheduled__2024-06-04T00:00:00+00:00'
[2024-06-05T09:15:01.938+0000] {taskinstance.py:430} INFO - ::endgroup::
[2024-06-05T09:15:01.939+0000] {crypto.py:82} WARNING - empty cryptography key - values will not be stored encrypted.
[2024-06-05T09:15:01.940+0000] {base.py:84} INFO - Using connection ID 'sourcedb_connection' for task execution.
[2024-06-05T09:15:02.012+0000] {python.py:237} INFO - Done. Returned value was: None
[2024-06-05T09:15:02.013+0000] {taskinstance.py:441} INFO - ::group::Post task execution logs
[2024-06-05T09:15:02.025+0000] {taskinstance.py:1206} INFO - Marking task as SUCCESS. dag_id=f1_data_pipeline_taskflow, task_id=load_qualifications_task, run_id=scheduled__2024-06-04T00:00:00+00:00, execution_date=20240604T000000, start_date=20240605T091501, end_date=20240605T091502
[2024-06-05T09:15:02.077+0000] {local_task_job_runner.py:240} INFO - Task exited with return code 0
[2024-06-05T09:15:02.121+0000] {taskinstance.py:3498} INFO - 0 downstream tasks scheduled from follow-on schedule check
[2024-06-05T09:15:02.127+0000] {local_task_job_runner.py:222} INFO - ::endgroup::
[2024-06-05T09:57:31.212+0000] {local_task_job_runner.py:120} INFO - ::group::Pre task execution logs
[2024-06-05T09:57:31.234+0000] {taskinstance.py:2076} INFO - Dependencies all met for dep_context=non-requeueable deps ti=<TaskInstance: f1_data_pipeline_taskflow.load_qualifications_task scheduled__2024-06-04T00:00:00+00:00 [queued]>
[2024-06-05T09:57:31.241+0000] {taskinstance.py:2076} INFO - Dependencies all met for dep_context=requeueable deps ti=<TaskInstance: f1_data_pipeline_taskflow.load_qualifications_task scheduled__2024-06-04T00:00:00+00:00 [queued]>
[2024-06-05T09:57:31.242+0000] {taskinstance.py:2306} INFO - Starting attempt 1 of 1
[2024-06-05T09:57:31.252+0000] {taskinstance.py:2330} INFO - Executing <Task(_PythonDecoratedOperator): load_qualifications_task> on 2024-06-04 00:00:00+00:00
[2024-06-05T09:57:31.259+0000] {warnings.py:110} WARNING - /home/***/.local/lib/python3.12/site-packages/***/task/task_runner/standard_task_runner.py:61: DeprecationWarning: This process (pid=509) is multi-threaded, use of fork() may lead to deadlocks in the child.
  pid = os.fork()

[2024-06-05T09:57:31.260+0000] {standard_task_runner.py:63} INFO - Started process 519 to run task
[2024-06-05T09:57:31.260+0000] {standard_task_runner.py:90} INFO - Running: ['***', 'tasks', 'run', 'f1_data_pipeline_taskflow', 'load_qualifications_task', 'scheduled__2024-06-04T00:00:00+00:00', '--job-id', '25', '--raw', '--subdir', 'DAGS_FOLDER/etl_dag.py', '--cfg-path', '/tmp/tmpa1_fdt69']
[2024-06-05T09:57:31.262+0000] {standard_task_runner.py:91} INFO - Job 25: Subtask load_qualifications_task
[2024-06-05T09:57:31.306+0000] {task_command.py:426} INFO - Running <TaskInstance: f1_data_pipeline_taskflow.load_qualifications_task scheduled__2024-06-04T00:00:00+00:00 [running]> on host 4404d6f11afd
[2024-06-05T09:57:31.418+0000] {taskinstance.py:2648} INFO - Exporting env vars: AIRFLOW_CTX_DAG_OWNER='***' AIRFLOW_CTX_DAG_ID='f1_data_pipeline_taskflow' AIRFLOW_CTX_TASK_ID='load_qualifications_task' AIRFLOW_CTX_EXECUTION_DATE='2024-06-04T00:00:00+00:00' AIRFLOW_CTX_TRY_NUMBER='1' AIRFLOW_CTX_DAG_RUN_ID='scheduled__2024-06-04T00:00:00+00:00'
[2024-06-05T09:57:31.419+0000] {taskinstance.py:430} INFO - ::endgroup::
[2024-06-05T09:57:31.420+0000] {crypto.py:82} WARNING - empty cryptography key - values will not be stored encrypted.
[2024-06-05T09:57:31.420+0000] {base.py:84} INFO - Using connection ID 'sourcedb_connection' for task execution.
[2024-06-05T09:57:31.470+0000] {python.py:237} INFO - Done. Returned value was: None
[2024-06-05T09:57:31.471+0000] {taskinstance.py:441} INFO - ::group::Post task execution logs
[2024-06-05T09:57:31.479+0000] {taskinstance.py:1206} INFO - Marking task as SUCCESS. dag_id=f1_data_pipeline_taskflow, task_id=load_qualifications_task, run_id=scheduled__2024-06-04T00:00:00+00:00, execution_date=20240604T000000, start_date=20240605T095731, end_date=20240605T095731
[2024-06-05T09:57:31.514+0000] {local_task_job_runner.py:240} INFO - Task exited with return code 0
[2024-06-05T09:57:31.531+0000] {taskinstance.py:3498} INFO - 0 downstream tasks scheduled from follow-on schedule check
[2024-06-05T09:57:31.533+0000] {local_task_job_runner.py:222} INFO - ::endgroup::
[2024-06-05T10:05:56.411+0000] {local_task_job_runner.py:120} INFO - ::group::Pre task execution logs
[2024-06-05T10:05:56.427+0000] {taskinstance.py:2076} INFO - Dependencies all met for dep_context=non-requeueable deps ti=<TaskInstance: f1_data_pipeline_taskflow.load_qualifications_task scheduled__2024-06-04T00:00:00+00:00 [queued]>
[2024-06-05T10:05:56.432+0000] {taskinstance.py:2076} INFO - Dependencies all met for dep_context=requeueable deps ti=<TaskInstance: f1_data_pipeline_taskflow.load_qualifications_task scheduled__2024-06-04T00:00:00+00:00 [queued]>
[2024-06-05T10:05:56.433+0000] {taskinstance.py:2306} INFO - Starting attempt 1 of 1
[2024-06-05T10:05:56.441+0000] {taskinstance.py:2330} INFO - Executing <Task(_PythonDecoratedOperator): load_qualifications_task> on 2024-06-04 00:00:00+00:00
[2024-06-05T10:05:56.448+0000] {warnings.py:110} WARNING - /home/***/.local/lib/python3.12/site-packages/***/task/task_runner/standard_task_runner.py:61: DeprecationWarning: This process (pid=564) is multi-threaded, use of fork() may lead to deadlocks in the child.
  pid = os.fork()

[2024-06-05T10:05:56.449+0000] {standard_task_runner.py:63} INFO - Started process 572 to run task
[2024-06-05T10:05:56.449+0000] {standard_task_runner.py:90} INFO - Running: ['***', 'tasks', 'run', 'f1_data_pipeline_taskflow', 'load_qualifications_task', 'scheduled__2024-06-04T00:00:00+00:00', '--job-id', '27', '--raw', '--subdir', 'DAGS_FOLDER/etl_dag.py', '--cfg-path', '/tmp/tmpdsyt1dmr']
[2024-06-05T10:05:56.450+0000] {standard_task_runner.py:91} INFO - Job 27: Subtask load_qualifications_task
[2024-06-05T10:05:56.484+0000] {task_command.py:426} INFO - Running <TaskInstance: f1_data_pipeline_taskflow.load_qualifications_task scheduled__2024-06-04T00:00:00+00:00 [running]> on host c82c00099500
[2024-06-05T10:05:56.585+0000] {taskinstance.py:2648} INFO - Exporting env vars: AIRFLOW_CTX_DAG_OWNER='***' AIRFLOW_CTX_DAG_ID='f1_data_pipeline_taskflow' AIRFLOW_CTX_TASK_ID='load_qualifications_task' AIRFLOW_CTX_EXECUTION_DATE='2024-06-04T00:00:00+00:00' AIRFLOW_CTX_TRY_NUMBER='1' AIRFLOW_CTX_DAG_RUN_ID='scheduled__2024-06-04T00:00:00+00:00'
[2024-06-05T10:05:56.586+0000] {taskinstance.py:430} INFO - ::endgroup::
[2024-06-05T10:05:56.587+0000] {crypto.py:82} WARNING - empty cryptography key - values will not be stored encrypted.
[2024-06-05T10:05:56.587+0000] {base.py:84} INFO - Using connection ID 'sourcedb_connection' for task execution.
[2024-06-05T10:05:56.635+0000] {python.py:237} INFO - Done. Returned value was: None
[2024-06-05T10:05:56.635+0000] {taskinstance.py:441} INFO - ::group::Post task execution logs
[2024-06-05T10:05:56.642+0000] {taskinstance.py:1206} INFO - Marking task as SUCCESS. dag_id=f1_data_pipeline_taskflow, task_id=load_qualifications_task, run_id=scheduled__2024-06-04T00:00:00+00:00, execution_date=20240604T000000, start_date=20240605T100556, end_date=20240605T100556
[2024-06-05T10:05:56.673+0000] {local_task_job_runner.py:240} INFO - Task exited with return code 0
[2024-06-05T10:05:56.684+0000] {local_task_job_runner.py:222} INFO - ::endgroup::
[2024-06-05T10:27:31.741+0000] {local_task_job_runner.py:120} INFO - ::group::Pre task execution logs
[2024-06-05T10:27:31.757+0000] {taskinstance.py:2076} INFO - Dependencies all met for dep_context=non-requeueable deps ti=<TaskInstance: f1_data_pipeline_taskflow.load_qualifications_task scheduled__2024-06-04T00:00:00+00:00 [queued]>
[2024-06-05T10:27:31.764+0000] {taskinstance.py:2076} INFO - Dependencies all met for dep_context=requeueable deps ti=<TaskInstance: f1_data_pipeline_taskflow.load_qualifications_task scheduled__2024-06-04T00:00:00+00:00 [queued]>
[2024-06-05T10:27:31.765+0000] {taskinstance.py:2306} INFO - Starting attempt 1 of 1
[2024-06-05T10:27:31.774+0000] {taskinstance.py:2330} INFO - Executing <Task(_PythonDecoratedOperator): load_qualifications_task> on 2024-06-04 00:00:00+00:00
[2024-06-05T10:27:31.780+0000] {warnings.py:110} WARNING - /home/***/.local/lib/python3.12/site-packages/***/task/task_runner/standard_task_runner.py:61: DeprecationWarning: This process (pid=526) is multi-threaded, use of fork() may lead to deadlocks in the child.
  pid = os.fork()

[2024-06-05T10:27:31.781+0000] {standard_task_runner.py:63} INFO - Started process 534 to run task
[2024-06-05T10:27:31.782+0000] {standard_task_runner.py:90} INFO - Running: ['***', 'tasks', 'run', 'f1_data_pipeline_taskflow', 'load_qualifications_task', 'scheduled__2024-06-04T00:00:00+00:00', '--job-id', '25', '--raw', '--subdir', 'DAGS_FOLDER/etl_dag.py', '--cfg-path', '/tmp/tmpw9agay9h']
[2024-06-05T10:27:31.783+0000] {standard_task_runner.py:91} INFO - Job 25: Subtask load_qualifications_task
[2024-06-05T10:27:31.819+0000] {task_command.py:426} INFO - Running <TaskInstance: f1_data_pipeline_taskflow.load_qualifications_task scheduled__2024-06-04T00:00:00+00:00 [running]> on host 6ad0dd8168be
[2024-06-05T10:27:31.926+0000] {taskinstance.py:2648} INFO - Exporting env vars: AIRFLOW_CTX_DAG_OWNER='***' AIRFLOW_CTX_DAG_ID='f1_data_pipeline_taskflow' AIRFLOW_CTX_TASK_ID='load_qualifications_task' AIRFLOW_CTX_EXECUTION_DATE='2024-06-04T00:00:00+00:00' AIRFLOW_CTX_TRY_NUMBER='1' AIRFLOW_CTX_DAG_RUN_ID='scheduled__2024-06-04T00:00:00+00:00'
[2024-06-05T10:27:31.927+0000] {taskinstance.py:430} INFO - ::endgroup::
[2024-06-05T10:27:31.928+0000] {crypto.py:82} WARNING - empty cryptography key - values will not be stored encrypted.
[2024-06-05T10:27:31.928+0000] {base.py:84} INFO - Using connection ID 'sourcedb_connection' for task execution.
[2024-06-05T10:27:31.979+0000] {python.py:237} INFO - Done. Returned value was: None
[2024-06-05T10:27:31.980+0000] {taskinstance.py:441} INFO - ::group::Post task execution logs
[2024-06-05T10:27:31.987+0000] {taskinstance.py:1206} INFO - Marking task as SUCCESS. dag_id=f1_data_pipeline_taskflow, task_id=load_qualifications_task, run_id=scheduled__2024-06-04T00:00:00+00:00, execution_date=20240604T000000, start_date=20240605T102731, end_date=20240605T102731
[2024-06-05T10:27:32.035+0000] {local_task_job_runner.py:240} INFO - Task exited with return code 0
[2024-06-05T10:27:32.052+0000] {taskinstance.py:3498} INFO - 0 downstream tasks scheduled from follow-on schedule check
[2024-06-05T10:27:32.053+0000] {local_task_job_runner.py:222} INFO - ::endgroup::
[2024-06-05T12:24:36.034+0000] {local_task_job_runner.py:120} INFO - ::group::Pre task execution logs
[2024-06-05T12:24:36.052+0000] {taskinstance.py:2076} INFO - Dependencies all met for dep_context=non-requeueable deps ti=<TaskInstance: f1_data_pipeline_taskflow.load_qualifications_task scheduled__2024-06-04T00:00:00+00:00 [queued]>
[2024-06-05T12:24:36.059+0000] {taskinstance.py:2076} INFO - Dependencies all met for dep_context=requeueable deps ti=<TaskInstance: f1_data_pipeline_taskflow.load_qualifications_task scheduled__2024-06-04T00:00:00+00:00 [queued]>
[2024-06-05T12:24:36.059+0000] {taskinstance.py:2306} INFO - Starting attempt 1 of 1
[2024-06-05T12:24:36.068+0000] {taskinstance.py:2330} INFO - Executing <Task(_PythonDecoratedOperator): load_qualifications_task> on 2024-06-04 00:00:00+00:00
[2024-06-05T12:24:36.075+0000] {warnings.py:110} WARNING - /home/***/.local/lib/python3.12/site-packages/***/task/task_runner/standard_task_runner.py:61: DeprecationWarning: This process (pid=589) is multi-threaded, use of fork() may lead to deadlocks in the child.
  pid = os.fork()

[2024-06-05T12:24:36.076+0000] {standard_task_runner.py:63} INFO - Started process 636 to run task
[2024-06-05T12:24:36.076+0000] {standard_task_runner.py:90} INFO - Running: ['***', 'tasks', 'run', 'f1_data_pipeline_taskflow', 'load_qualifications_task', 'scheduled__2024-06-04T00:00:00+00:00', '--job-id', '28', '--raw', '--subdir', 'DAGS_FOLDER/etl_dag.py', '--cfg-path', '/tmp/tmpsgq15r1t']
[2024-06-05T12:24:36.077+0000] {standard_task_runner.py:91} INFO - Job 28: Subtask load_qualifications_task
[2024-06-05T12:24:36.113+0000] {task_command.py:426} INFO - Running <TaskInstance: f1_data_pipeline_taskflow.load_qualifications_task scheduled__2024-06-04T00:00:00+00:00 [running]> on host f5493de6508e
[2024-06-05T12:24:36.219+0000] {taskinstance.py:2648} INFO - Exporting env vars: AIRFLOW_CTX_DAG_OWNER='***' AIRFLOW_CTX_DAG_ID='f1_data_pipeline_taskflow' AIRFLOW_CTX_TASK_ID='load_qualifications_task' AIRFLOW_CTX_EXECUTION_DATE='2024-06-04T00:00:00+00:00' AIRFLOW_CTX_TRY_NUMBER='1' AIRFLOW_CTX_DAG_RUN_ID='scheduled__2024-06-04T00:00:00+00:00'
[2024-06-05T12:24:36.221+0000] {taskinstance.py:430} INFO - ::endgroup::
[2024-06-05T12:24:36.222+0000] {crypto.py:82} WARNING - empty cryptography key - values will not be stored encrypted.
[2024-06-05T12:24:36.223+0000] {base.py:84} INFO - Using connection ID 'sourcedb_connection' for task execution.
[2024-06-05T12:24:36.271+0000] {python.py:237} INFO - Done. Returned value was: None
[2024-06-05T12:24:36.272+0000] {taskinstance.py:441} INFO - ::group::Post task execution logs
[2024-06-05T12:24:36.279+0000] {taskinstance.py:1206} INFO - Marking task as SUCCESS. dag_id=f1_data_pipeline_taskflow, task_id=load_qualifications_task, run_id=scheduled__2024-06-04T00:00:00+00:00, execution_date=20240604T000000, start_date=20240605T122436, end_date=20240605T122436
[2024-06-05T12:24:36.329+0000] {local_task_job_runner.py:240} INFO - Task exited with return code 0
[2024-06-05T12:24:36.346+0000] {taskinstance.py:3498} INFO - 0 downstream tasks scheduled from follow-on schedule check
[2024-06-05T12:24:36.348+0000] {local_task_job_runner.py:222} INFO - ::endgroup::
[2024-06-05T13:55:43.788+0000] {local_task_job_runner.py:120} INFO - ::group::Pre task execution logs
[2024-06-05T13:55:43.805+0000] {taskinstance.py:2076} INFO - Dependencies all met for dep_context=non-requeueable deps ti=<TaskInstance: f1_data_pipeline_taskflow.load_qualifications_task scheduled__2024-06-04T00:00:00+00:00 [queued]>
[2024-06-05T13:55:43.812+0000] {taskinstance.py:2076} INFO - Dependencies all met for dep_context=requeueable deps ti=<TaskInstance: f1_data_pipeline_taskflow.load_qualifications_task scheduled__2024-06-04T00:00:00+00:00 [queued]>
[2024-06-05T13:55:43.812+0000] {taskinstance.py:2306} INFO - Starting attempt 1 of 1
[2024-06-05T13:55:43.822+0000] {taskinstance.py:2330} INFO - Executing <Task(_PythonDecoratedOperator): load_qualifications_task> on 2024-06-04 00:00:00+00:00
[2024-06-05T13:55:43.828+0000] {warnings.py:110} WARNING - /home/***/.local/lib/python3.12/site-packages/***/task/task_runner/standard_task_runner.py:61: DeprecationWarning: This process (pid=500) is multi-threaded, use of fork() may lead to deadlocks in the child.
  pid = os.fork()

[2024-06-05T13:55:43.829+0000] {standard_task_runner.py:63} INFO - Started process 508 to run task
[2024-06-05T13:55:43.829+0000] {standard_task_runner.py:90} INFO - Running: ['***', 'tasks', 'run', 'f1_data_pipeline_taskflow', 'load_qualifications_task', 'scheduled__2024-06-04T00:00:00+00:00', '--job-id', '25', '--raw', '--subdir', 'DAGS_FOLDER/etl_dag.py', '--cfg-path', '/tmp/tmpx9ydzq3g']
[2024-06-05T13:55:43.831+0000] {standard_task_runner.py:91} INFO - Job 25: Subtask load_qualifications_task
[2024-06-05T13:55:43.868+0000] {task_command.py:426} INFO - Running <TaskInstance: f1_data_pipeline_taskflow.load_qualifications_task scheduled__2024-06-04T00:00:00+00:00 [running]> on host 097d29da6aa2
[2024-06-05T13:55:43.981+0000] {taskinstance.py:2648} INFO - Exporting env vars: AIRFLOW_CTX_DAG_OWNER='***' AIRFLOW_CTX_DAG_ID='f1_data_pipeline_taskflow' AIRFLOW_CTX_TASK_ID='load_qualifications_task' AIRFLOW_CTX_EXECUTION_DATE='2024-06-04T00:00:00+00:00' AIRFLOW_CTX_TRY_NUMBER='1' AIRFLOW_CTX_DAG_RUN_ID='scheduled__2024-06-04T00:00:00+00:00'
[2024-06-05T13:55:43.982+0000] {taskinstance.py:430} INFO - ::endgroup::
[2024-06-05T13:55:43.983+0000] {crypto.py:82} WARNING - empty cryptography key - values will not be stored encrypted.
[2024-06-05T13:55:43.983+0000] {base.py:84} INFO - Using connection ID 'sourcedb_connection' for task execution.
[2024-06-05T13:55:44.031+0000] {python.py:237} INFO - Done. Returned value was: None
[2024-06-05T13:55:44.032+0000] {taskinstance.py:441} INFO - ::group::Post task execution logs
[2024-06-05T13:55:44.039+0000] {taskinstance.py:1206} INFO - Marking task as SUCCESS. dag_id=f1_data_pipeline_taskflow, task_id=load_qualifications_task, run_id=scheduled__2024-06-04T00:00:00+00:00, execution_date=20240604T000000, start_date=20240605T135543, end_date=20240605T135544
[2024-06-05T13:55:44.082+0000] {local_task_job_runner.py:240} INFO - Task exited with return code 0
[2024-06-05T13:55:44.101+0000] {taskinstance.py:3498} INFO - 0 downstream tasks scheduled from follow-on schedule check
[2024-06-05T13:55:44.102+0000] {local_task_job_runner.py:222} INFO - ::endgroup::
[2024-06-05T14:24:55.674+0000] {local_task_job_runner.py:120} INFO - ::group::Pre task execution logs
[2024-06-05T14:24:55.692+0000] {taskinstance.py:2076} INFO - Dependencies all met for dep_context=non-requeueable deps ti=<TaskInstance: f1_data_pipeline_taskflow.load_qualifications_task scheduled__2024-06-04T00:00:00+00:00 [queued]>
[2024-06-05T14:24:55.699+0000] {taskinstance.py:2076} INFO - Dependencies all met for dep_context=requeueable deps ti=<TaskInstance: f1_data_pipeline_taskflow.load_qualifications_task scheduled__2024-06-04T00:00:00+00:00 [queued]>
[2024-06-05T14:24:55.699+0000] {taskinstance.py:2306} INFO - Starting attempt 1 of 1
[2024-06-05T14:24:55.707+0000] {taskinstance.py:2330} INFO - Executing <Task(_PythonDecoratedOperator): load_qualifications_task> on 2024-06-04 00:00:00+00:00
[2024-06-05T14:24:55.714+0000] {warnings.py:110} WARNING - /home/***/.local/lib/python3.12/site-packages/***/task/task_runner/standard_task_runner.py:61: DeprecationWarning: This process (pid=509) is multi-threaded, use of fork() may lead to deadlocks in the child.
  pid = os.fork()

[2024-06-05T14:24:55.715+0000] {standard_task_runner.py:63} INFO - Started process 518 to run task
[2024-06-05T14:24:55.715+0000] {standard_task_runner.py:90} INFO - Running: ['***', 'tasks', 'run', 'f1_data_pipeline_taskflow', 'load_qualifications_task', 'scheduled__2024-06-04T00:00:00+00:00', '--job-id', '28', '--raw', '--subdir', 'DAGS_FOLDER/etl_dag.py', '--cfg-path', '/tmp/tmpb88frhv8']
[2024-06-05T14:24:55.717+0000] {standard_task_runner.py:91} INFO - Job 28: Subtask load_qualifications_task
[2024-06-05T14:24:55.755+0000] {task_command.py:426} INFO - Running <TaskInstance: f1_data_pipeline_taskflow.load_qualifications_task scheduled__2024-06-04T00:00:00+00:00 [running]> on host 3da1f8dc12f1
[2024-06-05T14:24:55.859+0000] {taskinstance.py:2648} INFO - Exporting env vars: AIRFLOW_CTX_DAG_OWNER='***' AIRFLOW_CTX_DAG_ID='f1_data_pipeline_taskflow' AIRFLOW_CTX_TASK_ID='load_qualifications_task' AIRFLOW_CTX_EXECUTION_DATE='2024-06-04T00:00:00+00:00' AIRFLOW_CTX_TRY_NUMBER='1' AIRFLOW_CTX_DAG_RUN_ID='scheduled__2024-06-04T00:00:00+00:00'
[2024-06-05T14:24:55.862+0000] {taskinstance.py:430} INFO - ::endgroup::
[2024-06-05T14:24:55.863+0000] {crypto.py:82} WARNING - empty cryptography key - values will not be stored encrypted.
[2024-06-05T14:24:55.863+0000] {base.py:84} INFO - Using connection ID 'sourcedb_connection' for task execution.
[2024-06-05T14:24:55.910+0000] {python.py:237} INFO - Done. Returned value was: None
[2024-06-05T14:24:55.911+0000] {taskinstance.py:441} INFO - ::group::Post task execution logs
[2024-06-05T14:24:55.919+0000] {taskinstance.py:1206} INFO - Marking task as SUCCESS. dag_id=f1_data_pipeline_taskflow, task_id=load_qualifications_task, run_id=scheduled__2024-06-04T00:00:00+00:00, execution_date=20240604T000000, start_date=20240605T142455, end_date=20240605T142455
[2024-06-05T14:24:55.968+0000] {local_task_job_runner.py:240} INFO - Task exited with return code 0
[2024-06-05T14:24:55.987+0000] {taskinstance.py:3498} INFO - 0 downstream tasks scheduled from follow-on schedule check
[2024-06-05T14:24:55.988+0000] {local_task_job_runner.py:222} INFO - ::endgroup::
[2024-06-05T14:27:54.433+0000] {local_task_job_runner.py:120} INFO - ::group::Pre task execution logs
[2024-06-05T14:27:54.451+0000] {taskinstance.py:2076} INFO - Dependencies all met for dep_context=non-requeueable deps ti=<TaskInstance: f1_data_pipeline_taskflow.load_qualifications_task scheduled__2024-06-04T00:00:00+00:00 [queued]>
[2024-06-05T14:27:54.457+0000] {taskinstance.py:2076} INFO - Dependencies all met for dep_context=requeueable deps ti=<TaskInstance: f1_data_pipeline_taskflow.load_qualifications_task scheduled__2024-06-04T00:00:00+00:00 [queued]>
[2024-06-05T14:27:54.458+0000] {taskinstance.py:2306} INFO - Starting attempt 1 of 1
[2024-06-05T14:27:54.469+0000] {taskinstance.py:2330} INFO - Executing <Task(_PythonDecoratedOperator): load_qualifications_task> on 2024-06-04 00:00:00+00:00
[2024-06-05T14:27:54.475+0000] {warnings.py:110} WARNING - /home/***/.local/lib/python3.12/site-packages/***/task/task_runner/standard_task_runner.py:61: DeprecationWarning: This process (pid=500) is multi-threaded, use of fork() may lead to deadlocks in the child.
  pid = os.fork()

[2024-06-05T14:27:54.477+0000] {standard_task_runner.py:63} INFO - Started process 508 to run task
[2024-06-05T14:27:54.476+0000] {standard_task_runner.py:90} INFO - Running: ['***', 'tasks', 'run', 'f1_data_pipeline_taskflow', 'load_qualifications_task', 'scheduled__2024-06-04T00:00:00+00:00', '--job-id', '25', '--raw', '--subdir', 'DAGS_FOLDER/etl_dag.py', '--cfg-path', '/tmp/tmpl2n8jvzk']
[2024-06-05T14:27:54.478+0000] {standard_task_runner.py:91} INFO - Job 25: Subtask load_qualifications_task
[2024-06-05T14:27:54.514+0000] {task_command.py:426} INFO - Running <TaskInstance: f1_data_pipeline_taskflow.load_qualifications_task scheduled__2024-06-04T00:00:00+00:00 [running]> on host d1c992285f47
[2024-06-05T14:27:54.618+0000] {taskinstance.py:2648} INFO - Exporting env vars: AIRFLOW_CTX_DAG_OWNER='***' AIRFLOW_CTX_DAG_ID='f1_data_pipeline_taskflow' AIRFLOW_CTX_TASK_ID='load_qualifications_task' AIRFLOW_CTX_EXECUTION_DATE='2024-06-04T00:00:00+00:00' AIRFLOW_CTX_TRY_NUMBER='1' AIRFLOW_CTX_DAG_RUN_ID='scheduled__2024-06-04T00:00:00+00:00'
[2024-06-05T14:27:54.619+0000] {taskinstance.py:430} INFO - ::endgroup::
[2024-06-05T14:27:54.620+0000] {crypto.py:82} WARNING - empty cryptography key - values will not be stored encrypted.
[2024-06-05T14:27:54.620+0000] {base.py:84} INFO - Using connection ID 'sourcedb_connection' for task execution.
[2024-06-05T14:27:54.673+0000] {python.py:237} INFO - Done. Returned value was: None
[2024-06-05T14:27:54.673+0000] {taskinstance.py:441} INFO - ::group::Post task execution logs
[2024-06-05T14:27:54.681+0000] {taskinstance.py:1206} INFO - Marking task as SUCCESS. dag_id=f1_data_pipeline_taskflow, task_id=load_qualifications_task, run_id=scheduled__2024-06-04T00:00:00+00:00, execution_date=20240604T000000, start_date=20240605T142754, end_date=20240605T142754
[2024-06-05T14:27:54.731+0000] {local_task_job_runner.py:240} INFO - Task exited with return code 0
[2024-06-05T14:27:54.748+0000] {taskinstance.py:3498} INFO - 0 downstream tasks scheduled from follow-on schedule check
[2024-06-05T14:27:54.749+0000] {local_task_job_runner.py:222} INFO - ::endgroup::
[2024-06-05T14:34:55.054+0000] {local_task_job_runner.py:120} INFO - ::group::Pre task execution logs
[2024-06-05T14:34:55.074+0000] {taskinstance.py:2076} INFO - Dependencies all met for dep_context=non-requeueable deps ti=<TaskInstance: f1_data_pipeline_taskflow.load_qualifications_task scheduled__2024-06-04T00:00:00+00:00 [queued]>
[2024-06-05T14:34:55.082+0000] {taskinstance.py:2076} INFO - Dependencies all met for dep_context=requeueable deps ti=<TaskInstance: f1_data_pipeline_taskflow.load_qualifications_task scheduled__2024-06-04T00:00:00+00:00 [queued]>
[2024-06-05T14:34:55.083+0000] {taskinstance.py:2306} INFO - Starting attempt 1 of 1
[2024-06-05T14:34:55.097+0000] {taskinstance.py:2330} INFO - Executing <Task(_PythonDecoratedOperator): load_qualifications_task> on 2024-06-04 00:00:00+00:00
[2024-06-05T14:34:55.104+0000] {warnings.py:110} WARNING - /home/***/.local/lib/python3.12/site-packages/***/task/task_runner/standard_task_runner.py:61: DeprecationWarning: This process (pid=493) is multi-threaded, use of fork() may lead to deadlocks in the child.
  pid = os.fork()

[2024-06-05T14:34:55.105+0000] {standard_task_runner.py:63} INFO - Started process 511 to run task
[2024-06-05T14:34:55.106+0000] {standard_task_runner.py:90} INFO - Running: ['***', 'tasks', 'run', 'f1_data_pipeline_taskflow', 'load_qualifications_task', 'scheduled__2024-06-04T00:00:00+00:00', '--job-id', '24', '--raw', '--subdir', 'DAGS_FOLDER/etl_dag.py', '--cfg-path', '/tmp/tmpikbg_fg6']
[2024-06-05T14:34:55.108+0000] {standard_task_runner.py:91} INFO - Job 24: Subtask load_qualifications_task
[2024-06-05T14:34:55.168+0000] {task_command.py:426} INFO - Running <TaskInstance: f1_data_pipeline_taskflow.load_qualifications_task scheduled__2024-06-04T00:00:00+00:00 [running]> on host 0c159eaec4ac
[2024-06-05T14:34:55.326+0000] {taskinstance.py:2648} INFO - Exporting env vars: AIRFLOW_CTX_DAG_OWNER='***' AIRFLOW_CTX_DAG_ID='f1_data_pipeline_taskflow' AIRFLOW_CTX_TASK_ID='load_qualifications_task' AIRFLOW_CTX_EXECUTION_DATE='2024-06-04T00:00:00+00:00' AIRFLOW_CTX_TRY_NUMBER='1' AIRFLOW_CTX_DAG_RUN_ID='scheduled__2024-06-04T00:00:00+00:00'
[2024-06-05T14:34:55.329+0000] {taskinstance.py:430} INFO - ::endgroup::
[2024-06-05T14:34:55.330+0000] {crypto.py:82} WARNING - empty cryptography key - values will not be stored encrypted.
[2024-06-05T14:34:55.331+0000] {base.py:84} INFO - Using connection ID 'sourcedb_connection' for task execution.
[2024-06-05T14:34:55.386+0000] {python.py:237} INFO - Done. Returned value was: None
[2024-06-05T14:34:55.387+0000] {taskinstance.py:441} INFO - ::group::Post task execution logs
[2024-06-05T14:34:55.396+0000] {taskinstance.py:1206} INFO - Marking task as SUCCESS. dag_id=f1_data_pipeline_taskflow, task_id=load_qualifications_task, run_id=scheduled__2024-06-04T00:00:00+00:00, execution_date=20240604T000000, start_date=20240605T143455, end_date=20240605T143455
[2024-06-05T14:34:55.439+0000] {local_task_job_runner.py:240} INFO - Task exited with return code 0
[2024-06-05T14:34:55.458+0000] {taskinstance.py:3498} INFO - 0 downstream tasks scheduled from follow-on schedule check
[2024-06-05T14:34:55.460+0000] {local_task_job_runner.py:222} INFO - ::endgroup::
[2024-06-05T14:43:04.795+0000] {local_task_job_runner.py:120} INFO - ::group::Pre task execution logs
[2024-06-05T14:43:04.813+0000] {taskinstance.py:2076} INFO - Dependencies all met for dep_context=non-requeueable deps ti=<TaskInstance: f1_data_pipeline_taskflow.load_qualifications_task scheduled__2024-06-04T00:00:00+00:00 [queued]>
[2024-06-05T14:43:04.820+0000] {taskinstance.py:2076} INFO - Dependencies all met for dep_context=requeueable deps ti=<TaskInstance: f1_data_pipeline_taskflow.load_qualifications_task scheduled__2024-06-04T00:00:00+00:00 [queued]>
[2024-06-05T14:43:04.821+0000] {taskinstance.py:2306} INFO - Starting attempt 1 of 1
[2024-06-05T14:43:04.831+0000] {taskinstance.py:2330} INFO - Executing <Task(_PythonDecoratedOperator): load_qualifications_task> on 2024-06-04 00:00:00+00:00
[2024-06-05T14:43:04.837+0000] {warnings.py:110} WARNING - /home/***/.local/lib/python3.12/site-packages/***/task/task_runner/standard_task_runner.py:61: DeprecationWarning: This process (pid=512) is multi-threaded, use of fork() may lead to deadlocks in the child.
  pid = os.fork()

[2024-06-05T14:43:04.838+0000] {standard_task_runner.py:63} INFO - Started process 531 to run task
[2024-06-05T14:43:04.839+0000] {standard_task_runner.py:90} INFO - Running: ['***', 'tasks', 'run', 'f1_data_pipeline_taskflow', 'load_qualifications_task', 'scheduled__2024-06-04T00:00:00+00:00', '--job-id', '25', '--raw', '--subdir', 'DAGS_FOLDER/etl_dag.py', '--cfg-path', '/tmp/tmpe5vevwn0']
[2024-06-05T14:43:04.840+0000] {standard_task_runner.py:91} INFO - Job 25: Subtask load_qualifications_task
[2024-06-05T14:43:04.881+0000] {task_command.py:426} INFO - Running <TaskInstance: f1_data_pipeline_taskflow.load_qualifications_task scheduled__2024-06-04T00:00:00+00:00 [running]> on host dc71de5e87bd
[2024-06-05T14:43:04.998+0000] {taskinstance.py:2648} INFO - Exporting env vars: AIRFLOW_CTX_DAG_OWNER='***' AIRFLOW_CTX_DAG_ID='f1_data_pipeline_taskflow' AIRFLOW_CTX_TASK_ID='load_qualifications_task' AIRFLOW_CTX_EXECUTION_DATE='2024-06-04T00:00:00+00:00' AIRFLOW_CTX_TRY_NUMBER='1' AIRFLOW_CTX_DAG_RUN_ID='scheduled__2024-06-04T00:00:00+00:00'
[2024-06-05T14:43:05.001+0000] {taskinstance.py:430} INFO - ::endgroup::
[2024-06-05T14:43:05.003+0000] {crypto.py:82} WARNING - empty cryptography key - values will not be stored encrypted.
[2024-06-05T14:43:05.003+0000] {base.py:84} INFO - Using connection ID 'sourcedb_connection' for task execution.
[2024-06-05T14:43:05.055+0000] {python.py:237} INFO - Done. Returned value was: None
[2024-06-05T14:43:05.056+0000] {taskinstance.py:441} INFO - ::group::Post task execution logs
[2024-06-05T14:43:05.064+0000] {taskinstance.py:1206} INFO - Marking task as SUCCESS. dag_id=f1_data_pipeline_taskflow, task_id=load_qualifications_task, run_id=scheduled__2024-06-04T00:00:00+00:00, execution_date=20240604T000000, start_date=20240605T144304, end_date=20240605T144305
[2024-06-05T14:43:05.092+0000] {local_task_job_runner.py:240} INFO - Task exited with return code 0
[2024-06-05T14:43:05.110+0000] {taskinstance.py:3498} INFO - 0 downstream tasks scheduled from follow-on schedule check
[2024-06-05T14:43:05.111+0000] {local_task_job_runner.py:222} INFO - ::endgroup::
