[2024-06-20T07:34:50.628+0000] {local_task_job_runner.py:120} INFO - ::group::Pre task execution logs
[2024-06-20T07:34:50.650+0000] {taskinstance.py:2076} INFO - Dependencies all met for dep_context=non-requeueable deps ti=<TaskInstance: f1_data_pipeline_taskflow.circuitDim_transform scheduled__2024-06-19T00:00:00+00:00 [queued]>
[2024-06-20T07:34:50.659+0000] {taskinstance.py:2076} INFO - Dependencies all met for dep_context=requeueable deps ti=<TaskInstance: f1_data_pipeline_taskflow.circuitDim_transform scheduled__2024-06-19T00:00:00+00:00 [queued]>
[2024-06-20T07:34:50.660+0000] {taskinstance.py:2306} INFO - Starting attempt 1 of 1
[2024-06-20T07:34:50.677+0000] {taskinstance.py:2330} INFO - Executing <Task(_PythonDecoratedOperator): circuitDim_transform> on 2024-06-19 00:00:00+00:00
[2024-06-20T07:34:50.683+0000] {warnings.py:110} WARNING - /home/***/.local/lib/python3.12/site-packages/***/task/task_runner/standard_task_runner.py:61: DeprecationWarning: This process (pid=199) is multi-threaded, use of fork() may lead to deadlocks in the child.
  pid = os.fork()

[2024-06-20T07:34:50.684+0000] {standard_task_runner.py:63} INFO - Started process 214 to run task
[2024-06-20T07:34:50.685+0000] {standard_task_runner.py:90} INFO - Running: ['***', 'tasks', 'run', 'f1_data_pipeline_taskflow', 'circuitDim_transform', 'scheduled__2024-06-19T00:00:00+00:00', '--job-id', '7', '--raw', '--subdir', 'DAGS_FOLDER/etl_dag.py', '--cfg-path', '/tmp/tmpkrsoreds']
[2024-06-20T07:34:50.686+0000] {standard_task_runner.py:91} INFO - Job 7: Subtask circuitDim_transform
[2024-06-20T07:34:50.730+0000] {task_command.py:426} INFO - Running <TaskInstance: f1_data_pipeline_taskflow.circuitDim_transform scheduled__2024-06-19T00:00:00+00:00 [running]> on host 5c5ee06f6e02
[2024-06-20T07:34:52.900+0000] {taskinstance.py:2648} INFO - Exporting env vars: AIRFLOW_CTX_DAG_OWNER='***' AIRFLOW_CTX_DAG_ID='f1_data_pipeline_taskflow' AIRFLOW_CTX_TASK_ID='circuitDim_transform' AIRFLOW_CTX_EXECUTION_DATE='2024-06-19T00:00:00+00:00' AIRFLOW_CTX_TRY_NUMBER='1' AIRFLOW_CTX_DAG_RUN_ID='scheduled__2024-06-19T00:00:00+00:00'
[2024-06-20T07:34:52.904+0000] {taskinstance.py:430} INFO - ::endgroup::
[2024-06-20T07:34:52.959+0000] {python.py:237} INFO - Done. Returned value was:        circuitId  ...                                              url_y
0            1.0  ...  http://en.wikipedia.org/wiki/Melbourne_Grand_P...
232          2.0  ...  http://en.wikipedia.org/wiki/Sepang_Internatio...
680         17.0  ...  http://en.wikipedia.org/wiki/Shanghai_Internat...
1016         3.0  ...  http://en.wikipedia.org/wiki/Bahrain_Internati...
1187         4.0  ...  http://en.wikipedia.org/wiki/Circuit_de_Barcel...
1517         6.0  ...     http://en.wikipedia.org/wiki/Circuit_de_Monaco
1595         7.0  ...  http://en.wikipedia.org/wiki/Circuit_Gilles_Vi...
1735        12.0  ...  http://en.wikipedia.org/wiki/Valencia_Street_C...
1849         9.0  ...   http://en.wikipedia.org/wiki/Silverstone_Circuit
2057        10.0  ...        http://en.wikipedia.org/wiki/Hockenheimring
2191        11.0  ...           http://en.wikipedia.org/wiki/Hungaroring
2536        13.0  ...  http://en.wikipedia.org/wiki/Circuit_de_Spa-Fr...
2580        14.0  ...  http://en.wikipedia.org/wiki/Autodromo_Naziona...
2633        15.0  ...  http://en.wikipedia.org/wiki/Marina_Bay_Street...
2751        22.0  ...        http://en.wikipedia.org/wiki/Suzuka_Circuit
2963        68.0  ...  http://en.wikipedia.org/wiki/Buddh_Internation...
3083        24.0  ...    http://en.wikipedia.org/wiki/Yas_Marina_Circuit
3138        69.0  ...  http://en.wikipedia.org/wiki/Circuit_of_the_Am...
3250        18.0  ...  http://en.wikipedia.org/wiki/Aut%C3%B3dromo_Jo...
5231        20.0  ...      http://en.wikipedia.org/wiki/N%C3%BCrburgring
6137        35.0  ...  http://en.wikipedia.org/wiki/Korean_Internatio...
7928        70.0  ...         http://en.wikipedia.org/wiki/Red_Bull_Ring
9505        71.0  ...        http://en.wikipedia.org/wiki/Sochi_Autodrom
11588       32.0  ...  http://en.wikipedia.org/wiki/Aut%C3%B3dromo_He...
12166       73.0  ...     http://en.wikipedia.org/wiki/Baku_City_Circuit
16308       21.0  ...  http://en.wikipedia.org/wiki/Autodromo_Enzo_e_...
16560       75.0  ...  http://en.wikipedia.org/wiki/Algarve_Internati...
17472       34.0  ...   http://en.wikipedia.org/wiki/Paul_Ricard_Circuit
18246        5.0  ...         http://en.wikipedia.org/wiki/Istanbul_Park
18528       77.0  ...  http://en.wikipedia.org/wiki/Jeddah_Street_Cir...
19465       79.0  ...  http://en.wikipedia.org/wiki/Miami_Internation...
21329       39.0  ...     http://en.wikipedia.org/wiki/Circuit_Zandvoort
26721       76.0  ...       http://en.wikipedia.org/wiki/Mugello_Circuit
45754       78.0  ...  http://en.wikipedia.org/wiki/Losail_Internatio...

[34 rows x 9 columns]
[2024-06-20T07:34:52.974+0000] {taskinstance.py:441} INFO - ::group::Post task execution logs
[2024-06-20T07:34:53.001+0000] {taskinstance.py:1206} INFO - Marking task as SUCCESS. dag_id=f1_data_pipeline_taskflow, task_id=circuitDim_transform, run_id=scheduled__2024-06-19T00:00:00+00:00, execution_date=20240619T000000, start_date=20240620T073450, end_date=20240620T073453
[2024-06-20T07:34:53.045+0000] {local_task_job_runner.py:240} INFO - Task exited with return code 0
[2024-06-20T07:34:53.057+0000] {local_task_job_runner.py:222} INFO - ::endgroup::
[2024-06-20T08:38:41.593+0000] {local_task_job_runner.py:120} INFO - ::group::Pre task execution logs
[2024-06-20T08:38:41.612+0000] {taskinstance.py:2076} INFO - Dependencies all met for dep_context=non-requeueable deps ti=<TaskInstance: f1_data_pipeline_taskflow.circuitDim_transform scheduled__2024-06-19T00:00:00+00:00 [queued]>
[2024-06-20T08:38:41.621+0000] {taskinstance.py:2076} INFO - Dependencies all met for dep_context=requeueable deps ti=<TaskInstance: f1_data_pipeline_taskflow.circuitDim_transform scheduled__2024-06-19T00:00:00+00:00 [queued]>
[2024-06-20T08:38:41.621+0000] {taskinstance.py:2306} INFO - Starting attempt 1 of 1
[2024-06-20T08:38:41.633+0000] {taskinstance.py:2330} INFO - Executing <Task(_PythonDecoratedOperator): circuitDim_transform> on 2024-06-19 00:00:00+00:00
[2024-06-20T08:38:41.639+0000] {warnings.py:110} WARNING - /home/***/.local/lib/python3.12/site-packages/***/task/task_runner/standard_task_runner.py:61: DeprecationWarning: This process (pid=135) is multi-threaded, use of fork() may lead to deadlocks in the child.
  pid = os.fork()

[2024-06-20T08:38:41.640+0000] {standard_task_runner.py:63} INFO - Started process 157 to run task
[2024-06-20T08:38:41.641+0000] {standard_task_runner.py:90} INFO - Running: ['***', 'tasks', 'run', 'f1_data_pipeline_taskflow', 'circuitDim_transform', 'scheduled__2024-06-19T00:00:00+00:00', '--job-id', '14', '--raw', '--subdir', 'DAGS_FOLDER/etl_dag.py', '--cfg-path', '/tmp/tmp065qqypy']
[2024-06-20T08:38:41.642+0000] {standard_task_runner.py:91} INFO - Job 14: Subtask circuitDim_transform
[2024-06-20T08:38:41.684+0000] {task_command.py:426} INFO - Running <TaskInstance: f1_data_pipeline_taskflow.circuitDim_transform scheduled__2024-06-19T00:00:00+00:00 [running]> on host c74b9f5f384d
[2024-06-20T08:38:43.793+0000] {taskinstance.py:2648} INFO - Exporting env vars: AIRFLOW_CTX_DAG_OWNER='***' AIRFLOW_CTX_DAG_ID='f1_data_pipeline_taskflow' AIRFLOW_CTX_TASK_ID='circuitDim_transform' AIRFLOW_CTX_EXECUTION_DATE='2024-06-19T00:00:00+00:00' AIRFLOW_CTX_TRY_NUMBER='1' AIRFLOW_CTX_DAG_RUN_ID='scheduled__2024-06-19T00:00:00+00:00'
[2024-06-20T08:38:43.795+0000] {taskinstance.py:430} INFO - ::endgroup::
[2024-06-20T08:38:43.843+0000] {python.py:237} INFO - Done. Returned value was:        circuitId  ...                                              url_y
0            1.0  ...  http://en.wikipedia.org/wiki/Melbourne_Grand_P...
232          2.0  ...  http://en.wikipedia.org/wiki/Sepang_Internatio...
680         17.0  ...  http://en.wikipedia.org/wiki/Shanghai_Internat...
1016         3.0  ...  http://en.wikipedia.org/wiki/Bahrain_Internati...
1187         4.0  ...  http://en.wikipedia.org/wiki/Circuit_de_Barcel...
1517         6.0  ...     http://en.wikipedia.org/wiki/Circuit_de_Monaco
1595         7.0  ...  http://en.wikipedia.org/wiki/Circuit_Gilles_Vi...
1735        12.0  ...  http://en.wikipedia.org/wiki/Valencia_Street_C...
1849         9.0  ...   http://en.wikipedia.org/wiki/Silverstone_Circuit
2057        10.0  ...        http://en.wikipedia.org/wiki/Hockenheimring
2191        11.0  ...           http://en.wikipedia.org/wiki/Hungaroring
2536        13.0  ...  http://en.wikipedia.org/wiki/Circuit_de_Spa-Fr...
2580        14.0  ...  http://en.wikipedia.org/wiki/Autodromo_Naziona...
2633        15.0  ...  http://en.wikipedia.org/wiki/Marina_Bay_Street...
2751        22.0  ...        http://en.wikipedia.org/wiki/Suzuka_Circuit
2963        68.0  ...  http://en.wikipedia.org/wiki/Buddh_Internation...
3083        24.0  ...    http://en.wikipedia.org/wiki/Yas_Marina_Circuit
3138        69.0  ...  http://en.wikipedia.org/wiki/Circuit_of_the_Am...
3250        18.0  ...  http://en.wikipedia.org/wiki/Aut%C3%B3dromo_Jo...
5231        20.0  ...      http://en.wikipedia.org/wiki/N%C3%BCrburgring
6137        35.0  ...  http://en.wikipedia.org/wiki/Korean_Internatio...
7928        70.0  ...         http://en.wikipedia.org/wiki/Red_Bull_Ring
9505        71.0  ...        http://en.wikipedia.org/wiki/Sochi_Autodrom
11588       32.0  ...  http://en.wikipedia.org/wiki/Aut%C3%B3dromo_He...
12166       73.0  ...     http://en.wikipedia.org/wiki/Baku_City_Circuit
16308       21.0  ...  http://en.wikipedia.org/wiki/Autodromo_Enzo_e_...
16560       75.0  ...  http://en.wikipedia.org/wiki/Algarve_Internati...
17472       34.0  ...   http://en.wikipedia.org/wiki/Paul_Ricard_Circuit
18246        5.0  ...         http://en.wikipedia.org/wiki/Istanbul_Park
18528       77.0  ...  http://en.wikipedia.org/wiki/Jeddah_Street_Cir...
19465       79.0  ...  http://en.wikipedia.org/wiki/Miami_Internation...
21329       39.0  ...     http://en.wikipedia.org/wiki/Circuit_Zandvoort
26721       76.0  ...       http://en.wikipedia.org/wiki/Mugello_Circuit
45754       78.0  ...  http://en.wikipedia.org/wiki/Losail_Internatio...

[34 rows x 9 columns]
[2024-06-20T08:38:43.861+0000] {taskinstance.py:441} INFO - ::group::Post task execution logs
[2024-06-20T08:38:43.884+0000] {taskinstance.py:1206} INFO - Marking task as SUCCESS. dag_id=f1_data_pipeline_taskflow, task_id=circuitDim_transform, run_id=scheduled__2024-06-19T00:00:00+00:00, execution_date=20240619T000000, start_date=20240620T083841, end_date=20240620T083843
[2024-06-20T08:38:43.949+0000] {local_task_job_runner.py:240} INFO - Task exited with return code 0
[2024-06-20T08:38:43.976+0000] {taskinstance.py:3498} INFO - 1 downstream tasks scheduled from follow-on schedule check
[2024-06-20T08:38:43.978+0000] {local_task_job_runner.py:222} INFO - ::endgroup::
