[2024-06-10T08:34:25.803+0000] {local_task_job_runner.py:120} INFO - ::group::Pre task execution logs
[2024-06-10T08:34:25.818+0000] {taskinstance.py:2076} INFO - Dependencies all met for dep_context=non-requeueable deps ti=<TaskInstance: f1_data_pipeline_taskflow_with_kafka.wait_for_etl_dag manual__2024-06-10T08:34:24.574196+00:00 [queued]>
[2024-06-10T08:34:25.824+0000] {taskinstance.py:2076} INFO - Dependencies all met for dep_context=requeueable deps ti=<TaskInstance: f1_data_pipeline_taskflow_with_kafka.wait_for_etl_dag manual__2024-06-10T08:34:24.574196+00:00 [queued]>
[2024-06-10T08:34:25.824+0000] {taskinstance.py:2306} INFO - Starting attempt 1 of 1
[2024-06-10T08:34:25.835+0000] {taskinstance.py:2330} INFO - Executing <Task(ExternalTaskSensor): wait_for_etl_dag> on 2024-06-10 08:34:24.574196+00:00
[2024-06-10T08:34:25.839+0000] {warnings.py:110} WARNING - /home/***/.local/lib/python3.12/site-packages/***/task/task_runner/standard_task_runner.py:61: DeprecationWarning: This process (pid=646) is multi-threaded, use of fork() may lead to deadlocks in the child.
  pid = os.fork()

[2024-06-10T08:34:25.841+0000] {standard_task_runner.py:63} INFO - Started process 662 to run task
[2024-06-10T08:34:25.841+0000] {standard_task_runner.py:90} INFO - Running: ['***', 'tasks', 'run', 'f1_data_pipeline_taskflow_with_kafka', 'wait_for_etl_dag', 'manual__2024-06-10T08:34:24.574196+00:00', '--job-id', '41', '--raw', '--subdir', 'DAGS_FOLDER/kafkaProduce.py', '--cfg-path', '/tmp/tmp6w6zj9xy']
[2024-06-10T08:34:25.843+0000] {standard_task_runner.py:91} INFO - Job 41: Subtask wait_for_etl_dag
[2024-06-10T08:34:25.880+0000] {task_command.py:426} INFO - Running <TaskInstance: f1_data_pipeline_taskflow_with_kafka.wait_for_etl_dag manual__2024-06-10T08:34:24.574196+00:00 [running]> on host c0d58a373fda
[2024-06-10T08:34:25.944+0000] {taskinstance.py:2648} INFO - Exporting env vars: AIRFLOW_CTX_DAG_OWNER='***' AIRFLOW_CTX_DAG_ID='f1_data_pipeline_taskflow_with_kafka' AIRFLOW_CTX_TASK_ID='wait_for_etl_dag' AIRFLOW_CTX_EXECUTION_DATE='2024-06-10T08:34:24.574196+00:00' AIRFLOW_CTX_TRY_NUMBER='1' AIRFLOW_CTX_DAG_RUN_ID='manual__2024-06-10T08:34:24.574196+00:00'
[2024-06-10T08:34:25.945+0000] {taskinstance.py:430} INFO - ::endgroup::
[2024-06-10T08:34:25.945+0000] {baseoperator.py:399} WARNING - ExternalTaskSensor.execute cannot be called outside TaskInstance!
[2024-06-10T08:34:25.946+0000] {external_task.py:274} INFO - Poking for DAG 'f1_data_pipeline_taskflow' on 2024-06-10T08:34:24.574196+00:00 ... 
[2024-06-10T08:34:25.946+0000] {warnings.py:110} WARNING - /home/***/.local/lib/python3.12/site-packages/***/utils/session.py:79: DeprecationWarning: This method is deprecated and will be removed in future.
  return func(*args, session=session, **kwargs)

[2024-06-10T08:35:25.952+0000] {external_task.py:274} INFO - Poking for DAG 'f1_data_pipeline_taskflow' on 2024-06-10T08:34:24.574196+00:00 ... 
[2024-06-10T08:36:25.960+0000] {external_task.py:274} INFO - Poking for DAG 'f1_data_pipeline_taskflow' on 2024-06-10T08:34:24.574196+00:00 ... 
[2024-06-10T08:37:25.967+0000] {external_task.py:274} INFO - Poking for DAG 'f1_data_pipeline_taskflow' on 2024-06-10T08:34:24.574196+00:00 ... 
[2024-06-10T08:38:25.975+0000] {external_task.py:274} INFO - Poking for DAG 'f1_data_pipeline_taskflow' on 2024-06-10T08:34:24.574196+00:00 ... 
[2024-06-10T08:39:25.985+0000] {external_task.py:274} INFO - Poking for DAG 'f1_data_pipeline_taskflow' on 2024-06-10T08:34:24.574196+00:00 ... 
[2024-06-10T08:40:25.992+0000] {external_task.py:274} INFO - Poking for DAG 'f1_data_pipeline_taskflow' on 2024-06-10T08:34:24.574196+00:00 ... 
[2024-06-10T08:41:26.001+0000] {external_task.py:274} INFO - Poking for DAG 'f1_data_pipeline_taskflow' on 2024-06-10T08:34:24.574196+00:00 ... 
[2024-06-10T08:42:26.008+0000] {external_task.py:274} INFO - Poking for DAG 'f1_data_pipeline_taskflow' on 2024-06-10T08:34:24.574196+00:00 ... 
