[2024-06-14T07:29:35.486+0000] {local_task_job_runner.py:120} INFO - ::group::Pre task execution logs
[2024-06-14T07:29:35.504+0000] {taskinstance.py:2076} INFO - Dependencies all met for dep_context=non-requeueable deps ti=<TaskInstance: f1_data_pipeline_taskflow.freePracticeDim_transform scheduled__2024-06-13T00:00:00+00:00 [queued]>
[2024-06-14T07:29:35.512+0000] {taskinstance.py:2076} INFO - Dependencies all met for dep_context=requeueable deps ti=<TaskInstance: f1_data_pipeline_taskflow.freePracticeDim_transform scheduled__2024-06-13T00:00:00+00:00 [queued]>
[2024-06-14T07:29:35.512+0000] {taskinstance.py:2306} INFO - Starting attempt 1 of 1
[2024-06-14T07:29:35.528+0000] {taskinstance.py:2330} INFO - Executing <Task(_PythonDecoratedOperator): freePracticeDim_transform> on 2024-06-13 00:00:00+00:00
[2024-06-14T07:29:35.534+0000] {warnings.py:110} WARNING - /home/***/.local/lib/python3.12/site-packages/***/task/task_runner/standard_task_runner.py:61: DeprecationWarning: This process (pid=496) is multi-threaded, use of fork() may lead to deadlocks in the child.
  pid = os.fork()

[2024-06-14T07:29:35.535+0000] {standard_task_runner.py:63} INFO - Started process 518 to run task
[2024-06-14T07:29:35.535+0000] {standard_task_runner.py:90} INFO - Running: ['***', 'tasks', 'run', 'f1_data_pipeline_taskflow', 'freePracticeDim_transform', 'scheduled__2024-06-13T00:00:00+00:00', '--job-id', '10', '--raw', '--subdir', 'DAGS_FOLDER/etl_dag.py', '--cfg-path', '/tmp/tmphy5lk94h']
[2024-06-14T07:29:35.537+0000] {standard_task_runner.py:91} INFO - Job 10: Subtask freePracticeDim_transform
[2024-06-14T07:29:35.583+0000] {task_command.py:426} INFO - Running <TaskInstance: f1_data_pipeline_taskflow.freePracticeDim_transform scheduled__2024-06-13T00:00:00+00:00 [running]> on host aece75d0a06d
[2024-06-14T07:29:38.199+0000] {taskinstance.py:2648} INFO - Exporting env vars: AIRFLOW_CTX_DAG_OWNER='***' AIRFLOW_CTX_DAG_ID='f1_data_pipeline_taskflow' AIRFLOW_CTX_TASK_ID='freePracticeDim_transform' AIRFLOW_CTX_EXECUTION_DATE='2024-06-13T00:00:00+00:00' AIRFLOW_CTX_TRY_NUMBER='1' AIRFLOW_CTX_DAG_RUN_ID='scheduled__2024-06-13T00:00:00+00:00'
[2024-06-14T07:29:38.201+0000] {taskinstance.py:430} INFO - ::endgroup::
[2024-06-14T07:29:38.287+0000] {python.py:237} INFO - Done. Returned value was:         raceId fp1_date fp2_date fp3_date fp1_time fp2_time fp3_time
0          860     None     None     None     None     None     None
232        861     None     None     None     None     None     None
680        862     None     None     None     None     None     None
1016       863     None     None     None     None     None     None
1187       864     None     None     None     None     None     None
...        ...      ...      ...      ...      ...      ...      ...
76080      938     None     None     None     None     None     None
76430      940     None     None     None     None     None     None
76916      944     None     None     None     None     None     None
85494      990     None     None     None     None     None     None
106841     951     None     None     None     None     None     None

[232 rows x 7 columns]
[2024-06-14T07:29:38.299+0000] {taskinstance.py:441} INFO - ::group::Post task execution logs
[2024-06-14T07:29:38.495+0000] {taskinstance.py:1206} INFO - Marking task as SUCCESS. dag_id=f1_data_pipeline_taskflow, task_id=freePracticeDim_transform, run_id=scheduled__2024-06-13T00:00:00+00:00, execution_date=20240613T000000, start_date=20240614T072935, end_date=20240614T072938
[2024-06-14T07:29:38.591+0000] {local_task_job_runner.py:240} INFO - Task exited with return code 0
[2024-06-14T07:29:38.614+0000] {taskinstance.py:3498} INFO - 0 downstream tasks scheduled from follow-on schedule check
[2024-06-14T07:29:38.616+0000] {local_task_job_runner.py:222} INFO - ::endgroup::
[2024-06-14T07:56:09.325+0000] {local_task_job_runner.py:120} INFO - ::group::Pre task execution logs
[2024-06-14T07:56:09.348+0000] {taskinstance.py:2076} INFO - Dependencies all met for dep_context=non-requeueable deps ti=<TaskInstance: f1_data_pipeline_taskflow.freePracticeDim_transform scheduled__2024-06-13T00:00:00+00:00 [queued]>
[2024-06-14T07:56:09.355+0000] {taskinstance.py:2076} INFO - Dependencies all met for dep_context=requeueable deps ti=<TaskInstance: f1_data_pipeline_taskflow.freePracticeDim_transform scheduled__2024-06-13T00:00:00+00:00 [queued]>
[2024-06-14T07:56:09.355+0000] {taskinstance.py:2306} INFO - Starting attempt 1 of 1
[2024-06-14T07:56:09.366+0000] {taskinstance.py:2330} INFO - Executing <Task(_PythonDecoratedOperator): freePracticeDim_transform> on 2024-06-13 00:00:00+00:00
[2024-06-14T07:56:09.373+0000] {warnings.py:110} WARNING - /home/***/.local/lib/python3.12/site-packages/***/task/task_runner/standard_task_runner.py:61: DeprecationWarning: This process (pid=107) is multi-threaded, use of fork() may lead to deadlocks in the child.
  pid = os.fork()

[2024-06-14T07:56:09.374+0000] {standard_task_runner.py:63} INFO - Started process 126 to run task
[2024-06-14T07:56:09.375+0000] {standard_task_runner.py:90} INFO - Running: ['***', 'tasks', 'run', 'f1_data_pipeline_taskflow', 'freePracticeDim_transform', 'scheduled__2024-06-13T00:00:00+00:00', '--job-id', '13', '--raw', '--subdir', 'DAGS_FOLDER/etl_dag.py', '--cfg-path', '/tmp/tmp14a0vshr']
[2024-06-14T07:56:09.376+0000] {standard_task_runner.py:91} INFO - Job 13: Subtask freePracticeDim_transform
[2024-06-14T07:56:09.446+0000] {task_command.py:426} INFO - Running <TaskInstance: f1_data_pipeline_taskflow.freePracticeDim_transform scheduled__2024-06-13T00:00:00+00:00 [running]> on host 22673327f9c1
[2024-06-14T07:56:12.384+0000] {taskinstance.py:2648} INFO - Exporting env vars: AIRFLOW_CTX_DAG_OWNER='***' AIRFLOW_CTX_DAG_ID='f1_data_pipeline_taskflow' AIRFLOW_CTX_TASK_ID='freePracticeDim_transform' AIRFLOW_CTX_EXECUTION_DATE='2024-06-13T00:00:00+00:00' AIRFLOW_CTX_TRY_NUMBER='1' AIRFLOW_CTX_DAG_RUN_ID='scheduled__2024-06-13T00:00:00+00:00'
[2024-06-14T07:56:12.418+0000] {taskinstance.py:430} INFO - ::endgroup::
[2024-06-14T07:56:12.558+0000] {python.py:237} INFO - Done. Returned value was:         raceId fp1_date fp2_date fp3_date fp1_time fp2_time fp3_time
0          860     None     None     None     None     None     None
232        861     None     None     None     None     None     None
680        862     None     None     None     None     None     None
1016       863     None     None     None     None     None     None
1187       864     None     None     None     None     None     None
...        ...      ...      ...      ...      ...      ...      ...
76080      938     None     None     None     None     None     None
76430      940     None     None     None     None     None     None
76916      944     None     None     None     None     None     None
85494      990     None     None     None     None     None     None
106841     951     None     None     None     None     None     None

[232 rows x 7 columns]
[2024-06-14T07:56:12.571+0000] {taskinstance.py:441} INFO - ::group::Post task execution logs
[2024-06-14T07:56:12.610+0000] {taskinstance.py:1206} INFO - Marking task as SUCCESS. dag_id=f1_data_pipeline_taskflow, task_id=freePracticeDim_transform, run_id=scheduled__2024-06-13T00:00:00+00:00, execution_date=20240613T000000, start_date=20240614T075609, end_date=20240614T075612
[2024-06-14T07:56:12.732+0000] {local_task_job_runner.py:240} INFO - Task exited with return code 0
[2024-06-14T07:56:12.996+0000] {local_task_job_runner.py:222} INFO - ::endgroup::
[2024-06-14T08:03:02.068+0000] {local_task_job_runner.py:120} INFO - ::group::Pre task execution logs
[2024-06-14T08:03:02.090+0000] {taskinstance.py:2076} INFO - Dependencies all met for dep_context=non-requeueable deps ti=<TaskInstance: f1_data_pipeline_taskflow.freePracticeDim_transform scheduled__2024-06-13T00:00:00+00:00 [queued]>
[2024-06-14T08:03:02.100+0000] {taskinstance.py:2076} INFO - Dependencies all met for dep_context=requeueable deps ti=<TaskInstance: f1_data_pipeline_taskflow.freePracticeDim_transform scheduled__2024-06-13T00:00:00+00:00 [queued]>
[2024-06-14T08:03:02.101+0000] {taskinstance.py:2306} INFO - Starting attempt 1 of 1
[2024-06-14T08:03:02.114+0000] {taskinstance.py:2330} INFO - Executing <Task(_PythonDecoratedOperator): freePracticeDim_transform> on 2024-06-13 00:00:00+00:00
[2024-06-14T08:03:02.121+0000] {warnings.py:110} WARNING - /home/***/.local/lib/python3.12/site-packages/***/task/task_runner/standard_task_runner.py:61: DeprecationWarning: This process (pid=137) is multi-threaded, use of fork() may lead to deadlocks in the child.
  pid = os.fork()

[2024-06-14T08:03:02.122+0000] {standard_task_runner.py:63} INFO - Started process 153 to run task
[2024-06-14T08:03:02.123+0000] {standard_task_runner.py:90} INFO - Running: ['***', 'tasks', 'run', 'f1_data_pipeline_taskflow', 'freePracticeDim_transform', 'scheduled__2024-06-13T00:00:00+00:00', '--job-id', '18', '--raw', '--subdir', 'DAGS_FOLDER/etl_dag.py', '--cfg-path', '/tmp/tmp98cs03ed']
[2024-06-14T08:03:02.126+0000] {standard_task_runner.py:91} INFO - Job 18: Subtask freePracticeDim_transform
[2024-06-14T08:03:02.190+0000] {task_command.py:426} INFO - Running <TaskInstance: f1_data_pipeline_taskflow.freePracticeDim_transform scheduled__2024-06-13T00:00:00+00:00 [running]> on host 73204506bf77
[2024-06-14T08:03:05.103+0000] {taskinstance.py:2648} INFO - Exporting env vars: AIRFLOW_CTX_DAG_OWNER='***' AIRFLOW_CTX_DAG_ID='f1_data_pipeline_taskflow' AIRFLOW_CTX_TASK_ID='freePracticeDim_transform' AIRFLOW_CTX_EXECUTION_DATE='2024-06-13T00:00:00+00:00' AIRFLOW_CTX_TRY_NUMBER='1' AIRFLOW_CTX_DAG_RUN_ID='scheduled__2024-06-13T00:00:00+00:00'
[2024-06-14T08:03:05.126+0000] {taskinstance.py:430} INFO - ::endgroup::
[2024-06-14T08:03:05.244+0000] {python.py:237} INFO - Done. Returned value was:         raceId fp1_date fp2_date fp3_date fp1_time fp2_time fp3_time
0          860     None     None     None     None     None     None
232        861     None     None     None     None     None     None
680        862     None     None     None     None     None     None
1016       863     None     None     None     None     None     None
1187       864     None     None     None     None     None     None
...        ...      ...      ...      ...      ...      ...      ...
76080      938     None     None     None     None     None     None
76430      940     None     None     None     None     None     None
76916      944     None     None     None     None     None     None
85494      990     None     None     None     None     None     None
106841     951     None     None     None     None     None     None

[232 rows x 7 columns]
[2024-06-14T08:03:05.259+0000] {taskinstance.py:441} INFO - ::group::Post task execution logs
[2024-06-14T08:03:05.291+0000] {taskinstance.py:1206} INFO - Marking task as SUCCESS. dag_id=f1_data_pipeline_taskflow, task_id=freePracticeDim_transform, run_id=scheduled__2024-06-13T00:00:00+00:00, execution_date=20240613T000000, start_date=20240614T080302, end_date=20240614T080305
[2024-06-14T08:03:05.370+0000] {local_task_job_runner.py:240} INFO - Task exited with return code 0
[2024-06-14T08:03:05.648+0000] {taskinstance.py:3498} INFO - 0 downstream tasks scheduled from follow-on schedule check
[2024-06-14T08:03:05.659+0000] {local_task_job_runner.py:222} INFO - ::endgroup::
[2024-06-14T08:04:58.265+0000] {local_task_job_runner.py:120} INFO - ::group::Pre task execution logs
[2024-06-14T08:04:58.286+0000] {taskinstance.py:2076} INFO - Dependencies all met for dep_context=non-requeueable deps ti=<TaskInstance: f1_data_pipeline_taskflow.freePracticeDim_transform scheduled__2024-06-13T00:00:00+00:00 [queued]>
[2024-06-14T08:04:58.294+0000] {taskinstance.py:2076} INFO - Dependencies all met for dep_context=requeueable deps ti=<TaskInstance: f1_data_pipeline_taskflow.freePracticeDim_transform scheduled__2024-06-13T00:00:00+00:00 [queued]>
[2024-06-14T08:04:58.294+0000] {taskinstance.py:2306} INFO - Starting attempt 1 of 1
[2024-06-14T08:04:58.309+0000] {taskinstance.py:2330} INFO - Executing <Task(_PythonDecoratedOperator): freePracticeDim_transform> on 2024-06-13 00:00:00+00:00
[2024-06-14T08:04:58.314+0000] {warnings.py:110} WARNING - /home/***/.local/lib/python3.12/site-packages/***/task/task_runner/standard_task_runner.py:61: DeprecationWarning: This process (pid=107) is multi-threaded, use of fork() may lead to deadlocks in the child.
  pid = os.fork()

[2024-06-14T08:04:58.316+0000] {standard_task_runner.py:63} INFO - Started process 120 to run task
[2024-06-14T08:04:58.316+0000] {standard_task_runner.py:90} INFO - Running: ['***', 'tasks', 'run', 'f1_data_pipeline_taskflow', 'freePracticeDim_transform', 'scheduled__2024-06-13T00:00:00+00:00', '--job-id', '6', '--raw', '--subdir', 'DAGS_FOLDER/etl_dag.py', '--cfg-path', '/tmp/tmpxka4khsn']
[2024-06-14T08:04:58.318+0000] {standard_task_runner.py:91} INFO - Job 6: Subtask freePracticeDim_transform
[2024-06-14T08:04:58.363+0000] {task_command.py:426} INFO - Running <TaskInstance: f1_data_pipeline_taskflow.freePracticeDim_transform scheduled__2024-06-13T00:00:00+00:00 [running]> on host 75ebf4a056df
[2024-06-14T08:05:00.665+0000] {taskinstance.py:2648} INFO - Exporting env vars: AIRFLOW_CTX_DAG_OWNER='***' AIRFLOW_CTX_DAG_ID='f1_data_pipeline_taskflow' AIRFLOW_CTX_TASK_ID='freePracticeDim_transform' AIRFLOW_CTX_EXECUTION_DATE='2024-06-13T00:00:00+00:00' AIRFLOW_CTX_TRY_NUMBER='1' AIRFLOW_CTX_DAG_RUN_ID='scheduled__2024-06-13T00:00:00+00:00'
[2024-06-14T08:05:00.667+0000] {taskinstance.py:430} INFO - ::endgroup::
[2024-06-14T08:05:00.786+0000] {python.py:237} INFO - Done. Returned value was:         raceId fp1_date fp2_date fp3_date fp1_time fp2_time fp3_time
0          860     None     None     None     None     None     None
232        861     None     None     None     None     None     None
680        862     None     None     None     None     None     None
1016       863     None     None     None     None     None     None
1187       864     None     None     None     None     None     None
...        ...      ...      ...      ...      ...      ...      ...
76080      938     None     None     None     None     None     None
76430      940     None     None     None     None     None     None
76916      944     None     None     None     None     None     None
85494      990     None     None     None     None     None     None
106841     951     None     None     None     None     None     None

[232 rows x 7 columns]
[2024-06-14T08:05:00.795+0000] {taskinstance.py:441} INFO - ::group::Post task execution logs
[2024-06-14T08:05:00.826+0000] {taskinstance.py:1206} INFO - Marking task as SUCCESS. dag_id=f1_data_pipeline_taskflow, task_id=freePracticeDim_transform, run_id=scheduled__2024-06-13T00:00:00+00:00, execution_date=20240613T000000, start_date=20240614T080458, end_date=20240614T080500
[2024-06-14T08:05:00.877+0000] {local_task_job_runner.py:240} INFO - Task exited with return code 0
[2024-06-14T08:05:00.907+0000] {taskinstance.py:3498} INFO - 0 downstream tasks scheduled from follow-on schedule check
[2024-06-14T08:05:00.909+0000] {local_task_job_runner.py:222} INFO - ::endgroup::
[2024-06-14T08:33:24.771+0000] {local_task_job_runner.py:120} INFO - ::group::Pre task execution logs
[2024-06-14T08:33:24.793+0000] {taskinstance.py:2076} INFO - Dependencies all met for dep_context=non-requeueable deps ti=<TaskInstance: f1_data_pipeline_taskflow.freePracticeDim_transform scheduled__2024-06-13T00:00:00+00:00 [queued]>
[2024-06-14T08:33:24.800+0000] {taskinstance.py:2076} INFO - Dependencies all met for dep_context=requeueable deps ti=<TaskInstance: f1_data_pipeline_taskflow.freePracticeDim_transform scheduled__2024-06-13T00:00:00+00:00 [queued]>
[2024-06-14T08:33:24.800+0000] {taskinstance.py:2306} INFO - Starting attempt 1 of 1
[2024-06-14T08:33:24.812+0000] {taskinstance.py:2330} INFO - Executing <Task(_PythonDecoratedOperator): freePracticeDim_transform> on 2024-06-13 00:00:00+00:00
[2024-06-14T08:33:24.818+0000] {warnings.py:110} WARNING - /home/***/.local/lib/python3.12/site-packages/***/task/task_runner/standard_task_runner.py:61: DeprecationWarning: This process (pid=116) is multi-threaded, use of fork() may lead to deadlocks in the child.
  pid = os.fork()

[2024-06-14T08:33:24.819+0000] {standard_task_runner.py:63} INFO - Started process 136 to run task
[2024-06-14T08:33:24.820+0000] {standard_task_runner.py:90} INFO - Running: ['***', 'tasks', 'run', 'f1_data_pipeline_taskflow', 'freePracticeDim_transform', 'scheduled__2024-06-13T00:00:00+00:00', '--job-id', '9', '--raw', '--subdir', 'DAGS_FOLDER/etl_dag.py', '--cfg-path', '/tmp/tmpkwy2j4s5']
[2024-06-14T08:33:24.821+0000] {standard_task_runner.py:91} INFO - Job 9: Subtask freePracticeDim_transform
[2024-06-14T08:33:24.874+0000] {task_command.py:426} INFO - Running <TaskInstance: f1_data_pipeline_taskflow.freePracticeDim_transform scheduled__2024-06-13T00:00:00+00:00 [running]> on host 02396e2d7ca5
[2024-06-14T08:33:27.499+0000] {taskinstance.py:2648} INFO - Exporting env vars: AIRFLOW_CTX_DAG_OWNER='***' AIRFLOW_CTX_DAG_ID='f1_data_pipeline_taskflow' AIRFLOW_CTX_TASK_ID='freePracticeDim_transform' AIRFLOW_CTX_EXECUTION_DATE='2024-06-13T00:00:00+00:00' AIRFLOW_CTX_TRY_NUMBER='1' AIRFLOW_CTX_DAG_RUN_ID='scheduled__2024-06-13T00:00:00+00:00'
[2024-06-14T08:33:27.507+0000] {taskinstance.py:430} INFO - ::endgroup::
[2024-06-14T08:33:27.601+0000] {python.py:237} INFO - Done. Returned value was:         raceId fp1_date fp2_date fp3_date fp1_time fp2_time fp3_time
0          860     None     None     None     None     None     None
232        861     None     None     None     None     None     None
680        862     None     None     None     None     None     None
1016       863     None     None     None     None     None     None
1187       864     None     None     None     None     None     None
...        ...      ...      ...      ...      ...      ...      ...
76080      938     None     None     None     None     None     None
76430      940     None     None     None     None     None     None
76916      944     None     None     None     None     None     None
85494      990     None     None     None     None     None     None
106841     951     None     None     None     None     None     None

[232 rows x 7 columns]
[2024-06-14T08:33:27.615+0000] {taskinstance.py:441} INFO - ::group::Post task execution logs
[2024-06-14T08:33:27.647+0000] {taskinstance.py:1206} INFO - Marking task as SUCCESS. dag_id=f1_data_pipeline_taskflow, task_id=freePracticeDim_transform, run_id=scheduled__2024-06-13T00:00:00+00:00, execution_date=20240613T000000, start_date=20240614T083324, end_date=20240614T083327
[2024-06-14T08:33:27.733+0000] {local_task_job_runner.py:240} INFO - Task exited with return code 0
[2024-06-14T08:33:27.897+0000] {local_task_job_runner.py:222} INFO - ::endgroup::
[2024-06-14T08:56:27.840+0000] {local_task_job_runner.py:120} INFO - ::group::Pre task execution logs
[2024-06-14T08:56:27.862+0000] {taskinstance.py:2076} INFO - Dependencies all met for dep_context=non-requeueable deps ti=<TaskInstance: f1_data_pipeline_taskflow.freePracticeDim_transform scheduled__2024-06-13T00:00:00+00:00 [queued]>
[2024-06-14T08:56:27.872+0000] {taskinstance.py:2076} INFO - Dependencies all met for dep_context=requeueable deps ti=<TaskInstance: f1_data_pipeline_taskflow.freePracticeDim_transform scheduled__2024-06-13T00:00:00+00:00 [queued]>
[2024-06-14T08:56:27.872+0000] {taskinstance.py:2306} INFO - Starting attempt 1 of 1
[2024-06-14T08:56:27.891+0000] {taskinstance.py:2330} INFO - Executing <Task(_PythonDecoratedOperator): freePracticeDim_transform> on 2024-06-13 00:00:00+00:00
[2024-06-14T08:56:27.898+0000] {warnings.py:110} WARNING - /home/***/.local/lib/python3.12/site-packages/***/task/task_runner/standard_task_runner.py:61: DeprecationWarning: This process (pid=196) is multi-threaded, use of fork() may lead to deadlocks in the child.
  pid = os.fork()

[2024-06-14T08:56:27.899+0000] {standard_task_runner.py:63} INFO - Started process 209 to run task
[2024-06-14T08:56:27.900+0000] {standard_task_runner.py:90} INFO - Running: ['***', 'tasks', 'run', 'f1_data_pipeline_taskflow', 'freePracticeDim_transform', 'scheduled__2024-06-13T00:00:00+00:00', '--job-id', '5', '--raw', '--subdir', 'DAGS_FOLDER/etl_dag.py', '--cfg-path', '/tmp/tmpd_4lv406']
[2024-06-14T08:56:27.902+0000] {standard_task_runner.py:91} INFO - Job 5: Subtask freePracticeDim_transform
[2024-06-14T08:56:27.967+0000] {task_command.py:426} INFO - Running <TaskInstance: f1_data_pipeline_taskflow.freePracticeDim_transform scheduled__2024-06-13T00:00:00+00:00 [running]> on host 78c0b56418d0
[2024-06-14T08:56:30.368+0000] {taskinstance.py:2648} INFO - Exporting env vars: AIRFLOW_CTX_DAG_OWNER='***' AIRFLOW_CTX_DAG_ID='f1_data_pipeline_taskflow' AIRFLOW_CTX_TASK_ID='freePracticeDim_transform' AIRFLOW_CTX_EXECUTION_DATE='2024-06-13T00:00:00+00:00' AIRFLOW_CTX_TRY_NUMBER='1' AIRFLOW_CTX_DAG_RUN_ID='scheduled__2024-06-13T00:00:00+00:00'
[2024-06-14T08:56:30.374+0000] {taskinstance.py:430} INFO - ::endgroup::
[2024-06-14T08:56:30.467+0000] {python.py:237} INFO - Done. Returned value was:         raceId fp1_date fp2_date fp3_date fp1_time fp2_time fp3_time
0          860     None     None     None     None     None     None
232        861     None     None     None     None     None     None
680        862     None     None     None     None     None     None
1016       863     None     None     None     None     None     None
1187       864     None     None     None     None     None     None
...        ...      ...      ...      ...      ...      ...      ...
76080      938     None     None     None     None     None     None
76430      940     None     None     None     None     None     None
76916      944     None     None     None     None     None     None
85494      990     None     None     None     None     None     None
106841     951     None     None     None     None     None     None

[232 rows x 7 columns]
[2024-06-14T08:56:30.480+0000] {taskinstance.py:441} INFO - ::group::Post task execution logs
[2024-06-14T08:56:30.557+0000] {taskinstance.py:1206} INFO - Marking task as SUCCESS. dag_id=f1_data_pipeline_taskflow, task_id=freePracticeDim_transform, run_id=scheduled__2024-06-13T00:00:00+00:00, execution_date=20240613T000000, start_date=20240614T085627, end_date=20240614T085630
[2024-06-14T08:56:30.642+0000] {local_task_job_runner.py:240} INFO - Task exited with return code 0
[2024-06-14T08:56:30.806+0000] {local_task_job_runner.py:222} INFO - ::endgroup::
[2024-06-14T09:05:18.301+0000] {local_task_job_runner.py:120} INFO - ::group::Pre task execution logs
[2024-06-14T09:05:18.322+0000] {taskinstance.py:2076} INFO - Dependencies all met for dep_context=non-requeueable deps ti=<TaskInstance: f1_data_pipeline_taskflow.freePracticeDim_transform scheduled__2024-06-13T00:00:00+00:00 [queued]>
[2024-06-14T09:05:18.332+0000] {taskinstance.py:2076} INFO - Dependencies all met for dep_context=requeueable deps ti=<TaskInstance: f1_data_pipeline_taskflow.freePracticeDim_transform scheduled__2024-06-13T00:00:00+00:00 [queued]>
[2024-06-14T09:05:18.333+0000] {taskinstance.py:2306} INFO - Starting attempt 1 of 1
[2024-06-14T09:05:18.347+0000] {taskinstance.py:2330} INFO - Executing <Task(_PythonDecoratedOperator): freePracticeDim_transform> on 2024-06-13 00:00:00+00:00
[2024-06-14T09:05:18.352+0000] {warnings.py:110} WARNING - /home/***/.local/lib/python3.12/site-packages/***/task/task_runner/standard_task_runner.py:61: DeprecationWarning: This process (pid=141) is multi-threaded, use of fork() may lead to deadlocks in the child.
  pid = os.fork()

[2024-06-14T09:05:18.355+0000] {standard_task_runner.py:63} INFO - Started process 160 to run task
[2024-06-14T09:05:18.357+0000] {standard_task_runner.py:90} INFO - Running: ['***', 'tasks', 'run', 'f1_data_pipeline_taskflow', 'freePracticeDim_transform', 'scheduled__2024-06-13T00:00:00+00:00', '--job-id', '11', '--raw', '--subdir', 'DAGS_FOLDER/etl_dag.py', '--cfg-path', '/tmp/tmpgsdiibwd']
[2024-06-14T09:05:18.360+0000] {standard_task_runner.py:91} INFO - Job 11: Subtask freePracticeDim_transform
[2024-06-14T09:05:18.420+0000] {task_command.py:426} INFO - Running <TaskInstance: f1_data_pipeline_taskflow.freePracticeDim_transform scheduled__2024-06-13T00:00:00+00:00 [running]> on host 2998375d03a6
[2024-06-14T09:05:20.685+0000] {taskinstance.py:2648} INFO - Exporting env vars: AIRFLOW_CTX_DAG_OWNER='***' AIRFLOW_CTX_DAG_ID='f1_data_pipeline_taskflow' AIRFLOW_CTX_TASK_ID='freePracticeDim_transform' AIRFLOW_CTX_EXECUTION_DATE='2024-06-13T00:00:00+00:00' AIRFLOW_CTX_TRY_NUMBER='1' AIRFLOW_CTX_DAG_RUN_ID='scheduled__2024-06-13T00:00:00+00:00'
[2024-06-14T09:05:20.689+0000] {taskinstance.py:430} INFO - ::endgroup::
[2024-06-14T09:05:20.775+0000] {python.py:237} INFO - Done. Returned value was:         raceId fp1_date fp2_date fp3_date fp1_time fp2_time fp3_time
0          860     None     None     None     None     None     None
232        861     None     None     None     None     None     None
680        862     None     None     None     None     None     None
1016       863     None     None     None     None     None     None
1187       864     None     None     None     None     None     None
...        ...      ...      ...      ...      ...      ...      ...
76080      938     None     None     None     None     None     None
76430      940     None     None     None     None     None     None
76916      944     None     None     None     None     None     None
85494      990     None     None     None     None     None     None
106841     951     None     None     None     None     None     None

[232 rows x 7 columns]
[2024-06-14T09:05:20.784+0000] {taskinstance.py:441} INFO - ::group::Post task execution logs
[2024-06-14T09:05:20.816+0000] {taskinstance.py:1206} INFO - Marking task as SUCCESS. dag_id=f1_data_pipeline_taskflow, task_id=freePracticeDim_transform, run_id=scheduled__2024-06-13T00:00:00+00:00, execution_date=20240613T000000, start_date=20240614T090518, end_date=20240614T090520
[2024-06-14T09:05:20.911+0000] {local_task_job_runner.py:240} INFO - Task exited with return code 0
[2024-06-14T09:05:20.925+0000] {local_task_job_runner.py:222} INFO - ::endgroup::
[2024-06-14T09:27:20.830+0000] {local_task_job_runner.py:120} INFO - ::group::Pre task execution logs
[2024-06-14T09:27:20.855+0000] {taskinstance.py:2076} INFO - Dependencies all met for dep_context=non-requeueable deps ti=<TaskInstance: f1_data_pipeline_taskflow.freePracticeDim_transform scheduled__2024-06-13T00:00:00+00:00 [queued]>
[2024-06-14T09:27:20.865+0000] {taskinstance.py:2076} INFO - Dependencies all met for dep_context=requeueable deps ti=<TaskInstance: f1_data_pipeline_taskflow.freePracticeDim_transform scheduled__2024-06-13T00:00:00+00:00 [queued]>
[2024-06-14T09:27:20.865+0000] {taskinstance.py:2306} INFO - Starting attempt 1 of 1
[2024-06-14T09:27:20.881+0000] {taskinstance.py:2330} INFO - Executing <Task(_PythonDecoratedOperator): freePracticeDim_transform> on 2024-06-13 00:00:00+00:00
[2024-06-14T09:27:20.889+0000] {warnings.py:110} WARNING - /home/***/.local/lib/python3.12/site-packages/***/task/task_runner/standard_task_runner.py:61: DeprecationWarning: This process (pid=134) is multi-threaded, use of fork() may lead to deadlocks in the child.
  pid = os.fork()

[2024-06-14T09:27:20.890+0000] {standard_task_runner.py:63} INFO - Started process 150 to run task
[2024-06-14T09:27:20.890+0000] {standard_task_runner.py:90} INFO - Running: ['***', 'tasks', 'run', 'f1_data_pipeline_taskflow', 'freePracticeDim_transform', 'scheduled__2024-06-13T00:00:00+00:00', '--job-id', '9', '--raw', '--subdir', 'DAGS_FOLDER/etl_dag.py', '--cfg-path', '/tmp/tmpknb6jj5z']
[2024-06-14T09:27:20.893+0000] {standard_task_runner.py:91} INFO - Job 9: Subtask freePracticeDim_transform
[2024-06-14T09:27:20.955+0000] {task_command.py:426} INFO - Running <TaskInstance: f1_data_pipeline_taskflow.freePracticeDim_transform scheduled__2024-06-13T00:00:00+00:00 [running]> on host 05f8e2de7bcc
[2024-06-14T09:27:23.736+0000] {taskinstance.py:2648} INFO - Exporting env vars: AIRFLOW_CTX_DAG_OWNER='***' AIRFLOW_CTX_DAG_ID='f1_data_pipeline_taskflow' AIRFLOW_CTX_TASK_ID='freePracticeDim_transform' AIRFLOW_CTX_EXECUTION_DATE='2024-06-13T00:00:00+00:00' AIRFLOW_CTX_TRY_NUMBER='1' AIRFLOW_CTX_DAG_RUN_ID='scheduled__2024-06-13T00:00:00+00:00'
[2024-06-14T09:27:23.758+0000] {taskinstance.py:430} INFO - ::endgroup::
[2024-06-14T09:27:23.884+0000] {python.py:237} INFO - Done. Returned value was:         raceId fp1_date fp2_date fp3_date fp1_time fp2_time fp3_time
0          860     None     None     None     None     None     None
232        861     None     None     None     None     None     None
680        862     None     None     None     None     None     None
1016       863     None     None     None     None     None     None
1187       864     None     None     None     None     None     None
...        ...      ...      ...      ...      ...      ...      ...
76080      938     None     None     None     None     None     None
76430      940     None     None     None     None     None     None
76916      944     None     None     None     None     None     None
85494      990     None     None     None     None     None     None
106841     951     None     None     None     None     None     None

[232 rows x 7 columns]
[2024-06-14T09:27:23.902+0000] {taskinstance.py:441} INFO - ::group::Post task execution logs
[2024-06-14T09:27:23.940+0000] {taskinstance.py:1206} INFO - Marking task as SUCCESS. dag_id=f1_data_pipeline_taskflow, task_id=freePracticeDim_transform, run_id=scheduled__2024-06-13T00:00:00+00:00, execution_date=20240613T000000, start_date=20240614T092720, end_date=20240614T092723
[2024-06-14T09:27:24.019+0000] {local_task_job_runner.py:240} INFO - Task exited with return code 0
[2024-06-14T09:27:24.163+0000] {local_task_job_runner.py:222} INFO - ::endgroup::
[2024-06-14T10:47:06.506+0000] {local_task_job_runner.py:120} INFO - ::group::Pre task execution logs
[2024-06-14T10:47:06.530+0000] {taskinstance.py:2076} INFO - Dependencies all met for dep_context=non-requeueable deps ti=<TaskInstance: f1_data_pipeline_taskflow.freePracticeDim_transform scheduled__2024-06-13T00:00:00+00:00 [queued]>
[2024-06-14T10:47:06.538+0000] {taskinstance.py:2076} INFO - Dependencies all met for dep_context=requeueable deps ti=<TaskInstance: f1_data_pipeline_taskflow.freePracticeDim_transform scheduled__2024-06-13T00:00:00+00:00 [queued]>
[2024-06-14T10:47:06.538+0000] {taskinstance.py:2306} INFO - Starting attempt 1 of 1
[2024-06-14T10:47:06.553+0000] {taskinstance.py:2330} INFO - Executing <Task(_PythonDecoratedOperator): freePracticeDim_transform> on 2024-06-13 00:00:00+00:00
[2024-06-14T10:47:06.558+0000] {warnings.py:110} WARNING - /home/***/.local/lib/python3.12/site-packages/***/task/task_runner/standard_task_runner.py:61: DeprecationWarning: This process (pid=111) is multi-threaded, use of fork() may lead to deadlocks in the child.
  pid = os.fork()

[2024-06-14T10:47:06.559+0000] {standard_task_runner.py:63} INFO - Started process 129 to run task
[2024-06-14T10:47:06.560+0000] {standard_task_runner.py:90} INFO - Running: ['***', 'tasks', 'run', 'f1_data_pipeline_taskflow', 'freePracticeDim_transform', 'scheduled__2024-06-13T00:00:00+00:00', '--job-id', '9', '--raw', '--subdir', 'DAGS_FOLDER/etl_dag.py', '--cfg-path', '/tmp/tmp9kzt6chc']
[2024-06-14T10:47:06.561+0000] {standard_task_runner.py:91} INFO - Job 9: Subtask freePracticeDim_transform
[2024-06-14T10:47:06.635+0000] {task_command.py:426} INFO - Running <TaskInstance: f1_data_pipeline_taskflow.freePracticeDim_transform scheduled__2024-06-13T00:00:00+00:00 [running]> on host 3182b36e244b
[2024-06-14T10:47:10.775+0000] {taskinstance.py:2648} INFO - Exporting env vars: AIRFLOW_CTX_DAG_OWNER='***' AIRFLOW_CTX_DAG_ID='f1_data_pipeline_taskflow' AIRFLOW_CTX_TASK_ID='freePracticeDim_transform' AIRFLOW_CTX_EXECUTION_DATE='2024-06-13T00:00:00+00:00' AIRFLOW_CTX_TRY_NUMBER='1' AIRFLOW_CTX_DAG_RUN_ID='scheduled__2024-06-13T00:00:00+00:00'
[2024-06-14T10:47:10.777+0000] {taskinstance.py:430} INFO - ::endgroup::
[2024-06-14T10:47:10.886+0000] {python.py:237} INFO - Done. Returned value was:         raceId fp1_date fp2_date fp3_date fp1_time fp2_time fp3_time
0          860     None     None     None     None     None     None
232        861     None     None     None     None     None     None
680        862     None     None     None     None     None     None
1016       863     None     None     None     None     None     None
1187       864     None     None     None     None     None     None
...        ...      ...      ...      ...      ...      ...      ...
76080      938     None     None     None     None     None     None
76430      940     None     None     None     None     None     None
76916      944     None     None     None     None     None     None
85494      990     None     None     None     None     None     None
106841     951     None     None     None     None     None     None

[232 rows x 7 columns]
[2024-06-14T10:47:10.900+0000] {taskinstance.py:441} INFO - ::group::Post task execution logs
[2024-06-14T10:47:10.940+0000] {taskinstance.py:1206} INFO - Marking task as SUCCESS. dag_id=f1_data_pipeline_taskflow, task_id=freePracticeDim_transform, run_id=scheduled__2024-06-13T00:00:00+00:00, execution_date=20240613T000000, start_date=20240614T104706, end_date=20240614T104710
[2024-06-14T10:47:11.059+0000] {local_task_job_runner.py:240} INFO - Task exited with return code 0
[2024-06-14T10:47:11.089+0000] {taskinstance.py:3498} INFO - 0 downstream tasks scheduled from follow-on schedule check
[2024-06-14T10:47:11.091+0000] {local_task_job_runner.py:222} INFO - ::endgroup::
[2024-06-14T10:51:53.943+0000] {local_task_job_runner.py:120} INFO - ::group::Pre task execution logs
[2024-06-14T10:51:53.968+0000] {taskinstance.py:2076} INFO - Dependencies all met for dep_context=non-requeueable deps ti=<TaskInstance: f1_data_pipeline_taskflow.freePracticeDim_transform scheduled__2024-06-13T00:00:00+00:00 [queued]>
[2024-06-14T10:51:53.978+0000] {taskinstance.py:2076} INFO - Dependencies all met for dep_context=requeueable deps ti=<TaskInstance: f1_data_pipeline_taskflow.freePracticeDim_transform scheduled__2024-06-13T00:00:00+00:00 [queued]>
[2024-06-14T10:51:53.978+0000] {taskinstance.py:2306} INFO - Starting attempt 1 of 1
[2024-06-14T10:51:53.992+0000] {taskinstance.py:2330} INFO - Executing <Task(_PythonDecoratedOperator): freePracticeDim_transform> on 2024-06-13 00:00:00+00:00
[2024-06-14T10:51:54.001+0000] {warnings.py:110} WARNING - /home/***/.local/lib/python3.12/site-packages/***/task/task_runner/standard_task_runner.py:61: DeprecationWarning: This process (pid=168) is multi-threaded, use of fork() may lead to deadlocks in the child.
  pid = os.fork()

[2024-06-14T10:51:54.007+0000] {standard_task_runner.py:63} INFO - Started process 186 to run task
[2024-06-14T10:51:54.008+0000] {standard_task_runner.py:90} INFO - Running: ['***', 'tasks', 'run', 'f1_data_pipeline_taskflow', 'freePracticeDim_transform', 'scheduled__2024-06-13T00:00:00+00:00', '--job-id', '16', '--raw', '--subdir', 'DAGS_FOLDER/etl_dag.py', '--cfg-path', '/tmp/tmp7th18k67']
[2024-06-14T10:51:54.012+0000] {standard_task_runner.py:91} INFO - Job 16: Subtask freePracticeDim_transform
[2024-06-14T10:51:54.081+0000] {task_command.py:426} INFO - Running <TaskInstance: f1_data_pipeline_taskflow.freePracticeDim_transform scheduled__2024-06-13T00:00:00+00:00 [running]> on host e391edf20c31
[2024-06-14T10:51:57.221+0000] {taskinstance.py:2648} INFO - Exporting env vars: AIRFLOW_CTX_DAG_OWNER='***' AIRFLOW_CTX_DAG_ID='f1_data_pipeline_taskflow' AIRFLOW_CTX_TASK_ID='freePracticeDim_transform' AIRFLOW_CTX_EXECUTION_DATE='2024-06-13T00:00:00+00:00' AIRFLOW_CTX_TRY_NUMBER='1' AIRFLOW_CTX_DAG_RUN_ID='scheduled__2024-06-13T00:00:00+00:00'
[2024-06-14T10:51:57.223+0000] {taskinstance.py:430} INFO - ::endgroup::
[2024-06-14T10:51:57.298+0000] {python.py:237} INFO - Done. Returned value was:         raceId fp1_date fp2_date fp3_date fp1_time fp2_time fp3_time
0          860     None     None     None     None     None     None
232        861     None     None     None     None     None     None
680        862     None     None     None     None     None     None
1016       863     None     None     None     None     None     None
1187       864     None     None     None     None     None     None
...        ...      ...      ...      ...      ...      ...      ...
76080      938     None     None     None     None     None     None
76430      940     None     None     None     None     None     None
76916      944     None     None     None     None     None     None
85494      990     None     None     None     None     None     None
106841     951     None     None     None     None     None     None

[232 rows x 7 columns]
[2024-06-14T10:51:57.310+0000] {taskinstance.py:441} INFO - ::group::Post task execution logs
[2024-06-14T10:51:57.338+0000] {taskinstance.py:1206} INFO - Marking task as SUCCESS. dag_id=f1_data_pipeline_taskflow, task_id=freePracticeDim_transform, run_id=scheduled__2024-06-13T00:00:00+00:00, execution_date=20240613T000000, start_date=20240614T105153, end_date=20240614T105157
[2024-06-14T10:51:57.411+0000] {local_task_job_runner.py:240} INFO - Task exited with return code 0
[2024-06-14T10:51:57.422+0000] {local_task_job_runner.py:222} INFO - ::endgroup::
[2024-06-14T10:55:37.839+0000] {local_task_job_runner.py:120} INFO - ::group::Pre task execution logs
[2024-06-14T10:55:37.862+0000] {taskinstance.py:2076} INFO - Dependencies all met for dep_context=non-requeueable deps ti=<TaskInstance: f1_data_pipeline_taskflow.freePracticeDim_transform scheduled__2024-06-13T00:00:00+00:00 [queued]>
[2024-06-14T10:55:37.870+0000] {taskinstance.py:2076} INFO - Dependencies all met for dep_context=requeueable deps ti=<TaskInstance: f1_data_pipeline_taskflow.freePracticeDim_transform scheduled__2024-06-13T00:00:00+00:00 [queued]>
[2024-06-14T10:55:37.870+0000] {taskinstance.py:2306} INFO - Starting attempt 1 of 1
[2024-06-14T10:55:37.881+0000] {taskinstance.py:2330} INFO - Executing <Task(_PythonDecoratedOperator): freePracticeDim_transform> on 2024-06-13 00:00:00+00:00
[2024-06-14T10:55:37.892+0000] {warnings.py:110} WARNING - /home/***/.local/lib/python3.12/site-packages/***/task/task_runner/standard_task_runner.py:61: DeprecationWarning: This process (pid=92) is multi-threaded, use of fork() may lead to deadlocks in the child.
  pid = os.fork()

[2024-06-14T10:55:37.894+0000] {standard_task_runner.py:63} INFO - Started process 118 to run task
[2024-06-14T10:55:37.894+0000] {standard_task_runner.py:90} INFO - Running: ['***', 'tasks', 'run', 'f1_data_pipeline_taskflow', 'freePracticeDim_transform', 'scheduled__2024-06-13T00:00:00+00:00', '--job-id', '11', '--raw', '--subdir', 'DAGS_FOLDER/etl_dag.py', '--cfg-path', '/tmp/tmpd5vr__wz']
[2024-06-14T10:55:37.897+0000] {standard_task_runner.py:91} INFO - Job 11: Subtask freePracticeDim_transform
[2024-06-14T10:55:37.959+0000] {task_command.py:426} INFO - Running <TaskInstance: f1_data_pipeline_taskflow.freePracticeDim_transform scheduled__2024-06-13T00:00:00+00:00 [running]> on host c9e393690dc3
[2024-06-14T10:55:40.604+0000] {taskinstance.py:2648} INFO - Exporting env vars: AIRFLOW_CTX_DAG_OWNER='***' AIRFLOW_CTX_DAG_ID='f1_data_pipeline_taskflow' AIRFLOW_CTX_TASK_ID='freePracticeDim_transform' AIRFLOW_CTX_EXECUTION_DATE='2024-06-13T00:00:00+00:00' AIRFLOW_CTX_TRY_NUMBER='1' AIRFLOW_CTX_DAG_RUN_ID='scheduled__2024-06-13T00:00:00+00:00'
[2024-06-14T10:55:40.622+0000] {taskinstance.py:430} INFO - ::endgroup::
[2024-06-14T10:55:40.708+0000] {python.py:237} INFO - Done. Returned value was:         raceId fp1_date fp2_date fp3_date fp1_time fp2_time fp3_time
0          860     None     None     None     None     None     None
232        861     None     None     None     None     None     None
680        862     None     None     None     None     None     None
1016       863     None     None     None     None     None     None
1187       864     None     None     None     None     None     None
...        ...      ...      ...      ...      ...      ...      ...
76080      938     None     None     None     None     None     None
76430      940     None     None     None     None     None     None
76916      944     None     None     None     None     None     None
85494      990     None     None     None     None     None     None
106841     951     None     None     None     None     None     None

[232 rows x 7 columns]
[2024-06-14T10:55:40.719+0000] {taskinstance.py:441} INFO - ::group::Post task execution logs
[2024-06-14T10:55:40.758+0000] {taskinstance.py:1206} INFO - Marking task as SUCCESS. dag_id=f1_data_pipeline_taskflow, task_id=freePracticeDim_transform, run_id=scheduled__2024-06-13T00:00:00+00:00, execution_date=20240613T000000, start_date=20240614T105537, end_date=20240614T105540
[2024-06-14T10:55:40.850+0000] {local_task_job_runner.py:240} INFO - Task exited with return code 0
[2024-06-14T10:55:41.020+0000] {local_task_job_runner.py:222} INFO - ::endgroup::
[2024-06-14T11:03:44.403+0000] {local_task_job_runner.py:120} INFO - ::group::Pre task execution logs
[2024-06-14T11:03:44.426+0000] {taskinstance.py:2076} INFO - Dependencies all met for dep_context=non-requeueable deps ti=<TaskInstance: f1_data_pipeline_taskflow.freePracticeDim_transform scheduled__2024-06-13T00:00:00+00:00 [queued]>
[2024-06-14T11:03:44.434+0000] {taskinstance.py:2076} INFO - Dependencies all met for dep_context=requeueable deps ti=<TaskInstance: f1_data_pipeline_taskflow.freePracticeDim_transform scheduled__2024-06-13T00:00:00+00:00 [queued]>
[2024-06-14T11:03:44.434+0000] {taskinstance.py:2306} INFO - Starting attempt 1 of 1
[2024-06-14T11:03:44.445+0000] {taskinstance.py:2330} INFO - Executing <Task(_PythonDecoratedOperator): freePracticeDim_transform> on 2024-06-13 00:00:00+00:00
[2024-06-14T11:03:44.450+0000] {warnings.py:110} WARNING - /home/***/.local/lib/python3.12/site-packages/***/task/task_runner/standard_task_runner.py:61: DeprecationWarning: This process (pid=159) is multi-threaded, use of fork() may lead to deadlocks in the child.
  pid = os.fork()

[2024-06-14T11:03:44.452+0000] {standard_task_runner.py:63} INFO - Started process 177 to run task
[2024-06-14T11:03:44.452+0000] {standard_task_runner.py:90} INFO - Running: ['***', 'tasks', 'run', 'f1_data_pipeline_taskflow', 'freePracticeDim_transform', 'scheduled__2024-06-13T00:00:00+00:00', '--job-id', '18', '--raw', '--subdir', 'DAGS_FOLDER/etl_dag.py', '--cfg-path', '/tmp/tmpjgp_p0tw']
[2024-06-14T11:03:44.454+0000] {standard_task_runner.py:91} INFO - Job 18: Subtask freePracticeDim_transform
[2024-06-14T11:03:44.505+0000] {task_command.py:426} INFO - Running <TaskInstance: f1_data_pipeline_taskflow.freePracticeDim_transform scheduled__2024-06-13T00:00:00+00:00 [running]> on host cfca011b7e89
[2024-06-14T11:03:47.488+0000] {taskinstance.py:2648} INFO - Exporting env vars: AIRFLOW_CTX_DAG_OWNER='***' AIRFLOW_CTX_DAG_ID='f1_data_pipeline_taskflow' AIRFLOW_CTX_TASK_ID='freePracticeDim_transform' AIRFLOW_CTX_EXECUTION_DATE='2024-06-13T00:00:00+00:00' AIRFLOW_CTX_TRY_NUMBER='1' AIRFLOW_CTX_DAG_RUN_ID='scheduled__2024-06-13T00:00:00+00:00'
[2024-06-14T11:03:47.490+0000] {taskinstance.py:430} INFO - ::endgroup::
[2024-06-14T11:03:47.571+0000] {python.py:237} INFO - Done. Returned value was:         raceId fp1_date fp2_date fp3_date fp1_time fp2_time fp3_time
0          860     None     None     None     None     None     None
232        861     None     None     None     None     None     None
680        862     None     None     None     None     None     None
1016       863     None     None     None     None     None     None
1187       864     None     None     None     None     None     None
...        ...      ...      ...      ...      ...      ...      ...
76080      938     None     None     None     None     None     None
76430      940     None     None     None     None     None     None
76916      944     None     None     None     None     None     None
85494      990     None     None     None     None     None     None
106841     951     None     None     None     None     None     None

[232 rows x 7 columns]
[2024-06-14T11:03:47.584+0000] {taskinstance.py:441} INFO - ::group::Post task execution logs
[2024-06-14T11:03:47.614+0000] {taskinstance.py:1206} INFO - Marking task as SUCCESS. dag_id=f1_data_pipeline_taskflow, task_id=freePracticeDim_transform, run_id=scheduled__2024-06-13T00:00:00+00:00, execution_date=20240613T000000, start_date=20240614T110344, end_date=20240614T110347
[2024-06-14T11:03:47.712+0000] {local_task_job_runner.py:240} INFO - Task exited with return code 0
[2024-06-14T11:03:47.737+0000] {taskinstance.py:3498} INFO - 0 downstream tasks scheduled from follow-on schedule check
[2024-06-14T11:03:47.739+0000] {local_task_job_runner.py:222} INFO - ::endgroup::
[2024-06-14T11:08:15.402+0000] {local_task_job_runner.py:120} INFO - ::group::Pre task execution logs
[2024-06-14T11:08:15.421+0000] {taskinstance.py:2076} INFO - Dependencies all met for dep_context=non-requeueable deps ti=<TaskInstance: f1_data_pipeline_taskflow.freePracticeDim_transform scheduled__2024-06-13T00:00:00+00:00 [queued]>
[2024-06-14T11:08:15.430+0000] {taskinstance.py:2076} INFO - Dependencies all met for dep_context=requeueable deps ti=<TaskInstance: f1_data_pipeline_taskflow.freePracticeDim_transform scheduled__2024-06-13T00:00:00+00:00 [queued]>
[2024-06-14T11:08:15.430+0000] {taskinstance.py:2306} INFO - Starting attempt 1 of 1
[2024-06-14T11:08:15.440+0000] {taskinstance.py:2330} INFO - Executing <Task(_PythonDecoratedOperator): freePracticeDim_transform> on 2024-06-13 00:00:00+00:00
[2024-06-14T11:08:15.447+0000] {warnings.py:110} WARNING - /home/***/.local/lib/python3.12/site-packages/***/task/task_runner/standard_task_runner.py:61: DeprecationWarning: This process (pid=112) is multi-threaded, use of fork() may lead to deadlocks in the child.
  pid = os.fork()

[2024-06-14T11:08:15.448+0000] {standard_task_runner.py:63} INFO - Started process 131 to run task
[2024-06-14T11:08:15.449+0000] {standard_task_runner.py:90} INFO - Running: ['***', 'tasks', 'run', 'f1_data_pipeline_taskflow', 'freePracticeDim_transform', 'scheduled__2024-06-13T00:00:00+00:00', '--job-id', '9', '--raw', '--subdir', 'DAGS_FOLDER/etl_dag.py', '--cfg-path', '/tmp/tmpna1u1ak9']
[2024-06-14T11:08:15.451+0000] {standard_task_runner.py:91} INFO - Job 9: Subtask freePracticeDim_transform
[2024-06-14T11:08:15.540+0000] {task_command.py:426} INFO - Running <TaskInstance: f1_data_pipeline_taskflow.freePracticeDim_transform scheduled__2024-06-13T00:00:00+00:00 [running]> on host 6e52e947d844
[2024-06-14T11:08:18.140+0000] {taskinstance.py:2648} INFO - Exporting env vars: AIRFLOW_CTX_DAG_OWNER='***' AIRFLOW_CTX_DAG_ID='f1_data_pipeline_taskflow' AIRFLOW_CTX_TASK_ID='freePracticeDim_transform' AIRFLOW_CTX_EXECUTION_DATE='2024-06-13T00:00:00+00:00' AIRFLOW_CTX_TRY_NUMBER='1' AIRFLOW_CTX_DAG_RUN_ID='scheduled__2024-06-13T00:00:00+00:00'
[2024-06-14T11:08:18.143+0000] {taskinstance.py:430} INFO - ::endgroup::
[2024-06-14T11:08:18.250+0000] {python.py:237} INFO - Done. Returned value was:         raceId fp1_date fp2_date fp3_date fp1_time fp2_time fp3_time
0          860     None     None     None     None     None     None
232        861     None     None     None     None     None     None
680        862     None     None     None     None     None     None
1016       863     None     None     None     None     None     None
1187       864     None     None     None     None     None     None
...        ...      ...      ...      ...      ...      ...      ...
76080      938     None     None     None     None     None     None
76430      940     None     None     None     None     None     None
76916      944     None     None     None     None     None     None
85494      990     None     None     None     None     None     None
106841     951     None     None     None     None     None     None

[232 rows x 7 columns]
[2024-06-14T11:08:18.262+0000] {taskinstance.py:441} INFO - ::group::Post task execution logs
[2024-06-14T11:08:18.289+0000] {taskinstance.py:1206} INFO - Marking task as SUCCESS. dag_id=f1_data_pipeline_taskflow, task_id=freePracticeDim_transform, run_id=scheduled__2024-06-13T00:00:00+00:00, execution_date=20240613T000000, start_date=20240614T110815, end_date=20240614T110818
[2024-06-14T11:08:18.387+0000] {local_task_job_runner.py:240} INFO - Task exited with return code 0
[2024-06-14T11:08:18.400+0000] {local_task_job_runner.py:222} INFO - ::endgroup::
[2024-06-14T11:15:47.509+0000] {local_task_job_runner.py:120} INFO - ::group::Pre task execution logs
[2024-06-14T11:15:47.531+0000] {taskinstance.py:2076} INFO - Dependencies all met for dep_context=non-requeueable deps ti=<TaskInstance: f1_data_pipeline_taskflow.freePracticeDim_transform scheduled__2024-06-13T00:00:00+00:00 [queued]>
[2024-06-14T11:15:47.540+0000] {taskinstance.py:2076} INFO - Dependencies all met for dep_context=requeueable deps ti=<TaskInstance: f1_data_pipeline_taskflow.freePracticeDim_transform scheduled__2024-06-13T00:00:00+00:00 [queued]>
[2024-06-14T11:15:47.540+0000] {taskinstance.py:2306} INFO - Starting attempt 1 of 1
[2024-06-14T11:15:47.554+0000] {taskinstance.py:2330} INFO - Executing <Task(_PythonDecoratedOperator): freePracticeDim_transform> on 2024-06-13 00:00:00+00:00
[2024-06-14T11:15:47.560+0000] {warnings.py:110} WARNING - /home/***/.local/lib/python3.12/site-packages/***/task/task_runner/standard_task_runner.py:61: DeprecationWarning: This process (pid=123) is multi-threaded, use of fork() may lead to deadlocks in the child.
  pid = os.fork()

[2024-06-14T11:15:47.561+0000] {standard_task_runner.py:63} INFO - Started process 145 to run task
[2024-06-14T11:15:47.562+0000] {standard_task_runner.py:90} INFO - Running: ['***', 'tasks', 'run', 'f1_data_pipeline_taskflow', 'freePracticeDim_transform', 'scheduled__2024-06-13T00:00:00+00:00', '--job-id', '9', '--raw', '--subdir', 'DAGS_FOLDER/etl_dag.py', '--cfg-path', '/tmp/tmpf4l45yqy']
[2024-06-14T11:15:47.564+0000] {standard_task_runner.py:91} INFO - Job 9: Subtask freePracticeDim_transform
[2024-06-14T11:15:47.626+0000] {task_command.py:426} INFO - Running <TaskInstance: f1_data_pipeline_taskflow.freePracticeDim_transform scheduled__2024-06-13T00:00:00+00:00 [running]> on host 82d779af27dd
[2024-06-14T11:15:52.761+0000] {taskinstance.py:2648} INFO - Exporting env vars: AIRFLOW_CTX_DAG_OWNER='***' AIRFLOW_CTX_DAG_ID='f1_data_pipeline_taskflow' AIRFLOW_CTX_TASK_ID='freePracticeDim_transform' AIRFLOW_CTX_EXECUTION_DATE='2024-06-13T00:00:00+00:00' AIRFLOW_CTX_TRY_NUMBER='1' AIRFLOW_CTX_DAG_RUN_ID='scheduled__2024-06-13T00:00:00+00:00'
[2024-06-14T11:15:52.763+0000] {taskinstance.py:430} INFO - ::endgroup::
[2024-06-14T11:15:52.874+0000] {python.py:237} INFO - Done. Returned value was:         raceId fp1_date fp2_date fp3_date fp1_time fp2_time fp3_time
0          860     None     None     None     None     None     None
232        861     None     None     None     None     None     None
680        862     None     None     None     None     None     None
1016       863     None     None     None     None     None     None
1187       864     None     None     None     None     None     None
...        ...      ...      ...      ...      ...      ...      ...
76080      938     None     None     None     None     None     None
76430      940     None     None     None     None     None     None
76916      944     None     None     None     None     None     None
85494      990     None     None     None     None     None     None
106841     951     None     None     None     None     None     None

[232 rows x 7 columns]
[2024-06-14T11:15:52.889+0000] {taskinstance.py:441} INFO - ::group::Post task execution logs
[2024-06-14T11:15:52.925+0000] {taskinstance.py:1206} INFO - Marking task as SUCCESS. dag_id=f1_data_pipeline_taskflow, task_id=freePracticeDim_transform, run_id=scheduled__2024-06-13T00:00:00+00:00, execution_date=20240613T000000, start_date=20240614T111547, end_date=20240614T111552
[2024-06-14T11:15:53.062+0000] {local_task_job_runner.py:240} INFO - Task exited with return code 0
[2024-06-14T11:15:53.073+0000] {local_task_job_runner.py:222} INFO - ::endgroup::
[2024-06-14T11:21:09.487+0000] {local_task_job_runner.py:120} INFO - ::group::Pre task execution logs
[2024-06-14T11:21:09.509+0000] {taskinstance.py:2076} INFO - Dependencies all met for dep_context=non-requeueable deps ti=<TaskInstance: f1_data_pipeline_taskflow.freePracticeDim_transform scheduled__2024-06-13T00:00:00+00:00 [queued]>
[2024-06-14T11:21:09.518+0000] {taskinstance.py:2076} INFO - Dependencies all met for dep_context=requeueable deps ti=<TaskInstance: f1_data_pipeline_taskflow.freePracticeDim_transform scheduled__2024-06-13T00:00:00+00:00 [queued]>
[2024-06-14T11:21:09.519+0000] {taskinstance.py:2306} INFO - Starting attempt 1 of 1
[2024-06-14T11:21:09.531+0000] {taskinstance.py:2330} INFO - Executing <Task(_PythonDecoratedOperator): freePracticeDim_transform> on 2024-06-13 00:00:00+00:00
[2024-06-14T11:21:09.537+0000] {warnings.py:110} WARNING - /home/***/.local/lib/python3.12/site-packages/***/task/task_runner/standard_task_runner.py:61: DeprecationWarning: This process (pid=107) is multi-threaded, use of fork() may lead to deadlocks in the child.
  pid = os.fork()

[2024-06-14T11:21:09.539+0000] {standard_task_runner.py:63} INFO - Started process 123 to run task
[2024-06-14T11:21:09.539+0000] {standard_task_runner.py:90} INFO - Running: ['***', 'tasks', 'run', 'f1_data_pipeline_taskflow', 'freePracticeDim_transform', 'scheduled__2024-06-13T00:00:00+00:00', '--job-id', '10', '--raw', '--subdir', 'DAGS_FOLDER/etl_dag.py', '--cfg-path', '/tmp/tmp78wql10t']
[2024-06-14T11:21:09.541+0000] {standard_task_runner.py:91} INFO - Job 10: Subtask freePracticeDim_transform
[2024-06-14T11:21:09.602+0000] {task_command.py:426} INFO - Running <TaskInstance: f1_data_pipeline_taskflow.freePracticeDim_transform scheduled__2024-06-13T00:00:00+00:00 [running]> on host 385858123cc9
[2024-06-14T11:21:12.151+0000] {taskinstance.py:2648} INFO - Exporting env vars: AIRFLOW_CTX_DAG_OWNER='***' AIRFLOW_CTX_DAG_ID='f1_data_pipeline_taskflow' AIRFLOW_CTX_TASK_ID='freePracticeDim_transform' AIRFLOW_CTX_EXECUTION_DATE='2024-06-13T00:00:00+00:00' AIRFLOW_CTX_TRY_NUMBER='1' AIRFLOW_CTX_DAG_RUN_ID='scheduled__2024-06-13T00:00:00+00:00'
[2024-06-14T11:21:12.155+0000] {taskinstance.py:430} INFO - ::endgroup::
[2024-06-14T11:21:12.248+0000] {python.py:237} INFO - Done. Returned value was:         raceId fp1_date fp2_date fp3_date fp1_time fp2_time fp3_time
0          860     None     None     None     None     None     None
232        861     None     None     None     None     None     None
680        862     None     None     None     None     None     None
1016       863     None     None     None     None     None     None
1187       864     None     None     None     None     None     None
...        ...      ...      ...      ...      ...      ...      ...
76080      938     None     None     None     None     None     None
76430      940     None     None     None     None     None     None
76916      944     None     None     None     None     None     None
85494      990     None     None     None     None     None     None
106841     951     None     None     None     None     None     None

[232 rows x 7 columns]
[2024-06-14T11:21:12.258+0000] {taskinstance.py:441} INFO - ::group::Post task execution logs
[2024-06-14T11:21:12.290+0000] {taskinstance.py:1206} INFO - Marking task as SUCCESS. dag_id=f1_data_pipeline_taskflow, task_id=freePracticeDim_transform, run_id=scheduled__2024-06-13T00:00:00+00:00, execution_date=20240613T000000, start_date=20240614T112109, end_date=20240614T112112
[2024-06-14T11:21:12.358+0000] {local_task_job_runner.py:240} INFO - Task exited with return code 0
[2024-06-14T11:21:12.531+0000] {local_task_job_runner.py:222} INFO - ::endgroup::
[2024-06-14T11:26:11.461+0000] {local_task_job_runner.py:120} INFO - ::group::Pre task execution logs
[2024-06-14T11:26:11.481+0000] {taskinstance.py:2076} INFO - Dependencies all met for dep_context=non-requeueable deps ti=<TaskInstance: f1_data_pipeline_taskflow.freePracticeDim_transform scheduled__2024-06-13T00:00:00+00:00 [queued]>
[2024-06-14T11:26:11.488+0000] {taskinstance.py:2076} INFO - Dependencies all met for dep_context=requeueable deps ti=<TaskInstance: f1_data_pipeline_taskflow.freePracticeDim_transform scheduled__2024-06-13T00:00:00+00:00 [queued]>
[2024-06-14T11:26:11.489+0000] {taskinstance.py:2306} INFO - Starting attempt 1 of 1
[2024-06-14T11:26:11.500+0000] {taskinstance.py:2330} INFO - Executing <Task(_PythonDecoratedOperator): freePracticeDim_transform> on 2024-06-13 00:00:00+00:00
[2024-06-14T11:26:11.506+0000] {warnings.py:110} WARNING - /home/***/.local/lib/python3.12/site-packages/***/task/task_runner/standard_task_runner.py:61: DeprecationWarning: This process (pid=130) is multi-threaded, use of fork() may lead to deadlocks in the child.
  pid = os.fork()

[2024-06-14T11:26:11.507+0000] {standard_task_runner.py:63} INFO - Started process 149 to run task
[2024-06-14T11:26:11.507+0000] {standard_task_runner.py:90} INFO - Running: ['***', 'tasks', 'run', 'f1_data_pipeline_taskflow', 'freePracticeDim_transform', 'scheduled__2024-06-13T00:00:00+00:00', '--job-id', '10', '--raw', '--subdir', 'DAGS_FOLDER/etl_dag.py', '--cfg-path', '/tmp/tmpn397how_']
[2024-06-14T11:26:11.510+0000] {standard_task_runner.py:91} INFO - Job 10: Subtask freePracticeDim_transform
[2024-06-14T11:26:11.568+0000] {task_command.py:426} INFO - Running <TaskInstance: f1_data_pipeline_taskflow.freePracticeDim_transform scheduled__2024-06-13T00:00:00+00:00 [running]> on host 3da481cb81cd
[2024-06-14T11:26:15.283+0000] {taskinstance.py:2648} INFO - Exporting env vars: AIRFLOW_CTX_DAG_OWNER='***' AIRFLOW_CTX_DAG_ID='f1_data_pipeline_taskflow' AIRFLOW_CTX_TASK_ID='freePracticeDim_transform' AIRFLOW_CTX_EXECUTION_DATE='2024-06-13T00:00:00+00:00' AIRFLOW_CTX_TRY_NUMBER='1' AIRFLOW_CTX_DAG_RUN_ID='scheduled__2024-06-13T00:00:00+00:00'
[2024-06-14T11:26:15.285+0000] {taskinstance.py:430} INFO - ::endgroup::
[2024-06-14T11:26:15.361+0000] {python.py:237} INFO - Done. Returned value was:         raceId fp1_date fp2_date fp3_date fp1_time fp2_time fp3_time
0          860     None     None     None     None     None     None
232        861     None     None     None     None     None     None
680        862     None     None     None     None     None     None
1016       863     None     None     None     None     None     None
1187       864     None     None     None     None     None     None
...        ...      ...      ...      ...      ...      ...      ...
76080      938     None     None     None     None     None     None
76430      940     None     None     None     None     None     None
76916      944     None     None     None     None     None     None
85494      990     None     None     None     None     None     None
106841     951     None     None     None     None     None     None

[232 rows x 7 columns]
[2024-06-14T11:26:15.375+0000] {taskinstance.py:441} INFO - ::group::Post task execution logs
[2024-06-14T11:26:15.400+0000] {taskinstance.py:1206} INFO - Marking task as SUCCESS. dag_id=f1_data_pipeline_taskflow, task_id=freePracticeDim_transform, run_id=scheduled__2024-06-13T00:00:00+00:00, execution_date=20240613T000000, start_date=20240614T112611, end_date=20240614T112615
[2024-06-14T11:26:15.458+0000] {local_task_job_runner.py:240} INFO - Task exited with return code 0
[2024-06-14T11:26:15.470+0000] {local_task_job_runner.py:222} INFO - ::endgroup::
[2024-06-14T11:30:44.365+0000] {local_task_job_runner.py:120} INFO - ::group::Pre task execution logs
[2024-06-14T11:30:44.385+0000] {taskinstance.py:2076} INFO - Dependencies all met for dep_context=non-requeueable deps ti=<TaskInstance: f1_data_pipeline_taskflow.freePracticeDim_transform scheduled__2024-06-13T00:00:00+00:00 [queued]>
[2024-06-14T11:30:44.395+0000] {taskinstance.py:2076} INFO - Dependencies all met for dep_context=requeueable deps ti=<TaskInstance: f1_data_pipeline_taskflow.freePracticeDim_transform scheduled__2024-06-13T00:00:00+00:00 [queued]>
[2024-06-14T11:30:44.395+0000] {taskinstance.py:2306} INFO - Starting attempt 1 of 1
[2024-06-14T11:30:44.410+0000] {taskinstance.py:2330} INFO - Executing <Task(_PythonDecoratedOperator): freePracticeDim_transform> on 2024-06-13 00:00:00+00:00
[2024-06-14T11:30:44.417+0000] {warnings.py:110} WARNING - /home/***/.local/lib/python3.12/site-packages/***/task/task_runner/standard_task_runner.py:61: DeprecationWarning: This process (pid=108) is multi-threaded, use of fork() may lead to deadlocks in the child.
  pid = os.fork()

[2024-06-14T11:30:44.418+0000] {standard_task_runner.py:63} INFO - Started process 131 to run task
[2024-06-14T11:30:44.418+0000] {standard_task_runner.py:90} INFO - Running: ['***', 'tasks', 'run', 'f1_data_pipeline_taskflow', 'freePracticeDim_transform', 'scheduled__2024-06-13T00:00:00+00:00', '--job-id', '14', '--raw', '--subdir', 'DAGS_FOLDER/etl_dag.py', '--cfg-path', '/tmp/tmp7klphsv1']
[2024-06-14T11:30:44.420+0000] {standard_task_runner.py:91} INFO - Job 14: Subtask freePracticeDim_transform
[2024-06-14T11:30:44.477+0000] {task_command.py:426} INFO - Running <TaskInstance: f1_data_pipeline_taskflow.freePracticeDim_transform scheduled__2024-06-13T00:00:00+00:00 [running]> on host 397171faad63
[2024-06-14T11:30:47.727+0000] {taskinstance.py:2648} INFO - Exporting env vars: AIRFLOW_CTX_DAG_OWNER='***' AIRFLOW_CTX_DAG_ID='f1_data_pipeline_taskflow' AIRFLOW_CTX_TASK_ID='freePracticeDim_transform' AIRFLOW_CTX_EXECUTION_DATE='2024-06-13T00:00:00+00:00' AIRFLOW_CTX_TRY_NUMBER='1' AIRFLOW_CTX_DAG_RUN_ID='scheduled__2024-06-13T00:00:00+00:00'
[2024-06-14T11:30:47.730+0000] {taskinstance.py:430} INFO - ::endgroup::
[2024-06-14T11:30:47.833+0000] {python.py:237} INFO - Done. Returned value was:         raceId fp1_date fp2_date fp3_date fp1_time fp2_time fp3_time
0          860     None     None     None     None     None     None
232        861     None     None     None     None     None     None
680        862     None     None     None     None     None     None
1016       863     None     None     None     None     None     None
1187       864     None     None     None     None     None     None
...        ...      ...      ...      ...      ...      ...      ...
76080      938     None     None     None     None     None     None
76430      940     None     None     None     None     None     None
76916      944     None     None     None     None     None     None
85494      990     None     None     None     None     None     None
106841     951     None     None     None     None     None     None

[232 rows x 7 columns]
[2024-06-14T11:30:47.843+0000] {taskinstance.py:441} INFO - ::group::Post task execution logs
[2024-06-14T11:30:47.872+0000] {taskinstance.py:1206} INFO - Marking task as SUCCESS. dag_id=f1_data_pipeline_taskflow, task_id=freePracticeDim_transform, run_id=scheduled__2024-06-13T00:00:00+00:00, execution_date=20240613T000000, start_date=20240614T113044, end_date=20240614T113047
[2024-06-14T11:30:47.983+0000] {local_task_job_runner.py:240} INFO - Task exited with return code 0
[2024-06-14T11:30:47.997+0000] {local_task_job_runner.py:222} INFO - ::endgroup::
[2024-06-14T11:35:24.663+0000] {local_task_job_runner.py:120} INFO - ::group::Pre task execution logs
[2024-06-14T11:35:24.682+0000] {taskinstance.py:2076} INFO - Dependencies all met for dep_context=non-requeueable deps ti=<TaskInstance: f1_data_pipeline_taskflow.freePracticeDim_transform scheduled__2024-06-13T00:00:00+00:00 [queued]>
[2024-06-14T11:35:24.689+0000] {taskinstance.py:2076} INFO - Dependencies all met for dep_context=requeueable deps ti=<TaskInstance: f1_data_pipeline_taskflow.freePracticeDim_transform scheduled__2024-06-13T00:00:00+00:00 [queued]>
[2024-06-14T11:35:24.689+0000] {taskinstance.py:2306} INFO - Starting attempt 1 of 1
[2024-06-14T11:35:24.720+0000] {taskinstance.py:2330} INFO - Executing <Task(_PythonDecoratedOperator): freePracticeDim_transform> on 2024-06-13 00:00:00+00:00
[2024-06-14T11:35:24.726+0000] {warnings.py:110} WARNING - /home/***/.local/lib/python3.12/site-packages/***/task/task_runner/standard_task_runner.py:61: DeprecationWarning: This process (pid=110) is multi-threaded, use of fork() may lead to deadlocks in the child.
  pid = os.fork()

[2024-06-14T11:35:24.727+0000] {standard_task_runner.py:63} INFO - Started process 128 to run task
[2024-06-14T11:35:24.727+0000] {standard_task_runner.py:90} INFO - Running: ['***', 'tasks', 'run', 'f1_data_pipeline_taskflow', 'freePracticeDim_transform', 'scheduled__2024-06-13T00:00:00+00:00', '--job-id', '13', '--raw', '--subdir', 'DAGS_FOLDER/etl_dag.py', '--cfg-path', '/tmp/tmpc_frh_3k']
[2024-06-14T11:35:24.729+0000] {standard_task_runner.py:91} INFO - Job 13: Subtask freePracticeDim_transform
[2024-06-14T11:35:24.782+0000] {task_command.py:426} INFO - Running <TaskInstance: f1_data_pipeline_taskflow.freePracticeDim_transform scheduled__2024-06-13T00:00:00+00:00 [running]> on host d0ca0375d865
[2024-06-14T11:35:26.804+0000] {taskinstance.py:2648} INFO - Exporting env vars: AIRFLOW_CTX_DAG_OWNER='***' AIRFLOW_CTX_DAG_ID='f1_data_pipeline_taskflow' AIRFLOW_CTX_TASK_ID='freePracticeDim_transform' AIRFLOW_CTX_EXECUTION_DATE='2024-06-13T00:00:00+00:00' AIRFLOW_CTX_TRY_NUMBER='1' AIRFLOW_CTX_DAG_RUN_ID='scheduled__2024-06-13T00:00:00+00:00'
[2024-06-14T11:35:26.805+0000] {taskinstance.py:430} INFO - ::endgroup::
[2024-06-14T11:35:26.888+0000] {python.py:237} INFO - Done. Returned value was:         raceId fp1_date fp2_date fp3_date fp1_time fp2_time fp3_time
0          860     None     None     None     None     None     None
232        861     None     None     None     None     None     None
680        862     None     None     None     None     None     None
1016       863     None     None     None     None     None     None
1187       864     None     None     None     None     None     None
...        ...      ...      ...      ...      ...      ...      ...
76080      938     None     None     None     None     None     None
76430      940     None     None     None     None     None     None
76916      944     None     None     None     None     None     None
85494      990     None     None     None     None     None     None
106841     951     None     None     None     None     None     None

[232 rows x 7 columns]
[2024-06-14T11:35:26.898+0000] {taskinstance.py:441} INFO - ::group::Post task execution logs
[2024-06-14T11:35:26.922+0000] {taskinstance.py:1206} INFO - Marking task as SUCCESS. dag_id=f1_data_pipeline_taskflow, task_id=freePracticeDim_transform, run_id=scheduled__2024-06-13T00:00:00+00:00, execution_date=20240613T000000, start_date=20240614T113524, end_date=20240614T113526
[2024-06-14T11:35:27.013+0000] {local_task_job_runner.py:240} INFO - Task exited with return code 0
[2024-06-14T11:35:27.023+0000] {local_task_job_runner.py:222} INFO - ::endgroup::
[2024-06-14T11:42:45.760+0000] {local_task_job_runner.py:120} INFO - ::group::Pre task execution logs
[2024-06-14T11:42:45.783+0000] {taskinstance.py:2076} INFO - Dependencies all met for dep_context=non-requeueable deps ti=<TaskInstance: f1_data_pipeline_taskflow.freePracticeDim_transform scheduled__2024-06-13T00:00:00+00:00 [queued]>
[2024-06-14T11:42:45.792+0000] {taskinstance.py:2076} INFO - Dependencies all met for dep_context=requeueable deps ti=<TaskInstance: f1_data_pipeline_taskflow.freePracticeDim_transform scheduled__2024-06-13T00:00:00+00:00 [queued]>
[2024-06-14T11:42:45.792+0000] {taskinstance.py:2306} INFO - Starting attempt 1 of 1
[2024-06-14T11:42:45.805+0000] {taskinstance.py:2330} INFO - Executing <Task(_PythonDecoratedOperator): freePracticeDim_transform> on 2024-06-13 00:00:00+00:00
[2024-06-14T11:42:45.812+0000] {warnings.py:110} WARNING - /home/***/.local/lib/python3.12/site-packages/***/task/task_runner/standard_task_runner.py:61: DeprecationWarning: This process (pid=112) is multi-threaded, use of fork() may lead to deadlocks in the child.
  pid = os.fork()

[2024-06-14T11:42:45.813+0000] {standard_task_runner.py:63} INFO - Started process 128 to run task
[2024-06-14T11:42:45.814+0000] {standard_task_runner.py:90} INFO - Running: ['***', 'tasks', 'run', 'f1_data_pipeline_taskflow', 'freePracticeDim_transform', 'scheduled__2024-06-13T00:00:00+00:00', '--job-id', '8', '--raw', '--subdir', 'DAGS_FOLDER/etl_dag.py', '--cfg-path', '/tmp/tmpf9b7fhh6']
[2024-06-14T11:42:45.816+0000] {standard_task_runner.py:91} INFO - Job 8: Subtask freePracticeDim_transform
[2024-06-14T11:42:45.875+0000] {task_command.py:426} INFO - Running <TaskInstance: f1_data_pipeline_taskflow.freePracticeDim_transform scheduled__2024-06-13T00:00:00+00:00 [running]> on host aae9b98b8a12
[2024-06-14T11:42:47.912+0000] {taskinstance.py:2648} INFO - Exporting env vars: AIRFLOW_CTX_DAG_OWNER='***' AIRFLOW_CTX_DAG_ID='f1_data_pipeline_taskflow' AIRFLOW_CTX_TASK_ID='freePracticeDim_transform' AIRFLOW_CTX_EXECUTION_DATE='2024-06-13T00:00:00+00:00' AIRFLOW_CTX_TRY_NUMBER='1' AIRFLOW_CTX_DAG_RUN_ID='scheduled__2024-06-13T00:00:00+00:00'
[2024-06-14T11:42:47.915+0000] {taskinstance.py:430} INFO - ::endgroup::
[2024-06-14T11:42:48.006+0000] {python.py:237} INFO - Done. Returned value was:         raceId fp1_date fp2_date fp3_date fp1_time fp2_time fp3_time
0          860     None     None     None     None     None     None
232        861     None     None     None     None     None     None
680        862     None     None     None     None     None     None
1016       863     None     None     None     None     None     None
1187       864     None     None     None     None     None     None
...        ...      ...      ...      ...      ...      ...      ...
76080      938     None     None     None     None     None     None
76430      940     None     None     None     None     None     None
76916      944     None     None     None     None     None     None
85494      990     None     None     None     None     None     None
106841     951     None     None     None     None     None     None

[232 rows x 7 columns]
[2024-06-14T11:42:48.016+0000] {taskinstance.py:441} INFO - ::group::Post task execution logs
[2024-06-14T11:42:48.042+0000] {taskinstance.py:1206} INFO - Marking task as SUCCESS. dag_id=f1_data_pipeline_taskflow, task_id=freePracticeDim_transform, run_id=scheduled__2024-06-13T00:00:00+00:00, execution_date=20240613T000000, start_date=20240614T114245, end_date=20240614T114248
[2024-06-14T11:42:48.134+0000] {local_task_job_runner.py:240} INFO - Task exited with return code 0
[2024-06-14T11:42:48.145+0000] {local_task_job_runner.py:222} INFO - ::endgroup::
[2024-06-14T12:17:18.110+0000] {local_task_job_runner.py:120} INFO - ::group::Pre task execution logs
[2024-06-14T12:17:18.128+0000] {taskinstance.py:2076} INFO - Dependencies all met for dep_context=non-requeueable deps ti=<TaskInstance: f1_data_pipeline_taskflow.freePracticeDim_transform scheduled__2024-06-13T00:00:00+00:00 [queued]>
[2024-06-14T12:17:18.134+0000] {taskinstance.py:2076} INFO - Dependencies all met for dep_context=requeueable deps ti=<TaskInstance: f1_data_pipeline_taskflow.freePracticeDim_transform scheduled__2024-06-13T00:00:00+00:00 [queued]>
[2024-06-14T12:17:18.135+0000] {taskinstance.py:2306} INFO - Starting attempt 1 of 1
[2024-06-14T12:17:18.146+0000] {taskinstance.py:2330} INFO - Executing <Task(_PythonDecoratedOperator): freePracticeDim_transform> on 2024-06-13 00:00:00+00:00
[2024-06-14T12:17:18.151+0000] {warnings.py:110} WARNING - /home/***/.local/lib/python3.12/site-packages/***/task/task_runner/standard_task_runner.py:61: DeprecationWarning: This process (pid=104) is multi-threaded, use of fork() may lead to deadlocks in the child.
  pid = os.fork()

[2024-06-14T12:17:18.152+0000] {standard_task_runner.py:63} INFO - Started process 119 to run task
[2024-06-14T12:17:18.153+0000] {standard_task_runner.py:90} INFO - Running: ['***', 'tasks', 'run', 'f1_data_pipeline_taskflow', 'freePracticeDim_transform', 'scheduled__2024-06-13T00:00:00+00:00', '--job-id', '8', '--raw', '--subdir', 'DAGS_FOLDER/etl_dag.py', '--cfg-path', '/tmp/tmpro_ud23j']
[2024-06-14T12:17:18.154+0000] {standard_task_runner.py:91} INFO - Job 8: Subtask freePracticeDim_transform
[2024-06-14T12:17:18.201+0000] {task_command.py:426} INFO - Running <TaskInstance: f1_data_pipeline_taskflow.freePracticeDim_transform scheduled__2024-06-13T00:00:00+00:00 [running]> on host e4ecbb11494f
[2024-06-14T12:17:19.932+0000] {taskinstance.py:2648} INFO - Exporting env vars: AIRFLOW_CTX_DAG_OWNER='***' AIRFLOW_CTX_DAG_ID='f1_data_pipeline_taskflow' AIRFLOW_CTX_TASK_ID='freePracticeDim_transform' AIRFLOW_CTX_EXECUTION_DATE='2024-06-13T00:00:00+00:00' AIRFLOW_CTX_TRY_NUMBER='1' AIRFLOW_CTX_DAG_RUN_ID='scheduled__2024-06-13T00:00:00+00:00'
[2024-06-14T12:17:19.934+0000] {taskinstance.py:430} INFO - ::endgroup::
[2024-06-14T12:17:20.050+0000] {python.py:237} INFO - Done. Returned value was:         raceId fp1_date fp2_date fp3_date fp1_time fp2_time fp3_time
0          860     None     None     None     None     None     None
232        861     None     None     None     None     None     None
680        862     None     None     None     None     None     None
1016       863     None     None     None     None     None     None
1187       864     None     None     None     None     None     None
...        ...      ...      ...      ...      ...      ...      ...
76080      938     None     None     None     None     None     None
76430      940     None     None     None     None     None     None
76916      944     None     None     None     None     None     None
85494      990     None     None     None     None     None     None
106841     951     None     None     None     None     None     None

[232 rows x 7 columns]
[2024-06-14T12:17:20.067+0000] {taskinstance.py:441} INFO - ::group::Post task execution logs
[2024-06-14T12:17:20.100+0000] {taskinstance.py:1206} INFO - Marking task as SUCCESS. dag_id=f1_data_pipeline_taskflow, task_id=freePracticeDim_transform, run_id=scheduled__2024-06-13T00:00:00+00:00, execution_date=20240613T000000, start_date=20240614T121718, end_date=20240614T121720
[2024-06-14T12:17:20.170+0000] {local_task_job_runner.py:240} INFO - Task exited with return code 0
[2024-06-14T12:17:20.178+0000] {local_task_job_runner.py:222} INFO - ::endgroup::
[2024-06-14T12:44:49.293+0000] {local_task_job_runner.py:120} INFO - ::group::Pre task execution logs
[2024-06-14T12:44:49.312+0000] {taskinstance.py:2076} INFO - Dependencies all met for dep_context=non-requeueable deps ti=<TaskInstance: f1_data_pipeline_taskflow.freePracticeDim_transform scheduled__2024-06-13T00:00:00+00:00 [queued]>
[2024-06-14T12:44:49.320+0000] {taskinstance.py:2076} INFO - Dependencies all met for dep_context=requeueable deps ti=<TaskInstance: f1_data_pipeline_taskflow.freePracticeDim_transform scheduled__2024-06-13T00:00:00+00:00 [queued]>
[2024-06-14T12:44:49.320+0000] {taskinstance.py:2306} INFO - Starting attempt 1 of 1
[2024-06-14T12:44:49.330+0000] {taskinstance.py:2330} INFO - Executing <Task(_PythonDecoratedOperator): freePracticeDim_transform> on 2024-06-13 00:00:00+00:00
[2024-06-14T12:44:49.336+0000] {warnings.py:110} WARNING - /home/***/.local/lib/python3.12/site-packages/***/task/task_runner/standard_task_runner.py:61: DeprecationWarning: This process (pid=103) is multi-threaded, use of fork() may lead to deadlocks in the child.
  pid = os.fork()

[2024-06-14T12:44:49.337+0000] {standard_task_runner.py:63} INFO - Started process 115 to run task
[2024-06-14T12:44:49.337+0000] {standard_task_runner.py:90} INFO - Running: ['***', 'tasks', 'run', 'f1_data_pipeline_taskflow', 'freePracticeDim_transform', 'scheduled__2024-06-13T00:00:00+00:00', '--job-id', '6', '--raw', '--subdir', 'DAGS_FOLDER/etl_dag.py', '--cfg-path', '/tmp/tmpn3eglmwq']
[2024-06-14T12:44:49.339+0000] {standard_task_runner.py:91} INFO - Job 6: Subtask freePracticeDim_transform
[2024-06-14T12:44:49.381+0000] {task_command.py:426} INFO - Running <TaskInstance: f1_data_pipeline_taskflow.freePracticeDim_transform scheduled__2024-06-13T00:00:00+00:00 [running]> on host 23fced7d152c
[2024-06-14T12:44:51.150+0000] {taskinstance.py:2648} INFO - Exporting env vars: AIRFLOW_CTX_DAG_OWNER='***' AIRFLOW_CTX_DAG_ID='f1_data_pipeline_taskflow' AIRFLOW_CTX_TASK_ID='freePracticeDim_transform' AIRFLOW_CTX_EXECUTION_DATE='2024-06-13T00:00:00+00:00' AIRFLOW_CTX_TRY_NUMBER='1' AIRFLOW_CTX_DAG_RUN_ID='scheduled__2024-06-13T00:00:00+00:00'
[2024-06-14T12:44:51.152+0000] {taskinstance.py:430} INFO - ::endgroup::
[2024-06-14T12:44:51.251+0000] {python.py:237} INFO - Done. Returned value was:         raceId fp1_date fp2_date fp3_date fp1_time fp2_time fp3_time
0          860     None     None     None     None     None     None
232        861     None     None     None     None     None     None
680        862     None     None     None     None     None     None
1016       863     None     None     None     None     None     None
1187       864     None     None     None     None     None     None
...        ...      ...      ...      ...      ...      ...      ...
76080      938     None     None     None     None     None     None
76430      940     None     None     None     None     None     None
76916      944     None     None     None     None     None     None
85494      990     None     None     None     None     None     None
106841     951     None     None     None     None     None     None

[232 rows x 7 columns]
[2024-06-14T12:44:51.261+0000] {taskinstance.py:441} INFO - ::group::Post task execution logs
[2024-06-14T12:44:51.287+0000] {taskinstance.py:1206} INFO - Marking task as SUCCESS. dag_id=f1_data_pipeline_taskflow, task_id=freePracticeDim_transform, run_id=scheduled__2024-06-13T00:00:00+00:00, execution_date=20240613T000000, start_date=20240614T124449, end_date=20240614T124451
[2024-06-14T12:44:51.345+0000] {local_task_job_runner.py:240} INFO - Task exited with return code 0
[2024-06-14T12:44:51.353+0000] {local_task_job_runner.py:222} INFO - ::endgroup::
[2024-06-14T13:32:22.732+0000] {local_task_job_runner.py:120} INFO - ::group::Pre task execution logs
[2024-06-14T13:32:22.751+0000] {taskinstance.py:2076} INFO - Dependencies all met for dep_context=non-requeueable deps ti=<TaskInstance: f1_data_pipeline_taskflow.freePracticeDim_transform scheduled__2024-06-13T00:00:00+00:00 [queued]>
[2024-06-14T13:32:22.759+0000] {taskinstance.py:2076} INFO - Dependencies all met for dep_context=requeueable deps ti=<TaskInstance: f1_data_pipeline_taskflow.freePracticeDim_transform scheduled__2024-06-13T00:00:00+00:00 [queued]>
[2024-06-14T13:32:22.759+0000] {taskinstance.py:2306} INFO - Starting attempt 1 of 1
[2024-06-14T13:32:22.770+0000] {taskinstance.py:2330} INFO - Executing <Task(_PythonDecoratedOperator): freePracticeDim_transform> on 2024-06-13 00:00:00+00:00
[2024-06-14T13:32:22.778+0000] {warnings.py:110} WARNING - /home/***/.local/lib/python3.12/site-packages/***/task/task_runner/standard_task_runner.py:61: DeprecationWarning: This process (pid=97) is multi-threaded, use of fork() may lead to deadlocks in the child.
  pid = os.fork()

[2024-06-14T13:32:22.781+0000] {standard_task_runner.py:63} INFO - Started process 109 to run task
[2024-06-14T13:32:22.782+0000] {standard_task_runner.py:90} INFO - Running: ['***', 'tasks', 'run', 'f1_data_pipeline_taskflow', 'freePracticeDim_transform', 'scheduled__2024-06-13T00:00:00+00:00', '--job-id', '9', '--raw', '--subdir', 'DAGS_FOLDER/etl_dag.py', '--cfg-path', '/tmp/tmptypo0qem']
[2024-06-14T13:32:22.784+0000] {standard_task_runner.py:91} INFO - Job 9: Subtask freePracticeDim_transform
[2024-06-14T13:32:22.830+0000] {task_command.py:426} INFO - Running <TaskInstance: f1_data_pipeline_taskflow.freePracticeDim_transform scheduled__2024-06-13T00:00:00+00:00 [running]> on host 5a14b9f42b04
[2024-06-14T13:32:24.654+0000] {taskinstance.py:2648} INFO - Exporting env vars: AIRFLOW_CTX_DAG_OWNER='***' AIRFLOW_CTX_DAG_ID='f1_data_pipeline_taskflow' AIRFLOW_CTX_TASK_ID='freePracticeDim_transform' AIRFLOW_CTX_EXECUTION_DATE='2024-06-13T00:00:00+00:00' AIRFLOW_CTX_TRY_NUMBER='1' AIRFLOW_CTX_DAG_RUN_ID='scheduled__2024-06-13T00:00:00+00:00'
[2024-06-14T13:32:24.656+0000] {taskinstance.py:430} INFO - ::endgroup::
[2024-06-14T13:32:24.750+0000] {python.py:237} INFO - Done. Returned value was:         raceId fp1_date fp2_date fp3_date fp1_time fp2_time fp3_time
0          860     None     None     None     None     None     None
232        861     None     None     None     None     None     None
680        862     None     None     None     None     None     None
1016       863     None     None     None     None     None     None
1187       864     None     None     None     None     None     None
...        ...      ...      ...      ...      ...      ...      ...
76080      938     None     None     None     None     None     None
76430      940     None     None     None     None     None     None
76916      944     None     None     None     None     None     None
85494      990     None     None     None     None     None     None
106841     951     None     None     None     None     None     None

[232 rows x 7 columns]
[2024-06-14T13:32:24.761+0000] {taskinstance.py:441} INFO - ::group::Post task execution logs
[2024-06-14T13:32:24.788+0000] {taskinstance.py:1206} INFO - Marking task as SUCCESS. dag_id=f1_data_pipeline_taskflow, task_id=freePracticeDim_transform, run_id=scheduled__2024-06-13T00:00:00+00:00, execution_date=20240613T000000, start_date=20240614T133222, end_date=20240614T133224
[2024-06-14T13:32:24.869+0000] {local_task_job_runner.py:240} INFO - Task exited with return code 0
[2024-06-14T13:32:24.877+0000] {local_task_job_runner.py:222} INFO - ::endgroup::
[2024-06-14T13:56:35.645+0000] {local_task_job_runner.py:120} INFO - ::group::Pre task execution logs
[2024-06-14T13:56:35.664+0000] {taskinstance.py:2076} INFO - Dependencies all met for dep_context=non-requeueable deps ti=<TaskInstance: f1_data_pipeline_taskflow.freePracticeDim_transform scheduled__2024-06-13T00:00:00+00:00 [queued]>
[2024-06-14T13:56:35.671+0000] {taskinstance.py:2076} INFO - Dependencies all met for dep_context=requeueable deps ti=<TaskInstance: f1_data_pipeline_taskflow.freePracticeDim_transform scheduled__2024-06-13T00:00:00+00:00 [queued]>
[2024-06-14T13:56:35.672+0000] {taskinstance.py:2306} INFO - Starting attempt 1 of 1
[2024-06-14T13:56:35.684+0000] {taskinstance.py:2330} INFO - Executing <Task(_PythonDecoratedOperator): freePracticeDim_transform> on 2024-06-13 00:00:00+00:00
[2024-06-14T13:56:35.689+0000] {warnings.py:110} WARNING - /home/***/.local/lib/python3.12/site-packages/***/task/task_runner/standard_task_runner.py:61: DeprecationWarning: This process (pid=123) is multi-threaded, use of fork() may lead to deadlocks in the child.
  pid = os.fork()

[2024-06-14T13:56:35.691+0000] {standard_task_runner.py:63} INFO - Started process 137 to run task
[2024-06-14T13:56:35.691+0000] {standard_task_runner.py:90} INFO - Running: ['***', 'tasks', 'run', 'f1_data_pipeline_taskflow', 'freePracticeDim_transform', 'scheduled__2024-06-13T00:00:00+00:00', '--job-id', '7', '--raw', '--subdir', 'DAGS_FOLDER/etl_dag.py', '--cfg-path', '/tmp/tmplifmws7w']
[2024-06-14T13:56:35.693+0000] {standard_task_runner.py:91} INFO - Job 7: Subtask freePracticeDim_transform
[2024-06-14T13:56:35.738+0000] {task_command.py:426} INFO - Running <TaskInstance: f1_data_pipeline_taskflow.freePracticeDim_transform scheduled__2024-06-13T00:00:00+00:00 [running]> on host 32b182b24782
[2024-06-14T13:56:37.617+0000] {taskinstance.py:2648} INFO - Exporting env vars: AIRFLOW_CTX_DAG_OWNER='***' AIRFLOW_CTX_DAG_ID='f1_data_pipeline_taskflow' AIRFLOW_CTX_TASK_ID='freePracticeDim_transform' AIRFLOW_CTX_EXECUTION_DATE='2024-06-13T00:00:00+00:00' AIRFLOW_CTX_TRY_NUMBER='1' AIRFLOW_CTX_DAG_RUN_ID='scheduled__2024-06-13T00:00:00+00:00'
[2024-06-14T13:56:37.621+0000] {taskinstance.py:430} INFO - ::endgroup::
[2024-06-14T13:56:37.713+0000] {python.py:237} INFO - Done. Returned value was:         raceId fp1_date fp2_date fp3_date fp1_time fp2_time fp3_time
0          860     None     None     None     None     None     None
232        861     None     None     None     None     None     None
680        862     None     None     None     None     None     None
1016       863     None     None     None     None     None     None
1187       864     None     None     None     None     None     None
...        ...      ...      ...      ...      ...      ...      ...
76080      938     None     None     None     None     None     None
76430      940     None     None     None     None     None     None
76916      944     None     None     None     None     None     None
85494      990     None     None     None     None     None     None
106841     951     None     None     None     None     None     None

[232 rows x 7 columns]
[2024-06-14T13:56:37.723+0000] {taskinstance.py:441} INFO - ::group::Post task execution logs
[2024-06-14T13:56:37.748+0000] {taskinstance.py:1206} INFO - Marking task as SUCCESS. dag_id=f1_data_pipeline_taskflow, task_id=freePracticeDim_transform, run_id=scheduled__2024-06-13T00:00:00+00:00, execution_date=20240613T000000, start_date=20240614T135635, end_date=20240614T135637
[2024-06-14T13:56:37.831+0000] {local_task_job_runner.py:240} INFO - Task exited with return code 0
[2024-06-14T13:56:37.839+0000] {local_task_job_runner.py:222} INFO - ::endgroup::
