[2024-06-07T08:42:54.373+0000] {local_task_job_runner.py:120} INFO - ::group::Pre task execution logs
[2024-06-07T08:42:54.388+0000] {taskinstance.py:2076} INFO - Dependencies all met for dep_context=non-requeueable deps ti=<TaskInstance: f1_data_pipeline_taskflow.load_constructorStandings_task scheduled__2024-06-06T00:00:00+00:00 [queued]>
[2024-06-07T08:42:54.393+0000] {taskinstance.py:2076} INFO - Dependencies all met for dep_context=requeueable deps ti=<TaskInstance: f1_data_pipeline_taskflow.load_constructorStandings_task scheduled__2024-06-06T00:00:00+00:00 [queued]>
[2024-06-07T08:42:54.393+0000] {taskinstance.py:2306} INFO - Starting attempt 1 of 1
[2024-06-07T08:42:54.409+0000] {taskinstance.py:2330} INFO - Executing <Task(_PythonDecoratedOperator): load_constructorStandings_task> on 2024-06-06 00:00:00+00:00
[2024-06-07T08:42:54.416+0000] {warnings.py:110} WARNING - /home/***/.local/lib/python3.12/site-packages/***/task/task_runner/standard_task_runner.py:61: DeprecationWarning: This process (pid=421) is multi-threaded, use of fork() may lead to deadlocks in the child.
  pid = os.fork()

[2024-06-07T08:42:54.417+0000] {standard_task_runner.py:63} INFO - Started process 429 to run task
[2024-06-07T08:42:54.418+0000] {standard_task_runner.py:90} INFO - Running: ['***', 'tasks', 'run', 'f1_data_pipeline_taskflow', 'load_constructorStandings_task', 'scheduled__2024-06-06T00:00:00+00:00', '--job-id', '60', '--raw', '--subdir', 'DAGS_FOLDER/etl_dag.py', '--cfg-path', '/tmp/tmp042fconi']
[2024-06-07T08:42:54.419+0000] {standard_task_runner.py:91} INFO - Job 60: Subtask load_constructorStandings_task
[2024-06-07T08:42:54.454+0000] {task_command.py:426} INFO - Running <TaskInstance: f1_data_pipeline_taskflow.load_constructorStandings_task scheduled__2024-06-06T00:00:00+00:00 [running]> on host 9459748fcbed
[2024-06-07T08:42:54.573+0000] {taskinstance.py:2648} INFO - Exporting env vars: AIRFLOW_CTX_DAG_OWNER='***' AIRFLOW_CTX_DAG_ID='f1_data_pipeline_taskflow' AIRFLOW_CTX_TASK_ID='load_constructorStandings_task' AIRFLOW_CTX_EXECUTION_DATE='2024-06-06T00:00:00+00:00' AIRFLOW_CTX_TRY_NUMBER='1' AIRFLOW_CTX_DAG_RUN_ID='scheduled__2024-06-06T00:00:00+00:00'
[2024-06-07T08:42:54.575+0000] {taskinstance.py:430} INFO - ::endgroup::
[2024-06-07T08:42:54.576+0000] {crypto.py:82} WARNING - empty cryptography key - values will not be stored encrypted.
[2024-06-07T08:42:54.577+0000] {base.py:84} INFO - Using connection ID 'sourcedb_connection' for task execution.
[2024-06-07T08:42:54.637+0000] {python.py:237} INFO - Done. Returned value was: None
[2024-06-07T08:42:54.639+0000] {taskinstance.py:441} INFO - ::group::Post task execution logs
[2024-06-07T08:42:54.652+0000] {taskinstance.py:1206} INFO - Marking task as SUCCESS. dag_id=f1_data_pipeline_taskflow, task_id=load_constructorStandings_task, run_id=scheduled__2024-06-06T00:00:00+00:00, execution_date=20240606T000000, start_date=20240607T084254, end_date=20240607T084254
[2024-06-07T08:42:54.712+0000] {local_task_job_runner.py:240} INFO - Task exited with return code 0
[2024-06-07T08:42:54.771+0000] {taskinstance.py:3498} INFO - 0 downstream tasks scheduled from follow-on schedule check
[2024-06-07T08:42:54.772+0000] {local_task_job_runner.py:222} INFO - ::endgroup::
[2024-06-07T10:22:47.344+0000] {local_task_job_runner.py:120} INFO - ::group::Pre task execution logs
[2024-06-07T10:22:47.403+0000] {taskinstance.py:2076} INFO - Dependencies all met for dep_context=non-requeueable deps ti=<TaskInstance: f1_data_pipeline_taskflow.load_constructorStandings_task scheduled__2024-06-06T00:00:00+00:00 [queued]>
[2024-06-07T10:22:47.419+0000] {taskinstance.py:2076} INFO - Dependencies all met for dep_context=requeueable deps ti=<TaskInstance: f1_data_pipeline_taskflow.load_constructorStandings_task scheduled__2024-06-06T00:00:00+00:00 [queued]>
[2024-06-07T10:22:47.420+0000] {taskinstance.py:2306} INFO - Starting attempt 1 of 1
[2024-06-07T10:22:47.434+0000] {taskinstance.py:2330} INFO - Executing <Task(_PythonDecoratedOperator): load_constructorStandings_task> on 2024-06-06 00:00:00+00:00
[2024-06-07T10:22:47.442+0000] {warnings.py:110} WARNING - /home/***/.local/lib/python3.12/site-packages/***/task/task_runner/standard_task_runner.py:61: DeprecationWarning: This process (pid=427) is multi-threaded, use of fork() may lead to deadlocks in the child.
  pid = os.fork()

[2024-06-07T10:22:47.443+0000] {standard_task_runner.py:63} INFO - Started process 453 to run task
[2024-06-07T10:22:47.444+0000] {standard_task_runner.py:90} INFO - Running: ['***', 'tasks', 'run', 'f1_data_pipeline_taskflow', 'load_constructorStandings_task', 'scheduled__2024-06-06T00:00:00+00:00', '--job-id', '23', '--raw', '--subdir', 'DAGS_FOLDER/etl_dag.py', '--cfg-path', '/tmp/tmp8qpvz32p']
[2024-06-07T10:22:47.446+0000] {standard_task_runner.py:91} INFO - Job 23: Subtask load_constructorStandings_task
[2024-06-07T10:22:47.491+0000] {task_command.py:426} INFO - Running <TaskInstance: f1_data_pipeline_taskflow.load_constructorStandings_task scheduled__2024-06-06T00:00:00+00:00 [running]> on host c52e0424619c
[2024-06-07T10:22:47.600+0000] {taskinstance.py:2648} INFO - Exporting env vars: AIRFLOW_CTX_DAG_OWNER='***' AIRFLOW_CTX_DAG_ID='f1_data_pipeline_taskflow' AIRFLOW_CTX_TASK_ID='load_constructorStandings_task' AIRFLOW_CTX_EXECUTION_DATE='2024-06-06T00:00:00+00:00' AIRFLOW_CTX_TRY_NUMBER='1' AIRFLOW_CTX_DAG_RUN_ID='scheduled__2024-06-06T00:00:00+00:00'
[2024-06-07T10:22:47.601+0000] {taskinstance.py:430} INFO - ::endgroup::
[2024-06-07T10:22:47.602+0000] {crypto.py:82} WARNING - empty cryptography key - values will not be stored encrypted.
[2024-06-07T10:22:47.602+0000] {base.py:84} INFO - Using connection ID 'sourcedb_connection' for task execution.
[2024-06-07T10:22:47.645+0000] {python.py:237} INFO - Done. Returned value was: None
[2024-06-07T10:22:47.645+0000] {taskinstance.py:441} INFO - ::group::Post task execution logs
[2024-06-07T10:22:47.653+0000] {taskinstance.py:1206} INFO - Marking task as SUCCESS. dag_id=f1_data_pipeline_taskflow, task_id=load_constructorStandings_task, run_id=scheduled__2024-06-06T00:00:00+00:00, execution_date=20240606T000000, start_date=20240607T102247, end_date=20240607T102247
[2024-06-07T10:22:47.697+0000] {local_task_job_runner.py:240} INFO - Task exited with return code 0
[2024-06-07T10:22:47.704+0000] {local_task_job_runner.py:222} INFO - ::endgroup::
[2024-06-07T10:29:16.600+0000] {local_task_job_runner.py:120} INFO - ::group::Pre task execution logs
[2024-06-07T10:29:16.616+0000] {taskinstance.py:2076} INFO - Dependencies all met for dep_context=non-requeueable deps ti=<TaskInstance: f1_data_pipeline_taskflow.load_constructorStandings_task scheduled__2024-06-06T00:00:00+00:00 [queued]>
[2024-06-07T10:29:16.622+0000] {taskinstance.py:2076} INFO - Dependencies all met for dep_context=requeueable deps ti=<TaskInstance: f1_data_pipeline_taskflow.load_constructorStandings_task scheduled__2024-06-06T00:00:00+00:00 [queued]>
[2024-06-07T10:29:16.622+0000] {taskinstance.py:2306} INFO - Starting attempt 1 of 1
[2024-06-07T10:29:16.632+0000] {taskinstance.py:2330} INFO - Executing <Task(_PythonDecoratedOperator): load_constructorStandings_task> on 2024-06-06 00:00:00+00:00
[2024-06-07T10:29:16.638+0000] {warnings.py:110} WARNING - /home/***/.local/lib/python3.12/site-packages/***/task/task_runner/standard_task_runner.py:61: DeprecationWarning: This process (pid=338) is multi-threaded, use of fork() may lead to deadlocks in the child.
  pid = os.fork()

[2024-06-07T10:29:16.639+0000] {standard_task_runner.py:63} INFO - Started process 387 to run task
[2024-06-07T10:29:16.640+0000] {standard_task_runner.py:90} INFO - Running: ['***', 'tasks', 'run', 'f1_data_pipeline_taskflow', 'load_constructorStandings_task', 'scheduled__2024-06-06T00:00:00+00:00', '--job-id', '20', '--raw', '--subdir', 'DAGS_FOLDER/etl_dag.py', '--cfg-path', '/tmp/tmp49wqt4qq']
[2024-06-07T10:29:16.641+0000] {standard_task_runner.py:91} INFO - Job 20: Subtask load_constructorStandings_task
[2024-06-07T10:29:16.696+0000] {task_command.py:426} INFO - Running <TaskInstance: f1_data_pipeline_taskflow.load_constructorStandings_task scheduled__2024-06-06T00:00:00+00:00 [running]> on host 560daa7ebc6f
[2024-06-07T10:29:16.808+0000] {taskinstance.py:2648} INFO - Exporting env vars: AIRFLOW_CTX_DAG_OWNER='***' AIRFLOW_CTX_DAG_ID='f1_data_pipeline_taskflow' AIRFLOW_CTX_TASK_ID='load_constructorStandings_task' AIRFLOW_CTX_EXECUTION_DATE='2024-06-06T00:00:00+00:00' AIRFLOW_CTX_TRY_NUMBER='1' AIRFLOW_CTX_DAG_RUN_ID='scheduled__2024-06-06T00:00:00+00:00'
[2024-06-07T10:29:16.809+0000] {taskinstance.py:430} INFO - ::endgroup::
[2024-06-07T10:29:16.810+0000] {crypto.py:82} WARNING - empty cryptography key - values will not be stored encrypted.
[2024-06-07T10:29:16.811+0000] {base.py:84} INFO - Using connection ID 'sourcedb_connection' for task execution.
[2024-06-07T10:29:16.852+0000] {python.py:237} INFO - Done. Returned value was: None
[2024-06-07T10:29:16.853+0000] {taskinstance.py:441} INFO - ::group::Post task execution logs
[2024-06-07T10:29:16.861+0000] {taskinstance.py:1206} INFO - Marking task as SUCCESS. dag_id=f1_data_pipeline_taskflow, task_id=load_constructorStandings_task, run_id=scheduled__2024-06-06T00:00:00+00:00, execution_date=20240606T000000, start_date=20240607T102916, end_date=20240607T102916
[2024-06-07T10:29:16.893+0000] {local_task_job_runner.py:240} INFO - Task exited with return code 0
[2024-06-07T10:29:16.910+0000] {taskinstance.py:3498} INFO - 0 downstream tasks scheduled from follow-on schedule check
[2024-06-07T10:29:16.912+0000] {local_task_job_runner.py:222} INFO - ::endgroup::
[2024-06-07T10:54:52.970+0000] {local_task_job_runner.py:120} INFO - ::group::Pre task execution logs
[2024-06-07T10:54:52.986+0000] {taskinstance.py:2076} INFO - Dependencies all met for dep_context=non-requeueable deps ti=<TaskInstance: f1_data_pipeline_taskflow.load_constructorStandings_task scheduled__2024-06-06T00:00:00+00:00 [queued]>
[2024-06-07T10:54:52.991+0000] {taskinstance.py:2076} INFO - Dependencies all met for dep_context=requeueable deps ti=<TaskInstance: f1_data_pipeline_taskflow.load_constructorStandings_task scheduled__2024-06-06T00:00:00+00:00 [queued]>
[2024-06-07T10:54:52.991+0000] {taskinstance.py:2306} INFO - Starting attempt 1 of 1
[2024-06-07T10:54:52.999+0000] {taskinstance.py:2330} INFO - Executing <Task(_PythonDecoratedOperator): load_constructorStandings_task> on 2024-06-06 00:00:00+00:00
[2024-06-07T10:54:53.005+0000] {warnings.py:110} WARNING - /home/***/.local/lib/python3.12/site-packages/***/task/task_runner/standard_task_runner.py:61: DeprecationWarning: This process (pid=512) is multi-threaded, use of fork() may lead to deadlocks in the child.
  pid = os.fork()

[2024-06-07T10:54:53.006+0000] {standard_task_runner.py:63} INFO - Started process 522 to run task
[2024-06-07T10:54:53.007+0000] {standard_task_runner.py:90} INFO - Running: ['***', 'tasks', 'run', 'f1_data_pipeline_taskflow', 'load_constructorStandings_task', 'scheduled__2024-06-06T00:00:00+00:00', '--job-id', '19', '--raw', '--subdir', 'DAGS_FOLDER/etl_dag.py', '--cfg-path', '/tmp/tmp6sc9fne8']
[2024-06-07T10:54:53.008+0000] {standard_task_runner.py:91} INFO - Job 19: Subtask load_constructorStandings_task
[2024-06-07T10:54:53.054+0000] {task_command.py:426} INFO - Running <TaskInstance: f1_data_pipeline_taskflow.load_constructorStandings_task scheduled__2024-06-06T00:00:00+00:00 [running]> on host 511ae3a85ee7
[2024-06-07T10:54:53.179+0000] {taskinstance.py:2648} INFO - Exporting env vars: AIRFLOW_CTX_DAG_OWNER='***' AIRFLOW_CTX_DAG_ID='f1_data_pipeline_taskflow' AIRFLOW_CTX_TASK_ID='load_constructorStandings_task' AIRFLOW_CTX_EXECUTION_DATE='2024-06-06T00:00:00+00:00' AIRFLOW_CTX_TRY_NUMBER='1' AIRFLOW_CTX_DAG_RUN_ID='scheduled__2024-06-06T00:00:00+00:00'
[2024-06-07T10:54:53.180+0000] {taskinstance.py:430} INFO - ::endgroup::
[2024-06-07T10:54:53.181+0000] {crypto.py:82} WARNING - empty cryptography key - values will not be stored encrypted.
[2024-06-07T10:54:53.181+0000] {base.py:84} INFO - Using connection ID 'sourcedb_connection' for task execution.
[2024-06-07T10:54:53.224+0000] {python.py:237} INFO - Done. Returned value was: None
[2024-06-07T10:54:53.224+0000] {taskinstance.py:441} INFO - ::group::Post task execution logs
[2024-06-07T10:54:53.232+0000] {taskinstance.py:1206} INFO - Marking task as SUCCESS. dag_id=f1_data_pipeline_taskflow, task_id=load_constructorStandings_task, run_id=scheduled__2024-06-06T00:00:00+00:00, execution_date=20240606T000000, start_date=20240607T105452, end_date=20240607T105453
[2024-06-07T10:54:53.260+0000] {local_task_job_runner.py:240} INFO - Task exited with return code 0
[2024-06-07T10:54:53.272+0000] {taskinstance.py:3498} INFO - 0 downstream tasks scheduled from follow-on schedule check
[2024-06-07T10:54:53.273+0000] {local_task_job_runner.py:222} INFO - ::endgroup::
[2024-06-07T11:04:24.933+0000] {local_task_job_runner.py:120} INFO - ::group::Pre task execution logs
[2024-06-07T11:04:24.951+0000] {taskinstance.py:2076} INFO - Dependencies all met for dep_context=non-requeueable deps ti=<TaskInstance: f1_data_pipeline_taskflow.load_constructorStandings_task scheduled__2024-06-06T00:00:00+00:00 [queued]>
[2024-06-07T11:04:24.959+0000] {taskinstance.py:2076} INFO - Dependencies all met for dep_context=requeueable deps ti=<TaskInstance: f1_data_pipeline_taskflow.load_constructorStandings_task scheduled__2024-06-06T00:00:00+00:00 [queued]>
[2024-06-07T11:04:24.959+0000] {taskinstance.py:2306} INFO - Starting attempt 1 of 1
[2024-06-07T11:04:24.969+0000] {taskinstance.py:2330} INFO - Executing <Task(_PythonDecoratedOperator): load_constructorStandings_task> on 2024-06-06 00:00:00+00:00
[2024-06-07T11:04:24.976+0000] {warnings.py:110} WARNING - /home/***/.local/lib/python3.12/site-packages/***/task/task_runner/standard_task_runner.py:61: DeprecationWarning: This process (pid=432) is multi-threaded, use of fork() may lead to deadlocks in the child.
  pid = os.fork()

[2024-06-07T11:04:24.977+0000] {standard_task_runner.py:63} INFO - Started process 543 to run task
[2024-06-07T11:04:24.977+0000] {standard_task_runner.py:90} INFO - Running: ['***', 'tasks', 'run', 'f1_data_pipeline_taskflow', 'load_constructorStandings_task', 'scheduled__2024-06-06T00:00:00+00:00', '--job-id', '28', '--raw', '--subdir', 'DAGS_FOLDER/etl_dag.py', '--cfg-path', '/tmp/tmpp90ojhfc']
[2024-06-07T11:04:24.979+0000] {standard_task_runner.py:91} INFO - Job 28: Subtask load_constructorStandings_task
[2024-06-07T11:04:25.021+0000] {task_command.py:426} INFO - Running <TaskInstance: f1_data_pipeline_taskflow.load_constructorStandings_task scheduled__2024-06-06T00:00:00+00:00 [running]> on host 56deb138ba11
[2024-06-07T11:04:25.128+0000] {taskinstance.py:2648} INFO - Exporting env vars: AIRFLOW_CTX_DAG_OWNER='***' AIRFLOW_CTX_DAG_ID='f1_data_pipeline_taskflow' AIRFLOW_CTX_TASK_ID='load_constructorStandings_task' AIRFLOW_CTX_EXECUTION_DATE='2024-06-06T00:00:00+00:00' AIRFLOW_CTX_TRY_NUMBER='1' AIRFLOW_CTX_DAG_RUN_ID='scheduled__2024-06-06T00:00:00+00:00'
[2024-06-07T11:04:25.129+0000] {taskinstance.py:430} INFO - ::endgroup::
[2024-06-07T11:04:25.130+0000] {crypto.py:82} WARNING - empty cryptography key - values will not be stored encrypted.
[2024-06-07T11:04:25.130+0000] {base.py:84} INFO - Using connection ID 'sourcedb_connection' for task execution.
[2024-06-07T11:04:25.171+0000] {python.py:237} INFO - Done. Returned value was: None
[2024-06-07T11:04:25.172+0000] {taskinstance.py:441} INFO - ::group::Post task execution logs
[2024-06-07T11:04:25.179+0000] {taskinstance.py:1206} INFO - Marking task as SUCCESS. dag_id=f1_data_pipeline_taskflow, task_id=load_constructorStandings_task, run_id=scheduled__2024-06-06T00:00:00+00:00, execution_date=20240606T000000, start_date=20240607T110424, end_date=20240607T110425
[2024-06-07T11:04:25.231+0000] {local_task_job_runner.py:240} INFO - Task exited with return code 0
[2024-06-07T11:04:25.244+0000] {taskinstance.py:3498} INFO - 0 downstream tasks scheduled from follow-on schedule check
[2024-06-07T11:04:25.246+0000] {local_task_job_runner.py:222} INFO - ::endgroup::
[2024-06-07T11:15:07.030+0000] {local_task_job_runner.py:120} INFO - ::group::Pre task execution logs
[2024-06-07T11:15:07.047+0000] {taskinstance.py:2076} INFO - Dependencies all met for dep_context=non-requeueable deps ti=<TaskInstance: f1_data_pipeline_taskflow.load_constructorStandings_task scheduled__2024-06-06T00:00:00+00:00 [queued]>
[2024-06-07T11:15:07.053+0000] {taskinstance.py:2076} INFO - Dependencies all met for dep_context=requeueable deps ti=<TaskInstance: f1_data_pipeline_taskflow.load_constructorStandings_task scheduled__2024-06-06T00:00:00+00:00 [queued]>
[2024-06-07T11:15:07.053+0000] {taskinstance.py:2306} INFO - Starting attempt 1 of 1
[2024-06-07T11:15:07.062+0000] {taskinstance.py:2330} INFO - Executing <Task(_PythonDecoratedOperator): load_constructorStandings_task> on 2024-06-06 00:00:00+00:00
[2024-06-07T11:15:07.069+0000] {warnings.py:110} WARNING - /home/***/.local/lib/python3.12/site-packages/***/task/task_runner/standard_task_runner.py:61: DeprecationWarning: This process (pid=424) is multi-threaded, use of fork() may lead to deadlocks in the child.
  pid = os.fork()

[2024-06-07T11:15:07.070+0000] {standard_task_runner.py:63} INFO - Started process 434 to run task
[2024-06-07T11:15:07.071+0000] {standard_task_runner.py:90} INFO - Running: ['***', 'tasks', 'run', 'f1_data_pipeline_taskflow', 'load_constructorStandings_task', 'scheduled__2024-06-06T00:00:00+00:00', '--job-id', '22', '--raw', '--subdir', 'DAGS_FOLDER/etl_dag.py', '--cfg-path', '/tmp/tmpds8n5btp']
[2024-06-07T11:15:07.072+0000] {standard_task_runner.py:91} INFO - Job 22: Subtask load_constructorStandings_task
[2024-06-07T11:15:07.108+0000] {task_command.py:426} INFO - Running <TaskInstance: f1_data_pipeline_taskflow.load_constructorStandings_task scheduled__2024-06-06T00:00:00+00:00 [running]> on host bdba731e3ece
[2024-06-07T11:15:07.222+0000] {taskinstance.py:2648} INFO - Exporting env vars: AIRFLOW_CTX_DAG_OWNER='***' AIRFLOW_CTX_DAG_ID='f1_data_pipeline_taskflow' AIRFLOW_CTX_TASK_ID='load_constructorStandings_task' AIRFLOW_CTX_EXECUTION_DATE='2024-06-06T00:00:00+00:00' AIRFLOW_CTX_TRY_NUMBER='1' AIRFLOW_CTX_DAG_RUN_ID='scheduled__2024-06-06T00:00:00+00:00'
[2024-06-07T11:15:07.224+0000] {taskinstance.py:430} INFO - ::endgroup::
[2024-06-07T11:15:07.225+0000] {crypto.py:82} WARNING - empty cryptography key - values will not be stored encrypted.
[2024-06-07T11:15:07.225+0000] {base.py:84} INFO - Using connection ID 'sourcedb_connection' for task execution.
[2024-06-07T11:15:07.274+0000] {python.py:237} INFO - Done. Returned value was: None
[2024-06-07T11:15:07.275+0000] {taskinstance.py:441} INFO - ::group::Post task execution logs
[2024-06-07T11:15:07.288+0000] {taskinstance.py:1206} INFO - Marking task as SUCCESS. dag_id=f1_data_pipeline_taskflow, task_id=load_constructorStandings_task, run_id=scheduled__2024-06-06T00:00:00+00:00, execution_date=20240606T000000, start_date=20240607T111507, end_date=20240607T111507
[2024-06-07T11:15:07.365+0000] {local_task_job_runner.py:240} INFO - Task exited with return code 0
[2024-06-07T11:15:07.412+0000] {taskinstance.py:3498} INFO - 0 downstream tasks scheduled from follow-on schedule check
[2024-06-07T11:15:07.422+0000] {local_task_job_runner.py:222} INFO - ::endgroup::
[2024-06-07T12:30:59.920+0000] {local_task_job_runner.py:120} INFO - ::group::Pre task execution logs
[2024-06-07T12:30:59.937+0000] {taskinstance.py:2076} INFO - Dependencies all met for dep_context=non-requeueable deps ti=<TaskInstance: f1_data_pipeline_taskflow.load_constructorStandings_task scheduled__2024-06-06T00:00:00+00:00 [queued]>
[2024-06-07T12:30:59.944+0000] {taskinstance.py:2076} INFO - Dependencies all met for dep_context=requeueable deps ti=<TaskInstance: f1_data_pipeline_taskflow.load_constructorStandings_task scheduled__2024-06-06T00:00:00+00:00 [queued]>
[2024-06-07T12:30:59.944+0000] {taskinstance.py:2306} INFO - Starting attempt 1 of 1
[2024-06-07T12:30:59.953+0000] {taskinstance.py:2330} INFO - Executing <Task(_PythonDecoratedOperator): load_constructorStandings_task> on 2024-06-06 00:00:00+00:00
[2024-06-07T12:30:59.959+0000] {warnings.py:110} WARNING - /home/***/.local/lib/python3.12/site-packages/***/task/task_runner/standard_task_runner.py:61: DeprecationWarning: This process (pid=385) is multi-threaded, use of fork() may lead to deadlocks in the child.
  pid = os.fork()

[2024-06-07T12:30:59.960+0000] {standard_task_runner.py:63} INFO - Started process 439 to run task
[2024-06-07T12:30:59.961+0000] {standard_task_runner.py:90} INFO - Running: ['***', 'tasks', 'run', 'f1_data_pipeline_taskflow', 'load_constructorStandings_task', 'scheduled__2024-06-06T00:00:00+00:00', '--job-id', '22', '--raw', '--subdir', 'DAGS_FOLDER/etl_dag.py', '--cfg-path', '/tmp/tmpkyid1hly']
[2024-06-07T12:30:59.962+0000] {standard_task_runner.py:91} INFO - Job 22: Subtask load_constructorStandings_task
[2024-06-07T12:30:59.997+0000] {task_command.py:426} INFO - Running <TaskInstance: f1_data_pipeline_taskflow.load_constructorStandings_task scheduled__2024-06-06T00:00:00+00:00 [running]> on host 5a6477355f45
[2024-06-07T12:31:00.112+0000] {taskinstance.py:2648} INFO - Exporting env vars: AIRFLOW_CTX_DAG_OWNER='***' AIRFLOW_CTX_DAG_ID='f1_data_pipeline_taskflow' AIRFLOW_CTX_TASK_ID='load_constructorStandings_task' AIRFLOW_CTX_EXECUTION_DATE='2024-06-06T00:00:00+00:00' AIRFLOW_CTX_TRY_NUMBER='1' AIRFLOW_CTX_DAG_RUN_ID='scheduled__2024-06-06T00:00:00+00:00'
[2024-06-07T12:31:00.113+0000] {taskinstance.py:430} INFO - ::endgroup::
[2024-06-07T12:31:00.114+0000] {crypto.py:82} WARNING - empty cryptography key - values will not be stored encrypted.
[2024-06-07T12:31:00.114+0000] {base.py:84} INFO - Using connection ID 'sourcedb_connection' for task execution.
[2024-06-07T12:31:00.160+0000] {python.py:237} INFO - Done. Returned value was: None
[2024-06-07T12:31:00.160+0000] {taskinstance.py:441} INFO - ::group::Post task execution logs
[2024-06-07T12:31:00.167+0000] {taskinstance.py:1206} INFO - Marking task as SUCCESS. dag_id=f1_data_pipeline_taskflow, task_id=load_constructorStandings_task, run_id=scheduled__2024-06-06T00:00:00+00:00, execution_date=20240606T000000, start_date=20240607T123059, end_date=20240607T123100
[2024-06-07T12:31:00.214+0000] {local_task_job_runner.py:240} INFO - Task exited with return code 0
[2024-06-07T12:31:00.225+0000] {taskinstance.py:3498} INFO - 0 downstream tasks scheduled from follow-on schedule check
[2024-06-07T12:31:00.226+0000] {local_task_job_runner.py:222} INFO - ::endgroup::
[2024-06-07T13:02:17.192+0000] {local_task_job_runner.py:120} INFO - ::group::Pre task execution logs
[2024-06-07T13:02:17.208+0000] {taskinstance.py:2076} INFO - Dependencies all met for dep_context=non-requeueable deps ti=<TaskInstance: f1_data_pipeline_taskflow.load_constructorStandings_task scheduled__2024-06-06T00:00:00+00:00 [queued]>
[2024-06-07T13:02:17.214+0000] {taskinstance.py:2076} INFO - Dependencies all met for dep_context=requeueable deps ti=<TaskInstance: f1_data_pipeline_taskflow.load_constructorStandings_task scheduled__2024-06-06T00:00:00+00:00 [queued]>
[2024-06-07T13:02:17.214+0000] {taskinstance.py:2306} INFO - Starting attempt 1 of 1
[2024-06-07T13:02:17.222+0000] {taskinstance.py:2330} INFO - Executing <Task(_PythonDecoratedOperator): load_constructorStandings_task> on 2024-06-06 00:00:00+00:00
[2024-06-07T13:02:17.229+0000] {warnings.py:110} WARNING - /home/***/.local/lib/python3.12/site-packages/***/task/task_runner/standard_task_runner.py:61: DeprecationWarning: This process (pid=392) is multi-threaded, use of fork() may lead to deadlocks in the child.
  pid = os.fork()

[2024-06-07T13:02:17.230+0000] {standard_task_runner.py:63} INFO - Started process 399 to run task
[2024-06-07T13:02:17.230+0000] {standard_task_runner.py:90} INFO - Running: ['***', 'tasks', 'run', 'f1_data_pipeline_taskflow', 'load_constructorStandings_task', 'scheduled__2024-06-06T00:00:00+00:00', '--job-id', '20', '--raw', '--subdir', 'DAGS_FOLDER/etl_dag.py', '--cfg-path', '/tmp/tmplgx1up23']
[2024-06-07T13:02:17.232+0000] {standard_task_runner.py:91} INFO - Job 20: Subtask load_constructorStandings_task
[2024-06-07T13:02:17.267+0000] {task_command.py:426} INFO - Running <TaskInstance: f1_data_pipeline_taskflow.load_constructorStandings_task scheduled__2024-06-06T00:00:00+00:00 [running]> on host f698bc001b17
[2024-06-07T13:02:17.376+0000] {taskinstance.py:2648} INFO - Exporting env vars: AIRFLOW_CTX_DAG_OWNER='***' AIRFLOW_CTX_DAG_ID='f1_data_pipeline_taskflow' AIRFLOW_CTX_TASK_ID='load_constructorStandings_task' AIRFLOW_CTX_EXECUTION_DATE='2024-06-06T00:00:00+00:00' AIRFLOW_CTX_TRY_NUMBER='1' AIRFLOW_CTX_DAG_RUN_ID='scheduled__2024-06-06T00:00:00+00:00'
[2024-06-07T13:02:17.378+0000] {taskinstance.py:430} INFO - ::endgroup::
[2024-06-07T13:02:17.379+0000] {crypto.py:82} WARNING - empty cryptography key - values will not be stored encrypted.
[2024-06-07T13:02:17.380+0000] {base.py:84} INFO - Using connection ID 'sourcedb_connection' for task execution.
[2024-06-07T13:02:17.423+0000] {python.py:237} INFO - Done. Returned value was: None
[2024-06-07T13:02:17.423+0000] {taskinstance.py:441} INFO - ::group::Post task execution logs
[2024-06-07T13:02:17.435+0000] {taskinstance.py:1206} INFO - Marking task as SUCCESS. dag_id=f1_data_pipeline_taskflow, task_id=load_constructorStandings_task, run_id=scheduled__2024-06-06T00:00:00+00:00, execution_date=20240606T000000, start_date=20240607T130217, end_date=20240607T130217
[2024-06-07T13:02:17.484+0000] {local_task_job_runner.py:240} INFO - Task exited with return code 0
[2024-06-07T13:02:17.527+0000] {taskinstance.py:3498} INFO - 0 downstream tasks scheduled from follow-on schedule check
[2024-06-07T13:02:17.534+0000] {local_task_job_runner.py:222} INFO - ::endgroup::
[2024-06-07T13:10:44.080+0000] {local_task_job_runner.py:120} INFO - ::group::Pre task execution logs
[2024-06-07T13:10:44.099+0000] {taskinstance.py:2076} INFO - Dependencies all met for dep_context=non-requeueable deps ti=<TaskInstance: f1_data_pipeline_taskflow.load_constructorStandings_task scheduled__2024-06-06T00:00:00+00:00 [queued]>
[2024-06-07T13:10:44.106+0000] {taskinstance.py:2076} INFO - Dependencies all met for dep_context=requeueable deps ti=<TaskInstance: f1_data_pipeline_taskflow.load_constructorStandings_task scheduled__2024-06-06T00:00:00+00:00 [queued]>
[2024-06-07T13:10:44.106+0000] {taskinstance.py:2306} INFO - Starting attempt 1 of 1
[2024-06-07T13:10:44.116+0000] {taskinstance.py:2330} INFO - Executing <Task(_PythonDecoratedOperator): load_constructorStandings_task> on 2024-06-06 00:00:00+00:00
[2024-06-07T13:10:44.123+0000] {warnings.py:110} WARNING - /home/***/.local/lib/python3.12/site-packages/***/task/task_runner/standard_task_runner.py:61: DeprecationWarning: This process (pid=409) is multi-threaded, use of fork() may lead to deadlocks in the child.
  pid = os.fork()

[2024-06-07T13:10:44.124+0000] {standard_task_runner.py:63} INFO - Started process 417 to run task
[2024-06-07T13:10:44.125+0000] {standard_task_runner.py:90} INFO - Running: ['***', 'tasks', 'run', 'f1_data_pipeline_taskflow', 'load_constructorStandings_task', 'scheduled__2024-06-06T00:00:00+00:00', '--job-id', '22', '--raw', '--subdir', 'DAGS_FOLDER/etl_dag.py', '--cfg-path', '/tmp/tmpdrjdtvva']
[2024-06-07T13:10:44.126+0000] {standard_task_runner.py:91} INFO - Job 22: Subtask load_constructorStandings_task
[2024-06-07T13:10:44.166+0000] {task_command.py:426} INFO - Running <TaskInstance: f1_data_pipeline_taskflow.load_constructorStandings_task scheduled__2024-06-06T00:00:00+00:00 [running]> on host 5220b11abc3b
[2024-06-07T13:10:44.279+0000] {taskinstance.py:2648} INFO - Exporting env vars: AIRFLOW_CTX_DAG_OWNER='***' AIRFLOW_CTX_DAG_ID='f1_data_pipeline_taskflow' AIRFLOW_CTX_TASK_ID='load_constructorStandings_task' AIRFLOW_CTX_EXECUTION_DATE='2024-06-06T00:00:00+00:00' AIRFLOW_CTX_TRY_NUMBER='1' AIRFLOW_CTX_DAG_RUN_ID='scheduled__2024-06-06T00:00:00+00:00'
[2024-06-07T13:10:44.280+0000] {taskinstance.py:430} INFO - ::endgroup::
[2024-06-07T13:10:44.281+0000] {crypto.py:82} WARNING - empty cryptography key - values will not be stored encrypted.
[2024-06-07T13:10:44.282+0000] {base.py:84} INFO - Using connection ID 'sourcedb_connection' for task execution.
[2024-06-07T13:10:44.333+0000] {python.py:237} INFO - Done. Returned value was: None
[2024-06-07T13:10:44.334+0000] {taskinstance.py:441} INFO - ::group::Post task execution logs
[2024-06-07T13:10:44.347+0000] {taskinstance.py:1206} INFO - Marking task as SUCCESS. dag_id=f1_data_pipeline_taskflow, task_id=load_constructorStandings_task, run_id=scheduled__2024-06-06T00:00:00+00:00, execution_date=20240606T000000, start_date=20240607T131044, end_date=20240607T131044
[2024-06-07T13:10:44.418+0000] {local_task_job_runner.py:240} INFO - Task exited with return code 0
[2024-06-07T13:10:44.431+0000] {taskinstance.py:3498} INFO - 0 downstream tasks scheduled from follow-on schedule check
[2024-06-07T13:10:44.432+0000] {local_task_job_runner.py:222} INFO - ::endgroup::
[2024-06-07T14:13:56.396+0000] {local_task_job_runner.py:120} INFO - ::group::Pre task execution logs
[2024-06-07T14:13:56.412+0000] {taskinstance.py:2076} INFO - Dependencies all met for dep_context=non-requeueable deps ti=<TaskInstance: f1_data_pipeline_taskflow.load_constructorStandings_task scheduled__2024-06-06T00:00:00+00:00 [queued]>
[2024-06-07T14:13:56.418+0000] {taskinstance.py:2076} INFO - Dependencies all met for dep_context=requeueable deps ti=<TaskInstance: f1_data_pipeline_taskflow.load_constructorStandings_task scheduled__2024-06-06T00:00:00+00:00 [queued]>
[2024-06-07T14:13:56.418+0000] {taskinstance.py:2306} INFO - Starting attempt 1 of 1
[2024-06-07T14:13:56.427+0000] {taskinstance.py:2330} INFO - Executing <Task(_PythonDecoratedOperator): load_constructorStandings_task> on 2024-06-06 00:00:00+00:00
[2024-06-07T14:13:56.434+0000] {warnings.py:110} WARNING - /home/***/.local/lib/python3.12/site-packages/***/task/task_runner/standard_task_runner.py:61: DeprecationWarning: This process (pid=395) is multi-threaded, use of fork() may lead to deadlocks in the child.
  pid = os.fork()

[2024-06-07T14:13:56.435+0000] {standard_task_runner.py:63} INFO - Started process 449 to run task
[2024-06-07T14:13:56.436+0000] {standard_task_runner.py:90} INFO - Running: ['***', 'tasks', 'run', 'f1_data_pipeline_taskflow', 'load_constructorStandings_task', 'scheduled__2024-06-06T00:00:00+00:00', '--job-id', '22', '--raw', '--subdir', 'DAGS_FOLDER/etl_dag.py', '--cfg-path', '/tmp/tmppenizusm']
[2024-06-07T14:13:56.437+0000] {standard_task_runner.py:91} INFO - Job 22: Subtask load_constructorStandings_task
[2024-06-07T14:13:56.480+0000] {task_command.py:426} INFO - Running <TaskInstance: f1_data_pipeline_taskflow.load_constructorStandings_task scheduled__2024-06-06T00:00:00+00:00 [running]> on host 21a09bc8bac4
[2024-06-07T14:13:56.588+0000] {taskinstance.py:2648} INFO - Exporting env vars: AIRFLOW_CTX_DAG_OWNER='***' AIRFLOW_CTX_DAG_ID='f1_data_pipeline_taskflow' AIRFLOW_CTX_TASK_ID='load_constructorStandings_task' AIRFLOW_CTX_EXECUTION_DATE='2024-06-06T00:00:00+00:00' AIRFLOW_CTX_TRY_NUMBER='1' AIRFLOW_CTX_DAG_RUN_ID='scheduled__2024-06-06T00:00:00+00:00'
[2024-06-07T14:13:56.589+0000] {taskinstance.py:430} INFO - ::endgroup::
[2024-06-07T14:13:56.590+0000] {crypto.py:82} WARNING - empty cryptography key - values will not be stored encrypted.
[2024-06-07T14:13:56.590+0000] {base.py:84} INFO - Using connection ID 'sourcedb_connection' for task execution.
[2024-06-07T14:13:56.633+0000] {python.py:237} INFO - Done. Returned value was: None
[2024-06-07T14:13:56.634+0000] {taskinstance.py:441} INFO - ::group::Post task execution logs
[2024-06-07T14:13:56.640+0000] {taskinstance.py:1206} INFO - Marking task as SUCCESS. dag_id=f1_data_pipeline_taskflow, task_id=load_constructorStandings_task, run_id=scheduled__2024-06-06T00:00:00+00:00, execution_date=20240606T000000, start_date=20240607T141356, end_date=20240607T141356
[2024-06-07T14:13:56.689+0000] {local_task_job_runner.py:240} INFO - Task exited with return code 0
[2024-06-07T14:13:56.701+0000] {taskinstance.py:3498} INFO - 0 downstream tasks scheduled from follow-on schedule check
[2024-06-07T14:13:56.703+0000] {local_task_job_runner.py:222} INFO - ::endgroup::
[2024-06-07T14:41:47.985+0000] {local_task_job_runner.py:120} INFO - ::group::Pre task execution logs
[2024-06-07T14:41:48.002+0000] {taskinstance.py:2076} INFO - Dependencies all met for dep_context=non-requeueable deps ti=<TaskInstance: f1_data_pipeline_taskflow.load_constructorStandings_task scheduled__2024-06-06T00:00:00+00:00 [queued]>
[2024-06-07T14:41:48.009+0000] {taskinstance.py:2076} INFO - Dependencies all met for dep_context=requeueable deps ti=<TaskInstance: f1_data_pipeline_taskflow.load_constructorStandings_task scheduled__2024-06-06T00:00:00+00:00 [queued]>
[2024-06-07T14:41:48.009+0000] {taskinstance.py:2306} INFO - Starting attempt 1 of 1
[2024-06-07T14:41:48.020+0000] {taskinstance.py:2330} INFO - Executing <Task(_PythonDecoratedOperator): load_constructorStandings_task> on 2024-06-06 00:00:00+00:00
[2024-06-07T14:41:48.026+0000] {warnings.py:110} WARNING - /home/***/.local/lib/python3.12/site-packages/***/task/task_runner/standard_task_runner.py:61: DeprecationWarning: This process (pid=394) is multi-threaded, use of fork() may lead to deadlocks in the child.
  pid = os.fork()

[2024-06-07T14:41:48.027+0000] {standard_task_runner.py:63} INFO - Started process 400 to run task
[2024-06-07T14:41:48.028+0000] {standard_task_runner.py:90} INFO - Running: ['***', 'tasks', 'run', 'f1_data_pipeline_taskflow', 'load_constructorStandings_task', 'scheduled__2024-06-06T00:00:00+00:00', '--job-id', '21', '--raw', '--subdir', 'DAGS_FOLDER/etl_dag.py', '--cfg-path', '/tmp/tmp1loibv68']
[2024-06-07T14:41:48.029+0000] {standard_task_runner.py:91} INFO - Job 21: Subtask load_constructorStandings_task
[2024-06-07T14:41:48.064+0000] {task_command.py:426} INFO - Running <TaskInstance: f1_data_pipeline_taskflow.load_constructorStandings_task scheduled__2024-06-06T00:00:00+00:00 [running]> on host 5b44fb81e12c
[2024-06-07T14:41:48.174+0000] {taskinstance.py:2648} INFO - Exporting env vars: AIRFLOW_CTX_DAG_OWNER='***' AIRFLOW_CTX_DAG_ID='f1_data_pipeline_taskflow' AIRFLOW_CTX_TASK_ID='load_constructorStandings_task' AIRFLOW_CTX_EXECUTION_DATE='2024-06-06T00:00:00+00:00' AIRFLOW_CTX_TRY_NUMBER='1' AIRFLOW_CTX_DAG_RUN_ID='scheduled__2024-06-06T00:00:00+00:00'
[2024-06-07T14:41:48.176+0000] {taskinstance.py:430} INFO - ::endgroup::
[2024-06-07T14:41:48.178+0000] {crypto.py:82} WARNING - empty cryptography key - values will not be stored encrypted.
[2024-06-07T14:41:48.178+0000] {base.py:84} INFO - Using connection ID 'sourcedb_connection' for task execution.
[2024-06-07T14:41:48.228+0000] {python.py:237} INFO - Done. Returned value was: None
[2024-06-07T14:41:48.229+0000] {taskinstance.py:441} INFO - ::group::Post task execution logs
[2024-06-07T14:41:48.241+0000] {taskinstance.py:1206} INFO - Marking task as SUCCESS. dag_id=f1_data_pipeline_taskflow, task_id=load_constructorStandings_task, run_id=scheduled__2024-06-06T00:00:00+00:00, execution_date=20240606T000000, start_date=20240607T144148, end_date=20240607T144148
[2024-06-07T14:41:48.281+0000] {local_task_job_runner.py:240} INFO - Task exited with return code 0
[2024-06-07T14:41:48.310+0000] {taskinstance.py:3498} INFO - 0 downstream tasks scheduled from follow-on schedule check
[2024-06-07T14:41:48.312+0000] {local_task_job_runner.py:222} INFO - ::endgroup::
