[2024-05-31T10:33:19.210+0000] {local_task_job_runner.py:120} INFO - ::group::Pre task execution logs
[2024-05-31T10:33:19.223+0000] {taskinstance.py:2076} INFO - Dependencies all met for dep_context=non-requeueable deps ti=<TaskInstance: f1_data_pipeline_taskflow.load_data manual__2024-05-31T10:32:47.078062+00:00 [queued]>
[2024-05-31T10:33:19.227+0000] {taskinstance.py:2076} INFO - Dependencies all met for dep_context=requeueable deps ti=<TaskInstance: f1_data_pipeline_taskflow.load_data manual__2024-05-31T10:32:47.078062+00:00 [queued]>
[2024-05-31T10:33:19.227+0000] {taskinstance.py:2306} INFO - Starting attempt 1 of 1
[2024-05-31T10:33:19.236+0000] {taskinstance.py:2330} INFO - Executing <Task(_PythonDecoratedOperator): load_data> on 2024-05-31 10:32:47.078062+00:00
[2024-05-31T10:33:19.239+0000] {warnings.py:110} WARNING - /home/***/.local/lib/python3.12/site-packages/***/task/task_runner/standard_task_runner.py:61: DeprecationWarning: This process (pid=572) is multi-threaded, use of fork() may lead to deadlocks in the child.
  pid = os.fork()

[2024-05-31T10:33:19.240+0000] {standard_task_runner.py:63} INFO - Started process 576 to run task
[2024-05-31T10:33:19.241+0000] {standard_task_runner.py:90} INFO - Running: ['***', 'tasks', 'run', 'f1_data_pipeline_taskflow', 'load_data', 'manual__2024-05-31T10:32:47.078062+00:00', '--job-id', '22', '--raw', '--subdir', 'DAGS_FOLDER/etl_dag.py', '--cfg-path', '/tmp/tmpvaqoyiq_']
[2024-05-31T10:33:19.242+0000] {standard_task_runner.py:91} INFO - Job 22: Subtask load_data
[2024-05-31T10:33:19.270+0000] {task_command.py:426} INFO - Running <TaskInstance: f1_data_pipeline_taskflow.load_data manual__2024-05-31T10:32:47.078062+00:00 [running]> on host 4f8e6627ba1c
[2024-05-31T10:33:19.362+0000] {taskinstance.py:2648} INFO - Exporting env vars: AIRFLOW_CTX_DAG_OWNER='***' AIRFLOW_CTX_DAG_ID='f1_data_pipeline_taskflow' AIRFLOW_CTX_TASK_ID='load_data' AIRFLOW_CTX_EXECUTION_DATE='2024-05-31T10:32:47.078062+00:00' AIRFLOW_CTX_TRY_NUMBER='1' AIRFLOW_CTX_DAG_RUN_ID='manual__2024-05-31T10:32:47.078062+00:00'
[2024-05-31T10:33:19.363+0000] {taskinstance.py:430} INFO - ::endgroup::
[2024-05-31T10:33:19.364+0000] {crypto.py:82} WARNING - empty cryptography key - values will not be stored encrypted.
[2024-05-31T10:33:19.365+0000] {base.py:84} INFO - Using connection ID 'sourcedb_connection' for task execution.
[2024-05-31T10:33:19.409+0000] {python.py:237} INFO - Done. Returned value was: None
[2024-05-31T10:33:19.410+0000] {taskinstance.py:441} INFO - ::group::Post task execution logs
[2024-05-31T10:33:19.416+0000] {taskinstance.py:1206} INFO - Marking task as SUCCESS. dag_id=f1_data_pipeline_taskflow, task_id=load_data, run_id=manual__2024-05-31T10:32:47.078062+00:00, execution_date=20240531T103247, start_date=20240531T103319, end_date=20240531T103319
[2024-05-31T10:33:19.453+0000] {local_task_job_runner.py:240} INFO - Task exited with return code 0
[2024-05-31T10:33:19.464+0000] {taskinstance.py:3498} INFO - 0 downstream tasks scheduled from follow-on schedule check
[2024-05-31T10:33:19.466+0000] {local_task_job_runner.py:222} INFO - ::endgroup::
