[2024-07-01T09:04:10.038+0000] {local_task_job_runner.py:120} INFO - ::group::Pre task execution logs
[2024-07-01T09:04:10.053+0000] {taskinstance.py:2076} INFO - Dependencies all met for dep_context=non-requeueable deps ti=<TaskInstance: f1_data_pipeline_taskflow.load_practice_task scheduled__2024-06-23T00:00:00+00:00 [queued]>
[2024-07-01T09:04:10.060+0000] {taskinstance.py:2076} INFO - Dependencies all met for dep_context=requeueable deps ti=<TaskInstance: f1_data_pipeline_taskflow.load_practice_task scheduled__2024-06-23T00:00:00+00:00 [queued]>
[2024-07-01T09:04:10.060+0000] {taskinstance.py:2306} INFO - Starting attempt 1 of 1
[2024-07-01T09:04:10.072+0000] {taskinstance.py:2330} INFO - Executing <Task(_PythonDecoratedOperator): load_practice_task> on 2024-06-23 00:00:00+00:00
[2024-07-01T09:04:10.079+0000] {warnings.py:110} WARNING - /home/***/.local/lib/python3.12/site-packages/***/task/task_runner/standard_task_runner.py:61: DeprecationWarning: This process (pid=591) is multi-threaded, use of fork() may lead to deadlocks in the child.
  pid = os.fork()

[2024-07-01T09:04:10.080+0000] {standard_task_runner.py:63} INFO - Started process 602 to run task
[2024-07-01T09:04:10.080+0000] {standard_task_runner.py:90} INFO - Running: ['***', 'tasks', 'run', 'f1_data_pipeline_taskflow', 'load_practice_task', 'scheduled__2024-06-23T00:00:00+00:00', '--job-id', '37', '--raw', '--subdir', 'DAGS_FOLDER/etl_dag.py', '--cfg-path', '/tmp/tmpuh3lmylk']
[2024-07-01T09:04:10.082+0000] {standard_task_runner.py:91} INFO - Job 37: Subtask load_practice_task
[2024-07-01T09:04:10.121+0000] {task_command.py:426} INFO - Running <TaskInstance: f1_data_pipeline_taskflow.load_practice_task scheduled__2024-06-23T00:00:00+00:00 [running]> on host e0e883043769
[2024-07-01T09:04:10.246+0000] {taskinstance.py:2648} INFO - Exporting env vars: AIRFLOW_CTX_DAG_OWNER='***' AIRFLOW_CTX_DAG_ID='f1_data_pipeline_taskflow' AIRFLOW_CTX_TASK_ID='load_practice_task' AIRFLOW_CTX_EXECUTION_DATE='2024-06-23T00:00:00+00:00' AIRFLOW_CTX_TRY_NUMBER='1' AIRFLOW_CTX_DAG_RUN_ID='scheduled__2024-06-23T00:00:00+00:00'
[2024-07-01T09:04:10.247+0000] {taskinstance.py:430} INFO - ::endgroup::
[2024-07-01T09:04:10.248+0000] {crypto.py:82} WARNING - empty cryptography key - values will not be stored encrypted.
[2024-07-01T09:04:10.248+0000] {base.py:84} INFO - Using connection ID 'sourcedb_connection' for task execution.
[2024-07-01T09:04:10.267+0000] {python.py:237} INFO - Done. Returned value was: None
[2024-07-01T09:04:10.267+0000] {taskinstance.py:441} INFO - ::group::Post task execution logs
[2024-07-01T09:04:10.275+0000] {taskinstance.py:1206} INFO - Marking task as SUCCESS. dag_id=f1_data_pipeline_taskflow, task_id=load_practice_task, run_id=scheduled__2024-06-23T00:00:00+00:00, execution_date=20240623T000000, start_date=20240701T090410, end_date=20240701T090410
[2024-07-01T09:04:10.293+0000] {local_task_job_runner.py:240} INFO - Task exited with return code 0
[2024-07-01T09:04:10.300+0000] {local_task_job_runner.py:222} INFO - ::endgroup::
[2024-07-01T09:13:54.145+0000] {local_task_job_runner.py:120} INFO - ::group::Pre task execution logs
[2024-07-01T09:13:54.165+0000] {taskinstance.py:2076} INFO - Dependencies all met for dep_context=non-requeueable deps ti=<TaskInstance: f1_data_pipeline_taskflow.load_practice_task scheduled__2024-06-23T00:00:00+00:00 [queued]>
[2024-07-01T09:13:54.175+0000] {taskinstance.py:2076} INFO - Dependencies all met for dep_context=requeueable deps ti=<TaskInstance: f1_data_pipeline_taskflow.load_practice_task scheduled__2024-06-23T00:00:00+00:00 [queued]>
[2024-07-01T09:13:54.175+0000] {taskinstance.py:2306} INFO - Starting attempt 1 of 1
[2024-07-01T09:13:54.189+0000] {taskinstance.py:2330} INFO - Executing <Task(_PythonDecoratedOperator): load_practice_task> on 2024-06-23 00:00:00+00:00
[2024-07-01T09:13:54.197+0000] {warnings.py:110} WARNING - /home/***/.local/lib/python3.12/site-packages/***/task/task_runner/standard_task_runner.py:61: DeprecationWarning: This process (pid=526) is multi-threaded, use of fork() may lead to deadlocks in the child.
  pid = os.fork()

[2024-07-01T09:13:54.199+0000] {standard_task_runner.py:63} INFO - Started process 541 to run task
[2024-07-01T09:13:54.199+0000] {standard_task_runner.py:90} INFO - Running: ['***', 'tasks', 'run', 'f1_data_pipeline_taskflow', 'load_practice_task', 'scheduled__2024-06-23T00:00:00+00:00', '--job-id', '35', '--raw', '--subdir', 'DAGS_FOLDER/etl_dag.py', '--cfg-path', '/tmp/tmpxackk1fo']
[2024-07-01T09:13:54.201+0000] {standard_task_runner.py:91} INFO - Job 35: Subtask load_practice_task
[2024-07-01T09:13:54.249+0000] {task_command.py:426} INFO - Running <TaskInstance: f1_data_pipeline_taskflow.load_practice_task scheduled__2024-06-23T00:00:00+00:00 [running]> on host 422a0379c8e8
[2024-07-01T09:13:54.383+0000] {taskinstance.py:2648} INFO - Exporting env vars: AIRFLOW_CTX_DAG_OWNER='***' AIRFLOW_CTX_DAG_ID='f1_data_pipeline_taskflow' AIRFLOW_CTX_TASK_ID='load_practice_task' AIRFLOW_CTX_EXECUTION_DATE='2024-06-23T00:00:00+00:00' AIRFLOW_CTX_TRY_NUMBER='1' AIRFLOW_CTX_DAG_RUN_ID='scheduled__2024-06-23T00:00:00+00:00'
[2024-07-01T09:13:54.384+0000] {taskinstance.py:430} INFO - ::endgroup::
[2024-07-01T09:13:54.386+0000] {crypto.py:82} WARNING - empty cryptography key - values will not be stored encrypted.
[2024-07-01T09:13:54.386+0000] {base.py:84} INFO - Using connection ID 'sourcedb_connection' for task execution.
[2024-07-01T09:13:54.406+0000] {python.py:237} INFO - Done. Returned value was: None
[2024-07-01T09:13:54.407+0000] {taskinstance.py:441} INFO - ::group::Post task execution logs
[2024-07-01T09:13:54.414+0000] {taskinstance.py:1206} INFO - Marking task as SUCCESS. dag_id=f1_data_pipeline_taskflow, task_id=load_practice_task, run_id=scheduled__2024-06-23T00:00:00+00:00, execution_date=20240623T000000, start_date=20240701T091354, end_date=20240701T091354
[2024-07-01T09:13:54.453+0000] {local_task_job_runner.py:240} INFO - Task exited with return code 0
[2024-07-01T09:13:54.460+0000] {local_task_job_runner.py:222} INFO - ::endgroup::
[2024-07-01T09:24:39.097+0000] {local_task_job_runner.py:120} INFO - ::group::Pre task execution logs
[2024-07-01T09:24:39.112+0000] {taskinstance.py:2076} INFO - Dependencies all met for dep_context=non-requeueable deps ti=<TaskInstance: f1_data_pipeline_taskflow.load_practice_task scheduled__2024-06-23T00:00:00+00:00 [queued]>
[2024-07-01T09:24:39.118+0000] {taskinstance.py:2076} INFO - Dependencies all met for dep_context=requeueable deps ti=<TaskInstance: f1_data_pipeline_taskflow.load_practice_task scheduled__2024-06-23T00:00:00+00:00 [queued]>
[2024-07-01T09:24:39.118+0000] {taskinstance.py:2306} INFO - Starting attempt 1 of 1
[2024-07-01T09:24:39.128+0000] {taskinstance.py:2330} INFO - Executing <Task(_PythonDecoratedOperator): load_practice_task> on 2024-06-23 00:00:00+00:00
[2024-07-01T09:24:39.134+0000] {warnings.py:110} WARNING - /home/***/.local/lib/python3.12/site-packages/***/task/task_runner/standard_task_runner.py:61: DeprecationWarning: This process (pid=539) is multi-threaded, use of fork() may lead to deadlocks in the child.
  pid = os.fork()

[2024-07-01T09:24:39.135+0000] {standard_task_runner.py:63} INFO - Started process 588 to run task
[2024-07-01T09:24:39.135+0000] {standard_task_runner.py:90} INFO - Running: ['***', 'tasks', 'run', 'f1_data_pipeline_taskflow', 'load_practice_task', 'scheduled__2024-06-23T00:00:00+00:00', '--job-id', '39', '--raw', '--subdir', 'DAGS_FOLDER/etl_dag.py', '--cfg-path', '/tmp/tmpuk21mfco']
[2024-07-01T09:24:39.137+0000] {standard_task_runner.py:91} INFO - Job 39: Subtask load_practice_task
[2024-07-01T09:24:39.179+0000] {task_command.py:426} INFO - Running <TaskInstance: f1_data_pipeline_taskflow.load_practice_task scheduled__2024-06-23T00:00:00+00:00 [running]> on host 4a6cbe497006
[2024-07-01T09:24:39.294+0000] {taskinstance.py:2648} INFO - Exporting env vars: AIRFLOW_CTX_DAG_OWNER='***' AIRFLOW_CTX_DAG_ID='f1_data_pipeline_taskflow' AIRFLOW_CTX_TASK_ID='load_practice_task' AIRFLOW_CTX_EXECUTION_DATE='2024-06-23T00:00:00+00:00' AIRFLOW_CTX_TRY_NUMBER='1' AIRFLOW_CTX_DAG_RUN_ID='scheduled__2024-06-23T00:00:00+00:00'
[2024-07-01T09:24:39.295+0000] {taskinstance.py:430} INFO - ::endgroup::
[2024-07-01T09:24:39.296+0000] {crypto.py:82} WARNING - empty cryptography key - values will not be stored encrypted.
[2024-07-01T09:24:39.297+0000] {base.py:84} INFO - Using connection ID 'sourcedb_connection' for task execution.
[2024-07-01T09:24:39.313+0000] {python.py:237} INFO - Done. Returned value was: None
[2024-07-01T09:24:39.314+0000] {taskinstance.py:441} INFO - ::group::Post task execution logs
[2024-07-01T09:24:39.322+0000] {taskinstance.py:1206} INFO - Marking task as SUCCESS. dag_id=f1_data_pipeline_taskflow, task_id=load_practice_task, run_id=scheduled__2024-06-23T00:00:00+00:00, execution_date=20240623T000000, start_date=20240701T092439, end_date=20240701T092439
[2024-07-01T09:24:39.348+0000] {local_task_job_runner.py:240} INFO - Task exited with return code 0
[2024-07-01T09:24:39.366+0000] {taskinstance.py:3498} INFO - 0 downstream tasks scheduled from follow-on schedule check
[2024-07-01T09:24:39.368+0000] {local_task_job_runner.py:222} INFO - ::endgroup::
