[2024-06-21T07:36:59.199+0000] {local_task_job_runner.py:120} INFO - ::group::Pre task execution logs
[2024-06-21T07:36:59.222+0000] {taskinstance.py:2076} INFO - Dependencies all met for dep_context=non-requeueable deps ti=<TaskInstance: f1_data_pipeline_taskflow.raceDim_transform scheduled__2024-06-20T00:00:00+00:00 [queued]>
[2024-06-21T07:36:59.229+0000] {taskinstance.py:2076} INFO - Dependencies all met for dep_context=requeueable deps ti=<TaskInstance: f1_data_pipeline_taskflow.raceDim_transform scheduled__2024-06-20T00:00:00+00:00 [queued]>
[2024-06-21T07:36:59.229+0000] {taskinstance.py:2306} INFO - Starting attempt 1 of 1
[2024-06-21T07:36:59.249+0000] {taskinstance.py:2330} INFO - Executing <Task(_PythonDecoratedOperator): raceDim_transform> on 2024-06-20 00:00:00+00:00
[2024-06-21T07:36:59.255+0000] {warnings.py:110} WARNING - /home/***/.local/lib/python3.12/site-packages/***/task/task_runner/standard_task_runner.py:61: DeprecationWarning: This process (pid=394) is multi-threaded, use of fork() may lead to deadlocks in the child.
  pid = os.fork()

[2024-06-21T07:36:59.256+0000] {standard_task_runner.py:63} INFO - Started process 405 to run task
[2024-06-21T07:36:59.257+0000] {standard_task_runner.py:90} INFO - Running: ['***', 'tasks', 'run', 'f1_data_pipeline_taskflow', 'raceDim_transform', 'scheduled__2024-06-20T00:00:00+00:00', '--job-id', '22', '--raw', '--subdir', 'DAGS_FOLDER/etl_dag.py', '--cfg-path', '/tmp/tmp0ulmzvwk']
[2024-06-21T07:36:59.259+0000] {standard_task_runner.py:91} INFO - Job 22: Subtask raceDim_transform
[2024-06-21T07:36:59.297+0000] {task_command.py:426} INFO - Running <TaskInstance: f1_data_pipeline_taskflow.raceDim_transform scheduled__2024-06-20T00:00:00+00:00 [running]> on host f9e8c8c49316
[2024-06-21T07:36:59.905+0000] {taskinstance.py:2648} INFO - Exporting env vars: AIRFLOW_CTX_DAG_OWNER='***' AIRFLOW_CTX_DAG_ID='f1_data_pipeline_taskflow' AIRFLOW_CTX_TASK_ID='raceDim_transform' AIRFLOW_CTX_EXECUTION_DATE='2024-06-20T00:00:00+00:00' AIRFLOW_CTX_TRY_NUMBER='1' AIRFLOW_CTX_DAG_RUN_ID='scheduled__2024-06-20T00:00:00+00:00'
[2024-06-21T07:36:59.906+0000] {taskinstance.py:430} INFO - ::endgroup::
[2024-06-21T07:36:59.939+0000] {python.py:237} INFO - Done. Returned value was:         raceId  ...                                              url_x
0          860  ...  http://en.wikipedia.org/wiki/2012_Australian_G...
232        861  ...  http://en.wikipedia.org/wiki/2012_Malaysian_Gr...
680        862  ...  http://en.wikipedia.org/wiki/2012_Chinese_Gran...
1016       863  ...  http://en.wikipedia.org/wiki/2012_Bahrain_Gran...
1187       864  ...  http://en.wikipedia.org/wiki/2012_Spanish_Gran...
...        ...  ...                                                ...
76080      938  ...  http://en.wikipedia.org/wiki/2015_Italian_Gran...
76430      940  ...  http://en.wikipedia.org/wiki/2015_Japanese_Gra...
76916      944  ...  http://en.wikipedia.org/wiki/2015_Brazilian_Gr...
85494      990  ...  http://en.wikipedia.org/wiki/2018_Bahrain_Gran...
106841     951  ...  http://en.wikipedia.org/wiki/2016_Russian_Gran...

[232 rows x 8 columns]
[2024-06-21T07:36:59.948+0000] {taskinstance.py:441} INFO - ::group::Post task execution logs
[2024-06-21T07:36:59.966+0000] {taskinstance.py:1206} INFO - Marking task as SUCCESS. dag_id=f1_data_pipeline_taskflow, task_id=raceDim_transform, run_id=scheduled__2024-06-20T00:00:00+00:00, execution_date=20240620T000000, start_date=20240621T073659, end_date=20240621T073659
[2024-06-21T07:36:59.992+0000] {local_task_job_runner.py:240} INFO - Task exited with return code 0
[2024-06-21T07:37:00.010+0000] {taskinstance.py:3498} INFO - 1 downstream tasks scheduled from follow-on schedule check
[2024-06-21T07:37:00.011+0000] {local_task_job_runner.py:222} INFO - ::endgroup::
