[2024-06-18T11:02:28.471+0000] {local_task_job_runner.py:120} INFO - ::group::Pre task execution logs
[2024-06-18T11:02:28.484+0000] {taskinstance.py:2076} INFO - Dependencies all met for dep_context=non-requeueable deps ti=<TaskInstance: f1_data_pipeline_kafka_consumeAndLoad.wait_for_publish_dag manual__2024-06-18T11:02:27.834560+00:00 [queued]>
[2024-06-18T11:02:28.489+0000] {taskinstance.py:2076} INFO - Dependencies all met for dep_context=requeueable deps ti=<TaskInstance: f1_data_pipeline_kafka_consumeAndLoad.wait_for_publish_dag manual__2024-06-18T11:02:27.834560+00:00 [queued]>
[2024-06-18T11:02:28.489+0000] {taskinstance.py:2306} INFO - Starting attempt 1 of 1
[2024-06-18T11:02:28.497+0000] {taskinstance.py:2330} INFO - Executing <Task(ExternalTaskSensor): wait_for_publish_dag> on 2024-06-18 11:02:27.834560+00:00
[2024-06-18T11:02:28.501+0000] {warnings.py:110} WARNING - /home/***/.local/lib/python3.12/site-packages/***/task/task_runner/standard_task_runner.py:61: DeprecationWarning: This process (pid=4198) is multi-threaded, use of fork() may lead to deadlocks in the child.
  pid = os.fork()

[2024-06-18T11:02:28.502+0000] {standard_task_runner.py:63} INFO - Started process 4200 to run task
[2024-06-18T11:02:28.502+0000] {standard_task_runner.py:90} INFO - Running: ['***', 'tasks', 'run', 'f1_data_pipeline_kafka_consumeAndLoad', 'wait_for_publish_dag', 'manual__2024-06-18T11:02:27.834560+00:00', '--job-id', '170', '--raw', '--subdir', 'DAGS_FOLDER/ergast_kafka_consume_and_load.py', '--cfg-path', '/tmp/tmp1gkmrfoq']
[2024-06-18T11:02:28.503+0000] {standard_task_runner.py:91} INFO - Job 170: Subtask wait_for_publish_dag
[2024-06-18T11:02:28.533+0000] {task_command.py:426} INFO - Running <TaskInstance: f1_data_pipeline_kafka_consumeAndLoad.wait_for_publish_dag manual__2024-06-18T11:02:27.834560+00:00 [running]> on host 85d13f87db98
[2024-06-18T11:02:28.590+0000] {taskinstance.py:2648} INFO - Exporting env vars: AIRFLOW_CTX_DAG_OWNER='***' AIRFLOW_CTX_DAG_ID='f1_data_pipeline_kafka_consumeAndLoad' AIRFLOW_CTX_TASK_ID='wait_for_publish_dag' AIRFLOW_CTX_EXECUTION_DATE='2024-06-18T11:02:27.834560+00:00' AIRFLOW_CTX_TRY_NUMBER='1' AIRFLOW_CTX_DAG_RUN_ID='manual__2024-06-18T11:02:27.834560+00:00'
[2024-06-18T11:02:28.591+0000] {taskinstance.py:430} INFO - ::endgroup::
[2024-06-18T11:02:28.591+0000] {baseoperator.py:399} WARNING - ExternalTaskSensor.execute cannot be called outside TaskInstance!
[2024-06-18T11:02:28.591+0000] {external_task.py:258} INFO - Poking for tasks ['fetch_and_publish_laps'] in dag f1_data_pipeline_kafka_fetchAndPublish on 2024-06-18T11:02:27.834560+00:00 ... 
[2024-06-18T11:02:28.591+0000] {warnings.py:110} WARNING - /home/***/.local/lib/python3.12/site-packages/***/utils/session.py:79: DeprecationWarning: This method is deprecated and will be removed in future.
  return func(*args, session=session, **kwargs)

[2024-06-18T11:02:43.659+0000] {local_task_job_runner.py:310} WARNING - State of this instance has been externally set to success. Terminating instance.
[2024-06-18T11:02:43.660+0000] {local_task_job_runner.py:222} INFO - ::endgroup::
[2024-06-18T11:02:43.660+0000] {process_utils.py:132} INFO - Sending 15 to group 4200. PIDs of all processes in the group: [4200]
[2024-06-18T11:02:43.660+0000] {process_utils.py:87} INFO - Sending the signal 15 to group 4200
[2024-06-18T11:02:43.661+0000] {taskinstance.py:2611} ERROR - Received SIGTERM. Terminating subprocesses.
[2024-06-18T11:02:43.661+0000] {taskinstance.py:441} INFO - ::group::Post task execution logs
[2024-06-18T11:02:43.687+0000] {process_utils.py:80} INFO - Process psutil.Process(pid=4200, status='terminated', exitcode=0, started='11:02:27') (4200) terminated with exit code 0
