[2024-06-18T07:20:00.423+0000] {local_task_job_runner.py:120} INFO - ::group::Pre task execution logs
[2024-06-18T07:20:00.440+0000] {taskinstance.py:2076} INFO - Dependencies all met for dep_context=non-requeueable deps ti=<TaskInstance: f1_data_pipeline_taskflow.load_practice_task scheduled__2024-06-17T00:00:00+00:00 [queued]>
[2024-06-18T07:20:00.447+0000] {taskinstance.py:2076} INFO - Dependencies all met for dep_context=requeueable deps ti=<TaskInstance: f1_data_pipeline_taskflow.load_practice_task scheduled__2024-06-17T00:00:00+00:00 [queued]>
[2024-06-18T07:20:00.447+0000] {taskinstance.py:2306} INFO - Starting attempt 1 of 1
[2024-06-18T07:20:00.458+0000] {taskinstance.py:2330} INFO - Executing <Task(_PythonDecoratedOperator): load_practice_task> on 2024-06-17 00:00:00+00:00
[2024-06-18T07:20:00.464+0000] {warnings.py:110} WARNING - /home/***/.local/lib/python3.12/site-packages/***/task/task_runner/standard_task_runner.py:61: DeprecationWarning: This process (pid=512) is multi-threaded, use of fork() may lead to deadlocks in the child.
  pid = os.fork()

[2024-06-18T07:20:00.466+0000] {standard_task_runner.py:63} INFO - Started process 523 to run task
[2024-06-18T07:20:00.466+0000] {standard_task_runner.py:90} INFO - Running: ['***', 'tasks', 'run', 'f1_data_pipeline_taskflow', 'load_practice_task', 'scheduled__2024-06-17T00:00:00+00:00', '--job-id', '26', '--raw', '--subdir', 'DAGS_FOLDER/etl_dag.py', '--cfg-path', '/tmp/tmp9sp82frq']
[2024-06-18T07:20:00.468+0000] {standard_task_runner.py:91} INFO - Job 26: Subtask load_practice_task
[2024-06-18T07:20:00.507+0000] {task_command.py:426} INFO - Running <TaskInstance: f1_data_pipeline_taskflow.load_practice_task scheduled__2024-06-17T00:00:00+00:00 [running]> on host ce62f6b650cd
[2024-06-18T07:20:00.613+0000] {taskinstance.py:2648} INFO - Exporting env vars: AIRFLOW_CTX_DAG_OWNER='***' AIRFLOW_CTX_DAG_ID='f1_data_pipeline_taskflow' AIRFLOW_CTX_TASK_ID='load_practice_task' AIRFLOW_CTX_EXECUTION_DATE='2024-06-17T00:00:00+00:00' AIRFLOW_CTX_TRY_NUMBER='1' AIRFLOW_CTX_DAG_RUN_ID='scheduled__2024-06-17T00:00:00+00:00'
[2024-06-18T07:20:00.614+0000] {taskinstance.py:430} INFO - ::endgroup::
[2024-06-18T07:20:00.615+0000] {crypto.py:82} WARNING - empty cryptography key - values will not be stored encrypted.
[2024-06-18T07:20:00.615+0000] {base.py:84} INFO - Using connection ID 'sourcedb_connection' for task execution.
[2024-06-18T07:20:00.634+0000] {python.py:237} INFO - Done. Returned value was: None
[2024-06-18T07:20:00.635+0000] {taskinstance.py:441} INFO - ::group::Post task execution logs
[2024-06-18T07:20:00.642+0000] {taskinstance.py:1206} INFO - Marking task as SUCCESS. dag_id=f1_data_pipeline_taskflow, task_id=load_practice_task, run_id=scheduled__2024-06-17T00:00:00+00:00, execution_date=20240617T000000, start_date=20240618T072000, end_date=20240618T072000
[2024-06-18T07:20:00.679+0000] {local_task_job_runner.py:240} INFO - Task exited with return code 0
[2024-06-18T07:20:00.697+0000] {taskinstance.py:3498} INFO - 0 downstream tasks scheduled from follow-on schedule check
[2024-06-18T07:20:00.698+0000] {local_task_job_runner.py:222} INFO - ::endgroup::
[2024-06-18T08:12:09.868+0000] {local_task_job_runner.py:120} INFO - ::group::Pre task execution logs
[2024-06-18T08:12:09.885+0000] {taskinstance.py:2076} INFO - Dependencies all met for dep_context=non-requeueable deps ti=<TaskInstance: f1_data_pipeline_taskflow.load_practice_task scheduled__2024-06-17T00:00:00+00:00 [queued]>
[2024-06-18T08:12:09.893+0000] {taskinstance.py:2076} INFO - Dependencies all met for dep_context=requeueable deps ti=<TaskInstance: f1_data_pipeline_taskflow.load_practice_task scheduled__2024-06-17T00:00:00+00:00 [queued]>
[2024-06-18T08:12:09.893+0000] {taskinstance.py:2306} INFO - Starting attempt 1 of 1
[2024-06-18T08:12:09.904+0000] {taskinstance.py:2330} INFO - Executing <Task(_PythonDecoratedOperator): load_practice_task> on 2024-06-17 00:00:00+00:00
[2024-06-18T08:12:09.910+0000] {warnings.py:110} WARNING - /home/***/.local/lib/python3.12/site-packages/***/task/task_runner/standard_task_runner.py:61: DeprecationWarning: This process (pid=506) is multi-threaded, use of fork() may lead to deadlocks in the child.
  pid = os.fork()

[2024-06-18T08:12:09.911+0000] {standard_task_runner.py:63} INFO - Started process 519 to run task
[2024-06-18T08:12:09.911+0000] {standard_task_runner.py:90} INFO - Running: ['***', 'tasks', 'run', 'f1_data_pipeline_taskflow', 'load_practice_task', 'scheduled__2024-06-17T00:00:00+00:00', '--job-id', '27', '--raw', '--subdir', 'DAGS_FOLDER/etl_dag.py', '--cfg-path', '/tmp/tmpebmhqdl1']
[2024-06-18T08:12:09.913+0000] {standard_task_runner.py:91} INFO - Job 27: Subtask load_practice_task
[2024-06-18T08:12:09.952+0000] {task_command.py:426} INFO - Running <TaskInstance: f1_data_pipeline_taskflow.load_practice_task scheduled__2024-06-17T00:00:00+00:00 [running]> on host 0a8bae48237c
[2024-06-18T08:12:10.059+0000] {taskinstance.py:2648} INFO - Exporting env vars: AIRFLOW_CTX_DAG_OWNER='***' AIRFLOW_CTX_DAG_ID='f1_data_pipeline_taskflow' AIRFLOW_CTX_TASK_ID='load_practice_task' AIRFLOW_CTX_EXECUTION_DATE='2024-06-17T00:00:00+00:00' AIRFLOW_CTX_TRY_NUMBER='1' AIRFLOW_CTX_DAG_RUN_ID='scheduled__2024-06-17T00:00:00+00:00'
[2024-06-18T08:12:10.060+0000] {taskinstance.py:430} INFO - ::endgroup::
[2024-06-18T08:12:10.060+0000] {crypto.py:82} WARNING - empty cryptography key - values will not be stored encrypted.
[2024-06-18T08:12:10.061+0000] {base.py:84} INFO - Using connection ID 'sourcedb_connection' for task execution.
[2024-06-18T08:12:10.078+0000] {python.py:237} INFO - Done. Returned value was: None
[2024-06-18T08:12:10.079+0000] {taskinstance.py:441} INFO - ::group::Post task execution logs
[2024-06-18T08:12:10.086+0000] {taskinstance.py:1206} INFO - Marking task as SUCCESS. dag_id=f1_data_pipeline_taskflow, task_id=load_practice_task, run_id=scheduled__2024-06-17T00:00:00+00:00, execution_date=20240617T000000, start_date=20240618T081209, end_date=20240618T081210
[2024-06-18T08:12:10.124+0000] {local_task_job_runner.py:240} INFO - Task exited with return code 0
[2024-06-18T08:12:10.141+0000] {taskinstance.py:3498} INFO - 0 downstream tasks scheduled from follow-on schedule check
[2024-06-18T08:12:10.143+0000] {local_task_job_runner.py:222} INFO - ::endgroup::
[2024-06-18T08:22:48.448+0000] {local_task_job_runner.py:120} INFO - ::group::Pre task execution logs
[2024-06-18T08:22:48.465+0000] {taskinstance.py:2076} INFO - Dependencies all met for dep_context=non-requeueable deps ti=<TaskInstance: f1_data_pipeline_taskflow.load_practice_task scheduled__2024-06-17T00:00:00+00:00 [queued]>
[2024-06-18T08:22:48.472+0000] {taskinstance.py:2076} INFO - Dependencies all met for dep_context=requeueable deps ti=<TaskInstance: f1_data_pipeline_taskflow.load_practice_task scheduled__2024-06-17T00:00:00+00:00 [queued]>
[2024-06-18T08:22:48.472+0000] {taskinstance.py:2306} INFO - Starting attempt 1 of 1
[2024-06-18T08:22:48.481+0000] {taskinstance.py:2330} INFO - Executing <Task(_PythonDecoratedOperator): load_practice_task> on 2024-06-17 00:00:00+00:00
[2024-06-18T08:22:48.488+0000] {warnings.py:110} WARNING - /home/***/.local/lib/python3.12/site-packages/***/task/task_runner/standard_task_runner.py:61: DeprecationWarning: This process (pid=542) is multi-threaded, use of fork() may lead to deadlocks in the child.
  pid = os.fork()

[2024-06-18T08:22:48.489+0000] {standard_task_runner.py:63} INFO - Started process 553 to run task
[2024-06-18T08:22:48.489+0000] {standard_task_runner.py:90} INFO - Running: ['***', 'tasks', 'run', 'f1_data_pipeline_taskflow', 'load_practice_task', 'scheduled__2024-06-17T00:00:00+00:00', '--job-id', '27', '--raw', '--subdir', 'DAGS_FOLDER/etl_dag.py', '--cfg-path', '/tmp/tmp9bsxe6tj']
[2024-06-18T08:22:48.491+0000] {standard_task_runner.py:91} INFO - Job 27: Subtask load_practice_task
[2024-06-18T08:22:48.527+0000] {task_command.py:426} INFO - Running <TaskInstance: f1_data_pipeline_taskflow.load_practice_task scheduled__2024-06-17T00:00:00+00:00 [running]> on host 7d3c9e9f45b7
[2024-06-18T08:22:48.634+0000] {taskinstance.py:2648} INFO - Exporting env vars: AIRFLOW_CTX_DAG_OWNER='***' AIRFLOW_CTX_DAG_ID='f1_data_pipeline_taskflow' AIRFLOW_CTX_TASK_ID='load_practice_task' AIRFLOW_CTX_EXECUTION_DATE='2024-06-17T00:00:00+00:00' AIRFLOW_CTX_TRY_NUMBER='1' AIRFLOW_CTX_DAG_RUN_ID='scheduled__2024-06-17T00:00:00+00:00'
[2024-06-18T08:22:48.635+0000] {taskinstance.py:430} INFO - ::endgroup::
[2024-06-18T08:22:48.635+0000] {crypto.py:82} WARNING - empty cryptography key - values will not be stored encrypted.
[2024-06-18T08:22:48.636+0000] {base.py:84} INFO - Using connection ID 'sourcedb_connection' for task execution.
[2024-06-18T08:22:48.652+0000] {python.py:237} INFO - Done. Returned value was: None
[2024-06-18T08:22:48.653+0000] {taskinstance.py:441} INFO - ::group::Post task execution logs
[2024-06-18T08:22:48.660+0000] {taskinstance.py:1206} INFO - Marking task as SUCCESS. dag_id=f1_data_pipeline_taskflow, task_id=load_practice_task, run_id=scheduled__2024-06-17T00:00:00+00:00, execution_date=20240617T000000, start_date=20240618T082248, end_date=20240618T082248
[2024-06-18T08:22:48.702+0000] {local_task_job_runner.py:240} INFO - Task exited with return code 0
[2024-06-18T08:22:48.720+0000] {taskinstance.py:3498} INFO - 0 downstream tasks scheduled from follow-on schedule check
[2024-06-18T08:22:48.722+0000] {local_task_job_runner.py:222} INFO - ::endgroup::
[2024-06-18T08:30:14.279+0000] {local_task_job_runner.py:120} INFO - ::group::Pre task execution logs
[2024-06-18T08:30:14.435+0000] {taskinstance.py:2076} INFO - Dependencies all met for dep_context=non-requeueable deps ti=<TaskInstance: f1_data_pipeline_taskflow.load_practice_task scheduled__2024-06-17T00:00:00+00:00 [queued]>
[2024-06-18T08:30:14.443+0000] {taskinstance.py:2076} INFO - Dependencies all met for dep_context=requeueable deps ti=<TaskInstance: f1_data_pipeline_taskflow.load_practice_task scheduled__2024-06-17T00:00:00+00:00 [queued]>
[2024-06-18T08:30:14.443+0000] {taskinstance.py:2306} INFO - Starting attempt 1 of 1
[2024-06-18T08:30:14.453+0000] {taskinstance.py:2330} INFO - Executing <Task(_PythonDecoratedOperator): load_practice_task> on 2024-06-17 00:00:00+00:00
[2024-06-18T08:30:14.459+0000] {warnings.py:110} WARNING - /home/***/.local/lib/python3.12/site-packages/***/task/task_runner/standard_task_runner.py:61: DeprecationWarning: This process (pid=507) is multi-threaded, use of fork() may lead to deadlocks in the child.
  pid = os.fork()

[2024-06-18T08:30:14.460+0000] {standard_task_runner.py:63} INFO - Started process 521 to run task
[2024-06-18T08:30:14.461+0000] {standard_task_runner.py:90} INFO - Running: ['***', 'tasks', 'run', 'f1_data_pipeline_taskflow', 'load_practice_task', 'scheduled__2024-06-17T00:00:00+00:00', '--job-id', '24', '--raw', '--subdir', 'DAGS_FOLDER/etl_dag.py', '--cfg-path', '/tmp/tmpvcbt3hm9']
[2024-06-18T08:30:14.463+0000] {standard_task_runner.py:91} INFO - Job 24: Subtask load_practice_task
[2024-06-18T08:30:14.502+0000] {task_command.py:426} INFO - Running <TaskInstance: f1_data_pipeline_taskflow.load_practice_task scheduled__2024-06-17T00:00:00+00:00 [running]> on host d26fdf24870c
[2024-06-18T08:30:14.624+0000] {taskinstance.py:2648} INFO - Exporting env vars: AIRFLOW_CTX_DAG_OWNER='***' AIRFLOW_CTX_DAG_ID='f1_data_pipeline_taskflow' AIRFLOW_CTX_TASK_ID='load_practice_task' AIRFLOW_CTX_EXECUTION_DATE='2024-06-17T00:00:00+00:00' AIRFLOW_CTX_TRY_NUMBER='1' AIRFLOW_CTX_DAG_RUN_ID='scheduled__2024-06-17T00:00:00+00:00'
[2024-06-18T08:30:14.625+0000] {taskinstance.py:430} INFO - ::endgroup::
[2024-06-18T08:30:14.626+0000] {crypto.py:82} WARNING - empty cryptography key - values will not be stored encrypted.
[2024-06-18T08:30:14.627+0000] {base.py:84} INFO - Using connection ID 'sourcedb_connection' for task execution.
[2024-06-18T08:30:14.646+0000] {python.py:237} INFO - Done. Returned value was: None
[2024-06-18T08:30:14.647+0000] {taskinstance.py:441} INFO - ::group::Post task execution logs
[2024-06-18T08:30:14.655+0000] {taskinstance.py:1206} INFO - Marking task as SUCCESS. dag_id=f1_data_pipeline_taskflow, task_id=load_practice_task, run_id=scheduled__2024-06-17T00:00:00+00:00, execution_date=20240617T000000, start_date=20240618T083014, end_date=20240618T083014
[2024-06-18T08:30:14.674+0000] {local_task_job_runner.py:240} INFO - Task exited with return code 0
[2024-06-18T08:30:14.696+0000] {taskinstance.py:3498} INFO - 0 downstream tasks scheduled from follow-on schedule check
[2024-06-18T08:30:14.699+0000] {local_task_job_runner.py:222} INFO - ::endgroup::
[2024-06-18T08:54:46.420+0000] {local_task_job_runner.py:120} INFO - ::group::Pre task execution logs
[2024-06-18T08:54:46.439+0000] {taskinstance.py:2076} INFO - Dependencies all met for dep_context=non-requeueable deps ti=<TaskInstance: f1_data_pipeline_taskflow.load_practice_task scheduled__2024-06-17T00:00:00+00:00 [queued]>
[2024-06-18T08:54:46.447+0000] {taskinstance.py:2076} INFO - Dependencies all met for dep_context=requeueable deps ti=<TaskInstance: f1_data_pipeline_taskflow.load_practice_task scheduled__2024-06-17T00:00:00+00:00 [queued]>
[2024-06-18T08:54:46.447+0000] {taskinstance.py:2306} INFO - Starting attempt 1 of 1
[2024-06-18T08:54:46.457+0000] {taskinstance.py:2330} INFO - Executing <Task(_PythonDecoratedOperator): load_practice_task> on 2024-06-17 00:00:00+00:00
[2024-06-18T08:54:46.464+0000] {warnings.py:110} WARNING - /home/***/.local/lib/python3.12/site-packages/***/task/task_runner/standard_task_runner.py:61: DeprecationWarning: This process (pid=517) is multi-threaded, use of fork() may lead to deadlocks in the child.
  pid = os.fork()

[2024-06-18T08:54:46.465+0000] {standard_task_runner.py:63} INFO - Started process 527 to run task
[2024-06-18T08:54:46.466+0000] {standard_task_runner.py:90} INFO - Running: ['***', 'tasks', 'run', 'f1_data_pipeline_taskflow', 'load_practice_task', 'scheduled__2024-06-17T00:00:00+00:00', '--job-id', '27', '--raw', '--subdir', 'DAGS_FOLDER/etl_dag.py', '--cfg-path', '/tmp/tmphfbqzf93']
[2024-06-18T08:54:46.468+0000] {standard_task_runner.py:91} INFO - Job 27: Subtask load_practice_task
[2024-06-18T08:54:46.513+0000] {task_command.py:426} INFO - Running <TaskInstance: f1_data_pipeline_taskflow.load_practice_task scheduled__2024-06-17T00:00:00+00:00 [running]> on host 70dbe2d93c7b
[2024-06-18T08:54:46.636+0000] {taskinstance.py:2648} INFO - Exporting env vars: AIRFLOW_CTX_DAG_OWNER='***' AIRFLOW_CTX_DAG_ID='f1_data_pipeline_taskflow' AIRFLOW_CTX_TASK_ID='load_practice_task' AIRFLOW_CTX_EXECUTION_DATE='2024-06-17T00:00:00+00:00' AIRFLOW_CTX_TRY_NUMBER='1' AIRFLOW_CTX_DAG_RUN_ID='scheduled__2024-06-17T00:00:00+00:00'
[2024-06-18T08:54:46.637+0000] {taskinstance.py:430} INFO - ::endgroup::
[2024-06-18T08:54:46.639+0000] {crypto.py:82} WARNING - empty cryptography key - values will not be stored encrypted.
[2024-06-18T08:54:46.639+0000] {base.py:84} INFO - Using connection ID 'sourcedb_connection' for task execution.
[2024-06-18T08:54:46.657+0000] {python.py:237} INFO - Done. Returned value was: None
[2024-06-18T08:54:46.658+0000] {taskinstance.py:441} INFO - ::group::Post task execution logs
[2024-06-18T08:54:46.669+0000] {taskinstance.py:1206} INFO - Marking task as SUCCESS. dag_id=f1_data_pipeline_taskflow, task_id=load_practice_task, run_id=scheduled__2024-06-17T00:00:00+00:00, execution_date=20240617T000000, start_date=20240618T085446, end_date=20240618T085446
[2024-06-18T08:54:46.719+0000] {local_task_job_runner.py:240} INFO - Task exited with return code 0
[2024-06-18T08:54:46.740+0000] {taskinstance.py:3498} INFO - 0 downstream tasks scheduled from follow-on schedule check
[2024-06-18T08:54:46.741+0000] {local_task_job_runner.py:222} INFO - ::endgroup::
[2024-06-18T08:58:21.206+0000] {local_task_job_runner.py:120} INFO - ::group::Pre task execution logs
[2024-06-18T08:58:21.222+0000] {taskinstance.py:2076} INFO - Dependencies all met for dep_context=non-requeueable deps ti=<TaskInstance: f1_data_pipeline_taskflow.load_practice_task scheduled__2024-06-17T00:00:00+00:00 [queued]>
[2024-06-18T08:58:21.228+0000] {taskinstance.py:2076} INFO - Dependencies all met for dep_context=requeueable deps ti=<TaskInstance: f1_data_pipeline_taskflow.load_practice_task scheduled__2024-06-17T00:00:00+00:00 [queued]>
[2024-06-18T08:58:21.228+0000] {taskinstance.py:2306} INFO - Starting attempt 1 of 1
[2024-06-18T08:58:21.236+0000] {taskinstance.py:2330} INFO - Executing <Task(_PythonDecoratedOperator): load_practice_task> on 2024-06-17 00:00:00+00:00
[2024-06-18T08:58:21.242+0000] {warnings.py:110} WARNING - /home/***/.local/lib/python3.12/site-packages/***/task/task_runner/standard_task_runner.py:61: DeprecationWarning: This process (pid=484) is multi-threaded, use of fork() may lead to deadlocks in the child.
  pid = os.fork()

[2024-06-18T08:58:21.243+0000] {standard_task_runner.py:63} INFO - Started process 555 to run task
[2024-06-18T08:58:21.243+0000] {standard_task_runner.py:90} INFO - Running: ['***', 'tasks', 'run', 'f1_data_pipeline_taskflow', 'load_practice_task', 'scheduled__2024-06-17T00:00:00+00:00', '--job-id', '29', '--raw', '--subdir', 'DAGS_FOLDER/etl_dag.py', '--cfg-path', '/tmp/tmpmexkf7d6']
[2024-06-18T08:58:21.245+0000] {standard_task_runner.py:91} INFO - Job 29: Subtask load_practice_task
[2024-06-18T08:58:21.282+0000] {task_command.py:426} INFO - Running <TaskInstance: f1_data_pipeline_taskflow.load_practice_task scheduled__2024-06-17T00:00:00+00:00 [running]> on host 85d13f87db98
[2024-06-18T08:58:21.390+0000] {taskinstance.py:2648} INFO - Exporting env vars: AIRFLOW_CTX_DAG_OWNER='***' AIRFLOW_CTX_DAG_ID='f1_data_pipeline_taskflow' AIRFLOW_CTX_TASK_ID='load_practice_task' AIRFLOW_CTX_EXECUTION_DATE='2024-06-17T00:00:00+00:00' AIRFLOW_CTX_TRY_NUMBER='1' AIRFLOW_CTX_DAG_RUN_ID='scheduled__2024-06-17T00:00:00+00:00'
[2024-06-18T08:58:21.391+0000] {taskinstance.py:430} INFO - ::endgroup::
[2024-06-18T08:58:21.393+0000] {crypto.py:82} WARNING - empty cryptography key - values will not be stored encrypted.
[2024-06-18T08:58:21.393+0000] {base.py:84} INFO - Using connection ID 'sourcedb_connection' for task execution.
[2024-06-18T08:58:21.408+0000] {python.py:237} INFO - Done. Returned value was: None
[2024-06-18T08:58:21.409+0000] {taskinstance.py:441} INFO - ::group::Post task execution logs
[2024-06-18T08:58:21.417+0000] {taskinstance.py:1206} INFO - Marking task as SUCCESS. dag_id=f1_data_pipeline_taskflow, task_id=load_practice_task, run_id=scheduled__2024-06-17T00:00:00+00:00, execution_date=20240617T000000, start_date=20240618T085821, end_date=20240618T085821
[2024-06-18T08:58:21.457+0000] {local_task_job_runner.py:240} INFO - Task exited with return code 0
[2024-06-18T08:58:21.474+0000] {taskinstance.py:3498} INFO - 0 downstream tasks scheduled from follow-on schedule check
[2024-06-18T08:58:21.476+0000] {local_task_job_runner.py:222} INFO - ::endgroup::
[2024-06-18T11:55:42.353+0000] {local_task_job_runner.py:120} INFO - ::group::Pre task execution logs
[2024-06-18T11:55:42.377+0000] {taskinstance.py:2076} INFO - Dependencies all met for dep_context=non-requeueable deps ti=<TaskInstance: f1_data_pipeline_taskflow.load_practice_task scheduled__2024-06-17T00:00:00+00:00 [queued]>
[2024-06-18T11:55:42.386+0000] {taskinstance.py:2076} INFO - Dependencies all met for dep_context=requeueable deps ti=<TaskInstance: f1_data_pipeline_taskflow.load_practice_task scheduled__2024-06-17T00:00:00+00:00 [queued]>
[2024-06-18T11:55:42.386+0000] {taskinstance.py:2306} INFO - Starting attempt 1 of 1
[2024-06-18T11:55:42.395+0000] {taskinstance.py:2330} INFO - Executing <Task(_PythonDecoratedOperator): load_practice_task> on 2024-06-17 00:00:00+00:00
[2024-06-18T11:55:42.401+0000] {warnings.py:110} WARNING - /home/***/.local/lib/python3.12/site-packages/***/task/task_runner/standard_task_runner.py:61: DeprecationWarning: This process (pid=488) is multi-threaded, use of fork() may lead to deadlocks in the child.
  pid = os.fork()

[2024-06-18T11:55:42.402+0000] {standard_task_runner.py:63} INFO - Started process 497 to run task
[2024-06-18T11:55:42.402+0000] {standard_task_runner.py:90} INFO - Running: ['***', 'tasks', 'run', 'f1_data_pipeline_taskflow', 'load_practice_task', 'scheduled__2024-06-17T00:00:00+00:00', '--job-id', '25', '--raw', '--subdir', 'DAGS_FOLDER/etl_dag.py', '--cfg-path', '/tmp/tmpuqkqrlni']
[2024-06-18T11:55:42.404+0000] {standard_task_runner.py:91} INFO - Job 25: Subtask load_practice_task
[2024-06-18T11:55:42.442+0000] {task_command.py:426} INFO - Running <TaskInstance: f1_data_pipeline_taskflow.load_practice_task scheduled__2024-06-17T00:00:00+00:00 [running]> on host 21d7efd887f9
[2024-06-18T11:55:42.557+0000] {taskinstance.py:2648} INFO - Exporting env vars: AIRFLOW_CTX_DAG_OWNER='***' AIRFLOW_CTX_DAG_ID='f1_data_pipeline_taskflow' AIRFLOW_CTX_TASK_ID='load_practice_task' AIRFLOW_CTX_EXECUTION_DATE='2024-06-17T00:00:00+00:00' AIRFLOW_CTX_TRY_NUMBER='1' AIRFLOW_CTX_DAG_RUN_ID='scheduled__2024-06-17T00:00:00+00:00'
[2024-06-18T11:55:42.558+0000] {taskinstance.py:430} INFO - ::endgroup::
[2024-06-18T11:55:42.559+0000] {crypto.py:82} WARNING - empty cryptography key - values will not be stored encrypted.
[2024-06-18T11:55:42.559+0000] {base.py:84} INFO - Using connection ID 'sourcedb_connection' for task execution.
[2024-06-18T11:55:42.577+0000] {python.py:237} INFO - Done. Returned value was: None
[2024-06-18T11:55:42.578+0000] {taskinstance.py:441} INFO - ::group::Post task execution logs
[2024-06-18T11:55:42.586+0000] {taskinstance.py:1206} INFO - Marking task as SUCCESS. dag_id=f1_data_pipeline_taskflow, task_id=load_practice_task, run_id=scheduled__2024-06-17T00:00:00+00:00, execution_date=20240617T000000, start_date=20240618T115542, end_date=20240618T115542
[2024-06-18T11:55:42.616+0000] {local_task_job_runner.py:240} INFO - Task exited with return code 0
[2024-06-18T11:55:42.648+0000] {taskinstance.py:3498} INFO - 0 downstream tasks scheduled from follow-on schedule check
[2024-06-18T11:55:42.652+0000] {local_task_job_runner.py:222} INFO - ::endgroup::
[2024-06-18T12:52:48.253+0000] {local_task_job_runner.py:120} INFO - ::group::Pre task execution logs
[2024-06-18T12:52:48.271+0000] {taskinstance.py:2076} INFO - Dependencies all met for dep_context=non-requeueable deps ti=<TaskInstance: f1_data_pipeline_taskflow.load_practice_task scheduled__2024-06-17T00:00:00+00:00 [queued]>
[2024-06-18T12:52:48.277+0000] {taskinstance.py:2076} INFO - Dependencies all met for dep_context=requeueable deps ti=<TaskInstance: f1_data_pipeline_taskflow.load_practice_task scheduled__2024-06-17T00:00:00+00:00 [queued]>
[2024-06-18T12:52:48.278+0000] {taskinstance.py:2306} INFO - Starting attempt 1 of 1
[2024-06-18T12:52:48.287+0000] {taskinstance.py:2330} INFO - Executing <Task(_PythonDecoratedOperator): load_practice_task> on 2024-06-17 00:00:00+00:00
[2024-06-18T12:52:48.293+0000] {warnings.py:110} WARNING - /home/***/.local/lib/python3.12/site-packages/***/task/task_runner/standard_task_runner.py:61: DeprecationWarning: This process (pid=494) is multi-threaded, use of fork() may lead to deadlocks in the child.
  pid = os.fork()

[2024-06-18T12:52:48.294+0000] {standard_task_runner.py:63} INFO - Started process 505 to run task
[2024-06-18T12:52:48.299+0000] {standard_task_runner.py:90} INFO - Running: ['***', 'tasks', 'run', 'f1_data_pipeline_taskflow', 'load_practice_task', 'scheduled__2024-06-17T00:00:00+00:00', '--job-id', '26', '--raw', '--subdir', 'DAGS_FOLDER/etl_dag.py', '--cfg-path', '/tmp/tmpq725jl76']
[2024-06-18T12:52:48.301+0000] {standard_task_runner.py:91} INFO - Job 26: Subtask load_practice_task
[2024-06-18T12:52:48.343+0000] {task_command.py:426} INFO - Running <TaskInstance: f1_data_pipeline_taskflow.load_practice_task scheduled__2024-06-17T00:00:00+00:00 [running]> on host 29634c3e6318
[2024-06-18T12:52:48.504+0000] {taskinstance.py:2648} INFO - Exporting env vars: AIRFLOW_CTX_DAG_OWNER='***' AIRFLOW_CTX_DAG_ID='f1_data_pipeline_taskflow' AIRFLOW_CTX_TASK_ID='load_practice_task' AIRFLOW_CTX_EXECUTION_DATE='2024-06-17T00:00:00+00:00' AIRFLOW_CTX_TRY_NUMBER='1' AIRFLOW_CTX_DAG_RUN_ID='scheduled__2024-06-17T00:00:00+00:00'
[2024-06-18T12:52:48.505+0000] {taskinstance.py:430} INFO - ::endgroup::
[2024-06-18T12:52:48.506+0000] {crypto.py:82} WARNING - empty cryptography key - values will not be stored encrypted.
[2024-06-18T12:52:48.506+0000] {base.py:84} INFO - Using connection ID 'sourcedb_connection' for task execution.
[2024-06-18T12:52:48.533+0000] {python.py:237} INFO - Done. Returned value was: None
[2024-06-18T12:52:48.534+0000] {taskinstance.py:441} INFO - ::group::Post task execution logs
[2024-06-18T12:52:48.542+0000] {taskinstance.py:1206} INFO - Marking task as SUCCESS. dag_id=f1_data_pipeline_taskflow, task_id=load_practice_task, run_id=scheduled__2024-06-17T00:00:00+00:00, execution_date=20240617T000000, start_date=20240618T125248, end_date=20240618T125248
[2024-06-18T12:52:48.588+0000] {local_task_job_runner.py:240} INFO - Task exited with return code 0
[2024-06-18T12:52:48.629+0000] {taskinstance.py:3498} INFO - 0 downstream tasks scheduled from follow-on schedule check
[2024-06-18T12:52:48.633+0000] {local_task_job_runner.py:222} INFO - ::endgroup::
[2024-06-18T13:18:18.971+0000] {local_task_job_runner.py:120} INFO - ::group::Pre task execution logs
[2024-06-18T13:18:18.988+0000] {taskinstance.py:2076} INFO - Dependencies all met for dep_context=non-requeueable deps ti=<TaskInstance: f1_data_pipeline_taskflow.load_practice_task scheduled__2024-06-17T00:00:00+00:00 [queued]>
[2024-06-18T13:18:18.995+0000] {taskinstance.py:2076} INFO - Dependencies all met for dep_context=requeueable deps ti=<TaskInstance: f1_data_pipeline_taskflow.load_practice_task scheduled__2024-06-17T00:00:00+00:00 [queued]>
[2024-06-18T13:18:18.995+0000] {taskinstance.py:2306} INFO - Starting attempt 1 of 1
[2024-06-18T13:18:19.004+0000] {taskinstance.py:2330} INFO - Executing <Task(_PythonDecoratedOperator): load_practice_task> on 2024-06-17 00:00:00+00:00
[2024-06-18T13:18:19.011+0000] {warnings.py:110} WARNING - /home/***/.local/lib/python3.12/site-packages/***/task/task_runner/standard_task_runner.py:61: DeprecationWarning: This process (pid=520) is multi-threaded, use of fork() may lead to deadlocks in the child.
  pid = os.fork()

[2024-06-18T13:18:19.013+0000] {standard_task_runner.py:63} INFO - Started process 594 to run task
[2024-06-18T13:18:19.013+0000] {standard_task_runner.py:90} INFO - Running: ['***', 'tasks', 'run', 'f1_data_pipeline_taskflow', 'load_practice_task', 'scheduled__2024-06-17T00:00:00+00:00', '--job-id', '30', '--raw', '--subdir', 'DAGS_FOLDER/etl_dag.py', '--cfg-path', '/tmp/tmpo0ktpzc2']
[2024-06-18T13:18:19.014+0000] {standard_task_runner.py:91} INFO - Job 30: Subtask load_practice_task
[2024-06-18T13:18:19.052+0000] {task_command.py:426} INFO - Running <TaskInstance: f1_data_pipeline_taskflow.load_practice_task scheduled__2024-06-17T00:00:00+00:00 [running]> on host 642827d53473
[2024-06-18T13:18:19.154+0000] {taskinstance.py:2648} INFO - Exporting env vars: AIRFLOW_CTX_DAG_OWNER='***' AIRFLOW_CTX_DAG_ID='f1_data_pipeline_taskflow' AIRFLOW_CTX_TASK_ID='load_practice_task' AIRFLOW_CTX_EXECUTION_DATE='2024-06-17T00:00:00+00:00' AIRFLOW_CTX_TRY_NUMBER='1' AIRFLOW_CTX_DAG_RUN_ID='scheduled__2024-06-17T00:00:00+00:00'
[2024-06-18T13:18:19.155+0000] {taskinstance.py:430} INFO - ::endgroup::
[2024-06-18T13:18:19.156+0000] {crypto.py:82} WARNING - empty cryptography key - values will not be stored encrypted.
[2024-06-18T13:18:19.156+0000] {base.py:84} INFO - Using connection ID 'sourcedb_connection' for task execution.
[2024-06-18T13:18:19.171+0000] {python.py:237} INFO - Done. Returned value was: None
[2024-06-18T13:18:19.172+0000] {taskinstance.py:441} INFO - ::group::Post task execution logs
[2024-06-18T13:18:19.179+0000] {taskinstance.py:1206} INFO - Marking task as SUCCESS. dag_id=f1_data_pipeline_taskflow, task_id=load_practice_task, run_id=scheduled__2024-06-17T00:00:00+00:00, execution_date=20240617T000000, start_date=20240618T131818, end_date=20240618T131819
[2024-06-18T13:18:19.226+0000] {local_task_job_runner.py:240} INFO - Task exited with return code 0
[2024-06-18T13:18:19.242+0000] {taskinstance.py:3498} INFO - 0 downstream tasks scheduled from follow-on schedule check
[2024-06-18T13:18:19.243+0000] {local_task_job_runner.py:222} INFO - ::endgroup::
[2024-06-18T13:28:28.375+0000] {local_task_job_runner.py:120} INFO - ::group::Pre task execution logs
[2024-06-18T13:28:28.401+0000] {taskinstance.py:2076} INFO - Dependencies all met for dep_context=non-requeueable deps ti=<TaskInstance: f1_data_pipeline_taskflow.load_practice_task scheduled__2024-06-17T00:00:00+00:00 [queued]>
[2024-06-18T13:28:28.413+0000] {taskinstance.py:2076} INFO - Dependencies all met for dep_context=requeueable deps ti=<TaskInstance: f1_data_pipeline_taskflow.load_practice_task scheduled__2024-06-17T00:00:00+00:00 [queued]>
[2024-06-18T13:28:28.413+0000] {taskinstance.py:2306} INFO - Starting attempt 1 of 1
[2024-06-18T13:28:28.428+0000] {taskinstance.py:2330} INFO - Executing <Task(_PythonDecoratedOperator): load_practice_task> on 2024-06-17 00:00:00+00:00
[2024-06-18T13:28:28.435+0000] {warnings.py:110} WARNING - /home/***/.local/lib/python3.12/site-packages/***/task/task_runner/standard_task_runner.py:61: DeprecationWarning: This process (pid=509) is multi-threaded, use of fork() may lead to deadlocks in the child.
  pid = os.fork()

[2024-06-18T13:28:28.436+0000] {standard_task_runner.py:63} INFO - Started process 524 to run task
[2024-06-18T13:28:28.437+0000] {standard_task_runner.py:90} INFO - Running: ['***', 'tasks', 'run', 'f1_data_pipeline_taskflow', 'load_practice_task', 'scheduled__2024-06-17T00:00:00+00:00', '--job-id', '28', '--raw', '--subdir', 'DAGS_FOLDER/etl_dag.py', '--cfg-path', '/tmp/tmpili37ehj']
[2024-06-18T13:28:28.439+0000] {standard_task_runner.py:91} INFO - Job 28: Subtask load_practice_task
[2024-06-18T13:28:28.489+0000] {task_command.py:426} INFO - Running <TaskInstance: f1_data_pipeline_taskflow.load_practice_task scheduled__2024-06-17T00:00:00+00:00 [running]> on host 9ae4be1c5479
[2024-06-18T13:28:28.612+0000] {taskinstance.py:2648} INFO - Exporting env vars: AIRFLOW_CTX_DAG_OWNER='***' AIRFLOW_CTX_DAG_ID='f1_data_pipeline_taskflow' AIRFLOW_CTX_TASK_ID='load_practice_task' AIRFLOW_CTX_EXECUTION_DATE='2024-06-17T00:00:00+00:00' AIRFLOW_CTX_TRY_NUMBER='1' AIRFLOW_CTX_DAG_RUN_ID='scheduled__2024-06-17T00:00:00+00:00'
[2024-06-18T13:28:28.613+0000] {taskinstance.py:430} INFO - ::endgroup::
[2024-06-18T13:28:28.614+0000] {crypto.py:82} WARNING - empty cryptography key - values will not be stored encrypted.
[2024-06-18T13:28:28.615+0000] {base.py:84} INFO - Using connection ID 'sourcedb_connection' for task execution.
[2024-06-18T13:28:28.633+0000] {python.py:237} INFO - Done. Returned value was: None
[2024-06-18T13:28:28.634+0000] {taskinstance.py:441} INFO - ::group::Post task execution logs
[2024-06-18T13:28:28.641+0000] {taskinstance.py:1206} INFO - Marking task as SUCCESS. dag_id=f1_data_pipeline_taskflow, task_id=load_practice_task, run_id=scheduled__2024-06-17T00:00:00+00:00, execution_date=20240617T000000, start_date=20240618T132828, end_date=20240618T132828
[2024-06-18T13:28:28.690+0000] {local_task_job_runner.py:240} INFO - Task exited with return code 0
[2024-06-18T13:28:28.707+0000] {taskinstance.py:3498} INFO - 0 downstream tasks scheduled from follow-on schedule check
[2024-06-18T13:28:28.708+0000] {local_task_job_runner.py:222} INFO - ::endgroup::
[2024-06-18T13:57:40.897+0000] {local_task_job_runner.py:120} INFO - ::group::Pre task execution logs
[2024-06-18T13:57:40.915+0000] {taskinstance.py:2076} INFO - Dependencies all met for dep_context=non-requeueable deps ti=<TaskInstance: f1_data_pipeline_taskflow.load_practice_task scheduled__2024-06-17T00:00:00+00:00 [queued]>
[2024-06-18T13:57:40.923+0000] {taskinstance.py:2076} INFO - Dependencies all met for dep_context=requeueable deps ti=<TaskInstance: f1_data_pipeline_taskflow.load_practice_task scheduled__2024-06-17T00:00:00+00:00 [queued]>
[2024-06-18T13:57:40.923+0000] {taskinstance.py:2306} INFO - Starting attempt 1 of 1
[2024-06-18T13:57:40.934+0000] {taskinstance.py:2330} INFO - Executing <Task(_PythonDecoratedOperator): load_practice_task> on 2024-06-17 00:00:00+00:00
[2024-06-18T13:57:40.940+0000] {warnings.py:110} WARNING - /home/***/.local/lib/python3.12/site-packages/***/task/task_runner/standard_task_runner.py:61: DeprecationWarning: This process (pid=542) is multi-threaded, use of fork() may lead to deadlocks in the child.
  pid = os.fork()

[2024-06-18T13:57:40.941+0000] {standard_task_runner.py:63} INFO - Started process 554 to run task
[2024-06-18T13:57:40.941+0000] {standard_task_runner.py:90} INFO - Running: ['***', 'tasks', 'run', 'f1_data_pipeline_taskflow', 'load_practice_task', 'scheduled__2024-06-17T00:00:00+00:00', '--job-id', '29', '--raw', '--subdir', 'DAGS_FOLDER/etl_dag.py', '--cfg-path', '/tmp/tmp7yae33t8']
[2024-06-18T13:57:40.943+0000] {standard_task_runner.py:91} INFO - Job 29: Subtask load_practice_task
[2024-06-18T13:57:40.985+0000] {task_command.py:426} INFO - Running <TaskInstance: f1_data_pipeline_taskflow.load_practice_task scheduled__2024-06-17T00:00:00+00:00 [running]> on host a16dbee39cfe
[2024-06-18T13:57:41.100+0000] {taskinstance.py:2648} INFO - Exporting env vars: AIRFLOW_CTX_DAG_OWNER='***' AIRFLOW_CTX_DAG_ID='f1_data_pipeline_taskflow' AIRFLOW_CTX_TASK_ID='load_practice_task' AIRFLOW_CTX_EXECUTION_DATE='2024-06-17T00:00:00+00:00' AIRFLOW_CTX_TRY_NUMBER='1' AIRFLOW_CTX_DAG_RUN_ID='scheduled__2024-06-17T00:00:00+00:00'
[2024-06-18T13:57:41.101+0000] {taskinstance.py:430} INFO - ::endgroup::
[2024-06-18T13:57:41.102+0000] {crypto.py:82} WARNING - empty cryptography key - values will not be stored encrypted.
[2024-06-18T13:57:41.103+0000] {base.py:84} INFO - Using connection ID 'sourcedb_connection' for task execution.
[2024-06-18T13:57:41.120+0000] {python.py:237} INFO - Done. Returned value was: None
[2024-06-18T13:57:41.121+0000] {taskinstance.py:441} INFO - ::group::Post task execution logs
[2024-06-18T13:57:41.128+0000] {taskinstance.py:1206} INFO - Marking task as SUCCESS. dag_id=f1_data_pipeline_taskflow, task_id=load_practice_task, run_id=scheduled__2024-06-17T00:00:00+00:00, execution_date=20240617T000000, start_date=20240618T135740, end_date=20240618T135741
[2024-06-18T13:57:41.155+0000] {local_task_job_runner.py:240} INFO - Task exited with return code 0
[2024-06-18T13:57:41.173+0000] {taskinstance.py:3498} INFO - 0 downstream tasks scheduled from follow-on schedule check
[2024-06-18T13:57:41.174+0000] {local_task_job_runner.py:222} INFO - ::endgroup::
[2024-06-18T14:07:13.379+0000] {local_task_job_runner.py:120} INFO - ::group::Pre task execution logs
[2024-06-18T14:07:13.396+0000] {taskinstance.py:2076} INFO - Dependencies all met for dep_context=non-requeueable deps ti=<TaskInstance: f1_data_pipeline_taskflow.load_practice_task scheduled__2024-06-17T00:00:00+00:00 [queued]>
[2024-06-18T14:07:13.403+0000] {taskinstance.py:2076} INFO - Dependencies all met for dep_context=requeueable deps ti=<TaskInstance: f1_data_pipeline_taskflow.load_practice_task scheduled__2024-06-17T00:00:00+00:00 [queued]>
[2024-06-18T14:07:13.404+0000] {taskinstance.py:2306} INFO - Starting attempt 1 of 1
[2024-06-18T14:07:13.413+0000] {taskinstance.py:2330} INFO - Executing <Task(_PythonDecoratedOperator): load_practice_task> on 2024-06-17 00:00:00+00:00
[2024-06-18T14:07:13.419+0000] {warnings.py:110} WARNING - /home/***/.local/lib/python3.12/site-packages/***/task/task_runner/standard_task_runner.py:61: DeprecationWarning: This process (pid=492) is multi-threaded, use of fork() may lead to deadlocks in the child.
  pid = os.fork()

[2024-06-18T14:07:13.420+0000] {standard_task_runner.py:63} INFO - Started process 504 to run task
[2024-06-18T14:07:13.421+0000] {standard_task_runner.py:90} INFO - Running: ['***', 'tasks', 'run', 'f1_data_pipeline_taskflow', 'load_practice_task', 'scheduled__2024-06-17T00:00:00+00:00', '--job-id', '24', '--raw', '--subdir', 'DAGS_FOLDER/etl_dag.py', '--cfg-path', '/tmp/tmpijddcdfl']
[2024-06-18T14:07:13.423+0000] {standard_task_runner.py:91} INFO - Job 24: Subtask load_practice_task
[2024-06-18T14:07:13.464+0000] {task_command.py:426} INFO - Running <TaskInstance: f1_data_pipeline_taskflow.load_practice_task scheduled__2024-06-17T00:00:00+00:00 [running]> on host f083cbcc503e
[2024-06-18T14:07:13.585+0000] {taskinstance.py:2648} INFO - Exporting env vars: AIRFLOW_CTX_DAG_OWNER='***' AIRFLOW_CTX_DAG_ID='f1_data_pipeline_taskflow' AIRFLOW_CTX_TASK_ID='load_practice_task' AIRFLOW_CTX_EXECUTION_DATE='2024-06-17T00:00:00+00:00' AIRFLOW_CTX_TRY_NUMBER='1' AIRFLOW_CTX_DAG_RUN_ID='scheduled__2024-06-17T00:00:00+00:00'
[2024-06-18T14:07:13.586+0000] {taskinstance.py:430} INFO - ::endgroup::
[2024-06-18T14:07:13.587+0000] {crypto.py:82} WARNING - empty cryptography key - values will not be stored encrypted.
[2024-06-18T14:07:13.588+0000] {base.py:84} INFO - Using connection ID 'sourcedb_connection' for task execution.
[2024-06-18T14:07:13.608+0000] {python.py:237} INFO - Done. Returned value was: None
[2024-06-18T14:07:13.609+0000] {taskinstance.py:441} INFO - ::group::Post task execution logs
[2024-06-18T14:07:13.617+0000] {taskinstance.py:1206} INFO - Marking task as SUCCESS. dag_id=f1_data_pipeline_taskflow, task_id=load_practice_task, run_id=scheduled__2024-06-17T00:00:00+00:00, execution_date=20240617T000000, start_date=20240618T140713, end_date=20240618T140713
[2024-06-18T14:07:13.634+0000] {local_task_job_runner.py:240} INFO - Task exited with return code 0
[2024-06-18T14:07:13.657+0000] {taskinstance.py:3498} INFO - 0 downstream tasks scheduled from follow-on schedule check
[2024-06-18T14:07:13.659+0000] {local_task_job_runner.py:222} INFO - ::endgroup::
