[2024-06-13T09:10:12.708+0000] {local_task_job_runner.py:120} INFO - ::group::Pre task execution logs
[2024-06-13T09:10:12.728+0000] {taskinstance.py:2076} INFO - Dependencies all met for dep_context=non-requeueable deps ti=<TaskInstance: f1_data_pipeline_taskflow_with_kafka.wait_for_elt_dag manual__2024-06-13T09:10:11.708628+00:00 [queued]>
[2024-06-13T09:10:12.733+0000] {taskinstance.py:2076} INFO - Dependencies all met for dep_context=requeueable deps ti=<TaskInstance: f1_data_pipeline_taskflow_with_kafka.wait_for_elt_dag manual__2024-06-13T09:10:11.708628+00:00 [queued]>
[2024-06-13T09:10:12.733+0000] {taskinstance.py:2306} INFO - Starting attempt 1 of 1
[2024-06-13T09:10:12.742+0000] {taskinstance.py:2330} INFO - Executing <Task(ExternalTaskSensor): wait_for_elt_dag> on 2024-06-13 09:10:11.708628+00:00
[2024-06-13T09:10:12.748+0000] {warnings.py:110} WARNING - /home/***/.local/lib/python3.12/site-packages/***/task/task_runner/standard_task_runner.py:61: DeprecationWarning: This process (pid=1227) is multi-threaded, use of fork() may lead to deadlocks in the child.
  pid = os.fork()

[2024-06-13T09:10:12.749+0000] {standard_task_runner.py:63} INFO - Started process 1233 to run task
[2024-06-13T09:10:12.750+0000] {standard_task_runner.py:90} INFO - Running: ['***', 'tasks', 'run', 'f1_data_pipeline_taskflow_with_kafka', 'wait_for_elt_dag', 'manual__2024-06-13T09:10:11.708628+00:00', '--job-id', '113', '--raw', '--subdir', 'DAGS_FOLDER/kafka_data_scrape.py', '--cfg-path', '/tmp/tmp03bav7uj']
[2024-06-13T09:10:12.752+0000] {standard_task_runner.py:91} INFO - Job 113: Subtask wait_for_elt_dag
[2024-06-13T09:10:12.796+0000] {task_command.py:426} INFO - Running <TaskInstance: f1_data_pipeline_taskflow_with_kafka.wait_for_elt_dag manual__2024-06-13T09:10:11.708628+00:00 [running]> on host c97498906c69
[2024-06-13T09:10:12.862+0000] {taskinstance.py:2648} INFO - Exporting env vars: AIRFLOW_CTX_DAG_OWNER='***' AIRFLOW_CTX_DAG_ID='f1_data_pipeline_taskflow_with_kafka' AIRFLOW_CTX_TASK_ID='wait_for_elt_dag' AIRFLOW_CTX_EXECUTION_DATE='2024-06-13T09:10:11.708628+00:00' AIRFLOW_CTX_TRY_NUMBER='1' AIRFLOW_CTX_DAG_RUN_ID='manual__2024-06-13T09:10:11.708628+00:00'
[2024-06-13T09:10:12.863+0000] {taskinstance.py:430} INFO - ::endgroup::
[2024-06-13T09:10:12.863+0000] {baseoperator.py:399} WARNING - ExternalTaskSensor.execute cannot be called outside TaskInstance!
[2024-06-13T09:10:12.864+0000] {external_task.py:258} INFO - Poking for tasks ['load_raceResults_task'] in dag f1_data_pipeline_taskflow on 2024-06-13T09:10:11.708628+00:00 ... 
[2024-06-13T09:10:12.864+0000] {warnings.py:110} WARNING - /home/***/.local/lib/python3.12/site-packages/***/utils/session.py:79: DeprecationWarning: This method is deprecated and will be removed in future.
  return func(*args, session=session, **kwargs)

[2024-06-13T09:11:12.872+0000] {external_task.py:258} INFO - Poking for tasks ['load_raceResults_task'] in dag f1_data_pipeline_taskflow on 2024-06-13T09:10:11.708628+00:00 ... 
[2024-06-13T09:12:12.880+0000] {external_task.py:258} INFO - Poking for tasks ['load_raceResults_task'] in dag f1_data_pipeline_taskflow on 2024-06-13T09:10:11.708628+00:00 ... 
[2024-06-13T09:13:12.888+0000] {external_task.py:258} INFO - Poking for tasks ['load_raceResults_task'] in dag f1_data_pipeline_taskflow on 2024-06-13T09:10:11.708628+00:00 ... 
[2024-06-13T09:14:12.898+0000] {external_task.py:258} INFO - Poking for tasks ['load_raceResults_task'] in dag f1_data_pipeline_taskflow on 2024-06-13T09:10:11.708628+00:00 ... 
