[2024-06-11T07:51:21.201+0000] {local_task_job_runner.py:120} INFO - ::group::Pre task execution logs
[2024-06-11T07:51:21.216+0000] {taskinstance.py:2076} INFO - Dependencies all met for dep_context=non-requeueable deps ti=<TaskInstance: f1_data_pipeline_taskflow.load_raceResults_task scheduled__2024-06-10T00:00:00+00:00 [queued]>
[2024-06-11T07:51:21.222+0000] {taskinstance.py:2076} INFO - Dependencies all met for dep_context=requeueable deps ti=<TaskInstance: f1_data_pipeline_taskflow.load_raceResults_task scheduled__2024-06-10T00:00:00+00:00 [queued]>
[2024-06-11T07:51:21.222+0000] {taskinstance.py:2306} INFO - Starting attempt 1 of 1
[2024-06-11T07:51:21.230+0000] {taskinstance.py:2330} INFO - Executing <Task(_PythonDecoratedOperator): load_raceResults_task> on 2024-06-10 00:00:00+00:00
[2024-06-11T07:51:21.236+0000] {warnings.py:110} WARNING - /home/***/.local/lib/python3.12/site-packages/***/task/task_runner/standard_task_runner.py:61: DeprecationWarning: This process (pid=812) is multi-threaded, use of fork() may lead to deadlocks in the child.
  pid = os.fork()

[2024-06-11T07:51:21.237+0000] {standard_task_runner.py:63} INFO - Started process 814 to run task
[2024-06-11T07:51:21.237+0000] {standard_task_runner.py:90} INFO - Running: ['***', 'tasks', 'run', 'f1_data_pipeline_taskflow', 'load_raceResults_task', 'scheduled__2024-06-10T00:00:00+00:00', '--job-id', '32', '--raw', '--subdir', 'DAGS_FOLDER/etl_dag.py', '--cfg-path', '/tmp/tmplzpx4ycq']
[2024-06-11T07:51:21.239+0000] {standard_task_runner.py:91} INFO - Job 32: Subtask load_raceResults_task
[2024-06-11T07:51:21.273+0000] {task_command.py:426} INFO - Running <TaskInstance: f1_data_pipeline_taskflow.load_raceResults_task scheduled__2024-06-10T00:00:00+00:00 [running]> on host 774afe459216
[2024-06-11T07:51:21.400+0000] {taskinstance.py:2648} INFO - Exporting env vars: AIRFLOW_CTX_DAG_OWNER='***' AIRFLOW_CTX_DAG_ID='f1_data_pipeline_taskflow' AIRFLOW_CTX_TASK_ID='load_raceResults_task' AIRFLOW_CTX_EXECUTION_DATE='2024-06-10T00:00:00+00:00' AIRFLOW_CTX_TRY_NUMBER='1' AIRFLOW_CTX_DAG_RUN_ID='scheduled__2024-06-10T00:00:00+00:00'
[2024-06-11T07:51:21.401+0000] {taskinstance.py:430} INFO - ::endgroup::
[2024-06-11T07:51:21.402+0000] {crypto.py:82} WARNING - empty cryptography key - values will not be stored encrypted.
[2024-06-11T07:51:21.403+0000] {base.py:84} INFO - Using connection ID 'sourcedb_connection' for task execution.
[2024-06-11T07:51:21.628+0000] {python.py:237} INFO - Done. Returned value was: None
[2024-06-11T07:51:21.629+0000] {taskinstance.py:441} INFO - ::group::Post task execution logs
[2024-06-11T07:51:21.637+0000] {taskinstance.py:1206} INFO - Marking task as SUCCESS. dag_id=f1_data_pipeline_taskflow, task_id=load_raceResults_task, run_id=scheduled__2024-06-10T00:00:00+00:00, execution_date=20240610T000000, start_date=20240611T075121, end_date=20240611T075121
[2024-06-11T07:51:21.651+0000] {local_task_job_runner.py:240} INFO - Task exited with return code 0
[2024-06-11T07:51:21.663+0000] {taskinstance.py:3498} INFO - 0 downstream tasks scheduled from follow-on schedule check
[2024-06-11T07:51:21.665+0000] {local_task_job_runner.py:222} INFO - ::endgroup::
[2024-06-11T09:15:43.495+0000] {local_task_job_runner.py:120} INFO - ::group::Pre task execution logs
[2024-06-11T09:15:43.511+0000] {taskinstance.py:2076} INFO - Dependencies all met for dep_context=non-requeueable deps ti=<TaskInstance: f1_data_pipeline_taskflow.load_raceResults_task scheduled__2024-06-10T00:00:00+00:00 [queued]>
[2024-06-11T09:15:43.517+0000] {taskinstance.py:2076} INFO - Dependencies all met for dep_context=requeueable deps ti=<TaskInstance: f1_data_pipeline_taskflow.load_raceResults_task scheduled__2024-06-10T00:00:00+00:00 [queued]>
[2024-06-11T09:15:43.517+0000] {taskinstance.py:2306} INFO - Starting attempt 1 of 1
[2024-06-11T09:15:43.525+0000] {taskinstance.py:2330} INFO - Executing <Task(_PythonDecoratedOperator): load_raceResults_task> on 2024-06-10 00:00:00+00:00
[2024-06-11T09:15:43.531+0000] {warnings.py:110} WARNING - /home/***/.local/lib/python3.12/site-packages/***/task/task_runner/standard_task_runner.py:61: DeprecationWarning: This process (pid=651) is multi-threaded, use of fork() may lead to deadlocks in the child.
  pid = os.fork()

[2024-06-11T09:15:43.533+0000] {standard_task_runner.py:63} INFO - Started process 653 to run task
[2024-06-11T09:15:43.532+0000] {standard_task_runner.py:90} INFO - Running: ['***', 'tasks', 'run', 'f1_data_pipeline_taskflow', 'load_raceResults_task', 'scheduled__2024-06-10T00:00:00+00:00', '--job-id', '32', '--raw', '--subdir', 'DAGS_FOLDER/etl_dag.py', '--cfg-path', '/tmp/tmpntcei2up']
[2024-06-11T09:15:43.534+0000] {standard_task_runner.py:91} INFO - Job 32: Subtask load_raceResults_task
[2024-06-11T09:15:43.575+0000] {task_command.py:426} INFO - Running <TaskInstance: f1_data_pipeline_taskflow.load_raceResults_task scheduled__2024-06-10T00:00:00+00:00 [running]> on host fdc9bf7b6fb8
[2024-06-11T09:15:43.716+0000] {taskinstance.py:2648} INFO - Exporting env vars: AIRFLOW_CTX_DAG_OWNER='***' AIRFLOW_CTX_DAG_ID='f1_data_pipeline_taskflow' AIRFLOW_CTX_TASK_ID='load_raceResults_task' AIRFLOW_CTX_EXECUTION_DATE='2024-06-10T00:00:00+00:00' AIRFLOW_CTX_TRY_NUMBER='1' AIRFLOW_CTX_DAG_RUN_ID='scheduled__2024-06-10T00:00:00+00:00'
[2024-06-11T09:15:43.717+0000] {taskinstance.py:430} INFO - ::endgroup::
[2024-06-11T09:15:43.718+0000] {crypto.py:82} WARNING - empty cryptography key - values will not be stored encrypted.
[2024-06-11T09:15:43.718+0000] {base.py:84} INFO - Using connection ID 'sourcedb_connection' for task execution.
[2024-06-11T09:15:43.938+0000] {python.py:237} INFO - Done. Returned value was: None
[2024-06-11T09:15:43.939+0000] {taskinstance.py:441} INFO - ::group::Post task execution logs
[2024-06-11T09:15:43.947+0000] {taskinstance.py:1206} INFO - Marking task as SUCCESS. dag_id=f1_data_pipeline_taskflow, task_id=load_raceResults_task, run_id=scheduled__2024-06-10T00:00:00+00:00, execution_date=20240610T000000, start_date=20240611T091543, end_date=20240611T091543
[2024-06-11T09:15:43.987+0000] {local_task_job_runner.py:240} INFO - Task exited with return code 0
[2024-06-11T09:15:43.998+0000] {taskinstance.py:3498} INFO - 0 downstream tasks scheduled from follow-on schedule check
[2024-06-11T09:15:44.000+0000] {local_task_job_runner.py:222} INFO - ::endgroup::
[2024-06-11T11:21:46.877+0000] {local_task_job_runner.py:120} INFO - ::group::Pre task execution logs
[2024-06-11T11:21:46.894+0000] {taskinstance.py:2076} INFO - Dependencies all met for dep_context=non-requeueable deps ti=<TaskInstance: f1_data_pipeline_taskflow.load_raceResults_task scheduled__2024-06-10T00:00:00+00:00 [queued]>
[2024-06-11T11:21:46.900+0000] {taskinstance.py:2076} INFO - Dependencies all met for dep_context=requeueable deps ti=<TaskInstance: f1_data_pipeline_taskflow.load_raceResults_task scheduled__2024-06-10T00:00:00+00:00 [queued]>
[2024-06-11T11:21:46.900+0000] {taskinstance.py:2306} INFO - Starting attempt 1 of 1
[2024-06-11T11:21:46.909+0000] {taskinstance.py:2330} INFO - Executing <Task(_PythonDecoratedOperator): load_raceResults_task> on 2024-06-10 00:00:00+00:00
[2024-06-11T11:21:46.916+0000] {warnings.py:110} WARNING - /home/***/.local/lib/python3.12/site-packages/***/task/task_runner/standard_task_runner.py:61: DeprecationWarning: This process (pid=678) is multi-threaded, use of fork() may lead to deadlocks in the child.
  pid = os.fork()

[2024-06-11T11:21:46.917+0000] {standard_task_runner.py:63} INFO - Started process 680 to run task
[2024-06-11T11:21:46.917+0000] {standard_task_runner.py:90} INFO - Running: ['***', 'tasks', 'run', 'f1_data_pipeline_taskflow', 'load_raceResults_task', 'scheduled__2024-06-10T00:00:00+00:00', '--job-id', '32', '--raw', '--subdir', 'DAGS_FOLDER/etl_dag.py', '--cfg-path', '/tmp/tmpgpq_9346']
[2024-06-11T11:21:46.919+0000] {standard_task_runner.py:91} INFO - Job 32: Subtask load_raceResults_task
[2024-06-11T11:21:46.954+0000] {task_command.py:426} INFO - Running <TaskInstance: f1_data_pipeline_taskflow.load_raceResults_task scheduled__2024-06-10T00:00:00+00:00 [running]> on host bc9f1e77df41
[2024-06-11T11:21:47.077+0000] {taskinstance.py:2648} INFO - Exporting env vars: AIRFLOW_CTX_DAG_OWNER='***' AIRFLOW_CTX_DAG_ID='f1_data_pipeline_taskflow' AIRFLOW_CTX_TASK_ID='load_raceResults_task' AIRFLOW_CTX_EXECUTION_DATE='2024-06-10T00:00:00+00:00' AIRFLOW_CTX_TRY_NUMBER='1' AIRFLOW_CTX_DAG_RUN_ID='scheduled__2024-06-10T00:00:00+00:00'
[2024-06-11T11:21:47.078+0000] {taskinstance.py:430} INFO - ::endgroup::
[2024-06-11T11:21:47.079+0000] {crypto.py:82} WARNING - empty cryptography key - values will not be stored encrypted.
[2024-06-11T11:21:47.080+0000] {base.py:84} INFO - Using connection ID 'sourcedb_connection' for task execution.
[2024-06-11T11:21:47.343+0000] {python.py:237} INFO - Done. Returned value was: None
[2024-06-11T11:21:47.344+0000] {taskinstance.py:441} INFO - ::group::Post task execution logs
[2024-06-11T11:21:47.354+0000] {taskinstance.py:1206} INFO - Marking task as SUCCESS. dag_id=f1_data_pipeline_taskflow, task_id=load_raceResults_task, run_id=scheduled__2024-06-10T00:00:00+00:00, execution_date=20240610T000000, start_date=20240611T112146, end_date=20240611T112147
[2024-06-11T11:21:47.371+0000] {local_task_job_runner.py:240} INFO - Task exited with return code 0
[2024-06-11T11:21:47.383+0000] {taskinstance.py:3498} INFO - 0 downstream tasks scheduled from follow-on schedule check
[2024-06-11T11:21:47.384+0000] {local_task_job_runner.py:222} INFO - ::endgroup::
[2024-06-11T14:24:48.463+0000] {local_task_job_runner.py:120} INFO - ::group::Pre task execution logs
[2024-06-11T14:24:48.477+0000] {taskinstance.py:2076} INFO - Dependencies all met for dep_context=non-requeueable deps ti=<TaskInstance: f1_data_pipeline_taskflow.load_raceResults_task scheduled__2024-06-10T00:00:00+00:00 [queued]>
[2024-06-11T14:24:48.483+0000] {taskinstance.py:2076} INFO - Dependencies all met for dep_context=requeueable deps ti=<TaskInstance: f1_data_pipeline_taskflow.load_raceResults_task scheduled__2024-06-10T00:00:00+00:00 [queued]>
[2024-06-11T14:24:48.483+0000] {taskinstance.py:2306} INFO - Starting attempt 1 of 1
[2024-06-11T14:24:48.490+0000] {taskinstance.py:2330} INFO - Executing <Task(_PythonDecoratedOperator): load_raceResults_task> on 2024-06-10 00:00:00+00:00
[2024-06-11T14:24:48.496+0000] {warnings.py:110} WARNING - /home/***/.local/lib/python3.12/site-packages/***/task/task_runner/standard_task_runner.py:61: DeprecationWarning: This process (pid=769) is multi-threaded, use of fork() may lead to deadlocks in the child.
  pid = os.fork()

[2024-06-11T14:24:48.497+0000] {standard_task_runner.py:63} INFO - Started process 771 to run task
[2024-06-11T14:24:48.497+0000] {standard_task_runner.py:90} INFO - Running: ['***', 'tasks', 'run', 'f1_data_pipeline_taskflow', 'load_raceResults_task', 'scheduled__2024-06-10T00:00:00+00:00', '--job-id', '32', '--raw', '--subdir', 'DAGS_FOLDER/etl_dag.py', '--cfg-path', '/tmp/tmpg2b4qq48']
[2024-06-11T14:24:48.499+0000] {standard_task_runner.py:91} INFO - Job 32: Subtask load_raceResults_task
[2024-06-11T14:24:48.530+0000] {task_command.py:426} INFO - Running <TaskInstance: f1_data_pipeline_taskflow.load_raceResults_task scheduled__2024-06-10T00:00:00+00:00 [running]> on host f99ae21f53ae
[2024-06-11T14:24:48.660+0000] {taskinstance.py:2648} INFO - Exporting env vars: AIRFLOW_CTX_DAG_OWNER='***' AIRFLOW_CTX_DAG_ID='f1_data_pipeline_taskflow' AIRFLOW_CTX_TASK_ID='load_raceResults_task' AIRFLOW_CTX_EXECUTION_DATE='2024-06-10T00:00:00+00:00' AIRFLOW_CTX_TRY_NUMBER='1' AIRFLOW_CTX_DAG_RUN_ID='scheduled__2024-06-10T00:00:00+00:00'
[2024-06-11T14:24:48.661+0000] {taskinstance.py:430} INFO - ::endgroup::
[2024-06-11T14:24:48.662+0000] {crypto.py:82} WARNING - empty cryptography key - values will not be stored encrypted.
[2024-06-11T14:24:48.663+0000] {base.py:84} INFO - Using connection ID 'sourcedb_connection' for task execution.
[2024-06-11T14:24:48.896+0000] {python.py:237} INFO - Done. Returned value was: None
[2024-06-11T14:24:48.896+0000] {taskinstance.py:441} INFO - ::group::Post task execution logs
[2024-06-11T14:24:48.903+0000] {taskinstance.py:1206} INFO - Marking task as SUCCESS. dag_id=f1_data_pipeline_taskflow, task_id=load_raceResults_task, run_id=scheduled__2024-06-10T00:00:00+00:00, execution_date=20240610T000000, start_date=20240611T142448, end_date=20240611T142448
[2024-06-11T14:24:48.951+0000] {local_task_job_runner.py:240} INFO - Task exited with return code 0
[2024-06-11T14:24:48.965+0000] {taskinstance.py:3498} INFO - 0 downstream tasks scheduled from follow-on schedule check
[2024-06-11T14:24:48.967+0000] {local_task_job_runner.py:222} INFO - ::endgroup::
