[2024-06-06T07:57:05.791+0000] {local_task_job_runner.py:120} INFO - ::group::Pre task execution logs
[2024-06-06T07:57:05.806+0000] {taskinstance.py:2076} INFO - Dependencies all met for dep_context=non-requeueable deps ti=<TaskInstance: f1_data_pipeline_taskflow.load_sprint_task scheduled__2024-06-05T00:00:00+00:00 [queued]>
[2024-06-06T07:57:05.811+0000] {taskinstance.py:2076} INFO - Dependencies all met for dep_context=requeueable deps ti=<TaskInstance: f1_data_pipeline_taskflow.load_sprint_task scheduled__2024-06-05T00:00:00+00:00 [queued]>
[2024-06-06T07:57:05.812+0000] {taskinstance.py:2306} INFO - Starting attempt 1 of 1
[2024-06-06T07:57:05.819+0000] {taskinstance.py:2330} INFO - Executing <Task(_PythonDecoratedOperator): load_sprint_task> on 2024-06-05 00:00:00+00:00
[2024-06-06T07:57:05.825+0000] {warnings.py:110} WARNING - /home/***/.local/lib/python3.12/site-packages/***/task/task_runner/standard_task_runner.py:61: DeprecationWarning: This process (pid=969) is multi-threaded, use of fork() may lead to deadlocks in the child.
  pid = os.fork()

[2024-06-06T07:57:05.826+0000] {standard_task_runner.py:63} INFO - Started process 971 to run task
[2024-06-06T07:57:05.826+0000] {standard_task_runner.py:90} INFO - Running: ['***', 'tasks', 'run', 'f1_data_pipeline_taskflow', 'load_sprint_task', 'scheduled__2024-06-05T00:00:00+00:00', '--job-id', '28', '--raw', '--subdir', 'DAGS_FOLDER/etl_dag.py', '--cfg-path', '/tmp/tmp8m0sgf13']
[2024-06-06T07:57:05.828+0000] {standard_task_runner.py:91} INFO - Job 28: Subtask load_sprint_task
[2024-06-06T07:57:05.861+0000] {task_command.py:426} INFO - Running <TaskInstance: f1_data_pipeline_taskflow.load_sprint_task scheduled__2024-06-05T00:00:00+00:00 [running]> on host 08774e8514f7
[2024-06-06T07:57:05.955+0000] {taskinstance.py:2648} INFO - Exporting env vars: AIRFLOW_CTX_DAG_OWNER='***' AIRFLOW_CTX_DAG_ID='f1_data_pipeline_taskflow' AIRFLOW_CTX_TASK_ID='load_sprint_task' AIRFLOW_CTX_EXECUTION_DATE='2024-06-05T00:00:00+00:00' AIRFLOW_CTX_TRY_NUMBER='1' AIRFLOW_CTX_DAG_RUN_ID='scheduled__2024-06-05T00:00:00+00:00'
[2024-06-06T07:57:05.957+0000] {taskinstance.py:430} INFO - ::endgroup::
[2024-06-06T07:57:05.958+0000] {crypto.py:82} WARNING - empty cryptography key - values will not be stored encrypted.
[2024-06-06T07:57:05.958+0000] {base.py:84} INFO - Using connection ID 'sourcedb_connection' for task execution.
[2024-06-06T07:57:06.001+0000] {python.py:237} INFO - Done. Returned value was: None
[2024-06-06T07:57:06.002+0000] {taskinstance.py:441} INFO - ::group::Post task execution logs
[2024-06-06T07:57:06.009+0000] {taskinstance.py:1206} INFO - Marking task as SUCCESS. dag_id=f1_data_pipeline_taskflow, task_id=load_sprint_task, run_id=scheduled__2024-06-05T00:00:00+00:00, execution_date=20240605T000000, start_date=20240606T075705, end_date=20240606T075706
[2024-06-06T07:57:06.039+0000] {local_task_job_runner.py:240} INFO - Task exited with return code 0
[2024-06-06T07:57:06.056+0000] {taskinstance.py:3498} INFO - 0 downstream tasks scheduled from follow-on schedule check
[2024-06-06T07:57:06.057+0000] {local_task_job_runner.py:222} INFO - ::endgroup::
[2024-06-06T08:56:51.551+0000] {local_task_job_runner.py:120} INFO - ::group::Pre task execution logs
[2024-06-06T08:56:51.568+0000] {taskinstance.py:2076} INFO - Dependencies all met for dep_context=non-requeueable deps ti=<TaskInstance: f1_data_pipeline_taskflow.load_sprint_task scheduled__2024-06-05T00:00:00+00:00 [queued]>
[2024-06-06T08:56:51.574+0000] {taskinstance.py:2076} INFO - Dependencies all met for dep_context=requeueable deps ti=<TaskInstance: f1_data_pipeline_taskflow.load_sprint_task scheduled__2024-06-05T00:00:00+00:00 [queued]>
[2024-06-06T08:56:51.574+0000] {taskinstance.py:2306} INFO - Starting attempt 1 of 1
[2024-06-06T08:56:51.583+0000] {taskinstance.py:2330} INFO - Executing <Task(_PythonDecoratedOperator): load_sprint_task> on 2024-06-05 00:00:00+00:00
[2024-06-06T08:56:51.589+0000] {warnings.py:110} WARNING - /home/***/.local/lib/python3.12/site-packages/***/task/task_runner/standard_task_runner.py:61: DeprecationWarning: This process (pid=548) is multi-threaded, use of fork() may lead to deadlocks in the child.
  pid = os.fork()

[2024-06-06T08:56:51.590+0000] {standard_task_runner.py:63} INFO - Started process 550 to run task
[2024-06-06T08:56:51.590+0000] {standard_task_runner.py:90} INFO - Running: ['***', 'tasks', 'run', 'f1_data_pipeline_taskflow', 'load_sprint_task', 'scheduled__2024-06-05T00:00:00+00:00', '--job-id', '32', '--raw', '--subdir', 'DAGS_FOLDER/etl_dag.py', '--cfg-path', '/tmp/tmp68bgbnhd']
[2024-06-06T08:56:51.592+0000] {standard_task_runner.py:91} INFO - Job 32: Subtask load_sprint_task
[2024-06-06T08:56:51.627+0000] {task_command.py:426} INFO - Running <TaskInstance: f1_data_pipeline_taskflow.load_sprint_task scheduled__2024-06-05T00:00:00+00:00 [running]> on host 92fdeb90b6dc
[2024-06-06T08:56:51.728+0000] {taskinstance.py:2648} INFO - Exporting env vars: AIRFLOW_CTX_DAG_OWNER='***' AIRFLOW_CTX_DAG_ID='f1_data_pipeline_taskflow' AIRFLOW_CTX_TASK_ID='load_sprint_task' AIRFLOW_CTX_EXECUTION_DATE='2024-06-05T00:00:00+00:00' AIRFLOW_CTX_TRY_NUMBER='1' AIRFLOW_CTX_DAG_RUN_ID='scheduled__2024-06-05T00:00:00+00:00'
[2024-06-06T08:56:51.731+0000] {taskinstance.py:430} INFO - ::endgroup::
[2024-06-06T08:56:51.732+0000] {crypto.py:82} WARNING - empty cryptography key - values will not be stored encrypted.
[2024-06-06T08:56:51.732+0000] {base.py:84} INFO - Using connection ID 'sourcedb_connection' for task execution.
[2024-06-06T08:56:51.789+0000] {python.py:237} INFO - Done. Returned value was: None
[2024-06-06T08:56:51.790+0000] {taskinstance.py:441} INFO - ::group::Post task execution logs
[2024-06-06T08:56:51.800+0000] {taskinstance.py:1206} INFO - Marking task as SUCCESS. dag_id=f1_data_pipeline_taskflow, task_id=load_sprint_task, run_id=scheduled__2024-06-05T00:00:00+00:00, execution_date=20240605T000000, start_date=20240606T085651, end_date=20240606T085651
[2024-06-06T08:56:51.844+0000] {local_task_job_runner.py:240} INFO - Task exited with return code 0
[2024-06-06T08:56:51.862+0000] {taskinstance.py:3498} INFO - 0 downstream tasks scheduled from follow-on schedule check
[2024-06-06T08:56:51.863+0000] {local_task_job_runner.py:222} INFO - ::endgroup::
[2024-06-06T09:16:59.221+0000] {local_task_job_runner.py:120} INFO - ::group::Pre task execution logs
[2024-06-06T09:16:59.239+0000] {taskinstance.py:2076} INFO - Dependencies all met for dep_context=non-requeueable deps ti=<TaskInstance: f1_data_pipeline_taskflow.load_sprint_task scheduled__2024-06-05T00:00:00+00:00 [queued]>
[2024-06-06T09:16:59.245+0000] {taskinstance.py:2076} INFO - Dependencies all met for dep_context=requeueable deps ti=<TaskInstance: f1_data_pipeline_taskflow.load_sprint_task scheduled__2024-06-05T00:00:00+00:00 [queued]>
[2024-06-06T09:16:59.245+0000] {taskinstance.py:2306} INFO - Starting attempt 1 of 1
[2024-06-06T09:16:59.255+0000] {taskinstance.py:2330} INFO - Executing <Task(_PythonDecoratedOperator): load_sprint_task> on 2024-06-05 00:00:00+00:00
[2024-06-06T09:16:59.261+0000] {warnings.py:110} WARNING - /home/***/.local/lib/python3.12/site-packages/***/task/task_runner/standard_task_runner.py:61: DeprecationWarning: This process (pid=569) is multi-threaded, use of fork() may lead to deadlocks in the child.
  pid = os.fork()

[2024-06-06T09:16:59.262+0000] {standard_task_runner.py:63} INFO - Started process 571 to run task
[2024-06-06T09:16:59.262+0000] {standard_task_runner.py:90} INFO - Running: ['***', 'tasks', 'run', 'f1_data_pipeline_taskflow', 'load_sprint_task', 'scheduled__2024-06-05T00:00:00+00:00', '--job-id', '30', '--raw', '--subdir', 'DAGS_FOLDER/etl_dag.py', '--cfg-path', '/tmp/tmp1qtsyjdk']
[2024-06-06T09:16:59.264+0000] {standard_task_runner.py:91} INFO - Job 30: Subtask load_sprint_task
[2024-06-06T09:16:59.301+0000] {task_command.py:426} INFO - Running <TaskInstance: f1_data_pipeline_taskflow.load_sprint_task scheduled__2024-06-05T00:00:00+00:00 [running]> on host 51c6f3587312
[2024-06-06T09:16:59.406+0000] {taskinstance.py:2648} INFO - Exporting env vars: AIRFLOW_CTX_DAG_OWNER='***' AIRFLOW_CTX_DAG_ID='f1_data_pipeline_taskflow' AIRFLOW_CTX_TASK_ID='load_sprint_task' AIRFLOW_CTX_EXECUTION_DATE='2024-06-05T00:00:00+00:00' AIRFLOW_CTX_TRY_NUMBER='1' AIRFLOW_CTX_DAG_RUN_ID='scheduled__2024-06-05T00:00:00+00:00'
[2024-06-06T09:16:59.408+0000] {taskinstance.py:430} INFO - ::endgroup::
[2024-06-06T09:16:59.409+0000] {crypto.py:82} WARNING - empty cryptography key - values will not be stored encrypted.
[2024-06-06T09:16:59.409+0000] {base.py:84} INFO - Using connection ID 'sourcedb_connection' for task execution.
[2024-06-06T09:16:59.453+0000] {python.py:237} INFO - Done. Returned value was: None
[2024-06-06T09:16:59.454+0000] {taskinstance.py:441} INFO - ::group::Post task execution logs
[2024-06-06T09:16:59.461+0000] {taskinstance.py:1206} INFO - Marking task as SUCCESS. dag_id=f1_data_pipeline_taskflow, task_id=load_sprint_task, run_id=scheduled__2024-06-05T00:00:00+00:00, execution_date=20240605T000000, start_date=20240606T091659, end_date=20240606T091659
[2024-06-06T09:16:59.516+0000] {local_task_job_runner.py:240} INFO - Task exited with return code 0
[2024-06-06T09:16:59.533+0000] {taskinstance.py:3498} INFO - 0 downstream tasks scheduled from follow-on schedule check
[2024-06-06T09:16:59.535+0000] {local_task_job_runner.py:222} INFO - ::endgroup::
[2024-06-06T09:36:16.133+0000] {local_task_job_runner.py:120} INFO - ::group::Pre task execution logs
[2024-06-06T09:36:16.152+0000] {taskinstance.py:2076} INFO - Dependencies all met for dep_context=non-requeueable deps ti=<TaskInstance: f1_data_pipeline_taskflow.load_sprint_task scheduled__2024-06-05T00:00:00+00:00 [queued]>
[2024-06-06T09:36:16.160+0000] {taskinstance.py:2076} INFO - Dependencies all met for dep_context=requeueable deps ti=<TaskInstance: f1_data_pipeline_taskflow.load_sprint_task scheduled__2024-06-05T00:00:00+00:00 [queued]>
[2024-06-06T09:36:16.160+0000] {taskinstance.py:2306} INFO - Starting attempt 1 of 1
[2024-06-06T09:36:16.173+0000] {taskinstance.py:2330} INFO - Executing <Task(_PythonDecoratedOperator): load_sprint_task> on 2024-06-05 00:00:00+00:00
[2024-06-06T09:36:16.179+0000] {warnings.py:110} WARNING - /home/***/.local/lib/python3.12/site-packages/***/task/task_runner/standard_task_runner.py:61: DeprecationWarning: This process (pid=508) is multi-threaded, use of fork() may lead to deadlocks in the child.
  pid = os.fork()

[2024-06-06T09:36:16.180+0000] {standard_task_runner.py:63} INFO - Started process 517 to run task
[2024-06-06T09:36:16.181+0000] {standard_task_runner.py:90} INFO - Running: ['***', 'tasks', 'run', 'f1_data_pipeline_taskflow', 'load_sprint_task', 'scheduled__2024-06-05T00:00:00+00:00', '--job-id', '29', '--raw', '--subdir', 'DAGS_FOLDER/etl_dag.py', '--cfg-path', '/tmp/tmpzmjakz6r']
[2024-06-06T09:36:16.182+0000] {standard_task_runner.py:91} INFO - Job 29: Subtask load_sprint_task
[2024-06-06T09:36:16.221+0000] {task_command.py:426} INFO - Running <TaskInstance: f1_data_pipeline_taskflow.load_sprint_task scheduled__2024-06-05T00:00:00+00:00 [running]> on host 65a3ac1acc01
[2024-06-06T09:36:16.346+0000] {taskinstance.py:2648} INFO - Exporting env vars: AIRFLOW_CTX_DAG_OWNER='***' AIRFLOW_CTX_DAG_ID='f1_data_pipeline_taskflow' AIRFLOW_CTX_TASK_ID='load_sprint_task' AIRFLOW_CTX_EXECUTION_DATE='2024-06-05T00:00:00+00:00' AIRFLOW_CTX_TRY_NUMBER='1' AIRFLOW_CTX_DAG_RUN_ID='scheduled__2024-06-05T00:00:00+00:00'
[2024-06-06T09:36:16.347+0000] {taskinstance.py:430} INFO - ::endgroup::
[2024-06-06T09:36:16.348+0000] {crypto.py:82} WARNING - empty cryptography key - values will not be stored encrypted.
[2024-06-06T09:36:16.349+0000] {base.py:84} INFO - Using connection ID 'sourcedb_connection' for task execution.
[2024-06-06T09:36:16.399+0000] {python.py:237} INFO - Done. Returned value was: None
[2024-06-06T09:36:16.399+0000] {taskinstance.py:441} INFO - ::group::Post task execution logs
[2024-06-06T09:36:16.409+0000] {taskinstance.py:1206} INFO - Marking task as SUCCESS. dag_id=f1_data_pipeline_taskflow, task_id=load_sprint_task, run_id=scheduled__2024-06-05T00:00:00+00:00, execution_date=20240605T000000, start_date=20240606T093616, end_date=20240606T093616
[2024-06-06T09:36:16.434+0000] {local_task_job_runner.py:240} INFO - Task exited with return code 0
[2024-06-06T09:36:16.443+0000] {local_task_job_runner.py:222} INFO - ::endgroup::
[2024-06-06T12:13:53.839+0000] {local_task_job_runner.py:120} INFO - ::group::Pre task execution logs
[2024-06-06T12:13:53.855+0000] {taskinstance.py:2076} INFO - Dependencies all met for dep_context=non-requeueable deps ti=<TaskInstance: f1_data_pipeline_taskflow.load_sprint_task scheduled__2024-06-05T00:00:00+00:00 [queued]>
[2024-06-06T12:13:53.861+0000] {taskinstance.py:2076} INFO - Dependencies all met for dep_context=requeueable deps ti=<TaskInstance: f1_data_pipeline_taskflow.load_sprint_task scheduled__2024-06-05T00:00:00+00:00 [queued]>
[2024-06-06T12:13:53.861+0000] {taskinstance.py:2306} INFO - Starting attempt 1 of 1
[2024-06-06T12:13:53.870+0000] {taskinstance.py:2330} INFO - Executing <Task(_PythonDecoratedOperator): load_sprint_task> on 2024-06-05 00:00:00+00:00
[2024-06-06T12:13:53.876+0000] {warnings.py:110} WARNING - /home/***/.local/lib/python3.12/site-packages/***/task/task_runner/standard_task_runner.py:61: DeprecationWarning: This process (pid=551) is multi-threaded, use of fork() may lead to deadlocks in the child.
  pid = os.fork()

[2024-06-06T12:13:53.877+0000] {standard_task_runner.py:63} INFO - Started process 553 to run task
[2024-06-06T12:13:53.877+0000] {standard_task_runner.py:90} INFO - Running: ['***', 'tasks', 'run', 'f1_data_pipeline_taskflow', 'load_sprint_task', 'scheduled__2024-06-05T00:00:00+00:00', '--job-id', '30', '--raw', '--subdir', 'DAGS_FOLDER/etl_dag.py', '--cfg-path', '/tmp/tmpd20vt8mu']
[2024-06-06T12:13:53.879+0000] {standard_task_runner.py:91} INFO - Job 30: Subtask load_sprint_task
[2024-06-06T12:13:53.913+0000] {task_command.py:426} INFO - Running <TaskInstance: f1_data_pipeline_taskflow.load_sprint_task scheduled__2024-06-05T00:00:00+00:00 [running]> on host 67c96aeea7c1
[2024-06-06T12:13:54.015+0000] {taskinstance.py:2648} INFO - Exporting env vars: AIRFLOW_CTX_DAG_OWNER='***' AIRFLOW_CTX_DAG_ID='f1_data_pipeline_taskflow' AIRFLOW_CTX_TASK_ID='load_sprint_task' AIRFLOW_CTX_EXECUTION_DATE='2024-06-05T00:00:00+00:00' AIRFLOW_CTX_TRY_NUMBER='1' AIRFLOW_CTX_DAG_RUN_ID='scheduled__2024-06-05T00:00:00+00:00'
[2024-06-06T12:13:54.016+0000] {taskinstance.py:430} INFO - ::endgroup::
[2024-06-06T12:13:54.017+0000] {crypto.py:82} WARNING - empty cryptography key - values will not be stored encrypted.
[2024-06-06T12:13:54.017+0000] {base.py:84} INFO - Using connection ID 'sourcedb_connection' for task execution.
[2024-06-06T12:14:11.538+0000] {python.py:237} INFO - Done. Returned value was: None
[2024-06-06T12:14:11.539+0000] {taskinstance.py:441} INFO - ::group::Post task execution logs
[2024-06-06T12:14:11.546+0000] {taskinstance.py:1206} INFO - Marking task as SUCCESS. dag_id=f1_data_pipeline_taskflow, task_id=load_sprint_task, run_id=scheduled__2024-06-05T00:00:00+00:00, execution_date=20240605T000000, start_date=20240606T121353, end_date=20240606T121411
[2024-06-06T12:14:11.578+0000] {local_task_job_runner.py:240} INFO - Task exited with return code 0
[2024-06-06T12:14:11.595+0000] {taskinstance.py:3498} INFO - 0 downstream tasks scheduled from follow-on schedule check
[2024-06-06T12:14:11.596+0000] {local_task_job_runner.py:222} INFO - ::endgroup::
[2024-06-06T12:19:06.937+0000] {local_task_job_runner.py:120} INFO - ::group::Pre task execution logs
[2024-06-06T12:19:06.957+0000] {taskinstance.py:2076} INFO - Dependencies all met for dep_context=non-requeueable deps ti=<TaskInstance: f1_data_pipeline_taskflow.load_sprint_task scheduled__2024-06-05T00:00:00+00:00 [queued]>
[2024-06-06T12:19:06.965+0000] {taskinstance.py:2076} INFO - Dependencies all met for dep_context=requeueable deps ti=<TaskInstance: f1_data_pipeline_taskflow.load_sprint_task scheduled__2024-06-05T00:00:00+00:00 [queued]>
[2024-06-06T12:19:06.965+0000] {taskinstance.py:2306} INFO - Starting attempt 1 of 1
[2024-06-06T12:19:06.977+0000] {taskinstance.py:2330} INFO - Executing <Task(_PythonDecoratedOperator): load_sprint_task> on 2024-06-05 00:00:00+00:00
[2024-06-06T12:19:06.983+0000] {warnings.py:110} WARNING - /home/***/.local/lib/python3.12/site-packages/***/task/task_runner/standard_task_runner.py:61: DeprecationWarning: This process (pid=556) is multi-threaded, use of fork() may lead to deadlocks in the child.
  pid = os.fork()

[2024-06-06T12:19:06.985+0000] {standard_task_runner.py:63} INFO - Started process 558 to run task
[2024-06-06T12:19:06.985+0000] {standard_task_runner.py:90} INFO - Running: ['***', 'tasks', 'run', 'f1_data_pipeline_taskflow', 'load_sprint_task', 'scheduled__2024-06-05T00:00:00+00:00', '--job-id', '29', '--raw', '--subdir', 'DAGS_FOLDER/etl_dag.py', '--cfg-path', '/tmp/tmp0ans2fxq']
[2024-06-06T12:19:06.987+0000] {standard_task_runner.py:91} INFO - Job 29: Subtask load_sprint_task
[2024-06-06T12:19:07.039+0000] {task_command.py:426} INFO - Running <TaskInstance: f1_data_pipeline_taskflow.load_sprint_task scheduled__2024-06-05T00:00:00+00:00 [running]> on host 4f215e9dab06
[2024-06-06T12:19:07.184+0000] {taskinstance.py:2648} INFO - Exporting env vars: AIRFLOW_CTX_DAG_OWNER='***' AIRFLOW_CTX_DAG_ID='f1_data_pipeline_taskflow' AIRFLOW_CTX_TASK_ID='load_sprint_task' AIRFLOW_CTX_EXECUTION_DATE='2024-06-05T00:00:00+00:00' AIRFLOW_CTX_TRY_NUMBER='1' AIRFLOW_CTX_DAG_RUN_ID='scheduled__2024-06-05T00:00:00+00:00'
[2024-06-06T12:19:07.185+0000] {taskinstance.py:430} INFO - ::endgroup::
[2024-06-06T12:19:07.186+0000] {crypto.py:82} WARNING - empty cryptography key - values will not be stored encrypted.
[2024-06-06T12:19:07.186+0000] {base.py:84} INFO - Using connection ID 'sourcedb_connection' for task execution.
[2024-06-06T12:19:25.007+0000] {python.py:237} INFO - Done. Returned value was: None
[2024-06-06T12:19:25.007+0000] {taskinstance.py:441} INFO - ::group::Post task execution logs
[2024-06-06T12:19:25.014+0000] {taskinstance.py:1206} INFO - Marking task as SUCCESS. dag_id=f1_data_pipeline_taskflow, task_id=load_sprint_task, run_id=scheduled__2024-06-05T00:00:00+00:00, execution_date=20240605T000000, start_date=20240606T121906, end_date=20240606T121925
[2024-06-06T12:19:25.051+0000] {local_task_job_runner.py:240} INFO - Task exited with return code 0
[2024-06-06T12:19:25.068+0000] {taskinstance.py:3498} INFO - 0 downstream tasks scheduled from follow-on schedule check
[2024-06-06T12:19:25.070+0000] {local_task_job_runner.py:222} INFO - ::endgroup::
[2024-06-06T12:23:27.692+0000] {local_task_job_runner.py:120} INFO - ::group::Pre task execution logs
[2024-06-06T12:23:27.710+0000] {taskinstance.py:2076} INFO - Dependencies all met for dep_context=non-requeueable deps ti=<TaskInstance: f1_data_pipeline_taskflow.load_sprint_task scheduled__2024-06-05T00:00:00+00:00 [queued]>
[2024-06-06T12:23:27.716+0000] {taskinstance.py:2076} INFO - Dependencies all met for dep_context=requeueable deps ti=<TaskInstance: f1_data_pipeline_taskflow.load_sprint_task scheduled__2024-06-05T00:00:00+00:00 [queued]>
[2024-06-06T12:23:27.717+0000] {taskinstance.py:2306} INFO - Starting attempt 1 of 1
[2024-06-06T12:23:27.725+0000] {taskinstance.py:2330} INFO - Executing <Task(_PythonDecoratedOperator): load_sprint_task> on 2024-06-05 00:00:00+00:00
[2024-06-06T12:23:27.731+0000] {warnings.py:110} WARNING - /home/***/.local/lib/python3.12/site-packages/***/task/task_runner/standard_task_runner.py:61: DeprecationWarning: This process (pid=501) is multi-threaded, use of fork() may lead to deadlocks in the child.
  pid = os.fork()

[2024-06-06T12:23:27.732+0000] {standard_task_runner.py:63} INFO - Started process 507 to run task
[2024-06-06T12:23:27.732+0000] {standard_task_runner.py:90} INFO - Running: ['***', 'tasks', 'run', 'f1_data_pipeline_taskflow', 'load_sprint_task', 'scheduled__2024-06-05T00:00:00+00:00', '--job-id', '24', '--raw', '--subdir', 'DAGS_FOLDER/etl_dag.py', '--cfg-path', '/tmp/tmp540w_u23']
[2024-06-06T12:23:27.734+0000] {standard_task_runner.py:91} INFO - Job 24: Subtask load_sprint_task
[2024-06-06T12:23:27.772+0000] {task_command.py:426} INFO - Running <TaskInstance: f1_data_pipeline_taskflow.load_sprint_task scheduled__2024-06-05T00:00:00+00:00 [running]> on host 7679c901c0ae
[2024-06-06T12:23:27.880+0000] {taskinstance.py:2648} INFO - Exporting env vars: AIRFLOW_CTX_DAG_OWNER='***' AIRFLOW_CTX_DAG_ID='f1_data_pipeline_taskflow' AIRFLOW_CTX_TASK_ID='load_sprint_task' AIRFLOW_CTX_EXECUTION_DATE='2024-06-05T00:00:00+00:00' AIRFLOW_CTX_TRY_NUMBER='1' AIRFLOW_CTX_DAG_RUN_ID='scheduled__2024-06-05T00:00:00+00:00'
[2024-06-06T12:23:27.881+0000] {taskinstance.py:430} INFO - ::endgroup::
[2024-06-06T12:23:27.882+0000] {crypto.py:82} WARNING - empty cryptography key - values will not be stored encrypted.
[2024-06-06T12:23:27.882+0000] {base.py:84} INFO - Using connection ID 'sourcedb_connection' for task execution.
[2024-06-06T12:23:46.213+0000] {python.py:237} INFO - Done. Returned value was: None
[2024-06-06T12:23:46.214+0000] {taskinstance.py:441} INFO - ::group::Post task execution logs
[2024-06-06T12:23:46.221+0000] {taskinstance.py:1206} INFO - Marking task as SUCCESS. dag_id=f1_data_pipeline_taskflow, task_id=load_sprint_task, run_id=scheduled__2024-06-05T00:00:00+00:00, execution_date=20240605T000000, start_date=20240606T122327, end_date=20240606T122346
[2024-06-06T12:23:46.243+0000] {local_task_job_runner.py:240} INFO - Task exited with return code 0
[2024-06-06T12:23:46.260+0000] {taskinstance.py:3498} INFO - 0 downstream tasks scheduled from follow-on schedule check
[2024-06-06T12:23:46.261+0000] {local_task_job_runner.py:222} INFO - ::endgroup::
[2024-06-06T12:29:04.842+0000] {local_task_job_runner.py:120} INFO - ::group::Pre task execution logs
[2024-06-06T12:29:04.859+0000] {taskinstance.py:2076} INFO - Dependencies all met for dep_context=non-requeueable deps ti=<TaskInstance: f1_data_pipeline_taskflow.load_sprint_task scheduled__2024-06-05T00:00:00+00:00 [queued]>
[2024-06-06T12:29:04.866+0000] {taskinstance.py:2076} INFO - Dependencies all met for dep_context=requeueable deps ti=<TaskInstance: f1_data_pipeline_taskflow.load_sprint_task scheduled__2024-06-05T00:00:00+00:00 [queued]>
[2024-06-06T12:29:04.866+0000] {taskinstance.py:2306} INFO - Starting attempt 1 of 1
[2024-06-06T12:29:04.875+0000] {taskinstance.py:2330} INFO - Executing <Task(_PythonDecoratedOperator): load_sprint_task> on 2024-06-05 00:00:00+00:00
[2024-06-06T12:29:04.882+0000] {warnings.py:110} WARNING - /home/***/.local/lib/python3.12/site-packages/***/task/task_runner/standard_task_runner.py:61: DeprecationWarning: This process (pid=510) is multi-threaded, use of fork() may lead to deadlocks in the child.
  pid = os.fork()

[2024-06-06T12:29:04.883+0000] {standard_task_runner.py:63} INFO - Started process 551 to run task
[2024-06-06T12:29:04.883+0000] {standard_task_runner.py:90} INFO - Running: ['***', 'tasks', 'run', 'f1_data_pipeline_taskflow', 'load_sprint_task', 'scheduled__2024-06-05T00:00:00+00:00', '--job-id', '28', '--raw', '--subdir', 'DAGS_FOLDER/etl_dag.py', '--cfg-path', '/tmp/tmp0dwto9ca']
[2024-06-06T12:29:04.885+0000] {standard_task_runner.py:91} INFO - Job 28: Subtask load_sprint_task
[2024-06-06T12:29:04.922+0000] {task_command.py:426} INFO - Running <TaskInstance: f1_data_pipeline_taskflow.load_sprint_task scheduled__2024-06-05T00:00:00+00:00 [running]> on host a23e7e40387a
[2024-06-06T12:29:05.030+0000] {taskinstance.py:2648} INFO - Exporting env vars: AIRFLOW_CTX_DAG_OWNER='***' AIRFLOW_CTX_DAG_ID='f1_data_pipeline_taskflow' AIRFLOW_CTX_TASK_ID='load_sprint_task' AIRFLOW_CTX_EXECUTION_DATE='2024-06-05T00:00:00+00:00' AIRFLOW_CTX_TRY_NUMBER='1' AIRFLOW_CTX_DAG_RUN_ID='scheduled__2024-06-05T00:00:00+00:00'
[2024-06-06T12:29:05.031+0000] {taskinstance.py:430} INFO - ::endgroup::
[2024-06-06T12:29:05.032+0000] {crypto.py:82} WARNING - empty cryptography key - values will not be stored encrypted.
[2024-06-06T12:29:05.032+0000] {base.py:84} INFO - Using connection ID 'sourcedb_connection' for task execution.
[2024-06-06T12:29:05.078+0000] {python.py:237} INFO - Done. Returned value was: None
[2024-06-06T12:29:05.079+0000] {taskinstance.py:441} INFO - ::group::Post task execution logs
[2024-06-06T12:29:05.087+0000] {taskinstance.py:1206} INFO - Marking task as SUCCESS. dag_id=f1_data_pipeline_taskflow, task_id=load_sprint_task, run_id=scheduled__2024-06-05T00:00:00+00:00, execution_date=20240605T000000, start_date=20240606T122904, end_date=20240606T122905
[2024-06-06T12:29:05.136+0000] {local_task_job_runner.py:240} INFO - Task exited with return code 0
[2024-06-06T12:29:05.154+0000] {taskinstance.py:3498} INFO - 0 downstream tasks scheduled from follow-on schedule check
[2024-06-06T12:29:05.155+0000] {local_task_job_runner.py:222} INFO - ::endgroup::
[2024-06-06T13:06:33.617+0000] {local_task_job_runner.py:120} INFO - ::group::Pre task execution logs
[2024-06-06T13:06:33.633+0000] {taskinstance.py:2076} INFO - Dependencies all met for dep_context=non-requeueable deps ti=<TaskInstance: f1_data_pipeline_taskflow.load_sprint_task scheduled__2024-06-05T00:00:00+00:00 [queued]>
[2024-06-06T13:06:33.638+0000] {taskinstance.py:2076} INFO - Dependencies all met for dep_context=requeueable deps ti=<TaskInstance: f1_data_pipeline_taskflow.load_sprint_task scheduled__2024-06-05T00:00:00+00:00 [queued]>
[2024-06-06T13:06:33.639+0000] {taskinstance.py:2306} INFO - Starting attempt 1 of 1
[2024-06-06T13:06:33.647+0000] {taskinstance.py:2330} INFO - Executing <Task(_PythonDecoratedOperator): load_sprint_task> on 2024-06-05 00:00:00+00:00
[2024-06-06T13:06:33.652+0000] {warnings.py:110} WARNING - /home/***/.local/lib/python3.12/site-packages/***/task/task_runner/standard_task_runner.py:61: DeprecationWarning: This process (pid=677) is multi-threaded, use of fork() may lead to deadlocks in the child.
  pid = os.fork()

[2024-06-06T13:06:33.653+0000] {standard_task_runner.py:63} INFO - Started process 679 to run task
[2024-06-06T13:06:33.653+0000] {standard_task_runner.py:90} INFO - Running: ['***', 'tasks', 'run', 'f1_data_pipeline_taskflow', 'load_sprint_task', 'scheduled__2024-06-05T00:00:00+00:00', '--job-id', '28', '--raw', '--subdir', 'DAGS_FOLDER/etl_dag.py', '--cfg-path', '/tmp/tmpc0tsl8p5']
[2024-06-06T13:06:33.655+0000] {standard_task_runner.py:91} INFO - Job 28: Subtask load_sprint_task
[2024-06-06T13:06:33.689+0000] {task_command.py:426} INFO - Running <TaskInstance: f1_data_pipeline_taskflow.load_sprint_task scheduled__2024-06-05T00:00:00+00:00 [running]> on host 96c3a9a38613
[2024-06-06T13:06:33.787+0000] {taskinstance.py:2648} INFO - Exporting env vars: AIRFLOW_CTX_DAG_OWNER='***' AIRFLOW_CTX_DAG_ID='f1_data_pipeline_taskflow' AIRFLOW_CTX_TASK_ID='load_sprint_task' AIRFLOW_CTX_EXECUTION_DATE='2024-06-05T00:00:00+00:00' AIRFLOW_CTX_TRY_NUMBER='1' AIRFLOW_CTX_DAG_RUN_ID='scheduled__2024-06-05T00:00:00+00:00'
[2024-06-06T13:06:33.788+0000] {taskinstance.py:430} INFO - ::endgroup::
[2024-06-06T13:06:33.789+0000] {crypto.py:82} WARNING - empty cryptography key - values will not be stored encrypted.
[2024-06-06T13:06:33.789+0000] {base.py:84} INFO - Using connection ID 'sourcedb_connection' for task execution.
[2024-06-06T13:06:33.834+0000] {python.py:237} INFO - Done. Returned value was: None
[2024-06-06T13:06:33.835+0000] {taskinstance.py:441} INFO - ::group::Post task execution logs
[2024-06-06T13:06:33.842+0000] {taskinstance.py:1206} INFO - Marking task as SUCCESS. dag_id=f1_data_pipeline_taskflow, task_id=load_sprint_task, run_id=scheduled__2024-06-05T00:00:00+00:00, execution_date=20240605T000000, start_date=20240606T130633, end_date=20240606T130633
[2024-06-06T13:06:33.866+0000] {local_task_job_runner.py:240} INFO - Task exited with return code 0
[2024-06-06T13:06:33.883+0000] {taskinstance.py:3498} INFO - 0 downstream tasks scheduled from follow-on schedule check
[2024-06-06T13:06:33.885+0000] {local_task_job_runner.py:222} INFO - ::endgroup::
[2024-06-06T14:23:43.477+0000] {local_task_job_runner.py:120} INFO - ::group::Pre task execution logs
[2024-06-06T14:23:43.492+0000] {taskinstance.py:2076} INFO - Dependencies all met for dep_context=non-requeueable deps ti=<TaskInstance: f1_data_pipeline_taskflow.load_sprint_task scheduled__2024-06-05T00:00:00+00:00 [queued]>
[2024-06-06T14:23:43.498+0000] {taskinstance.py:2076} INFO - Dependencies all met for dep_context=requeueable deps ti=<TaskInstance: f1_data_pipeline_taskflow.load_sprint_task scheduled__2024-06-05T00:00:00+00:00 [queued]>
[2024-06-06T14:23:43.498+0000] {taskinstance.py:2306} INFO - Starting attempt 1 of 1
[2024-06-06T14:23:43.507+0000] {taskinstance.py:2330} INFO - Executing <Task(_PythonDecoratedOperator): load_sprint_task> on 2024-06-05 00:00:00+00:00
[2024-06-06T14:23:43.514+0000] {warnings.py:110} WARNING - /home/***/.local/lib/python3.12/site-packages/***/task/task_runner/standard_task_runner.py:61: DeprecationWarning: This process (pid=524) is multi-threaded, use of fork() may lead to deadlocks in the child.
  pid = os.fork()

[2024-06-06T14:23:43.515+0000] {standard_task_runner.py:63} INFO - Started process 532 to run task
[2024-06-06T14:23:43.515+0000] {standard_task_runner.py:90} INFO - Running: ['***', 'tasks', 'run', 'f1_data_pipeline_taskflow', 'load_sprint_task', 'scheduled__2024-06-05T00:00:00+00:00', '--job-id', '30', '--raw', '--subdir', 'DAGS_FOLDER/etl_dag.py', '--cfg-path', '/tmp/tmp2gaq63kw']
[2024-06-06T14:23:43.517+0000] {standard_task_runner.py:91} INFO - Job 30: Subtask load_sprint_task
[2024-06-06T14:23:43.553+0000] {task_command.py:426} INFO - Running <TaskInstance: f1_data_pipeline_taskflow.load_sprint_task scheduled__2024-06-05T00:00:00+00:00 [running]> on host a10f77dd72b8
[2024-06-06T14:23:43.665+0000] {taskinstance.py:2648} INFO - Exporting env vars: AIRFLOW_CTX_DAG_OWNER='***' AIRFLOW_CTX_DAG_ID='f1_data_pipeline_taskflow' AIRFLOW_CTX_TASK_ID='load_sprint_task' AIRFLOW_CTX_EXECUTION_DATE='2024-06-05T00:00:00+00:00' AIRFLOW_CTX_TRY_NUMBER='1' AIRFLOW_CTX_DAG_RUN_ID='scheduled__2024-06-05T00:00:00+00:00'
[2024-06-06T14:23:43.666+0000] {taskinstance.py:430} INFO - ::endgroup::
[2024-06-06T14:23:43.667+0000] {crypto.py:82} WARNING - empty cryptography key - values will not be stored encrypted.
[2024-06-06T14:23:43.667+0000] {base.py:84} INFO - Using connection ID 'sourcedb_connection' for task execution.
[2024-06-06T14:23:43.717+0000] {python.py:237} INFO - Done. Returned value was: None
[2024-06-06T14:23:43.718+0000] {taskinstance.py:441} INFO - ::group::Post task execution logs
[2024-06-06T14:23:43.725+0000] {taskinstance.py:1206} INFO - Marking task as SUCCESS. dag_id=f1_data_pipeline_taskflow, task_id=load_sprint_task, run_id=scheduled__2024-06-05T00:00:00+00:00, execution_date=20240605T000000, start_date=20240606T142343, end_date=20240606T142343
[2024-06-06T14:23:43.769+0000] {local_task_job_runner.py:240} INFO - Task exited with return code 0
[2024-06-06T14:23:43.777+0000] {local_task_job_runner.py:222} INFO - ::endgroup::
[2024-06-06T14:27:47.931+0000] {local_task_job_runner.py:120} INFO - ::group::Pre task execution logs
[2024-06-06T14:27:47.946+0000] {taskinstance.py:2076} INFO - Dependencies all met for dep_context=non-requeueable deps ti=<TaskInstance: f1_data_pipeline_taskflow.load_sprint_task scheduled__2024-06-05T00:00:00+00:00 [queued]>
[2024-06-06T14:27:47.952+0000] {taskinstance.py:2076} INFO - Dependencies all met for dep_context=requeueable deps ti=<TaskInstance: f1_data_pipeline_taskflow.load_sprint_task scheduled__2024-06-05T00:00:00+00:00 [queued]>
[2024-06-06T14:27:47.953+0000] {taskinstance.py:2306} INFO - Starting attempt 1 of 1
[2024-06-06T14:27:47.961+0000] {taskinstance.py:2330} INFO - Executing <Task(_PythonDecoratedOperator): load_sprint_task> on 2024-06-05 00:00:00+00:00
[2024-06-06T14:27:47.967+0000] {warnings.py:110} WARNING - /home/***/.local/lib/python3.12/site-packages/***/task/task_runner/standard_task_runner.py:61: DeprecationWarning: This process (pid=505) is multi-threaded, use of fork() may lead to deadlocks in the child.
  pid = os.fork()

[2024-06-06T14:27:47.968+0000] {standard_task_runner.py:63} INFO - Started process 553 to run task
[2024-06-06T14:27:47.968+0000] {standard_task_runner.py:90} INFO - Running: ['***', 'tasks', 'run', 'f1_data_pipeline_taskflow', 'load_sprint_task', 'scheduled__2024-06-05T00:00:00+00:00', '--job-id', '30', '--raw', '--subdir', 'DAGS_FOLDER/etl_dag.py', '--cfg-path', '/tmp/tmpujjqt5u9']
[2024-06-06T14:27:47.970+0000] {standard_task_runner.py:91} INFO - Job 30: Subtask load_sprint_task
[2024-06-06T14:27:48.004+0000] {task_command.py:426} INFO - Running <TaskInstance: f1_data_pipeline_taskflow.load_sprint_task scheduled__2024-06-05T00:00:00+00:00 [running]> on host 3059d4e2f604
[2024-06-06T14:27:48.124+0000] {taskinstance.py:2648} INFO - Exporting env vars: AIRFLOW_CTX_DAG_OWNER='***' AIRFLOW_CTX_DAG_ID='f1_data_pipeline_taskflow' AIRFLOW_CTX_TASK_ID='load_sprint_task' AIRFLOW_CTX_EXECUTION_DATE='2024-06-05T00:00:00+00:00' AIRFLOW_CTX_TRY_NUMBER='1' AIRFLOW_CTX_DAG_RUN_ID='scheduled__2024-06-05T00:00:00+00:00'
[2024-06-06T14:27:48.126+0000] {taskinstance.py:430} INFO - ::endgroup::
[2024-06-06T14:27:48.128+0000] {crypto.py:82} WARNING - empty cryptography key - values will not be stored encrypted.
[2024-06-06T14:27:48.128+0000] {base.py:84} INFO - Using connection ID 'sourcedb_connection' for task execution.
[2024-06-06T14:27:48.187+0000] {python.py:237} INFO - Done. Returned value was: None
[2024-06-06T14:27:48.187+0000] {taskinstance.py:441} INFO - ::group::Post task execution logs
[2024-06-06T14:27:48.195+0000] {taskinstance.py:1206} INFO - Marking task as SUCCESS. dag_id=f1_data_pipeline_taskflow, task_id=load_sprint_task, run_id=scheduled__2024-06-05T00:00:00+00:00, execution_date=20240605T000000, start_date=20240606T142747, end_date=20240606T142748
[2024-06-06T14:27:48.221+0000] {local_task_job_runner.py:240} INFO - Task exited with return code 0
[2024-06-06T14:27:48.238+0000] {taskinstance.py:3498} INFO - 0 downstream tasks scheduled from follow-on schedule check
[2024-06-06T14:27:48.240+0000] {local_task_job_runner.py:222} INFO - ::endgroup::
