[2024-05-29T09:20:08.950+0000] {processor.py:161} INFO - Started process (PID=42) to work on /opt/airflow/dags/etl_dag.py
[2024-05-29T09:20:08.951+0000] {processor.py:830} INFO - Processing file /opt/airflow/dags/etl_dag.py for tasks to queue
[2024-05-29T09:20:08.952+0000] {logging_mixin.py:188} INFO - [2024-05-29T09:20:08.951+0000] {dagbag.py:545} INFO - Filling up the DagBag from /opt/airflow/dags/etl_dag.py
[2024-05-29T09:20:09.969+0000] {processor.py:840} INFO - DAG(s) 'f1_data_pipeline' retrieved from /opt/airflow/dags/etl_dag.py
[2024-05-29T09:20:10.128+0000] {logging_mixin.py:188} INFO - [2024-05-29T09:20:10.128+0000] {override.py:1829} INFO - Created Permission View: can read on DAG:f1_data_pipeline
[2024-05-29T09:20:10.136+0000] {logging_mixin.py:188} INFO - [2024-05-29T09:20:10.136+0000] {override.py:1829} INFO - Created Permission View: can delete on DAG:f1_data_pipeline
[2024-05-29T09:20:10.141+0000] {logging_mixin.py:188} INFO - [2024-05-29T09:20:10.141+0000] {override.py:1829} INFO - Created Permission View: can edit on DAG:f1_data_pipeline
[2024-05-29T09:20:10.142+0000] {logging_mixin.py:188} INFO - [2024-05-29T09:20:10.142+0000] {dag.py:3096} INFO - Sync 1 DAGs
[2024-05-29T09:20:10.148+0000] {logging_mixin.py:188} INFO - [2024-05-29T09:20:10.148+0000] {dag.py:3118} INFO - Creating ORM DAG for f1_data_pipeline
[2024-05-29T09:20:10.154+0000] {logging_mixin.py:188} INFO - [2024-05-29T09:20:10.154+0000] {dag.py:3954} INFO - Setting next_dagrun for f1_data_pipeline to 2024-05-27 00:00:00+00:00, run_after=2024-05-28 00:00:00+00:00
[2024-05-29T09:20:10.163+0000] {processor.py:183} INFO - Processing /opt/airflow/dags/etl_dag.py took 1.217 seconds
[2024-05-29T09:20:40.268+0000] {processor.py:161} INFO - Started process (PID=103) to work on /opt/airflow/dags/etl_dag.py
[2024-05-29T09:20:40.272+0000] {processor.py:830} INFO - Processing file /opt/airflow/dags/etl_dag.py for tasks to queue
[2024-05-29T09:20:40.274+0000] {logging_mixin.py:188} INFO - [2024-05-29T09:20:40.274+0000] {dagbag.py:545} INFO - Filling up the DagBag from /opt/airflow/dags/etl_dag.py
[2024-05-29T09:20:40.534+0000] {processor.py:840} INFO - DAG(s) 'f1_data_pipeline' retrieved from /opt/airflow/dags/etl_dag.py
[2024-05-29T09:20:40.543+0000] {logging_mixin.py:188} INFO - [2024-05-29T09:20:40.543+0000] {dag.py:3096} INFO - Sync 1 DAGs
[2024-05-29T09:20:40.553+0000] {logging_mixin.py:188} INFO - [2024-05-29T09:20:40.553+0000] {dag.py:3954} INFO - Setting next_dagrun for f1_data_pipeline to 2024-05-27 00:00:00+00:00, run_after=2024-05-28 00:00:00+00:00
[2024-05-29T09:20:40.563+0000] {processor.py:183} INFO - Processing /opt/airflow/dags/etl_dag.py took 0.299 seconds
[2024-05-29T09:21:11.076+0000] {processor.py:161} INFO - Started process (PID=163) to work on /opt/airflow/dags/etl_dag.py
[2024-05-29T09:21:11.077+0000] {processor.py:830} INFO - Processing file /opt/airflow/dags/etl_dag.py for tasks to queue
[2024-05-29T09:21:11.079+0000] {logging_mixin.py:188} INFO - [2024-05-29T09:21:11.078+0000] {dagbag.py:545} INFO - Filling up the DagBag from /opt/airflow/dags/etl_dag.py
[2024-05-29T09:21:11.354+0000] {processor.py:840} INFO - DAG(s) 'f1_data_pipeline' retrieved from /opt/airflow/dags/etl_dag.py
[2024-05-29T09:21:11.365+0000] {logging_mixin.py:188} INFO - [2024-05-29T09:21:11.364+0000] {dag.py:3096} INFO - Sync 1 DAGs
[2024-05-29T09:21:11.377+0000] {logging_mixin.py:188} INFO - [2024-05-29T09:21:11.377+0000] {dag.py:3954} INFO - Setting next_dagrun for f1_data_pipeline to 2024-05-27 00:00:00+00:00, run_after=2024-05-28 00:00:00+00:00
[2024-05-29T09:21:11.387+0000] {processor.py:183} INFO - Processing /opt/airflow/dags/etl_dag.py took 0.314 seconds
[2024-05-29T09:21:41.804+0000] {processor.py:161} INFO - Started process (PID=223) to work on /opt/airflow/dags/etl_dag.py
[2024-05-29T09:21:41.805+0000] {processor.py:830} INFO - Processing file /opt/airflow/dags/etl_dag.py for tasks to queue
[2024-05-29T09:21:41.806+0000] {logging_mixin.py:188} INFO - [2024-05-29T09:21:41.806+0000] {dagbag.py:545} INFO - Filling up the DagBag from /opt/airflow/dags/etl_dag.py
[2024-05-29T09:21:42.058+0000] {processor.py:840} INFO - DAG(s) 'f1_data_pipeline' retrieved from /opt/airflow/dags/etl_dag.py
[2024-05-29T09:21:42.068+0000] {logging_mixin.py:188} INFO - [2024-05-29T09:21:42.068+0000] {dag.py:3096} INFO - Sync 1 DAGs
[2024-05-29T09:21:42.081+0000] {logging_mixin.py:188} INFO - [2024-05-29T09:21:42.081+0000] {dag.py:3954} INFO - Setting next_dagrun for f1_data_pipeline to 2024-05-27 00:00:00+00:00, run_after=2024-05-28 00:00:00+00:00
[2024-05-29T09:21:42.092+0000] {processor.py:183} INFO - Processing /opt/airflow/dags/etl_dag.py took 0.291 seconds
[2024-05-29T09:22:12.539+0000] {processor.py:161} INFO - Started process (PID=283) to work on /opt/airflow/dags/etl_dag.py
[2024-05-29T09:22:12.540+0000] {processor.py:830} INFO - Processing file /opt/airflow/dags/etl_dag.py for tasks to queue
[2024-05-29T09:22:12.542+0000] {logging_mixin.py:188} INFO - [2024-05-29T09:22:12.541+0000] {dagbag.py:545} INFO - Filling up the DagBag from /opt/airflow/dags/etl_dag.py
[2024-05-29T09:22:12.791+0000] {processor.py:840} INFO - DAG(s) 'f1_data_pipeline' retrieved from /opt/airflow/dags/etl_dag.py
[2024-05-29T09:22:12.802+0000] {logging_mixin.py:188} INFO - [2024-05-29T09:22:12.801+0000] {dag.py:3096} INFO - Sync 1 DAGs
[2024-05-29T09:22:12.813+0000] {logging_mixin.py:188} INFO - [2024-05-29T09:22:12.813+0000] {dag.py:3954} INFO - Setting next_dagrun for f1_data_pipeline to 2024-05-27 00:00:00+00:00, run_after=2024-05-28 00:00:00+00:00
[2024-05-29T09:22:12.824+0000] {processor.py:183} INFO - Processing /opt/airflow/dags/etl_dag.py took 0.291 seconds
[2024-05-29T13:24:30.692+0000] {processor.py:161} INFO - Started process (PID=42) to work on /opt/airflow/dags/etl_dag.py
[2024-05-29T13:24:30.694+0000] {processor.py:830} INFO - Processing file /opt/airflow/dags/etl_dag.py for tasks to queue
[2024-05-29T13:24:30.696+0000] {logging_mixin.py:188} INFO - [2024-05-29T13:24:30.695+0000] {dagbag.py:545} INFO - Filling up the DagBag from /opt/airflow/dags/etl_dag.py
[2024-05-29T13:24:31.680+0000] {processor.py:840} INFO - DAG(s) 'f1_data_pipeline' retrieved from /opt/airflow/dags/etl_dag.py
[2024-05-29T13:24:31.754+0000] {logging_mixin.py:188} INFO - [2024-05-29T13:24:31.754+0000] {override.py:1829} INFO - Created Permission View: can read on DAG:f1_data_pipeline
[2024-05-29T13:24:31.761+0000] {logging_mixin.py:188} INFO - [2024-05-29T13:24:31.761+0000] {override.py:1829} INFO - Created Permission View: can delete on DAG:f1_data_pipeline
[2024-05-29T13:24:31.767+0000] {logging_mixin.py:188} INFO - [2024-05-29T13:24:31.767+0000] {override.py:1829} INFO - Created Permission View: can edit on DAG:f1_data_pipeline
[2024-05-29T13:24:31.767+0000] {logging_mixin.py:188} INFO - [2024-05-29T13:24:31.767+0000] {dag.py:3096} INFO - Sync 1 DAGs
[2024-05-29T13:24:31.774+0000] {logging_mixin.py:188} INFO - [2024-05-29T13:24:31.774+0000] {dag.py:3118} INFO - Creating ORM DAG for f1_data_pipeline
[2024-05-29T13:24:31.781+0000] {logging_mixin.py:188} INFO - [2024-05-29T13:24:31.780+0000] {dag.py:3954} INFO - Setting next_dagrun for f1_data_pipeline to 2024-05-27 00:00:00+00:00, run_after=2024-05-28 00:00:00+00:00
[2024-05-29T13:24:31.791+0000] {processor.py:183} INFO - Processing /opt/airflow/dags/etl_dag.py took 1.103 seconds
[2024-05-29T13:25:02.149+0000] {processor.py:161} INFO - Started process (PID=104) to work on /opt/airflow/dags/etl_dag.py
[2024-05-29T13:25:02.150+0000] {processor.py:830} INFO - Processing file /opt/airflow/dags/etl_dag.py for tasks to queue
[2024-05-29T13:25:02.152+0000] {logging_mixin.py:188} INFO - [2024-05-29T13:25:02.152+0000] {dagbag.py:545} INFO - Filling up the DagBag from /opt/airflow/dags/etl_dag.py
[2024-05-29T13:25:02.428+0000] {processor.py:840} INFO - DAG(s) 'f1_data_pipeline' retrieved from /opt/airflow/dags/etl_dag.py
[2024-05-29T13:25:02.437+0000] {logging_mixin.py:188} INFO - [2024-05-29T13:25:02.436+0000] {dag.py:3096} INFO - Sync 1 DAGs
[2024-05-29T13:25:02.447+0000] {logging_mixin.py:188} INFO - [2024-05-29T13:25:02.447+0000] {dag.py:3954} INFO - Setting next_dagrun for f1_data_pipeline to 2024-05-27 00:00:00+00:00, run_after=2024-05-28 00:00:00+00:00
[2024-05-29T13:25:02.456+0000] {processor.py:183} INFO - Processing /opt/airflow/dags/etl_dag.py took 0.313 seconds
[2024-05-29T13:25:33.287+0000] {processor.py:161} INFO - Started process (PID=165) to work on /opt/airflow/dags/etl_dag.py
[2024-05-29T13:25:33.288+0000] {processor.py:830} INFO - Processing file /opt/airflow/dags/etl_dag.py for tasks to queue
[2024-05-29T13:25:33.289+0000] {logging_mixin.py:188} INFO - [2024-05-29T13:25:33.289+0000] {dagbag.py:545} INFO - Filling up the DagBag from /opt/airflow/dags/etl_dag.py
[2024-05-29T13:25:33.552+0000] {processor.py:840} INFO - DAG(s) 'f1_data_pipeline' retrieved from /opt/airflow/dags/etl_dag.py
[2024-05-29T13:25:33.561+0000] {logging_mixin.py:188} INFO - [2024-05-29T13:25:33.561+0000] {dag.py:3096} INFO - Sync 1 DAGs
[2024-05-29T13:25:33.572+0000] {logging_mixin.py:188} INFO - [2024-05-29T13:25:33.572+0000] {dag.py:3954} INFO - Setting next_dagrun for f1_data_pipeline to 2024-05-27 00:00:00+00:00, run_after=2024-05-28 00:00:00+00:00
[2024-05-29T13:25:33.581+0000] {processor.py:183} INFO - Processing /opt/airflow/dags/etl_dag.py took 0.299 seconds
[2024-05-29T13:43:25.863+0000] {processor.py:161} INFO - Started process (PID=42) to work on /opt/airflow/dags/etl_dag.py
[2024-05-29T13:43:25.864+0000] {processor.py:830} INFO - Processing file /opt/airflow/dags/etl_dag.py for tasks to queue
[2024-05-29T13:43:25.866+0000] {logging_mixin.py:188} INFO - [2024-05-29T13:43:25.866+0000] {dagbag.py:545} INFO - Filling up the DagBag from /opt/airflow/dags/etl_dag.py
[2024-05-29T13:43:25.878+0000] {logging_mixin.py:188} INFO - [2024-05-29T13:43:25.877+0000] {dagbag.py:355} ERROR - Failed to import: /opt/airflow/dags/etl_dag.py
Traceback (most recent call last):
  File "/home/airflow/.local/lib/python3.12/site-packages/airflow/models/dagbag.py", line 351, in parse
    loader.exec_module(new_module)
  File "<frozen importlib._bootstrap_external>", line 995, in exec_module
  File "<frozen importlib._bootstrap>", line 488, in _call_with_frames_removed
  File "/opt/airflow/dags/etl_dag.py", line 5, in <module>
    from airflow.models.xcom_args import XComArg
ModuleNotFoundError: No module named 'airflow.models.xcom_args'
[2024-05-29T13:43:25.878+0000] {processor.py:842} WARNING - No viable dags retrieved from /opt/airflow/dags/etl_dag.py
[2024-05-29T13:43:25.891+0000] {processor.py:183} INFO - Processing /opt/airflow/dags/etl_dag.py took 0.032 seconds
[2024-05-29T13:43:56.265+0000] {processor.py:161} INFO - Started process (PID=101) to work on /opt/airflow/dags/etl_dag.py
[2024-05-29T13:43:56.267+0000] {processor.py:830} INFO - Processing file /opt/airflow/dags/etl_dag.py for tasks to queue
[2024-05-29T13:43:56.268+0000] {logging_mixin.py:188} INFO - [2024-05-29T13:43:56.268+0000] {dagbag.py:545} INFO - Filling up the DagBag from /opt/airflow/dags/etl_dag.py
[2024-05-29T13:43:56.270+0000] {logging_mixin.py:188} INFO - [2024-05-29T13:43:56.270+0000] {dagbag.py:355} ERROR - Failed to import: /opt/airflow/dags/etl_dag.py
Traceback (most recent call last):
  File "/home/airflow/.local/lib/python3.12/site-packages/airflow/models/dagbag.py", line 351, in parse
    loader.exec_module(new_module)
  File "<frozen importlib._bootstrap_external>", line 995, in exec_module
  File "<frozen importlib._bootstrap>", line 488, in _call_with_frames_removed
  File "/opt/airflow/dags/etl_dag.py", line 5, in <module>
    from airflow.models.xcom_args import XComArg
ModuleNotFoundError: No module named 'airflow.models.xcom_args'
[2024-05-29T13:43:56.271+0000] {processor.py:842} WARNING - No viable dags retrieved from /opt/airflow/dags/etl_dag.py
[2024-05-29T13:43:56.285+0000] {processor.py:183} INFO - Processing /opt/airflow/dags/etl_dag.py took 0.026 seconds
[2024-05-29T13:44:26.871+0000] {processor.py:161} INFO - Started process (PID=160) to work on /opt/airflow/dags/etl_dag.py
[2024-05-29T13:44:26.873+0000] {processor.py:830} INFO - Processing file /opt/airflow/dags/etl_dag.py for tasks to queue
[2024-05-29T13:44:26.874+0000] {logging_mixin.py:188} INFO - [2024-05-29T13:44:26.874+0000] {dagbag.py:545} INFO - Filling up the DagBag from /opt/airflow/dags/etl_dag.py
[2024-05-29T13:44:26.876+0000] {logging_mixin.py:188} INFO - [2024-05-29T13:44:26.875+0000] {dagbag.py:355} ERROR - Failed to import: /opt/airflow/dags/etl_dag.py
Traceback (most recent call last):
  File "/home/airflow/.local/lib/python3.12/site-packages/airflow/models/dagbag.py", line 351, in parse
    loader.exec_module(new_module)
  File "<frozen importlib._bootstrap_external>", line 995, in exec_module
  File "<frozen importlib._bootstrap>", line 488, in _call_with_frames_removed
  File "/opt/airflow/dags/etl_dag.py", line 5, in <module>
    from airflow.models.xcom_args import XComArg
ModuleNotFoundError: No module named 'airflow.models.xcom_args'
[2024-05-29T13:44:26.876+0000] {processor.py:842} WARNING - No viable dags retrieved from /opt/airflow/dags/etl_dag.py
[2024-05-29T13:44:26.890+0000] {processor.py:183} INFO - Processing /opt/airflow/dags/etl_dag.py took 0.025 seconds
[2024-05-29T13:44:57.453+0000] {processor.py:161} INFO - Started process (PID=219) to work on /opt/airflow/dags/etl_dag.py
[2024-05-29T13:44:57.454+0000] {processor.py:830} INFO - Processing file /opt/airflow/dags/etl_dag.py for tasks to queue
[2024-05-29T13:44:57.456+0000] {logging_mixin.py:188} INFO - [2024-05-29T13:44:57.456+0000] {dagbag.py:545} INFO - Filling up the DagBag from /opt/airflow/dags/etl_dag.py
[2024-05-29T13:44:57.458+0000] {logging_mixin.py:188} INFO - [2024-05-29T13:44:57.457+0000] {dagbag.py:355} ERROR - Failed to import: /opt/airflow/dags/etl_dag.py
Traceback (most recent call last):
  File "/home/airflow/.local/lib/python3.12/site-packages/airflow/models/dagbag.py", line 351, in parse
    loader.exec_module(new_module)
  File "<frozen importlib._bootstrap_external>", line 995, in exec_module
  File "<frozen importlib._bootstrap>", line 488, in _call_with_frames_removed
  File "/opt/airflow/dags/etl_dag.py", line 5, in <module>
    from airflow.models.xcom_args import XComArg
ModuleNotFoundError: No module named 'airflow.models.xcom_args'
[2024-05-29T13:44:57.458+0000] {processor.py:842} WARNING - No viable dags retrieved from /opt/airflow/dags/etl_dag.py
[2024-05-29T13:44:57.472+0000] {processor.py:183} INFO - Processing /opt/airflow/dags/etl_dag.py took 0.025 seconds
[2024-05-29T13:45:28.091+0000] {processor.py:161} INFO - Started process (PID=278) to work on /opt/airflow/dags/etl_dag.py
[2024-05-29T13:45:28.096+0000] {processor.py:830} INFO - Processing file /opt/airflow/dags/etl_dag.py for tasks to queue
[2024-05-29T13:45:28.098+0000] {logging_mixin.py:188} INFO - [2024-05-29T13:45:28.097+0000] {dagbag.py:545} INFO - Filling up the DagBag from /opt/airflow/dags/etl_dag.py
[2024-05-29T13:45:28.099+0000] {logging_mixin.py:188} INFO - [2024-05-29T13:45:28.099+0000] {dagbag.py:355} ERROR - Failed to import: /opt/airflow/dags/etl_dag.py
Traceback (most recent call last):
  File "/home/airflow/.local/lib/python3.12/site-packages/airflow/models/dagbag.py", line 351, in parse
    loader.exec_module(new_module)
  File "<frozen importlib._bootstrap_external>", line 995, in exec_module
  File "<frozen importlib._bootstrap>", line 488, in _call_with_frames_removed
  File "/opt/airflow/dags/etl_dag.py", line 5, in <module>
    from airflow.models.xcom_args import XComArg
ModuleNotFoundError: No module named 'airflow.models.xcom_args'
[2024-05-29T13:45:28.100+0000] {processor.py:842} WARNING - No viable dags retrieved from /opt/airflow/dags/etl_dag.py
[2024-05-29T13:45:28.111+0000] {processor.py:183} INFO - Processing /opt/airflow/dags/etl_dag.py took 0.024 seconds
[2024-05-29T13:45:58.733+0000] {processor.py:161} INFO - Started process (PID=337) to work on /opt/airflow/dags/etl_dag.py
[2024-05-29T13:45:58.734+0000] {processor.py:830} INFO - Processing file /opt/airflow/dags/etl_dag.py for tasks to queue
[2024-05-29T13:45:58.735+0000] {logging_mixin.py:188} INFO - [2024-05-29T13:45:58.735+0000] {dagbag.py:545} INFO - Filling up the DagBag from /opt/airflow/dags/etl_dag.py
[2024-05-29T13:45:58.738+0000] {logging_mixin.py:188} INFO - [2024-05-29T13:45:58.737+0000] {dagbag.py:355} ERROR - Failed to import: /opt/airflow/dags/etl_dag.py
Traceback (most recent call last):
  File "/home/airflow/.local/lib/python3.12/site-packages/airflow/models/dagbag.py", line 351, in parse
    loader.exec_module(new_module)
  File "<frozen importlib._bootstrap_external>", line 995, in exec_module
  File "<frozen importlib._bootstrap>", line 488, in _call_with_frames_removed
  File "/opt/airflow/dags/etl_dag.py", line 5, in <module>
    from airflow.models.xcom_args import XComArg
ModuleNotFoundError: No module named 'airflow.models.xcom_args'
[2024-05-29T13:45:58.738+0000] {processor.py:842} WARNING - No viable dags retrieved from /opt/airflow/dags/etl_dag.py
[2024-05-29T13:45:58.754+0000] {processor.py:183} INFO - Processing /opt/airflow/dags/etl_dag.py took 0.025 seconds
[2024-05-29T13:46:29.426+0000] {processor.py:161} INFO - Started process (PID=396) to work on /opt/airflow/dags/etl_dag.py
[2024-05-29T13:46:29.428+0000] {processor.py:830} INFO - Processing file /opt/airflow/dags/etl_dag.py for tasks to queue
[2024-05-29T13:46:29.430+0000] {logging_mixin.py:188} INFO - [2024-05-29T13:46:29.429+0000] {dagbag.py:545} INFO - Filling up the DagBag from /opt/airflow/dags/etl_dag.py
[2024-05-29T13:46:29.433+0000] {logging_mixin.py:188} INFO - [2024-05-29T13:46:29.432+0000] {dagbag.py:355} ERROR - Failed to import: /opt/airflow/dags/etl_dag.py
Traceback (most recent call last):
  File "/home/airflow/.local/lib/python3.12/site-packages/airflow/models/dagbag.py", line 351, in parse
    loader.exec_module(new_module)
  File "<frozen importlib._bootstrap_external>", line 995, in exec_module
  File "<frozen importlib._bootstrap>", line 488, in _call_with_frames_removed
  File "/opt/airflow/dags/etl_dag.py", line 5, in <module>
    from airflow.models.xcom_args import XComArg
ModuleNotFoundError: No module named 'airflow.models.xcom_args'
[2024-05-29T13:46:29.434+0000] {processor.py:842} WARNING - No viable dags retrieved from /opt/airflow/dags/etl_dag.py
[2024-05-29T13:46:29.447+0000] {processor.py:183} INFO - Processing /opt/airflow/dags/etl_dag.py took 0.027 seconds
[2024-05-29T13:46:59.485+0000] {processor.py:161} INFO - Started process (PID=455) to work on /opt/airflow/dags/etl_dag.py
[2024-05-29T13:46:59.487+0000] {processor.py:830} INFO - Processing file /opt/airflow/dags/etl_dag.py for tasks to queue
[2024-05-29T13:46:59.488+0000] {logging_mixin.py:188} INFO - [2024-05-29T13:46:59.488+0000] {dagbag.py:545} INFO - Filling up the DagBag from /opt/airflow/dags/etl_dag.py
[2024-05-29T13:46:59.490+0000] {logging_mixin.py:188} INFO - [2024-05-29T13:46:59.489+0000] {dagbag.py:355} ERROR - Failed to import: /opt/airflow/dags/etl_dag.py
Traceback (most recent call last):
  File "/home/airflow/.local/lib/python3.12/site-packages/airflow/models/dagbag.py", line 351, in parse
    loader.exec_module(new_module)
  File "<frozen importlib._bootstrap_external>", line 995, in exec_module
  File "<frozen importlib._bootstrap>", line 488, in _call_with_frames_removed
  File "/opt/airflow/dags/etl_dag.py", line 5, in <module>
    from airflow.models.xcom_args import XComArg
ModuleNotFoundError: No module named 'airflow.models.xcom_args'
[2024-05-29T13:46:59.490+0000] {processor.py:842} WARNING - No viable dags retrieved from /opt/airflow/dags/etl_dag.py
[2024-05-29T13:46:59.505+0000] {processor.py:183} INFO - Processing /opt/airflow/dags/etl_dag.py took 0.024 seconds
[2024-05-29T14:22:17.616+0000] {processor.py:161} INFO - Started process (PID=42) to work on /opt/airflow/dags/etl_dag.py
[2024-05-29T14:22:17.617+0000] {processor.py:830} INFO - Processing file /opt/airflow/dags/etl_dag.py for tasks to queue
[2024-05-29T14:22:17.620+0000] {logging_mixin.py:188} INFO - [2024-05-29T14:22:17.619+0000] {dagbag.py:545} INFO - Filling up the DagBag from /opt/airflow/dags/etl_dag.py
[2024-05-29T14:22:17.625+0000] {logging_mixin.py:188} INFO - [2024-05-29T14:22:17.624+0000] {dagbag.py:355} ERROR - Failed to import: /opt/airflow/dags/etl_dag.py
Traceback (most recent call last):
  File "/home/airflow/.local/lib/python3.12/site-packages/airflow/models/dagbag.py", line 351, in parse
    loader.exec_module(new_module)
  File "<frozen importlib._bootstrap_external>", line 995, in exec_module
  File "<frozen importlib._bootstrap>", line 488, in _call_with_frames_removed
  File "/opt/airflow/dags/etl_dag.py", line 5, in <module>
    from airflow.models.xcom_args import XComArg
ModuleNotFoundError: No module named 'airflow.models.xcom_args'
[2024-05-29T14:22:17.625+0000] {processor.py:842} WARNING - No viable dags retrieved from /opt/airflow/dags/etl_dag.py
[2024-05-29T14:22:17.644+0000] {processor.py:183} INFO - Processing /opt/airflow/dags/etl_dag.py took 0.033 seconds
[2024-05-29T14:22:48.256+0000] {processor.py:161} INFO - Started process (PID=101) to work on /opt/airflow/dags/etl_dag.py
[2024-05-29T14:22:48.258+0000] {processor.py:830} INFO - Processing file /opt/airflow/dags/etl_dag.py for tasks to queue
[2024-05-29T14:22:48.259+0000] {logging_mixin.py:188} INFO - [2024-05-29T14:22:48.259+0000] {dagbag.py:545} INFO - Filling up the DagBag from /opt/airflow/dags/etl_dag.py
[2024-05-29T14:22:48.262+0000] {logging_mixin.py:188} INFO - [2024-05-29T14:22:48.261+0000] {dagbag.py:355} ERROR - Failed to import: /opt/airflow/dags/etl_dag.py
Traceback (most recent call last):
  File "/home/airflow/.local/lib/python3.12/site-packages/airflow/models/dagbag.py", line 351, in parse
    loader.exec_module(new_module)
  File "<frozen importlib._bootstrap_external>", line 995, in exec_module
  File "<frozen importlib._bootstrap>", line 488, in _call_with_frames_removed
  File "/opt/airflow/dags/etl_dag.py", line 5, in <module>
    from airflow.models.xcom_args import XComArg
ModuleNotFoundError: No module named 'airflow.models.xcom_args'
[2024-05-29T14:22:48.263+0000] {processor.py:842} WARNING - No viable dags retrieved from /opt/airflow/dags/etl_dag.py
[2024-05-29T14:22:48.275+0000] {processor.py:183} INFO - Processing /opt/airflow/dags/etl_dag.py took 0.024 seconds
[2024-05-29T14:36:30.811+0000] {processor.py:161} INFO - Started process (PID=42) to work on /opt/airflow/dags/etl_dag.py
[2024-05-29T14:36:30.812+0000] {processor.py:830} INFO - Processing file /opt/airflow/dags/etl_dag.py for tasks to queue
[2024-05-29T14:36:30.813+0000] {logging_mixin.py:188} INFO - [2024-05-29T14:36:30.813+0000] {dagbag.py:545} INFO - Filling up the DagBag from /opt/airflow/dags/etl_dag.py
[2024-05-29T14:36:31.754+0000] {processor.py:840} INFO - DAG(s) 'f1_data_pipeline' retrieved from /opt/airflow/dags/etl_dag.py
[2024-05-29T14:36:31.825+0000] {logging_mixin.py:188} INFO - [2024-05-29T14:36:31.825+0000] {override.py:1829} INFO - Created Permission View: can read on DAG:f1_data_pipeline
[2024-05-29T14:36:31.833+0000] {logging_mixin.py:188} INFO - [2024-05-29T14:36:31.833+0000] {override.py:1829} INFO - Created Permission View: can delete on DAG:f1_data_pipeline
[2024-05-29T14:36:31.839+0000] {logging_mixin.py:188} INFO - [2024-05-29T14:36:31.838+0000] {override.py:1829} INFO - Created Permission View: can edit on DAG:f1_data_pipeline
[2024-05-29T14:36:31.839+0000] {logging_mixin.py:188} INFO - [2024-05-29T14:36:31.839+0000] {dag.py:3096} INFO - Sync 1 DAGs
[2024-05-29T14:36:31.845+0000] {logging_mixin.py:188} INFO - [2024-05-29T14:36:31.845+0000] {dag.py:3118} INFO - Creating ORM DAG for f1_data_pipeline
[2024-05-29T14:36:31.851+0000] {logging_mixin.py:188} INFO - [2024-05-29T14:36:31.851+0000] {dag.py:3954} INFO - Setting next_dagrun for f1_data_pipeline to 2024-05-27 00:00:00+00:00, run_after=2024-05-28 00:00:00+00:00
[2024-05-29T14:36:31.862+0000] {processor.py:183} INFO - Processing /opt/airflow/dags/etl_dag.py took 1.056 seconds
[2024-05-29T14:37:02.113+0000] {processor.py:161} INFO - Started process (PID=103) to work on /opt/airflow/dags/etl_dag.py
[2024-05-29T14:37:02.115+0000] {processor.py:830} INFO - Processing file /opt/airflow/dags/etl_dag.py for tasks to queue
[2024-05-29T14:37:02.116+0000] {logging_mixin.py:188} INFO - [2024-05-29T14:37:02.116+0000] {dagbag.py:545} INFO - Filling up the DagBag from /opt/airflow/dags/etl_dag.py
[2024-05-29T14:37:02.401+0000] {processor.py:840} INFO - DAG(s) 'f1_data_pipeline' retrieved from /opt/airflow/dags/etl_dag.py
[2024-05-29T14:37:02.410+0000] {logging_mixin.py:188} INFO - [2024-05-29T14:37:02.410+0000] {dag.py:3096} INFO - Sync 1 DAGs
[2024-05-29T14:37:02.421+0000] {logging_mixin.py:188} INFO - [2024-05-29T14:37:02.421+0000] {dag.py:3954} INFO - Setting next_dagrun for f1_data_pipeline to 2024-05-27 00:00:00+00:00, run_after=2024-05-28 00:00:00+00:00
[2024-05-29T14:37:02.431+0000] {processor.py:183} INFO - Processing /opt/airflow/dags/etl_dag.py took 0.322 seconds
[2024-05-29T14:37:33.370+0000] {processor.py:161} INFO - Started process (PID=165) to work on /opt/airflow/dags/etl_dag.py
[2024-05-29T14:37:33.371+0000] {processor.py:830} INFO - Processing file /opt/airflow/dags/etl_dag.py for tasks to queue
[2024-05-29T14:37:33.373+0000] {logging_mixin.py:188} INFO - [2024-05-29T14:37:33.373+0000] {dagbag.py:545} INFO - Filling up the DagBag from /opt/airflow/dags/etl_dag.py
[2024-05-29T14:37:33.656+0000] {processor.py:840} INFO - DAG(s) 'f1_data_pipeline' retrieved from /opt/airflow/dags/etl_dag.py
[2024-05-29T14:37:33.666+0000] {logging_mixin.py:188} INFO - [2024-05-29T14:37:33.666+0000] {dag.py:3096} INFO - Sync 1 DAGs
[2024-05-29T14:37:33.678+0000] {logging_mixin.py:188} INFO - [2024-05-29T14:37:33.678+0000] {dag.py:3954} INFO - Setting next_dagrun for f1_data_pipeline to 2024-05-27 00:00:00+00:00, run_after=2024-05-28 00:00:00+00:00
[2024-05-29T14:37:33.691+0000] {processor.py:183} INFO - Processing /opt/airflow/dags/etl_dag.py took 0.326 seconds
[2024-05-29T14:38:03.723+0000] {processor.py:161} INFO - Started process (PID=228) to work on /opt/airflow/dags/etl_dag.py
[2024-05-29T14:38:03.724+0000] {processor.py:830} INFO - Processing file /opt/airflow/dags/etl_dag.py for tasks to queue
[2024-05-29T14:38:03.725+0000] {logging_mixin.py:188} INFO - [2024-05-29T14:38:03.725+0000] {dagbag.py:545} INFO - Filling up the DagBag from /opt/airflow/dags/etl_dag.py
[2024-05-29T14:38:04.017+0000] {processor.py:840} INFO - DAG(s) 'f1_data_pipeline' retrieved from /opt/airflow/dags/etl_dag.py
[2024-05-29T14:38:04.028+0000] {logging_mixin.py:188} INFO - [2024-05-29T14:38:04.027+0000] {dag.py:3096} INFO - Sync 1 DAGs
[2024-05-29T14:38:04.039+0000] {logging_mixin.py:188} INFO - [2024-05-29T14:38:04.038+0000] {dag.py:3954} INFO - Setting next_dagrun for f1_data_pipeline to 2024-05-27 00:00:00+00:00, run_after=2024-05-28 00:00:00+00:00
[2024-05-29T14:38:04.048+0000] {processor.py:183} INFO - Processing /opt/airflow/dags/etl_dag.py took 0.328 seconds
[2024-05-29T14:47:12.446+0000] {processor.py:161} INFO - Started process (PID=43) to work on /opt/airflow/dags/etl_dag.py
[2024-05-29T14:47:12.449+0000] {processor.py:830} INFO - Processing file /opt/airflow/dags/etl_dag.py for tasks to queue
[2024-05-29T14:47:12.451+0000] {logging_mixin.py:188} INFO - [2024-05-29T14:47:12.451+0000] {dagbag.py:545} INFO - Filling up the DagBag from /opt/airflow/dags/etl_dag.py
[2024-05-29T14:47:12.979+0000] {processor.py:840} INFO - DAG(s) 'f1_data_pipeline' retrieved from /opt/airflow/dags/etl_dag.py
[2024-05-29T14:47:13.003+0000] {logging_mixin.py:188} INFO - [2024-05-29T14:47:13.003+0000] {dag.py:3096} INFO - Sync 1 DAGs
[2024-05-29T14:47:13.018+0000] {logging_mixin.py:188} INFO - [2024-05-29T14:47:13.018+0000] {dag.py:3954} INFO - Setting next_dagrun for f1_data_pipeline to 2024-05-27 00:00:00+00:00, run_after=2024-05-28 00:00:00+00:00
[2024-05-29T14:47:13.030+0000] {processor.py:183} INFO - Processing /opt/airflow/dags/etl_dag.py took 0.588 seconds
[2024-05-29T14:47:43.843+0000] {processor.py:161} INFO - Started process (PID=106) to work on /opt/airflow/dags/etl_dag.py
[2024-05-29T14:47:43.844+0000] {processor.py:830} INFO - Processing file /opt/airflow/dags/etl_dag.py for tasks to queue
[2024-05-29T14:47:43.845+0000] {logging_mixin.py:188} INFO - [2024-05-29T14:47:43.845+0000] {dagbag.py:545} INFO - Filling up the DagBag from /opt/airflow/dags/etl_dag.py
[2024-05-29T14:47:44.096+0000] {processor.py:840} INFO - DAG(s) 'f1_data_pipeline' retrieved from /opt/airflow/dags/etl_dag.py
[2024-05-29T14:47:44.106+0000] {logging_mixin.py:188} INFO - [2024-05-29T14:47:44.106+0000] {dag.py:3096} INFO - Sync 1 DAGs
[2024-05-29T14:47:44.117+0000] {logging_mixin.py:188} INFO - [2024-05-29T14:47:44.117+0000] {dag.py:3954} INFO - Setting next_dagrun for f1_data_pipeline to 2024-05-27 00:00:00+00:00, run_after=2024-05-28 00:00:00+00:00
[2024-05-29T14:47:44.127+0000] {processor.py:183} INFO - Processing /opt/airflow/dags/etl_dag.py took 0.288 seconds
[2024-05-29T14:48:14.927+0000] {processor.py:161} INFO - Started process (PID=166) to work on /opt/airflow/dags/etl_dag.py
[2024-05-29T14:48:14.931+0000] {processor.py:830} INFO - Processing file /opt/airflow/dags/etl_dag.py for tasks to queue
[2024-05-29T14:48:14.933+0000] {logging_mixin.py:188} INFO - [2024-05-29T14:48:14.932+0000] {dagbag.py:545} INFO - Filling up the DagBag from /opt/airflow/dags/etl_dag.py
[2024-05-29T14:48:15.203+0000] {processor.py:840} INFO - DAG(s) 'f1_data_pipeline' retrieved from /opt/airflow/dags/etl_dag.py
[2024-05-29T14:48:15.212+0000] {logging_mixin.py:188} INFO - [2024-05-29T14:48:15.212+0000] {dag.py:3096} INFO - Sync 1 DAGs
[2024-05-29T14:48:15.225+0000] {logging_mixin.py:188} INFO - [2024-05-29T14:48:15.225+0000] {dag.py:3954} INFO - Setting next_dagrun for f1_data_pipeline to 2024-05-27 00:00:00+00:00, run_after=2024-05-28 00:00:00+00:00
[2024-05-29T14:48:15.235+0000] {processor.py:183} INFO - Processing /opt/airflow/dags/etl_dag.py took 0.312 seconds
[2024-05-29T14:48:46.085+0000] {processor.py:161} INFO - Started process (PID=226) to work on /opt/airflow/dags/etl_dag.py
[2024-05-29T14:48:46.089+0000] {processor.py:830} INFO - Processing file /opt/airflow/dags/etl_dag.py for tasks to queue
[2024-05-29T14:48:46.090+0000] {logging_mixin.py:188} INFO - [2024-05-29T14:48:46.090+0000] {dagbag.py:545} INFO - Filling up the DagBag from /opt/airflow/dags/etl_dag.py
[2024-05-29T14:48:46.344+0000] {processor.py:840} INFO - DAG(s) 'f1_data_pipeline' retrieved from /opt/airflow/dags/etl_dag.py
[2024-05-29T14:48:46.354+0000] {logging_mixin.py:188} INFO - [2024-05-29T14:48:46.353+0000] {dag.py:3096} INFO - Sync 1 DAGs
[2024-05-29T14:48:46.364+0000] {logging_mixin.py:188} INFO - [2024-05-29T14:48:46.364+0000] {dag.py:3954} INFO - Setting next_dagrun for f1_data_pipeline to 2024-05-27 00:00:00+00:00, run_after=2024-05-28 00:00:00+00:00
[2024-05-29T14:48:46.375+0000] {processor.py:183} INFO - Processing /opt/airflow/dags/etl_dag.py took 0.294 seconds
[2024-05-29T14:49:16.891+0000] {processor.py:161} INFO - Started process (PID=286) to work on /opt/airflow/dags/etl_dag.py
[2024-05-29T14:49:16.892+0000] {processor.py:830} INFO - Processing file /opt/airflow/dags/etl_dag.py for tasks to queue
[2024-05-29T14:49:16.893+0000] {logging_mixin.py:188} INFO - [2024-05-29T14:49:16.892+0000] {dagbag.py:545} INFO - Filling up the DagBag from /opt/airflow/dags/etl_dag.py
[2024-05-29T14:49:17.153+0000] {processor.py:840} INFO - DAG(s) 'f1_data_pipeline' retrieved from /opt/airflow/dags/etl_dag.py
[2024-05-29T14:49:17.163+0000] {logging_mixin.py:188} INFO - [2024-05-29T14:49:17.162+0000] {dag.py:3096} INFO - Sync 1 DAGs
[2024-05-29T14:49:17.174+0000] {logging_mixin.py:188} INFO - [2024-05-29T14:49:17.174+0000] {dag.py:3954} INFO - Setting next_dagrun for f1_data_pipeline to 2024-05-27 00:00:00+00:00, run_after=2024-05-28 00:00:00+00:00
[2024-05-29T14:49:17.184+0000] {processor.py:183} INFO - Processing /opt/airflow/dags/etl_dag.py took 0.298 seconds
[2024-05-29T14:49:47.222+0000] {processor.py:161} INFO - Started process (PID=347) to work on /opt/airflow/dags/etl_dag.py
[2024-05-29T14:49:47.223+0000] {processor.py:830} INFO - Processing file /opt/airflow/dags/etl_dag.py for tasks to queue
[2024-05-29T14:49:47.224+0000] {logging_mixin.py:188} INFO - [2024-05-29T14:49:47.224+0000] {dagbag.py:545} INFO - Filling up the DagBag from /opt/airflow/dags/etl_dag.py
[2024-05-29T14:49:47.489+0000] {processor.py:840} INFO - DAG(s) 'f1_data_pipeline' retrieved from /opt/airflow/dags/etl_dag.py
[2024-05-29T14:49:47.498+0000] {logging_mixin.py:188} INFO - [2024-05-29T14:49:47.498+0000] {dag.py:3096} INFO - Sync 1 DAGs
[2024-05-29T14:49:47.509+0000] {logging_mixin.py:188} INFO - [2024-05-29T14:49:47.509+0000] {dag.py:3954} INFO - Setting next_dagrun for f1_data_pipeline to 2024-05-27 00:00:00+00:00, run_after=2024-05-28 00:00:00+00:00
[2024-05-29T14:49:47.519+0000] {processor.py:183} INFO - Processing /opt/airflow/dags/etl_dag.py took 0.300 seconds
