[2024-06-03T09:50:45.646+0000] {local_task_job_runner.py:120} INFO - ::group::Pre task execution logs
[2024-06-03T09:50:45.667+0000] {taskinstance.py:2076} INFO - Dependencies all met for dep_context=non-requeueable deps ti=<TaskInstance: f1_data_pipeline_taskflow.constructorStandingsDim_transform manual__2024-06-03T09:50:13.362454+00:00 [queued]>
[2024-06-03T09:50:45.676+0000] {taskinstance.py:2076} INFO - Dependencies all met for dep_context=requeueable deps ti=<TaskInstance: f1_data_pipeline_taskflow.constructorStandingsDim_transform manual__2024-06-03T09:50:13.362454+00:00 [queued]>
[2024-06-03T09:50:45.677+0000] {taskinstance.py:2306} INFO - Starting attempt 1 of 1
[2024-06-03T09:50:45.690+0000] {taskinstance.py:2330} INFO - Executing <Task(_PythonDecoratedOperator): constructorStandingsDim_transform> on 2024-06-03 09:50:13.362454+00:00
[2024-06-03T09:50:45.698+0000] {warnings.py:110} WARNING - /home/***/.local/lib/python3.12/site-packages/***/task/task_runner/standard_task_runner.py:61: DeprecationWarning: This process (pid=118) is multi-threaded, use of fork() may lead to deadlocks in the child.
  pid = os.fork()

[2024-06-03T09:50:45.700+0000] {standard_task_runner.py:63} INFO - Started process 140 to run task
[2024-06-03T09:50:45.700+0000] {standard_task_runner.py:90} INFO - Running: ['***', 'tasks', 'run', 'f1_data_pipeline_taskflow', 'constructorStandingsDim_transform', 'manual__2024-06-03T09:50:13.362454+00:00', '--job-id', '14', '--raw', '--subdir', 'DAGS_FOLDER/etl_dag.py', '--cfg-path', '/tmp/tmpwsxxnc88']
[2024-06-03T09:50:45.702+0000] {standard_task_runner.py:91} INFO - Job 14: Subtask constructorStandingsDim_transform
[2024-06-03T09:50:45.759+0000] {task_command.py:426} INFO - Running <TaskInstance: f1_data_pipeline_taskflow.constructorStandingsDim_transform manual__2024-06-03T09:50:13.362454+00:00 [running]> on host 822b25182b4b
[2024-06-03T09:50:48.404+0000] {taskinstance.py:2648} INFO - Exporting env vars: AIRFLOW_CTX_DAG_OWNER='***' AIRFLOW_CTX_DAG_ID='f1_data_pipeline_taskflow' AIRFLOW_CTX_TASK_ID='constructorStandingsDim_transform' AIRFLOW_CTX_EXECUTION_DATE='2024-06-03T09:50:13.362454+00:00' AIRFLOW_CTX_TRY_NUMBER='1' AIRFLOW_CTX_DAG_RUN_ID='manual__2024-06-03T09:50:13.362454+00:00'
[2024-06-03T09:50:48.427+0000] {taskinstance.py:430} INFO - ::endgroup::
[2024-06-03T09:50:48.484+0000] {python.py:237} INFO - Done. Returned value was:         constructorStandingsId  ...  points_constructorstandings
0                        24932  ...                         40.0
232                      24777  ...                         55.0
680                      24789  ...                         88.0
1016                     24824  ...                         92.0
1187                     24836  ...                         98.0
...                        ...  ...                          ...
513282                   27880  ...                        104.0
513429                   26005  ...                          8.0
514821                   26556  ...                          1.0
515041                   25940  ...                          0.0
517927                   26414  ...                          0.0

[2398 rows x 5 columns]
[2024-06-03T09:50:48.506+0000] {taskinstance.py:441} INFO - ::group::Post task execution logs
[2024-06-03T09:50:48.557+0000] {taskinstance.py:1206} INFO - Marking task as SUCCESS. dag_id=f1_data_pipeline_taskflow, task_id=constructorStandingsDim_transform, run_id=manual__2024-06-03T09:50:13.362454+00:00, execution_date=20240603T095013, start_date=20240603T095045, end_date=20240603T095048
[2024-06-03T09:50:48.676+0000] {local_task_job_runner.py:240} INFO - Task exited with return code 0
[2024-06-03T09:50:48.842+0000] {local_task_job_runner.py:222} INFO - ::endgroup::
