[2024-06-20T07:34:56.039+0000] {local_task_job_runner.py:120} INFO - ::group::Pre task execution logs
[2024-06-20T07:34:56.059+0000] {taskinstance.py:2076} INFO - Dependencies all met for dep_context=non-requeueable deps ti=<TaskInstance: f1_data_pipeline_taskflow.load_driver_task scheduled__2024-06-19T00:00:00+00:00 [queued]>
[2024-06-20T07:34:56.067+0000] {taskinstance.py:2076} INFO - Dependencies all met for dep_context=requeueable deps ti=<TaskInstance: f1_data_pipeline_taskflow.load_driver_task scheduled__2024-06-19T00:00:00+00:00 [queued]>
[2024-06-20T07:34:56.067+0000] {taskinstance.py:2306} INFO - Starting attempt 1 of 1
[2024-06-20T07:34:56.077+0000] {taskinstance.py:2330} INFO - Executing <Task(_PythonDecoratedOperator): load_driver_task> on 2024-06-19 00:00:00+00:00
[2024-06-20T07:34:56.084+0000] {warnings.py:110} WARNING - /home/***/.local/lib/python3.12/site-packages/***/task/task_runner/standard_task_runner.py:61: DeprecationWarning: This process (pid=398) is multi-threaded, use of fork() may lead to deadlocks in the child.
  pid = os.fork()

[2024-06-20T07:34:56.085+0000] {standard_task_runner.py:63} INFO - Started process 408 to run task
[2024-06-20T07:34:56.086+0000] {standard_task_runner.py:90} INFO - Running: ['***', 'tasks', 'run', 'f1_data_pipeline_taskflow', 'load_driver_task', 'scheduled__2024-06-19T00:00:00+00:00', '--job-id', '19', '--raw', '--subdir', 'DAGS_FOLDER/etl_dag.py', '--cfg-path', '/tmp/tmp2qyccl5b']
[2024-06-20T07:34:56.087+0000] {standard_task_runner.py:91} INFO - Job 19: Subtask load_driver_task
[2024-06-20T07:34:56.124+0000] {task_command.py:426} INFO - Running <TaskInstance: f1_data_pipeline_taskflow.load_driver_task scheduled__2024-06-19T00:00:00+00:00 [running]> on host 5c5ee06f6e02
[2024-06-20T07:34:56.266+0000] {taskinstance.py:2648} INFO - Exporting env vars: AIRFLOW_CTX_DAG_OWNER='***' AIRFLOW_CTX_DAG_ID='f1_data_pipeline_taskflow' AIRFLOW_CTX_TASK_ID='load_driver_task' AIRFLOW_CTX_EXECUTION_DATE='2024-06-19T00:00:00+00:00' AIRFLOW_CTX_TRY_NUMBER='1' AIRFLOW_CTX_DAG_RUN_ID='scheduled__2024-06-19T00:00:00+00:00'
[2024-06-20T07:34:56.267+0000] {taskinstance.py:430} INFO - ::endgroup::
[2024-06-20T07:34:56.269+0000] {crypto.py:82} WARNING - empty cryptography key - values will not be stored encrypted.
[2024-06-20T07:34:56.270+0000] {base.py:84} INFO - Using connection ID 'sourcedb_connection' for task execution.
[2024-06-20T07:34:56.296+0000] {python.py:237} INFO - Done. Returned value was: None
[2024-06-20T07:34:56.300+0000] {taskinstance.py:441} INFO - ::group::Post task execution logs
[2024-06-20T07:34:56.319+0000] {taskinstance.py:1206} INFO - Marking task as SUCCESS. dag_id=f1_data_pipeline_taskflow, task_id=load_driver_task, run_id=scheduled__2024-06-19T00:00:00+00:00, execution_date=20240619T000000, start_date=20240620T073456, end_date=20240620T073456
[2024-06-20T07:34:56.420+0000] {local_task_job_runner.py:240} INFO - Task exited with return code 0
[2024-06-20T07:34:56.456+0000] {taskinstance.py:3498} INFO - 1 downstream tasks scheduled from follow-on schedule check
[2024-06-20T07:34:56.462+0000] {local_task_job_runner.py:222} INFO - ::endgroup::
[2024-06-20T08:38:47.043+0000] {local_task_job_runner.py:120} INFO - ::group::Pre task execution logs
[2024-06-20T08:38:47.060+0000] {taskinstance.py:2076} INFO - Dependencies all met for dep_context=non-requeueable deps ti=<TaskInstance: f1_data_pipeline_taskflow.load_driver_task scheduled__2024-06-19T00:00:00+00:00 [queued]>
[2024-06-20T08:38:47.067+0000] {taskinstance.py:2076} INFO - Dependencies all met for dep_context=requeueable deps ti=<TaskInstance: f1_data_pipeline_taskflow.load_driver_task scheduled__2024-06-19T00:00:00+00:00 [queued]>
[2024-06-20T08:38:47.067+0000] {taskinstance.py:2306} INFO - Starting attempt 1 of 1
[2024-06-20T08:38:47.078+0000] {taskinstance.py:2330} INFO - Executing <Task(_PythonDecoratedOperator): load_driver_task> on 2024-06-19 00:00:00+00:00
[2024-06-20T08:38:47.085+0000] {warnings.py:110} WARNING - /home/***/.local/lib/python3.12/site-packages/***/task/task_runner/standard_task_runner.py:61: DeprecationWarning: This process (pid=335) is multi-threaded, use of fork() may lead to deadlocks in the child.
  pid = os.fork()

[2024-06-20T08:38:47.086+0000] {standard_task_runner.py:63} INFO - Started process 345 to run task
[2024-06-20T08:38:47.086+0000] {standard_task_runner.py:90} INFO - Running: ['***', 'tasks', 'run', 'f1_data_pipeline_taskflow', 'load_driver_task', 'scheduled__2024-06-19T00:00:00+00:00', '--job-id', '19', '--raw', '--subdir', 'DAGS_FOLDER/etl_dag.py', '--cfg-path', '/tmp/tmpk72aroyu']
[2024-06-20T08:38:47.088+0000] {standard_task_runner.py:91} INFO - Job 19: Subtask load_driver_task
[2024-06-20T08:38:47.127+0000] {task_command.py:426} INFO - Running <TaskInstance: f1_data_pipeline_taskflow.load_driver_task scheduled__2024-06-19T00:00:00+00:00 [running]> on host c74b9f5f384d
[2024-06-20T08:38:47.278+0000] {taskinstance.py:2648} INFO - Exporting env vars: AIRFLOW_CTX_DAG_OWNER='***' AIRFLOW_CTX_DAG_ID='f1_data_pipeline_taskflow' AIRFLOW_CTX_TASK_ID='load_driver_task' AIRFLOW_CTX_EXECUTION_DATE='2024-06-19T00:00:00+00:00' AIRFLOW_CTX_TRY_NUMBER='1' AIRFLOW_CTX_DAG_RUN_ID='scheduled__2024-06-19T00:00:00+00:00'
[2024-06-20T08:38:47.279+0000] {taskinstance.py:430} INFO - ::endgroup::
[2024-06-20T08:38:47.280+0000] {crypto.py:82} WARNING - empty cryptography key - values will not be stored encrypted.
[2024-06-20T08:38:47.281+0000] {base.py:84} INFO - Using connection ID 'sourcedb_connection' for task execution.
[2024-06-20T08:38:47.363+0000] {python.py:237} INFO - Done. Returned value was: None
[2024-06-20T08:38:47.365+0000] {taskinstance.py:441} INFO - ::group::Post task execution logs
[2024-06-20T08:38:47.388+0000] {taskinstance.py:1206} INFO - Marking task as SUCCESS. dag_id=f1_data_pipeline_taskflow, task_id=load_driver_task, run_id=scheduled__2024-06-19T00:00:00+00:00, execution_date=20240619T000000, start_date=20240620T083847, end_date=20240620T083847
[2024-06-20T08:38:47.460+0000] {local_task_job_runner.py:240} INFO - Task exited with return code 0
[2024-06-20T08:38:47.471+0000] {local_task_job_runner.py:222} INFO - ::endgroup::
