[2024-06-17T10:56:06.933+0000] {local_task_job_runner.py:120} INFO - ::group::Pre task execution logs
[2024-06-17T10:56:06.953+0000] {taskinstance.py:2076} INFO - Dependencies all met for dep_context=non-requeueable deps ti=<TaskInstance: f1_data_pipeline_kafka_fetchAndPublish.fetch_and_publish_pitStops manual__2024-06-17T10:56:04.951524+00:00 [queued]>
[2024-06-17T10:56:06.961+0000] {taskinstance.py:2076} INFO - Dependencies all met for dep_context=requeueable deps ti=<TaskInstance: f1_data_pipeline_kafka_fetchAndPublish.fetch_and_publish_pitStops manual__2024-06-17T10:56:04.951524+00:00 [queued]>
[2024-06-17T10:56:06.961+0000] {taskinstance.py:2306} INFO - Starting attempt 1 of 1
[2024-06-17T10:56:06.973+0000] {taskinstance.py:2330} INFO - Executing <Task(_PythonDecoratedOperator): fetch_and_publish_pitStops> on 2024-06-17 10:56:04.951524+00:00
[2024-06-17T10:56:06.978+0000] {warnings.py:110} WARNING - /home/***/.local/lib/python3.12/site-packages/***/task/task_runner/standard_task_runner.py:61: DeprecationWarning: This process (pid=1370) is multi-threaded, use of fork() may lead to deadlocks in the child.
  pid = os.fork()

[2024-06-17T10:56:06.980+0000] {standard_task_runner.py:63} INFO - Started process 1382 to run task
[2024-06-17T10:56:06.980+0000] {standard_task_runner.py:90} INFO - Running: ['***', 'tasks', 'run', 'f1_data_pipeline_kafka_fetchAndPublish', 'fetch_and_publish_pitStops', 'manual__2024-06-17T10:56:04.951524+00:00', '--job-id', '57', '--raw', '--subdir', 'DAGS_FOLDER/ergast_kafka_fetch_and_publish.py', '--cfg-path', '/tmp/tmpb3pfzicx']
[2024-06-17T10:56:06.982+0000] {standard_task_runner.py:91} INFO - Job 57: Subtask fetch_and_publish_pitStops
[2024-06-17T10:56:07.032+0000] {task_command.py:426} INFO - Running <TaskInstance: f1_data_pipeline_kafka_fetchAndPublish.fetch_and_publish_pitStops manual__2024-06-17T10:56:04.951524+00:00 [running]> on host 688ecc0cce5b
[2024-06-17T10:56:07.116+0000] {taskinstance.py:2648} INFO - Exporting env vars: AIRFLOW_CTX_DAG_OWNER='***' AIRFLOW_CTX_DAG_ID='f1_data_pipeline_kafka_fetchAndPublish' AIRFLOW_CTX_TASK_ID='fetch_and_publish_pitStops' AIRFLOW_CTX_EXECUTION_DATE='2024-06-17T10:56:04.951524+00:00' AIRFLOW_CTX_TRY_NUMBER='1' AIRFLOW_CTX_DAG_RUN_ID='manual__2024-06-17T10:56:04.951524+00:00'
[2024-06-17T10:56:07.117+0000] {taskinstance.py:430} INFO - ::endgroup::
[2024-06-17T10:56:09.199+0000] {taskinstance.py:441} INFO - ::group::Post task execution logs
[2024-06-17T10:56:09.199+0000] {taskinstance.py:2905} ERROR - Task failed with exception
Traceback (most recent call last):
  File "/home/airflow/.local/lib/python3.12/site-packages/requests/models.py", line 971, in json
    return complexjson.loads(self.text, **kwargs)
           ^^^^^^^^^^^^^^^^^^^^^^^^^^^^^^^^^^^^^^
  File "/usr/local/lib/python3.12/json/__init__.py", line 346, in loads
    return _default_decoder.decode(s)
           ^^^^^^^^^^^^^^^^^^^^^^^^^^
  File "/usr/local/lib/python3.12/json/decoder.py", line 337, in decode
    obj, end = self.raw_decode(s, idx=_w(s, 0).end())
               ^^^^^^^^^^^^^^^^^^^^^^^^^^^^^^^^^^^^^^
  File "/usr/local/lib/python3.12/json/decoder.py", line 355, in raw_decode
    raise JSONDecodeError("Expecting value", s, err.value) from None
json.decoder.JSONDecodeError: Expecting value: line 1 column 1 (char 0)

During handling of the above exception, another exception occurred:

Traceback (most recent call last):
  File "/home/airflow/.local/lib/python3.12/site-packages/airflow/models/taskinstance.py", line 465, in _execute_task
    result = _execute_callable(context=context, **execute_callable_kwargs)
             ^^^^^^^^^^^^^^^^^^^^^^^^^^^^^^^^^^^^^^^^^^^^^^^^^^^^^^^^^^^^^
  File "/home/airflow/.local/lib/python3.12/site-packages/airflow/models/taskinstance.py", line 432, in _execute_callable
    return execute_callable(context=context, **execute_callable_kwargs)
           ^^^^^^^^^^^^^^^^^^^^^^^^^^^^^^^^^^^^^^^^^^^^^^^^^^^^^^^^^^^^
  File "/home/airflow/.local/lib/python3.12/site-packages/airflow/models/baseoperator.py", line 400, in wrapper
    return func(self, *args, **kwargs)
           ^^^^^^^^^^^^^^^^^^^^^^^^^^^
  File "/home/airflow/.local/lib/python3.12/site-packages/airflow/decorators/base.py", line 265, in execute
    return_value = super().execute(context)
                   ^^^^^^^^^^^^^^^^^^^^^^^^
  File "/home/airflow/.local/lib/python3.12/site-packages/airflow/models/baseoperator.py", line 400, in wrapper
    return func(self, *args, **kwargs)
           ^^^^^^^^^^^^^^^^^^^^^^^^^^^
  File "/home/airflow/.local/lib/python3.12/site-packages/airflow/operators/python.py", line 235, in execute
    return_value = self.execute_callable()
                   ^^^^^^^^^^^^^^^^^^^^^^^
  File "/home/airflow/.local/lib/python3.12/site-packages/airflow/operators/python.py", line 252, in execute_callable
    return self.python_callable(*self.op_args, **self.op_kwargs)
           ^^^^^^^^^^^^^^^^^^^^^^^^^^^^^^^^^^^^^^^^^^^^^^^^^^^^^
  File "/opt/airflow/dags/ergast_kafka_fetch_and_publish.py", line 309, in fetch_and_publish_pitStops
    pitstop_data = pitstop_response.json()
                   ^^^^^^^^^^^^^^^^^^^^^^^
  File "/home/airflow/.local/lib/python3.12/site-packages/requests/models.py", line 975, in json
    raise RequestsJSONDecodeError(e.msg, e.doc, e.pos)
requests.exceptions.JSONDecodeError: Expecting value: line 1 column 1 (char 0)
[2024-06-17T10:56:09.209+0000] {taskinstance.py:1206} INFO - Marking task as FAILED. dag_id=f1_data_pipeline_kafka_fetchAndPublish, task_id=fetch_and_publish_pitStops, run_id=manual__2024-06-17T10:56:04.951524+00:00, execution_date=20240617T105604, start_date=20240617T105606, end_date=20240617T105609
[2024-06-17T10:56:09.218+0000] {standard_task_runner.py:110} ERROR - Failed to execute job 57 for task fetch_and_publish_pitStops (Expecting value: line 1 column 1 (char 0); 1382)
[2024-06-17T10:56:09.240+0000] {local_task_job_runner.py:240} INFO - Task exited with return code 1
[2024-06-17T10:56:09.250+0000] {taskinstance.py:3498} INFO - 0 downstream tasks scheduled from follow-on schedule check
[2024-06-17T10:56:09.251+0000] {local_task_job_runner.py:222} INFO - ::endgroup::
