[2024-06-11T07:51:12.682+0000] {local_task_job_runner.py:120} INFO - ::group::Pre task execution logs
[2024-06-11T07:51:12.699+0000] {taskinstance.py:2076} INFO - Dependencies all met for dep_context=non-requeueable deps ti=<TaskInstance: f1_data_pipeline_taskflow.load_driverStandings_task scheduled__2024-06-10T00:00:00+00:00 [queued]>
[2024-06-11T07:51:12.705+0000] {taskinstance.py:2076} INFO - Dependencies all met for dep_context=requeueable deps ti=<TaskInstance: f1_data_pipeline_taskflow.load_driverStandings_task scheduled__2024-06-10T00:00:00+00:00 [queued]>
[2024-06-11T07:51:12.706+0000] {taskinstance.py:2306} INFO - Starting attempt 1 of 1
[2024-06-11T07:51:12.717+0000] {taskinstance.py:2330} INFO - Executing <Task(_PythonDecoratedOperator): load_driverStandings_task> on 2024-06-10 00:00:00+00:00
[2024-06-11T07:51:12.723+0000] {warnings.py:110} WARNING - /home/***/.local/lib/python3.12/site-packages/***/task/task_runner/standard_task_runner.py:61: DeprecationWarning: This process (pid=640) is multi-threaded, use of fork() may lead to deadlocks in the child.
  pid = os.fork()

[2024-06-11T07:51:12.724+0000] {standard_task_runner.py:63} INFO - Started process 656 to run task
[2024-06-11T07:51:12.725+0000] {standard_task_runner.py:90} INFO - Running: ['***', 'tasks', 'run', 'f1_data_pipeline_taskflow', 'load_driverStandings_task', 'scheduled__2024-06-10T00:00:00+00:00', '--job-id', '22', '--raw', '--subdir', 'DAGS_FOLDER/etl_dag.py', '--cfg-path', '/tmp/tmpjfbqc_vq']
[2024-06-11T07:51:12.726+0000] {standard_task_runner.py:91} INFO - Job 22: Subtask load_driverStandings_task
[2024-06-11T07:51:12.763+0000] {task_command.py:426} INFO - Running <TaskInstance: f1_data_pipeline_taskflow.load_driverStandings_task scheduled__2024-06-10T00:00:00+00:00 [running]> on host 774afe459216
[2024-06-11T07:51:12.874+0000] {taskinstance.py:2648} INFO - Exporting env vars: AIRFLOW_CTX_DAG_OWNER='***' AIRFLOW_CTX_DAG_ID='f1_data_pipeline_taskflow' AIRFLOW_CTX_TASK_ID='load_driverStandings_task' AIRFLOW_CTX_EXECUTION_DATE='2024-06-10T00:00:00+00:00' AIRFLOW_CTX_TRY_NUMBER='1' AIRFLOW_CTX_DAG_RUN_ID='scheduled__2024-06-10T00:00:00+00:00'
[2024-06-11T07:51:12.876+0000] {taskinstance.py:430} INFO - ::endgroup::
[2024-06-11T07:51:12.877+0000] {crypto.py:82} WARNING - empty cryptography key - values will not be stored encrypted.
[2024-06-11T07:51:12.878+0000] {base.py:84} INFO - Using connection ID 'sourcedb_connection' for task execution.
[2024-06-11T07:51:12.968+0000] {python.py:237} INFO - Done. Returned value was: None
[2024-06-11T07:51:12.971+0000] {taskinstance.py:441} INFO - ::group::Post task execution logs
[2024-06-11T07:51:12.993+0000] {taskinstance.py:1206} INFO - Marking task as SUCCESS. dag_id=f1_data_pipeline_taskflow, task_id=load_driverStandings_task, run_id=scheduled__2024-06-10T00:00:00+00:00, execution_date=20240610T000000, start_date=20240611T075112, end_date=20240611T075112
[2024-06-11T07:51:13.059+0000] {local_task_job_runner.py:240} INFO - Task exited with return code 0
[2024-06-11T07:51:13.099+0000] {taskinstance.py:3498} INFO - 0 downstream tasks scheduled from follow-on schedule check
[2024-06-11T07:51:13.102+0000] {local_task_job_runner.py:222} INFO - ::endgroup::
[2024-06-11T09:15:36.471+0000] {local_task_job_runner.py:120} INFO - ::group::Pre task execution logs
[2024-06-11T09:15:36.489+0000] {taskinstance.py:2076} INFO - Dependencies all met for dep_context=non-requeueable deps ti=<TaskInstance: f1_data_pipeline_taskflow.load_driverStandings_task scheduled__2024-06-10T00:00:00+00:00 [queued]>
[2024-06-11T09:15:36.497+0000] {taskinstance.py:2076} INFO - Dependencies all met for dep_context=requeueable deps ti=<TaskInstance: f1_data_pipeline_taskflow.load_driverStandings_task scheduled__2024-06-10T00:00:00+00:00 [queued]>
[2024-06-11T09:15:36.497+0000] {taskinstance.py:2306} INFO - Starting attempt 1 of 1
[2024-06-11T09:15:36.507+0000] {taskinstance.py:2330} INFO - Executing <Task(_PythonDecoratedOperator): load_driverStandings_task> on 2024-06-10 00:00:00+00:00
[2024-06-11T09:15:36.514+0000] {warnings.py:110} WARNING - /home/***/.local/lib/python3.12/site-packages/***/task/task_runner/standard_task_runner.py:61: DeprecationWarning: This process (pid=480) is multi-threaded, use of fork() may lead to deadlocks in the child.
  pid = os.fork()

[2024-06-11T09:15:36.515+0000] {standard_task_runner.py:63} INFO - Started process 523 to run task
[2024-06-11T09:15:36.515+0000] {standard_task_runner.py:90} INFO - Running: ['***', 'tasks', 'run', 'f1_data_pipeline_taskflow', 'load_driverStandings_task', 'scheduled__2024-06-10T00:00:00+00:00', '--job-id', '24', '--raw', '--subdir', 'DAGS_FOLDER/etl_dag.py', '--cfg-path', '/tmp/tmpqp97yq3k']
[2024-06-11T09:15:36.517+0000] {standard_task_runner.py:91} INFO - Job 24: Subtask load_driverStandings_task
[2024-06-11T09:15:36.557+0000] {task_command.py:426} INFO - Running <TaskInstance: f1_data_pipeline_taskflow.load_driverStandings_task scheduled__2024-06-10T00:00:00+00:00 [running]> on host fdc9bf7b6fb8
[2024-06-11T09:15:36.723+0000] {taskinstance.py:2648} INFO - Exporting env vars: AIRFLOW_CTX_DAG_OWNER='***' AIRFLOW_CTX_DAG_ID='f1_data_pipeline_taskflow' AIRFLOW_CTX_TASK_ID='load_driverStandings_task' AIRFLOW_CTX_EXECUTION_DATE='2024-06-10T00:00:00+00:00' AIRFLOW_CTX_TRY_NUMBER='1' AIRFLOW_CTX_DAG_RUN_ID='scheduled__2024-06-10T00:00:00+00:00'
[2024-06-11T09:15:36.724+0000] {taskinstance.py:430} INFO - ::endgroup::
[2024-06-11T09:15:36.725+0000] {crypto.py:82} WARNING - empty cryptography key - values will not be stored encrypted.
[2024-06-11T09:15:36.726+0000] {base.py:84} INFO - Using connection ID 'sourcedb_connection' for task execution.
[2024-06-11T09:15:36.796+0000] {python.py:237} INFO - Done. Returned value was: None
[2024-06-11T09:15:36.797+0000] {taskinstance.py:441} INFO - ::group::Post task execution logs
[2024-06-11T09:15:36.804+0000] {taskinstance.py:1206} INFO - Marking task as SUCCESS. dag_id=f1_data_pipeline_taskflow, task_id=load_driverStandings_task, run_id=scheduled__2024-06-10T00:00:00+00:00, execution_date=20240610T000000, start_date=20240611T091536, end_date=20240611T091536
[2024-06-11T09:15:36.849+0000] {local_task_job_runner.py:240} INFO - Task exited with return code 0
[2024-06-11T09:15:36.861+0000] {taskinstance.py:3498} INFO - 0 downstream tasks scheduled from follow-on schedule check
[2024-06-11T09:15:36.863+0000] {local_task_job_runner.py:222} INFO - ::endgroup::
[2024-06-11T11:21:36.679+0000] {local_task_job_runner.py:120} INFO - ::group::Pre task execution logs
[2024-06-11T11:21:36.696+0000] {taskinstance.py:2076} INFO - Dependencies all met for dep_context=non-requeueable deps ti=<TaskInstance: f1_data_pipeline_taskflow.load_driverStandings_task scheduled__2024-06-10T00:00:00+00:00 [queued]>
[2024-06-11T11:21:36.702+0000] {taskinstance.py:2076} INFO - Dependencies all met for dep_context=requeueable deps ti=<TaskInstance: f1_data_pipeline_taskflow.load_driverStandings_task scheduled__2024-06-10T00:00:00+00:00 [queued]>
[2024-06-11T11:21:36.702+0000] {taskinstance.py:2306} INFO - Starting attempt 1 of 1
[2024-06-11T11:21:36.711+0000] {taskinstance.py:2330} INFO - Executing <Task(_PythonDecoratedOperator): load_driverStandings_task> on 2024-06-10 00:00:00+00:00
[2024-06-11T11:21:36.718+0000] {warnings.py:110} WARNING - /home/***/.local/lib/python3.12/site-packages/***/task/task_runner/standard_task_runner.py:61: DeprecationWarning: This process (pid=497) is multi-threaded, use of fork() may lead to deadlocks in the child.
  pid = os.fork()

[2024-06-11T11:21:36.719+0000] {standard_task_runner.py:63} INFO - Started process 503 to run task
[2024-06-11T11:21:36.719+0000] {standard_task_runner.py:90} INFO - Running: ['***', 'tasks', 'run', 'f1_data_pipeline_taskflow', 'load_driverStandings_task', 'scheduled__2024-06-10T00:00:00+00:00', '--job-id', '21', '--raw', '--subdir', 'DAGS_FOLDER/etl_dag.py', '--cfg-path', '/tmp/tmpwikcssbm']
[2024-06-11T11:21:36.721+0000] {standard_task_runner.py:91} INFO - Job 21: Subtask load_driverStandings_task
[2024-06-11T11:21:36.756+0000] {task_command.py:426} INFO - Running <TaskInstance: f1_data_pipeline_taskflow.load_driverStandings_task scheduled__2024-06-10T00:00:00+00:00 [running]> on host bc9f1e77df41
[2024-06-11T11:21:36.895+0000] {taskinstance.py:2648} INFO - Exporting env vars: AIRFLOW_CTX_DAG_OWNER='***' AIRFLOW_CTX_DAG_ID='f1_data_pipeline_taskflow' AIRFLOW_CTX_TASK_ID='load_driverStandings_task' AIRFLOW_CTX_EXECUTION_DATE='2024-06-10T00:00:00+00:00' AIRFLOW_CTX_TRY_NUMBER='1' AIRFLOW_CTX_DAG_RUN_ID='scheduled__2024-06-10T00:00:00+00:00'
[2024-06-11T11:21:36.898+0000] {taskinstance.py:430} INFO - ::endgroup::
[2024-06-11T11:21:36.899+0000] {crypto.py:82} WARNING - empty cryptography key - values will not be stored encrypted.
[2024-06-11T11:21:36.900+0000] {base.py:84} INFO - Using connection ID 'sourcedb_connection' for task execution.
[2024-06-11T11:21:37.018+0000] {python.py:237} INFO - Done. Returned value was: None
[2024-06-11T11:21:37.019+0000] {taskinstance.py:441} INFO - ::group::Post task execution logs
[2024-06-11T11:21:37.032+0000] {taskinstance.py:1206} INFO - Marking task as SUCCESS. dag_id=f1_data_pipeline_taskflow, task_id=load_driverStandings_task, run_id=scheduled__2024-06-10T00:00:00+00:00, execution_date=20240610T000000, start_date=20240611T112136, end_date=20240611T112137
[2024-06-11T11:21:37.093+0000] {local_task_job_runner.py:240} INFO - Task exited with return code 0
[2024-06-11T11:21:37.105+0000] {taskinstance.py:3498} INFO - 0 downstream tasks scheduled from follow-on schedule check
[2024-06-11T11:21:37.106+0000] {local_task_job_runner.py:222} INFO - ::endgroup::
[2024-06-11T14:24:36.536+0000] {local_task_job_runner.py:120} INFO - ::group::Pre task execution logs
[2024-06-11T14:24:36.560+0000] {taskinstance.py:2076} INFO - Dependencies all met for dep_context=non-requeueable deps ti=<TaskInstance: f1_data_pipeline_taskflow.load_driverStandings_task scheduled__2024-06-10T00:00:00+00:00 [queued]>
[2024-06-11T14:24:36.569+0000] {taskinstance.py:2076} INFO - Dependencies all met for dep_context=requeueable deps ti=<TaskInstance: f1_data_pipeline_taskflow.load_driverStandings_task scheduled__2024-06-10T00:00:00+00:00 [queued]>
[2024-06-11T14:24:36.570+0000] {taskinstance.py:2306} INFO - Starting attempt 1 of 1
[2024-06-11T14:24:36.585+0000] {taskinstance.py:2330} INFO - Executing <Task(_PythonDecoratedOperator): load_driverStandings_task> on 2024-06-10 00:00:00+00:00
[2024-06-11T14:24:36.594+0000] {warnings.py:110} WARNING - /home/***/.local/lib/python3.12/site-packages/***/task/task_runner/standard_task_runner.py:61: DeprecationWarning: This process (pid=590) is multi-threaded, use of fork() may lead to deadlocks in the child.
  pid = os.fork()

[2024-06-11T14:24:36.596+0000] {standard_task_runner.py:63} INFO - Started process 598 to run task
[2024-06-11T14:24:36.596+0000] {standard_task_runner.py:90} INFO - Running: ['***', 'tasks', 'run', 'f1_data_pipeline_taskflow', 'load_driverStandings_task', 'scheduled__2024-06-10T00:00:00+00:00', '--job-id', '23', '--raw', '--subdir', 'DAGS_FOLDER/etl_dag.py', '--cfg-path', '/tmp/tmpybf82g4e']
[2024-06-11T14:24:36.599+0000] {standard_task_runner.py:91} INFO - Job 23: Subtask load_driverStandings_task
[2024-06-11T14:24:36.651+0000] {task_command.py:426} INFO - Running <TaskInstance: f1_data_pipeline_taskflow.load_driverStandings_task scheduled__2024-06-10T00:00:00+00:00 [running]> on host f99ae21f53ae
[2024-06-11T14:24:36.886+0000] {taskinstance.py:2648} INFO - Exporting env vars: AIRFLOW_CTX_DAG_OWNER='***' AIRFLOW_CTX_DAG_ID='f1_data_pipeline_taskflow' AIRFLOW_CTX_TASK_ID='load_driverStandings_task' AIRFLOW_CTX_EXECUTION_DATE='2024-06-10T00:00:00+00:00' AIRFLOW_CTX_TRY_NUMBER='1' AIRFLOW_CTX_DAG_RUN_ID='scheduled__2024-06-10T00:00:00+00:00'
[2024-06-11T14:24:36.887+0000] {taskinstance.py:430} INFO - ::endgroup::
[2024-06-11T14:24:36.888+0000] {crypto.py:82} WARNING - empty cryptography key - values will not be stored encrypted.
[2024-06-11T14:24:36.888+0000] {base.py:84} INFO - Using connection ID 'sourcedb_connection' for task execution.
[2024-06-11T14:24:36.960+0000] {python.py:237} INFO - Done. Returned value was: None
[2024-06-11T14:24:36.961+0000] {taskinstance.py:441} INFO - ::group::Post task execution logs
[2024-06-11T14:24:36.969+0000] {taskinstance.py:1206} INFO - Marking task as SUCCESS. dag_id=f1_data_pipeline_taskflow, task_id=load_driverStandings_task, run_id=scheduled__2024-06-10T00:00:00+00:00, execution_date=20240610T000000, start_date=20240611T142436, end_date=20240611T142436
[2024-06-11T14:24:37.013+0000] {local_task_job_runner.py:240} INFO - Task exited with return code 0
[2024-06-11T14:24:37.022+0000] {local_task_job_runner.py:222} INFO - ::endgroup::
