[2024-06-04T07:13:45.697+0000] {local_task_job_runner.py:120} INFO - ::group::Pre task execution logs
[2024-06-04T07:13:45.715+0000] {taskinstance.py:2076} INFO - Dependencies all met for dep_context=non-requeueable deps ti=<TaskInstance: f1_data_pipeline_taskflow.raceResultsFact_transform scheduled__2024-06-03T00:00:00+00:00 [queued]>
[2024-06-04T07:13:45.724+0000] {taskinstance.py:2076} INFO - Dependencies all met for dep_context=requeueable deps ti=<TaskInstance: f1_data_pipeline_taskflow.raceResultsFact_transform scheduled__2024-06-03T00:00:00+00:00 [queued]>
[2024-06-04T07:13:45.725+0000] {taskinstance.py:2306} INFO - Starting attempt 1 of 1
[2024-06-04T07:13:45.736+0000] {taskinstance.py:2330} INFO - Executing <Task(_PythonDecoratedOperator): raceResultsFact_transform> on 2024-06-03 00:00:00+00:00
[2024-06-04T07:13:45.741+0000] {warnings.py:110} WARNING - /home/***/.local/lib/python3.12/site-packages/***/task/task_runner/standard_task_runner.py:61: DeprecationWarning: This process (pid=102) is multi-threaded, use of fork() may lead to deadlocks in the child.
  pid = os.fork()

[2024-06-04T07:13:45.742+0000] {standard_task_runner.py:63} INFO - Started process 118 to run task
[2024-06-04T07:13:45.743+0000] {standard_task_runner.py:90} INFO - Running: ['***', 'tasks', 'run', 'f1_data_pipeline_taskflow', 'raceResultsFact_transform', 'scheduled__2024-06-03T00:00:00+00:00', '--job-id', '11', '--raw', '--subdir', 'DAGS_FOLDER/etl_dag.py', '--cfg-path', '/tmp/tmpxcli1mk6']
[2024-06-04T07:13:45.745+0000] {standard_task_runner.py:91} INFO - Job 11: Subtask raceResultsFact_transform
[2024-06-04T07:13:45.785+0000] {task_command.py:426} INFO - Running <TaskInstance: f1_data_pipeline_taskflow.raceResultsFact_transform scheduled__2024-06-03T00:00:00+00:00 [running]> on host 66d2136786e1
[2024-06-04T07:13:47.846+0000] {taskinstance.py:2648} INFO - Exporting env vars: AIRFLOW_CTX_DAG_OWNER='***' AIRFLOW_CTX_DAG_ID='f1_data_pipeline_taskflow' AIRFLOW_CTX_TASK_ID='raceResultsFact_transform' AIRFLOW_CTX_EXECUTION_DATE='2024-06-03T00:00:00+00:00' AIRFLOW_CTX_TRY_NUMBER='1' AIRFLOW_CTX_DAG_RUN_ID='scheduled__2024-06-03T00:00:00+00:00'
[2024-06-04T07:13:47.848+0000] {taskinstance.py:430} INFO - ::endgroup::
[2024-06-04T07:13:47.986+0000] {python.py:237} INFO - Done. Returned value was:         resultId  raceId  ...         time  fastestLap
0          21232     860  ...  1:34:09.565        56.0
116        21234     860  ...       +4.075        57.0
232        21269     861  ...    +1:19.719        50.0
512        21258     861  ...      +14.591        50.0
680        21281     862  ...      +20.626        56.0
...          ...     ...  ...          ...         ...
517536     22672     932  ...         None        38.0
517602     22731     936  ...         None        56.0
517927     22893     944  ...         None        42.0
518061     22894     944  ...         None        43.0
518195     23041     953  ...         None        70.0

[4502 rows x 14 columns]
[2024-06-04T07:13:48.003+0000] {taskinstance.py:441} INFO - ::group::Post task execution logs
[2024-06-04T07:13:48.054+0000] {taskinstance.py:1206} INFO - Marking task as SUCCESS. dag_id=f1_data_pipeline_taskflow, task_id=raceResultsFact_transform, run_id=scheduled__2024-06-03T00:00:00+00:00, execution_date=20240603T000000, start_date=20240604T071345, end_date=20240604T071348
[2024-06-04T07:13:48.111+0000] {local_task_job_runner.py:240} INFO - Task exited with return code 0
[2024-06-04T07:13:48.128+0000] {taskinstance.py:3498} INFO - 0 downstream tasks scheduled from follow-on schedule check
[2024-06-04T07:13:48.129+0000] {local_task_job_runner.py:222} INFO - ::endgroup::
[2024-06-04T07:47:44.346+0000] {local_task_job_runner.py:120} INFO - ::group::Pre task execution logs
[2024-06-04T07:47:44.497+0000] {taskinstance.py:2076} INFO - Dependencies all met for dep_context=non-requeueable deps ti=<TaskInstance: f1_data_pipeline_taskflow.raceResultsFact_transform scheduled__2024-06-03T00:00:00+00:00 [queued]>
[2024-06-04T07:47:44.506+0000] {taskinstance.py:2076} INFO - Dependencies all met for dep_context=requeueable deps ti=<TaskInstance: f1_data_pipeline_taskflow.raceResultsFact_transform scheduled__2024-06-03T00:00:00+00:00 [queued]>
[2024-06-04T07:47:44.506+0000] {taskinstance.py:2306} INFO - Starting attempt 1 of 1
[2024-06-04T07:47:44.519+0000] {taskinstance.py:2330} INFO - Executing <Task(_PythonDecoratedOperator): raceResultsFact_transform> on 2024-06-03 00:00:00+00:00
[2024-06-04T07:47:44.526+0000] {warnings.py:110} WARNING - /home/***/.local/lib/python3.12/site-packages/***/task/task_runner/standard_task_runner.py:61: DeprecationWarning: This process (pid=118) is multi-threaded, use of fork() may lead to deadlocks in the child.
  pid = os.fork()

[2024-06-04T07:47:44.527+0000] {standard_task_runner.py:63} INFO - Started process 141 to run task
[2024-06-04T07:47:44.527+0000] {standard_task_runner.py:90} INFO - Running: ['***', 'tasks', 'run', 'f1_data_pipeline_taskflow', 'raceResultsFact_transform', 'scheduled__2024-06-03T00:00:00+00:00', '--job-id', '4', '--raw', '--subdir', 'DAGS_FOLDER/etl_dag.py', '--cfg-path', '/tmp/tmptulhri6e']
[2024-06-04T07:47:44.529+0000] {standard_task_runner.py:91} INFO - Job 4: Subtask raceResultsFact_transform
[2024-06-04T07:47:44.575+0000] {task_command.py:426} INFO - Running <TaskInstance: f1_data_pipeline_taskflow.raceResultsFact_transform scheduled__2024-06-03T00:00:00+00:00 [running]> on host bbf1b45fa521
[2024-06-04T07:47:46.615+0000] {taskinstance.py:2648} INFO - Exporting env vars: AIRFLOW_CTX_DAG_OWNER='***' AIRFLOW_CTX_DAG_ID='f1_data_pipeline_taskflow' AIRFLOW_CTX_TASK_ID='raceResultsFact_transform' AIRFLOW_CTX_EXECUTION_DATE='2024-06-03T00:00:00+00:00' AIRFLOW_CTX_TRY_NUMBER='1' AIRFLOW_CTX_DAG_RUN_ID='scheduled__2024-06-03T00:00:00+00:00'
[2024-06-04T07:47:46.618+0000] {taskinstance.py:430} INFO - ::endgroup::
[2024-06-04T07:47:46.757+0000] {python.py:237} INFO - Done. Returned value was:         resultId  raceId  ...         time  fastestLap
0          21232     860  ...  1:34:09.565        56.0
116        21234     860  ...       +4.075        57.0
232        21269     861  ...    +1:19.719        50.0
512        21258     861  ...      +14.591        50.0
680        21281     862  ...      +20.626        56.0
...          ...     ...  ...          ...         ...
517536     22672     932  ...         None        38.0
517602     22731     936  ...         None        56.0
517927     22893     944  ...         None        42.0
518061     22894     944  ...         None        43.0
518195     23041     953  ...         None        70.0

[4502 rows x 14 columns]
[2024-06-04T07:47:46.773+0000] {taskinstance.py:441} INFO - ::group::Post task execution logs
[2024-06-04T07:47:46.836+0000] {taskinstance.py:1206} INFO - Marking task as SUCCESS. dag_id=f1_data_pipeline_taskflow, task_id=raceResultsFact_transform, run_id=scheduled__2024-06-03T00:00:00+00:00, execution_date=20240603T000000, start_date=20240604T074744, end_date=20240604T074746
[2024-06-04T07:47:46.890+0000] {local_task_job_runner.py:240} INFO - Task exited with return code 0
[2024-06-04T07:47:46.906+0000] {taskinstance.py:3498} INFO - 0 downstream tasks scheduled from follow-on schedule check
[2024-06-04T07:47:46.908+0000] {local_task_job_runner.py:222} INFO - ::endgroup::
[2024-06-04T08:56:26.748+0000] {local_task_job_runner.py:120} INFO - ::group::Pre task execution logs
[2024-06-04T08:56:26.772+0000] {taskinstance.py:2076} INFO - Dependencies all met for dep_context=non-requeueable deps ti=<TaskInstance: f1_data_pipeline_taskflow.raceResultsFact_transform scheduled__2024-06-03T00:00:00+00:00 [queued]>
[2024-06-04T08:56:26.780+0000] {taskinstance.py:2076} INFO - Dependencies all met for dep_context=requeueable deps ti=<TaskInstance: f1_data_pipeline_taskflow.raceResultsFact_transform scheduled__2024-06-03T00:00:00+00:00 [queued]>
[2024-06-04T08:56:26.781+0000] {taskinstance.py:2306} INFO - Starting attempt 1 of 1
[2024-06-04T08:56:26.796+0000] {taskinstance.py:2330} INFO - Executing <Task(_PythonDecoratedOperator): raceResultsFact_transform> on 2024-06-03 00:00:00+00:00
[2024-06-04T08:56:26.802+0000] {warnings.py:110} WARNING - /home/***/.local/lib/python3.12/site-packages/***/task/task_runner/standard_task_runner.py:61: DeprecationWarning: This process (pid=130) is multi-threaded, use of fork() may lead to deadlocks in the child.
  pid = os.fork()

[2024-06-04T08:56:26.804+0000] {standard_task_runner.py:63} INFO - Started process 156 to run task
[2024-06-04T08:56:26.804+0000] {standard_task_runner.py:90} INFO - Running: ['***', 'tasks', 'run', 'f1_data_pipeline_taskflow', 'raceResultsFact_transform', 'scheduled__2024-06-03T00:00:00+00:00', '--job-id', '6', '--raw', '--subdir', 'DAGS_FOLDER/etl_dag.py', '--cfg-path', '/tmp/tmpf1n24opz']
[2024-06-04T08:56:26.806+0000] {standard_task_runner.py:91} INFO - Job 6: Subtask raceResultsFact_transform
[2024-06-04T08:56:26.861+0000] {task_command.py:426} INFO - Running <TaskInstance: f1_data_pipeline_taskflow.raceResultsFact_transform scheduled__2024-06-03T00:00:00+00:00 [running]> on host 92ae07eb2785
[2024-06-04T08:56:34.036+0000] {taskinstance.py:2648} INFO - Exporting env vars: AIRFLOW_CTX_DAG_OWNER='***' AIRFLOW_CTX_DAG_ID='f1_data_pipeline_taskflow' AIRFLOW_CTX_TASK_ID='raceResultsFact_transform' AIRFLOW_CTX_EXECUTION_DATE='2024-06-03T00:00:00+00:00' AIRFLOW_CTX_TRY_NUMBER='1' AIRFLOW_CTX_DAG_RUN_ID='scheduled__2024-06-03T00:00:00+00:00'
[2024-06-04T08:56:34.058+0000] {taskinstance.py:430} INFO - ::endgroup::
[2024-06-04T08:56:34.191+0000] {python.py:237} INFO - Done. Returned value was:         resultId  raceId  ...         time  fastestLap
0          21232     860  ...  1:34:09.565        56.0
116        21234     860  ...       +4.075        57.0
232        21269     861  ...    +1:19.719        50.0
512        21258     861  ...      +14.591        50.0
680        21281     862  ...      +20.626        56.0
...          ...     ...  ...          ...         ...
517536     22672     932  ...         None        38.0
517602     22731     936  ...         None        56.0
517927     22893     944  ...         None        42.0
518061     22894     944  ...         None        43.0
518195     23041     953  ...         None        70.0

[4502 rows x 14 columns]
[2024-06-04T08:56:34.213+0000] {taskinstance.py:441} INFO - ::group::Post task execution logs
[2024-06-04T08:56:34.335+0000] {taskinstance.py:1206} INFO - Marking task as SUCCESS. dag_id=f1_data_pipeline_taskflow, task_id=raceResultsFact_transform, run_id=scheduled__2024-06-03T00:00:00+00:00, execution_date=20240603T000000, start_date=20240604T085626, end_date=20240604T085634
[2024-06-04T08:56:34.468+0000] {local_task_job_runner.py:240} INFO - Task exited with return code 0
[2024-06-04T08:56:34.642+0000] {taskinstance.py:3498} INFO - 0 downstream tasks scheduled from follow-on schedule check
[2024-06-04T08:56:34.644+0000] {local_task_job_runner.py:222} INFO - ::endgroup::
[2024-06-04T09:00:33.469+0000] {local_task_job_runner.py:120} INFO - ::group::Pre task execution logs
[2024-06-04T09:00:33.495+0000] {taskinstance.py:2076} INFO - Dependencies all met for dep_context=non-requeueable deps ti=<TaskInstance: f1_data_pipeline_taskflow.raceResultsFact_transform scheduled__2024-06-03T00:00:00+00:00 [queued]>
[2024-06-04T09:00:33.506+0000] {taskinstance.py:2076} INFO - Dependencies all met for dep_context=requeueable deps ti=<TaskInstance: f1_data_pipeline_taskflow.raceResultsFact_transform scheduled__2024-06-03T00:00:00+00:00 [queued]>
[2024-06-04T09:00:33.506+0000] {taskinstance.py:2306} INFO - Starting attempt 1 of 1
[2024-06-04T09:00:33.519+0000] {taskinstance.py:2330} INFO - Executing <Task(_PythonDecoratedOperator): raceResultsFact_transform> on 2024-06-03 00:00:00+00:00
[2024-06-04T09:00:33.526+0000] {warnings.py:110} WARNING - /home/***/.local/lib/python3.12/site-packages/***/task/task_runner/standard_task_runner.py:61: DeprecationWarning: This process (pid=192) is multi-threaded, use of fork() may lead to deadlocks in the child.
  pid = os.fork()

[2024-06-04T09:00:33.529+0000] {standard_task_runner.py:63} INFO - Started process 218 to run task
[2024-06-04T09:00:33.529+0000] {standard_task_runner.py:90} INFO - Running: ['***', 'tasks', 'run', 'f1_data_pipeline_taskflow', 'raceResultsFact_transform', 'scheduled__2024-06-03T00:00:00+00:00', '--job-id', '11', '--raw', '--subdir', 'DAGS_FOLDER/etl_dag.py', '--cfg-path', '/tmp/tmppgf617dg']
[2024-06-04T09:00:33.532+0000] {standard_task_runner.py:91} INFO - Job 11: Subtask raceResultsFact_transform
[2024-06-04T09:00:33.596+0000] {task_command.py:426} INFO - Running <TaskInstance: f1_data_pipeline_taskflow.raceResultsFact_transform scheduled__2024-06-03T00:00:00+00:00 [running]> on host 849b6d275aca
[2024-06-04T09:00:36.494+0000] {taskinstance.py:2648} INFO - Exporting env vars: AIRFLOW_CTX_DAG_OWNER='***' AIRFLOW_CTX_DAG_ID='f1_data_pipeline_taskflow' AIRFLOW_CTX_TASK_ID='raceResultsFact_transform' AIRFLOW_CTX_EXECUTION_DATE='2024-06-03T00:00:00+00:00' AIRFLOW_CTX_TRY_NUMBER='1' AIRFLOW_CTX_DAG_RUN_ID='scheduled__2024-06-03T00:00:00+00:00'
[2024-06-04T09:00:36.529+0000] {taskinstance.py:430} INFO - ::endgroup::
[2024-06-04T09:00:36.709+0000] {python.py:237} INFO - Done. Returned value was:         resultId  raceId  ...         time  fastestLap
0          21232     860  ...  1:34:09.565        56.0
116        21234     860  ...       +4.075        57.0
232        21269     861  ...    +1:19.719        50.0
512        21258     861  ...      +14.591        50.0
680        21281     862  ...      +20.626        56.0
...          ...     ...  ...          ...         ...
517536     22672     932  ...         None        38.0
517602     22731     936  ...         None        56.0
517927     22893     944  ...         None        42.0
518061     22894     944  ...         None        43.0
518195     23041     953  ...         None        70.0

[4502 rows x 14 columns]
[2024-06-04T09:00:36.727+0000] {taskinstance.py:441} INFO - ::group::Post task execution logs
[2024-06-04T09:00:36.805+0000] {taskinstance.py:1206} INFO - Marking task as SUCCESS. dag_id=f1_data_pipeline_taskflow, task_id=raceResultsFact_transform, run_id=scheduled__2024-06-03T00:00:00+00:00, execution_date=20240603T000000, start_date=20240604T090033, end_date=20240604T090036
[2024-06-04T09:00:36.926+0000] {local_task_job_runner.py:240} INFO - Task exited with return code 0
[2024-06-04T09:00:37.200+0000] {local_task_job_runner.py:222} INFO - ::endgroup::
[2024-06-04T09:14:38.032+0000] {local_task_job_runner.py:120} INFO - ::group::Pre task execution logs
[2024-06-04T09:14:38.054+0000] {taskinstance.py:2076} INFO - Dependencies all met for dep_context=non-requeueable deps ti=<TaskInstance: f1_data_pipeline_taskflow.raceResultsFact_transform scheduled__2024-06-03T00:00:00+00:00 [queued]>
[2024-06-04T09:14:38.062+0000] {taskinstance.py:2076} INFO - Dependencies all met for dep_context=requeueable deps ti=<TaskInstance: f1_data_pipeline_taskflow.raceResultsFact_transform scheduled__2024-06-03T00:00:00+00:00 [queued]>
[2024-06-04T09:14:38.062+0000] {taskinstance.py:2306} INFO - Starting attempt 1 of 1
[2024-06-04T09:14:38.075+0000] {taskinstance.py:2330} INFO - Executing <Task(_PythonDecoratedOperator): raceResultsFact_transform> on 2024-06-03 00:00:00+00:00
[2024-06-04T09:14:38.082+0000] {warnings.py:110} WARNING - /home/***/.local/lib/python3.12/site-packages/***/task/task_runner/standard_task_runner.py:61: DeprecationWarning: This process (pid=113) is multi-threaded, use of fork() may lead to deadlocks in the child.
  pid = os.fork()

[2024-06-04T09:14:38.083+0000] {standard_task_runner.py:63} INFO - Started process 128 to run task
[2024-06-04T09:14:38.084+0000] {standard_task_runner.py:90} INFO - Running: ['***', 'tasks', 'run', 'f1_data_pipeline_taskflow', 'raceResultsFact_transform', 'scheduled__2024-06-03T00:00:00+00:00', '--job-id', '6', '--raw', '--subdir', 'DAGS_FOLDER/etl_dag.py', '--cfg-path', '/tmp/tmpqu7x6pmq']
[2024-06-04T09:14:38.086+0000] {standard_task_runner.py:91} INFO - Job 6: Subtask raceResultsFact_transform
[2024-06-04T09:14:38.131+0000] {task_command.py:426} INFO - Running <TaskInstance: f1_data_pipeline_taskflow.raceResultsFact_transform scheduled__2024-06-03T00:00:00+00:00 [running]> on host f99a8e5dd798
[2024-06-04T09:14:40.218+0000] {taskinstance.py:2648} INFO - Exporting env vars: AIRFLOW_CTX_DAG_OWNER='***' AIRFLOW_CTX_DAG_ID='f1_data_pipeline_taskflow' AIRFLOW_CTX_TASK_ID='raceResultsFact_transform' AIRFLOW_CTX_EXECUTION_DATE='2024-06-03T00:00:00+00:00' AIRFLOW_CTX_TRY_NUMBER='1' AIRFLOW_CTX_DAG_RUN_ID='scheduled__2024-06-03T00:00:00+00:00'
[2024-06-04T09:14:40.221+0000] {taskinstance.py:430} INFO - ::endgroup::
[2024-06-04T09:14:40.441+0000] {python.py:237} INFO - Done. Returned value was:         resultId  raceId  ...         time  fastestLap
0          21232     860  ...  1:34:09.565        56.0
116        21234     860  ...       +4.075        57.0
232        21269     861  ...    +1:19.719        50.0
512        21258     861  ...      +14.591        50.0
680        21281     862  ...      +20.626        56.0
...          ...     ...  ...          ...         ...
517536     22672     932  ...         None        38.0
517602     22731     936  ...         None        56.0
517927     22893     944  ...         None        42.0
518061     22894     944  ...         None        43.0
518195     23041     953  ...         None        70.0

[4502 rows x 14 columns]
[2024-06-04T09:14:40.467+0000] {taskinstance.py:441} INFO - ::group::Post task execution logs
[2024-06-04T09:14:40.531+0000] {taskinstance.py:1206} INFO - Marking task as SUCCESS. dag_id=f1_data_pipeline_taskflow, task_id=raceResultsFact_transform, run_id=scheduled__2024-06-03T00:00:00+00:00, execution_date=20240603T000000, start_date=20240604T091438, end_date=20240604T091440
[2024-06-04T09:14:40.583+0000] {local_task_job_runner.py:240} INFO - Task exited with return code 0
[2024-06-04T09:14:40.603+0000] {taskinstance.py:3498} INFO - 0 downstream tasks scheduled from follow-on schedule check
[2024-06-04T09:14:40.605+0000] {local_task_job_runner.py:222} INFO - ::endgroup::
[2024-06-04T09:20:49.804+0000] {local_task_job_runner.py:120} INFO - ::group::Pre task execution logs
[2024-06-04T09:20:49.828+0000] {taskinstance.py:2076} INFO - Dependencies all met for dep_context=non-requeueable deps ti=<TaskInstance: f1_data_pipeline_taskflow.raceResultsFact_transform scheduled__2024-06-03T00:00:00+00:00 [queued]>
[2024-06-04T09:20:49.837+0000] {taskinstance.py:2076} INFO - Dependencies all met for dep_context=requeueable deps ti=<TaskInstance: f1_data_pipeline_taskflow.raceResultsFact_transform scheduled__2024-06-03T00:00:00+00:00 [queued]>
[2024-06-04T09:20:49.837+0000] {taskinstance.py:2306} INFO - Starting attempt 1 of 1
[2024-06-04T09:20:49.851+0000] {taskinstance.py:2330} INFO - Executing <Task(_PythonDecoratedOperator): raceResultsFact_transform> on 2024-06-03 00:00:00+00:00
[2024-06-04T09:20:49.857+0000] {warnings.py:110} WARNING - /home/***/.local/lib/python3.12/site-packages/***/task/task_runner/standard_task_runner.py:61: DeprecationWarning: This process (pid=101) is multi-threaded, use of fork() may lead to deadlocks in the child.
  pid = os.fork()

[2024-06-04T09:20:49.858+0000] {standard_task_runner.py:63} INFO - Started process 119 to run task
[2024-06-04T09:20:49.858+0000] {standard_task_runner.py:90} INFO - Running: ['***', 'tasks', 'run', 'f1_data_pipeline_taskflow', 'raceResultsFact_transform', 'scheduled__2024-06-03T00:00:00+00:00', '--job-id', '11', '--raw', '--subdir', 'DAGS_FOLDER/etl_dag.py', '--cfg-path', '/tmp/tmpujjzf9y1']
[2024-06-04T09:20:49.861+0000] {standard_task_runner.py:91} INFO - Job 11: Subtask raceResultsFact_transform
[2024-06-04T09:20:49.912+0000] {task_command.py:426} INFO - Running <TaskInstance: f1_data_pipeline_taskflow.raceResultsFact_transform scheduled__2024-06-03T00:00:00+00:00 [running]> on host 9a492cf60085
[2024-06-04T09:20:52.090+0000] {taskinstance.py:2648} INFO - Exporting env vars: AIRFLOW_CTX_DAG_OWNER='***' AIRFLOW_CTX_DAG_ID='f1_data_pipeline_taskflow' AIRFLOW_CTX_TASK_ID='raceResultsFact_transform' AIRFLOW_CTX_EXECUTION_DATE='2024-06-03T00:00:00+00:00' AIRFLOW_CTX_TRY_NUMBER='1' AIRFLOW_CTX_DAG_RUN_ID='scheduled__2024-06-03T00:00:00+00:00'
[2024-06-04T09:20:52.092+0000] {taskinstance.py:430} INFO - ::endgroup::
[2024-06-04T09:20:52.195+0000] {python.py:237} INFO - Done. Returned value was:         resultId  raceId  ...         time  fastestLap
0          21232     860  ...  1:34:09.565        56.0
116        21234     860  ...       +4.075        57.0
232        21269     861  ...    +1:19.719        50.0
512        21258     861  ...      +14.591        50.0
680        21281     862  ...      +20.626        56.0
...          ...     ...  ...          ...         ...
517536     22672     932  ...         None        38.0
517602     22731     936  ...         None        56.0
517927     22893     944  ...         None        42.0
518061     22894     944  ...         None        43.0
518195     23041     953  ...         None        70.0

[4502 rows x 14 columns]
[2024-06-04T09:20:52.209+0000] {taskinstance.py:441} INFO - ::group::Post task execution logs
[2024-06-04T09:20:52.253+0000] {taskinstance.py:1206} INFO - Marking task as SUCCESS. dag_id=f1_data_pipeline_taskflow, task_id=raceResultsFact_transform, run_id=scheduled__2024-06-03T00:00:00+00:00, execution_date=20240603T000000, start_date=20240604T092049, end_date=20240604T092052
[2024-06-04T09:20:52.325+0000] {local_task_job_runner.py:240} INFO - Task exited with return code 0
[2024-06-04T09:20:52.341+0000] {taskinstance.py:3498} INFO - 0 downstream tasks scheduled from follow-on schedule check
[2024-06-04T09:20:52.343+0000] {local_task_job_runner.py:222} INFO - ::endgroup::
[2024-06-04T09:35:00.782+0000] {local_task_job_runner.py:120} INFO - ::group::Pre task execution logs
[2024-06-04T09:35:00.803+0000] {taskinstance.py:2076} INFO - Dependencies all met for dep_context=non-requeueable deps ti=<TaskInstance: f1_data_pipeline_taskflow.raceResultsFact_transform scheduled__2024-06-03T00:00:00+00:00 [queued]>
[2024-06-04T09:35:00.809+0000] {taskinstance.py:2076} INFO - Dependencies all met for dep_context=requeueable deps ti=<TaskInstance: f1_data_pipeline_taskflow.raceResultsFact_transform scheduled__2024-06-03T00:00:00+00:00 [queued]>
[2024-06-04T09:35:00.810+0000] {taskinstance.py:2306} INFO - Starting attempt 1 of 1
[2024-06-04T09:35:00.822+0000] {taskinstance.py:2330} INFO - Executing <Task(_PythonDecoratedOperator): raceResultsFact_transform> on 2024-06-03 00:00:00+00:00
[2024-06-04T09:35:00.827+0000] {warnings.py:110} WARNING - /home/***/.local/lib/python3.12/site-packages/***/task/task_runner/standard_task_runner.py:61: DeprecationWarning: This process (pid=164) is multi-threaded, use of fork() may lead to deadlocks in the child.
  pid = os.fork()

[2024-06-04T09:35:00.828+0000] {standard_task_runner.py:63} INFO - Started process 179 to run task
[2024-06-04T09:35:00.829+0000] {standard_task_runner.py:90} INFO - Running: ['***', 'tasks', 'run', 'f1_data_pipeline_taskflow', 'raceResultsFact_transform', 'scheduled__2024-06-03T00:00:00+00:00', '--job-id', '10', '--raw', '--subdir', 'DAGS_FOLDER/etl_dag.py', '--cfg-path', '/tmp/tmpru_b2h03']
[2024-06-04T09:35:00.833+0000] {standard_task_runner.py:91} INFO - Job 10: Subtask raceResultsFact_transform
[2024-06-04T09:35:00.891+0000] {task_command.py:426} INFO - Running <TaskInstance: f1_data_pipeline_taskflow.raceResultsFact_transform scheduled__2024-06-03T00:00:00+00:00 [running]> on host 5ac195476051
[2024-06-04T09:35:02.906+0000] {taskinstance.py:2648} INFO - Exporting env vars: AIRFLOW_CTX_DAG_OWNER='***' AIRFLOW_CTX_DAG_ID='f1_data_pipeline_taskflow' AIRFLOW_CTX_TASK_ID='raceResultsFact_transform' AIRFLOW_CTX_EXECUTION_DATE='2024-06-03T00:00:00+00:00' AIRFLOW_CTX_TRY_NUMBER='1' AIRFLOW_CTX_DAG_RUN_ID='scheduled__2024-06-03T00:00:00+00:00'
[2024-06-04T09:35:02.907+0000] {taskinstance.py:430} INFO - ::endgroup::
[2024-06-04T09:35:03.086+0000] {python.py:237} INFO - Done. Returned value was:         resultId  raceId  ...         time  fastestLap
0          21232     860  ...  1:34:09.565        56.0
116        21234     860  ...       +4.075        57.0
232        21269     861  ...    +1:19.719        50.0
512        21258     861  ...      +14.591        50.0
680        21281     862  ...      +20.626        56.0
...          ...     ...  ...          ...         ...
517536     22672     932  ...         None        38.0
517602     22731     936  ...         None        56.0
517927     22893     944  ...         None        42.0
518061     22894     944  ...         None        43.0
518195     23041     953  ...         None        70.0

[4502 rows x 14 columns]
[2024-06-04T09:35:03.102+0000] {taskinstance.py:441} INFO - ::group::Post task execution logs
[2024-06-04T09:35:03.163+0000] {taskinstance.py:1206} INFO - Marking task as SUCCESS. dag_id=f1_data_pipeline_taskflow, task_id=raceResultsFact_transform, run_id=scheduled__2024-06-03T00:00:00+00:00, execution_date=20240603T000000, start_date=20240604T093500, end_date=20240604T093503
[2024-06-04T09:35:03.228+0000] {local_task_job_runner.py:240} INFO - Task exited with return code 0
[2024-06-04T09:35:03.247+0000] {taskinstance.py:3498} INFO - 0 downstream tasks scheduled from follow-on schedule check
[2024-06-04T09:35:03.248+0000] {local_task_job_runner.py:222} INFO - ::endgroup::
[2024-06-04T10:21:51.184+0000] {local_task_job_runner.py:120} INFO - ::group::Pre task execution logs
[2024-06-04T10:21:51.201+0000] {taskinstance.py:2076} INFO - Dependencies all met for dep_context=non-requeueable deps ti=<TaskInstance: f1_data_pipeline_taskflow.raceResultsFact_transform scheduled__2024-06-03T00:00:00+00:00 [queued]>
[2024-06-04T10:21:51.209+0000] {taskinstance.py:2076} INFO - Dependencies all met for dep_context=requeueable deps ti=<TaskInstance: f1_data_pipeline_taskflow.raceResultsFact_transform scheduled__2024-06-03T00:00:00+00:00 [queued]>
[2024-06-04T10:21:51.209+0000] {taskinstance.py:2306} INFO - Starting attempt 1 of 1
[2024-06-04T10:21:51.223+0000] {taskinstance.py:2330} INFO - Executing <Task(_PythonDecoratedOperator): raceResultsFact_transform> on 2024-06-03 00:00:00+00:00
[2024-06-04T10:21:51.229+0000] {warnings.py:110} WARNING - /home/***/.local/lib/python3.12/site-packages/***/task/task_runner/standard_task_runner.py:61: DeprecationWarning: This process (pid=100) is multi-threaded, use of fork() may lead to deadlocks in the child.
  pid = os.fork()

[2024-06-04T10:21:51.233+0000] {standard_task_runner.py:63} INFO - Started process 117 to run task
[2024-06-04T10:21:51.233+0000] {standard_task_runner.py:90} INFO - Running: ['***', 'tasks', 'run', 'f1_data_pipeline_taskflow', 'raceResultsFact_transform', 'scheduled__2024-06-03T00:00:00+00:00', '--job-id', '12', '--raw', '--subdir', 'DAGS_FOLDER/etl_dag.py', '--cfg-path', '/tmp/tmpbap__gj1']
[2024-06-04T10:21:51.237+0000] {standard_task_runner.py:91} INFO - Job 12: Subtask raceResultsFact_transform
[2024-06-04T10:21:51.292+0000] {task_command.py:426} INFO - Running <TaskInstance: f1_data_pipeline_taskflow.raceResultsFact_transform scheduled__2024-06-03T00:00:00+00:00 [running]> on host 11fdb96bc2ba
[2024-06-04T10:21:53.211+0000] {taskinstance.py:2648} INFO - Exporting env vars: AIRFLOW_CTX_DAG_OWNER='***' AIRFLOW_CTX_DAG_ID='f1_data_pipeline_taskflow' AIRFLOW_CTX_TASK_ID='raceResultsFact_transform' AIRFLOW_CTX_EXECUTION_DATE='2024-06-03T00:00:00+00:00' AIRFLOW_CTX_TRY_NUMBER='1' AIRFLOW_CTX_DAG_RUN_ID='scheduled__2024-06-03T00:00:00+00:00'
[2024-06-04T10:21:53.213+0000] {taskinstance.py:430} INFO - ::endgroup::
[2024-06-04T10:21:53.351+0000] {python.py:237} INFO - Done. Returned value was:         resultId  raceId  ...         time  fastestLap
0          21232     860  ...  1:34:09.565        56.0
116        21234     860  ...       +4.075        57.0
232        21269     861  ...    +1:19.719        50.0
512        21258     861  ...      +14.591        50.0
680        21281     862  ...      +20.626        56.0
...          ...     ...  ...          ...         ...
517536     22672     932  ...         None        38.0
517602     22731     936  ...         None        56.0
517927     22893     944  ...         None        42.0
518061     22894     944  ...         None        43.0
518195     23041     953  ...         None        70.0

[4502 rows x 14 columns]
[2024-06-04T10:21:53.368+0000] {taskinstance.py:441} INFO - ::group::Post task execution logs
[2024-06-04T10:21:53.413+0000] {taskinstance.py:1206} INFO - Marking task as SUCCESS. dag_id=f1_data_pipeline_taskflow, task_id=raceResultsFact_transform, run_id=scheduled__2024-06-03T00:00:00+00:00, execution_date=20240603T000000, start_date=20240604T102151, end_date=20240604T102153
[2024-06-04T10:21:53.466+0000] {local_task_job_runner.py:240} INFO - Task exited with return code 0
[2024-06-04T10:21:53.487+0000] {taskinstance.py:3498} INFO - 0 downstream tasks scheduled from follow-on schedule check
[2024-06-04T10:21:53.488+0000] {local_task_job_runner.py:222} INFO - ::endgroup::
[2024-06-04T12:38:02.007+0000] {local_task_job_runner.py:120} INFO - ::group::Pre task execution logs
[2024-06-04T12:38:02.036+0000] {taskinstance.py:2076} INFO - Dependencies all met for dep_context=non-requeueable deps ti=<TaskInstance: f1_data_pipeline_taskflow.raceResultsFact_transform scheduled__2024-06-03T00:00:00+00:00 [queued]>
[2024-06-04T12:38:02.045+0000] {taskinstance.py:2076} INFO - Dependencies all met for dep_context=requeueable deps ti=<TaskInstance: f1_data_pipeline_taskflow.raceResultsFact_transform scheduled__2024-06-03T00:00:00+00:00 [queued]>
[2024-06-04T12:38:02.045+0000] {taskinstance.py:2306} INFO - Starting attempt 1 of 1
[2024-06-04T12:38:02.057+0000] {taskinstance.py:2330} INFO - Executing <Task(_PythonDecoratedOperator): raceResultsFact_transform> on 2024-06-03 00:00:00+00:00
[2024-06-04T12:38:02.063+0000] {warnings.py:110} WARNING - /home/***/.local/lib/python3.12/site-packages/***/task/task_runner/standard_task_runner.py:61: DeprecationWarning: This process (pid=186) is multi-threaded, use of fork() may lead to deadlocks in the child.
  pid = os.fork()

[2024-06-04T12:38:02.064+0000] {standard_task_runner.py:63} INFO - Started process 204 to run task
[2024-06-04T12:38:02.065+0000] {standard_task_runner.py:90} INFO - Running: ['***', 'tasks', 'run', 'f1_data_pipeline_taskflow', 'raceResultsFact_transform', 'scheduled__2024-06-03T00:00:00+00:00', '--job-id', '11', '--raw', '--subdir', 'DAGS_FOLDER/etl_dag.py', '--cfg-path', '/tmp/tmp67dzq1az']
[2024-06-04T12:38:02.067+0000] {standard_task_runner.py:91} INFO - Job 11: Subtask raceResultsFact_transform
[2024-06-04T12:38:02.109+0000] {task_command.py:426} INFO - Running <TaskInstance: f1_data_pipeline_taskflow.raceResultsFact_transform scheduled__2024-06-03T00:00:00+00:00 [running]> on host 7aeb235ee08d
[2024-06-04T12:38:04.210+0000] {taskinstance.py:2648} INFO - Exporting env vars: AIRFLOW_CTX_DAG_OWNER='***' AIRFLOW_CTX_DAG_ID='f1_data_pipeline_taskflow' AIRFLOW_CTX_TASK_ID='raceResultsFact_transform' AIRFLOW_CTX_EXECUTION_DATE='2024-06-03T00:00:00+00:00' AIRFLOW_CTX_TRY_NUMBER='1' AIRFLOW_CTX_DAG_RUN_ID='scheduled__2024-06-03T00:00:00+00:00'
[2024-06-04T12:38:04.212+0000] {taskinstance.py:430} INFO - ::endgroup::
[2024-06-04T12:38:04.357+0000] {python.py:237} INFO - Done. Returned value was:         resultId  raceId  ...         time  fastestLap
0          21232     860  ...  1:34:09.565        56.0
116        21234     860  ...       +4.075        57.0
232        21269     861  ...    +1:19.719        50.0
512        21258     861  ...      +14.591        50.0
680        21281     862  ...      +20.626        56.0
...          ...     ...  ...          ...         ...
517536     22672     932  ...         None        38.0
517602     22731     936  ...         None        56.0
517927     22893     944  ...         None        42.0
518061     22894     944  ...         None        43.0
518195     23041     953  ...         None        70.0

[4502 rows x 14 columns]
[2024-06-04T12:38:04.379+0000] {taskinstance.py:441} INFO - ::group::Post task execution logs
[2024-06-04T12:38:04.434+0000] {taskinstance.py:1206} INFO - Marking task as SUCCESS. dag_id=f1_data_pipeline_taskflow, task_id=raceResultsFact_transform, run_id=scheduled__2024-06-03T00:00:00+00:00, execution_date=20240603T000000, start_date=20240604T123802, end_date=20240604T123804
[2024-06-04T12:38:04.495+0000] {local_task_job_runner.py:240} INFO - Task exited with return code 0
[2024-06-04T12:38:04.514+0000] {taskinstance.py:3498} INFO - 0 downstream tasks scheduled from follow-on schedule check
[2024-06-04T12:38:04.515+0000] {local_task_job_runner.py:222} INFO - ::endgroup::
[2024-06-04T13:05:07.072+0000] {local_task_job_runner.py:120} INFO - ::group::Pre task execution logs
[2024-06-04T13:05:07.091+0000] {taskinstance.py:2076} INFO - Dependencies all met for dep_context=non-requeueable deps ti=<TaskInstance: f1_data_pipeline_taskflow.raceResultsFact_transform scheduled__2024-06-03T00:00:00+00:00 [queued]>
[2024-06-04T13:05:07.099+0000] {taskinstance.py:2076} INFO - Dependencies all met for dep_context=requeueable deps ti=<TaskInstance: f1_data_pipeline_taskflow.raceResultsFact_transform scheduled__2024-06-03T00:00:00+00:00 [queued]>
[2024-06-04T13:05:07.100+0000] {taskinstance.py:2306} INFO - Starting attempt 1 of 1
[2024-06-04T13:05:07.112+0000] {taskinstance.py:2330} INFO - Executing <Task(_PythonDecoratedOperator): raceResultsFact_transform> on 2024-06-03 00:00:00+00:00
[2024-06-04T13:05:07.117+0000] {warnings.py:110} WARNING - /home/***/.local/lib/python3.12/site-packages/***/task/task_runner/standard_task_runner.py:61: DeprecationWarning: This process (pid=105) is multi-threaded, use of fork() may lead to deadlocks in the child.
  pid = os.fork()

[2024-06-04T13:05:07.118+0000] {standard_task_runner.py:63} INFO - Started process 127 to run task
[2024-06-04T13:05:07.120+0000] {standard_task_runner.py:90} INFO - Running: ['***', 'tasks', 'run', 'f1_data_pipeline_taskflow', 'raceResultsFact_transform', 'scheduled__2024-06-03T00:00:00+00:00', '--job-id', '12', '--raw', '--subdir', 'DAGS_FOLDER/etl_dag.py', '--cfg-path', '/tmp/tmpq46u5_4p']
[2024-06-04T13:05:07.122+0000] {standard_task_runner.py:91} INFO - Job 12: Subtask raceResultsFact_transform
[2024-06-04T13:05:07.162+0000] {task_command.py:426} INFO - Running <TaskInstance: f1_data_pipeline_taskflow.raceResultsFact_transform scheduled__2024-06-03T00:00:00+00:00 [running]> on host aaf296cae260
[2024-06-04T13:05:09.173+0000] {taskinstance.py:2648} INFO - Exporting env vars: AIRFLOW_CTX_DAG_OWNER='***' AIRFLOW_CTX_DAG_ID='f1_data_pipeline_taskflow' AIRFLOW_CTX_TASK_ID='raceResultsFact_transform' AIRFLOW_CTX_EXECUTION_DATE='2024-06-03T00:00:00+00:00' AIRFLOW_CTX_TRY_NUMBER='1' AIRFLOW_CTX_DAG_RUN_ID='scheduled__2024-06-03T00:00:00+00:00'
[2024-06-04T13:05:09.174+0000] {taskinstance.py:430} INFO - ::endgroup::
[2024-06-04T13:05:09.313+0000] {python.py:237} INFO - Done. Returned value was:         resultId  raceId  ...         time  fastestLap
0          21232     860  ...  1:34:09.565        56.0
116        21234     860  ...       +4.075        57.0
232        21269     861  ...    +1:19.719        50.0
512        21258     861  ...      +14.591        50.0
680        21281     862  ...      +20.626        56.0
...          ...     ...  ...          ...         ...
517536     22672     932  ...         None        38.0
517602     22731     936  ...         None        56.0
517927     22893     944  ...         None        42.0
518061     22894     944  ...         None        43.0
518195     23041     953  ...         None        70.0

[4502 rows x 14 columns]
[2024-06-04T13:05:09.335+0000] {taskinstance.py:441} INFO - ::group::Post task execution logs
[2024-06-04T13:05:09.383+0000] {taskinstance.py:1206} INFO - Marking task as SUCCESS. dag_id=f1_data_pipeline_taskflow, task_id=raceResultsFact_transform, run_id=scheduled__2024-06-03T00:00:00+00:00, execution_date=20240603T000000, start_date=20240604T130507, end_date=20240604T130509
[2024-06-04T13:05:09.448+0000] {local_task_job_runner.py:240} INFO - Task exited with return code 0
[2024-06-04T13:05:09.472+0000] {taskinstance.py:3498} INFO - 0 downstream tasks scheduled from follow-on schedule check
[2024-06-04T13:05:09.474+0000] {local_task_job_runner.py:222} INFO - ::endgroup::
[2024-06-04T13:24:59.535+0000] {local_task_job_runner.py:120} INFO - ::group::Pre task execution logs
[2024-06-04T13:24:59.566+0000] {taskinstance.py:2076} INFO - Dependencies all met for dep_context=non-requeueable deps ti=<TaskInstance: f1_data_pipeline_taskflow.raceResultsFact_transform scheduled__2024-06-03T00:00:00+00:00 [queued]>
[2024-06-04T13:24:59.574+0000] {taskinstance.py:2076} INFO - Dependencies all met for dep_context=requeueable deps ti=<TaskInstance: f1_data_pipeline_taskflow.raceResultsFact_transform scheduled__2024-06-03T00:00:00+00:00 [queued]>
[2024-06-04T13:24:59.575+0000] {taskinstance.py:2306} INFO - Starting attempt 1 of 1
[2024-06-04T13:24:59.585+0000] {taskinstance.py:2330} INFO - Executing <Task(_PythonDecoratedOperator): raceResultsFact_transform> on 2024-06-03 00:00:00+00:00
[2024-06-04T13:24:59.590+0000] {warnings.py:110} WARNING - /home/***/.local/lib/python3.12/site-packages/***/task/task_runner/standard_task_runner.py:61: DeprecationWarning: This process (pid=98) is multi-threaded, use of fork() may lead to deadlocks in the child.
  pid = os.fork()

[2024-06-04T13:24:59.591+0000] {standard_task_runner.py:63} INFO - Started process 111 to run task
[2024-06-04T13:24:59.592+0000] {standard_task_runner.py:90} INFO - Running: ['***', 'tasks', 'run', 'f1_data_pipeline_taskflow', 'raceResultsFact_transform', 'scheduled__2024-06-03T00:00:00+00:00', '--job-id', '7', '--raw', '--subdir', 'DAGS_FOLDER/etl_dag.py', '--cfg-path', '/tmp/tmpabxldeyr']
[2024-06-04T13:24:59.595+0000] {standard_task_runner.py:91} INFO - Job 7: Subtask raceResultsFact_transform
[2024-06-04T13:24:59.638+0000] {task_command.py:426} INFO - Running <TaskInstance: f1_data_pipeline_taskflow.raceResultsFact_transform scheduled__2024-06-03T00:00:00+00:00 [running]> on host 55cd6db943bb
[2024-06-04T13:25:01.772+0000] {taskinstance.py:2648} INFO - Exporting env vars: AIRFLOW_CTX_DAG_OWNER='***' AIRFLOW_CTX_DAG_ID='f1_data_pipeline_taskflow' AIRFLOW_CTX_TASK_ID='raceResultsFact_transform' AIRFLOW_CTX_EXECUTION_DATE='2024-06-03T00:00:00+00:00' AIRFLOW_CTX_TRY_NUMBER='1' AIRFLOW_CTX_DAG_RUN_ID='scheduled__2024-06-03T00:00:00+00:00'
[2024-06-04T13:25:01.774+0000] {taskinstance.py:430} INFO - ::endgroup::
[2024-06-04T13:25:01.978+0000] {python.py:237} INFO - Done. Returned value was:         resultId  raceId  ...         time  fastestLap
0          21232     860  ...  1:34:09.565        56.0
116        21234     860  ...       +4.075        57.0
232        21269     861  ...    +1:19.719        50.0
512        21258     861  ...      +14.591        50.0
680        21281     862  ...      +20.626        56.0
...          ...     ...  ...          ...         ...
517536     22672     932  ...         None        38.0
517602     22731     936  ...         None        56.0
517927     22893     944  ...         None        42.0
518061     22894     944  ...         None        43.0
518195     23041     953  ...         None        70.0

[4502 rows x 14 columns]
[2024-06-04T13:25:02.000+0000] {taskinstance.py:441} INFO - ::group::Post task execution logs
[2024-06-04T13:25:02.063+0000] {taskinstance.py:1206} INFO - Marking task as SUCCESS. dag_id=f1_data_pipeline_taskflow, task_id=raceResultsFact_transform, run_id=scheduled__2024-06-03T00:00:00+00:00, execution_date=20240603T000000, start_date=20240604T132459, end_date=20240604T132502
[2024-06-04T13:25:02.137+0000] {local_task_job_runner.py:240} INFO - Task exited with return code 0
[2024-06-04T13:25:02.162+0000] {taskinstance.py:3498} INFO - 0 downstream tasks scheduled from follow-on schedule check
[2024-06-04T13:25:02.164+0000] {local_task_job_runner.py:222} INFO - ::endgroup::
[2024-06-04T13:52:57.229+0000] {local_task_job_runner.py:120} INFO - ::group::Pre task execution logs
[2024-06-04T13:52:57.247+0000] {taskinstance.py:2076} INFO - Dependencies all met for dep_context=non-requeueable deps ti=<TaskInstance: f1_data_pipeline_taskflow.raceResultsFact_transform scheduled__2024-06-03T00:00:00+00:00 [queued]>
[2024-06-04T13:52:57.254+0000] {taskinstance.py:2076} INFO - Dependencies all met for dep_context=requeueable deps ti=<TaskInstance: f1_data_pipeline_taskflow.raceResultsFact_transform scheduled__2024-06-03T00:00:00+00:00 [queued]>
[2024-06-04T13:52:57.254+0000] {taskinstance.py:2306} INFO - Starting attempt 1 of 1
[2024-06-04T13:52:57.266+0000] {taskinstance.py:2330} INFO - Executing <Task(_PythonDecoratedOperator): raceResultsFact_transform> on 2024-06-03 00:00:00+00:00
[2024-06-04T13:52:57.271+0000] {warnings.py:110} WARNING - /home/***/.local/lib/python3.12/site-packages/***/task/task_runner/standard_task_runner.py:61: DeprecationWarning: This process (pid=101) is multi-threaded, use of fork() may lead to deadlocks in the child.
  pid = os.fork()

[2024-06-04T13:52:57.272+0000] {standard_task_runner.py:63} INFO - Started process 118 to run task
[2024-06-04T13:52:57.272+0000] {standard_task_runner.py:90} INFO - Running: ['***', 'tasks', 'run', 'f1_data_pipeline_taskflow', 'raceResultsFact_transform', 'scheduled__2024-06-03T00:00:00+00:00', '--job-id', '10', '--raw', '--subdir', 'DAGS_FOLDER/etl_dag.py', '--cfg-path', '/tmp/tmpyuh6xm_l']
[2024-06-04T13:52:57.274+0000] {standard_task_runner.py:91} INFO - Job 10: Subtask raceResultsFact_transform
[2024-06-04T13:52:57.320+0000] {task_command.py:426} INFO - Running <TaskInstance: f1_data_pipeline_taskflow.raceResultsFact_transform scheduled__2024-06-03T00:00:00+00:00 [running]> on host 43686a6526ed
[2024-06-04T13:52:59.465+0000] {taskinstance.py:2648} INFO - Exporting env vars: AIRFLOW_CTX_DAG_OWNER='***' AIRFLOW_CTX_DAG_ID='f1_data_pipeline_taskflow' AIRFLOW_CTX_TASK_ID='raceResultsFact_transform' AIRFLOW_CTX_EXECUTION_DATE='2024-06-03T00:00:00+00:00' AIRFLOW_CTX_TRY_NUMBER='1' AIRFLOW_CTX_DAG_RUN_ID='scheduled__2024-06-03T00:00:00+00:00'
[2024-06-04T13:52:59.466+0000] {taskinstance.py:430} INFO - ::endgroup::
[2024-06-04T13:52:59.604+0000] {python.py:237} INFO - Done. Returned value was:         resultId  raceId  ...         time  fastestLap
0          21232     860  ...  1:34:09.565        56.0
116        21234     860  ...       +4.075        57.0
232        21269     861  ...    +1:19.719        50.0
512        21258     861  ...      +14.591        50.0
680        21281     862  ...      +20.626        56.0
...          ...     ...  ...          ...         ...
517536     22672     932  ...         None        38.0
517602     22731     936  ...         None        56.0
517927     22893     944  ...         None        42.0
518061     22894     944  ...         None        43.0
518195     23041     953  ...         None        70.0

[4502 rows x 14 columns]
[2024-06-04T13:52:59.624+0000] {taskinstance.py:441} INFO - ::group::Post task execution logs
[2024-06-04T13:52:59.674+0000] {taskinstance.py:1206} INFO - Marking task as SUCCESS. dag_id=f1_data_pipeline_taskflow, task_id=raceResultsFact_transform, run_id=scheduled__2024-06-03T00:00:00+00:00, execution_date=20240603T000000, start_date=20240604T135257, end_date=20240604T135259
[2024-06-04T13:52:59.742+0000] {local_task_job_runner.py:240} INFO - Task exited with return code 0
[2024-06-04T13:52:59.761+0000] {taskinstance.py:3498} INFO - 0 downstream tasks scheduled from follow-on schedule check
[2024-06-04T13:52:59.763+0000] {local_task_job_runner.py:222} INFO - ::endgroup::
[2024-06-04T14:01:30.843+0000] {local_task_job_runner.py:120} INFO - ::group::Pre task execution logs
[2024-06-04T14:01:30.860+0000] {taskinstance.py:2076} INFO - Dependencies all met for dep_context=non-requeueable deps ti=<TaskInstance: f1_data_pipeline_taskflow.raceResultsFact_transform scheduled__2024-06-03T00:00:00+00:00 [queued]>
[2024-06-04T14:01:30.867+0000] {taskinstance.py:2076} INFO - Dependencies all met for dep_context=requeueable deps ti=<TaskInstance: f1_data_pipeline_taskflow.raceResultsFact_transform scheduled__2024-06-03T00:00:00+00:00 [queued]>
[2024-06-04T14:01:30.867+0000] {taskinstance.py:2306} INFO - Starting attempt 1 of 1
[2024-06-04T14:01:30.879+0000] {taskinstance.py:2330} INFO - Executing <Task(_PythonDecoratedOperator): raceResultsFact_transform> on 2024-06-03 00:00:00+00:00
[2024-06-04T14:01:30.884+0000] {warnings.py:110} WARNING - /home/***/.local/lib/python3.12/site-packages/***/task/task_runner/standard_task_runner.py:61: DeprecationWarning: This process (pid=96) is multi-threaded, use of fork() may lead to deadlocks in the child.
  pid = os.fork()

[2024-06-04T14:01:30.885+0000] {standard_task_runner.py:63} INFO - Started process 118 to run task
[2024-06-04T14:01:30.886+0000] {standard_task_runner.py:90} INFO - Running: ['***', 'tasks', 'run', 'f1_data_pipeline_taskflow', 'raceResultsFact_transform', 'scheduled__2024-06-03T00:00:00+00:00', '--job-id', '11', '--raw', '--subdir', 'DAGS_FOLDER/etl_dag.py', '--cfg-path', '/tmp/tmp_6rh13ci']
[2024-06-04T14:01:30.888+0000] {standard_task_runner.py:91} INFO - Job 11: Subtask raceResultsFact_transform
[2024-06-04T14:01:30.933+0000] {task_command.py:426} INFO - Running <TaskInstance: f1_data_pipeline_taskflow.raceResultsFact_transform scheduled__2024-06-03T00:00:00+00:00 [running]> on host 7bdd51a4d37b
[2024-06-04T14:01:33.245+0000] {taskinstance.py:2648} INFO - Exporting env vars: AIRFLOW_CTX_DAG_OWNER='***' AIRFLOW_CTX_DAG_ID='f1_data_pipeline_taskflow' AIRFLOW_CTX_TASK_ID='raceResultsFact_transform' AIRFLOW_CTX_EXECUTION_DATE='2024-06-03T00:00:00+00:00' AIRFLOW_CTX_TRY_NUMBER='1' AIRFLOW_CTX_DAG_RUN_ID='scheduled__2024-06-03T00:00:00+00:00'
[2024-06-04T14:01:33.246+0000] {taskinstance.py:430} INFO - ::endgroup::
[2024-06-04T14:01:33.405+0000] {python.py:237} INFO - Done. Returned value was:         resultId  raceId  ...         time  fastestLap
0          21232     860  ...  1:34:09.565        56.0
116        21234     860  ...       +4.075        57.0
232        21269     861  ...    +1:19.719        50.0
512        21258     861  ...      +14.591        50.0
680        21281     862  ...      +20.626        56.0
...          ...     ...  ...          ...         ...
517536     22672     932  ...         None        38.0
517602     22731     936  ...         None        56.0
517927     22893     944  ...         None        42.0
518061     22894     944  ...         None        43.0
518195     23041     953  ...         None        70.0

[4502 rows x 14 columns]
[2024-06-04T14:01:33.422+0000] {taskinstance.py:441} INFO - ::group::Post task execution logs
[2024-06-04T14:01:33.481+0000] {taskinstance.py:1206} INFO - Marking task as SUCCESS. dag_id=f1_data_pipeline_taskflow, task_id=raceResultsFact_transform, run_id=scheduled__2024-06-03T00:00:00+00:00, execution_date=20240603T000000, start_date=20240604T140130, end_date=20240604T140133
[2024-06-04T14:01:33.551+0000] {local_task_job_runner.py:240} INFO - Task exited with return code 0
[2024-06-04T14:01:33.574+0000] {taskinstance.py:3498} INFO - 0 downstream tasks scheduled from follow-on schedule check
[2024-06-04T14:01:33.576+0000] {local_task_job_runner.py:222} INFO - ::endgroup::
