[2024-06-12T13:05:05.945+0000] {local_task_job_runner.py:120} INFO - ::group::Pre task execution logs
[2024-06-12T13:05:05.960+0000] {taskinstance.py:2076} INFO - Dependencies all met for dep_context=non-requeueable deps ti=<TaskInstance: f1_data_pipeline_taskflow_with_kafka.wait_for_elt_dag manual__2024-06-12T13:05:05.163486+00:00 [queued]>
[2024-06-12T13:05:05.965+0000] {taskinstance.py:2076} INFO - Dependencies all met for dep_context=requeueable deps ti=<TaskInstance: f1_data_pipeline_taskflow_with_kafka.wait_for_elt_dag manual__2024-06-12T13:05:05.163486+00:00 [queued]>
[2024-06-12T13:05:05.965+0000] {taskinstance.py:2306} INFO - Starting attempt 1 of 1
[2024-06-12T13:05:05.972+0000] {taskinstance.py:2330} INFO - Executing <Task(ExternalTaskSensor): wait_for_elt_dag> on 2024-06-12 13:05:05.163486+00:00
[2024-06-12T13:05:05.976+0000] {warnings.py:110} WARNING - /home/***/.local/lib/python3.12/site-packages/***/task/task_runner/standard_task_runner.py:61: DeprecationWarning: This process (pid=777) is multi-threaded, use of fork() may lead to deadlocks in the child.
  pid = os.fork()

[2024-06-12T13:05:05.977+0000] {standard_task_runner.py:63} INFO - Started process 780 to run task
[2024-06-12T13:05:05.978+0000] {standard_task_runner.py:90} INFO - Running: ['***', 'tasks', 'run', 'f1_data_pipeline_taskflow_with_kafka', 'wait_for_elt_dag', 'manual__2024-06-12T13:05:05.163486+00:00', '--job-id', '48', '--raw', '--subdir', 'DAGS_FOLDER/kafka_data_scrape.py', '--cfg-path', '/tmp/tmpldhlp10x']
[2024-06-12T13:05:05.979+0000] {standard_task_runner.py:91} INFO - Job 48: Subtask wait_for_elt_dag
[2024-06-12T13:05:06.011+0000] {task_command.py:426} INFO - Running <TaskInstance: f1_data_pipeline_taskflow_with_kafka.wait_for_elt_dag manual__2024-06-12T13:05:05.163486+00:00 [running]> on host ce972f89b6ce
[2024-06-12T13:05:06.067+0000] {taskinstance.py:2648} INFO - Exporting env vars: AIRFLOW_CTX_DAG_OWNER='***' AIRFLOW_CTX_DAG_ID='f1_data_pipeline_taskflow_with_kafka' AIRFLOW_CTX_TASK_ID='wait_for_elt_dag' AIRFLOW_CTX_EXECUTION_DATE='2024-06-12T13:05:05.163486+00:00' AIRFLOW_CTX_TRY_NUMBER='1' AIRFLOW_CTX_DAG_RUN_ID='manual__2024-06-12T13:05:05.163486+00:00'
[2024-06-12T13:05:06.067+0000] {taskinstance.py:430} INFO - ::endgroup::
[2024-06-12T13:05:06.068+0000] {baseoperator.py:399} WARNING - ExternalTaskSensor.execute cannot be called outside TaskInstance!
[2024-06-12T13:05:06.068+0000] {external_task.py:258} INFO - Poking for tasks ['load_raceResults_task'] in dag f1_data_pipeline_taskflow on 2024-06-12T13:05:05.163486+00:00 ... 
[2024-06-12T13:05:06.068+0000] {warnings.py:110} WARNING - /home/***/.local/lib/python3.12/site-packages/***/utils/session.py:79: DeprecationWarning: This method is deprecated and will be removed in future.
  return func(*args, session=session, **kwargs)

[2024-06-12T13:06:06.075+0000] {external_task.py:258} INFO - Poking for tasks ['load_raceResults_task'] in dag f1_data_pipeline_taskflow on 2024-06-12T13:05:05.163486+00:00 ... 
[2024-06-12T13:07:06.084+0000] {external_task.py:258} INFO - Poking for tasks ['load_raceResults_task'] in dag f1_data_pipeline_taskflow on 2024-06-12T13:05:05.163486+00:00 ... 
[2024-06-12T13:08:06.091+0000] {external_task.py:258} INFO - Poking for tasks ['load_raceResults_task'] in dag f1_data_pipeline_taskflow on 2024-06-12T13:05:05.163486+00:00 ... 
