[2024-06-19T07:28:48.420+0000] {local_task_job_runner.py:120} INFO - ::group::Pre task execution logs
[2024-06-19T07:28:48.435+0000] {taskinstance.py:2076} INFO - Dependencies all met for dep_context=non-requeueable deps ti=<TaskInstance: f1_data_pipeline_taskflow.load_constructorStandings_task scheduled__2024-06-18T00:00:00+00:00 [queued]>
[2024-06-19T07:28:48.440+0000] {taskinstance.py:2076} INFO - Dependencies all met for dep_context=requeueable deps ti=<TaskInstance: f1_data_pipeline_taskflow.load_constructorStandings_task scheduled__2024-06-18T00:00:00+00:00 [queued]>
[2024-06-19T07:28:48.441+0000] {taskinstance.py:2306} INFO - Starting attempt 1 of 1
[2024-06-19T07:28:48.454+0000] {taskinstance.py:2330} INFO - Executing <Task(_PythonDecoratedOperator): load_constructorStandings_task> on 2024-06-18 00:00:00+00:00
[2024-06-19T07:28:48.460+0000] {warnings.py:110} WARNING - /home/***/.local/lib/python3.12/site-packages/***/task/task_runner/standard_task_runner.py:61: DeprecationWarning: This process (pid=429) is multi-threaded, use of fork() may lead to deadlocks in the child.
  pid = os.fork()

[2024-06-19T07:28:48.461+0000] {standard_task_runner.py:63} INFO - Started process 439 to run task
[2024-06-19T07:28:48.461+0000] {standard_task_runner.py:90} INFO - Running: ['***', 'tasks', 'run', 'f1_data_pipeline_taskflow', 'load_constructorStandings_task', 'scheduled__2024-06-18T00:00:00+00:00', '--job-id', '21', '--raw', '--subdir', 'DAGS_FOLDER/etl_dag.py', '--cfg-path', '/tmp/tmpcrbiylrf']
[2024-06-19T07:28:48.463+0000] {standard_task_runner.py:91} INFO - Job 21: Subtask load_constructorStandings_task
[2024-06-19T07:28:48.500+0000] {task_command.py:426} INFO - Running <TaskInstance: f1_data_pipeline_taskflow.load_constructorStandings_task scheduled__2024-06-18T00:00:00+00:00 [running]> on host 5d5bc16a80d8
[2024-06-19T07:28:48.615+0000] {taskinstance.py:2648} INFO - Exporting env vars: AIRFLOW_CTX_DAG_OWNER='***' AIRFLOW_CTX_DAG_ID='f1_data_pipeline_taskflow' AIRFLOW_CTX_TASK_ID='load_constructorStandings_task' AIRFLOW_CTX_EXECUTION_DATE='2024-06-18T00:00:00+00:00' AIRFLOW_CTX_TRY_NUMBER='1' AIRFLOW_CTX_DAG_RUN_ID='scheduled__2024-06-18T00:00:00+00:00'
[2024-06-19T07:28:48.616+0000] {taskinstance.py:430} INFO - ::endgroup::
[2024-06-19T07:28:48.617+0000] {crypto.py:82} WARNING - empty cryptography key - values will not be stored encrypted.
[2024-06-19T07:28:48.617+0000] {base.py:84} INFO - Using connection ID 'sourcedb_connection' for task execution.
[2024-06-19T07:28:48.686+0000] {python.py:237} INFO - Done. Returned value was: None
[2024-06-19T07:28:48.689+0000] {taskinstance.py:441} INFO - ::group::Post task execution logs
[2024-06-19T07:28:48.715+0000] {taskinstance.py:1206} INFO - Marking task as SUCCESS. dag_id=f1_data_pipeline_taskflow, task_id=load_constructorStandings_task, run_id=scheduled__2024-06-18T00:00:00+00:00, execution_date=20240618T000000, start_date=20240619T072848, end_date=20240619T072848
[2024-06-19T07:28:48.835+0000] {local_task_job_runner.py:240} INFO - Task exited with return code 0
[2024-06-19T07:28:48.861+0000] {taskinstance.py:3498} INFO - 0 downstream tasks scheduled from follow-on schedule check
[2024-06-19T07:28:48.863+0000] {local_task_job_runner.py:222} INFO - ::endgroup::
[2024-06-19T08:27:09.318+0000] {local_task_job_runner.py:120} INFO - ::group::Pre task execution logs
[2024-06-19T08:27:09.334+0000] {taskinstance.py:2076} INFO - Dependencies all met for dep_context=non-requeueable deps ti=<TaskInstance: f1_data_pipeline_taskflow.load_constructorStandings_task scheduled__2024-06-18T00:00:00+00:00 [queued]>
[2024-06-19T08:27:09.342+0000] {taskinstance.py:2076} INFO - Dependencies all met for dep_context=requeueable deps ti=<TaskInstance: f1_data_pipeline_taskflow.load_constructorStandings_task scheduled__2024-06-18T00:00:00+00:00 [queued]>
[2024-06-19T08:27:09.342+0000] {taskinstance.py:2306} INFO - Starting attempt 1 of 1
[2024-06-19T08:27:09.351+0000] {taskinstance.py:2330} INFO - Executing <Task(_PythonDecoratedOperator): load_constructorStandings_task> on 2024-06-18 00:00:00+00:00
[2024-06-19T08:27:09.357+0000] {warnings.py:110} WARNING - /home/***/.local/lib/python3.12/site-packages/***/task/task_runner/standard_task_runner.py:61: DeprecationWarning: This process (pid=404) is multi-threaded, use of fork() may lead to deadlocks in the child.
  pid = os.fork()

[2024-06-19T08:27:09.358+0000] {standard_task_runner.py:63} INFO - Started process 412 to run task
[2024-06-19T08:27:09.359+0000] {standard_task_runner.py:90} INFO - Running: ['***', 'tasks', 'run', 'f1_data_pipeline_taskflow', 'load_constructorStandings_task', 'scheduled__2024-06-18T00:00:00+00:00', '--job-id', '22', '--raw', '--subdir', 'DAGS_FOLDER/etl_dag.py', '--cfg-path', '/tmp/tmpwj4miksb']
[2024-06-19T08:27:09.360+0000] {standard_task_runner.py:91} INFO - Job 22: Subtask load_constructorStandings_task
[2024-06-19T08:27:09.395+0000] {task_command.py:426} INFO - Running <TaskInstance: f1_data_pipeline_taskflow.load_constructorStandings_task scheduled__2024-06-18T00:00:00+00:00 [running]> on host d64590577fb7
[2024-06-19T08:27:09.504+0000] {taskinstance.py:2648} INFO - Exporting env vars: AIRFLOW_CTX_DAG_OWNER='***' AIRFLOW_CTX_DAG_ID='f1_data_pipeline_taskflow' AIRFLOW_CTX_TASK_ID='load_constructorStandings_task' AIRFLOW_CTX_EXECUTION_DATE='2024-06-18T00:00:00+00:00' AIRFLOW_CTX_TRY_NUMBER='1' AIRFLOW_CTX_DAG_RUN_ID='scheduled__2024-06-18T00:00:00+00:00'
[2024-06-19T08:27:09.505+0000] {taskinstance.py:430} INFO - ::endgroup::
[2024-06-19T08:27:09.506+0000] {crypto.py:82} WARNING - empty cryptography key - values will not be stored encrypted.
[2024-06-19T08:27:09.506+0000] {base.py:84} INFO - Using connection ID 'sourcedb_connection' for task execution.
[2024-06-19T08:27:09.566+0000] {python.py:237} INFO - Done. Returned value was: None
[2024-06-19T08:27:09.567+0000] {taskinstance.py:441} INFO - ::group::Post task execution logs
[2024-06-19T08:27:09.588+0000] {taskinstance.py:1206} INFO - Marking task as SUCCESS. dag_id=f1_data_pipeline_taskflow, task_id=load_constructorStandings_task, run_id=scheduled__2024-06-18T00:00:00+00:00, execution_date=20240618T000000, start_date=20240619T082709, end_date=20240619T082709
[2024-06-19T08:27:09.694+0000] {local_task_job_runner.py:240} INFO - Task exited with return code 0
[2024-06-19T08:27:09.717+0000] {taskinstance.py:3498} INFO - 0 downstream tasks scheduled from follow-on schedule check
[2024-06-19T08:27:09.719+0000] {local_task_job_runner.py:222} INFO - ::endgroup::
[2024-06-19T08:54:16.545+0000] {local_task_job_runner.py:120} INFO - ::group::Pre task execution logs
[2024-06-19T08:54:16.561+0000] {taskinstance.py:2076} INFO - Dependencies all met for dep_context=non-requeueable deps ti=<TaskInstance: f1_data_pipeline_taskflow.load_constructorStandings_task scheduled__2024-06-18T00:00:00+00:00 [queued]>
[2024-06-19T08:54:16.567+0000] {taskinstance.py:2076} INFO - Dependencies all met for dep_context=requeueable deps ti=<TaskInstance: f1_data_pipeline_taskflow.load_constructorStandings_task scheduled__2024-06-18T00:00:00+00:00 [queued]>
[2024-06-19T08:54:16.567+0000] {taskinstance.py:2306} INFO - Starting attempt 1 of 1
[2024-06-19T08:54:16.576+0000] {taskinstance.py:2330} INFO - Executing <Task(_PythonDecoratedOperator): load_constructorStandings_task> on 2024-06-18 00:00:00+00:00
[2024-06-19T08:54:16.583+0000] {warnings.py:110} WARNING - /home/***/.local/lib/python3.12/site-packages/***/task/task_runner/standard_task_runner.py:61: DeprecationWarning: This process (pid=348) is multi-threaded, use of fork() may lead to deadlocks in the child.
  pid = os.fork()

[2024-06-19T08:54:16.584+0000] {standard_task_runner.py:63} INFO - Started process 437 to run task
[2024-06-19T08:54:16.584+0000] {standard_task_runner.py:90} INFO - Running: ['***', 'tasks', 'run', 'f1_data_pipeline_taskflow', 'load_constructorStandings_task', 'scheduled__2024-06-18T00:00:00+00:00', '--job-id', '21', '--raw', '--subdir', 'DAGS_FOLDER/etl_dag.py', '--cfg-path', '/tmp/tmppe4n12x4']
[2024-06-19T08:54:16.586+0000] {standard_task_runner.py:91} INFO - Job 21: Subtask load_constructorStandings_task
[2024-06-19T08:54:16.622+0000] {task_command.py:426} INFO - Running <TaskInstance: f1_data_pipeline_taskflow.load_constructorStandings_task scheduled__2024-06-18T00:00:00+00:00 [running]> on host e5c8778eab06
[2024-06-19T08:54:16.721+0000] {taskinstance.py:2648} INFO - Exporting env vars: AIRFLOW_CTX_DAG_OWNER='***' AIRFLOW_CTX_DAG_ID='f1_data_pipeline_taskflow' AIRFLOW_CTX_TASK_ID='load_constructorStandings_task' AIRFLOW_CTX_EXECUTION_DATE='2024-06-18T00:00:00+00:00' AIRFLOW_CTX_TRY_NUMBER='1' AIRFLOW_CTX_DAG_RUN_ID='scheduled__2024-06-18T00:00:00+00:00'
[2024-06-19T08:54:16.721+0000] {taskinstance.py:430} INFO - ::endgroup::
[2024-06-19T08:54:16.722+0000] {crypto.py:82} WARNING - empty cryptography key - values will not be stored encrypted.
[2024-06-19T08:54:16.723+0000] {base.py:84} INFO - Using connection ID 'sourcedb_connection' for task execution.
[2024-06-19T08:54:16.764+0000] {python.py:237} INFO - Done. Returned value was: None
[2024-06-19T08:54:16.764+0000] {taskinstance.py:441} INFO - ::group::Post task execution logs
[2024-06-19T08:54:16.771+0000] {taskinstance.py:1206} INFO - Marking task as SUCCESS. dag_id=f1_data_pipeline_taskflow, task_id=load_constructorStandings_task, run_id=scheduled__2024-06-18T00:00:00+00:00, execution_date=20240618T000000, start_date=20240619T085416, end_date=20240619T085416
[2024-06-19T08:54:16.798+0000] {local_task_job_runner.py:240} INFO - Task exited with return code 0
[2024-06-19T08:54:16.808+0000] {taskinstance.py:3498} INFO - 0 downstream tasks scheduled from follow-on schedule check
[2024-06-19T08:54:16.809+0000] {local_task_job_runner.py:222} INFO - ::endgroup::
[2024-06-19T12:05:36.046+0000] {local_task_job_runner.py:120} INFO - ::group::Pre task execution logs
[2024-06-19T12:05:36.065+0000] {taskinstance.py:2076} INFO - Dependencies all met for dep_context=non-requeueable deps ti=<TaskInstance: f1_data_pipeline_taskflow.load_constructorStandings_task scheduled__2024-06-18T00:00:00+00:00 [queued]>
[2024-06-19T12:05:36.074+0000] {taskinstance.py:2076} INFO - Dependencies all met for dep_context=requeueable deps ti=<TaskInstance: f1_data_pipeline_taskflow.load_constructorStandings_task scheduled__2024-06-18T00:00:00+00:00 [queued]>
[2024-06-19T12:05:36.074+0000] {taskinstance.py:2306} INFO - Starting attempt 1 of 1
[2024-06-19T12:05:36.086+0000] {taskinstance.py:2330} INFO - Executing <Task(_PythonDecoratedOperator): load_constructorStandings_task> on 2024-06-18 00:00:00+00:00
[2024-06-19T12:05:36.093+0000] {warnings.py:110} WARNING - /home/***/.local/lib/python3.12/site-packages/***/task/task_runner/standard_task_runner.py:61: DeprecationWarning: This process (pid=419) is multi-threaded, use of fork() may lead to deadlocks in the child.
  pid = os.fork()

[2024-06-19T12:05:36.094+0000] {standard_task_runner.py:63} INFO - Started process 434 to run task
[2024-06-19T12:05:36.094+0000] {standard_task_runner.py:90} INFO - Running: ['***', 'tasks', 'run', 'f1_data_pipeline_taskflow', 'load_constructorStandings_task', 'scheduled__2024-06-18T00:00:00+00:00', '--job-id', '22', '--raw', '--subdir', 'DAGS_FOLDER/etl_dag.py', '--cfg-path', '/tmp/tmpqxmhp84p']
[2024-06-19T12:05:36.096+0000] {standard_task_runner.py:91} INFO - Job 22: Subtask load_constructorStandings_task
[2024-06-19T12:05:36.145+0000] {task_command.py:426} INFO - Running <TaskInstance: f1_data_pipeline_taskflow.load_constructorStandings_task scheduled__2024-06-18T00:00:00+00:00 [running]> on host eef124934bf8
[2024-06-19T12:05:36.322+0000] {taskinstance.py:2648} INFO - Exporting env vars: AIRFLOW_CTX_DAG_OWNER='***' AIRFLOW_CTX_DAG_ID='f1_data_pipeline_taskflow' AIRFLOW_CTX_TASK_ID='load_constructorStandings_task' AIRFLOW_CTX_EXECUTION_DATE='2024-06-18T00:00:00+00:00' AIRFLOW_CTX_TRY_NUMBER='1' AIRFLOW_CTX_DAG_RUN_ID='scheduled__2024-06-18T00:00:00+00:00'
[2024-06-19T12:05:36.323+0000] {taskinstance.py:430} INFO - ::endgroup::
[2024-06-19T12:05:36.324+0000] {crypto.py:82} WARNING - empty cryptography key - values will not be stored encrypted.
[2024-06-19T12:05:36.324+0000] {base.py:84} INFO - Using connection ID 'sourcedb_connection' for task execution.
[2024-06-19T12:05:36.381+0000] {python.py:237} INFO - Done. Returned value was: None
[2024-06-19T12:05:36.384+0000] {taskinstance.py:441} INFO - ::group::Post task execution logs
[2024-06-19T12:05:36.407+0000] {taskinstance.py:1206} INFO - Marking task as SUCCESS. dag_id=f1_data_pipeline_taskflow, task_id=load_constructorStandings_task, run_id=scheduled__2024-06-18T00:00:00+00:00, execution_date=20240618T000000, start_date=20240619T120536, end_date=20240619T120536
[2024-06-19T12:05:36.468+0000] {local_task_job_runner.py:240} INFO - Task exited with return code 0
[2024-06-19T12:05:36.477+0000] {local_task_job_runner.py:222} INFO - ::endgroup::
[2024-06-19T12:36:47.294+0000] {local_task_job_runner.py:120} INFO - ::group::Pre task execution logs
[2024-06-19T12:36:47.310+0000] {taskinstance.py:2076} INFO - Dependencies all met for dep_context=non-requeueable deps ti=<TaskInstance: f1_data_pipeline_taskflow.load_constructorStandings_task scheduled__2024-06-18T00:00:00+00:00 [queued]>
[2024-06-19T12:36:47.316+0000] {taskinstance.py:2076} INFO - Dependencies all met for dep_context=requeueable deps ti=<TaskInstance: f1_data_pipeline_taskflow.load_constructorStandings_task scheduled__2024-06-18T00:00:00+00:00 [queued]>
[2024-06-19T12:36:47.316+0000] {taskinstance.py:2306} INFO - Starting attempt 1 of 1
[2024-06-19T12:36:47.325+0000] {taskinstance.py:2330} INFO - Executing <Task(_PythonDecoratedOperator): load_constructorStandings_task> on 2024-06-18 00:00:00+00:00
[2024-06-19T12:36:47.332+0000] {warnings.py:110} WARNING - /home/***/.local/lib/python3.12/site-packages/***/task/task_runner/standard_task_runner.py:61: DeprecationWarning: This process (pid=447) is multi-threaded, use of fork() may lead to deadlocks in the child.
  pid = os.fork()

[2024-06-19T12:36:47.333+0000] {standard_task_runner.py:63} INFO - Started process 454 to run task
[2024-06-19T12:36:47.333+0000] {standard_task_runner.py:90} INFO - Running: ['***', 'tasks', 'run', 'f1_data_pipeline_taskflow', 'load_constructorStandings_task', 'scheduled__2024-06-18T00:00:00+00:00', '--job-id', '21', '--raw', '--subdir', 'DAGS_FOLDER/etl_dag.py', '--cfg-path', '/tmp/tmpj3bucrcc']
[2024-06-19T12:36:47.335+0000] {standard_task_runner.py:91} INFO - Job 21: Subtask load_constructorStandings_task
[2024-06-19T12:36:47.371+0000] {task_command.py:426} INFO - Running <TaskInstance: f1_data_pipeline_taskflow.load_constructorStandings_task scheduled__2024-06-18T00:00:00+00:00 [running]> on host 3a98e934d90a
[2024-06-19T12:36:47.487+0000] {taskinstance.py:2648} INFO - Exporting env vars: AIRFLOW_CTX_DAG_OWNER='***' AIRFLOW_CTX_DAG_ID='f1_data_pipeline_taskflow' AIRFLOW_CTX_TASK_ID='load_constructorStandings_task' AIRFLOW_CTX_EXECUTION_DATE='2024-06-18T00:00:00+00:00' AIRFLOW_CTX_TRY_NUMBER='1' AIRFLOW_CTX_DAG_RUN_ID='scheduled__2024-06-18T00:00:00+00:00'
[2024-06-19T12:36:47.488+0000] {taskinstance.py:430} INFO - ::endgroup::
[2024-06-19T12:36:47.489+0000] {crypto.py:82} WARNING - empty cryptography key - values will not be stored encrypted.
[2024-06-19T12:36:47.489+0000] {base.py:84} INFO - Using connection ID 'sourcedb_connection' for task execution.
[2024-06-19T12:36:47.540+0000] {python.py:237} INFO - Done. Returned value was: None
[2024-06-19T12:36:47.541+0000] {taskinstance.py:441} INFO - ::group::Post task execution logs
[2024-06-19T12:36:47.549+0000] {taskinstance.py:1206} INFO - Marking task as SUCCESS. dag_id=f1_data_pipeline_taskflow, task_id=load_constructorStandings_task, run_id=scheduled__2024-06-18T00:00:00+00:00, execution_date=20240618T000000, start_date=20240619T123647, end_date=20240619T123647
[2024-06-19T12:36:47.587+0000] {local_task_job_runner.py:240} INFO - Task exited with return code 0
[2024-06-19T12:36:47.612+0000] {taskinstance.py:3498} INFO - 0 downstream tasks scheduled from follow-on schedule check
[2024-06-19T12:36:47.617+0000] {local_task_job_runner.py:222} INFO - ::endgroup::
[2024-06-19T12:53:16.021+0000] {local_task_job_runner.py:120} INFO - ::group::Pre task execution logs
[2024-06-19T12:53:16.048+0000] {taskinstance.py:2076} INFO - Dependencies all met for dep_context=non-requeueable deps ti=<TaskInstance: f1_data_pipeline_taskflow.load_constructorStandings_task scheduled__2024-06-18T00:00:00+00:00 [queued]>
[2024-06-19T12:53:16.059+0000] {taskinstance.py:2076} INFO - Dependencies all met for dep_context=requeueable deps ti=<TaskInstance: f1_data_pipeline_taskflow.load_constructorStandings_task scheduled__2024-06-18T00:00:00+00:00 [queued]>
[2024-06-19T12:53:16.059+0000] {taskinstance.py:2306} INFO - Starting attempt 1 of 1
[2024-06-19T12:53:16.073+0000] {taskinstance.py:2330} INFO - Executing <Task(_PythonDecoratedOperator): load_constructorStandings_task> on 2024-06-18 00:00:00+00:00
[2024-06-19T12:53:16.080+0000] {warnings.py:110} WARNING - /home/***/.local/lib/python3.12/site-packages/***/task/task_runner/standard_task_runner.py:61: DeprecationWarning: This process (pid=401) is multi-threaded, use of fork() may lead to deadlocks in the child.
  pid = os.fork()

[2024-06-19T12:53:16.081+0000] {standard_task_runner.py:63} INFO - Started process 409 to run task
[2024-06-19T12:53:16.081+0000] {standard_task_runner.py:90} INFO - Running: ['***', 'tasks', 'run', 'f1_data_pipeline_taskflow', 'load_constructorStandings_task', 'scheduled__2024-06-18T00:00:00+00:00', '--job-id', '19', '--raw', '--subdir', 'DAGS_FOLDER/etl_dag.py', '--cfg-path', '/tmp/tmpc350crz5']
[2024-06-19T12:53:16.083+0000] {standard_task_runner.py:91} INFO - Job 19: Subtask load_constructorStandings_task
[2024-06-19T12:53:16.118+0000] {task_command.py:426} INFO - Running <TaskInstance: f1_data_pipeline_taskflow.load_constructorStandings_task scheduled__2024-06-18T00:00:00+00:00 [running]> on host 9426bfe013d2
[2024-06-19T12:53:16.218+0000] {taskinstance.py:2648} INFO - Exporting env vars: AIRFLOW_CTX_DAG_OWNER='***' AIRFLOW_CTX_DAG_ID='f1_data_pipeline_taskflow' AIRFLOW_CTX_TASK_ID='load_constructorStandings_task' AIRFLOW_CTX_EXECUTION_DATE='2024-06-18T00:00:00+00:00' AIRFLOW_CTX_TRY_NUMBER='1' AIRFLOW_CTX_DAG_RUN_ID='scheduled__2024-06-18T00:00:00+00:00'
[2024-06-19T12:53:16.219+0000] {taskinstance.py:430} INFO - ::endgroup::
[2024-06-19T12:53:16.220+0000] {crypto.py:82} WARNING - empty cryptography key - values will not be stored encrypted.
[2024-06-19T12:53:16.220+0000] {base.py:84} INFO - Using connection ID 'sourcedb_connection' for task execution.
[2024-06-19T12:53:16.263+0000] {python.py:237} INFO - Done. Returned value was: None
[2024-06-19T12:53:16.264+0000] {taskinstance.py:441} INFO - ::group::Post task execution logs
[2024-06-19T12:53:16.273+0000] {taskinstance.py:1206} INFO - Marking task as SUCCESS. dag_id=f1_data_pipeline_taskflow, task_id=load_constructorStandings_task, run_id=scheduled__2024-06-18T00:00:00+00:00, execution_date=20240618T000000, start_date=20240619T125316, end_date=20240619T125316
[2024-06-19T12:53:16.335+0000] {local_task_job_runner.py:240} INFO - Task exited with return code 0
[2024-06-19T12:53:16.364+0000] {taskinstance.py:3498} INFO - 0 downstream tasks scheduled from follow-on schedule check
[2024-06-19T12:53:16.365+0000] {local_task_job_runner.py:222} INFO - ::endgroup::
[2024-06-19T13:03:17.440+0000] {local_task_job_runner.py:120} INFO - ::group::Pre task execution logs
[2024-06-19T13:03:17.456+0000] {taskinstance.py:2076} INFO - Dependencies all met for dep_context=non-requeueable deps ti=<TaskInstance: f1_data_pipeline_taskflow.load_constructorStandings_task scheduled__2024-06-18T00:00:00+00:00 [queued]>
[2024-06-19T13:03:17.462+0000] {taskinstance.py:2076} INFO - Dependencies all met for dep_context=requeueable deps ti=<TaskInstance: f1_data_pipeline_taskflow.load_constructorStandings_task scheduled__2024-06-18T00:00:00+00:00 [queued]>
[2024-06-19T13:03:17.462+0000] {taskinstance.py:2306} INFO - Starting attempt 1 of 1
[2024-06-19T13:03:17.471+0000] {taskinstance.py:2330} INFO - Executing <Task(_PythonDecoratedOperator): load_constructorStandings_task> on 2024-06-18 00:00:00+00:00
[2024-06-19T13:03:17.478+0000] {warnings.py:110} WARNING - /home/***/.local/lib/python3.12/site-packages/***/task/task_runner/standard_task_runner.py:61: DeprecationWarning: This process (pid=404) is multi-threaded, use of fork() may lead to deadlocks in the child.
  pid = os.fork()

[2024-06-19T13:03:17.479+0000] {standard_task_runner.py:63} INFO - Started process 411 to run task
[2024-06-19T13:03:17.479+0000] {standard_task_runner.py:90} INFO - Running: ['***', 'tasks', 'run', 'f1_data_pipeline_taskflow', 'load_constructorStandings_task', 'scheduled__2024-06-18T00:00:00+00:00', '--job-id', '20', '--raw', '--subdir', 'DAGS_FOLDER/etl_dag.py', '--cfg-path', '/tmp/tmpbtz7h8x8']
[2024-06-19T13:03:17.481+0000] {standard_task_runner.py:91} INFO - Job 20: Subtask load_constructorStandings_task
[2024-06-19T13:03:17.519+0000] {task_command.py:426} INFO - Running <TaskInstance: f1_data_pipeline_taskflow.load_constructorStandings_task scheduled__2024-06-18T00:00:00+00:00 [running]> on host 6fa64189ef34
[2024-06-19T13:03:17.630+0000] {taskinstance.py:2648} INFO - Exporting env vars: AIRFLOW_CTX_DAG_OWNER='***' AIRFLOW_CTX_DAG_ID='f1_data_pipeline_taskflow' AIRFLOW_CTX_TASK_ID='load_constructorStandings_task' AIRFLOW_CTX_EXECUTION_DATE='2024-06-18T00:00:00+00:00' AIRFLOW_CTX_TRY_NUMBER='1' AIRFLOW_CTX_DAG_RUN_ID='scheduled__2024-06-18T00:00:00+00:00'
[2024-06-19T13:03:17.631+0000] {taskinstance.py:430} INFO - ::endgroup::
[2024-06-19T13:03:17.632+0000] {crypto.py:82} WARNING - empty cryptography key - values will not be stored encrypted.
[2024-06-19T13:03:17.632+0000] {base.py:84} INFO - Using connection ID 'sourcedb_connection' for task execution.
[2024-06-19T13:03:17.676+0000] {python.py:237} INFO - Done. Returned value was: None
[2024-06-19T13:03:17.676+0000] {taskinstance.py:441} INFO - ::group::Post task execution logs
[2024-06-19T13:03:17.687+0000] {taskinstance.py:1206} INFO - Marking task as SUCCESS. dag_id=f1_data_pipeline_taskflow, task_id=load_constructorStandings_task, run_id=scheduled__2024-06-18T00:00:00+00:00, execution_date=20240618T000000, start_date=20240619T130317, end_date=20240619T130317
[2024-06-19T13:03:17.733+0000] {local_task_job_runner.py:240} INFO - Task exited with return code 0
[2024-06-19T13:03:17.772+0000] {taskinstance.py:3498} INFO - 0 downstream tasks scheduled from follow-on schedule check
[2024-06-19T13:03:17.779+0000] {local_task_job_runner.py:222} INFO - ::endgroup::
[2024-06-19T13:17:02.180+0000] {local_task_job_runner.py:120} INFO - ::group::Pre task execution logs
[2024-06-19T13:17:02.197+0000] {taskinstance.py:2076} INFO - Dependencies all met for dep_context=non-requeueable deps ti=<TaskInstance: f1_data_pipeline_taskflow.load_constructorStandings_task scheduled__2024-06-18T00:00:00+00:00 [queued]>
[2024-06-19T13:17:02.203+0000] {taskinstance.py:2076} INFO - Dependencies all met for dep_context=requeueable deps ti=<TaskInstance: f1_data_pipeline_taskflow.load_constructorStandings_task scheduled__2024-06-18T00:00:00+00:00 [queued]>
[2024-06-19T13:17:02.203+0000] {taskinstance.py:2306} INFO - Starting attempt 1 of 1
[2024-06-19T13:17:02.212+0000] {taskinstance.py:2330} INFO - Executing <Task(_PythonDecoratedOperator): load_constructorStandings_task> on 2024-06-18 00:00:00+00:00
[2024-06-19T13:17:02.219+0000] {warnings.py:110} WARNING - /home/***/.local/lib/python3.12/site-packages/***/task/task_runner/standard_task_runner.py:61: DeprecationWarning: This process (pid=426) is multi-threaded, use of fork() may lead to deadlocks in the child.
  pid = os.fork()

[2024-06-19T13:17:02.220+0000] {standard_task_runner.py:63} INFO - Started process 431 to run task
[2024-06-19T13:17:02.220+0000] {standard_task_runner.py:90} INFO - Running: ['***', 'tasks', 'run', 'f1_data_pipeline_taskflow', 'load_constructorStandings_task', 'scheduled__2024-06-18T00:00:00+00:00', '--job-id', '21', '--raw', '--subdir', 'DAGS_FOLDER/etl_dag.py', '--cfg-path', '/tmp/tmp5nxxvlxv']
[2024-06-19T13:17:02.221+0000] {standard_task_runner.py:91} INFO - Job 21: Subtask load_constructorStandings_task
[2024-06-19T13:17:02.259+0000] {task_command.py:426} INFO - Running <TaskInstance: f1_data_pipeline_taskflow.load_constructorStandings_task scheduled__2024-06-18T00:00:00+00:00 [running]> on host d5b44298ec9f
[2024-06-19T13:17:02.368+0000] {taskinstance.py:2648} INFO - Exporting env vars: AIRFLOW_CTX_DAG_OWNER='***' AIRFLOW_CTX_DAG_ID='f1_data_pipeline_taskflow' AIRFLOW_CTX_TASK_ID='load_constructorStandings_task' AIRFLOW_CTX_EXECUTION_DATE='2024-06-18T00:00:00+00:00' AIRFLOW_CTX_TRY_NUMBER='1' AIRFLOW_CTX_DAG_RUN_ID='scheduled__2024-06-18T00:00:00+00:00'
[2024-06-19T13:17:02.369+0000] {taskinstance.py:430} INFO - ::endgroup::
[2024-06-19T13:17:02.370+0000] {crypto.py:82} WARNING - empty cryptography key - values will not be stored encrypted.
[2024-06-19T13:17:02.371+0000] {base.py:84} INFO - Using connection ID 'sourcedb_connection' for task execution.
[2024-06-19T13:17:02.423+0000] {python.py:237} INFO - Done. Returned value was: None
[2024-06-19T13:17:02.424+0000] {taskinstance.py:441} INFO - ::group::Post task execution logs
[2024-06-19T13:17:02.435+0000] {taskinstance.py:1206} INFO - Marking task as SUCCESS. dag_id=f1_data_pipeline_taskflow, task_id=load_constructorStandings_task, run_id=scheduled__2024-06-18T00:00:00+00:00, execution_date=20240618T000000, start_date=20240619T131702, end_date=20240619T131702
[2024-06-19T13:17:02.514+0000] {local_task_job_runner.py:240} INFO - Task exited with return code 0
[2024-06-19T13:17:02.525+0000] {taskinstance.py:3498} INFO - 0 downstream tasks scheduled from follow-on schedule check
[2024-06-19T13:17:02.527+0000] {local_task_job_runner.py:222} INFO - ::endgroup::
[2024-06-19T13:27:30.317+0000] {local_task_job_runner.py:120} INFO - ::group::Pre task execution logs
[2024-06-19T13:27:30.333+0000] {taskinstance.py:2076} INFO - Dependencies all met for dep_context=non-requeueable deps ti=<TaskInstance: f1_data_pipeline_taskflow.load_constructorStandings_task scheduled__2024-06-18T00:00:00+00:00 [queued]>
[2024-06-19T13:27:30.338+0000] {taskinstance.py:2076} INFO - Dependencies all met for dep_context=requeueable deps ti=<TaskInstance: f1_data_pipeline_taskflow.load_constructorStandings_task scheduled__2024-06-18T00:00:00+00:00 [queued]>
[2024-06-19T13:27:30.339+0000] {taskinstance.py:2306} INFO - Starting attempt 1 of 1
[2024-06-19T13:27:30.349+0000] {taskinstance.py:2330} INFO - Executing <Task(_PythonDecoratedOperator): load_constructorStandings_task> on 2024-06-18 00:00:00+00:00
[2024-06-19T13:27:30.357+0000] {warnings.py:110} WARNING - /home/***/.local/lib/python3.12/site-packages/***/task/task_runner/standard_task_runner.py:61: DeprecationWarning: This process (pid=394) is multi-threaded, use of fork() may lead to deadlocks in the child.
  pid = os.fork()

[2024-06-19T13:27:30.358+0000] {standard_task_runner.py:63} INFO - Started process 404 to run task
[2024-06-19T13:27:30.359+0000] {standard_task_runner.py:90} INFO - Running: ['***', 'tasks', 'run', 'f1_data_pipeline_taskflow', 'load_constructorStandings_task', 'scheduled__2024-06-18T00:00:00+00:00', '--job-id', '21', '--raw', '--subdir', 'DAGS_FOLDER/etl_dag.py', '--cfg-path', '/tmp/tmpk5db6q2z']
[2024-06-19T13:27:30.360+0000] {standard_task_runner.py:91} INFO - Job 21: Subtask load_constructorStandings_task
[2024-06-19T13:27:30.398+0000] {task_command.py:426} INFO - Running <TaskInstance: f1_data_pipeline_taskflow.load_constructorStandings_task scheduled__2024-06-18T00:00:00+00:00 [running]> on host fc0cf0aa1225
[2024-06-19T13:27:30.504+0000] {taskinstance.py:2648} INFO - Exporting env vars: AIRFLOW_CTX_DAG_OWNER='***' AIRFLOW_CTX_DAG_ID='f1_data_pipeline_taskflow' AIRFLOW_CTX_TASK_ID='load_constructorStandings_task' AIRFLOW_CTX_EXECUTION_DATE='2024-06-18T00:00:00+00:00' AIRFLOW_CTX_TRY_NUMBER='1' AIRFLOW_CTX_DAG_RUN_ID='scheduled__2024-06-18T00:00:00+00:00'
[2024-06-19T13:27:30.505+0000] {taskinstance.py:430} INFO - ::endgroup::
[2024-06-19T13:27:30.506+0000] {crypto.py:82} WARNING - empty cryptography key - values will not be stored encrypted.
[2024-06-19T13:27:30.506+0000] {base.py:84} INFO - Using connection ID 'sourcedb_connection' for task execution.
[2024-06-19T13:27:30.552+0000] {python.py:237} INFO - Done. Returned value was: None
[2024-06-19T13:27:30.554+0000] {taskinstance.py:441} INFO - ::group::Post task execution logs
[2024-06-19T13:27:30.571+0000] {taskinstance.py:1206} INFO - Marking task as SUCCESS. dag_id=f1_data_pipeline_taskflow, task_id=load_constructorStandings_task, run_id=scheduled__2024-06-18T00:00:00+00:00, execution_date=20240618T000000, start_date=20240619T132730, end_date=20240619T132730
[2024-06-19T13:27:30.653+0000] {local_task_job_runner.py:240} INFO - Task exited with return code 0
[2024-06-19T13:27:30.670+0000] {taskinstance.py:3498} INFO - 0 downstream tasks scheduled from follow-on schedule check
[2024-06-19T13:27:30.672+0000] {local_task_job_runner.py:222} INFO - ::endgroup::
[2024-06-19T13:37:39.249+0000] {local_task_job_runner.py:120} INFO - ::group::Pre task execution logs
[2024-06-19T13:37:39.267+0000] {taskinstance.py:2076} INFO - Dependencies all met for dep_context=non-requeueable deps ti=<TaskInstance: f1_data_pipeline_taskflow.load_constructorStandings_task scheduled__2024-06-18T00:00:00+00:00 [queued]>
[2024-06-19T13:37:39.273+0000] {taskinstance.py:2076} INFO - Dependencies all met for dep_context=requeueable deps ti=<TaskInstance: f1_data_pipeline_taskflow.load_constructorStandings_task scheduled__2024-06-18T00:00:00+00:00 [queued]>
[2024-06-19T13:37:39.274+0000] {taskinstance.py:2306} INFO - Starting attempt 1 of 1
[2024-06-19T13:37:39.283+0000] {taskinstance.py:2330} INFO - Executing <Task(_PythonDecoratedOperator): load_constructorStandings_task> on 2024-06-18 00:00:00+00:00
[2024-06-19T13:37:39.290+0000] {warnings.py:110} WARNING - /home/***/.local/lib/python3.12/site-packages/***/task/task_runner/standard_task_runner.py:61: DeprecationWarning: This process (pid=397) is multi-threaded, use of fork() may lead to deadlocks in the child.
  pid = os.fork()

[2024-06-19T13:37:39.291+0000] {standard_task_runner.py:63} INFO - Started process 404 to run task
[2024-06-19T13:37:39.291+0000] {standard_task_runner.py:90} INFO - Running: ['***', 'tasks', 'run', 'f1_data_pipeline_taskflow', 'load_constructorStandings_task', 'scheduled__2024-06-18T00:00:00+00:00', '--job-id', '20', '--raw', '--subdir', 'DAGS_FOLDER/etl_dag.py', '--cfg-path', '/tmp/tmpansu5dxg']
[2024-06-19T13:37:39.293+0000] {standard_task_runner.py:91} INFO - Job 20: Subtask load_constructorStandings_task
[2024-06-19T13:37:39.331+0000] {task_command.py:426} INFO - Running <TaskInstance: f1_data_pipeline_taskflow.load_constructorStandings_task scheduled__2024-06-18T00:00:00+00:00 [running]> on host 790bccf90551
[2024-06-19T13:37:39.454+0000] {taskinstance.py:2648} INFO - Exporting env vars: AIRFLOW_CTX_DAG_OWNER='***' AIRFLOW_CTX_DAG_ID='f1_data_pipeline_taskflow' AIRFLOW_CTX_TASK_ID='load_constructorStandings_task' AIRFLOW_CTX_EXECUTION_DATE='2024-06-18T00:00:00+00:00' AIRFLOW_CTX_TRY_NUMBER='1' AIRFLOW_CTX_DAG_RUN_ID='scheduled__2024-06-18T00:00:00+00:00'
[2024-06-19T13:37:39.455+0000] {taskinstance.py:430} INFO - ::endgroup::
[2024-06-19T13:37:39.456+0000] {crypto.py:82} WARNING - empty cryptography key - values will not be stored encrypted.
[2024-06-19T13:37:39.456+0000] {base.py:84} INFO - Using connection ID 'sourcedb_connection' for task execution.
[2024-06-19T13:37:39.501+0000] {python.py:237} INFO - Done. Returned value was: None
[2024-06-19T13:37:39.502+0000] {taskinstance.py:441} INFO - ::group::Post task execution logs
[2024-06-19T13:37:39.508+0000] {taskinstance.py:1206} INFO - Marking task as SUCCESS. dag_id=f1_data_pipeline_taskflow, task_id=load_constructorStandings_task, run_id=scheduled__2024-06-18T00:00:00+00:00, execution_date=20240618T000000, start_date=20240619T133739, end_date=20240619T133739
[2024-06-19T13:37:39.544+0000] {local_task_job_runner.py:240} INFO - Task exited with return code 0
[2024-06-19T13:37:39.557+0000] {taskinstance.py:3498} INFO - 0 downstream tasks scheduled from follow-on schedule check
[2024-06-19T13:37:39.558+0000] {local_task_job_runner.py:222} INFO - ::endgroup::
[2024-06-19T14:01:22.858+0000] {local_task_job_runner.py:120} INFO - ::group::Pre task execution logs
[2024-06-19T14:01:22.996+0000] {taskinstance.py:2076} INFO - Dependencies all met for dep_context=non-requeueable deps ti=<TaskInstance: f1_data_pipeline_taskflow.load_constructorStandings_task scheduled__2024-06-18T00:00:00+00:00 [queued]>
[2024-06-19T14:01:23.002+0000] {taskinstance.py:2076} INFO - Dependencies all met for dep_context=requeueable deps ti=<TaskInstance: f1_data_pipeline_taskflow.load_constructorStandings_task scheduled__2024-06-18T00:00:00+00:00 [queued]>
[2024-06-19T14:01:23.002+0000] {taskinstance.py:2306} INFO - Starting attempt 1 of 1
[2024-06-19T14:01:23.011+0000] {taskinstance.py:2330} INFO - Executing <Task(_PythonDecoratedOperator): load_constructorStandings_task> on 2024-06-18 00:00:00+00:00
[2024-06-19T14:01:23.017+0000] {warnings.py:110} WARNING - /home/***/.local/lib/python3.12/site-packages/***/task/task_runner/standard_task_runner.py:61: DeprecationWarning: This process (pid=399) is multi-threaded, use of fork() may lead to deadlocks in the child.
  pid = os.fork()

[2024-06-19T14:01:23.018+0000] {standard_task_runner.py:63} INFO - Started process 406 to run task
[2024-06-19T14:01:23.018+0000] {standard_task_runner.py:90} INFO - Running: ['***', 'tasks', 'run', 'f1_data_pipeline_taskflow', 'load_constructorStandings_task', 'scheduled__2024-06-18T00:00:00+00:00', '--job-id', '22', '--raw', '--subdir', 'DAGS_FOLDER/etl_dag.py', '--cfg-path', '/tmp/tmpemw_ywzk']
[2024-06-19T14:01:23.020+0000] {standard_task_runner.py:91} INFO - Job 22: Subtask load_constructorStandings_task
[2024-06-19T14:01:23.056+0000] {task_command.py:426} INFO - Running <TaskInstance: f1_data_pipeline_taskflow.load_constructorStandings_task scheduled__2024-06-18T00:00:00+00:00 [running]> on host 0ff0d3189758
[2024-06-19T14:01:23.165+0000] {taskinstance.py:2648} INFO - Exporting env vars: AIRFLOW_CTX_DAG_OWNER='***' AIRFLOW_CTX_DAG_ID='f1_data_pipeline_taskflow' AIRFLOW_CTX_TASK_ID='load_constructorStandings_task' AIRFLOW_CTX_EXECUTION_DATE='2024-06-18T00:00:00+00:00' AIRFLOW_CTX_TRY_NUMBER='1' AIRFLOW_CTX_DAG_RUN_ID='scheduled__2024-06-18T00:00:00+00:00'
[2024-06-19T14:01:23.166+0000] {taskinstance.py:430} INFO - ::endgroup::
[2024-06-19T14:01:23.167+0000] {crypto.py:82} WARNING - empty cryptography key - values will not be stored encrypted.
[2024-06-19T14:01:23.167+0000] {base.py:84} INFO - Using connection ID 'sourcedb_connection' for task execution.
[2024-06-19T14:01:23.211+0000] {python.py:237} INFO - Done. Returned value was: None
[2024-06-19T14:01:23.212+0000] {taskinstance.py:441} INFO - ::group::Post task execution logs
[2024-06-19T14:01:23.227+0000] {taskinstance.py:1206} INFO - Marking task as SUCCESS. dag_id=f1_data_pipeline_taskflow, task_id=load_constructorStandings_task, run_id=scheduled__2024-06-18T00:00:00+00:00, execution_date=20240618T000000, start_date=20240619T140122, end_date=20240619T140123
[2024-06-19T14:01:23.272+0000] {local_task_job_runner.py:240} INFO - Task exited with return code 0
[2024-06-19T14:01:23.293+0000] {taskinstance.py:3498} INFO - 0 downstream tasks scheduled from follow-on schedule check
[2024-06-19T14:01:23.299+0000] {local_task_job_runner.py:222} INFO - ::endgroup::
[2024-06-19T14:05:00.518+0000] {local_task_job_runner.py:120} INFO - ::group::Pre task execution logs
[2024-06-19T14:05:00.537+0000] {taskinstance.py:2076} INFO - Dependencies all met for dep_context=non-requeueable deps ti=<TaskInstance: f1_data_pipeline_taskflow.load_constructorStandings_task scheduled__2024-06-18T00:00:00+00:00 [queued]>
[2024-06-19T14:05:00.548+0000] {taskinstance.py:2076} INFO - Dependencies all met for dep_context=requeueable deps ti=<TaskInstance: f1_data_pipeline_taskflow.load_constructorStandings_task scheduled__2024-06-18T00:00:00+00:00 [queued]>
[2024-06-19T14:05:00.548+0000] {taskinstance.py:2306} INFO - Starting attempt 1 of 1
[2024-06-19T14:05:00.557+0000] {taskinstance.py:2330} INFO - Executing <Task(_PythonDecoratedOperator): load_constructorStandings_task> on 2024-06-18 00:00:00+00:00
[2024-06-19T14:05:00.564+0000] {warnings.py:110} WARNING - /home/***/.local/lib/python3.12/site-packages/***/task/task_runner/standard_task_runner.py:61: DeprecationWarning: This process (pid=397) is multi-threaded, use of fork() may lead to deadlocks in the child.
  pid = os.fork()

[2024-06-19T14:05:00.565+0000] {standard_task_runner.py:63} INFO - Started process 406 to run task
[2024-06-19T14:05:00.565+0000] {standard_task_runner.py:90} INFO - Running: ['***', 'tasks', 'run', 'f1_data_pipeline_taskflow', 'load_constructorStandings_task', 'scheduled__2024-06-18T00:00:00+00:00', '--job-id', '22', '--raw', '--subdir', 'DAGS_FOLDER/etl_dag.py', '--cfg-path', '/tmp/tmp8u_w65at']
[2024-06-19T14:05:00.567+0000] {standard_task_runner.py:91} INFO - Job 22: Subtask load_constructorStandings_task
[2024-06-19T14:05:00.603+0000] {task_command.py:426} INFO - Running <TaskInstance: f1_data_pipeline_taskflow.load_constructorStandings_task scheduled__2024-06-18T00:00:00+00:00 [running]> on host dc92dd71b4a2
[2024-06-19T14:05:00.706+0000] {taskinstance.py:2648} INFO - Exporting env vars: AIRFLOW_CTX_DAG_OWNER='***' AIRFLOW_CTX_DAG_ID='f1_data_pipeline_taskflow' AIRFLOW_CTX_TASK_ID='load_constructorStandings_task' AIRFLOW_CTX_EXECUTION_DATE='2024-06-18T00:00:00+00:00' AIRFLOW_CTX_TRY_NUMBER='1' AIRFLOW_CTX_DAG_RUN_ID='scheduled__2024-06-18T00:00:00+00:00'
[2024-06-19T14:05:00.707+0000] {taskinstance.py:430} INFO - ::endgroup::
[2024-06-19T14:05:00.708+0000] {crypto.py:82} WARNING - empty cryptography key - values will not be stored encrypted.
[2024-06-19T14:05:00.708+0000] {base.py:84} INFO - Using connection ID 'sourcedb_connection' for task execution.
[2024-06-19T14:05:00.756+0000] {python.py:237} INFO - Done. Returned value was: None
[2024-06-19T14:05:00.757+0000] {taskinstance.py:441} INFO - ::group::Post task execution logs
[2024-06-19T14:05:00.769+0000] {taskinstance.py:1206} INFO - Marking task as SUCCESS. dag_id=f1_data_pipeline_taskflow, task_id=load_constructorStandings_task, run_id=scheduled__2024-06-18T00:00:00+00:00, execution_date=20240618T000000, start_date=20240619T140500, end_date=20240619T140500
[2024-06-19T14:05:00.818+0000] {local_task_job_runner.py:240} INFO - Task exited with return code 0
[2024-06-19T14:05:00.837+0000] {taskinstance.py:3498} INFO - 0 downstream tasks scheduled from follow-on schedule check
[2024-06-19T14:05:00.838+0000] {local_task_job_runner.py:222} INFO - ::endgroup::
[2024-06-19T14:14:00.365+0000] {local_task_job_runner.py:120} INFO - ::group::Pre task execution logs
[2024-06-19T14:14:00.382+0000] {taskinstance.py:2076} INFO - Dependencies all met for dep_context=non-requeueable deps ti=<TaskInstance: f1_data_pipeline_taskflow.load_constructorStandings_task scheduled__2024-06-18T00:00:00+00:00 [queued]>
[2024-06-19T14:14:00.389+0000] {taskinstance.py:2076} INFO - Dependencies all met for dep_context=requeueable deps ti=<TaskInstance: f1_data_pipeline_taskflow.load_constructorStandings_task scheduled__2024-06-18T00:00:00+00:00 [queued]>
[2024-06-19T14:14:00.389+0000] {taskinstance.py:2306} INFO - Starting attempt 1 of 1
[2024-06-19T14:14:00.398+0000] {taskinstance.py:2330} INFO - Executing <Task(_PythonDecoratedOperator): load_constructorStandings_task> on 2024-06-18 00:00:00+00:00
[2024-06-19T14:14:00.405+0000] {warnings.py:110} WARNING - /home/***/.local/lib/python3.12/site-packages/***/task/task_runner/standard_task_runner.py:61: DeprecationWarning: This process (pid=434) is multi-threaded, use of fork() may lead to deadlocks in the child.
  pid = os.fork()

[2024-06-19T14:14:00.406+0000] {standard_task_runner.py:63} INFO - Started process 440 to run task
[2024-06-19T14:14:00.406+0000] {standard_task_runner.py:90} INFO - Running: ['***', 'tasks', 'run', 'f1_data_pipeline_taskflow', 'load_constructorStandings_task', 'scheduled__2024-06-18T00:00:00+00:00', '--job-id', '20', '--raw', '--subdir', 'DAGS_FOLDER/etl_dag.py', '--cfg-path', '/tmp/tmpmsk6g32a']
[2024-06-19T14:14:00.408+0000] {standard_task_runner.py:91} INFO - Job 20: Subtask load_constructorStandings_task
[2024-06-19T14:14:00.448+0000] {task_command.py:426} INFO - Running <TaskInstance: f1_data_pipeline_taskflow.load_constructorStandings_task scheduled__2024-06-18T00:00:00+00:00 [running]> on host 2acd74b25e37
[2024-06-19T14:14:00.564+0000] {taskinstance.py:2648} INFO - Exporting env vars: AIRFLOW_CTX_DAG_OWNER='***' AIRFLOW_CTX_DAG_ID='f1_data_pipeline_taskflow' AIRFLOW_CTX_TASK_ID='load_constructorStandings_task' AIRFLOW_CTX_EXECUTION_DATE='2024-06-18T00:00:00+00:00' AIRFLOW_CTX_TRY_NUMBER='1' AIRFLOW_CTX_DAG_RUN_ID='scheduled__2024-06-18T00:00:00+00:00'
[2024-06-19T14:14:00.566+0000] {taskinstance.py:430} INFO - ::endgroup::
[2024-06-19T14:14:00.567+0000] {crypto.py:82} WARNING - empty cryptography key - values will not be stored encrypted.
[2024-06-19T14:14:00.568+0000] {base.py:84} INFO - Using connection ID 'sourcedb_connection' for task execution.
[2024-06-19T14:14:00.618+0000] {python.py:237} INFO - Done. Returned value was: None
[2024-06-19T14:14:00.618+0000] {taskinstance.py:441} INFO - ::group::Post task execution logs
[2024-06-19T14:14:00.626+0000] {taskinstance.py:1206} INFO - Marking task as SUCCESS. dag_id=f1_data_pipeline_taskflow, task_id=load_constructorStandings_task, run_id=scheduled__2024-06-18T00:00:00+00:00, execution_date=20240618T000000, start_date=20240619T141400, end_date=20240619T141400
[2024-06-19T14:14:00.660+0000] {local_task_job_runner.py:240} INFO - Task exited with return code 0
[2024-06-19T14:14:00.691+0000] {taskinstance.py:3498} INFO - 0 downstream tasks scheduled from follow-on schedule check
[2024-06-19T14:14:00.693+0000] {local_task_job_runner.py:222} INFO - ::endgroup::
[2024-06-19T14:25:56.253+0000] {local_task_job_runner.py:120} INFO - ::group::Pre task execution logs
[2024-06-19T14:25:56.270+0000] {taskinstance.py:2076} INFO - Dependencies all met for dep_context=non-requeueable deps ti=<TaskInstance: f1_data_pipeline_taskflow.load_constructorStandings_task scheduled__2024-06-18T00:00:00+00:00 [queued]>
[2024-06-19T14:25:56.276+0000] {taskinstance.py:2076} INFO - Dependencies all met for dep_context=requeueable deps ti=<TaskInstance: f1_data_pipeline_taskflow.load_constructorStandings_task scheduled__2024-06-18T00:00:00+00:00 [queued]>
[2024-06-19T14:25:56.276+0000] {taskinstance.py:2306} INFO - Starting attempt 1 of 1
[2024-06-19T14:25:56.286+0000] {taskinstance.py:2330} INFO - Executing <Task(_PythonDecoratedOperator): load_constructorStandings_task> on 2024-06-18 00:00:00+00:00
[2024-06-19T14:25:56.292+0000] {warnings.py:110} WARNING - /home/***/.local/lib/python3.12/site-packages/***/task/task_runner/standard_task_runner.py:61: DeprecationWarning: This process (pid=322) is multi-threaded, use of fork() may lead to deadlocks in the child.
  pid = os.fork()

[2024-06-19T14:25:56.293+0000] {standard_task_runner.py:63} INFO - Started process 394 to run task
[2024-06-19T14:25:56.293+0000] {standard_task_runner.py:90} INFO - Running: ['***', 'tasks', 'run', 'f1_data_pipeline_taskflow', 'load_constructorStandings_task', 'scheduled__2024-06-18T00:00:00+00:00', '--job-id', '20', '--raw', '--subdir', 'DAGS_FOLDER/etl_dag.py', '--cfg-path', '/tmp/tmpgc0415va']
[2024-06-19T14:25:56.295+0000] {standard_task_runner.py:91} INFO - Job 20: Subtask load_constructorStandings_task
[2024-06-19T14:25:56.335+0000] {task_command.py:426} INFO - Running <TaskInstance: f1_data_pipeline_taskflow.load_constructorStandings_task scheduled__2024-06-18T00:00:00+00:00 [running]> on host 7f714baf6013
[2024-06-19T14:25:56.436+0000] {taskinstance.py:2648} INFO - Exporting env vars: AIRFLOW_CTX_DAG_OWNER='***' AIRFLOW_CTX_DAG_ID='f1_data_pipeline_taskflow' AIRFLOW_CTX_TASK_ID='load_constructorStandings_task' AIRFLOW_CTX_EXECUTION_DATE='2024-06-18T00:00:00+00:00' AIRFLOW_CTX_TRY_NUMBER='1' AIRFLOW_CTX_DAG_RUN_ID='scheduled__2024-06-18T00:00:00+00:00'
[2024-06-19T14:25:56.437+0000] {taskinstance.py:430} INFO - ::endgroup::
[2024-06-19T14:25:56.438+0000] {crypto.py:82} WARNING - empty cryptography key - values will not be stored encrypted.
[2024-06-19T14:25:56.439+0000] {base.py:84} INFO - Using connection ID 'sourcedb_connection' for task execution.
[2024-06-19T14:25:56.483+0000] {python.py:237} INFO - Done. Returned value was: None
[2024-06-19T14:25:56.483+0000] {taskinstance.py:441} INFO - ::group::Post task execution logs
[2024-06-19T14:25:56.490+0000] {taskinstance.py:1206} INFO - Marking task as SUCCESS. dag_id=f1_data_pipeline_taskflow, task_id=load_constructorStandings_task, run_id=scheduled__2024-06-18T00:00:00+00:00, execution_date=20240618T000000, start_date=20240619T142556, end_date=20240619T142556
[2024-06-19T14:25:56.506+0000] {local_task_job_runner.py:240} INFO - Task exited with return code 0
[2024-06-19T14:25:56.519+0000] {taskinstance.py:3498} INFO - 0 downstream tasks scheduled from follow-on schedule check
[2024-06-19T14:25:56.520+0000] {local_task_job_runner.py:222} INFO - ::endgroup::
