[2024-05-31T08:35:56.798+0000] {local_task_job_runner.py:120} INFO - ::group::Pre task execution logs
[2024-05-31T08:35:56.811+0000] {taskinstance.py:2076} INFO - Dependencies all met for dep_context=non-requeueable deps ti=<TaskInstance: f1_data_pipeline_taskflow.driverDim_transform manual__2024-05-31T08:35:25.288274+00:00 [queued]>
[2024-05-31T08:35:56.815+0000] {taskinstance.py:2076} INFO - Dependencies all met for dep_context=requeueable deps ti=<TaskInstance: f1_data_pipeline_taskflow.driverDim_transform manual__2024-05-31T08:35:25.288274+00:00 [queued]>
[2024-05-31T08:35:56.815+0000] {taskinstance.py:2306} INFO - Starting attempt 1 of 1
[2024-05-31T08:35:56.823+0000] {taskinstance.py:2330} INFO - Executing <Task(_PythonDecoratedOperator): driverDim_transform> on 2024-05-31 08:35:25.288274+00:00
[2024-05-31T08:35:56.828+0000] {warnings.py:110} WARNING - /home/***/.local/lib/python3.12/site-packages/***/task/task_runner/standard_task_runner.py:61: DeprecationWarning: This process (pid=182) is multi-threaded, use of fork() may lead to deadlocks in the child.
  pid = os.fork()

[2024-05-31T08:35:56.828+0000] {standard_task_runner.py:63} INFO - Started process 184 to run task
[2024-05-31T08:35:56.829+0000] {standard_task_runner.py:90} INFO - Running: ['***', 'tasks', 'run', 'f1_data_pipeline_taskflow', 'driverDim_transform', 'manual__2024-05-31T08:35:25.288274+00:00', '--job-id', '6', '--raw', '--subdir', 'DAGS_FOLDER/etl_dag.py', '--cfg-path', '/tmp/tmpxkpn_06a']
[2024-05-31T08:35:56.830+0000] {standard_task_runner.py:91} INFO - Job 6: Subtask driverDim_transform
[2024-05-31T08:35:56.859+0000] {task_command.py:426} INFO - Running <TaskInstance: f1_data_pipeline_taskflow.driverDim_transform manual__2024-05-31T08:35:25.288274+00:00 [running]> on host 0a3ae7550493
[2024-05-31T08:35:57.476+0000] {taskinstance.py:2648} INFO - Exporting env vars: AIRFLOW_CTX_DAG_OWNER='***' AIRFLOW_CTX_DAG_ID='f1_data_pipeline_taskflow' AIRFLOW_CTX_TASK_ID='driverDim_transform' AIRFLOW_CTX_EXECUTION_DATE='2024-05-31T08:35:25.288274+00:00' AIRFLOW_CTX_TRY_NUMBER='1' AIRFLOW_CTX_DAG_RUN_ID='manual__2024-05-31T08:35:25.288274+00:00'
[2024-05-31T08:35:57.477+0000] {taskinstance.py:430} INFO - ::endgroup::
[2024-05-31T08:35:57.630+0000] {python.py:237} INFO - Done. Returned value was:         driverId  ...                                              url
0             18  ...       http://en.wikipedia.org/wiki/Jenson_Button
116            1  ...      http://en.wikipedia.org/wiki/Lewis_Hamilton
3392          18  ...       http://en.wikipedia.org/wiki/Jenson_Button
3566         815  ...   http://en.wikipedia.org/wiki/Sergio_P%C3%A9rez
7252          18  ...       http://en.wikipedia.org/wiki/Jenson_Button
...          ...  ...                                              ...
442401       829  ...        http://en.wikipedia.org/wiki/Will_Stevens
442485       833  ...       http://en.wikipedia.org/wiki/Roberto_Merhi
442957       837  ...        http://en.wikipedia.org/wiki/Rio_Haryanto
461496       841  ...  http://en.wikipedia.org/wiki/Antonio_Giovinazzi
495951       814  ...       http://en.wikipedia.org/wiki/Paul_di_Resta

[104 rows x 9 columns]
[2024-05-31T08:35:57.644+0000] {taskinstance.py:441} INFO - ::group::Post task execution logs
[2024-05-31T08:35:57.665+0000] {taskinstance.py:1206} INFO - Marking task as SUCCESS. dag_id=f1_data_pipeline_taskflow, task_id=driverDim_transform, run_id=manual__2024-05-31T08:35:25.288274+00:00, execution_date=20240531T083525, start_date=20240531T083556, end_date=20240531T083557
[2024-05-31T08:35:57.684+0000] {local_task_job_runner.py:240} INFO - Task exited with return code 0
[2024-05-31T08:35:57.696+0000] {taskinstance.py:3498} INFO - 0 downstream tasks scheduled from follow-on schedule check
[2024-05-31T08:35:57.697+0000] {local_task_job_runner.py:222} INFO - ::endgroup::
