[2024-06-06T07:57:03.475+0000] {local_task_job_runner.py:120} INFO - ::group::Pre task execution logs
[2024-06-06T07:57:03.491+0000] {taskinstance.py:2076} INFO - Dependencies all met for dep_context=non-requeueable deps ti=<TaskInstance: f1_data_pipeline_taskflow.load_race_task scheduled__2024-06-05T00:00:00+00:00 [queued]>
[2024-06-06T07:57:03.497+0000] {taskinstance.py:2076} INFO - Dependencies all met for dep_context=requeueable deps ti=<TaskInstance: f1_data_pipeline_taskflow.load_race_task scheduled__2024-06-05T00:00:00+00:00 [queued]>
[2024-06-06T07:57:03.497+0000] {taskinstance.py:2306} INFO - Starting attempt 1 of 1
[2024-06-06T07:57:03.505+0000] {taskinstance.py:2330} INFO - Executing <Task(_PythonDecoratedOperator): load_race_task> on 2024-06-05 00:00:00+00:00
[2024-06-06T07:57:03.512+0000] {warnings.py:110} WARNING - /home/***/.local/lib/python3.12/site-packages/***/task/task_runner/standard_task_runner.py:61: DeprecationWarning: This process (pid=882) is multi-threaded, use of fork() may lead to deadlocks in the child.
  pid = os.fork()

[2024-06-06T07:57:03.514+0000] {standard_task_runner.py:63} INFO - Started process 886 to run task
[2024-06-06T07:57:03.513+0000] {standard_task_runner.py:90} INFO - Running: ['***', 'tasks', 'run', 'f1_data_pipeline_taskflow', 'load_race_task', 'scheduled__2024-06-05T00:00:00+00:00', '--job-id', '22', '--raw', '--subdir', 'DAGS_FOLDER/etl_dag.py', '--cfg-path', '/tmp/tmp4_t6mi1u']
[2024-06-06T07:57:03.515+0000] {standard_task_runner.py:91} INFO - Job 22: Subtask load_race_task
[2024-06-06T07:57:03.548+0000] {task_command.py:426} INFO - Running <TaskInstance: f1_data_pipeline_taskflow.load_race_task scheduled__2024-06-05T00:00:00+00:00 [running]> on host 08774e8514f7
[2024-06-06T07:57:03.654+0000] {taskinstance.py:2648} INFO - Exporting env vars: AIRFLOW_CTX_DAG_OWNER='***' AIRFLOW_CTX_DAG_ID='f1_data_pipeline_taskflow' AIRFLOW_CTX_TASK_ID='load_race_task' AIRFLOW_CTX_EXECUTION_DATE='2024-06-05T00:00:00+00:00' AIRFLOW_CTX_TRY_NUMBER='1' AIRFLOW_CTX_DAG_RUN_ID='scheduled__2024-06-05T00:00:00+00:00'
[2024-06-06T07:57:03.655+0000] {taskinstance.py:430} INFO - ::endgroup::
[2024-06-06T07:57:03.656+0000] {crypto.py:82} WARNING - empty cryptography key - values will not be stored encrypted.
[2024-06-06T07:57:03.656+0000] {base.py:84} INFO - Using connection ID 'sourcedb_connection' for task execution.
[2024-06-06T07:57:03.676+0000] {python.py:237} INFO - Done. Returned value was: None
[2024-06-06T07:57:03.677+0000] {taskinstance.py:441} INFO - ::group::Post task execution logs
[2024-06-06T07:57:03.684+0000] {taskinstance.py:1206} INFO - Marking task as SUCCESS. dag_id=f1_data_pipeline_taskflow, task_id=load_race_task, run_id=scheduled__2024-06-05T00:00:00+00:00, execution_date=20240605T000000, start_date=20240606T075703, end_date=20240606T075703
[2024-06-06T07:57:03.727+0000] {local_task_job_runner.py:240} INFO - Task exited with return code 0
[2024-06-06T07:57:03.762+0000] {taskinstance.py:3498} INFO - 4 downstream tasks scheduled from follow-on schedule check
[2024-06-06T07:57:03.767+0000] {local_task_job_runner.py:222} INFO - ::endgroup::
[2024-06-06T08:56:49.272+0000] {local_task_job_runner.py:120} INFO - ::group::Pre task execution logs
[2024-06-06T08:56:49.299+0000] {taskinstance.py:2076} INFO - Dependencies all met for dep_context=non-requeueable deps ti=<TaskInstance: f1_data_pipeline_taskflow.load_race_task scheduled__2024-06-05T00:00:00+00:00 [queued]>
[2024-06-06T08:56:49.309+0000] {taskinstance.py:2076} INFO - Dependencies all met for dep_context=requeueable deps ti=<TaskInstance: f1_data_pipeline_taskflow.load_race_task scheduled__2024-06-05T00:00:00+00:00 [queued]>
[2024-06-06T08:56:49.309+0000] {taskinstance.py:2306} INFO - Starting attempt 1 of 1
[2024-06-06T08:56:49.321+0000] {taskinstance.py:2330} INFO - Executing <Task(_PythonDecoratedOperator): load_race_task> on 2024-06-05 00:00:00+00:00
[2024-06-06T08:56:49.330+0000] {warnings.py:110} WARNING - /home/***/.local/lib/python3.12/site-packages/***/task/task_runner/standard_task_runner.py:61: DeprecationWarning: This process (pid=462) is multi-threaded, use of fork() may lead to deadlocks in the child.
  pid = os.fork()

[2024-06-06T08:56:49.331+0000] {standard_task_runner.py:63} INFO - Started process 467 to run task
[2024-06-06T08:56:49.332+0000] {standard_task_runner.py:90} INFO - Running: ['***', 'tasks', 'run', 'f1_data_pipeline_taskflow', 'load_race_task', 'scheduled__2024-06-05T00:00:00+00:00', '--job-id', '27', '--raw', '--subdir', 'DAGS_FOLDER/etl_dag.py', '--cfg-path', '/tmp/tmpg1darz6a']
[2024-06-06T08:56:49.334+0000] {standard_task_runner.py:91} INFO - Job 27: Subtask load_race_task
[2024-06-06T08:56:49.373+0000] {task_command.py:426} INFO - Running <TaskInstance: f1_data_pipeline_taskflow.load_race_task scheduled__2024-06-05T00:00:00+00:00 [running]> on host 92fdeb90b6dc
[2024-06-06T08:56:49.483+0000] {taskinstance.py:2648} INFO - Exporting env vars: AIRFLOW_CTX_DAG_OWNER='***' AIRFLOW_CTX_DAG_ID='f1_data_pipeline_taskflow' AIRFLOW_CTX_TASK_ID='load_race_task' AIRFLOW_CTX_EXECUTION_DATE='2024-06-05T00:00:00+00:00' AIRFLOW_CTX_TRY_NUMBER='1' AIRFLOW_CTX_DAG_RUN_ID='scheduled__2024-06-05T00:00:00+00:00'
[2024-06-06T08:56:49.484+0000] {taskinstance.py:430} INFO - ::endgroup::
[2024-06-06T08:56:49.485+0000] {crypto.py:82} WARNING - empty cryptography key - values will not be stored encrypted.
[2024-06-06T08:56:49.485+0000] {base.py:84} INFO - Using connection ID 'sourcedb_connection' for task execution.
[2024-06-06T08:56:49.508+0000] {python.py:237} INFO - Done. Returned value was: None
[2024-06-06T08:56:49.509+0000] {taskinstance.py:441} INFO - ::group::Post task execution logs
[2024-06-06T08:56:49.519+0000] {taskinstance.py:1206} INFO - Marking task as SUCCESS. dag_id=f1_data_pipeline_taskflow, task_id=load_race_task, run_id=scheduled__2024-06-05T00:00:00+00:00, execution_date=20240605T000000, start_date=20240606T085649, end_date=20240606T085649
[2024-06-06T08:56:49.547+0000] {local_task_job_runner.py:240} INFO - Task exited with return code 0
[2024-06-06T08:56:49.610+0000] {taskinstance.py:3498} INFO - 4 downstream tasks scheduled from follow-on schedule check
[2024-06-06T08:56:49.613+0000] {local_task_job_runner.py:222} INFO - ::endgroup::
[2024-06-06T09:16:55.744+0000] {local_task_job_runner.py:120} INFO - ::group::Pre task execution logs
[2024-06-06T09:16:55.761+0000] {taskinstance.py:2076} INFO - Dependencies all met for dep_context=non-requeueable deps ti=<TaskInstance: f1_data_pipeline_taskflow.load_race_task scheduled__2024-06-05T00:00:00+00:00 [queued]>
[2024-06-06T09:16:55.768+0000] {taskinstance.py:2076} INFO - Dependencies all met for dep_context=requeueable deps ti=<TaskInstance: f1_data_pipeline_taskflow.load_race_task scheduled__2024-06-05T00:00:00+00:00 [queued]>
[2024-06-06T09:16:55.768+0000] {taskinstance.py:2306} INFO - Starting attempt 1 of 1
[2024-06-06T09:16:55.777+0000] {taskinstance.py:2330} INFO - Executing <Task(_PythonDecoratedOperator): load_race_task> on 2024-06-05 00:00:00+00:00
[2024-06-06T09:16:55.784+0000] {warnings.py:110} WARNING - /home/***/.local/lib/python3.12/site-packages/***/task/task_runner/standard_task_runner.py:61: DeprecationWarning: This process (pid=465) is multi-threaded, use of fork() may lead to deadlocks in the child.
  pid = os.fork()

[2024-06-06T09:16:55.785+0000] {standard_task_runner.py:63} INFO - Started process 468 to run task
[2024-06-06T09:16:55.785+0000] {standard_task_runner.py:90} INFO - Running: ['***', 'tasks', 'run', 'f1_data_pipeline_taskflow', 'load_race_task', 'scheduled__2024-06-05T00:00:00+00:00', '--job-id', '23', '--raw', '--subdir', 'DAGS_FOLDER/etl_dag.py', '--cfg-path', '/tmp/tmplazdyn_u']
[2024-06-06T09:16:55.787+0000] {standard_task_runner.py:91} INFO - Job 23: Subtask load_race_task
[2024-06-06T09:16:55.822+0000] {task_command.py:426} INFO - Running <TaskInstance: f1_data_pipeline_taskflow.load_race_task scheduled__2024-06-05T00:00:00+00:00 [running]> on host 51c6f3587312
[2024-06-06T09:16:55.939+0000] {taskinstance.py:2648} INFO - Exporting env vars: AIRFLOW_CTX_DAG_OWNER='***' AIRFLOW_CTX_DAG_ID='f1_data_pipeline_taskflow' AIRFLOW_CTX_TASK_ID='load_race_task' AIRFLOW_CTX_EXECUTION_DATE='2024-06-05T00:00:00+00:00' AIRFLOW_CTX_TRY_NUMBER='1' AIRFLOW_CTX_DAG_RUN_ID='scheduled__2024-06-05T00:00:00+00:00'
[2024-06-06T09:16:55.940+0000] {taskinstance.py:430} INFO - ::endgroup::
[2024-06-06T09:16:55.941+0000] {crypto.py:82} WARNING - empty cryptography key - values will not be stored encrypted.
[2024-06-06T09:16:55.942+0000] {base.py:84} INFO - Using connection ID 'sourcedb_connection' for task execution.
[2024-06-06T09:16:55.968+0000] {python.py:237} INFO - Done. Returned value was: None
[2024-06-06T09:16:55.969+0000] {taskinstance.py:441} INFO - ::group::Post task execution logs
[2024-06-06T09:16:55.977+0000] {taskinstance.py:1206} INFO - Marking task as SUCCESS. dag_id=f1_data_pipeline_taskflow, task_id=load_race_task, run_id=scheduled__2024-06-05T00:00:00+00:00, execution_date=20240605T000000, start_date=20240606T091655, end_date=20240606T091655
[2024-06-06T09:16:55.998+0000] {local_task_job_runner.py:240} INFO - Task exited with return code 0
[2024-06-06T09:16:56.022+0000] {taskinstance.py:3498} INFO - 4 downstream tasks scheduled from follow-on schedule check
[2024-06-06T09:16:56.024+0000] {local_task_job_runner.py:222} INFO - ::endgroup::
[2024-06-06T09:36:14.506+0000] {local_task_job_runner.py:120} INFO - ::group::Pre task execution logs
[2024-06-06T09:36:14.524+0000] {taskinstance.py:2076} INFO - Dependencies all met for dep_context=non-requeueable deps ti=<TaskInstance: f1_data_pipeline_taskflow.load_race_task scheduled__2024-06-05T00:00:00+00:00 [queued]>
[2024-06-06T09:36:14.530+0000] {taskinstance.py:2076} INFO - Dependencies all met for dep_context=requeueable deps ti=<TaskInstance: f1_data_pipeline_taskflow.load_race_task scheduled__2024-06-05T00:00:00+00:00 [queued]>
[2024-06-06T09:36:14.531+0000] {taskinstance.py:2306} INFO - Starting attempt 1 of 1
[2024-06-06T09:36:14.539+0000] {taskinstance.py:2330} INFO - Executing <Task(_PythonDecoratedOperator): load_race_task> on 2024-06-05 00:00:00+00:00
[2024-06-06T09:36:14.545+0000] {warnings.py:110} WARNING - /home/***/.local/lib/python3.12/site-packages/***/task/task_runner/standard_task_runner.py:61: DeprecationWarning: This process (pid=465) is multi-threaded, use of fork() may lead to deadlocks in the child.
  pid = os.fork()

[2024-06-06T09:36:14.546+0000] {standard_task_runner.py:63} INFO - Started process 469 to run task
[2024-06-06T09:36:14.547+0000] {standard_task_runner.py:90} INFO - Running: ['***', 'tasks', 'run', 'f1_data_pipeline_taskflow', 'load_race_task', 'scheduled__2024-06-05T00:00:00+00:00', '--job-id', '25', '--raw', '--subdir', 'DAGS_FOLDER/etl_dag.py', '--cfg-path', '/tmp/tmpqj48pa5d']
[2024-06-06T09:36:14.548+0000] {standard_task_runner.py:91} INFO - Job 25: Subtask load_race_task
[2024-06-06T09:36:14.586+0000] {task_command.py:426} INFO - Running <TaskInstance: f1_data_pipeline_taskflow.load_race_task scheduled__2024-06-05T00:00:00+00:00 [running]> on host 65a3ac1acc01
[2024-06-06T09:36:14.704+0000] {taskinstance.py:2648} INFO - Exporting env vars: AIRFLOW_CTX_DAG_OWNER='***' AIRFLOW_CTX_DAG_ID='f1_data_pipeline_taskflow' AIRFLOW_CTX_TASK_ID='load_race_task' AIRFLOW_CTX_EXECUTION_DATE='2024-06-05T00:00:00+00:00' AIRFLOW_CTX_TRY_NUMBER='1' AIRFLOW_CTX_DAG_RUN_ID='scheduled__2024-06-05T00:00:00+00:00'
[2024-06-06T09:36:14.705+0000] {taskinstance.py:430} INFO - ::endgroup::
[2024-06-06T09:36:14.706+0000] {crypto.py:82} WARNING - empty cryptography key - values will not be stored encrypted.
[2024-06-06T09:36:14.707+0000] {base.py:84} INFO - Using connection ID 'sourcedb_connection' for task execution.
[2024-06-06T09:36:14.735+0000] {python.py:237} INFO - Done. Returned value was: None
[2024-06-06T09:36:14.736+0000] {taskinstance.py:441} INFO - ::group::Post task execution logs
[2024-06-06T09:36:14.746+0000] {taskinstance.py:1206} INFO - Marking task as SUCCESS. dag_id=f1_data_pipeline_taskflow, task_id=load_race_task, run_id=scheduled__2024-06-05T00:00:00+00:00, execution_date=20240605T000000, start_date=20240606T093614, end_date=20240606T093614
[2024-06-06T09:36:14.800+0000] {local_task_job_runner.py:240} INFO - Task exited with return code 0
[2024-06-06T09:36:14.835+0000] {taskinstance.py:3498} INFO - 4 downstream tasks scheduled from follow-on schedule check
[2024-06-06T09:36:14.836+0000] {local_task_job_runner.py:222} INFO - ::endgroup::
[2024-06-06T12:13:46.672+0000] {local_task_job_runner.py:120} INFO - ::group::Pre task execution logs
[2024-06-06T12:13:46.688+0000] {taskinstance.py:2076} INFO - Dependencies all met for dep_context=non-requeueable deps ti=<TaskInstance: f1_data_pipeline_taskflow.load_race_task scheduled__2024-06-05T00:00:00+00:00 [queued]>
[2024-06-06T12:13:46.693+0000] {taskinstance.py:2076} INFO - Dependencies all met for dep_context=requeueable deps ti=<TaskInstance: f1_data_pipeline_taskflow.load_race_task scheduled__2024-06-05T00:00:00+00:00 [queued]>
[2024-06-06T12:13:46.693+0000] {taskinstance.py:2306} INFO - Starting attempt 1 of 1
[2024-06-06T12:13:46.701+0000] {taskinstance.py:2330} INFO - Executing <Task(_PythonDecoratedOperator): load_race_task> on 2024-06-05 00:00:00+00:00
[2024-06-06T12:13:46.707+0000] {warnings.py:110} WARNING - /home/***/.local/lib/python3.12/site-packages/***/task/task_runner/standard_task_runner.py:61: DeprecationWarning: This process (pid=432) is multi-threaded, use of fork() may lead to deadlocks in the child.
  pid = os.fork()

[2024-06-06T12:13:46.708+0000] {standard_task_runner.py:63} INFO - Started process 434 to run task
[2024-06-06T12:13:46.709+0000] {standard_task_runner.py:90} INFO - Running: ['***', 'tasks', 'run', 'f1_data_pipeline_taskflow', 'load_race_task', 'scheduled__2024-06-05T00:00:00+00:00', '--job-id', '22', '--raw', '--subdir', 'DAGS_FOLDER/etl_dag.py', '--cfg-path', '/tmp/tmp9ofzv0nu']
[2024-06-06T12:13:46.710+0000] {standard_task_runner.py:91} INFO - Job 22: Subtask load_race_task
[2024-06-06T12:13:46.743+0000] {task_command.py:426} INFO - Running <TaskInstance: f1_data_pipeline_taskflow.load_race_task scheduled__2024-06-05T00:00:00+00:00 [running]> on host 67c96aeea7c1
[2024-06-06T12:13:46.852+0000] {taskinstance.py:2648} INFO - Exporting env vars: AIRFLOW_CTX_DAG_OWNER='***' AIRFLOW_CTX_DAG_ID='f1_data_pipeline_taskflow' AIRFLOW_CTX_TASK_ID='load_race_task' AIRFLOW_CTX_EXECUTION_DATE='2024-06-05T00:00:00+00:00' AIRFLOW_CTX_TRY_NUMBER='1' AIRFLOW_CTX_DAG_RUN_ID='scheduled__2024-06-05T00:00:00+00:00'
[2024-06-06T12:13:46.853+0000] {taskinstance.py:430} INFO - ::endgroup::
[2024-06-06T12:13:46.854+0000] {crypto.py:82} WARNING - empty cryptography key - values will not be stored encrypted.
[2024-06-06T12:13:46.854+0000] {base.py:84} INFO - Using connection ID 'sourcedb_connection' for task execution.
[2024-06-06T12:13:47.627+0000] {python.py:237} INFO - Done. Returned value was: None
[2024-06-06T12:13:47.628+0000] {taskinstance.py:441} INFO - ::group::Post task execution logs
[2024-06-06T12:13:47.636+0000] {taskinstance.py:1206} INFO - Marking task as SUCCESS. dag_id=f1_data_pipeline_taskflow, task_id=load_race_task, run_id=scheduled__2024-06-05T00:00:00+00:00, execution_date=20240605T000000, start_date=20240606T121346, end_date=20240606T121347
[2024-06-06T12:13:47.684+0000] {local_task_job_runner.py:240} INFO - Task exited with return code 0
[2024-06-06T12:13:47.704+0000] {taskinstance.py:3498} INFO - 4 downstream tasks scheduled from follow-on schedule check
[2024-06-06T12:13:47.706+0000] {local_task_job_runner.py:222} INFO - ::endgroup::
[2024-06-06T12:19:03.445+0000] {local_task_job_runner.py:120} INFO - ::group::Pre task execution logs
[2024-06-06T12:19:03.463+0000] {taskinstance.py:2076} INFO - Dependencies all met for dep_context=non-requeueable deps ti=<TaskInstance: f1_data_pipeline_taskflow.load_race_task scheduled__2024-06-05T00:00:00+00:00 [queued]>
[2024-06-06T12:19:03.469+0000] {taskinstance.py:2076} INFO - Dependencies all met for dep_context=requeueable deps ti=<TaskInstance: f1_data_pipeline_taskflow.load_race_task scheduled__2024-06-05T00:00:00+00:00 [queued]>
[2024-06-06T12:19:03.470+0000] {taskinstance.py:2306} INFO - Starting attempt 1 of 1
[2024-06-06T12:19:03.479+0000] {taskinstance.py:2330} INFO - Executing <Task(_PythonDecoratedOperator): load_race_task> on 2024-06-05 00:00:00+00:00
[2024-06-06T12:19:03.486+0000] {warnings.py:110} WARNING - /home/***/.local/lib/python3.12/site-packages/***/task/task_runner/standard_task_runner.py:61: DeprecationWarning: This process (pid=469) is multi-threaded, use of fork() may lead to deadlocks in the child.
  pid = os.fork()

[2024-06-06T12:19:03.487+0000] {standard_task_runner.py:63} INFO - Started process 473 to run task
[2024-06-06T12:19:03.487+0000] {standard_task_runner.py:90} INFO - Running: ['***', 'tasks', 'run', 'f1_data_pipeline_taskflow', 'load_race_task', 'scheduled__2024-06-05T00:00:00+00:00', '--job-id', '24', '--raw', '--subdir', 'DAGS_FOLDER/etl_dag.py', '--cfg-path', '/tmp/tmp8wyz696t']
[2024-06-06T12:19:03.489+0000] {standard_task_runner.py:91} INFO - Job 24: Subtask load_race_task
[2024-06-06T12:19:03.525+0000] {task_command.py:426} INFO - Running <TaskInstance: f1_data_pipeline_taskflow.load_race_task scheduled__2024-06-05T00:00:00+00:00 [running]> on host 4f215e9dab06
[2024-06-06T12:19:03.639+0000] {taskinstance.py:2648} INFO - Exporting env vars: AIRFLOW_CTX_DAG_OWNER='***' AIRFLOW_CTX_DAG_ID='f1_data_pipeline_taskflow' AIRFLOW_CTX_TASK_ID='load_race_task' AIRFLOW_CTX_EXECUTION_DATE='2024-06-05T00:00:00+00:00' AIRFLOW_CTX_TRY_NUMBER='1' AIRFLOW_CTX_DAG_RUN_ID='scheduled__2024-06-05T00:00:00+00:00'
[2024-06-06T12:19:03.640+0000] {taskinstance.py:430} INFO - ::endgroup::
[2024-06-06T12:19:03.642+0000] {crypto.py:82} WARNING - empty cryptography key - values will not be stored encrypted.
[2024-06-06T12:19:03.642+0000] {base.py:84} INFO - Using connection ID 'sourcedb_connection' for task execution.
[2024-06-06T12:19:04.346+0000] {python.py:237} INFO - Done. Returned value was: None
[2024-06-06T12:19:04.346+0000] {taskinstance.py:441} INFO - ::group::Post task execution logs
[2024-06-06T12:19:04.354+0000] {taskinstance.py:1206} INFO - Marking task as SUCCESS. dag_id=f1_data_pipeline_taskflow, task_id=load_race_task, run_id=scheduled__2024-06-05T00:00:00+00:00, execution_date=20240605T000000, start_date=20240606T121903, end_date=20240606T121904
[2024-06-06T12:19:04.382+0000] {local_task_job_runner.py:240} INFO - Task exited with return code 0
[2024-06-06T12:19:04.404+0000] {taskinstance.py:3498} INFO - 4 downstream tasks scheduled from follow-on schedule check
[2024-06-06T12:19:04.406+0000] {local_task_job_runner.py:222} INFO - ::endgroup::
[2024-06-06T12:23:25.530+0000] {local_task_job_runner.py:120} INFO - ::group::Pre task execution logs
[2024-06-06T12:23:25.546+0000] {taskinstance.py:2076} INFO - Dependencies all met for dep_context=non-requeueable deps ti=<TaskInstance: f1_data_pipeline_taskflow.load_race_task scheduled__2024-06-05T00:00:00+00:00 [queued]>
[2024-06-06T12:23:25.552+0000] {taskinstance.py:2076} INFO - Dependencies all met for dep_context=requeueable deps ti=<TaskInstance: f1_data_pipeline_taskflow.load_race_task scheduled__2024-06-05T00:00:00+00:00 [queued]>
[2024-06-06T12:23:25.552+0000] {taskinstance.py:2306} INFO - Starting attempt 1 of 1
[2024-06-06T12:23:25.561+0000] {taskinstance.py:2330} INFO - Executing <Task(_PythonDecoratedOperator): load_race_task> on 2024-06-05 00:00:00+00:00
[2024-06-06T12:23:25.566+0000] {warnings.py:110} WARNING - /home/***/.local/lib/python3.12/site-packages/***/task/task_runner/standard_task_runner.py:61: DeprecationWarning: This process (pid=445) is multi-threaded, use of fork() may lead to deadlocks in the child.
  pid = os.fork()

[2024-06-06T12:23:25.567+0000] {standard_task_runner.py:63} INFO - Started process 469 to run task
[2024-06-06T12:23:25.567+0000] {standard_task_runner.py:90} INFO - Running: ['***', 'tasks', 'run', 'f1_data_pipeline_taskflow', 'load_race_task', 'scheduled__2024-06-05T00:00:00+00:00', '--job-id', '22', '--raw', '--subdir', 'DAGS_FOLDER/etl_dag.py', '--cfg-path', '/tmp/tmp1zh88l01']
[2024-06-06T12:23:25.569+0000] {standard_task_runner.py:91} INFO - Job 22: Subtask load_race_task
[2024-06-06T12:23:25.602+0000] {task_command.py:426} INFO - Running <TaskInstance: f1_data_pipeline_taskflow.load_race_task scheduled__2024-06-05T00:00:00+00:00 [running]> on host 7679c901c0ae
[2024-06-06T12:23:25.716+0000] {taskinstance.py:2648} INFO - Exporting env vars: AIRFLOW_CTX_DAG_OWNER='***' AIRFLOW_CTX_DAG_ID='f1_data_pipeline_taskflow' AIRFLOW_CTX_TASK_ID='load_race_task' AIRFLOW_CTX_EXECUTION_DATE='2024-06-05T00:00:00+00:00' AIRFLOW_CTX_TRY_NUMBER='1' AIRFLOW_CTX_DAG_RUN_ID='scheduled__2024-06-05T00:00:00+00:00'
[2024-06-06T12:23:25.717+0000] {taskinstance.py:430} INFO - ::endgroup::
[2024-06-06T12:23:25.718+0000] {crypto.py:82} WARNING - empty cryptography key - values will not be stored encrypted.
[2024-06-06T12:23:25.718+0000] {base.py:84} INFO - Using connection ID 'sourcedb_connection' for task execution.
[2024-06-06T12:23:26.424+0000] {python.py:237} INFO - Done. Returned value was: None
[2024-06-06T12:23:26.425+0000] {taskinstance.py:441} INFO - ::group::Post task execution logs
[2024-06-06T12:23:26.432+0000] {taskinstance.py:1206} INFO - Marking task as SUCCESS. dag_id=f1_data_pipeline_taskflow, task_id=load_race_task, run_id=scheduled__2024-06-05T00:00:00+00:00, execution_date=20240605T000000, start_date=20240606T122325, end_date=20240606T122326
[2024-06-06T12:23:26.462+0000] {local_task_job_runner.py:240} INFO - Task exited with return code 0
[2024-06-06T12:23:26.482+0000] {taskinstance.py:3498} INFO - 5 downstream tasks scheduled from follow-on schedule check
[2024-06-06T12:23:26.484+0000] {local_task_job_runner.py:222} INFO - ::endgroup::
[2024-06-06T12:29:01.781+0000] {local_task_job_runner.py:120} INFO - ::group::Pre task execution logs
[2024-06-06T12:29:01.796+0000] {taskinstance.py:2076} INFO - Dependencies all met for dep_context=non-requeueable deps ti=<TaskInstance: f1_data_pipeline_taskflow.load_race_task scheduled__2024-06-05T00:00:00+00:00 [queued]>
[2024-06-06T12:29:01.801+0000] {taskinstance.py:2076} INFO - Dependencies all met for dep_context=requeueable deps ti=<TaskInstance: f1_data_pipeline_taskflow.load_race_task scheduled__2024-06-05T00:00:00+00:00 [queued]>
[2024-06-06T12:29:01.801+0000] {taskinstance.py:2306} INFO - Starting attempt 1 of 1
[2024-06-06T12:29:01.809+0000] {taskinstance.py:2330} INFO - Executing <Task(_PythonDecoratedOperator): load_race_task> on 2024-06-05 00:00:00+00:00
[2024-06-06T12:29:01.816+0000] {warnings.py:110} WARNING - /home/***/.local/lib/python3.12/site-packages/***/task/task_runner/standard_task_runner.py:61: DeprecationWarning: This process (pid=463) is multi-threaded, use of fork() may lead to deadlocks in the child.
  pid = os.fork()

[2024-06-06T12:29:01.817+0000] {standard_task_runner.py:63} INFO - Started process 466 to run task
[2024-06-06T12:29:01.817+0000] {standard_task_runner.py:90} INFO - Running: ['***', 'tasks', 'run', 'f1_data_pipeline_taskflow', 'load_race_task', 'scheduled__2024-06-05T00:00:00+00:00', '--job-id', '22', '--raw', '--subdir', 'DAGS_FOLDER/etl_dag.py', '--cfg-path', '/tmp/tmp0wqrtfpz']
[2024-06-06T12:29:01.819+0000] {standard_task_runner.py:91} INFO - Job 22: Subtask load_race_task
[2024-06-06T12:29:01.853+0000] {task_command.py:426} INFO - Running <TaskInstance: f1_data_pipeline_taskflow.load_race_task scheduled__2024-06-05T00:00:00+00:00 [running]> on host a23e7e40387a
[2024-06-06T12:29:01.961+0000] {taskinstance.py:2648} INFO - Exporting env vars: AIRFLOW_CTX_DAG_OWNER='***' AIRFLOW_CTX_DAG_ID='f1_data_pipeline_taskflow' AIRFLOW_CTX_TASK_ID='load_race_task' AIRFLOW_CTX_EXECUTION_DATE='2024-06-05T00:00:00+00:00' AIRFLOW_CTX_TRY_NUMBER='1' AIRFLOW_CTX_DAG_RUN_ID='scheduled__2024-06-05T00:00:00+00:00'
[2024-06-06T12:29:01.962+0000] {taskinstance.py:430} INFO - ::endgroup::
[2024-06-06T12:29:01.963+0000] {crypto.py:82} WARNING - empty cryptography key - values will not be stored encrypted.
[2024-06-06T12:29:01.964+0000] {base.py:84} INFO - Using connection ID 'sourcedb_connection' for task execution.
[2024-06-06T12:29:01.985+0000] {python.py:237} INFO - Done. Returned value was: None
[2024-06-06T12:29:01.986+0000] {taskinstance.py:441} INFO - ::group::Post task execution logs
[2024-06-06T12:29:01.993+0000] {taskinstance.py:1206} INFO - Marking task as SUCCESS. dag_id=f1_data_pipeline_taskflow, task_id=load_race_task, run_id=scheduled__2024-06-05T00:00:00+00:00, execution_date=20240605T000000, start_date=20240606T122901, end_date=20240606T122901
[2024-06-06T12:29:02.031+0000] {local_task_job_runner.py:240} INFO - Task exited with return code 0
[2024-06-06T12:29:02.078+0000] {taskinstance.py:3498} INFO - 4 downstream tasks scheduled from follow-on schedule check
[2024-06-06T12:29:02.080+0000] {local_task_job_runner.py:222} INFO - ::endgroup::
[2024-06-06T13:06:30.347+0000] {local_task_job_runner.py:120} INFO - ::group::Pre task execution logs
[2024-06-06T13:06:30.364+0000] {taskinstance.py:2076} INFO - Dependencies all met for dep_context=non-requeueable deps ti=<TaskInstance: f1_data_pipeline_taskflow.load_race_task scheduled__2024-06-05T00:00:00+00:00 [queued]>
[2024-06-06T13:06:30.370+0000] {taskinstance.py:2076} INFO - Dependencies all met for dep_context=requeueable deps ti=<TaskInstance: f1_data_pipeline_taskflow.load_race_task scheduled__2024-06-05T00:00:00+00:00 [queued]>
[2024-06-06T13:06:30.370+0000] {taskinstance.py:2306} INFO - Starting attempt 1 of 1
[2024-06-06T13:06:30.379+0000] {taskinstance.py:2330} INFO - Executing <Task(_PythonDecoratedOperator): load_race_task> on 2024-06-05 00:00:00+00:00
[2024-06-06T13:06:30.385+0000] {warnings.py:110} WARNING - /home/***/.local/lib/python3.12/site-packages/***/task/task_runner/standard_task_runner.py:61: DeprecationWarning: This process (pid=568) is multi-threaded, use of fork() may lead to deadlocks in the child.
  pid = os.fork()

[2024-06-06T13:06:30.386+0000] {standard_task_runner.py:63} INFO - Started process 592 to run task
[2024-06-06T13:06:30.386+0000] {standard_task_runner.py:90} INFO - Running: ['***', 'tasks', 'run', 'f1_data_pipeline_taskflow', 'load_race_task', 'scheduled__2024-06-05T00:00:00+00:00', '--job-id', '22', '--raw', '--subdir', 'DAGS_FOLDER/etl_dag.py', '--cfg-path', '/tmp/tmpyofnt_zm']
[2024-06-06T13:06:30.388+0000] {standard_task_runner.py:91} INFO - Job 22: Subtask load_race_task
[2024-06-06T13:06:30.423+0000] {task_command.py:426} INFO - Running <TaskInstance: f1_data_pipeline_taskflow.load_race_task scheduled__2024-06-05T00:00:00+00:00 [running]> on host 96c3a9a38613
[2024-06-06T13:06:30.532+0000] {taskinstance.py:2648} INFO - Exporting env vars: AIRFLOW_CTX_DAG_OWNER='***' AIRFLOW_CTX_DAG_ID='f1_data_pipeline_taskflow' AIRFLOW_CTX_TASK_ID='load_race_task' AIRFLOW_CTX_EXECUTION_DATE='2024-06-05T00:00:00+00:00' AIRFLOW_CTX_TRY_NUMBER='1' AIRFLOW_CTX_DAG_RUN_ID='scheduled__2024-06-05T00:00:00+00:00'
[2024-06-06T13:06:30.533+0000] {taskinstance.py:430} INFO - ::endgroup::
[2024-06-06T13:06:30.534+0000] {crypto.py:82} WARNING - empty cryptography key - values will not be stored encrypted.
[2024-06-06T13:06:30.535+0000] {base.py:84} INFO - Using connection ID 'sourcedb_connection' for task execution.
[2024-06-06T13:06:30.556+0000] {python.py:237} INFO - Done. Returned value was: None
[2024-06-06T13:06:30.556+0000] {taskinstance.py:441} INFO - ::group::Post task execution logs
[2024-06-06T13:06:30.564+0000] {taskinstance.py:1206} INFO - Marking task as SUCCESS. dag_id=f1_data_pipeline_taskflow, task_id=load_race_task, run_id=scheduled__2024-06-05T00:00:00+00:00, execution_date=20240605T000000, start_date=20240606T130630, end_date=20240606T130630
[2024-06-06T13:06:30.600+0000] {local_task_job_runner.py:240} INFO - Task exited with return code 0
[2024-06-06T13:06:30.619+0000] {taskinstance.py:3498} INFO - 4 downstream tasks scheduled from follow-on schedule check
[2024-06-06T13:06:30.620+0000] {local_task_job_runner.py:222} INFO - ::endgroup::
[2024-06-06T14:23:42.392+0000] {local_task_job_runner.py:120} INFO - ::group::Pre task execution logs
[2024-06-06T14:23:42.408+0000] {taskinstance.py:2076} INFO - Dependencies all met for dep_context=non-requeueable deps ti=<TaskInstance: f1_data_pipeline_taskflow.load_race_task scheduled__2024-06-05T00:00:00+00:00 [queued]>
[2024-06-06T14:23:42.414+0000] {taskinstance.py:2076} INFO - Dependencies all met for dep_context=requeueable deps ti=<TaskInstance: f1_data_pipeline_taskflow.load_race_task scheduled__2024-06-05T00:00:00+00:00 [queued]>
[2024-06-06T14:23:42.414+0000] {taskinstance.py:2306} INFO - Starting attempt 1 of 1
[2024-06-06T14:23:42.423+0000] {taskinstance.py:2330} INFO - Executing <Task(_PythonDecoratedOperator): load_race_task> on 2024-06-05 00:00:00+00:00
[2024-06-06T14:23:42.429+0000] {warnings.py:110} WARNING - /home/***/.local/lib/python3.12/site-packages/***/task/task_runner/standard_task_runner.py:61: DeprecationWarning: This process (pid=483) is multi-threaded, use of fork() may lead to deadlocks in the child.
  pid = os.fork()

[2024-06-06T14:23:42.430+0000] {standard_task_runner.py:63} INFO - Started process 507 to run task
[2024-06-06T14:23:42.431+0000] {standard_task_runner.py:90} INFO - Running: ['***', 'tasks', 'run', 'f1_data_pipeline_taskflow', 'load_race_task', 'scheduled__2024-06-05T00:00:00+00:00', '--job-id', '25', '--raw', '--subdir', 'DAGS_FOLDER/etl_dag.py', '--cfg-path', '/tmp/tmpi49bi6y9']
[2024-06-06T14:23:42.432+0000] {standard_task_runner.py:91} INFO - Job 25: Subtask load_race_task
[2024-06-06T14:23:42.464+0000] {task_command.py:426} INFO - Running <TaskInstance: f1_data_pipeline_taskflow.load_race_task scheduled__2024-06-05T00:00:00+00:00 [running]> on host a10f77dd72b8
[2024-06-06T14:23:42.566+0000] {taskinstance.py:2648} INFO - Exporting env vars: AIRFLOW_CTX_DAG_OWNER='***' AIRFLOW_CTX_DAG_ID='f1_data_pipeline_taskflow' AIRFLOW_CTX_TASK_ID='load_race_task' AIRFLOW_CTX_EXECUTION_DATE='2024-06-05T00:00:00+00:00' AIRFLOW_CTX_TRY_NUMBER='1' AIRFLOW_CTX_DAG_RUN_ID='scheduled__2024-06-05T00:00:00+00:00'
[2024-06-06T14:23:42.567+0000] {taskinstance.py:430} INFO - ::endgroup::
[2024-06-06T14:23:42.568+0000] {crypto.py:82} WARNING - empty cryptography key - values will not be stored encrypted.
[2024-06-06T14:23:42.569+0000] {base.py:84} INFO - Using connection ID 'sourcedb_connection' for task execution.
[2024-06-06T14:23:42.589+0000] {python.py:237} INFO - Done. Returned value was: None
[2024-06-06T14:23:42.590+0000] {taskinstance.py:441} INFO - ::group::Post task execution logs
[2024-06-06T14:23:42.598+0000] {taskinstance.py:1206} INFO - Marking task as SUCCESS. dag_id=f1_data_pipeline_taskflow, task_id=load_race_task, run_id=scheduled__2024-06-05T00:00:00+00:00, execution_date=20240605T000000, start_date=20240606T142342, end_date=20240606T142342
[2024-06-06T14:23:42.644+0000] {local_task_job_runner.py:240} INFO - Task exited with return code 0
[2024-06-06T14:23:42.663+0000] {taskinstance.py:3498} INFO - 5 downstream tasks scheduled from follow-on schedule check
[2024-06-06T14:23:42.665+0000] {local_task_job_runner.py:222} INFO - ::endgroup::
[2024-06-06T14:27:45.291+0000] {local_task_job_runner.py:120} INFO - ::group::Pre task execution logs
[2024-06-06T14:27:45.306+0000] {taskinstance.py:2076} INFO - Dependencies all met for dep_context=non-requeueable deps ti=<TaskInstance: f1_data_pipeline_taskflow.load_race_task scheduled__2024-06-05T00:00:00+00:00 [queued]>
[2024-06-06T14:27:45.312+0000] {taskinstance.py:2076} INFO - Dependencies all met for dep_context=requeueable deps ti=<TaskInstance: f1_data_pipeline_taskflow.load_race_task scheduled__2024-06-05T00:00:00+00:00 [queued]>
[2024-06-06T14:27:45.312+0000] {taskinstance.py:2306} INFO - Starting attempt 1 of 1
[2024-06-06T14:27:45.321+0000] {taskinstance.py:2330} INFO - Executing <Task(_PythonDecoratedOperator): load_race_task> on 2024-06-05 00:00:00+00:00
[2024-06-06T14:27:45.328+0000] {warnings.py:110} WARNING - /home/***/.local/lib/python3.12/site-packages/***/task/task_runner/standard_task_runner.py:61: DeprecationWarning: This process (pid=457) is multi-threaded, use of fork() may lead to deadlocks in the child.
  pid = os.fork()

[2024-06-06T14:27:45.329+0000] {standard_task_runner.py:63} INFO - Started process 462 to run task
[2024-06-06T14:27:45.329+0000] {standard_task_runner.py:90} INFO - Running: ['***', 'tasks', 'run', 'f1_data_pipeline_taskflow', 'load_race_task', 'scheduled__2024-06-05T00:00:00+00:00', '--job-id', '25', '--raw', '--subdir', 'DAGS_FOLDER/etl_dag.py', '--cfg-path', '/tmp/tmp_67yud4k']
[2024-06-06T14:27:45.331+0000] {standard_task_runner.py:91} INFO - Job 25: Subtask load_race_task
[2024-06-06T14:27:45.367+0000] {task_command.py:426} INFO - Running <TaskInstance: f1_data_pipeline_taskflow.load_race_task scheduled__2024-06-05T00:00:00+00:00 [running]> on host 3059d4e2f604
[2024-06-06T14:27:45.482+0000] {taskinstance.py:2648} INFO - Exporting env vars: AIRFLOW_CTX_DAG_OWNER='***' AIRFLOW_CTX_DAG_ID='f1_data_pipeline_taskflow' AIRFLOW_CTX_TASK_ID='load_race_task' AIRFLOW_CTX_EXECUTION_DATE='2024-06-05T00:00:00+00:00' AIRFLOW_CTX_TRY_NUMBER='1' AIRFLOW_CTX_DAG_RUN_ID='scheduled__2024-06-05T00:00:00+00:00'
[2024-06-06T14:27:45.483+0000] {taskinstance.py:430} INFO - ::endgroup::
[2024-06-06T14:27:45.484+0000] {crypto.py:82} WARNING - empty cryptography key - values will not be stored encrypted.
[2024-06-06T14:27:45.485+0000] {base.py:84} INFO - Using connection ID 'sourcedb_connection' for task execution.
[2024-06-06T14:27:45.509+0000] {python.py:237} INFO - Done. Returned value was: None
[2024-06-06T14:27:45.510+0000] {taskinstance.py:441} INFO - ::group::Post task execution logs
[2024-06-06T14:27:45.523+0000] {taskinstance.py:1206} INFO - Marking task as SUCCESS. dag_id=f1_data_pipeline_taskflow, task_id=load_race_task, run_id=scheduled__2024-06-05T00:00:00+00:00, execution_date=20240605T000000, start_date=20240606T142745, end_date=20240606T142745
[2024-06-06T14:27:45.583+0000] {local_task_job_runner.py:240} INFO - Task exited with return code 0
[2024-06-06T14:27:45.611+0000] {taskinstance.py:3498} INFO - 4 downstream tasks scheduled from follow-on schedule check
[2024-06-06T14:27:45.612+0000] {local_task_job_runner.py:222} INFO - ::endgroup::
