[2024-06-04T07:13:45.674+0000] {local_task_job_runner.py:120} INFO - ::group::Pre task execution logs
[2024-06-04T07:13:45.693+0000] {taskinstance.py:2076} INFO - Dependencies all met for dep_context=non-requeueable deps ti=<TaskInstance: f1_data_pipeline_taskflow.circuitDim_transform scheduled__2024-06-03T00:00:00+00:00 [queued]>
[2024-06-04T07:13:45.701+0000] {taskinstance.py:2076} INFO - Dependencies all met for dep_context=requeueable deps ti=<TaskInstance: f1_data_pipeline_taskflow.circuitDim_transform scheduled__2024-06-03T00:00:00+00:00 [queued]>
[2024-06-04T07:13:45.701+0000] {taskinstance.py:2306} INFO - Starting attempt 1 of 1
[2024-06-04T07:13:45.711+0000] {taskinstance.py:2330} INFO - Executing <Task(_PythonDecoratedOperator): circuitDim_transform> on 2024-06-03 00:00:00+00:00
[2024-06-04T07:13:45.717+0000] {warnings.py:110} WARNING - /home/***/.local/lib/python3.12/site-packages/***/task/task_runner/standard_task_runner.py:61: DeprecationWarning: This process (pid=94) is multi-threaded, use of fork() may lead to deadlocks in the child.
  pid = os.fork()

[2024-06-04T07:13:45.718+0000] {standard_task_runner.py:63} INFO - Started process 115 to run task
[2024-06-04T07:13:45.719+0000] {standard_task_runner.py:90} INFO - Running: ['***', 'tasks', 'run', 'f1_data_pipeline_taskflow', 'circuitDim_transform', 'scheduled__2024-06-03T00:00:00+00:00', '--job-id', '8', '--raw', '--subdir', 'DAGS_FOLDER/etl_dag.py', '--cfg-path', '/tmp/tmp68r0x43z']
[2024-06-04T07:13:45.721+0000] {standard_task_runner.py:91} INFO - Job 8: Subtask circuitDim_transform
[2024-06-04T07:13:45.762+0000] {task_command.py:426} INFO - Running <TaskInstance: f1_data_pipeline_taskflow.circuitDim_transform scheduled__2024-06-03T00:00:00+00:00 [running]> on host 66d2136786e1
[2024-06-04T07:13:47.907+0000] {taskinstance.py:2648} INFO - Exporting env vars: AIRFLOW_CTX_DAG_OWNER='***' AIRFLOW_CTX_DAG_ID='f1_data_pipeline_taskflow' AIRFLOW_CTX_TASK_ID='circuitDim_transform' AIRFLOW_CTX_EXECUTION_DATE='2024-06-03T00:00:00+00:00' AIRFLOW_CTX_TRY_NUMBER='1' AIRFLOW_CTX_DAG_RUN_ID='scheduled__2024-06-03T00:00:00+00:00'
[2024-06-04T07:13:47.909+0000] {taskinstance.py:430} INFO - ::endgroup::
[2024-06-04T07:13:47.957+0000] {python.py:237} INFO - Done. Returned value was:        circuitId  ...                                              url_y
0            1.0  ...  http://en.wikipedia.org/wiki/Melbourne_Grand_P...
232          2.0  ...  http://en.wikipedia.org/wiki/Sepang_Internatio...
680         17.0  ...  http://en.wikipedia.org/wiki/Shanghai_Internat...
1016         3.0  ...  http://en.wikipedia.org/wiki/Bahrain_Internati...
1187         4.0  ...  http://en.wikipedia.org/wiki/Circuit_de_Barcel...
1517         6.0  ...     http://en.wikipedia.org/wiki/Circuit_de_Monaco
1595         7.0  ...  http://en.wikipedia.org/wiki/Circuit_Gilles_Vi...
1735        12.0  ...  http://en.wikipedia.org/wiki/Valencia_Street_C...
1849         9.0  ...   http://en.wikipedia.org/wiki/Silverstone_Circuit
2057        10.0  ...        http://en.wikipedia.org/wiki/Hockenheimring
2191        11.0  ...           http://en.wikipedia.org/wiki/Hungaroring
2536        13.0  ...  http://en.wikipedia.org/wiki/Circuit_de_Spa-Fr...
2580        14.0  ...  http://en.wikipedia.org/wiki/Autodromo_Naziona...
2633        15.0  ...  http://en.wikipedia.org/wiki/Marina_Bay_Street...
2751        22.0  ...        http://en.wikipedia.org/wiki/Suzuka_Circuit
2963        68.0  ...  http://en.wikipedia.org/wiki/Buddh_Internation...
3083        24.0  ...    http://en.wikipedia.org/wiki/Yas_Marina_Circuit
3138        69.0  ...  http://en.wikipedia.org/wiki/Circuit_of_the_Am...
3250        18.0  ...  http://en.wikipedia.org/wiki/Aut%C3%B3dromo_Jo...
5231        20.0  ...      http://en.wikipedia.org/wiki/N%C3%BCrburgring
6137        35.0  ...  http://en.wikipedia.org/wiki/Korean_Internatio...
7928        70.0  ...         http://en.wikipedia.org/wiki/Red_Bull_Ring
9505        71.0  ...        http://en.wikipedia.org/wiki/Sochi_Autodrom
11588       32.0  ...  http://en.wikipedia.org/wiki/Aut%C3%B3dromo_He...
12166       73.0  ...     http://en.wikipedia.org/wiki/Baku_City_Circuit
16308       21.0  ...  http://en.wikipedia.org/wiki/Autodromo_Enzo_e_...
16560       75.0  ...  http://en.wikipedia.org/wiki/Algarve_Internati...
17472       34.0  ...   http://en.wikipedia.org/wiki/Paul_Ricard_Circuit
18246        5.0  ...         http://en.wikipedia.org/wiki/Istanbul_Park
18528       77.0  ...  http://en.wikipedia.org/wiki/Jeddah_Street_Cir...
19465       79.0  ...  http://en.wikipedia.org/wiki/Miami_Internation...
21329       39.0  ...     http://en.wikipedia.org/wiki/Circuit_Zandvoort
26721       76.0  ...       http://en.wikipedia.org/wiki/Mugello_Circuit
45754       78.0  ...  http://en.wikipedia.org/wiki/Losail_Internatio...

[34 rows x 9 columns]
[2024-06-04T07:13:47.975+0000] {taskinstance.py:441} INFO - ::group::Post task execution logs
[2024-06-04T07:13:48.001+0000] {taskinstance.py:1206} INFO - Marking task as SUCCESS. dag_id=f1_data_pipeline_taskflow, task_id=circuitDim_transform, run_id=scheduled__2024-06-03T00:00:00+00:00, execution_date=20240603T000000, start_date=20240604T071345, end_date=20240604T071348
[2024-06-04T07:13:48.054+0000] {local_task_job_runner.py:240} INFO - Task exited with return code 0
[2024-06-04T07:13:48.080+0000] {taskinstance.py:3498} INFO - 1 downstream tasks scheduled from follow-on schedule check
[2024-06-04T07:13:48.081+0000] {local_task_job_runner.py:222} INFO - ::endgroup::
[2024-06-04T07:47:44.420+0000] {local_task_job_runner.py:120} INFO - ::group::Pre task execution logs
[2024-06-04T07:47:44.441+0000] {taskinstance.py:2076} INFO - Dependencies all met for dep_context=non-requeueable deps ti=<TaskInstance: f1_data_pipeline_taskflow.circuitDim_transform scheduled__2024-06-03T00:00:00+00:00 [queued]>
[2024-06-04T07:47:44.448+0000] {taskinstance.py:2076} INFO - Dependencies all met for dep_context=requeueable deps ti=<TaskInstance: f1_data_pipeline_taskflow.circuitDim_transform scheduled__2024-06-03T00:00:00+00:00 [queued]>
[2024-06-04T07:47:44.448+0000] {taskinstance.py:2306} INFO - Starting attempt 1 of 1
[2024-06-04T07:47:44.461+0000] {taskinstance.py:2330} INFO - Executing <Task(_PythonDecoratedOperator): circuitDim_transform> on 2024-06-03 00:00:00+00:00
[2024-06-04T07:47:44.468+0000] {warnings.py:110} WARNING - /home/***/.local/lib/python3.12/site-packages/***/task/task_runner/standard_task_runner.py:61: DeprecationWarning: This process (pid=116) is multi-threaded, use of fork() may lead to deadlocks in the child.
  pid = os.fork()

[2024-06-04T07:47:44.469+0000] {standard_task_runner.py:63} INFO - Started process 138 to run task
[2024-06-04T07:47:44.469+0000] {standard_task_runner.py:90} INFO - Running: ['***', 'tasks', 'run', 'f1_data_pipeline_taskflow', 'circuitDim_transform', 'scheduled__2024-06-03T00:00:00+00:00', '--job-id', '9', '--raw', '--subdir', 'DAGS_FOLDER/etl_dag.py', '--cfg-path', '/tmp/tmp2ejjdmgx']
[2024-06-04T07:47:44.471+0000] {standard_task_runner.py:91} INFO - Job 9: Subtask circuitDim_transform
[2024-06-04T07:47:44.516+0000] {task_command.py:426} INFO - Running <TaskInstance: f1_data_pipeline_taskflow.circuitDim_transform scheduled__2024-06-03T00:00:00+00:00 [running]> on host bbf1b45fa521
[2024-06-04T07:47:46.571+0000] {taskinstance.py:2648} INFO - Exporting env vars: AIRFLOW_CTX_DAG_OWNER='***' AIRFLOW_CTX_DAG_ID='f1_data_pipeline_taskflow' AIRFLOW_CTX_TASK_ID='circuitDim_transform' AIRFLOW_CTX_EXECUTION_DATE='2024-06-03T00:00:00+00:00' AIRFLOW_CTX_TRY_NUMBER='1' AIRFLOW_CTX_DAG_RUN_ID='scheduled__2024-06-03T00:00:00+00:00'
[2024-06-04T07:47:46.573+0000] {taskinstance.py:430} INFO - ::endgroup::
[2024-06-04T07:47:46.640+0000] {python.py:237} INFO - Done. Returned value was:        circuitId  ...                                              url_y
0            1.0  ...  http://en.wikipedia.org/wiki/Melbourne_Grand_P...
232          2.0  ...  http://en.wikipedia.org/wiki/Sepang_Internatio...
680         17.0  ...  http://en.wikipedia.org/wiki/Shanghai_Internat...
1016         3.0  ...  http://en.wikipedia.org/wiki/Bahrain_Internati...
1187         4.0  ...  http://en.wikipedia.org/wiki/Circuit_de_Barcel...
1517         6.0  ...     http://en.wikipedia.org/wiki/Circuit_de_Monaco
1595         7.0  ...  http://en.wikipedia.org/wiki/Circuit_Gilles_Vi...
1735        12.0  ...  http://en.wikipedia.org/wiki/Valencia_Street_C...
1849         9.0  ...   http://en.wikipedia.org/wiki/Silverstone_Circuit
2057        10.0  ...        http://en.wikipedia.org/wiki/Hockenheimring
2191        11.0  ...           http://en.wikipedia.org/wiki/Hungaroring
2536        13.0  ...  http://en.wikipedia.org/wiki/Circuit_de_Spa-Fr...
2580        14.0  ...  http://en.wikipedia.org/wiki/Autodromo_Naziona...
2633        15.0  ...  http://en.wikipedia.org/wiki/Marina_Bay_Street...
2751        22.0  ...        http://en.wikipedia.org/wiki/Suzuka_Circuit
2963        68.0  ...  http://en.wikipedia.org/wiki/Buddh_Internation...
3083        24.0  ...    http://en.wikipedia.org/wiki/Yas_Marina_Circuit
3138        69.0  ...  http://en.wikipedia.org/wiki/Circuit_of_the_Am...
3250        18.0  ...  http://en.wikipedia.org/wiki/Aut%C3%B3dromo_Jo...
5231        20.0  ...      http://en.wikipedia.org/wiki/N%C3%BCrburgring
6137        35.0  ...  http://en.wikipedia.org/wiki/Korean_Internatio...
7928        70.0  ...         http://en.wikipedia.org/wiki/Red_Bull_Ring
9505        71.0  ...        http://en.wikipedia.org/wiki/Sochi_Autodrom
11588       32.0  ...  http://en.wikipedia.org/wiki/Aut%C3%B3dromo_He...
12166       73.0  ...     http://en.wikipedia.org/wiki/Baku_City_Circuit
16308       21.0  ...  http://en.wikipedia.org/wiki/Autodromo_Enzo_e_...
16560       75.0  ...  http://en.wikipedia.org/wiki/Algarve_Internati...
17472       34.0  ...   http://en.wikipedia.org/wiki/Paul_Ricard_Circuit
18246        5.0  ...         http://en.wikipedia.org/wiki/Istanbul_Park
18528       77.0  ...  http://en.wikipedia.org/wiki/Jeddah_Street_Cir...
19465       79.0  ...  http://en.wikipedia.org/wiki/Miami_Internation...
21329       39.0  ...     http://en.wikipedia.org/wiki/Circuit_Zandvoort
26721       76.0  ...       http://en.wikipedia.org/wiki/Mugello_Circuit
45754       78.0  ...  http://en.wikipedia.org/wiki/Losail_Internatio...

[34 rows x 9 columns]
[2024-06-04T07:47:46.654+0000] {taskinstance.py:441} INFO - ::group::Post task execution logs
[2024-06-04T07:47:46.685+0000] {taskinstance.py:1206} INFO - Marking task as SUCCESS. dag_id=f1_data_pipeline_taskflow, task_id=circuitDim_transform, run_id=scheduled__2024-06-03T00:00:00+00:00, execution_date=20240603T000000, start_date=20240604T074744, end_date=20240604T074746
[2024-06-04T07:47:46.729+0000] {local_task_job_runner.py:240} INFO - Task exited with return code 0
[2024-06-04T07:47:46.743+0000] {local_task_job_runner.py:222} INFO - ::endgroup::
[2024-06-04T08:56:26.793+0000] {local_task_job_runner.py:120} INFO - ::group::Pre task execution logs
[2024-06-04T08:56:26.815+0000] {taskinstance.py:2076} INFO - Dependencies all met for dep_context=non-requeueable deps ti=<TaskInstance: f1_data_pipeline_taskflow.circuitDim_transform scheduled__2024-06-03T00:00:00+00:00 [queued]>
[2024-06-04T08:56:26.825+0000] {taskinstance.py:2076} INFO - Dependencies all met for dep_context=requeueable deps ti=<TaskInstance: f1_data_pipeline_taskflow.circuitDim_transform scheduled__2024-06-03T00:00:00+00:00 [queued]>
[2024-06-04T08:56:26.825+0000] {taskinstance.py:2306} INFO - Starting attempt 1 of 1
[2024-06-04T08:56:26.839+0000] {taskinstance.py:2330} INFO - Executing <Task(_PythonDecoratedOperator): circuitDim_transform> on 2024-06-03 00:00:00+00:00
[2024-06-04T08:56:26.848+0000] {warnings.py:110} WARNING - /home/***/.local/lib/python3.12/site-packages/***/task/task_runner/standard_task_runner.py:61: DeprecationWarning: This process (pid=134) is multi-threaded, use of fork() may lead to deadlocks in the child.
  pid = os.fork()

[2024-06-04T08:56:26.849+0000] {standard_task_runner.py:63} INFO - Started process 164 to run task
[2024-06-04T08:56:26.849+0000] {standard_task_runner.py:90} INFO - Running: ['***', 'tasks', 'run', 'f1_data_pipeline_taskflow', 'circuitDim_transform', 'scheduled__2024-06-03T00:00:00+00:00', '--job-id', '13', '--raw', '--subdir', 'DAGS_FOLDER/etl_dag.py', '--cfg-path', '/tmp/tmp__yyj71y']
[2024-06-04T08:56:26.852+0000] {standard_task_runner.py:91} INFO - Job 13: Subtask circuitDim_transform
[2024-06-04T08:56:26.922+0000] {task_command.py:426} INFO - Running <TaskInstance: f1_data_pipeline_taskflow.circuitDim_transform scheduled__2024-06-03T00:00:00+00:00 [running]> on host 92ae07eb2785
[2024-06-04T08:56:34.392+0000] {taskinstance.py:2648} INFO - Exporting env vars: AIRFLOW_CTX_DAG_OWNER='***' AIRFLOW_CTX_DAG_ID='f1_data_pipeline_taskflow' AIRFLOW_CTX_TASK_ID='circuitDim_transform' AIRFLOW_CTX_EXECUTION_DATE='2024-06-03T00:00:00+00:00' AIRFLOW_CTX_TRY_NUMBER='1' AIRFLOW_CTX_DAG_RUN_ID='scheduled__2024-06-03T00:00:00+00:00'
[2024-06-04T08:56:34.420+0000] {taskinstance.py:430} INFO - ::endgroup::
[2024-06-04T08:56:34.485+0000] {python.py:237} INFO - Done. Returned value was:        circuitId  ...                                              url_y
0            1.0  ...  http://en.wikipedia.org/wiki/Melbourne_Grand_P...
232          2.0  ...  http://en.wikipedia.org/wiki/Sepang_Internatio...
680         17.0  ...  http://en.wikipedia.org/wiki/Shanghai_Internat...
1016         3.0  ...  http://en.wikipedia.org/wiki/Bahrain_Internati...
1187         4.0  ...  http://en.wikipedia.org/wiki/Circuit_de_Barcel...
1517         6.0  ...     http://en.wikipedia.org/wiki/Circuit_de_Monaco
1595         7.0  ...  http://en.wikipedia.org/wiki/Circuit_Gilles_Vi...
1735        12.0  ...  http://en.wikipedia.org/wiki/Valencia_Street_C...
1849         9.0  ...   http://en.wikipedia.org/wiki/Silverstone_Circuit
2057        10.0  ...        http://en.wikipedia.org/wiki/Hockenheimring
2191        11.0  ...           http://en.wikipedia.org/wiki/Hungaroring
2536        13.0  ...  http://en.wikipedia.org/wiki/Circuit_de_Spa-Fr...
2580        14.0  ...  http://en.wikipedia.org/wiki/Autodromo_Naziona...
2633        15.0  ...  http://en.wikipedia.org/wiki/Marina_Bay_Street...
2751        22.0  ...        http://en.wikipedia.org/wiki/Suzuka_Circuit
2963        68.0  ...  http://en.wikipedia.org/wiki/Buddh_Internation...
3083        24.0  ...    http://en.wikipedia.org/wiki/Yas_Marina_Circuit
3138        69.0  ...  http://en.wikipedia.org/wiki/Circuit_of_the_Am...
3250        18.0  ...  http://en.wikipedia.org/wiki/Aut%C3%B3dromo_Jo...
5231        20.0  ...      http://en.wikipedia.org/wiki/N%C3%BCrburgring
6137        35.0  ...  http://en.wikipedia.org/wiki/Korean_Internatio...
7928        70.0  ...         http://en.wikipedia.org/wiki/Red_Bull_Ring
9505        71.0  ...        http://en.wikipedia.org/wiki/Sochi_Autodrom
11588       32.0  ...  http://en.wikipedia.org/wiki/Aut%C3%B3dromo_He...
12166       73.0  ...     http://en.wikipedia.org/wiki/Baku_City_Circuit
16308       21.0  ...  http://en.wikipedia.org/wiki/Autodromo_Enzo_e_...
16560       75.0  ...  http://en.wikipedia.org/wiki/Algarve_Internati...
17472       34.0  ...   http://en.wikipedia.org/wiki/Paul_Ricard_Circuit
18246        5.0  ...         http://en.wikipedia.org/wiki/Istanbul_Park
18528       77.0  ...  http://en.wikipedia.org/wiki/Jeddah_Street_Cir...
19465       79.0  ...  http://en.wikipedia.org/wiki/Miami_Internation...
21329       39.0  ...     http://en.wikipedia.org/wiki/Circuit_Zandvoort
26721       76.0  ...       http://en.wikipedia.org/wiki/Mugello_Circuit
45754       78.0  ...  http://en.wikipedia.org/wiki/Losail_Internatio...

[34 rows x 9 columns]
[2024-06-04T08:56:34.501+0000] {taskinstance.py:441} INFO - ::group::Post task execution logs
[2024-06-04T08:56:34.566+0000] {taskinstance.py:1206} INFO - Marking task as SUCCESS. dag_id=f1_data_pipeline_taskflow, task_id=circuitDim_transform, run_id=scheduled__2024-06-03T00:00:00+00:00, execution_date=20240603T000000, start_date=20240604T085626, end_date=20240604T085634
[2024-06-04T08:56:34.777+0000] {local_task_job_runner.py:240} INFO - Task exited with return code 0
[2024-06-04T08:56:34.823+0000] {local_task_job_runner.py:222} INFO - ::endgroup::
[2024-06-04T09:00:33.500+0000] {local_task_job_runner.py:120} INFO - ::group::Pre task execution logs
[2024-06-04T09:00:33.526+0000] {taskinstance.py:2076} INFO - Dependencies all met for dep_context=non-requeueable deps ti=<TaskInstance: f1_data_pipeline_taskflow.circuitDim_transform scheduled__2024-06-03T00:00:00+00:00 [queued]>
[2024-06-04T09:00:33.537+0000] {taskinstance.py:2076} INFO - Dependencies all met for dep_context=requeueable deps ti=<TaskInstance: f1_data_pipeline_taskflow.circuitDim_transform scheduled__2024-06-03T00:00:00+00:00 [queued]>
[2024-06-04T09:00:33.537+0000] {taskinstance.py:2306} INFO - Starting attempt 1 of 1
[2024-06-04T09:00:33.556+0000] {taskinstance.py:2330} INFO - Executing <Task(_PythonDecoratedOperator): circuitDim_transform> on 2024-06-03 00:00:00+00:00
[2024-06-04T09:00:33.568+0000] {warnings.py:110} WARNING - /home/***/.local/lib/python3.12/site-packages/***/task/task_runner/standard_task_runner.py:61: DeprecationWarning: This process (pid=194) is multi-threaded, use of fork() may lead to deadlocks in the child.
  pid = os.fork()

[2024-06-04T09:00:33.572+0000] {standard_task_runner.py:63} INFO - Started process 222 to run task
[2024-06-04T09:00:33.572+0000] {standard_task_runner.py:90} INFO - Running: ['***', 'tasks', 'run', 'f1_data_pipeline_taskflow', 'circuitDim_transform', 'scheduled__2024-06-03T00:00:00+00:00', '--job-id', '15', '--raw', '--subdir', 'DAGS_FOLDER/etl_dag.py', '--cfg-path', '/tmp/tmpeuw_6lij']
[2024-06-04T09:00:33.576+0000] {standard_task_runner.py:91} INFO - Job 15: Subtask circuitDim_transform
[2024-06-04T09:00:33.643+0000] {task_command.py:426} INFO - Running <TaskInstance: f1_data_pipeline_taskflow.circuitDim_transform scheduled__2024-06-03T00:00:00+00:00 [running]> on host 849b6d275aca
[2024-06-04T09:00:36.751+0000] {taskinstance.py:2648} INFO - Exporting env vars: AIRFLOW_CTX_DAG_OWNER='***' AIRFLOW_CTX_DAG_ID='f1_data_pipeline_taskflow' AIRFLOW_CTX_TASK_ID='circuitDim_transform' AIRFLOW_CTX_EXECUTION_DATE='2024-06-03T00:00:00+00:00' AIRFLOW_CTX_TRY_NUMBER='1' AIRFLOW_CTX_DAG_RUN_ID='scheduled__2024-06-03T00:00:00+00:00'
[2024-06-04T09:00:36.781+0000] {taskinstance.py:430} INFO - ::endgroup::
[2024-06-04T09:00:36.870+0000] {python.py:237} INFO - Done. Returned value was:        circuitId  ...                                              url_y
0            1.0  ...  http://en.wikipedia.org/wiki/Melbourne_Grand_P...
232          2.0  ...  http://en.wikipedia.org/wiki/Sepang_Internatio...
680         17.0  ...  http://en.wikipedia.org/wiki/Shanghai_Internat...
1016         3.0  ...  http://en.wikipedia.org/wiki/Bahrain_Internati...
1187         4.0  ...  http://en.wikipedia.org/wiki/Circuit_de_Barcel...
1517         6.0  ...     http://en.wikipedia.org/wiki/Circuit_de_Monaco
1595         7.0  ...  http://en.wikipedia.org/wiki/Circuit_Gilles_Vi...
1735        12.0  ...  http://en.wikipedia.org/wiki/Valencia_Street_C...
1849         9.0  ...   http://en.wikipedia.org/wiki/Silverstone_Circuit
2057        10.0  ...        http://en.wikipedia.org/wiki/Hockenheimring
2191        11.0  ...           http://en.wikipedia.org/wiki/Hungaroring
2536        13.0  ...  http://en.wikipedia.org/wiki/Circuit_de_Spa-Fr...
2580        14.0  ...  http://en.wikipedia.org/wiki/Autodromo_Naziona...
2633        15.0  ...  http://en.wikipedia.org/wiki/Marina_Bay_Street...
2751        22.0  ...        http://en.wikipedia.org/wiki/Suzuka_Circuit
2963        68.0  ...  http://en.wikipedia.org/wiki/Buddh_Internation...
3083        24.0  ...    http://en.wikipedia.org/wiki/Yas_Marina_Circuit
3138        69.0  ...  http://en.wikipedia.org/wiki/Circuit_of_the_Am...
3250        18.0  ...  http://en.wikipedia.org/wiki/Aut%C3%B3dromo_Jo...
5231        20.0  ...      http://en.wikipedia.org/wiki/N%C3%BCrburgring
6137        35.0  ...  http://en.wikipedia.org/wiki/Korean_Internatio...
7928        70.0  ...         http://en.wikipedia.org/wiki/Red_Bull_Ring
9505        71.0  ...        http://en.wikipedia.org/wiki/Sochi_Autodrom
11588       32.0  ...  http://en.wikipedia.org/wiki/Aut%C3%B3dromo_He...
12166       73.0  ...     http://en.wikipedia.org/wiki/Baku_City_Circuit
16308       21.0  ...  http://en.wikipedia.org/wiki/Autodromo_Enzo_e_...
16560       75.0  ...  http://en.wikipedia.org/wiki/Algarve_Internati...
17472       34.0  ...   http://en.wikipedia.org/wiki/Paul_Ricard_Circuit
18246        5.0  ...         http://en.wikipedia.org/wiki/Istanbul_Park
18528       77.0  ...  http://en.wikipedia.org/wiki/Jeddah_Street_Cir...
19465       79.0  ...  http://en.wikipedia.org/wiki/Miami_Internation...
21329       39.0  ...     http://en.wikipedia.org/wiki/Circuit_Zandvoort
26721       76.0  ...       http://en.wikipedia.org/wiki/Mugello_Circuit
45754       78.0  ...  http://en.wikipedia.org/wiki/Losail_Internatio...

[34 rows x 9 columns]
[2024-06-04T09:00:36.890+0000] {taskinstance.py:441} INFO - ::group::Post task execution logs
[2024-06-04T09:00:36.935+0000] {taskinstance.py:1206} INFO - Marking task as SUCCESS. dag_id=f1_data_pipeline_taskflow, task_id=circuitDim_transform, run_id=scheduled__2024-06-03T00:00:00+00:00, execution_date=20240603T000000, start_date=20240604T090033, end_date=20240604T090036
[2024-06-04T09:00:37.038+0000] {local_task_job_runner.py:240} INFO - Task exited with return code 0
[2024-06-04T09:00:37.466+0000] {taskinstance.py:3498} INFO - 1 downstream tasks scheduled from follow-on schedule check
[2024-06-04T09:00:37.477+0000] {local_task_job_runner.py:222} INFO - ::endgroup::
[2024-06-04T09:14:38.043+0000] {local_task_job_runner.py:120} INFO - ::group::Pre task execution logs
[2024-06-04T09:14:38.065+0000] {taskinstance.py:2076} INFO - Dependencies all met for dep_context=non-requeueable deps ti=<TaskInstance: f1_data_pipeline_taskflow.circuitDim_transform scheduled__2024-06-03T00:00:00+00:00 [queued]>
[2024-06-04T09:14:38.073+0000] {taskinstance.py:2076} INFO - Dependencies all met for dep_context=requeueable deps ti=<TaskInstance: f1_data_pipeline_taskflow.circuitDim_transform scheduled__2024-06-03T00:00:00+00:00 [queued]>
[2024-06-04T09:14:38.073+0000] {taskinstance.py:2306} INFO - Starting attempt 1 of 1
[2024-06-04T09:14:38.089+0000] {taskinstance.py:2330} INFO - Executing <Task(_PythonDecoratedOperator): circuitDim_transform> on 2024-06-03 00:00:00+00:00
[2024-06-04T09:14:38.095+0000] {warnings.py:110} WARNING - /home/***/.local/lib/python3.12/site-packages/***/task/task_runner/standard_task_runner.py:61: DeprecationWarning: This process (pid=110) is multi-threaded, use of fork() may lead to deadlocks in the child.
  pid = os.fork()

[2024-06-04T09:14:38.096+0000] {standard_task_runner.py:63} INFO - Started process 132 to run task
[2024-06-04T09:14:38.096+0000] {standard_task_runner.py:90} INFO - Running: ['***', 'tasks', 'run', 'f1_data_pipeline_taskflow', 'circuitDim_transform', 'scheduled__2024-06-03T00:00:00+00:00', '--job-id', '9', '--raw', '--subdir', 'DAGS_FOLDER/etl_dag.py', '--cfg-path', '/tmp/tmpb09qfd1q']
[2024-06-04T09:14:38.098+0000] {standard_task_runner.py:91} INFO - Job 9: Subtask circuitDim_transform
[2024-06-04T09:14:38.144+0000] {task_command.py:426} INFO - Running <TaskInstance: f1_data_pipeline_taskflow.circuitDim_transform scheduled__2024-06-03T00:00:00+00:00 [running]> on host f99a8e5dd798
[2024-06-04T09:14:40.226+0000] {taskinstance.py:2648} INFO - Exporting env vars: AIRFLOW_CTX_DAG_OWNER='***' AIRFLOW_CTX_DAG_ID='f1_data_pipeline_taskflow' AIRFLOW_CTX_TASK_ID='circuitDim_transform' AIRFLOW_CTX_EXECUTION_DATE='2024-06-03T00:00:00+00:00' AIRFLOW_CTX_TRY_NUMBER='1' AIRFLOW_CTX_DAG_RUN_ID='scheduled__2024-06-03T00:00:00+00:00'
[2024-06-04T09:14:40.228+0000] {taskinstance.py:430} INFO - ::endgroup::
[2024-06-04T09:14:40.304+0000] {python.py:237} INFO - Done. Returned value was:        circuitId  ...                                              url_y
0            1.0  ...  http://en.wikipedia.org/wiki/Melbourne_Grand_P...
232          2.0  ...  http://en.wikipedia.org/wiki/Sepang_Internatio...
680         17.0  ...  http://en.wikipedia.org/wiki/Shanghai_Internat...
1016         3.0  ...  http://en.wikipedia.org/wiki/Bahrain_Internati...
1187         4.0  ...  http://en.wikipedia.org/wiki/Circuit_de_Barcel...
1517         6.0  ...     http://en.wikipedia.org/wiki/Circuit_de_Monaco
1595         7.0  ...  http://en.wikipedia.org/wiki/Circuit_Gilles_Vi...
1735        12.0  ...  http://en.wikipedia.org/wiki/Valencia_Street_C...
1849         9.0  ...   http://en.wikipedia.org/wiki/Silverstone_Circuit
2057        10.0  ...        http://en.wikipedia.org/wiki/Hockenheimring
2191        11.0  ...           http://en.wikipedia.org/wiki/Hungaroring
2536        13.0  ...  http://en.wikipedia.org/wiki/Circuit_de_Spa-Fr...
2580        14.0  ...  http://en.wikipedia.org/wiki/Autodromo_Naziona...
2633        15.0  ...  http://en.wikipedia.org/wiki/Marina_Bay_Street...
2751        22.0  ...        http://en.wikipedia.org/wiki/Suzuka_Circuit
2963        68.0  ...  http://en.wikipedia.org/wiki/Buddh_Internation...
3083        24.0  ...    http://en.wikipedia.org/wiki/Yas_Marina_Circuit
3138        69.0  ...  http://en.wikipedia.org/wiki/Circuit_of_the_Am...
3250        18.0  ...  http://en.wikipedia.org/wiki/Aut%C3%B3dromo_Jo...
5231        20.0  ...      http://en.wikipedia.org/wiki/N%C3%BCrburgring
6137        35.0  ...  http://en.wikipedia.org/wiki/Korean_Internatio...
7928        70.0  ...         http://en.wikipedia.org/wiki/Red_Bull_Ring
9505        71.0  ...        http://en.wikipedia.org/wiki/Sochi_Autodrom
11588       32.0  ...  http://en.wikipedia.org/wiki/Aut%C3%B3dromo_He...
12166       73.0  ...     http://en.wikipedia.org/wiki/Baku_City_Circuit
16308       21.0  ...  http://en.wikipedia.org/wiki/Autodromo_Enzo_e_...
16560       75.0  ...  http://en.wikipedia.org/wiki/Algarve_Internati...
17472       34.0  ...   http://en.wikipedia.org/wiki/Paul_Ricard_Circuit
18246        5.0  ...         http://en.wikipedia.org/wiki/Istanbul_Park
18528       77.0  ...  http://en.wikipedia.org/wiki/Jeddah_Street_Cir...
19465       79.0  ...  http://en.wikipedia.org/wiki/Miami_Internation...
21329       39.0  ...     http://en.wikipedia.org/wiki/Circuit_Zandvoort
26721       76.0  ...       http://en.wikipedia.org/wiki/Mugello_Circuit
45754       78.0  ...  http://en.wikipedia.org/wiki/Losail_Internatio...

[34 rows x 9 columns]
[2024-06-04T09:14:40.321+0000] {taskinstance.py:441} INFO - ::group::Post task execution logs
[2024-06-04T09:14:40.380+0000] {taskinstance.py:1206} INFO - Marking task as SUCCESS. dag_id=f1_data_pipeline_taskflow, task_id=circuitDim_transform, run_id=scheduled__2024-06-03T00:00:00+00:00, execution_date=20240603T000000, start_date=20240604T091438, end_date=20240604T091440
[2024-06-04T09:14:40.463+0000] {local_task_job_runner.py:240} INFO - Task exited with return code 0
[2024-06-04T09:14:40.474+0000] {local_task_job_runner.py:222} INFO - ::endgroup::
[2024-06-04T09:20:49.757+0000] {local_task_job_runner.py:120} INFO - ::group::Pre task execution logs
[2024-06-04T09:20:49.780+0000] {taskinstance.py:2076} INFO - Dependencies all met for dep_context=non-requeueable deps ti=<TaskInstance: f1_data_pipeline_taskflow.circuitDim_transform scheduled__2024-06-03T00:00:00+00:00 [queued]>
[2024-06-04T09:20:49.789+0000] {taskinstance.py:2076} INFO - Dependencies all met for dep_context=requeueable deps ti=<TaskInstance: f1_data_pipeline_taskflow.circuitDim_transform scheduled__2024-06-03T00:00:00+00:00 [queued]>
[2024-06-04T09:20:49.789+0000] {taskinstance.py:2306} INFO - Starting attempt 1 of 1
[2024-06-04T09:20:49.802+0000] {taskinstance.py:2330} INFO - Executing <Task(_PythonDecoratedOperator): circuitDim_transform> on 2024-06-03 00:00:00+00:00
[2024-06-04T09:20:49.808+0000] {warnings.py:110} WARNING - /home/***/.local/lib/python3.12/site-packages/***/task/task_runner/standard_task_runner.py:61: DeprecationWarning: This process (pid=94) is multi-threaded, use of fork() may lead to deadlocks in the child.
  pid = os.fork()

[2024-06-04T09:20:49.809+0000] {standard_task_runner.py:63} INFO - Started process 115 to run task
[2024-06-04T09:20:49.811+0000] {standard_task_runner.py:90} INFO - Running: ['***', 'tasks', 'run', 'f1_data_pipeline_taskflow', 'circuitDim_transform', 'scheduled__2024-06-03T00:00:00+00:00', '--job-id', '7', '--raw', '--subdir', 'DAGS_FOLDER/etl_dag.py', '--cfg-path', '/tmp/tmpwzvov4zv']
[2024-06-04T09:20:49.813+0000] {standard_task_runner.py:91} INFO - Job 7: Subtask circuitDim_transform
[2024-06-04T09:20:49.865+0000] {task_command.py:426} INFO - Running <TaskInstance: f1_data_pipeline_taskflow.circuitDim_transform scheduled__2024-06-03T00:00:00+00:00 [running]> on host 9a492cf60085
[2024-06-04T09:20:51.825+0000] {taskinstance.py:2648} INFO - Exporting env vars: AIRFLOW_CTX_DAG_OWNER='***' AIRFLOW_CTX_DAG_ID='f1_data_pipeline_taskflow' AIRFLOW_CTX_TASK_ID='circuitDim_transform' AIRFLOW_CTX_EXECUTION_DATE='2024-06-03T00:00:00+00:00' AIRFLOW_CTX_TRY_NUMBER='1' AIRFLOW_CTX_DAG_RUN_ID='scheduled__2024-06-03T00:00:00+00:00'
[2024-06-04T09:20:51.831+0000] {taskinstance.py:430} INFO - ::endgroup::
[2024-06-04T09:20:51.899+0000] {python.py:237} INFO - Done. Returned value was:        circuitId  ...                                              url_y
0            1.0  ...  http://en.wikipedia.org/wiki/Melbourne_Grand_P...
232          2.0  ...  http://en.wikipedia.org/wiki/Sepang_Internatio...
680         17.0  ...  http://en.wikipedia.org/wiki/Shanghai_Internat...
1016         3.0  ...  http://en.wikipedia.org/wiki/Bahrain_Internati...
1187         4.0  ...  http://en.wikipedia.org/wiki/Circuit_de_Barcel...
1517         6.0  ...     http://en.wikipedia.org/wiki/Circuit_de_Monaco
1595         7.0  ...  http://en.wikipedia.org/wiki/Circuit_Gilles_Vi...
1735        12.0  ...  http://en.wikipedia.org/wiki/Valencia_Street_C...
1849         9.0  ...   http://en.wikipedia.org/wiki/Silverstone_Circuit
2057        10.0  ...        http://en.wikipedia.org/wiki/Hockenheimring
2191        11.0  ...           http://en.wikipedia.org/wiki/Hungaroring
2536        13.0  ...  http://en.wikipedia.org/wiki/Circuit_de_Spa-Fr...
2580        14.0  ...  http://en.wikipedia.org/wiki/Autodromo_Naziona...
2633        15.0  ...  http://en.wikipedia.org/wiki/Marina_Bay_Street...
2751        22.0  ...        http://en.wikipedia.org/wiki/Suzuka_Circuit
2963        68.0  ...  http://en.wikipedia.org/wiki/Buddh_Internation...
3083        24.0  ...    http://en.wikipedia.org/wiki/Yas_Marina_Circuit
3138        69.0  ...  http://en.wikipedia.org/wiki/Circuit_of_the_Am...
3250        18.0  ...  http://en.wikipedia.org/wiki/Aut%C3%B3dromo_Jo...
5231        20.0  ...      http://en.wikipedia.org/wiki/N%C3%BCrburgring
6137        35.0  ...  http://en.wikipedia.org/wiki/Korean_Internatio...
7928        70.0  ...         http://en.wikipedia.org/wiki/Red_Bull_Ring
9505        71.0  ...        http://en.wikipedia.org/wiki/Sochi_Autodrom
11588       32.0  ...  http://en.wikipedia.org/wiki/Aut%C3%B3dromo_He...
12166       73.0  ...     http://en.wikipedia.org/wiki/Baku_City_Circuit
16308       21.0  ...  http://en.wikipedia.org/wiki/Autodromo_Enzo_e_...
16560       75.0  ...  http://en.wikipedia.org/wiki/Algarve_Internati...
17472       34.0  ...   http://en.wikipedia.org/wiki/Paul_Ricard_Circuit
18246        5.0  ...         http://en.wikipedia.org/wiki/Istanbul_Park
18528       77.0  ...  http://en.wikipedia.org/wiki/Jeddah_Street_Cir...
19465       79.0  ...  http://en.wikipedia.org/wiki/Miami_Internation...
21329       39.0  ...     http://en.wikipedia.org/wiki/Circuit_Zandvoort
26721       76.0  ...       http://en.wikipedia.org/wiki/Mugello_Circuit
45754       78.0  ...  http://en.wikipedia.org/wiki/Losail_Internatio...

[34 rows x 9 columns]
[2024-06-04T09:20:51.917+0000] {taskinstance.py:441} INFO - ::group::Post task execution logs
[2024-06-04T09:20:51.951+0000] {taskinstance.py:1206} INFO - Marking task as SUCCESS. dag_id=f1_data_pipeline_taskflow, task_id=circuitDim_transform, run_id=scheduled__2024-06-03T00:00:00+00:00, execution_date=20240603T000000, start_date=20240604T092049, end_date=20240604T092051
[2024-06-04T09:20:52.004+0000] {local_task_job_runner.py:240} INFO - Task exited with return code 0
[2024-06-04T09:20:52.035+0000] {taskinstance.py:3498} INFO - 1 downstream tasks scheduled from follow-on schedule check
[2024-06-04T09:20:52.036+0000] {local_task_job_runner.py:222} INFO - ::endgroup::
[2024-06-04T09:35:00.645+0000] {local_task_job_runner.py:120} INFO - ::group::Pre task execution logs
[2024-06-04T09:35:00.672+0000] {taskinstance.py:2076} INFO - Dependencies all met for dep_context=non-requeueable deps ti=<TaskInstance: f1_data_pipeline_taskflow.circuitDim_transform scheduled__2024-06-03T00:00:00+00:00 [queued]>
[2024-06-04T09:35:00.682+0000] {taskinstance.py:2076} INFO - Dependencies all met for dep_context=requeueable deps ti=<TaskInstance: f1_data_pipeline_taskflow.circuitDim_transform scheduled__2024-06-03T00:00:00+00:00 [queued]>
[2024-06-04T09:35:00.682+0000] {taskinstance.py:2306} INFO - Starting attempt 1 of 1
[2024-06-04T09:35:00.694+0000] {taskinstance.py:2330} INFO - Executing <Task(_PythonDecoratedOperator): circuitDim_transform> on 2024-06-03 00:00:00+00:00
[2024-06-04T09:35:00.701+0000] {warnings.py:110} WARNING - /home/***/.local/lib/python3.12/site-packages/***/task/task_runner/standard_task_runner.py:61: DeprecationWarning: This process (pid=157) is multi-threaded, use of fork() may lead to deadlocks in the child.
  pid = os.fork()

[2024-06-04T09:35:00.702+0000] {standard_task_runner.py:63} INFO - Started process 174 to run task
[2024-06-04T09:35:00.702+0000] {standard_task_runner.py:90} INFO - Running: ['***', 'tasks', 'run', 'f1_data_pipeline_taskflow', 'circuitDim_transform', 'scheduled__2024-06-03T00:00:00+00:00', '--job-id', '5', '--raw', '--subdir', 'DAGS_FOLDER/etl_dag.py', '--cfg-path', '/tmp/tmpb5l5khnl']
[2024-06-04T09:35:00.705+0000] {standard_task_runner.py:91} INFO - Job 5: Subtask circuitDim_transform
[2024-06-04T09:35:00.750+0000] {task_command.py:426} INFO - Running <TaskInstance: f1_data_pipeline_taskflow.circuitDim_transform scheduled__2024-06-03T00:00:00+00:00 [running]> on host 5ac195476051
[2024-06-04T09:35:02.864+0000] {taskinstance.py:2648} INFO - Exporting env vars: AIRFLOW_CTX_DAG_OWNER='***' AIRFLOW_CTX_DAG_ID='f1_data_pipeline_taskflow' AIRFLOW_CTX_TASK_ID='circuitDim_transform' AIRFLOW_CTX_EXECUTION_DATE='2024-06-03T00:00:00+00:00' AIRFLOW_CTX_TRY_NUMBER='1' AIRFLOW_CTX_DAG_RUN_ID='scheduled__2024-06-03T00:00:00+00:00'
[2024-06-04T09:35:02.865+0000] {taskinstance.py:430} INFO - ::endgroup::
[2024-06-04T09:35:02.918+0000] {python.py:237} INFO - Done. Returned value was:        circuitId  ...                                              url_y
0            1.0  ...  http://en.wikipedia.org/wiki/Melbourne_Grand_P...
232          2.0  ...  http://en.wikipedia.org/wiki/Sepang_Internatio...
680         17.0  ...  http://en.wikipedia.org/wiki/Shanghai_Internat...
1016         3.0  ...  http://en.wikipedia.org/wiki/Bahrain_Internati...
1187         4.0  ...  http://en.wikipedia.org/wiki/Circuit_de_Barcel...
1517         6.0  ...     http://en.wikipedia.org/wiki/Circuit_de_Monaco
1595         7.0  ...  http://en.wikipedia.org/wiki/Circuit_Gilles_Vi...
1735        12.0  ...  http://en.wikipedia.org/wiki/Valencia_Street_C...
1849         9.0  ...   http://en.wikipedia.org/wiki/Silverstone_Circuit
2057        10.0  ...        http://en.wikipedia.org/wiki/Hockenheimring
2191        11.0  ...           http://en.wikipedia.org/wiki/Hungaroring
2536        13.0  ...  http://en.wikipedia.org/wiki/Circuit_de_Spa-Fr...
2580        14.0  ...  http://en.wikipedia.org/wiki/Autodromo_Naziona...
2633        15.0  ...  http://en.wikipedia.org/wiki/Marina_Bay_Street...
2751        22.0  ...        http://en.wikipedia.org/wiki/Suzuka_Circuit
2963        68.0  ...  http://en.wikipedia.org/wiki/Buddh_Internation...
3083        24.0  ...    http://en.wikipedia.org/wiki/Yas_Marina_Circuit
3138        69.0  ...  http://en.wikipedia.org/wiki/Circuit_of_the_Am...
3250        18.0  ...  http://en.wikipedia.org/wiki/Aut%C3%B3dromo_Jo...
5231        20.0  ...      http://en.wikipedia.org/wiki/N%C3%BCrburgring
6137        35.0  ...  http://en.wikipedia.org/wiki/Korean_Internatio...
7928        70.0  ...         http://en.wikipedia.org/wiki/Red_Bull_Ring
9505        71.0  ...        http://en.wikipedia.org/wiki/Sochi_Autodrom
11588       32.0  ...  http://en.wikipedia.org/wiki/Aut%C3%B3dromo_He...
12166       73.0  ...     http://en.wikipedia.org/wiki/Baku_City_Circuit
16308       21.0  ...  http://en.wikipedia.org/wiki/Autodromo_Enzo_e_...
16560       75.0  ...  http://en.wikipedia.org/wiki/Algarve_Internati...
17472       34.0  ...   http://en.wikipedia.org/wiki/Paul_Ricard_Circuit
18246        5.0  ...         http://en.wikipedia.org/wiki/Istanbul_Park
18528       77.0  ...  http://en.wikipedia.org/wiki/Jeddah_Street_Cir...
19465       79.0  ...  http://en.wikipedia.org/wiki/Miami_Internation...
21329       39.0  ...     http://en.wikipedia.org/wiki/Circuit_Zandvoort
26721       76.0  ...       http://en.wikipedia.org/wiki/Mugello_Circuit
45754       78.0  ...  http://en.wikipedia.org/wiki/Losail_Internatio...

[34 rows x 9 columns]
[2024-06-04T09:35:02.941+0000] {taskinstance.py:441} INFO - ::group::Post task execution logs
[2024-06-04T09:35:03.037+0000] {taskinstance.py:1206} INFO - Marking task as SUCCESS. dag_id=f1_data_pipeline_taskflow, task_id=circuitDim_transform, run_id=scheduled__2024-06-03T00:00:00+00:00, execution_date=20240603T000000, start_date=20240604T093500, end_date=20240604T093503
[2024-06-04T09:35:03.108+0000] {local_task_job_runner.py:240} INFO - Task exited with return code 0
[2024-06-04T09:35:03.127+0000] {local_task_job_runner.py:222} INFO - ::endgroup::
[2024-06-04T10:21:51.172+0000] {local_task_job_runner.py:120} INFO - ::group::Pre task execution logs
[2024-06-04T10:21:51.192+0000] {taskinstance.py:2076} INFO - Dependencies all met for dep_context=non-requeueable deps ti=<TaskInstance: f1_data_pipeline_taskflow.circuitDim_transform scheduled__2024-06-03T00:00:00+00:00 [queued]>
[2024-06-04T10:21:51.199+0000] {taskinstance.py:2076} INFO - Dependencies all met for dep_context=requeueable deps ti=<TaskInstance: f1_data_pipeline_taskflow.circuitDim_transform scheduled__2024-06-03T00:00:00+00:00 [queued]>
[2024-06-04T10:21:51.199+0000] {taskinstance.py:2306} INFO - Starting attempt 1 of 1
[2024-06-04T10:21:51.213+0000] {taskinstance.py:2330} INFO - Executing <Task(_PythonDecoratedOperator): circuitDim_transform> on 2024-06-03 00:00:00+00:00
[2024-06-04T10:21:51.218+0000] {warnings.py:110} WARNING - /home/***/.local/lib/python3.12/site-packages/***/task/task_runner/standard_task_runner.py:61: DeprecationWarning: This process (pid=97) is multi-threaded, use of fork() may lead to deadlocks in the child.
  pid = os.fork()

[2024-06-04T10:21:51.219+0000] {standard_task_runner.py:63} INFO - Started process 115 to run task
[2024-06-04T10:21:51.219+0000] {standard_task_runner.py:90} INFO - Running: ['***', 'tasks', 'run', 'f1_data_pipeline_taskflow', 'circuitDim_transform', 'scheduled__2024-06-03T00:00:00+00:00', '--job-id', '9', '--raw', '--subdir', 'DAGS_FOLDER/etl_dag.py', '--cfg-path', '/tmp/tmpf1t61vlj']
[2024-06-04T10:21:51.221+0000] {standard_task_runner.py:91} INFO - Job 9: Subtask circuitDim_transform
[2024-06-04T10:21:51.275+0000] {task_command.py:426} INFO - Running <TaskInstance: f1_data_pipeline_taskflow.circuitDim_transform scheduled__2024-06-03T00:00:00+00:00 [running]> on host 11fdb96bc2ba
[2024-06-04T10:21:53.158+0000] {taskinstance.py:2648} INFO - Exporting env vars: AIRFLOW_CTX_DAG_OWNER='***' AIRFLOW_CTX_DAG_ID='f1_data_pipeline_taskflow' AIRFLOW_CTX_TASK_ID='circuitDim_transform' AIRFLOW_CTX_EXECUTION_DATE='2024-06-03T00:00:00+00:00' AIRFLOW_CTX_TRY_NUMBER='1' AIRFLOW_CTX_DAG_RUN_ID='scheduled__2024-06-03T00:00:00+00:00'
[2024-06-04T10:21:53.160+0000] {taskinstance.py:430} INFO - ::endgroup::
[2024-06-04T10:21:53.220+0000] {python.py:237} INFO - Done. Returned value was:        circuitId  ...                                              url_y
0            1.0  ...  http://en.wikipedia.org/wiki/Melbourne_Grand_P...
232          2.0  ...  http://en.wikipedia.org/wiki/Sepang_Internatio...
680         17.0  ...  http://en.wikipedia.org/wiki/Shanghai_Internat...
1016         3.0  ...  http://en.wikipedia.org/wiki/Bahrain_Internati...
1187         4.0  ...  http://en.wikipedia.org/wiki/Circuit_de_Barcel...
1517         6.0  ...     http://en.wikipedia.org/wiki/Circuit_de_Monaco
1595         7.0  ...  http://en.wikipedia.org/wiki/Circuit_Gilles_Vi...
1735        12.0  ...  http://en.wikipedia.org/wiki/Valencia_Street_C...
1849         9.0  ...   http://en.wikipedia.org/wiki/Silverstone_Circuit
2057        10.0  ...        http://en.wikipedia.org/wiki/Hockenheimring
2191        11.0  ...           http://en.wikipedia.org/wiki/Hungaroring
2536        13.0  ...  http://en.wikipedia.org/wiki/Circuit_de_Spa-Fr...
2580        14.0  ...  http://en.wikipedia.org/wiki/Autodromo_Naziona...
2633        15.0  ...  http://en.wikipedia.org/wiki/Marina_Bay_Street...
2751        22.0  ...        http://en.wikipedia.org/wiki/Suzuka_Circuit
2963        68.0  ...  http://en.wikipedia.org/wiki/Buddh_Internation...
3083        24.0  ...    http://en.wikipedia.org/wiki/Yas_Marina_Circuit
3138        69.0  ...  http://en.wikipedia.org/wiki/Circuit_of_the_Am...
3250        18.0  ...  http://en.wikipedia.org/wiki/Aut%C3%B3dromo_Jo...
5231        20.0  ...      http://en.wikipedia.org/wiki/N%C3%BCrburgring
6137        35.0  ...  http://en.wikipedia.org/wiki/Korean_Internatio...
7928        70.0  ...         http://en.wikipedia.org/wiki/Red_Bull_Ring
9505        71.0  ...        http://en.wikipedia.org/wiki/Sochi_Autodrom
11588       32.0  ...  http://en.wikipedia.org/wiki/Aut%C3%B3dromo_He...
12166       73.0  ...     http://en.wikipedia.org/wiki/Baku_City_Circuit
16308       21.0  ...  http://en.wikipedia.org/wiki/Autodromo_Enzo_e_...
16560       75.0  ...  http://en.wikipedia.org/wiki/Algarve_Internati...
17472       34.0  ...   http://en.wikipedia.org/wiki/Paul_Ricard_Circuit
18246        5.0  ...         http://en.wikipedia.org/wiki/Istanbul_Park
18528       77.0  ...  http://en.wikipedia.org/wiki/Jeddah_Street_Cir...
19465       79.0  ...  http://en.wikipedia.org/wiki/Miami_Internation...
21329       39.0  ...     http://en.wikipedia.org/wiki/Circuit_Zandvoort
26721       76.0  ...       http://en.wikipedia.org/wiki/Mugello_Circuit
45754       78.0  ...  http://en.wikipedia.org/wiki/Losail_Internatio...

[34 rows x 9 columns]
[2024-06-04T10:21:53.244+0000] {taskinstance.py:441} INFO - ::group::Post task execution logs
[2024-06-04T10:21:53.276+0000] {taskinstance.py:1206} INFO - Marking task as SUCCESS. dag_id=f1_data_pipeline_taskflow, task_id=circuitDim_transform, run_id=scheduled__2024-06-03T00:00:00+00:00, execution_date=20240603T000000, start_date=20240604T102151, end_date=20240604T102153
[2024-06-04T10:21:53.345+0000] {local_task_job_runner.py:240} INFO - Task exited with return code 0
[2024-06-04T10:21:53.357+0000] {local_task_job_runner.py:222} INFO - ::endgroup::
[2024-06-04T12:38:01.960+0000] {local_task_job_runner.py:120} INFO - ::group::Pre task execution logs
[2024-06-04T12:38:01.982+0000] {taskinstance.py:2076} INFO - Dependencies all met for dep_context=non-requeueable deps ti=<TaskInstance: f1_data_pipeline_taskflow.circuitDim_transform scheduled__2024-06-03T00:00:00+00:00 [queued]>
[2024-06-04T12:38:01.990+0000] {taskinstance.py:2076} INFO - Dependencies all met for dep_context=requeueable deps ti=<TaskInstance: f1_data_pipeline_taskflow.circuitDim_transform scheduled__2024-06-03T00:00:00+00:00 [queued]>
[2024-06-04T12:38:01.991+0000] {taskinstance.py:2306} INFO - Starting attempt 1 of 1
[2024-06-04T12:38:02.005+0000] {taskinstance.py:2330} INFO - Executing <Task(_PythonDecoratedOperator): circuitDim_transform> on 2024-06-03 00:00:00+00:00
[2024-06-04T12:38:02.012+0000] {warnings.py:110} WARNING - /home/***/.local/lib/python3.12/site-packages/***/task/task_runner/standard_task_runner.py:61: DeprecationWarning: This process (pid=179) is multi-threaded, use of fork() may lead to deadlocks in the child.
  pid = os.fork()

[2024-06-04T12:38:02.014+0000] {standard_task_runner.py:63} INFO - Started process 197 to run task
[2024-06-04T12:38:02.014+0000] {standard_task_runner.py:90} INFO - Running: ['***', 'tasks', 'run', 'f1_data_pipeline_taskflow', 'circuitDim_transform', 'scheduled__2024-06-03T00:00:00+00:00', '--job-id', '5', '--raw', '--subdir', 'DAGS_FOLDER/etl_dag.py', '--cfg-path', '/tmp/tmpy203vga_']
[2024-06-04T12:38:02.016+0000] {standard_task_runner.py:91} INFO - Job 5: Subtask circuitDim_transform
[2024-06-04T12:38:02.064+0000] {task_command.py:426} INFO - Running <TaskInstance: f1_data_pipeline_taskflow.circuitDim_transform scheduled__2024-06-03T00:00:00+00:00 [running]> on host 7aeb235ee08d
[2024-06-04T12:38:04.186+0000] {taskinstance.py:2648} INFO - Exporting env vars: AIRFLOW_CTX_DAG_OWNER='***' AIRFLOW_CTX_DAG_ID='f1_data_pipeline_taskflow' AIRFLOW_CTX_TASK_ID='circuitDim_transform' AIRFLOW_CTX_EXECUTION_DATE='2024-06-03T00:00:00+00:00' AIRFLOW_CTX_TRY_NUMBER='1' AIRFLOW_CTX_DAG_RUN_ID='scheduled__2024-06-03T00:00:00+00:00'
[2024-06-04T12:38:04.189+0000] {taskinstance.py:430} INFO - ::endgroup::
[2024-06-04T12:38:04.250+0000] {python.py:237} INFO - Done. Returned value was:        circuitId  ...                                              url_y
0            1.0  ...  http://en.wikipedia.org/wiki/Melbourne_Grand_P...
232          2.0  ...  http://en.wikipedia.org/wiki/Sepang_Internatio...
680         17.0  ...  http://en.wikipedia.org/wiki/Shanghai_Internat...
1016         3.0  ...  http://en.wikipedia.org/wiki/Bahrain_Internati...
1187         4.0  ...  http://en.wikipedia.org/wiki/Circuit_de_Barcel...
1517         6.0  ...     http://en.wikipedia.org/wiki/Circuit_de_Monaco
1595         7.0  ...  http://en.wikipedia.org/wiki/Circuit_Gilles_Vi...
1735        12.0  ...  http://en.wikipedia.org/wiki/Valencia_Street_C...
1849         9.0  ...   http://en.wikipedia.org/wiki/Silverstone_Circuit
2057        10.0  ...        http://en.wikipedia.org/wiki/Hockenheimring
2191        11.0  ...           http://en.wikipedia.org/wiki/Hungaroring
2536        13.0  ...  http://en.wikipedia.org/wiki/Circuit_de_Spa-Fr...
2580        14.0  ...  http://en.wikipedia.org/wiki/Autodromo_Naziona...
2633        15.0  ...  http://en.wikipedia.org/wiki/Marina_Bay_Street...
2751        22.0  ...        http://en.wikipedia.org/wiki/Suzuka_Circuit
2963        68.0  ...  http://en.wikipedia.org/wiki/Buddh_Internation...
3083        24.0  ...    http://en.wikipedia.org/wiki/Yas_Marina_Circuit
3138        69.0  ...  http://en.wikipedia.org/wiki/Circuit_of_the_Am...
3250        18.0  ...  http://en.wikipedia.org/wiki/Aut%C3%B3dromo_Jo...
5231        20.0  ...      http://en.wikipedia.org/wiki/N%C3%BCrburgring
6137        35.0  ...  http://en.wikipedia.org/wiki/Korean_Internatio...
7928        70.0  ...         http://en.wikipedia.org/wiki/Red_Bull_Ring
9505        71.0  ...        http://en.wikipedia.org/wiki/Sochi_Autodrom
11588       32.0  ...  http://en.wikipedia.org/wiki/Aut%C3%B3dromo_He...
12166       73.0  ...     http://en.wikipedia.org/wiki/Baku_City_Circuit
16308       21.0  ...  http://en.wikipedia.org/wiki/Autodromo_Enzo_e_...
16560       75.0  ...  http://en.wikipedia.org/wiki/Algarve_Internati...
17472       34.0  ...   http://en.wikipedia.org/wiki/Paul_Ricard_Circuit
18246        5.0  ...         http://en.wikipedia.org/wiki/Istanbul_Park
18528       77.0  ...  http://en.wikipedia.org/wiki/Jeddah_Street_Cir...
19465       79.0  ...  http://en.wikipedia.org/wiki/Miami_Internation...
21329       39.0  ...     http://en.wikipedia.org/wiki/Circuit_Zandvoort
26721       76.0  ...       http://en.wikipedia.org/wiki/Mugello_Circuit
45754       78.0  ...  http://en.wikipedia.org/wiki/Losail_Internatio...

[34 rows x 9 columns]
[2024-06-04T12:38:04.271+0000] {taskinstance.py:441} INFO - ::group::Post task execution logs
[2024-06-04T12:38:04.335+0000] {taskinstance.py:1206} INFO - Marking task as SUCCESS. dag_id=f1_data_pipeline_taskflow, task_id=circuitDim_transform, run_id=scheduled__2024-06-03T00:00:00+00:00, execution_date=20240603T000000, start_date=20240604T123801, end_date=20240604T123804
[2024-06-04T12:38:04.374+0000] {local_task_job_runner.py:240} INFO - Task exited with return code 0
[2024-06-04T12:38:04.406+0000] {taskinstance.py:3498} INFO - 1 downstream tasks scheduled from follow-on schedule check
[2024-06-04T12:38:04.408+0000] {local_task_job_runner.py:222} INFO - ::endgroup::
[2024-06-04T13:05:07.050+0000] {local_task_job_runner.py:120} INFO - ::group::Pre task execution logs
[2024-06-04T13:05:07.067+0000] {taskinstance.py:2076} INFO - Dependencies all met for dep_context=non-requeueable deps ti=<TaskInstance: f1_data_pipeline_taskflow.circuitDim_transform scheduled__2024-06-03T00:00:00+00:00 [queued]>
[2024-06-04T13:05:07.074+0000] {taskinstance.py:2076} INFO - Dependencies all met for dep_context=requeueable deps ti=<TaskInstance: f1_data_pipeline_taskflow.circuitDim_transform scheduled__2024-06-03T00:00:00+00:00 [queued]>
[2024-06-04T13:05:07.074+0000] {taskinstance.py:2306} INFO - Starting attempt 1 of 1
[2024-06-04T13:05:07.084+0000] {taskinstance.py:2330} INFO - Executing <Task(_PythonDecoratedOperator): circuitDim_transform> on 2024-06-03 00:00:00+00:00
[2024-06-04T13:05:07.089+0000] {warnings.py:110} WARNING - /home/***/.local/lib/python3.12/site-packages/***/task/task_runner/standard_task_runner.py:61: DeprecationWarning: This process (pid=102) is multi-threaded, use of fork() may lead to deadlocks in the child.
  pid = os.fork()

[2024-06-04T13:05:07.090+0000] {standard_task_runner.py:63} INFO - Started process 122 to run task
[2024-06-04T13:05:07.090+0000] {standard_task_runner.py:90} INFO - Running: ['***', 'tasks', 'run', 'f1_data_pipeline_taskflow', 'circuitDim_transform', 'scheduled__2024-06-03T00:00:00+00:00', '--job-id', '9', '--raw', '--subdir', 'DAGS_FOLDER/etl_dag.py', '--cfg-path', '/tmp/tmp8j48i1rw']
[2024-06-04T13:05:07.092+0000] {standard_task_runner.py:91} INFO - Job 9: Subtask circuitDim_transform
[2024-06-04T13:05:07.133+0000] {task_command.py:426} INFO - Running <TaskInstance: f1_data_pipeline_taskflow.circuitDim_transform scheduled__2024-06-03T00:00:00+00:00 [running]> on host aaf296cae260
[2024-06-04T13:05:09.095+0000] {taskinstance.py:2648} INFO - Exporting env vars: AIRFLOW_CTX_DAG_OWNER='***' AIRFLOW_CTX_DAG_ID='f1_data_pipeline_taskflow' AIRFLOW_CTX_TASK_ID='circuitDim_transform' AIRFLOW_CTX_EXECUTION_DATE='2024-06-03T00:00:00+00:00' AIRFLOW_CTX_TRY_NUMBER='1' AIRFLOW_CTX_DAG_RUN_ID='scheduled__2024-06-03T00:00:00+00:00'
[2024-06-04T13:05:09.097+0000] {taskinstance.py:430} INFO - ::endgroup::
[2024-06-04T13:05:09.164+0000] {python.py:237} INFO - Done. Returned value was:        circuitId  ...                                              url_y
0            1.0  ...  http://en.wikipedia.org/wiki/Melbourne_Grand_P...
232          2.0  ...  http://en.wikipedia.org/wiki/Sepang_Internatio...
680         17.0  ...  http://en.wikipedia.org/wiki/Shanghai_Internat...
1016         3.0  ...  http://en.wikipedia.org/wiki/Bahrain_Internati...
1187         4.0  ...  http://en.wikipedia.org/wiki/Circuit_de_Barcel...
1517         6.0  ...     http://en.wikipedia.org/wiki/Circuit_de_Monaco
1595         7.0  ...  http://en.wikipedia.org/wiki/Circuit_Gilles_Vi...
1735        12.0  ...  http://en.wikipedia.org/wiki/Valencia_Street_C...
1849         9.0  ...   http://en.wikipedia.org/wiki/Silverstone_Circuit
2057        10.0  ...        http://en.wikipedia.org/wiki/Hockenheimring
2191        11.0  ...           http://en.wikipedia.org/wiki/Hungaroring
2536        13.0  ...  http://en.wikipedia.org/wiki/Circuit_de_Spa-Fr...
2580        14.0  ...  http://en.wikipedia.org/wiki/Autodromo_Naziona...
2633        15.0  ...  http://en.wikipedia.org/wiki/Marina_Bay_Street...
2751        22.0  ...        http://en.wikipedia.org/wiki/Suzuka_Circuit
2963        68.0  ...  http://en.wikipedia.org/wiki/Buddh_Internation...
3083        24.0  ...    http://en.wikipedia.org/wiki/Yas_Marina_Circuit
3138        69.0  ...  http://en.wikipedia.org/wiki/Circuit_of_the_Am...
3250        18.0  ...  http://en.wikipedia.org/wiki/Aut%C3%B3dromo_Jo...
5231        20.0  ...      http://en.wikipedia.org/wiki/N%C3%BCrburgring
6137        35.0  ...  http://en.wikipedia.org/wiki/Korean_Internatio...
7928        70.0  ...         http://en.wikipedia.org/wiki/Red_Bull_Ring
9505        71.0  ...        http://en.wikipedia.org/wiki/Sochi_Autodrom
11588       32.0  ...  http://en.wikipedia.org/wiki/Aut%C3%B3dromo_He...
12166       73.0  ...     http://en.wikipedia.org/wiki/Baku_City_Circuit
16308       21.0  ...  http://en.wikipedia.org/wiki/Autodromo_Enzo_e_...
16560       75.0  ...  http://en.wikipedia.org/wiki/Algarve_Internati...
17472       34.0  ...   http://en.wikipedia.org/wiki/Paul_Ricard_Circuit
18246        5.0  ...         http://en.wikipedia.org/wiki/Istanbul_Park
18528       77.0  ...  http://en.wikipedia.org/wiki/Jeddah_Street_Cir...
19465       79.0  ...  http://en.wikipedia.org/wiki/Miami_Internation...
21329       39.0  ...     http://en.wikipedia.org/wiki/Circuit_Zandvoort
26721       76.0  ...       http://en.wikipedia.org/wiki/Mugello_Circuit
45754       78.0  ...  http://en.wikipedia.org/wiki/Losail_Internatio...

[34 rows x 9 columns]
[2024-06-04T13:05:09.179+0000] {taskinstance.py:441} INFO - ::group::Post task execution logs
[2024-06-04T13:05:09.209+0000] {taskinstance.py:1206} INFO - Marking task as SUCCESS. dag_id=f1_data_pipeline_taskflow, task_id=circuitDim_transform, run_id=scheduled__2024-06-03T00:00:00+00:00, execution_date=20240603T000000, start_date=20240604T130507, end_date=20240604T130509
[2024-06-04T13:05:09.285+0000] {local_task_job_runner.py:240} INFO - Task exited with return code 0
[2024-06-04T13:05:09.297+0000] {local_task_job_runner.py:222} INFO - ::endgroup::
[2024-06-04T13:24:59.517+0000] {local_task_job_runner.py:120} INFO - ::group::Pre task execution logs
[2024-06-04T13:24:59.544+0000] {taskinstance.py:2076} INFO - Dependencies all met for dep_context=non-requeueable deps ti=<TaskInstance: f1_data_pipeline_taskflow.circuitDim_transform scheduled__2024-06-03T00:00:00+00:00 [queued]>
[2024-06-04T13:24:59.553+0000] {taskinstance.py:2076} INFO - Dependencies all met for dep_context=requeueable deps ti=<TaskInstance: f1_data_pipeline_taskflow.circuitDim_transform scheduled__2024-06-03T00:00:00+00:00 [queued]>
[2024-06-04T13:24:59.554+0000] {taskinstance.py:2306} INFO - Starting attempt 1 of 1
[2024-06-04T13:24:59.568+0000] {taskinstance.py:2330} INFO - Executing <Task(_PythonDecoratedOperator): circuitDim_transform> on 2024-06-03 00:00:00+00:00
[2024-06-04T13:24:59.574+0000] {warnings.py:110} WARNING - /home/***/.local/lib/python3.12/site-packages/***/task/task_runner/standard_task_runner.py:61: DeprecationWarning: This process (pid=97) is multi-threaded, use of fork() may lead to deadlocks in the child.
  pid = os.fork()

[2024-06-04T13:24:59.578+0000] {standard_task_runner.py:63} INFO - Started process 110 to run task
[2024-06-04T13:24:59.575+0000] {standard_task_runner.py:90} INFO - Running: ['***', 'tasks', 'run', 'f1_data_pipeline_taskflow', 'circuitDim_transform', 'scheduled__2024-06-03T00:00:00+00:00', '--job-id', '5', '--raw', '--subdir', 'DAGS_FOLDER/etl_dag.py', '--cfg-path', '/tmp/tmpsmktw6lo']
[2024-06-04T13:24:59.578+0000] {standard_task_runner.py:91} INFO - Job 5: Subtask circuitDim_transform
[2024-06-04T13:24:59.625+0000] {task_command.py:426} INFO - Running <TaskInstance: f1_data_pipeline_taskflow.circuitDim_transform scheduled__2024-06-03T00:00:00+00:00 [running]> on host 55cd6db943bb
[2024-06-04T13:25:01.776+0000] {taskinstance.py:2648} INFO - Exporting env vars: AIRFLOW_CTX_DAG_OWNER='***' AIRFLOW_CTX_DAG_ID='f1_data_pipeline_taskflow' AIRFLOW_CTX_TASK_ID='circuitDim_transform' AIRFLOW_CTX_EXECUTION_DATE='2024-06-03T00:00:00+00:00' AIRFLOW_CTX_TRY_NUMBER='1' AIRFLOW_CTX_DAG_RUN_ID='scheduled__2024-06-03T00:00:00+00:00'
[2024-06-04T13:25:01.779+0000] {taskinstance.py:430} INFO - ::endgroup::
[2024-06-04T13:25:01.851+0000] {python.py:237} INFO - Done. Returned value was:        circuitId  ...                                              url_y
0            1.0  ...  http://en.wikipedia.org/wiki/Melbourne_Grand_P...
232          2.0  ...  http://en.wikipedia.org/wiki/Sepang_Internatio...
680         17.0  ...  http://en.wikipedia.org/wiki/Shanghai_Internat...
1016         3.0  ...  http://en.wikipedia.org/wiki/Bahrain_Internati...
1187         4.0  ...  http://en.wikipedia.org/wiki/Circuit_de_Barcel...
1517         6.0  ...     http://en.wikipedia.org/wiki/Circuit_de_Monaco
1595         7.0  ...  http://en.wikipedia.org/wiki/Circuit_Gilles_Vi...
1735        12.0  ...  http://en.wikipedia.org/wiki/Valencia_Street_C...
1849         9.0  ...   http://en.wikipedia.org/wiki/Silverstone_Circuit
2057        10.0  ...        http://en.wikipedia.org/wiki/Hockenheimring
2191        11.0  ...           http://en.wikipedia.org/wiki/Hungaroring
2536        13.0  ...  http://en.wikipedia.org/wiki/Circuit_de_Spa-Fr...
2580        14.0  ...  http://en.wikipedia.org/wiki/Autodromo_Naziona...
2633        15.0  ...  http://en.wikipedia.org/wiki/Marina_Bay_Street...
2751        22.0  ...        http://en.wikipedia.org/wiki/Suzuka_Circuit
2963        68.0  ...  http://en.wikipedia.org/wiki/Buddh_Internation...
3083        24.0  ...    http://en.wikipedia.org/wiki/Yas_Marina_Circuit
3138        69.0  ...  http://en.wikipedia.org/wiki/Circuit_of_the_Am...
3250        18.0  ...  http://en.wikipedia.org/wiki/Aut%C3%B3dromo_Jo...
5231        20.0  ...      http://en.wikipedia.org/wiki/N%C3%BCrburgring
6137        35.0  ...  http://en.wikipedia.org/wiki/Korean_Internatio...
7928        70.0  ...         http://en.wikipedia.org/wiki/Red_Bull_Ring
9505        71.0  ...        http://en.wikipedia.org/wiki/Sochi_Autodrom
11588       32.0  ...  http://en.wikipedia.org/wiki/Aut%C3%B3dromo_He...
12166       73.0  ...     http://en.wikipedia.org/wiki/Baku_City_Circuit
16308       21.0  ...  http://en.wikipedia.org/wiki/Autodromo_Enzo_e_...
16560       75.0  ...  http://en.wikipedia.org/wiki/Algarve_Internati...
17472       34.0  ...   http://en.wikipedia.org/wiki/Paul_Ricard_Circuit
18246        5.0  ...         http://en.wikipedia.org/wiki/Istanbul_Park
18528       77.0  ...  http://en.wikipedia.org/wiki/Jeddah_Street_Cir...
19465       79.0  ...  http://en.wikipedia.org/wiki/Miami_Internation...
21329       39.0  ...     http://en.wikipedia.org/wiki/Circuit_Zandvoort
26721       76.0  ...       http://en.wikipedia.org/wiki/Mugello_Circuit
45754       78.0  ...  http://en.wikipedia.org/wiki/Losail_Internatio...

[34 rows x 9 columns]
[2024-06-04T13:25:01.873+0000] {taskinstance.py:441} INFO - ::group::Post task execution logs
[2024-06-04T13:25:01.947+0000] {taskinstance.py:1206} INFO - Marking task as SUCCESS. dag_id=f1_data_pipeline_taskflow, task_id=circuitDim_transform, run_id=scheduled__2024-06-03T00:00:00+00:00, execution_date=20240603T000000, start_date=20240604T132459, end_date=20240604T132501
[2024-06-04T13:25:02.060+0000] {local_task_job_runner.py:240} INFO - Task exited with return code 0
[2024-06-04T13:25:02.075+0000] {local_task_job_runner.py:222} INFO - ::endgroup::
[2024-06-04T13:52:57.039+0000] {local_task_job_runner.py:120} INFO - ::group::Pre task execution logs
[2024-06-04T13:52:57.219+0000] {taskinstance.py:2076} INFO - Dependencies all met for dep_context=non-requeueable deps ti=<TaskInstance: f1_data_pipeline_taskflow.circuitDim_transform scheduled__2024-06-03T00:00:00+00:00 [queued]>
[2024-06-04T13:52:57.229+0000] {taskinstance.py:2076} INFO - Dependencies all met for dep_context=requeueable deps ti=<TaskInstance: f1_data_pipeline_taskflow.circuitDim_transform scheduled__2024-06-03T00:00:00+00:00 [queued]>
[2024-06-04T13:52:57.229+0000] {taskinstance.py:2306} INFO - Starting attempt 1 of 1
[2024-06-04T13:52:57.240+0000] {taskinstance.py:2330} INFO - Executing <Task(_PythonDecoratedOperator): circuitDim_transform> on 2024-06-03 00:00:00+00:00
[2024-06-04T13:52:57.245+0000] {warnings.py:110} WARNING - /home/***/.local/lib/python3.12/site-packages/***/task/task_runner/standard_task_runner.py:61: DeprecationWarning: This process (pid=97) is multi-threaded, use of fork() may lead to deadlocks in the child.
  pid = os.fork()

[2024-06-04T13:52:57.246+0000] {standard_task_runner.py:63} INFO - Started process 117 to run task
[2024-06-04T13:52:57.247+0000] {standard_task_runner.py:90} INFO - Running: ['***', 'tasks', 'run', 'f1_data_pipeline_taskflow', 'circuitDim_transform', 'scheduled__2024-06-03T00:00:00+00:00', '--job-id', '4', '--raw', '--subdir', 'DAGS_FOLDER/etl_dag.py', '--cfg-path', '/tmp/tmp0mmb23tl']
[2024-06-04T13:52:57.249+0000] {standard_task_runner.py:91} INFO - Job 4: Subtask circuitDim_transform
[2024-06-04T13:52:57.289+0000] {task_command.py:426} INFO - Running <TaskInstance: f1_data_pipeline_taskflow.circuitDim_transform scheduled__2024-06-03T00:00:00+00:00 [running]> on host 43686a6526ed
[2024-06-04T13:52:59.480+0000] {taskinstance.py:2648} INFO - Exporting env vars: AIRFLOW_CTX_DAG_OWNER='***' AIRFLOW_CTX_DAG_ID='f1_data_pipeline_taskflow' AIRFLOW_CTX_TASK_ID='circuitDim_transform' AIRFLOW_CTX_EXECUTION_DATE='2024-06-03T00:00:00+00:00' AIRFLOW_CTX_TRY_NUMBER='1' AIRFLOW_CTX_DAG_RUN_ID='scheduled__2024-06-03T00:00:00+00:00'
[2024-06-04T13:52:59.482+0000] {taskinstance.py:430} INFO - ::endgroup::
[2024-06-04T13:52:59.545+0000] {python.py:237} INFO - Done. Returned value was:        circuitId  ...                                              url_y
0            1.0  ...  http://en.wikipedia.org/wiki/Melbourne_Grand_P...
232          2.0  ...  http://en.wikipedia.org/wiki/Sepang_Internatio...
680         17.0  ...  http://en.wikipedia.org/wiki/Shanghai_Internat...
1016         3.0  ...  http://en.wikipedia.org/wiki/Bahrain_Internati...
1187         4.0  ...  http://en.wikipedia.org/wiki/Circuit_de_Barcel...
1517         6.0  ...     http://en.wikipedia.org/wiki/Circuit_de_Monaco
1595         7.0  ...  http://en.wikipedia.org/wiki/Circuit_Gilles_Vi...
1735        12.0  ...  http://en.wikipedia.org/wiki/Valencia_Street_C...
1849         9.0  ...   http://en.wikipedia.org/wiki/Silverstone_Circuit
2057        10.0  ...        http://en.wikipedia.org/wiki/Hockenheimring
2191        11.0  ...           http://en.wikipedia.org/wiki/Hungaroring
2536        13.0  ...  http://en.wikipedia.org/wiki/Circuit_de_Spa-Fr...
2580        14.0  ...  http://en.wikipedia.org/wiki/Autodromo_Naziona...
2633        15.0  ...  http://en.wikipedia.org/wiki/Marina_Bay_Street...
2751        22.0  ...        http://en.wikipedia.org/wiki/Suzuka_Circuit
2963        68.0  ...  http://en.wikipedia.org/wiki/Buddh_Internation...
3083        24.0  ...    http://en.wikipedia.org/wiki/Yas_Marina_Circuit
3138        69.0  ...  http://en.wikipedia.org/wiki/Circuit_of_the_Am...
3250        18.0  ...  http://en.wikipedia.org/wiki/Aut%C3%B3dromo_Jo...
5231        20.0  ...      http://en.wikipedia.org/wiki/N%C3%BCrburgring
6137        35.0  ...  http://en.wikipedia.org/wiki/Korean_Internatio...
7928        70.0  ...         http://en.wikipedia.org/wiki/Red_Bull_Ring
9505        71.0  ...        http://en.wikipedia.org/wiki/Sochi_Autodrom
11588       32.0  ...  http://en.wikipedia.org/wiki/Aut%C3%B3dromo_He...
12166       73.0  ...     http://en.wikipedia.org/wiki/Baku_City_Circuit
16308       21.0  ...  http://en.wikipedia.org/wiki/Autodromo_Enzo_e_...
16560       75.0  ...  http://en.wikipedia.org/wiki/Algarve_Internati...
17472       34.0  ...   http://en.wikipedia.org/wiki/Paul_Ricard_Circuit
18246        5.0  ...         http://en.wikipedia.org/wiki/Istanbul_Park
18528       77.0  ...  http://en.wikipedia.org/wiki/Jeddah_Street_Cir...
19465       79.0  ...  http://en.wikipedia.org/wiki/Miami_Internation...
21329       39.0  ...     http://en.wikipedia.org/wiki/Circuit_Zandvoort
26721       76.0  ...       http://en.wikipedia.org/wiki/Mugello_Circuit
45754       78.0  ...  http://en.wikipedia.org/wiki/Losail_Internatio...

[34 rows x 9 columns]
[2024-06-04T13:52:59.562+0000] {taskinstance.py:441} INFO - ::group::Post task execution logs
[2024-06-04T13:52:59.593+0000] {taskinstance.py:1206} INFO - Marking task as SUCCESS. dag_id=f1_data_pipeline_taskflow, task_id=circuitDim_transform, run_id=scheduled__2024-06-03T00:00:00+00:00, execution_date=20240603T000000, start_date=20240604T135257, end_date=20240604T135259
[2024-06-04T13:52:59.662+0000] {local_task_job_runner.py:240} INFO - Task exited with return code 0
[2024-06-04T13:52:59.671+0000] {local_task_job_runner.py:222} INFO - ::endgroup::
[2024-06-04T14:01:30.819+0000] {local_task_job_runner.py:120} INFO - ::group::Pre task execution logs
[2024-06-04T14:01:30.836+0000] {taskinstance.py:2076} INFO - Dependencies all met for dep_context=non-requeueable deps ti=<TaskInstance: f1_data_pipeline_taskflow.circuitDim_transform scheduled__2024-06-03T00:00:00+00:00 [queued]>
[2024-06-04T14:01:30.844+0000] {taskinstance.py:2076} INFO - Dependencies all met for dep_context=requeueable deps ti=<TaskInstance: f1_data_pipeline_taskflow.circuitDim_transform scheduled__2024-06-03T00:00:00+00:00 [queued]>
[2024-06-04T14:01:30.844+0000] {taskinstance.py:2306} INFO - Starting attempt 1 of 1
[2024-06-04T14:01:30.857+0000] {taskinstance.py:2330} INFO - Executing <Task(_PythonDecoratedOperator): circuitDim_transform> on 2024-06-03 00:00:00+00:00
[2024-06-04T14:01:30.862+0000] {warnings.py:110} WARNING - /home/***/.local/lib/python3.12/site-packages/***/task/task_runner/standard_task_runner.py:61: DeprecationWarning: This process (pid=97) is multi-threaded, use of fork() may lead to deadlocks in the child.
  pid = os.fork()

[2024-06-04T14:01:30.863+0000] {standard_task_runner.py:63} INFO - Started process 114 to run task
[2024-06-04T14:01:30.863+0000] {standard_task_runner.py:90} INFO - Running: ['***', 'tasks', 'run', 'f1_data_pipeline_taskflow', 'circuitDim_transform', 'scheduled__2024-06-03T00:00:00+00:00', '--job-id', '7', '--raw', '--subdir', 'DAGS_FOLDER/etl_dag.py', '--cfg-path', '/tmp/tmp47ohc7vx']
[2024-06-04T14:01:30.865+0000] {standard_task_runner.py:91} INFO - Job 7: Subtask circuitDim_transform
[2024-06-04T14:01:30.915+0000] {task_command.py:426} INFO - Running <TaskInstance: f1_data_pipeline_taskflow.circuitDim_transform scheduled__2024-06-03T00:00:00+00:00 [running]> on host 7bdd51a4d37b
[2024-06-04T14:01:33.056+0000] {taskinstance.py:2648} INFO - Exporting env vars: AIRFLOW_CTX_DAG_OWNER='***' AIRFLOW_CTX_DAG_ID='f1_data_pipeline_taskflow' AIRFLOW_CTX_TASK_ID='circuitDim_transform' AIRFLOW_CTX_EXECUTION_DATE='2024-06-03T00:00:00+00:00' AIRFLOW_CTX_TRY_NUMBER='1' AIRFLOW_CTX_DAG_RUN_ID='scheduled__2024-06-03T00:00:00+00:00'
[2024-06-04T14:01:33.062+0000] {taskinstance.py:430} INFO - ::endgroup::
[2024-06-04T14:01:33.118+0000] {python.py:237} INFO - Done. Returned value was:        circuitId  ...                                              url_y
0            1.0  ...  http://en.wikipedia.org/wiki/Melbourne_Grand_P...
232          2.0  ...  http://en.wikipedia.org/wiki/Sepang_Internatio...
680         17.0  ...  http://en.wikipedia.org/wiki/Shanghai_Internat...
1016         3.0  ...  http://en.wikipedia.org/wiki/Bahrain_Internati...
1187         4.0  ...  http://en.wikipedia.org/wiki/Circuit_de_Barcel...
1517         6.0  ...     http://en.wikipedia.org/wiki/Circuit_de_Monaco
1595         7.0  ...  http://en.wikipedia.org/wiki/Circuit_Gilles_Vi...
1735        12.0  ...  http://en.wikipedia.org/wiki/Valencia_Street_C...
1849         9.0  ...   http://en.wikipedia.org/wiki/Silverstone_Circuit
2057        10.0  ...        http://en.wikipedia.org/wiki/Hockenheimring
2191        11.0  ...           http://en.wikipedia.org/wiki/Hungaroring
2536        13.0  ...  http://en.wikipedia.org/wiki/Circuit_de_Spa-Fr...
2580        14.0  ...  http://en.wikipedia.org/wiki/Autodromo_Naziona...
2633        15.0  ...  http://en.wikipedia.org/wiki/Marina_Bay_Street...
2751        22.0  ...        http://en.wikipedia.org/wiki/Suzuka_Circuit
2963        68.0  ...  http://en.wikipedia.org/wiki/Buddh_Internation...
3083        24.0  ...    http://en.wikipedia.org/wiki/Yas_Marina_Circuit
3138        69.0  ...  http://en.wikipedia.org/wiki/Circuit_of_the_Am...
3250        18.0  ...  http://en.wikipedia.org/wiki/Aut%C3%B3dromo_Jo...
5231        20.0  ...      http://en.wikipedia.org/wiki/N%C3%BCrburgring
6137        35.0  ...  http://en.wikipedia.org/wiki/Korean_Internatio...
7928        70.0  ...         http://en.wikipedia.org/wiki/Red_Bull_Ring
9505        71.0  ...        http://en.wikipedia.org/wiki/Sochi_Autodrom
11588       32.0  ...  http://en.wikipedia.org/wiki/Aut%C3%B3dromo_He...
12166       73.0  ...     http://en.wikipedia.org/wiki/Baku_City_Circuit
16308       21.0  ...  http://en.wikipedia.org/wiki/Autodromo_Enzo_e_...
16560       75.0  ...  http://en.wikipedia.org/wiki/Algarve_Internati...
17472       34.0  ...   http://en.wikipedia.org/wiki/Paul_Ricard_Circuit
18246        5.0  ...         http://en.wikipedia.org/wiki/Istanbul_Park
18528       77.0  ...  http://en.wikipedia.org/wiki/Jeddah_Street_Cir...
19465       79.0  ...  http://en.wikipedia.org/wiki/Miami_Internation...
21329       39.0  ...     http://en.wikipedia.org/wiki/Circuit_Zandvoort
26721       76.0  ...       http://en.wikipedia.org/wiki/Mugello_Circuit
45754       78.0  ...  http://en.wikipedia.org/wiki/Losail_Internatio...

[34 rows x 9 columns]
[2024-06-04T14:01:33.135+0000] {taskinstance.py:441} INFO - ::group::Post task execution logs
[2024-06-04T14:01:33.192+0000] {taskinstance.py:1206} INFO - Marking task as SUCCESS. dag_id=f1_data_pipeline_taskflow, task_id=circuitDim_transform, run_id=scheduled__2024-06-03T00:00:00+00:00, execution_date=20240603T000000, start_date=20240604T140130, end_date=20240604T140133
[2024-06-04T14:01:33.248+0000] {local_task_job_runner.py:240} INFO - Task exited with return code 0
[2024-06-04T14:01:33.288+0000] {taskinstance.py:3498} INFO - 1 downstream tasks scheduled from follow-on schedule check
[2024-06-04T14:01:33.290+0000] {local_task_job_runner.py:222} INFO - ::endgroup::
