[2024-06-17T11:28:52.087+0000] {local_task_job_runner.py:120} INFO - ::group::Pre task execution logs
[2024-06-17T11:28:52.102+0000] {taskinstance.py:2076} INFO - Dependencies all met for dep_context=non-requeueable deps ti=<TaskInstance: f1_data_pipeline_kafka_consumeAndLoad.wait_for_publish_dag manual__2024-06-17T11:28:50.961630+00:00 [queued]>
[2024-06-17T11:28:52.108+0000] {taskinstance.py:2076} INFO - Dependencies all met for dep_context=requeueable deps ti=<TaskInstance: f1_data_pipeline_kafka_consumeAndLoad.wait_for_publish_dag manual__2024-06-17T11:28:50.961630+00:00 [queued]>
[2024-06-17T11:28:52.108+0000] {taskinstance.py:2306} INFO - Starting attempt 1 of 1
[2024-06-17T11:28:52.118+0000] {taskinstance.py:2330} INFO - Executing <Task(ExternalTaskSensor): wait_for_publish_dag> on 2024-06-17 11:28:50.961630+00:00
[2024-06-17T11:28:52.122+0000] {warnings.py:110} WARNING - /home/***/.local/lib/python3.12/site-packages/***/task/task_runner/standard_task_runner.py:61: DeprecationWarning: This process (pid=1346) is multi-threaded, use of fork() may lead to deadlocks in the child.
  pid = os.fork()

[2024-06-17T11:28:52.123+0000] {standard_task_runner.py:63} INFO - Started process 1356 to run task
[2024-06-17T11:28:52.124+0000] {standard_task_runner.py:90} INFO - Running: ['***', 'tasks', 'run', 'f1_data_pipeline_kafka_consumeAndLoad', 'wait_for_publish_dag', 'manual__2024-06-17T11:28:50.961630+00:00', '--job-id', '59', '--raw', '--subdir', 'DAGS_FOLDER/ergast_kafka_consume_and_load.py', '--cfg-path', '/tmp/tmphaqu2dax']
[2024-06-17T11:28:52.127+0000] {standard_task_runner.py:91} INFO - Job 59: Subtask wait_for_publish_dag
[2024-06-17T11:28:52.163+0000] {task_command.py:426} INFO - Running <TaskInstance: f1_data_pipeline_kafka_consumeAndLoad.wait_for_publish_dag manual__2024-06-17T11:28:50.961630+00:00 [running]> on host 3a133740bf3d
[2024-06-17T11:28:52.225+0000] {taskinstance.py:2648} INFO - Exporting env vars: AIRFLOW_CTX_DAG_OWNER='***' AIRFLOW_CTX_DAG_ID='f1_data_pipeline_kafka_consumeAndLoad' AIRFLOW_CTX_TASK_ID='wait_for_publish_dag' AIRFLOW_CTX_EXECUTION_DATE='2024-06-17T11:28:50.961630+00:00' AIRFLOW_CTX_TRY_NUMBER='1' AIRFLOW_CTX_DAG_RUN_ID='manual__2024-06-17T11:28:50.961630+00:00'
[2024-06-17T11:28:52.226+0000] {taskinstance.py:430} INFO - ::endgroup::
[2024-06-17T11:28:52.226+0000] {baseoperator.py:399} WARNING - ExternalTaskSensor.execute cannot be called outside TaskInstance!
[2024-06-17T11:28:52.226+0000] {external_task.py:258} INFO - Poking for tasks ['fetch_and_publish_laps'] in dag f1_data_pipeline_kafka_fetchAndPublish on 2024-06-17T11:28:50.961630+00:00 ... 
[2024-06-17T11:28:52.227+0000] {warnings.py:110} WARNING - /home/***/.local/lib/python3.12/site-packages/***/utils/session.py:79: DeprecationWarning: This method is deprecated and will be removed in future.
  return func(*args, session=session, **kwargs)

[2024-06-17T11:29:22.233+0000] {external_task.py:258} INFO - Poking for tasks ['fetch_and_publish_laps'] in dag f1_data_pipeline_kafka_fetchAndPublish on 2024-06-17T11:28:50.961630+00:00 ... 
[2024-06-17T11:29:52.241+0000] {external_task.py:258} INFO - Poking for tasks ['fetch_and_publish_laps'] in dag f1_data_pipeline_kafka_fetchAndPublish on 2024-06-17T11:28:50.961630+00:00 ... 
[2024-06-17T11:30:22.251+0000] {external_task.py:258} INFO - Poking for tasks ['fetch_and_publish_laps'] in dag f1_data_pipeline_kafka_fetchAndPublish on 2024-06-17T11:28:50.961630+00:00 ... 
[2024-06-17T11:30:52.257+0000] {external_task.py:258} INFO - Poking for tasks ['fetch_and_publish_laps'] in dag f1_data_pipeline_kafka_fetchAndPublish on 2024-06-17T11:28:50.961630+00:00 ... 
[2024-06-17T11:31:22.265+0000] {external_task.py:258} INFO - Poking for tasks ['fetch_and_publish_laps'] in dag f1_data_pipeline_kafka_fetchAndPublish on 2024-06-17T11:28:50.961630+00:00 ... 
[2024-06-17T11:31:52.276+0000] {external_task.py:258} INFO - Poking for tasks ['fetch_and_publish_laps'] in dag f1_data_pipeline_kafka_fetchAndPublish on 2024-06-17T11:28:50.961630+00:00 ... 
[2024-06-17T11:32:22.282+0000] {external_task.py:258} INFO - Poking for tasks ['fetch_and_publish_laps'] in dag f1_data_pipeline_kafka_fetchAndPublish on 2024-06-17T11:28:50.961630+00:00 ... 
[2024-06-17T11:32:52.289+0000] {external_task.py:258} INFO - Poking for tasks ['fetch_and_publish_laps'] in dag f1_data_pipeline_kafka_fetchAndPublish on 2024-06-17T11:28:50.961630+00:00 ... 
[2024-06-17T11:32:54.376+0000] {local_task_job_runner.py:310} WARNING - State of this instance has been externally set to None. Terminating instance.
[2024-06-17T11:32:54.376+0000] {local_task_job_runner.py:222} INFO - ::endgroup::
[2024-06-17T11:32:54.378+0000] {process_utils.py:132} INFO - Sending 15 to group 1356. PIDs of all processes in the group: [1356]
[2024-06-17T11:32:54.378+0000] {process_utils.py:87} INFO - Sending the signal 15 to group 1356
[2024-06-17T11:32:54.378+0000] {taskinstance.py:2611} ERROR - Received SIGTERM. Terminating subprocesses.
[2024-06-17T11:32:54.378+0000] {taskinstance.py:441} INFO - ::group::Post task execution logs
[2024-06-17T11:32:54.384+0000] {taskinstance.py:2905} ERROR - Task failed with exception
Traceback (most recent call last):
  File "/home/airflow/.local/lib/python3.12/site-packages/airflow/models/taskinstance.py", line 465, in _execute_task
    result = _execute_callable(context=context, **execute_callable_kwargs)
             ^^^^^^^^^^^^^^^^^^^^^^^^^^^^^^^^^^^^^^^^^^^^^^^^^^^^^^^^^^^^^
  File "/home/airflow/.local/lib/python3.12/site-packages/airflow/models/taskinstance.py", line 432, in _execute_callable
    return execute_callable(context=context, **execute_callable_kwargs)
           ^^^^^^^^^^^^^^^^^^^^^^^^^^^^^^^^^^^^^^^^^^^^^^^^^^^^^^^^^^^^
  File "/home/airflow/.local/lib/python3.12/site-packages/airflow/models/baseoperator.py", line 400, in wrapper
    return func(self, *args, **kwargs)
           ^^^^^^^^^^^^^^^^^^^^^^^^^^^
  File "/home/airflow/.local/lib/python3.12/site-packages/airflow/sensors/external_task.py", line 348, in execute
    super().execute(context)
  File "/home/airflow/.local/lib/python3.12/site-packages/airflow/models/baseoperator.py", line 400, in wrapper
    return func(self, *args, **kwargs)
           ^^^^^^^^^^^^^^^^^^^^^^^^^^^
  File "/home/airflow/.local/lib/python3.12/site-packages/airflow/sensors/base.py", line 292, in execute
    time.sleep(self._get_next_poke_interval(started_at, run_duration, try_number))
  File "/home/airflow/.local/lib/python3.12/site-packages/airflow/models/taskinstance.py", line 2613, in signal_handler
    raise AirflowTaskTerminated("Task received SIGTERM signal")
airflow.exceptions.AirflowTaskTerminated: Task received SIGTERM signal
[2024-06-17T11:32:54.388+0000] {taskinstance.py:1206} INFO - Marking task as FAILED. dag_id=f1_data_pipeline_kafka_consumeAndLoad, task_id=wait_for_publish_dag, run_id=manual__2024-06-17T11:28:50.961630+00:00, execution_date=20240617T112850, start_date=20240617T112852, end_date=20240617T113254
[2024-06-17T11:32:54.396+0000] {standard_task_runner.py:110} ERROR - Failed to execute job 59 for task wait_for_publish_dag ((psycopg2.errors.ForeignKeyViolation) insert or update on table "task_fail" violates foreign key constraint "task_fail_ti_fkey"
DETAIL:  Key (dag_id, task_id, run_id, map_index)=(f1_data_pipeline_kafka_consumeAndLoad, wait_for_publish_dag, manual__2024-06-17T11:28:50.961630+00:00, -1) is not present in table "task_instance".

[SQL: INSERT INTO task_fail (task_id, dag_id, run_id, map_index, start_date, end_date, duration) VALUES (%(task_id)s, %(dag_id)s, %(run_id)s, %(map_index)s, %(start_date)s, %(end_date)s, %(duration)s) RETURNING task_fail.id]
[parameters: {'task_id': 'wait_for_publish_dag', 'dag_id': 'f1_data_pipeline_kafka_consumeAndLoad', 'run_id': 'manual__2024-06-17T11:28:50.961630+00:00', 'map_index': -1, 'start_date': datetime.datetime(2024, 6, 17, 11, 28, 52, 102641, tzinfo=Timezone('UTC')), 'end_date': datetime.datetime(2024, 6, 17, 11, 32, 54, 387975, tzinfo=Timezone('UTC')), 'duration': 242}]
(Background on this error at: https://sqlalche.me/e/14/gkpj); 1356)
[2024-06-17T11:32:54.404+0000] {process_utils.py:80} INFO - Process psutil.Process(pid=1356, status='terminated', exitcode=1, started='11:28:52') (1356) terminated with exit code 1
