[2024-06-13T08:00:22.826+0000] {local_task_job_runner.py:120} INFO - ::group::Pre task execution logs
[2024-06-13T08:00:22.842+0000] {taskinstance.py:2076} INFO - Dependencies all met for dep_context=non-requeueable deps ti=<TaskInstance: f1_data_pipeline_taskflow.load_circuit_task scheduled__2024-06-12T00:00:00+00:00 [queued]>
[2024-06-13T08:00:22.847+0000] {taskinstance.py:2076} INFO - Dependencies all met for dep_context=requeueable deps ti=<TaskInstance: f1_data_pipeline_taskflow.load_circuit_task scheduled__2024-06-12T00:00:00+00:00 [queued]>
[2024-06-13T08:00:22.847+0000] {taskinstance.py:2306} INFO - Starting attempt 1 of 1
[2024-06-13T08:00:22.856+0000] {taskinstance.py:2330} INFO - Executing <Task(_PythonDecoratedOperator): load_circuit_task> on 2024-06-12 00:00:00+00:00
[2024-06-13T08:00:22.864+0000] {warnings.py:110} WARNING - /home/***/.local/lib/python3.12/site-packages/***/task/task_runner/standard_task_runner.py:61: DeprecationWarning: This process (pid=489) is multi-threaded, use of fork() may lead to deadlocks in the child.
  pid = os.fork()

[2024-06-13T08:00:22.865+0000] {standard_task_runner.py:63} INFO - Started process 499 to run task
[2024-06-13T08:00:22.865+0000] {standard_task_runner.py:90} INFO - Running: ['***', 'tasks', 'run', 'f1_data_pipeline_taskflow', 'load_circuit_task', 'scheduled__2024-06-12T00:00:00+00:00', '--job-id', '19', '--raw', '--subdir', 'DAGS_FOLDER/etl_dag.py', '--cfg-path', '/tmp/tmp_3i5mlwk']
[2024-06-13T08:00:22.868+0000] {standard_task_runner.py:91} INFO - Job 19: Subtask load_circuit_task
[2024-06-13T08:00:22.910+0000] {task_command.py:426} INFO - Running <TaskInstance: f1_data_pipeline_taskflow.load_circuit_task scheduled__2024-06-12T00:00:00+00:00 [running]> on host 2af4b76eb3c8
[2024-06-13T08:00:23.044+0000] {taskinstance.py:2648} INFO - Exporting env vars: AIRFLOW_CTX_DAG_OWNER='***' AIRFLOW_CTX_DAG_ID='f1_data_pipeline_taskflow' AIRFLOW_CTX_TASK_ID='load_circuit_task' AIRFLOW_CTX_EXECUTION_DATE='2024-06-12T00:00:00+00:00' AIRFLOW_CTX_TRY_NUMBER='1' AIRFLOW_CTX_DAG_RUN_ID='scheduled__2024-06-12T00:00:00+00:00'
[2024-06-13T08:00:23.045+0000] {taskinstance.py:430} INFO - ::endgroup::
[2024-06-13T08:00:23.046+0000] {crypto.py:82} WARNING - empty cryptography key - values will not be stored encrypted.
[2024-06-13T08:00:23.047+0000] {base.py:84} INFO - Using connection ID 'sourcedb_connection' for task execution.
[2024-06-13T08:00:23.096+0000] {python.py:237} INFO - Done. Returned value was: None
[2024-06-13T08:00:23.097+0000] {taskinstance.py:441} INFO - ::group::Post task execution logs
[2024-06-13T08:00:23.113+0000] {taskinstance.py:1206} INFO - Marking task as SUCCESS. dag_id=f1_data_pipeline_taskflow, task_id=load_circuit_task, run_id=scheduled__2024-06-12T00:00:00+00:00, execution_date=20240612T000000, start_date=20240613T080022, end_date=20240613T080023
[2024-06-13T08:00:23.160+0000] {local_task_job_runner.py:240} INFO - Task exited with return code 0
[2024-06-13T08:00:23.183+0000] {taskinstance.py:3498} INFO - 1 downstream tasks scheduled from follow-on schedule check
[2024-06-13T08:00:23.184+0000] {local_task_job_runner.py:222} INFO - ::endgroup::
[2024-06-13T08:44:50.489+0000] {local_task_job_runner.py:120} INFO - ::group::Pre task execution logs
[2024-06-13T08:44:50.513+0000] {taskinstance.py:2076} INFO - Dependencies all met for dep_context=non-requeueable deps ti=<TaskInstance: f1_data_pipeline_taskflow.load_circuit_task scheduled__2024-06-12T00:00:00+00:00 [queued]>
[2024-06-13T08:44:50.520+0000] {taskinstance.py:2076} INFO - Dependencies all met for dep_context=requeueable deps ti=<TaskInstance: f1_data_pipeline_taskflow.load_circuit_task scheduled__2024-06-12T00:00:00+00:00 [queued]>
[2024-06-13T08:44:50.520+0000] {taskinstance.py:2306} INFO - Starting attempt 1 of 1
[2024-06-13T08:44:50.536+0000] {taskinstance.py:2330} INFO - Executing <Task(_PythonDecoratedOperator): load_circuit_task> on 2024-06-12 00:00:00+00:00
[2024-06-13T08:44:50.543+0000] {warnings.py:110} WARNING - /home/***/.local/lib/python3.12/site-packages/***/task/task_runner/standard_task_runner.py:61: DeprecationWarning: This process (pid=363) is multi-threaded, use of fork() may lead to deadlocks in the child.
  pid = os.fork()

[2024-06-13T08:44:50.544+0000] {standard_task_runner.py:63} INFO - Started process 376 to run task
[2024-06-13T08:44:50.544+0000] {standard_task_runner.py:90} INFO - Running: ['***', 'tasks', 'run', 'f1_data_pipeline_taskflow', 'load_circuit_task', 'scheduled__2024-06-12T00:00:00+00:00', '--job-id', '20', '--raw', '--subdir', 'DAGS_FOLDER/etl_dag.py', '--cfg-path', '/tmp/tmparh2n95e']
[2024-06-13T08:44:50.546+0000] {standard_task_runner.py:91} INFO - Job 20: Subtask load_circuit_task
[2024-06-13T08:44:50.588+0000] {task_command.py:426} INFO - Running <TaskInstance: f1_data_pipeline_taskflow.load_circuit_task scheduled__2024-06-12T00:00:00+00:00 [running]> on host c97498906c69
[2024-06-13T08:44:50.753+0000] {taskinstance.py:2648} INFO - Exporting env vars: AIRFLOW_CTX_DAG_OWNER='***' AIRFLOW_CTX_DAG_ID='f1_data_pipeline_taskflow' AIRFLOW_CTX_TASK_ID='load_circuit_task' AIRFLOW_CTX_EXECUTION_DATE='2024-06-12T00:00:00+00:00' AIRFLOW_CTX_TRY_NUMBER='1' AIRFLOW_CTX_DAG_RUN_ID='scheduled__2024-06-12T00:00:00+00:00'
[2024-06-13T08:44:50.754+0000] {taskinstance.py:430} INFO - ::endgroup::
[2024-06-13T08:44:50.755+0000] {crypto.py:82} WARNING - empty cryptography key - values will not be stored encrypted.
[2024-06-13T08:44:50.755+0000] {base.py:84} INFO - Using connection ID 'sourcedb_connection' for task execution.
[2024-06-13T08:44:50.819+0000] {python.py:237} INFO - Done. Returned value was: None
[2024-06-13T08:44:50.820+0000] {taskinstance.py:441} INFO - ::group::Post task execution logs
[2024-06-13T08:44:50.831+0000] {taskinstance.py:1206} INFO - Marking task as SUCCESS. dag_id=f1_data_pipeline_taskflow, task_id=load_circuit_task, run_id=scheduled__2024-06-12T00:00:00+00:00, execution_date=20240612T000000, start_date=20240613T084450, end_date=20240613T084450
[2024-06-13T08:44:50.878+0000] {local_task_job_runner.py:240} INFO - Task exited with return code 0
[2024-06-13T08:44:50.901+0000] {taskinstance.py:3498} INFO - 0 downstream tasks scheduled from follow-on schedule check
[2024-06-13T08:44:50.903+0000] {local_task_job_runner.py:222} INFO - ::endgroup::
[2024-06-13T09:20:28.562+0000] {local_task_job_runner.py:120} INFO - ::group::Pre task execution logs
[2024-06-13T09:20:28.578+0000] {taskinstance.py:2076} INFO - Dependencies all met for dep_context=non-requeueable deps ti=<TaskInstance: f1_data_pipeline_taskflow.load_circuit_task scheduled__2024-06-12T00:00:00+00:00 [queued]>
[2024-06-13T09:20:28.584+0000] {taskinstance.py:2076} INFO - Dependencies all met for dep_context=requeueable deps ti=<TaskInstance: f1_data_pipeline_taskflow.load_circuit_task scheduled__2024-06-12T00:00:00+00:00 [queued]>
[2024-06-13T09:20:28.584+0000] {taskinstance.py:2306} INFO - Starting attempt 1 of 1
[2024-06-13T09:20:28.595+0000] {taskinstance.py:2330} INFO - Executing <Task(_PythonDecoratedOperator): load_circuit_task> on 2024-06-12 00:00:00+00:00
[2024-06-13T09:20:28.602+0000] {warnings.py:110} WARNING - /home/***/.local/lib/python3.12/site-packages/***/task/task_runner/standard_task_runner.py:61: DeprecationWarning: This process (pid=321) is multi-threaded, use of fork() may lead to deadlocks in the child.
  pid = os.fork()

[2024-06-13T09:20:28.603+0000] {standard_task_runner.py:63} INFO - Started process 328 to run task
[2024-06-13T09:20:28.603+0000] {standard_task_runner.py:90} INFO - Running: ['***', 'tasks', 'run', 'f1_data_pipeline_taskflow', 'load_circuit_task', 'scheduled__2024-06-12T00:00:00+00:00', '--job-id', '17', '--raw', '--subdir', 'DAGS_FOLDER/etl_dag.py', '--cfg-path', '/tmp/tmpxqjqg818']
[2024-06-13T09:20:28.605+0000] {standard_task_runner.py:91} INFO - Job 17: Subtask load_circuit_task
[2024-06-13T09:20:28.641+0000] {task_command.py:426} INFO - Running <TaskInstance: f1_data_pipeline_taskflow.load_circuit_task scheduled__2024-06-12T00:00:00+00:00 [running]> on host a1ac73387874
[2024-06-13T09:20:28.787+0000] {taskinstance.py:2648} INFO - Exporting env vars: AIRFLOW_CTX_DAG_OWNER='***' AIRFLOW_CTX_DAG_ID='f1_data_pipeline_taskflow' AIRFLOW_CTX_TASK_ID='load_circuit_task' AIRFLOW_CTX_EXECUTION_DATE='2024-06-12T00:00:00+00:00' AIRFLOW_CTX_TRY_NUMBER='1' AIRFLOW_CTX_DAG_RUN_ID='scheduled__2024-06-12T00:00:00+00:00'
[2024-06-13T09:20:28.788+0000] {taskinstance.py:430} INFO - ::endgroup::
[2024-06-13T09:20:28.789+0000] {crypto.py:82} WARNING - empty cryptography key - values will not be stored encrypted.
[2024-06-13T09:20:28.790+0000] {base.py:84} INFO - Using connection ID 'sourcedb_connection' for task execution.
[2024-06-13T09:20:28.834+0000] {python.py:237} INFO - Done. Returned value was: None
[2024-06-13T09:20:28.835+0000] {taskinstance.py:441} INFO - ::group::Post task execution logs
[2024-06-13T09:20:28.864+0000] {taskinstance.py:1206} INFO - Marking task as SUCCESS. dag_id=f1_data_pipeline_taskflow, task_id=load_circuit_task, run_id=scheduled__2024-06-12T00:00:00+00:00, execution_date=20240612T000000, start_date=20240613T092028, end_date=20240613T092028
[2024-06-13T09:20:28.898+0000] {local_task_job_runner.py:240} INFO - Task exited with return code 0
[2024-06-13T09:20:28.923+0000] {taskinstance.py:3498} INFO - 1 downstream tasks scheduled from follow-on schedule check
[2024-06-13T09:20:28.925+0000] {local_task_job_runner.py:222} INFO - ::endgroup::
[2024-06-13T09:42:20.345+0000] {local_task_job_runner.py:120} INFO - ::group::Pre task execution logs
[2024-06-13T09:42:20.363+0000] {taskinstance.py:2076} INFO - Dependencies all met for dep_context=non-requeueable deps ti=<TaskInstance: f1_data_pipeline_taskflow.load_circuit_task scheduled__2024-06-12T00:00:00+00:00 [queued]>
[2024-06-13T09:42:20.369+0000] {taskinstance.py:2076} INFO - Dependencies all met for dep_context=requeueable deps ti=<TaskInstance: f1_data_pipeline_taskflow.load_circuit_task scheduled__2024-06-12T00:00:00+00:00 [queued]>
[2024-06-13T09:42:20.369+0000] {taskinstance.py:2306} INFO - Starting attempt 1 of 1
[2024-06-13T09:42:20.382+0000] {taskinstance.py:2330} INFO - Executing <Task(_PythonDecoratedOperator): load_circuit_task> on 2024-06-12 00:00:00+00:00
[2024-06-13T09:42:20.388+0000] {warnings.py:110} WARNING - /home/***/.local/lib/python3.12/site-packages/***/task/task_runner/standard_task_runner.py:61: DeprecationWarning: This process (pid=334) is multi-threaded, use of fork() may lead to deadlocks in the child.
  pid = os.fork()

[2024-06-13T09:42:20.389+0000] {standard_task_runner.py:63} INFO - Started process 341 to run task
[2024-06-13T09:42:20.389+0000] {standard_task_runner.py:90} INFO - Running: ['***', 'tasks', 'run', 'f1_data_pipeline_taskflow', 'load_circuit_task', 'scheduled__2024-06-12T00:00:00+00:00', '--job-id', '15', '--raw', '--subdir', 'DAGS_FOLDER/etl_dag.py', '--cfg-path', '/tmp/tmp6hbujwzj']
[2024-06-13T09:42:20.391+0000] {standard_task_runner.py:91} INFO - Job 15: Subtask load_circuit_task
[2024-06-13T09:42:20.425+0000] {task_command.py:426} INFO - Running <TaskInstance: f1_data_pipeline_taskflow.load_circuit_task scheduled__2024-06-12T00:00:00+00:00 [running]> on host 765a3094118c
[2024-06-13T09:42:20.653+0000] {taskinstance.py:2648} INFO - Exporting env vars: AIRFLOW_CTX_DAG_OWNER='***' AIRFLOW_CTX_DAG_ID='f1_data_pipeline_taskflow' AIRFLOW_CTX_TASK_ID='load_circuit_task' AIRFLOW_CTX_EXECUTION_DATE='2024-06-12T00:00:00+00:00' AIRFLOW_CTX_TRY_NUMBER='1' AIRFLOW_CTX_DAG_RUN_ID='scheduled__2024-06-12T00:00:00+00:00'
[2024-06-13T09:42:20.655+0000] {taskinstance.py:430} INFO - ::endgroup::
[2024-06-13T09:42:20.657+0000] {crypto.py:82} WARNING - empty cryptography key - values will not be stored encrypted.
[2024-06-13T09:42:20.657+0000] {base.py:84} INFO - Using connection ID 'sourcedb_connection' for task execution.
[2024-06-13T09:42:20.726+0000] {python.py:237} INFO - Done. Returned value was: None
[2024-06-13T09:42:20.727+0000] {taskinstance.py:441} INFO - ::group::Post task execution logs
[2024-06-13T09:42:20.735+0000] {taskinstance.py:1206} INFO - Marking task as SUCCESS. dag_id=f1_data_pipeline_taskflow, task_id=load_circuit_task, run_id=scheduled__2024-06-12T00:00:00+00:00, execution_date=20240612T000000, start_date=20240613T094220, end_date=20240613T094220
[2024-06-13T09:42:20.763+0000] {local_task_job_runner.py:240} INFO - Task exited with return code 0
[2024-06-13T09:42:20.787+0000] {taskinstance.py:3498} INFO - 1 downstream tasks scheduled from follow-on schedule check
[2024-06-13T09:42:20.789+0000] {local_task_job_runner.py:222} INFO - ::endgroup::
[2024-06-13T09:55:55.279+0000] {local_task_job_runner.py:120} INFO - ::group::Pre task execution logs
[2024-06-13T09:55:55.297+0000] {taskinstance.py:2076} INFO - Dependencies all met for dep_context=non-requeueable deps ti=<TaskInstance: f1_data_pipeline_taskflow.load_circuit_task scheduled__2024-06-12T00:00:00+00:00 [queued]>
[2024-06-13T09:55:55.303+0000] {taskinstance.py:2076} INFO - Dependencies all met for dep_context=requeueable deps ti=<TaskInstance: f1_data_pipeline_taskflow.load_circuit_task scheduled__2024-06-12T00:00:00+00:00 [queued]>
[2024-06-13T09:55:55.303+0000] {taskinstance.py:2306} INFO - Starting attempt 1 of 1
[2024-06-13T09:55:55.315+0000] {taskinstance.py:2330} INFO - Executing <Task(_PythonDecoratedOperator): load_circuit_task> on 2024-06-12 00:00:00+00:00
[2024-06-13T09:55:55.321+0000] {warnings.py:110} WARNING - /home/***/.local/lib/python3.12/site-packages/***/task/task_runner/standard_task_runner.py:61: DeprecationWarning: This process (pid=317) is multi-threaded, use of fork() may lead to deadlocks in the child.
  pid = os.fork()

[2024-06-13T09:55:55.322+0000] {standard_task_runner.py:63} INFO - Started process 326 to run task
[2024-06-13T09:55:55.323+0000] {standard_task_runner.py:90} INFO - Running: ['***', 'tasks', 'run', 'f1_data_pipeline_taskflow', 'load_circuit_task', 'scheduled__2024-06-12T00:00:00+00:00', '--job-id', '16', '--raw', '--subdir', 'DAGS_FOLDER/etl_dag.py', '--cfg-path', '/tmp/tmp_k4whbwt']
[2024-06-13T09:55:55.324+0000] {standard_task_runner.py:91} INFO - Job 16: Subtask load_circuit_task
[2024-06-13T09:55:55.356+0000] {task_command.py:426} INFO - Running <TaskInstance: f1_data_pipeline_taskflow.load_circuit_task scheduled__2024-06-12T00:00:00+00:00 [running]> on host 611decc8aca0
[2024-06-13T09:55:55.503+0000] {taskinstance.py:2648} INFO - Exporting env vars: AIRFLOW_CTX_DAG_OWNER='***' AIRFLOW_CTX_DAG_ID='f1_data_pipeline_taskflow' AIRFLOW_CTX_TASK_ID='load_circuit_task' AIRFLOW_CTX_EXECUTION_DATE='2024-06-12T00:00:00+00:00' AIRFLOW_CTX_TRY_NUMBER='1' AIRFLOW_CTX_DAG_RUN_ID='scheduled__2024-06-12T00:00:00+00:00'
[2024-06-13T09:55:55.504+0000] {taskinstance.py:430} INFO - ::endgroup::
[2024-06-13T09:55:55.506+0000] {crypto.py:82} WARNING - empty cryptography key - values will not be stored encrypted.
[2024-06-13T09:55:55.506+0000] {base.py:84} INFO - Using connection ID 'sourcedb_connection' for task execution.
[2024-06-13T09:55:55.592+0000] {python.py:237} INFO - Done. Returned value was: None
[2024-06-13T09:55:55.592+0000] {taskinstance.py:441} INFO - ::group::Post task execution logs
[2024-06-13T09:55:55.602+0000] {taskinstance.py:1206} INFO - Marking task as SUCCESS. dag_id=f1_data_pipeline_taskflow, task_id=load_circuit_task, run_id=scheduled__2024-06-12T00:00:00+00:00, execution_date=20240612T000000, start_date=20240613T095555, end_date=20240613T095555
[2024-06-13T09:55:55.656+0000] {local_task_job_runner.py:240} INFO - Task exited with return code 0
[2024-06-13T09:55:55.680+0000] {taskinstance.py:3498} INFO - 1 downstream tasks scheduled from follow-on schedule check
[2024-06-13T09:55:55.681+0000] {local_task_job_runner.py:222} INFO - ::endgroup::
[2024-06-13T12:22:58.743+0000] {local_task_job_runner.py:120} INFO - ::group::Pre task execution logs
[2024-06-13T12:22:58.764+0000] {taskinstance.py:2076} INFO - Dependencies all met for dep_context=non-requeueable deps ti=<TaskInstance: f1_data_pipeline_taskflow.load_circuit_task scheduled__2024-06-12T00:00:00+00:00 [queued]>
[2024-06-13T12:22:58.770+0000] {taskinstance.py:2076} INFO - Dependencies all met for dep_context=requeueable deps ti=<TaskInstance: f1_data_pipeline_taskflow.load_circuit_task scheduled__2024-06-12T00:00:00+00:00 [queued]>
[2024-06-13T12:22:58.770+0000] {taskinstance.py:2306} INFO - Starting attempt 1 of 1
[2024-06-13T12:22:58.793+0000] {taskinstance.py:2330} INFO - Executing <Task(_PythonDecoratedOperator): load_circuit_task> on 2024-06-12 00:00:00+00:00
[2024-06-13T12:22:58.799+0000] {warnings.py:110} WARNING - /home/***/.local/lib/python3.12/site-packages/***/task/task_runner/standard_task_runner.py:61: DeprecationWarning: This process (pid=313) is multi-threaded, use of fork() may lead to deadlocks in the child.
  pid = os.fork()

[2024-06-13T12:22:58.801+0000] {standard_task_runner.py:63} INFO - Started process 324 to run task
[2024-06-13T12:22:58.801+0000] {standard_task_runner.py:90} INFO - Running: ['***', 'tasks', 'run', 'f1_data_pipeline_taskflow', 'load_circuit_task', 'scheduled__2024-06-12T00:00:00+00:00', '--job-id', '16', '--raw', '--subdir', 'DAGS_FOLDER/etl_dag.py', '--cfg-path', '/tmp/tmp22n4ozio']
[2024-06-13T12:22:58.803+0000] {standard_task_runner.py:91} INFO - Job 16: Subtask load_circuit_task
[2024-06-13T12:22:58.841+0000] {task_command.py:426} INFO - Running <TaskInstance: f1_data_pipeline_taskflow.load_circuit_task scheduled__2024-06-12T00:00:00+00:00 [running]> on host 5dd2cf9078a8
[2024-06-13T12:22:58.974+0000] {taskinstance.py:2648} INFO - Exporting env vars: AIRFLOW_CTX_DAG_OWNER='***' AIRFLOW_CTX_DAG_ID='f1_data_pipeline_taskflow' AIRFLOW_CTX_TASK_ID='load_circuit_task' AIRFLOW_CTX_EXECUTION_DATE='2024-06-12T00:00:00+00:00' AIRFLOW_CTX_TRY_NUMBER='1' AIRFLOW_CTX_DAG_RUN_ID='scheduled__2024-06-12T00:00:00+00:00'
[2024-06-13T12:22:58.975+0000] {taskinstance.py:430} INFO - ::endgroup::
[2024-06-13T12:22:58.976+0000] {crypto.py:82} WARNING - empty cryptography key - values will not be stored encrypted.
[2024-06-13T12:22:58.977+0000] {base.py:84} INFO - Using connection ID 'sourcedb_connection' for task execution.
[2024-06-13T12:22:59.024+0000] {python.py:237} INFO - Done. Returned value was: None
[2024-06-13T12:22:59.024+0000] {taskinstance.py:441} INFO - ::group::Post task execution logs
[2024-06-13T12:22:59.040+0000] {taskinstance.py:1206} INFO - Marking task as SUCCESS. dag_id=f1_data_pipeline_taskflow, task_id=load_circuit_task, run_id=scheduled__2024-06-12T00:00:00+00:00, execution_date=20240612T000000, start_date=20240613T122258, end_date=20240613T122259
[2024-06-13T12:22:59.094+0000] {local_task_job_runner.py:240} INFO - Task exited with return code 0
[2024-06-13T12:22:59.102+0000] {local_task_job_runner.py:222} INFO - ::endgroup::
[2024-06-13T13:58:23.469+0000] {local_task_job_runner.py:120} INFO - ::group::Pre task execution logs
[2024-06-13T13:58:23.485+0000] {taskinstance.py:2076} INFO - Dependencies all met for dep_context=non-requeueable deps ti=<TaskInstance: f1_data_pipeline_taskflow.load_circuit_task scheduled__2024-06-12T00:00:00+00:00 [queued]>
[2024-06-13T13:58:23.490+0000] {taskinstance.py:2076} INFO - Dependencies all met for dep_context=requeueable deps ti=<TaskInstance: f1_data_pipeline_taskflow.load_circuit_task scheduled__2024-06-12T00:00:00+00:00 [queued]>
[2024-06-13T13:58:23.490+0000] {taskinstance.py:2306} INFO - Starting attempt 1 of 1
[2024-06-13T13:58:23.499+0000] {taskinstance.py:2330} INFO - Executing <Task(_PythonDecoratedOperator): load_circuit_task> on 2024-06-12 00:00:00+00:00
[2024-06-13T13:58:23.505+0000] {warnings.py:110} WARNING - /home/***/.local/lib/python3.12/site-packages/***/task/task_runner/standard_task_runner.py:61: DeprecationWarning: This process (pid=527) is multi-threaded, use of fork() may lead to deadlocks in the child.
  pid = os.fork()

[2024-06-13T13:58:23.506+0000] {standard_task_runner.py:63} INFO - Started process 568 to run task
[2024-06-13T13:58:23.507+0000] {standard_task_runner.py:90} INFO - Running: ['***', 'tasks', 'run', 'f1_data_pipeline_taskflow', 'load_circuit_task', 'scheduled__2024-06-12T00:00:00+00:00', '--job-id', '17', '--raw', '--subdir', 'DAGS_FOLDER/etl_dag.py', '--cfg-path', '/tmp/tmpscpx21cl']
[2024-06-13T13:58:23.508+0000] {standard_task_runner.py:91} INFO - Job 17: Subtask load_circuit_task
[2024-06-13T13:58:23.543+0000] {task_command.py:426} INFO - Running <TaskInstance: f1_data_pipeline_taskflow.load_circuit_task scheduled__2024-06-12T00:00:00+00:00 [running]> on host 169b46753152
[2024-06-13T13:58:23.658+0000] {taskinstance.py:2648} INFO - Exporting env vars: AIRFLOW_CTX_DAG_OWNER='***' AIRFLOW_CTX_DAG_ID='f1_data_pipeline_taskflow' AIRFLOW_CTX_TASK_ID='load_circuit_task' AIRFLOW_CTX_EXECUTION_DATE='2024-06-12T00:00:00+00:00' AIRFLOW_CTX_TRY_NUMBER='1' AIRFLOW_CTX_DAG_RUN_ID='scheduled__2024-06-12T00:00:00+00:00'
[2024-06-13T13:58:23.659+0000] {taskinstance.py:430} INFO - ::endgroup::
[2024-06-13T13:58:23.660+0000] {crypto.py:82} WARNING - empty cryptography key - values will not be stored encrypted.
[2024-06-13T13:58:23.661+0000] {base.py:84} INFO - Using connection ID 'sourcedb_connection' for task execution.
[2024-06-13T13:58:23.676+0000] {python.py:237} INFO - Done. Returned value was: None
[2024-06-13T13:58:23.676+0000] {taskinstance.py:441} INFO - ::group::Post task execution logs
[2024-06-13T13:58:23.683+0000] {taskinstance.py:1206} INFO - Marking task as SUCCESS. dag_id=f1_data_pipeline_taskflow, task_id=load_circuit_task, run_id=scheduled__2024-06-12T00:00:00+00:00, execution_date=20240612T000000, start_date=20240613T135823, end_date=20240613T135823
[2024-06-13T13:58:23.719+0000] {local_task_job_runner.py:240} INFO - Task exited with return code 0
[2024-06-13T13:58:23.741+0000] {taskinstance.py:3498} INFO - 1 downstream tasks scheduled from follow-on schedule check
[2024-06-13T13:58:23.742+0000] {local_task_job_runner.py:222} INFO - ::endgroup::
[2024-06-13T14:20:36.251+0000] {local_task_job_runner.py:120} INFO - ::group::Pre task execution logs
[2024-06-13T14:20:36.269+0000] {taskinstance.py:2076} INFO - Dependencies all met for dep_context=non-requeueable deps ti=<TaskInstance: f1_data_pipeline_taskflow.load_circuit_task scheduled__2024-06-12T00:00:00+00:00 [queued]>
[2024-06-13T14:20:36.279+0000] {taskinstance.py:2076} INFO - Dependencies all met for dep_context=requeueable deps ti=<TaskInstance: f1_data_pipeline_taskflow.load_circuit_task scheduled__2024-06-12T00:00:00+00:00 [queued]>
[2024-06-13T14:20:36.280+0000] {taskinstance.py:2306} INFO - Starting attempt 1 of 1
[2024-06-13T14:20:36.290+0000] {taskinstance.py:2330} INFO - Executing <Task(_PythonDecoratedOperator): load_circuit_task> on 2024-06-12 00:00:00+00:00
[2024-06-13T14:20:36.298+0000] {warnings.py:110} WARNING - /home/***/.local/lib/python3.12/site-packages/***/task/task_runner/standard_task_runner.py:61: DeprecationWarning: This process (pid=324) is multi-threaded, use of fork() may lead to deadlocks in the child.
  pid = os.fork()

[2024-06-13T14:20:36.299+0000] {standard_task_runner.py:63} INFO - Started process 338 to run task
[2024-06-13T14:20:36.299+0000] {standard_task_runner.py:90} INFO - Running: ['***', 'tasks', 'run', 'f1_data_pipeline_taskflow', 'load_circuit_task', 'scheduled__2024-06-12T00:00:00+00:00', '--job-id', '20', '--raw', '--subdir', 'DAGS_FOLDER/etl_dag.py', '--cfg-path', '/tmp/tmpkeqzk6tz']
[2024-06-13T14:20:36.301+0000] {standard_task_runner.py:91} INFO - Job 20: Subtask load_circuit_task
[2024-06-13T14:20:36.340+0000] {task_command.py:426} INFO - Running <TaskInstance: f1_data_pipeline_taskflow.load_circuit_task scheduled__2024-06-12T00:00:00+00:00 [running]> on host 9503b7b620e4
[2024-06-13T14:20:36.498+0000] {taskinstance.py:2648} INFO - Exporting env vars: AIRFLOW_CTX_DAG_OWNER='***' AIRFLOW_CTX_DAG_ID='f1_data_pipeline_taskflow' AIRFLOW_CTX_TASK_ID='load_circuit_task' AIRFLOW_CTX_EXECUTION_DATE='2024-06-12T00:00:00+00:00' AIRFLOW_CTX_TRY_NUMBER='1' AIRFLOW_CTX_DAG_RUN_ID='scheduled__2024-06-12T00:00:00+00:00'
[2024-06-13T14:20:36.499+0000] {taskinstance.py:430} INFO - ::endgroup::
[2024-06-13T14:20:36.500+0000] {crypto.py:82} WARNING - empty cryptography key - values will not be stored encrypted.
[2024-06-13T14:20:36.500+0000] {base.py:84} INFO - Using connection ID 'sourcedb_connection' for task execution.
[2024-06-13T14:20:36.586+0000] {python.py:237} INFO - Done. Returned value was: None
[2024-06-13T14:20:36.591+0000] {taskinstance.py:441} INFO - ::group::Post task execution logs
[2024-06-13T14:20:36.602+0000] {taskinstance.py:1206} INFO - Marking task as SUCCESS. dag_id=f1_data_pipeline_taskflow, task_id=load_circuit_task, run_id=scheduled__2024-06-12T00:00:00+00:00, execution_date=20240612T000000, start_date=20240613T142036, end_date=20240613T142036
[2024-06-13T14:20:36.633+0000] {local_task_job_runner.py:240} INFO - Task exited with return code 0
[2024-06-13T14:20:36.659+0000] {taskinstance.py:3498} INFO - 1 downstream tasks scheduled from follow-on schedule check
[2024-06-13T14:20:36.661+0000] {local_task_job_runner.py:222} INFO - ::endgroup::
