[2024-06-07T08:15:13.690+0000] {local_task_job_runner.py:120} INFO - ::group::Pre task execution logs
[2024-06-07T08:15:13.706+0000] {taskinstance.py:2076} INFO - Dependencies all met for dep_context=non-requeueable deps ti=<TaskInstance: f1_data_pipeline_taskflow_with_kafka.consume_and_load_to_postgres manual__2024-06-07T08:15:08.771051+00:00 [queued]>
[2024-06-07T08:15:13.711+0000] {taskinstance.py:2076} INFO - Dependencies all met for dep_context=requeueable deps ti=<TaskInstance: f1_data_pipeline_taskflow_with_kafka.consume_and_load_to_postgres manual__2024-06-07T08:15:08.771051+00:00 [queued]>
[2024-06-07T08:15:13.711+0000] {taskinstance.py:2306} INFO - Starting attempt 1 of 1
[2024-06-07T08:15:13.720+0000] {taskinstance.py:2330} INFO - Executing <Task(_PythonDecoratedOperator): consume_and_load_to_postgres> on 2024-06-07 08:15:08.771051+00:00
[2024-06-07T08:15:13.724+0000] {warnings.py:110} WARNING - /home/***/.local/lib/python3.12/site-packages/***/task/task_runner/standard_task_runner.py:61: DeprecationWarning: This process (pid=99) is multi-threaded, use of fork() may lead to deadlocks in the child.
  pid = os.fork()

[2024-06-07T08:15:13.725+0000] {standard_task_runner.py:63} INFO - Started process 101 to run task
[2024-06-07T08:15:13.726+0000] {standard_task_runner.py:90} INFO - Running: ['***', 'tasks', 'run', 'f1_data_pipeline_taskflow_with_kafka', 'consume_and_load_to_postgres', 'manual__2024-06-07T08:15:08.771051+00:00', '--job-id', '18', '--raw', '--subdir', 'DAGS_FOLDER/kafkaProduce.py', '--cfg-path', '/tmp/tmpjjtg6bny']
[2024-06-07T08:15:13.728+0000] {standard_task_runner.py:91} INFO - Job 18: Subtask consume_and_load_to_postgres
[2024-06-07T08:15:13.758+0000] {task_command.py:426} INFO - Running <TaskInstance: f1_data_pipeline_taskflow_with_kafka.consume_and_load_to_postgres manual__2024-06-07T08:15:08.771051+00:00 [running]> on host 9459748fcbed
[2024-06-07T08:15:13.810+0000] {taskinstance.py:2648} INFO - Exporting env vars: AIRFLOW_CTX_DAG_OWNER='***' AIRFLOW_CTX_DAG_ID='f1_data_pipeline_taskflow_with_kafka' AIRFLOW_CTX_TASK_ID='consume_and_load_to_postgres' AIRFLOW_CTX_EXECUTION_DATE='2024-06-07T08:15:08.771051+00:00' AIRFLOW_CTX_TRY_NUMBER='1' AIRFLOW_CTX_DAG_RUN_ID='manual__2024-06-07T08:15:08.771051+00:00'
[2024-06-07T08:15:13.811+0000] {taskinstance.py:430} INFO - ::endgroup::
[2024-06-07T08:15:13.812+0000] {conn.py:362} INFO - <BrokerConnection node_id=bootstrap-0 host=kafka:9092 <connecting> [IPv4 ('172.18.0.6', 9092)]>: connecting to kafka:9092 [('172.18.0.6', 9092) IPv4]
[2024-06-07T08:15:13.813+0000] {conn.py:957} INFO - Probing node bootstrap-0 broker version
[2024-06-07T08:15:13.813+0000] {conn.py:393} INFO - <BrokerConnection node_id=bootstrap-0 host=kafka:9092 <connecting> [IPv4 ('172.18.0.6', 9092)]>: Connection complete.
[2024-06-07T08:15:13.916+0000] {conn.py:1019} INFO - Broker version identified as 2.6.0
[2024-06-07T08:15:13.917+0000] {conn.py:1020} INFO - Set configuration api_version=(2, 6, 0) to skip auto check_version requests on startup
[2024-06-07T08:15:13.918+0000] {consumer.py:122} WARNING - group_id is None: disabling auto-commit.
[2024-06-07T08:15:13.918+0000] {subscription_state.py:167} INFO - Updating subscribed topics to: ('f1_data_topic',)
[2024-06-07T08:15:13.922+0000] {subscription_state.py:253} INFO - Updated partition assignment: [('f1_data_topic', 0)]
[2024-06-07T08:15:13.923+0000] {conn.py:362} INFO - <BrokerConnection node_id=1 host=kafka:9092 <connecting> [IPv4 ('172.18.0.6', 9092)]>: connecting to kafka:9092 [('172.18.0.6', 9092) IPv4]
[2024-06-07T08:15:13.924+0000] {conn.py:393} INFO - <BrokerConnection node_id=1 host=kafka:9092 <connecting> [IPv4 ('172.18.0.6', 9092)]>: Connection complete.
[2024-06-07T08:15:13.924+0000] {conn.py:673} INFO - <BrokerConnection node_id=bootstrap-0 host=kafka:9092 <connected> [IPv4 ('172.18.0.6', 9092)]>: Closing connection. 
[2024-06-07T08:15:14.061+0000] {taskinstance.py:441} INFO - ::group::Post task execution logs
[2024-06-07T08:15:14.061+0000] {taskinstance.py:2905} ERROR - Task failed with exception
Traceback (most recent call last):
  File "/home/airflow/.local/lib/python3.12/site-packages/airflow/models/taskinstance.py", line 465, in _execute_task
    result = _execute_callable(context=context, **execute_callable_kwargs)
             ^^^^^^^^^^^^^^^^^^^^^^^^^^^^^^^^^^^^^^^^^^^^^^^^^^^^^^^^^^^^^
  File "/home/airflow/.local/lib/python3.12/site-packages/airflow/models/taskinstance.py", line 432, in _execute_callable
    return execute_callable(context=context, **execute_callable_kwargs)
           ^^^^^^^^^^^^^^^^^^^^^^^^^^^^^^^^^^^^^^^^^^^^^^^^^^^^^^^^^^^^
  File "/home/airflow/.local/lib/python3.12/site-packages/airflow/models/baseoperator.py", line 400, in wrapper
    return func(self, *args, **kwargs)
           ^^^^^^^^^^^^^^^^^^^^^^^^^^^
  File "/home/airflow/.local/lib/python3.12/site-packages/airflow/decorators/base.py", line 265, in execute
    return_value = super().execute(context)
                   ^^^^^^^^^^^^^^^^^^^^^^^^
  File "/home/airflow/.local/lib/python3.12/site-packages/airflow/models/baseoperator.py", line 400, in wrapper
    return func(self, *args, **kwargs)
           ^^^^^^^^^^^^^^^^^^^^^^^^^^^
  File "/home/airflow/.local/lib/python3.12/site-packages/airflow/operators/python.py", line 235, in execute
    return_value = self.execute_callable()
                   ^^^^^^^^^^^^^^^^^^^^^^^
  File "/home/airflow/.local/lib/python3.12/site-packages/airflow/operators/python.py", line 252, in execute_callable
    return self.python_callable(*self.op_args, **self.op_kwargs)
           ^^^^^^^^^^^^^^^^^^^^^^^^^^^^^^^^^^^^^^^^^^^^^^^^^^^^^
  File "/opt/airflow/dags/kafkaProduce.py", line 64, in consume_and_load_to_postgres
    driverDim = df[['driverId', 'driverRef', 'givenName', 'familyName', 'dob', 'nationality', 'code', 'permanentNumber', 'url']].drop_duplicates()
                ~~^^^^^^^^^^^^^^^^^^^^^^^^^^^^^^^^^^^^^^^^^^^^^^^^^^^^^^^^^^^^^^^^^^^^^^^^^^^^^^^^^^^^^^^^^^^^^^^^^^^^^^^^^^^^^^
  File "/home/airflow/.local/lib/python3.12/site-packages/pandas/core/frame.py", line 3899, in __getitem__
    indexer = self.columns._get_indexer_strict(key, "columns")[1]
              ^^^^^^^^^^^^^^^^^^^^^^^^^^^^^^^^^^^^^^^^^^^^^^^^
  File "/home/airflow/.local/lib/python3.12/site-packages/pandas/core/indexes/base.py", line 6115, in _get_indexer_strict
    self._raise_if_missing(keyarr, indexer, axis_name)
  File "/home/airflow/.local/lib/python3.12/site-packages/pandas/core/indexes/base.py", line 6179, in _raise_if_missing
    raise KeyError(f"{not_found} not in index")
KeyError: "['driverRef'] not in index"
[2024-06-07T08:15:14.070+0000] {taskinstance.py:1206} INFO - Marking task as FAILED. dag_id=f1_data_pipeline_taskflow_with_kafka, task_id=consume_and_load_to_postgres, run_id=manual__2024-06-07T08:15:08.771051+00:00, execution_date=20240607T081508, start_date=20240607T081513, end_date=20240607T081514
[2024-06-07T08:15:14.077+0000] {standard_task_runner.py:110} ERROR - Failed to execute job 18 for task consume_and_load_to_postgres ("['driverRef'] not in index"; 101)
[2024-06-07T08:15:14.101+0000] {local_task_job_runner.py:240} INFO - Task exited with return code 1
[2024-06-07T08:15:14.111+0000] {taskinstance.py:3498} INFO - 0 downstream tasks scheduled from follow-on schedule check
[2024-06-07T08:15:14.112+0000] {local_task_job_runner.py:222} INFO - ::endgroup::
