[2024-06-17T07:46:48.107+0000] {local_task_job_runner.py:120} INFO - ::group::Pre task execution logs
[2024-06-17T07:46:48.124+0000] {taskinstance.py:2076} INFO - Dependencies all met for dep_context=non-requeueable deps ti=<TaskInstance: f1_data_pipeline_kafka_consumeAndLoad.wait_for_publish_dag scheduled__2024-06-16T00:00:00+00:00 [queued]>
[2024-06-17T07:46:48.130+0000] {taskinstance.py:2076} INFO - Dependencies all met for dep_context=requeueable deps ti=<TaskInstance: f1_data_pipeline_kafka_consumeAndLoad.wait_for_publish_dag scheduled__2024-06-16T00:00:00+00:00 [queued]>
[2024-06-17T07:46:48.130+0000] {taskinstance.py:2306} INFO - Starting attempt 1 of 1
[2024-06-17T07:46:48.140+0000] {taskinstance.py:2330} INFO - Executing <Task(ExternalTaskSensor): wait_for_publish_dag> on 2024-06-16 00:00:00+00:00
[2024-06-17T07:46:48.145+0000] {warnings.py:110} WARNING - /home/***/.local/lib/python3.12/site-packages/***/task/task_runner/standard_task_runner.py:61: DeprecationWarning: This process (pid=1166) is multi-threaded, use of fork() may lead to deadlocks in the child.
  pid = os.fork()

[2024-06-17T07:46:48.147+0000] {standard_task_runner.py:63} INFO - Started process 1176 to run task
[2024-06-17T07:46:48.147+0000] {standard_task_runner.py:90} INFO - Running: ['***', 'tasks', 'run', 'f1_data_pipeline_kafka_consumeAndLoad', 'wait_for_publish_dag', 'scheduled__2024-06-16T00:00:00+00:00', '--job-id', '42', '--raw', '--subdir', 'DAGS_FOLDER/ergast_kafka_consume_and_load.py', '--cfg-path', '/tmp/tmp7x2soqjz']
[2024-06-17T07:46:48.149+0000] {standard_task_runner.py:91} INFO - Job 42: Subtask wait_for_publish_dag
[2024-06-17T07:46:48.187+0000] {task_command.py:426} INFO - Running <TaskInstance: f1_data_pipeline_kafka_consumeAndLoad.wait_for_publish_dag scheduled__2024-06-16T00:00:00+00:00 [running]> on host c78fbdbb8669
[2024-06-17T07:46:48.249+0000] {taskinstance.py:2648} INFO - Exporting env vars: AIRFLOW_CTX_DAG_OWNER='***' AIRFLOW_CTX_DAG_ID='f1_data_pipeline_kafka_consumeAndLoad' AIRFLOW_CTX_TASK_ID='wait_for_publish_dag' AIRFLOW_CTX_EXECUTION_DATE='2024-06-16T00:00:00+00:00' AIRFLOW_CTX_TRY_NUMBER='1' AIRFLOW_CTX_DAG_RUN_ID='scheduled__2024-06-16T00:00:00+00:00'
[2024-06-17T07:46:48.250+0000] {taskinstance.py:430} INFO - ::endgroup::
[2024-06-17T07:46:48.251+0000] {baseoperator.py:399} WARNING - ExternalTaskSensor.execute cannot be called outside TaskInstance!
[2024-06-17T07:46:48.251+0000] {external_task.py:258} INFO - Poking for tasks ['fetch_and_publish_laps'] in dag f1_data_pipeline_kafka_fetchAndPublish on 2024-06-16T00:00:00+00:00 ... 
[2024-06-17T07:46:48.251+0000] {warnings.py:110} WARNING - /home/***/.local/lib/python3.12/site-packages/***/utils/session.py:79: DeprecationWarning: This method is deprecated and will be removed in future.
  return func(*args, session=session, **kwargs)

[2024-06-17T07:46:48.257+0000] {base.py:294} INFO - Success criteria met. Exiting.
[2024-06-17T07:46:48.257+0000] {taskinstance.py:441} INFO - ::group::Post task execution logs
[2024-06-17T07:46:48.263+0000] {taskinstance.py:1206} INFO - Marking task as SUCCESS. dag_id=f1_data_pipeline_kafka_consumeAndLoad, task_id=wait_for_publish_dag, run_id=scheduled__2024-06-16T00:00:00+00:00, execution_date=20240616T000000, start_date=20240617T074648, end_date=20240617T074648
[2024-06-17T07:46:48.280+0000] {local_task_job_runner.py:240} INFO - Task exited with return code 0
[2024-06-17T07:46:48.290+0000] {taskinstance.py:3498} INFO - 0 downstream tasks scheduled from follow-on schedule check
[2024-06-17T07:46:48.292+0000] {local_task_job_runner.py:222} INFO - ::endgroup::
[2024-06-17T09:30:52.286+0000] {local_task_job_runner.py:120} INFO - ::group::Pre task execution logs
[2024-06-17T09:30:52.302+0000] {taskinstance.py:2076} INFO - Dependencies all met for dep_context=non-requeueable deps ti=<TaskInstance: f1_data_pipeline_kafka_consumeAndLoad.wait_for_publish_dag scheduled__2024-06-16T00:00:00+00:00 [queued]>
[2024-06-17T09:30:52.307+0000] {taskinstance.py:2076} INFO - Dependencies all met for dep_context=requeueable deps ti=<TaskInstance: f1_data_pipeline_kafka_consumeAndLoad.wait_for_publish_dag scheduled__2024-06-16T00:00:00+00:00 [queued]>
[2024-06-17T09:30:52.307+0000] {taskinstance.py:2306} INFO - Starting attempt 1 of 1
[2024-06-17T09:30:52.336+0000] {taskinstance.py:2330} INFO - Executing <Task(ExternalTaskSensor): wait_for_publish_dag> on 2024-06-16 00:00:00+00:00
[2024-06-17T09:30:52.341+0000] {warnings.py:110} WARNING - /home/***/.local/lib/python3.12/site-packages/***/task/task_runner/standard_task_runner.py:61: DeprecationWarning: This process (pid=1158) is multi-threaded, use of fork() may lead to deadlocks in the child.
  pid = os.fork()

[2024-06-17T09:30:52.342+0000] {standard_task_runner.py:63} INFO - Started process 1171 to run task
[2024-06-17T09:30:52.343+0000] {standard_task_runner.py:90} INFO - Running: ['***', 'tasks', 'run', 'f1_data_pipeline_kafka_consumeAndLoad', 'wait_for_publish_dag', 'scheduled__2024-06-16T00:00:00+00:00', '--job-id', '41', '--raw', '--subdir', 'DAGS_FOLDER/ergast_kafka_consume_and_load.py', '--cfg-path', '/tmp/tmp16jvts9d']
[2024-06-17T09:30:52.344+0000] {standard_task_runner.py:91} INFO - Job 41: Subtask wait_for_publish_dag
[2024-06-17T09:30:52.377+0000] {task_command.py:426} INFO - Running <TaskInstance: f1_data_pipeline_kafka_consumeAndLoad.wait_for_publish_dag scheduled__2024-06-16T00:00:00+00:00 [running]> on host dbef0fd3372f
[2024-06-17T09:30:52.432+0000] {taskinstance.py:2648} INFO - Exporting env vars: AIRFLOW_CTX_DAG_OWNER='***' AIRFLOW_CTX_DAG_ID='f1_data_pipeline_kafka_consumeAndLoad' AIRFLOW_CTX_TASK_ID='wait_for_publish_dag' AIRFLOW_CTX_EXECUTION_DATE='2024-06-16T00:00:00+00:00' AIRFLOW_CTX_TRY_NUMBER='1' AIRFLOW_CTX_DAG_RUN_ID='scheduled__2024-06-16T00:00:00+00:00'
[2024-06-17T09:30:52.433+0000] {taskinstance.py:430} INFO - ::endgroup::
[2024-06-17T09:30:52.433+0000] {baseoperator.py:399} WARNING - ExternalTaskSensor.execute cannot be called outside TaskInstance!
[2024-06-17T09:30:52.434+0000] {external_task.py:258} INFO - Poking for tasks ['fetch_and_publish_laps'] in dag f1_data_pipeline_kafka_fetchAndPublish on 2024-06-16T00:00:00+00:00 ... 
[2024-06-17T09:30:52.434+0000] {warnings.py:110} WARNING - /home/***/.local/lib/python3.12/site-packages/***/utils/session.py:79: DeprecationWarning: This method is deprecated and will be removed in future.
  return func(*args, session=session, **kwargs)

[2024-06-17T09:30:52.440+0000] {base.py:294} INFO - Success criteria met. Exiting.
[2024-06-17T09:30:52.440+0000] {taskinstance.py:441} INFO - ::group::Post task execution logs
[2024-06-17T09:30:52.446+0000] {taskinstance.py:1206} INFO - Marking task as SUCCESS. dag_id=f1_data_pipeline_kafka_consumeAndLoad, task_id=wait_for_publish_dag, run_id=scheduled__2024-06-16T00:00:00+00:00, execution_date=20240616T000000, start_date=20240617T093052, end_date=20240617T093052
[2024-06-17T09:30:52.475+0000] {local_task_job_runner.py:240} INFO - Task exited with return code 0
[2024-06-17T09:30:52.485+0000] {taskinstance.py:3498} INFO - 0 downstream tasks scheduled from follow-on schedule check
[2024-06-17T09:30:52.487+0000] {local_task_job_runner.py:222} INFO - ::endgroup::
[2024-06-17T10:30:31.521+0000] {local_task_job_runner.py:120} INFO - ::group::Pre task execution logs
[2024-06-17T10:30:31.538+0000] {taskinstance.py:2076} INFO - Dependencies all met for dep_context=non-requeueable deps ti=<TaskInstance: f1_data_pipeline_kafka_consumeAndLoad.wait_for_publish_dag scheduled__2024-06-16T00:00:00+00:00 [queued]>
[2024-06-17T10:30:31.543+0000] {taskinstance.py:2076} INFO - Dependencies all met for dep_context=requeueable deps ti=<TaskInstance: f1_data_pipeline_kafka_consumeAndLoad.wait_for_publish_dag scheduled__2024-06-16T00:00:00+00:00 [queued]>
[2024-06-17T10:30:31.543+0000] {taskinstance.py:2306} INFO - Starting attempt 1 of 1
[2024-06-17T10:30:31.552+0000] {taskinstance.py:2330} INFO - Executing <Task(ExternalTaskSensor): wait_for_publish_dag> on 2024-06-16 00:00:00+00:00
[2024-06-17T10:30:31.557+0000] {warnings.py:110} WARNING - /home/***/.local/lib/python3.12/site-packages/***/task/task_runner/standard_task_runner.py:61: DeprecationWarning: This process (pid=1786) is multi-threaded, use of fork() may lead to deadlocks in the child.
  pid = os.fork()

[2024-06-17T10:30:31.558+0000] {standard_task_runner.py:63} INFO - Started process 1795 to run task
[2024-06-17T10:30:31.559+0000] {standard_task_runner.py:90} INFO - Running: ['***', 'tasks', 'run', 'f1_data_pipeline_kafka_consumeAndLoad', 'wait_for_publish_dag', 'scheduled__2024-06-16T00:00:00+00:00', '--job-id', '39', '--raw', '--subdir', 'DAGS_FOLDER/ergast_kafka_consume_and_load.py', '--cfg-path', '/tmp/tmpyl1314oj']
[2024-06-17T10:30:31.561+0000] {standard_task_runner.py:91} INFO - Job 39: Subtask wait_for_publish_dag
[2024-06-17T10:30:31.601+0000] {task_command.py:426} INFO - Running <TaskInstance: f1_data_pipeline_kafka_consumeAndLoad.wait_for_publish_dag scheduled__2024-06-16T00:00:00+00:00 [running]> on host f37b7fb66c71
[2024-06-17T10:30:31.663+0000] {taskinstance.py:2648} INFO - Exporting env vars: AIRFLOW_CTX_DAG_OWNER='***' AIRFLOW_CTX_DAG_ID='f1_data_pipeline_kafka_consumeAndLoad' AIRFLOW_CTX_TASK_ID='wait_for_publish_dag' AIRFLOW_CTX_EXECUTION_DATE='2024-06-16T00:00:00+00:00' AIRFLOW_CTX_TRY_NUMBER='1' AIRFLOW_CTX_DAG_RUN_ID='scheduled__2024-06-16T00:00:00+00:00'
[2024-06-17T10:30:31.664+0000] {taskinstance.py:430} INFO - ::endgroup::
[2024-06-17T10:30:31.664+0000] {baseoperator.py:399} WARNING - ExternalTaskSensor.execute cannot be called outside TaskInstance!
[2024-06-17T10:30:31.665+0000] {external_task.py:258} INFO - Poking for tasks ['fetch_and_publish_laps'] in dag f1_data_pipeline_kafka_fetchAndPublish on 2024-06-16T00:00:00+00:00 ... 
[2024-06-17T10:30:31.665+0000] {warnings.py:110} WARNING - /home/***/.local/lib/python3.12/site-packages/***/utils/session.py:79: DeprecationWarning: This method is deprecated and will be removed in future.
  return func(*args, session=session, **kwargs)

[2024-06-17T10:30:31.672+0000] {base.py:294} INFO - Success criteria met. Exiting.
[2024-06-17T10:30:31.672+0000] {taskinstance.py:441} INFO - ::group::Post task execution logs
[2024-06-17T10:30:31.678+0000] {taskinstance.py:1206} INFO - Marking task as SUCCESS. dag_id=f1_data_pipeline_kafka_consumeAndLoad, task_id=wait_for_publish_dag, run_id=scheduled__2024-06-16T00:00:00+00:00, execution_date=20240616T000000, start_date=20240617T103031, end_date=20240617T103031
[2024-06-17T10:30:31.693+0000] {local_task_job_runner.py:240} INFO - Task exited with return code 0
[2024-06-17T10:30:31.703+0000] {taskinstance.py:3498} INFO - 0 downstream tasks scheduled from follow-on schedule check
[2024-06-17T10:30:31.704+0000] {local_task_job_runner.py:222} INFO - ::endgroup::
[2024-06-17T10:44:22.900+0000] {local_task_job_runner.py:120} INFO - ::group::Pre task execution logs
[2024-06-17T10:44:22.915+0000] {taskinstance.py:2076} INFO - Dependencies all met for dep_context=non-requeueable deps ti=<TaskInstance: f1_data_pipeline_kafka_consumeAndLoad.wait_for_publish_dag scheduled__2024-06-16T00:00:00+00:00 [queued]>
[2024-06-17T10:44:22.920+0000] {taskinstance.py:2076} INFO - Dependencies all met for dep_context=requeueable deps ti=<TaskInstance: f1_data_pipeline_kafka_consumeAndLoad.wait_for_publish_dag scheduled__2024-06-16T00:00:00+00:00 [queued]>
[2024-06-17T10:44:22.920+0000] {taskinstance.py:2306} INFO - Starting attempt 1 of 1
[2024-06-17T10:44:22.928+0000] {taskinstance.py:2330} INFO - Executing <Task(ExternalTaskSensor): wait_for_publish_dag> on 2024-06-16 00:00:00+00:00
[2024-06-17T10:44:22.933+0000] {warnings.py:110} WARNING - /home/***/.local/lib/python3.12/site-packages/***/task/task_runner/standard_task_runner.py:61: DeprecationWarning: This process (pid=1151) is multi-threaded, use of fork() may lead to deadlocks in the child.
  pid = os.fork()

[2024-06-17T10:44:22.934+0000] {standard_task_runner.py:63} INFO - Started process 1160 to run task
[2024-06-17T10:44:22.934+0000] {standard_task_runner.py:90} INFO - Running: ['***', 'tasks', 'run', 'f1_data_pipeline_kafka_consumeAndLoad', 'wait_for_publish_dag', 'scheduled__2024-06-16T00:00:00+00:00', '--job-id', '39', '--raw', '--subdir', 'DAGS_FOLDER/ergast_kafka_consume_and_load.py', '--cfg-path', '/tmp/tmpzwu8koxs']
[2024-06-17T10:44:22.936+0000] {standard_task_runner.py:91} INFO - Job 39: Subtask wait_for_publish_dag
[2024-06-17T10:44:22.973+0000] {task_command.py:426} INFO - Running <TaskInstance: f1_data_pipeline_kafka_consumeAndLoad.wait_for_publish_dag scheduled__2024-06-16T00:00:00+00:00 [running]> on host 688ecc0cce5b
[2024-06-17T10:44:23.033+0000] {taskinstance.py:2648} INFO - Exporting env vars: AIRFLOW_CTX_DAG_OWNER='***' AIRFLOW_CTX_DAG_ID='f1_data_pipeline_kafka_consumeAndLoad' AIRFLOW_CTX_TASK_ID='wait_for_publish_dag' AIRFLOW_CTX_EXECUTION_DATE='2024-06-16T00:00:00+00:00' AIRFLOW_CTX_TRY_NUMBER='1' AIRFLOW_CTX_DAG_RUN_ID='scheduled__2024-06-16T00:00:00+00:00'
[2024-06-17T10:44:23.034+0000] {taskinstance.py:430} INFO - ::endgroup::
[2024-06-17T10:44:23.034+0000] {baseoperator.py:399} WARNING - ExternalTaskSensor.execute cannot be called outside TaskInstance!
[2024-06-17T10:44:23.034+0000] {external_task.py:258} INFO - Poking for tasks ['fetch_and_publish_laps'] in dag f1_data_pipeline_kafka_fetchAndPublish on 2024-06-16T00:00:00+00:00 ... 
[2024-06-17T10:44:23.035+0000] {warnings.py:110} WARNING - /home/***/.local/lib/python3.12/site-packages/***/utils/session.py:79: DeprecationWarning: This method is deprecated and will be removed in future.
  return func(*args, session=session, **kwargs)

[2024-06-17T10:44:23.041+0000] {base.py:294} INFO - Success criteria met. Exiting.
[2024-06-17T10:44:23.041+0000] {taskinstance.py:441} INFO - ::group::Post task execution logs
[2024-06-17T10:44:23.048+0000] {taskinstance.py:1206} INFO - Marking task as SUCCESS. dag_id=f1_data_pipeline_kafka_consumeAndLoad, task_id=wait_for_publish_dag, run_id=scheduled__2024-06-16T00:00:00+00:00, execution_date=20240616T000000, start_date=20240617T104422, end_date=20240617T104423
[2024-06-17T10:44:23.067+0000] {local_task_job_runner.py:240} INFO - Task exited with return code 0
[2024-06-17T10:44:23.077+0000] {taskinstance.py:3498} INFO - 0 downstream tasks scheduled from follow-on schedule check
[2024-06-17T10:44:23.078+0000] {local_task_job_runner.py:222} INFO - ::endgroup::
[2024-06-17T11:17:51.612+0000] {local_task_job_runner.py:120} INFO - ::group::Pre task execution logs
[2024-06-17T11:17:51.626+0000] {taskinstance.py:2076} INFO - Dependencies all met for dep_context=non-requeueable deps ti=<TaskInstance: f1_data_pipeline_kafka_consumeAndLoad.wait_for_publish_dag scheduled__2024-06-16T00:00:00+00:00 [queued]>
[2024-06-17T11:17:51.631+0000] {taskinstance.py:2076} INFO - Dependencies all met for dep_context=requeueable deps ti=<TaskInstance: f1_data_pipeline_kafka_consumeAndLoad.wait_for_publish_dag scheduled__2024-06-16T00:00:00+00:00 [queued]>
[2024-06-17T11:17:51.631+0000] {taskinstance.py:2306} INFO - Starting attempt 1 of 1
[2024-06-17T11:17:51.640+0000] {taskinstance.py:2330} INFO - Executing <Task(ExternalTaskSensor): wait_for_publish_dag> on 2024-06-16 00:00:00+00:00
[2024-06-17T11:17:51.646+0000] {warnings.py:110} WARNING - /home/***/.local/lib/python3.12/site-packages/***/task/task_runner/standard_task_runner.py:61: DeprecationWarning: This process (pid=1147) is multi-threaded, use of fork() may lead to deadlocks in the child.
  pid = os.fork()

[2024-06-17T11:17:51.648+0000] {standard_task_runner.py:63} INFO - Started process 1158 to run task
[2024-06-17T11:17:51.648+0000] {standard_task_runner.py:90} INFO - Running: ['***', 'tasks', 'run', 'f1_data_pipeline_kafka_consumeAndLoad', 'wait_for_publish_dag', 'scheduled__2024-06-16T00:00:00+00:00', '--job-id', '42', '--raw', '--subdir', 'DAGS_FOLDER/ergast_kafka_consume_and_load.py', '--cfg-path', '/tmp/tmpyur8e6bp']
[2024-06-17T11:17:51.650+0000] {standard_task_runner.py:91} INFO - Job 42: Subtask wait_for_publish_dag
[2024-06-17T11:17:51.686+0000] {task_command.py:426} INFO - Running <TaskInstance: f1_data_pipeline_kafka_consumeAndLoad.wait_for_publish_dag scheduled__2024-06-16T00:00:00+00:00 [running]> on host 3a133740bf3d
[2024-06-17T11:17:51.745+0000] {taskinstance.py:2648} INFO - Exporting env vars: AIRFLOW_CTX_DAG_OWNER='***' AIRFLOW_CTX_DAG_ID='f1_data_pipeline_kafka_consumeAndLoad' AIRFLOW_CTX_TASK_ID='wait_for_publish_dag' AIRFLOW_CTX_EXECUTION_DATE='2024-06-16T00:00:00+00:00' AIRFLOW_CTX_TRY_NUMBER='1' AIRFLOW_CTX_DAG_RUN_ID='scheduled__2024-06-16T00:00:00+00:00'
[2024-06-17T11:17:51.746+0000] {taskinstance.py:430} INFO - ::endgroup::
[2024-06-17T11:17:51.746+0000] {baseoperator.py:399} WARNING - ExternalTaskSensor.execute cannot be called outside TaskInstance!
[2024-06-17T11:17:51.746+0000] {external_task.py:258} INFO - Poking for tasks ['fetch_and_publish_laps'] in dag f1_data_pipeline_kafka_fetchAndPublish on 2024-06-16T00:00:00+00:00 ... 
[2024-06-17T11:17:51.747+0000] {warnings.py:110} WARNING - /home/***/.local/lib/python3.12/site-packages/***/utils/session.py:79: DeprecationWarning: This method is deprecated and will be removed in future.
  return func(*args, session=session, **kwargs)

[2024-06-17T11:17:51.753+0000] {base.py:294} INFO - Success criteria met. Exiting.
[2024-06-17T11:17:51.753+0000] {taskinstance.py:441} INFO - ::group::Post task execution logs
[2024-06-17T11:17:51.759+0000] {taskinstance.py:1206} INFO - Marking task as SUCCESS. dag_id=f1_data_pipeline_kafka_consumeAndLoad, task_id=wait_for_publish_dag, run_id=scheduled__2024-06-16T00:00:00+00:00, execution_date=20240616T000000, start_date=20240617T111751, end_date=20240617T111751
[2024-06-17T11:17:51.782+0000] {local_task_job_runner.py:240} INFO - Task exited with return code 0
[2024-06-17T11:17:51.792+0000] {taskinstance.py:3498} INFO - 0 downstream tasks scheduled from follow-on schedule check
[2024-06-17T11:17:51.794+0000] {local_task_job_runner.py:222} INFO - ::endgroup::
[2024-06-17T12:27:16.405+0000] {local_task_job_runner.py:120} INFO - ::group::Pre task execution logs
[2024-06-17T12:27:16.420+0000] {taskinstance.py:2076} INFO - Dependencies all met for dep_context=non-requeueable deps ti=<TaskInstance: f1_data_pipeline_kafka_consumeAndLoad.wait_for_publish_dag scheduled__2024-06-16T00:00:00+00:00 [queued]>
[2024-06-17T12:27:16.424+0000] {taskinstance.py:2076} INFO - Dependencies all met for dep_context=requeueable deps ti=<TaskInstance: f1_data_pipeline_kafka_consumeAndLoad.wait_for_publish_dag scheduled__2024-06-16T00:00:00+00:00 [queued]>
[2024-06-17T12:27:16.425+0000] {taskinstance.py:2306} INFO - Starting attempt 1 of 1
[2024-06-17T12:27:16.432+0000] {taskinstance.py:2330} INFO - Executing <Task(ExternalTaskSensor): wait_for_publish_dag> on 2024-06-16 00:00:00+00:00
[2024-06-17T12:27:16.437+0000] {warnings.py:110} WARNING - /home/***/.local/lib/python3.12/site-packages/***/task/task_runner/standard_task_runner.py:61: DeprecationWarning: This process (pid=1127) is multi-threaded, use of fork() may lead to deadlocks in the child.
  pid = os.fork()

[2024-06-17T12:27:16.438+0000] {standard_task_runner.py:63} INFO - Started process 1138 to run task
[2024-06-17T12:27:16.439+0000] {standard_task_runner.py:90} INFO - Running: ['***', 'tasks', 'run', 'f1_data_pipeline_kafka_consumeAndLoad', 'wait_for_publish_dag', 'scheduled__2024-06-16T00:00:00+00:00', '--job-id', '41', '--raw', '--subdir', 'DAGS_FOLDER/ergast_kafka_consume_and_load.py', '--cfg-path', '/tmp/tmpqiky9mx1']
[2024-06-17T12:27:16.440+0000] {standard_task_runner.py:91} INFO - Job 41: Subtask wait_for_publish_dag
[2024-06-17T12:27:16.474+0000] {task_command.py:426} INFO - Running <TaskInstance: f1_data_pipeline_kafka_consumeAndLoad.wait_for_publish_dag scheduled__2024-06-16T00:00:00+00:00 [running]> on host 5ef985758484
[2024-06-17T12:27:16.533+0000] {taskinstance.py:2648} INFO - Exporting env vars: AIRFLOW_CTX_DAG_OWNER='***' AIRFLOW_CTX_DAG_ID='f1_data_pipeline_kafka_consumeAndLoad' AIRFLOW_CTX_TASK_ID='wait_for_publish_dag' AIRFLOW_CTX_EXECUTION_DATE='2024-06-16T00:00:00+00:00' AIRFLOW_CTX_TRY_NUMBER='1' AIRFLOW_CTX_DAG_RUN_ID='scheduled__2024-06-16T00:00:00+00:00'
[2024-06-17T12:27:16.534+0000] {taskinstance.py:430} INFO - ::endgroup::
[2024-06-17T12:27:16.534+0000] {baseoperator.py:399} WARNING - ExternalTaskSensor.execute cannot be called outside TaskInstance!
[2024-06-17T12:27:16.534+0000] {external_task.py:258} INFO - Poking for tasks ['fetch_and_publish_laps'] in dag f1_data_pipeline_kafka_fetchAndPublish on 2024-06-16T00:00:00+00:00 ... 
[2024-06-17T12:27:16.535+0000] {warnings.py:110} WARNING - /home/***/.local/lib/python3.12/site-packages/***/utils/session.py:79: DeprecationWarning: This method is deprecated and will be removed in future.
  return func(*args, session=session, **kwargs)

[2024-06-17T12:27:16.542+0000] {base.py:294} INFO - Success criteria met. Exiting.
[2024-06-17T12:27:16.542+0000] {taskinstance.py:441} INFO - ::group::Post task execution logs
[2024-06-17T12:27:16.547+0000] {taskinstance.py:1206} INFO - Marking task as SUCCESS. dag_id=f1_data_pipeline_kafka_consumeAndLoad, task_id=wait_for_publish_dag, run_id=scheduled__2024-06-16T00:00:00+00:00, execution_date=20240616T000000, start_date=20240617T122716, end_date=20240617T122716
[2024-06-17T12:27:16.571+0000] {local_task_job_runner.py:240} INFO - Task exited with return code 0
[2024-06-17T12:27:16.582+0000] {taskinstance.py:3498} INFO - 0 downstream tasks scheduled from follow-on schedule check
[2024-06-17T12:27:16.584+0000] {local_task_job_runner.py:222} INFO - ::endgroup::
[2024-06-17T12:50:51.179+0000] {local_task_job_runner.py:120} INFO - ::group::Pre task execution logs
[2024-06-17T12:50:51.195+0000] {taskinstance.py:2076} INFO - Dependencies all met for dep_context=non-requeueable deps ti=<TaskInstance: f1_data_pipeline_kafka_consumeAndLoad.wait_for_publish_dag scheduled__2024-06-16T00:00:00+00:00 [queued]>
[2024-06-17T12:50:51.200+0000] {taskinstance.py:2076} INFO - Dependencies all met for dep_context=requeueable deps ti=<TaskInstance: f1_data_pipeline_kafka_consumeAndLoad.wait_for_publish_dag scheduled__2024-06-16T00:00:00+00:00 [queued]>
[2024-06-17T12:50:51.200+0000] {taskinstance.py:2306} INFO - Starting attempt 1 of 1
[2024-06-17T12:50:51.209+0000] {taskinstance.py:2330} INFO - Executing <Task(ExternalTaskSensor): wait_for_publish_dag> on 2024-06-16 00:00:00+00:00
[2024-06-17T12:50:51.213+0000] {warnings.py:110} WARNING - /home/***/.local/lib/python3.12/site-packages/***/task/task_runner/standard_task_runner.py:61: DeprecationWarning: This process (pid=1128) is multi-threaded, use of fork() may lead to deadlocks in the child.
  pid = os.fork()

[2024-06-17T12:50:51.214+0000] {standard_task_runner.py:63} INFO - Started process 1138 to run task
[2024-06-17T12:50:51.214+0000] {standard_task_runner.py:90} INFO - Running: ['***', 'tasks', 'run', 'f1_data_pipeline_kafka_consumeAndLoad', 'wait_for_publish_dag', 'scheduled__2024-06-16T00:00:00+00:00', '--job-id', '39', '--raw', '--subdir', 'DAGS_FOLDER/ergast_kafka_consume_and_load.py', '--cfg-path', '/tmp/tmptqh6mw54']
[2024-06-17T12:50:51.216+0000] {standard_task_runner.py:91} INFO - Job 39: Subtask wait_for_publish_dag
[2024-06-17T12:50:51.251+0000] {task_command.py:426} INFO - Running <TaskInstance: f1_data_pipeline_kafka_consumeAndLoad.wait_for_publish_dag scheduled__2024-06-16T00:00:00+00:00 [running]> on host 7b9616fbccae
[2024-06-17T12:50:51.309+0000] {taskinstance.py:2648} INFO - Exporting env vars: AIRFLOW_CTX_DAG_OWNER='***' AIRFLOW_CTX_DAG_ID='f1_data_pipeline_kafka_consumeAndLoad' AIRFLOW_CTX_TASK_ID='wait_for_publish_dag' AIRFLOW_CTX_EXECUTION_DATE='2024-06-16T00:00:00+00:00' AIRFLOW_CTX_TRY_NUMBER='1' AIRFLOW_CTX_DAG_RUN_ID='scheduled__2024-06-16T00:00:00+00:00'
[2024-06-17T12:50:51.310+0000] {taskinstance.py:430} INFO - ::endgroup::
[2024-06-17T12:50:51.310+0000] {baseoperator.py:399} WARNING - ExternalTaskSensor.execute cannot be called outside TaskInstance!
[2024-06-17T12:50:51.311+0000] {external_task.py:258} INFO - Poking for tasks ['fetch_and_publish_laps'] in dag f1_data_pipeline_kafka_fetchAndPublish on 2024-06-16T00:00:00+00:00 ... 
[2024-06-17T12:50:51.311+0000] {warnings.py:110} WARNING - /home/***/.local/lib/python3.12/site-packages/***/utils/session.py:79: DeprecationWarning: This method is deprecated and will be removed in future.
  return func(*args, session=session, **kwargs)

[2024-06-17T12:50:51.317+0000] {base.py:294} INFO - Success criteria met. Exiting.
[2024-06-17T12:50:51.318+0000] {taskinstance.py:441} INFO - ::group::Post task execution logs
[2024-06-17T12:50:51.324+0000] {taskinstance.py:1206} INFO - Marking task as SUCCESS. dag_id=f1_data_pipeline_kafka_consumeAndLoad, task_id=wait_for_publish_dag, run_id=scheduled__2024-06-16T00:00:00+00:00, execution_date=20240616T000000, start_date=20240617T125051, end_date=20240617T125051
[2024-06-17T12:50:51.347+0000] {local_task_job_runner.py:240} INFO - Task exited with return code 0
[2024-06-17T12:50:51.356+0000] {taskinstance.py:3498} INFO - 0 downstream tasks scheduled from follow-on schedule check
[2024-06-17T12:50:51.358+0000] {local_task_job_runner.py:222} INFO - ::endgroup::
[2024-06-17T12:54:03.909+0000] {local_task_job_runner.py:120} INFO - ::group::Pre task execution logs
[2024-06-17T12:54:03.931+0000] {taskinstance.py:2076} INFO - Dependencies all met for dep_context=non-requeueable deps ti=<TaskInstance: f1_data_pipeline_kafka_consumeAndLoad.wait_for_publish_dag scheduled__2024-06-16T00:00:00+00:00 [queued]>
[2024-06-17T12:54:03.940+0000] {taskinstance.py:2076} INFO - Dependencies all met for dep_context=requeueable deps ti=<TaskInstance: f1_data_pipeline_kafka_consumeAndLoad.wait_for_publish_dag scheduled__2024-06-16T00:00:00+00:00 [queued]>
[2024-06-17T12:54:03.940+0000] {taskinstance.py:2306} INFO - Starting attempt 1 of 1
[2024-06-17T12:54:03.954+0000] {taskinstance.py:2330} INFO - Executing <Task(ExternalTaskSensor): wait_for_publish_dag> on 2024-06-16 00:00:00+00:00
[2024-06-17T12:54:03.959+0000] {warnings.py:110} WARNING - /home/***/.local/lib/python3.12/site-packages/***/task/task_runner/standard_task_runner.py:61: DeprecationWarning: This process (pid=1217) is multi-threaded, use of fork() may lead to deadlocks in the child.
  pid = os.fork()

[2024-06-17T12:54:03.960+0000] {standard_task_runner.py:63} INFO - Started process 1236 to run task
[2024-06-17T12:54:03.960+0000] {standard_task_runner.py:90} INFO - Running: ['***', 'tasks', 'run', 'f1_data_pipeline_kafka_consumeAndLoad', 'wait_for_publish_dag', 'scheduled__2024-06-16T00:00:00+00:00', '--job-id', '58', '--raw', '--subdir', 'DAGS_FOLDER/ergast_kafka_consume_and_load.py', '--cfg-path', '/tmp/tmpwylid1jc']
[2024-06-17T12:54:03.963+0000] {standard_task_runner.py:91} INFO - Job 58: Subtask wait_for_publish_dag
[2024-06-17T12:54:04.011+0000] {task_command.py:426} INFO - Running <TaskInstance: f1_data_pipeline_kafka_consumeAndLoad.wait_for_publish_dag scheduled__2024-06-16T00:00:00+00:00 [running]> on host 7b9616fbccae
[2024-06-17T12:54:04.083+0000] {taskinstance.py:2648} INFO - Exporting env vars: AIRFLOW_CTX_DAG_OWNER='***' AIRFLOW_CTX_DAG_ID='f1_data_pipeline_kafka_consumeAndLoad' AIRFLOW_CTX_TASK_ID='wait_for_publish_dag' AIRFLOW_CTX_EXECUTION_DATE='2024-06-16T00:00:00+00:00' AIRFLOW_CTX_TRY_NUMBER='1' AIRFLOW_CTX_DAG_RUN_ID='scheduled__2024-06-16T00:00:00+00:00'
[2024-06-17T12:54:04.084+0000] {taskinstance.py:430} INFO - ::endgroup::
[2024-06-17T12:54:04.085+0000] {baseoperator.py:399} WARNING - ExternalTaskSensor.execute cannot be called outside TaskInstance!
[2024-06-17T12:54:04.085+0000] {external_task.py:258} INFO - Poking for tasks ['fetch_and_publish_laps'] in dag f1_data_pipeline_kafka_fetchAndPublish on 2024-06-16T00:00:00+00:00 ... 
[2024-06-17T12:54:04.085+0000] {warnings.py:110} WARNING - /home/***/.local/lib/python3.12/site-packages/***/utils/session.py:79: DeprecationWarning: This method is deprecated and will be removed in future.
  return func(*args, session=session, **kwargs)

[2024-06-17T12:54:04.094+0000] {base.py:294} INFO - Success criteria met. Exiting.
[2024-06-17T12:54:04.094+0000] {taskinstance.py:441} INFO - ::group::Post task execution logs
[2024-06-17T12:54:04.102+0000] {taskinstance.py:1206} INFO - Marking task as SUCCESS. dag_id=f1_data_pipeline_kafka_consumeAndLoad, task_id=wait_for_publish_dag, run_id=scheduled__2024-06-16T00:00:00+00:00, execution_date=20240616T000000, start_date=20240617T125403, end_date=20240617T125404
[2024-06-17T12:54:04.134+0000] {local_task_job_runner.py:240} INFO - Task exited with return code 0
[2024-06-17T12:54:04.145+0000] {taskinstance.py:3498} INFO - 0 downstream tasks scheduled from follow-on schedule check
[2024-06-17T12:54:04.146+0000] {local_task_job_runner.py:222} INFO - ::endgroup::
[2024-06-17T13:39:37.571+0000] {local_task_job_runner.py:120} INFO - ::group::Pre task execution logs
[2024-06-17T13:39:37.589+0000] {taskinstance.py:2076} INFO - Dependencies all met for dep_context=non-requeueable deps ti=<TaskInstance: f1_data_pipeline_kafka_consumeAndLoad.wait_for_publish_dag scheduled__2024-06-16T00:00:00+00:00 [queued]>
[2024-06-17T13:39:37.594+0000] {taskinstance.py:2076} INFO - Dependencies all met for dep_context=requeueable deps ti=<TaskInstance: f1_data_pipeline_kafka_consumeAndLoad.wait_for_publish_dag scheduled__2024-06-16T00:00:00+00:00 [queued]>
[2024-06-17T13:39:37.595+0000] {taskinstance.py:2306} INFO - Starting attempt 1 of 1
[2024-06-17T13:39:37.603+0000] {taskinstance.py:2330} INFO - Executing <Task(ExternalTaskSensor): wait_for_publish_dag> on 2024-06-16 00:00:00+00:00
[2024-06-17T13:39:37.607+0000] {warnings.py:110} WARNING - /home/***/.local/lib/python3.12/site-packages/***/task/task_runner/standard_task_runner.py:61: DeprecationWarning: This process (pid=2686) is multi-threaded, use of fork() may lead to deadlocks in the child.
  pid = os.fork()

[2024-06-17T13:39:37.608+0000] {standard_task_runner.py:63} INFO - Started process 2695 to run task
[2024-06-17T13:39:37.610+0000] {standard_task_runner.py:90} INFO - Running: ['***', 'tasks', 'run', 'f1_data_pipeline_kafka_consumeAndLoad', 'wait_for_publish_dag', 'scheduled__2024-06-16T00:00:00+00:00', '--job-id', '71', '--raw', '--subdir', 'DAGS_FOLDER/ergast_kafka_consume_and_load.py', '--cfg-path', '/tmp/tmpguiauxhi']
[2024-06-17T13:39:37.612+0000] {standard_task_runner.py:91} INFO - Job 71: Subtask wait_for_publish_dag
[2024-06-17T13:39:37.654+0000] {task_command.py:426} INFO - Running <TaskInstance: f1_data_pipeline_kafka_consumeAndLoad.wait_for_publish_dag scheduled__2024-06-16T00:00:00+00:00 [running]> on host 96c07605841c
[2024-06-17T13:39:37.719+0000] {taskinstance.py:2648} INFO - Exporting env vars: AIRFLOW_CTX_DAG_OWNER='***' AIRFLOW_CTX_DAG_ID='f1_data_pipeline_kafka_consumeAndLoad' AIRFLOW_CTX_TASK_ID='wait_for_publish_dag' AIRFLOW_CTX_EXECUTION_DATE='2024-06-16T00:00:00+00:00' AIRFLOW_CTX_TRY_NUMBER='1' AIRFLOW_CTX_DAG_RUN_ID='scheduled__2024-06-16T00:00:00+00:00'
[2024-06-17T13:39:37.720+0000] {taskinstance.py:430} INFO - ::endgroup::
[2024-06-17T13:39:37.720+0000] {baseoperator.py:399} WARNING - ExternalTaskSensor.execute cannot be called outside TaskInstance!
[2024-06-17T13:39:37.720+0000] {external_task.py:258} INFO - Poking for tasks ['fetch_and_publish_laps'] in dag f1_data_pipeline_kafka_fetchAndPublish on 2024-06-16T00:00:00+00:00 ... 
[2024-06-17T13:39:37.720+0000] {warnings.py:110} WARNING - /home/***/.local/lib/python3.12/site-packages/***/utils/session.py:79: DeprecationWarning: This method is deprecated and will be removed in future.
  return func(*args, session=session, **kwargs)

[2024-06-17T13:40:07.727+0000] {external_task.py:258} INFO - Poking for tasks ['fetch_and_publish_laps'] in dag f1_data_pipeline_kafka_fetchAndPublish on 2024-06-16T00:00:00+00:00 ... 
[2024-06-17T13:40:23.024+0000] {local_task_job_runner.py:310} WARNING - State of this instance has been externally set to success. Terminating instance.
[2024-06-17T13:40:23.025+0000] {local_task_job_runner.py:222} INFO - ::endgroup::
[2024-06-17T13:40:23.025+0000] {process_utils.py:132} INFO - Sending 15 to group 2695. PIDs of all processes in the group: [2695]
[2024-06-17T13:40:23.026+0000] {process_utils.py:87} INFO - Sending the signal 15 to group 2695
[2024-06-17T13:40:23.026+0000] {taskinstance.py:2611} ERROR - Received SIGTERM. Terminating subprocesses.
[2024-06-17T13:40:23.026+0000] {taskinstance.py:441} INFO - ::group::Post task execution logs
[2024-06-17T13:40:23.052+0000] {process_utils.py:80} INFO - Process psutil.Process(pid=2695, status='terminated', exitcode=0, started='13:39:37') (2695) terminated with exit code 0
[2024-06-17T14:01:51.096+0000] {local_task_job_runner.py:120} INFO - ::group::Pre task execution logs
[2024-06-17T14:01:51.112+0000] {taskinstance.py:2076} INFO - Dependencies all met for dep_context=non-requeueable deps ti=<TaskInstance: f1_data_pipeline_kafka_consumeAndLoad.wait_for_publish_dag scheduled__2024-06-16T00:00:00+00:00 [queued]>
[2024-06-17T14:01:51.117+0000] {taskinstance.py:2076} INFO - Dependencies all met for dep_context=requeueable deps ti=<TaskInstance: f1_data_pipeline_kafka_consumeAndLoad.wait_for_publish_dag scheduled__2024-06-16T00:00:00+00:00 [queued]>
[2024-06-17T14:01:51.117+0000] {taskinstance.py:2306} INFO - Starting attempt 1 of 1
[2024-06-17T14:01:51.126+0000] {taskinstance.py:2330} INFO - Executing <Task(ExternalTaskSensor): wait_for_publish_dag> on 2024-06-16 00:00:00+00:00
[2024-06-17T14:01:51.131+0000] {warnings.py:110} WARNING - /home/***/.local/lib/python3.12/site-packages/***/task/task_runner/standard_task_runner.py:61: DeprecationWarning: This process (pid=1206) is multi-threaded, use of fork() may lead to deadlocks in the child.
  pid = os.fork()

[2024-06-17T14:01:51.132+0000] {standard_task_runner.py:63} INFO - Started process 1215 to run task
[2024-06-17T14:01:51.132+0000] {standard_task_runner.py:90} INFO - Running: ['***', 'tasks', 'run', 'f1_data_pipeline_kafka_consumeAndLoad', 'wait_for_publish_dag', 'scheduled__2024-06-16T00:00:00+00:00', '--job-id', '41', '--raw', '--subdir', 'DAGS_FOLDER/ergast_kafka_consume_and_load.py', '--cfg-path', '/tmp/tmpfxeym83d']
[2024-06-17T14:01:51.134+0000] {standard_task_runner.py:91} INFO - Job 41: Subtask wait_for_publish_dag
[2024-06-17T14:01:51.168+0000] {task_command.py:426} INFO - Running <TaskInstance: f1_data_pipeline_kafka_consumeAndLoad.wait_for_publish_dag scheduled__2024-06-16T00:00:00+00:00 [running]> on host b1cdb958cbe8
[2024-06-17T14:01:51.232+0000] {taskinstance.py:2648} INFO - Exporting env vars: AIRFLOW_CTX_DAG_OWNER='***' AIRFLOW_CTX_DAG_ID='f1_data_pipeline_kafka_consumeAndLoad' AIRFLOW_CTX_TASK_ID='wait_for_publish_dag' AIRFLOW_CTX_EXECUTION_DATE='2024-06-16T00:00:00+00:00' AIRFLOW_CTX_TRY_NUMBER='1' AIRFLOW_CTX_DAG_RUN_ID='scheduled__2024-06-16T00:00:00+00:00'
[2024-06-17T14:01:51.233+0000] {taskinstance.py:430} INFO - ::endgroup::
[2024-06-17T14:01:51.233+0000] {baseoperator.py:399} WARNING - ExternalTaskSensor.execute cannot be called outside TaskInstance!
[2024-06-17T14:01:51.234+0000] {external_task.py:258} INFO - Poking for tasks ['fetch_and_publish_laps'] in dag f1_data_pipeline_kafka_fetchAndPublish on 2024-06-16T00:00:00+00:00 ... 
[2024-06-17T14:01:51.234+0000] {warnings.py:110} WARNING - /home/***/.local/lib/python3.12/site-packages/***/utils/session.py:79: DeprecationWarning: This method is deprecated and will be removed in future.
  return func(*args, session=session, **kwargs)

[2024-06-17T14:01:51.241+0000] {base.py:294} INFO - Success criteria met. Exiting.
[2024-06-17T14:01:51.241+0000] {taskinstance.py:441} INFO - ::group::Post task execution logs
[2024-06-17T14:01:51.248+0000] {taskinstance.py:1206} INFO - Marking task as SUCCESS. dag_id=f1_data_pipeline_kafka_consumeAndLoad, task_id=wait_for_publish_dag, run_id=scheduled__2024-06-16T00:00:00+00:00, execution_date=20240616T000000, start_date=20240617T140151, end_date=20240617T140151
[2024-06-17T14:01:51.265+0000] {local_task_job_runner.py:240} INFO - Task exited with return code 0
[2024-06-17T14:01:51.275+0000] {taskinstance.py:3498} INFO - 0 downstream tasks scheduled from follow-on schedule check
[2024-06-17T14:01:51.277+0000] {local_task_job_runner.py:222} INFO - ::endgroup::
[2024-06-17T14:13:59.486+0000] {local_task_job_runner.py:120} INFO - ::group::Pre task execution logs
[2024-06-17T14:13:59.500+0000] {taskinstance.py:2076} INFO - Dependencies all met for dep_context=non-requeueable deps ti=<TaskInstance: f1_data_pipeline_kafka_consumeAndLoad.wait_for_publish_dag scheduled__2024-06-16T00:00:00+00:00 [queued]>
[2024-06-17T14:13:59.504+0000] {taskinstance.py:2076} INFO - Dependencies all met for dep_context=requeueable deps ti=<TaskInstance: f1_data_pipeline_kafka_consumeAndLoad.wait_for_publish_dag scheduled__2024-06-16T00:00:00+00:00 [queued]>
[2024-06-17T14:13:59.504+0000] {taskinstance.py:2306} INFO - Starting attempt 1 of 1
[2024-06-17T14:13:59.511+0000] {taskinstance.py:2330} INFO - Executing <Task(ExternalTaskSensor): wait_for_publish_dag> on 2024-06-16 00:00:00+00:00
[2024-06-17T14:13:59.515+0000] {warnings.py:110} WARNING - /home/***/.local/lib/python3.12/site-packages/***/task/task_runner/standard_task_runner.py:61: DeprecationWarning: This process (pid=84) is multi-threaded, use of fork() may lead to deadlocks in the child.
  pid = os.fork()

[2024-06-17T14:13:59.515+0000] {standard_task_runner.py:63} INFO - Started process 86 to run task
[2024-06-17T14:13:59.516+0000] {standard_task_runner.py:90} INFO - Running: ['***', 'tasks', 'run', 'f1_data_pipeline_kafka_consumeAndLoad', 'wait_for_publish_dag', 'scheduled__2024-06-16T00:00:00+00:00', '--job-id', '5', '--raw', '--subdir', 'DAGS_FOLDER/ergast_kafka_consume_and_load.py', '--cfg-path', '/tmp/tmp3nkaxlv2']
[2024-06-17T14:13:59.517+0000] {standard_task_runner.py:91} INFO - Job 5: Subtask wait_for_publish_dag
[2024-06-17T14:13:59.550+0000] {task_command.py:426} INFO - Running <TaskInstance: f1_data_pipeline_kafka_consumeAndLoad.wait_for_publish_dag scheduled__2024-06-16T00:00:00+00:00 [running]> on host ad2413a51065
[2024-06-17T14:13:59.606+0000] {taskinstance.py:2648} INFO - Exporting env vars: AIRFLOW_CTX_DAG_OWNER='***' AIRFLOW_CTX_DAG_ID='f1_data_pipeline_kafka_consumeAndLoad' AIRFLOW_CTX_TASK_ID='wait_for_publish_dag' AIRFLOW_CTX_EXECUTION_DATE='2024-06-16T00:00:00+00:00' AIRFLOW_CTX_TRY_NUMBER='1' AIRFLOW_CTX_DAG_RUN_ID='scheduled__2024-06-16T00:00:00+00:00'
[2024-06-17T14:13:59.607+0000] {taskinstance.py:430} INFO - ::endgroup::
[2024-06-17T14:13:59.607+0000] {baseoperator.py:399} WARNING - ExternalTaskSensor.execute cannot be called outside TaskInstance!
[2024-06-17T14:13:59.608+0000] {external_task.py:258} INFO - Poking for tasks ['fetch_and_publish_laps'] in dag f1_data_pipeline_kafka_fetchAndPublish on 2024-06-16T00:00:00+00:00 ... 
[2024-06-17T14:13:59.608+0000] {warnings.py:110} WARNING - /home/***/.local/lib/python3.12/site-packages/***/utils/session.py:79: DeprecationWarning: This method is deprecated and will be removed in future.
  return func(*args, session=session, **kwargs)

[2024-06-17T14:14:29.617+0000] {external_task.py:258} INFO - Poking for tasks ['fetch_and_publish_laps'] in dag f1_data_pipeline_kafka_fetchAndPublish on 2024-06-16T00:00:00+00:00 ... 
[2024-06-17T14:14:59.627+0000] {external_task.py:258} INFO - Poking for tasks ['fetch_and_publish_laps'] in dag f1_data_pipeline_kafka_fetchAndPublish on 2024-06-16T00:00:00+00:00 ... 
[2024-06-17T14:15:29.637+0000] {external_task.py:258} INFO - Poking for tasks ['fetch_and_publish_laps'] in dag f1_data_pipeline_kafka_fetchAndPublish on 2024-06-16T00:00:00+00:00 ... 
[2024-06-17T14:15:59.648+0000] {external_task.py:258} INFO - Poking for tasks ['fetch_and_publish_laps'] in dag f1_data_pipeline_kafka_fetchAndPublish on 2024-06-16T00:00:00+00:00 ... 
[2024-06-17T14:16:29.658+0000] {external_task.py:258} INFO - Poking for tasks ['fetch_and_publish_laps'] in dag f1_data_pipeline_kafka_fetchAndPublish on 2024-06-16T00:00:00+00:00 ... 
[2024-06-17T14:16:59.666+0000] {external_task.py:258} INFO - Poking for tasks ['fetch_and_publish_laps'] in dag f1_data_pipeline_kafka_fetchAndPublish on 2024-06-16T00:00:00+00:00 ... 
[2024-06-17T14:17:29.673+0000] {external_task.py:258} INFO - Poking for tasks ['fetch_and_publish_laps'] in dag f1_data_pipeline_kafka_fetchAndPublish on 2024-06-16T00:00:00+00:00 ... 
[2024-06-17T14:17:59.680+0000] {external_task.py:258} INFO - Poking for tasks ['fetch_and_publish_laps'] in dag f1_data_pipeline_kafka_fetchAndPublish on 2024-06-16T00:00:00+00:00 ... 
[2024-06-17T14:17:59.690+0000] {base.py:294} INFO - Success criteria met. Exiting.
[2024-06-17T14:17:59.690+0000] {taskinstance.py:441} INFO - ::group::Post task execution logs
[2024-06-17T14:17:59.699+0000] {taskinstance.py:1206} INFO - Marking task as SUCCESS. dag_id=f1_data_pipeline_kafka_consumeAndLoad, task_id=wait_for_publish_dag, run_id=scheduled__2024-06-16T00:00:00+00:00, execution_date=20240616T000000, start_date=20240617T141359, end_date=20240617T141759
[2024-06-17T14:17:59.715+0000] {local_task_job_runner.py:240} INFO - Task exited with return code 0
[2024-06-17T14:17:59.748+0000] {taskinstance.py:3498} INFO - 4 downstream tasks scheduled from follow-on schedule check
[2024-06-17T14:17:59.750+0000] {local_task_job_runner.py:222} INFO - ::endgroup::
[2024-06-24T07:21:12.656+0000] {local_task_job_runner.py:120} INFO - ::group::Pre task execution logs
[2024-06-24T07:21:12.671+0000] {taskinstance.py:2076} INFO - Dependencies all met for dep_context=non-requeueable deps ti=<TaskInstance: f1_data_pipeline_kafka_consumeAndLoad.wait_for_publish_dag scheduled__2024-06-16T00:00:00+00:00 [queued]>
[2024-06-24T07:21:12.676+0000] {taskinstance.py:2076} INFO - Dependencies all met for dep_context=requeueable deps ti=<TaskInstance: f1_data_pipeline_kafka_consumeAndLoad.wait_for_publish_dag scheduled__2024-06-16T00:00:00+00:00 [queued]>
[2024-06-24T07:21:12.677+0000] {taskinstance.py:2306} INFO - Starting attempt 1 of 1
[2024-06-24T07:21:12.685+0000] {taskinstance.py:2330} INFO - Executing <Task(ExternalTaskSensor): wait_for_publish_dag> on 2024-06-16 00:00:00+00:00
[2024-06-24T07:21:12.690+0000] {warnings.py:110} WARNING - /home/***/.local/lib/python3.12/site-packages/***/task/task_runner/standard_task_runner.py:61: DeprecationWarning: This process (pid=65) is multi-threaded, use of fork() may lead to deadlocks in the child.
  pid = os.fork()

[2024-06-24T07:21:12.691+0000] {standard_task_runner.py:63} INFO - Started process 74 to run task
[2024-06-24T07:21:12.692+0000] {standard_task_runner.py:90} INFO - Running: ['***', 'tasks', 'run', 'f1_data_pipeline_kafka_consumeAndLoad', 'wait_for_publish_dag', 'scheduled__2024-06-16T00:00:00+00:00', '--job-id', '6', '--raw', '--subdir', 'DAGS_FOLDER/ergast_kafka_consume_and_load.py', '--cfg-path', '/tmp/tmp56zdwp4b']
[2024-06-24T07:21:12.693+0000] {standard_task_runner.py:91} INFO - Job 6: Subtask wait_for_publish_dag
[2024-06-24T07:21:12.730+0000] {task_command.py:426} INFO - Running <TaskInstance: f1_data_pipeline_kafka_consumeAndLoad.wait_for_publish_dag scheduled__2024-06-16T00:00:00+00:00 [running]> on host 4fefe0a35f4a
[2024-06-24T07:21:12.788+0000] {taskinstance.py:2648} INFO - Exporting env vars: AIRFLOW_CTX_DAG_OWNER='***' AIRFLOW_CTX_DAG_ID='f1_data_pipeline_kafka_consumeAndLoad' AIRFLOW_CTX_TASK_ID='wait_for_publish_dag' AIRFLOW_CTX_EXECUTION_DATE='2024-06-16T00:00:00+00:00' AIRFLOW_CTX_TRY_NUMBER='1' AIRFLOW_CTX_DAG_RUN_ID='scheduled__2024-06-16T00:00:00+00:00'
[2024-06-24T07:21:12.789+0000] {taskinstance.py:430} INFO - ::endgroup::
[2024-06-24T07:21:12.789+0000] {baseoperator.py:399} WARNING - ExternalTaskSensor.execute cannot be called outside TaskInstance!
[2024-06-24T07:21:12.790+0000] {external_task.py:258} INFO - Poking for tasks ['fetch_and_publish_laps'] in dag f1_data_pipeline_kafka_fetchAndPublish on 2024-06-16T00:00:00+00:00 ... 
[2024-06-24T07:21:12.790+0000] {warnings.py:110} WARNING - /home/***/.local/lib/python3.12/site-packages/***/utils/session.py:79: DeprecationWarning: This method is deprecated and will be removed in future.
  return func(*args, session=session, **kwargs)

[2024-06-24T07:21:42.797+0000] {external_task.py:258} INFO - Poking for tasks ['fetch_and_publish_laps'] in dag f1_data_pipeline_kafka_fetchAndPublish on 2024-06-16T00:00:00+00:00 ... 
[2024-06-24T07:22:12.808+0000] {external_task.py:258} INFO - Poking for tasks ['fetch_and_publish_laps'] in dag f1_data_pipeline_kafka_fetchAndPublish on 2024-06-16T00:00:00+00:00 ... 
[2024-06-24T07:22:42.818+0000] {external_task.py:258} INFO - Poking for tasks ['fetch_and_publish_laps'] in dag f1_data_pipeline_kafka_fetchAndPublish on 2024-06-16T00:00:00+00:00 ... 
[2024-06-24T07:23:12.827+0000] {external_task.py:258} INFO - Poking for tasks ['fetch_and_publish_laps'] in dag f1_data_pipeline_kafka_fetchAndPublish on 2024-06-16T00:00:00+00:00 ... 
[2024-06-24T07:23:42.837+0000] {external_task.py:258} INFO - Poking for tasks ['fetch_and_publish_laps'] in dag f1_data_pipeline_kafka_fetchAndPublish on 2024-06-16T00:00:00+00:00 ... 
[2024-06-24T07:24:12.847+0000] {external_task.py:258} INFO - Poking for tasks ['fetch_and_publish_laps'] in dag f1_data_pipeline_kafka_fetchAndPublish on 2024-06-16T00:00:00+00:00 ... 
[2024-06-24T07:24:42.853+0000] {external_task.py:258} INFO - Poking for tasks ['fetch_and_publish_laps'] in dag f1_data_pipeline_kafka_fetchAndPublish on 2024-06-16T00:00:00+00:00 ... 
[2024-06-24T07:25:12.860+0000] {external_task.py:258} INFO - Poking for tasks ['fetch_and_publish_laps'] in dag f1_data_pipeline_kafka_fetchAndPublish on 2024-06-16T00:00:00+00:00 ... 
[2024-06-24T07:25:42.871+0000] {external_task.py:258} INFO - Poking for tasks ['fetch_and_publish_laps'] in dag f1_data_pipeline_kafka_fetchAndPublish on 2024-06-16T00:00:00+00:00 ... 
[2024-06-24T07:25:42.881+0000] {base.py:294} INFO - Success criteria met. Exiting.
[2024-06-24T07:25:42.881+0000] {taskinstance.py:441} INFO - ::group::Post task execution logs
[2024-06-24T07:25:42.892+0000] {taskinstance.py:1206} INFO - Marking task as SUCCESS. dag_id=f1_data_pipeline_kafka_consumeAndLoad, task_id=wait_for_publish_dag, run_id=scheduled__2024-06-16T00:00:00+00:00, execution_date=20240616T000000, start_date=20240624T072112, end_date=20240624T072542
[2024-06-24T07:25:42.932+0000] {local_task_job_runner.py:240} INFO - Task exited with return code 0
[2024-06-24T07:25:42.965+0000] {taskinstance.py:3498} INFO - 4 downstream tasks scheduled from follow-on schedule check
[2024-06-24T07:25:42.966+0000] {local_task_job_runner.py:222} INFO - ::endgroup::
