[2024-05-31T08:50:32.374+0000] {local_task_job_runner.py:120} INFO - ::group::Pre task execution logs
[2024-05-31T08:50:32.387+0000] {taskinstance.py:2076} INFO - Dependencies all met for dep_context=non-requeueable deps ti=<TaskInstance: f1_data_pipeline_taskflow.constructorDim_transform manual__2024-05-31T08:50:00.780676+00:00 [queued]>
[2024-05-31T08:50:32.392+0000] {taskinstance.py:2076} INFO - Dependencies all met for dep_context=requeueable deps ti=<TaskInstance: f1_data_pipeline_taskflow.constructorDim_transform manual__2024-05-31T08:50:00.780676+00:00 [queued]>
[2024-05-31T08:50:32.392+0000] {taskinstance.py:2306} INFO - Starting attempt 1 of 1
[2024-05-31T08:50:32.400+0000] {taskinstance.py:2330} INFO - Executing <Task(_PythonDecoratedOperator): constructorDim_transform> on 2024-05-31 08:50:00.780676+00:00
[2024-05-31T08:50:32.404+0000] {warnings.py:110} WARNING - /home/***/.local/lib/python3.12/site-packages/***/task/task_runner/standard_task_runner.py:61: DeprecationWarning: This process (pid=192) is multi-threaded, use of fork() may lead to deadlocks in the child.
  pid = os.fork()

[2024-05-31T08:50:32.406+0000] {standard_task_runner.py:63} INFO - Started process 196 to run task
[2024-05-31T08:50:32.405+0000] {standard_task_runner.py:90} INFO - Running: ['***', 'tasks', 'run', 'f1_data_pipeline_taskflow', 'constructorDim_transform', 'manual__2024-05-31T08:50:00.780676+00:00', '--job-id', '8', '--raw', '--subdir', 'DAGS_FOLDER/etl_dag.py', '--cfg-path', '/tmp/tmpzn37bnao']
[2024-05-31T08:50:32.407+0000] {standard_task_runner.py:91} INFO - Job 8: Subtask constructorDim_transform
[2024-05-31T08:50:32.435+0000] {task_command.py:426} INFO - Running <TaskInstance: f1_data_pipeline_taskflow.constructorDim_transform manual__2024-05-31T08:50:00.780676+00:00 [running]> on host 914469d789a5
[2024-05-31T08:50:33.074+0000] {taskinstance.py:2648} INFO - Exporting env vars: AIRFLOW_CTX_DAG_OWNER='***' AIRFLOW_CTX_DAG_ID='f1_data_pipeline_taskflow' AIRFLOW_CTX_TASK_ID='constructorDim_transform' AIRFLOW_CTX_EXECUTION_DATE='2024-05-31T08:50:00.780676+00:00' AIRFLOW_CTX_TRY_NUMBER='1' AIRFLOW_CTX_DAG_RUN_ID='manual__2024-05-31T08:50:00.780676+00:00'
[2024-05-31T08:50:33.075+0000] {taskinstance.py:430} INFO - ::endgroup::
[2024-05-31T08:50:33.234+0000] {python.py:237} INFO - Done. Returned value was:         constructorId  ...                                              url
0                   1  ...       http://en.wikipedia.org/wiki/Jenson_Button
116                 1  ...      http://en.wikipedia.org/wiki/Lewis_Hamilton
3392                1  ...       http://en.wikipedia.org/wiki/Jenson_Button
3566                1  ...   http://en.wikipedia.org/wiki/Sergio_P%C3%A9rez
7252                1  ...       http://en.wikipedia.org/wiki/Jenson_Button
...               ...  ...                                              ...
442401            209  ...        http://en.wikipedia.org/wiki/Will_Stevens
442485            209  ...       http://en.wikipedia.org/wiki/Roberto_Merhi
442957            209  ...        http://en.wikipedia.org/wiki/Rio_Haryanto
461496             15  ...  http://en.wikipedia.org/wiki/Antonio_Giovinazzi
495951              3  ...       http://en.wikipedia.org/wiki/Paul_di_Resta

[146 rows x 9 columns]
[2024-05-31T08:50:33.245+0000] {taskinstance.py:441} INFO - ::group::Post task execution logs
[2024-05-31T08:50:33.262+0000] {taskinstance.py:1206} INFO - Marking task as SUCCESS. dag_id=f1_data_pipeline_taskflow, task_id=constructorDim_transform, run_id=manual__2024-05-31T08:50:00.780676+00:00, execution_date=20240531T085000, start_date=20240531T085032, end_date=20240531T085033
[2024-05-31T08:50:33.302+0000] {local_task_job_runner.py:240} INFO - Task exited with return code 0
[2024-05-31T08:50:33.313+0000] {taskinstance.py:3498} INFO - 0 downstream tasks scheduled from follow-on schedule check
[2024-05-31T08:50:33.314+0000] {local_task_job_runner.py:222} INFO - ::endgroup::
